ARM GAS  C:\Users\yqh\AppData\Local\Temp\ccCXlbeK.s 			page 1


   1              		.syntax unified
   2              		.cpu cortex-m3
   3              		.fpu softvfp
   4              		.eabi_attribute 20, 1
   5              		.eabi_attribute 21, 1
   6              		.eabi_attribute 23, 3
   7              		.eabi_attribute 24, 1
   8              		.eabi_attribute 25, 1
   9              		.eabi_attribute 26, 1
  10              		.eabi_attribute 30, 4
  11              		.eabi_attribute 34, 1
  12              		.eabi_attribute 18, 4
  13              		.thumb
  14              		.file	"cyutils.c"
  15              		.text
  16              	.Ltext0:
  17              		.cfi_sections	.debug_frame
  18              		.section	.text.CySetReg24,"ax",%progbits
  19              		.align	1
  20              		.global	CySetReg24
  21              		.thumb
  22              		.thumb_func
  23              		.type	CySetReg24, %function
  24              	CySetReg24:
  25              	.LFB0:
  26              		.file 1 "Generated_Source\\PSoC5\\cyutils.c"
   1:Generated_Source\PSoC5/cyutils.c **** /***************************************************************************//**
   2:Generated_Source\PSoC5/cyutils.c **** * \file cyutils.c
   3:Generated_Source\PSoC5/cyutils.c **** * \version 5.50
   4:Generated_Source\PSoC5/cyutils.c **** *
   5:Generated_Source\PSoC5/cyutils.c **** * \brief Provides a function to handle 24-bit value writes.
   6:Generated_Source\PSoC5/cyutils.c **** *
   7:Generated_Source\PSoC5/cyutils.c **** ********************************************************************************
   8:Generated_Source\PSoC5/cyutils.c **** * \copyright
   9:Generated_Source\PSoC5/cyutils.c **** * Copyright 2008-2016, Cypress Semiconductor Corporation.  All rights reserved.
  10:Generated_Source\PSoC5/cyutils.c **** * You may use this file only in accordance with the license, terms, conditions,
  11:Generated_Source\PSoC5/cyutils.c **** * disclaimers, and limitations in the end user license agreement accompanying
  12:Generated_Source\PSoC5/cyutils.c **** * the software package with which this file was provided.
  13:Generated_Source\PSoC5/cyutils.c **** *******************************************************************************/
  14:Generated_Source\PSoC5/cyutils.c **** 
  15:Generated_Source\PSoC5/cyutils.c **** #include "cytypes.h"
  16:Generated_Source\PSoC5/cyutils.c **** 
  17:Generated_Source\PSoC5/cyutils.c **** #if (!CY_PSOC3)
  18:Generated_Source\PSoC5/cyutils.c **** 
  19:Generated_Source\PSoC5/cyutils.c ****     /***************************************************************************
  20:Generated_Source\PSoC5/cyutils.c ****     * Function Name: CySetReg24
  21:Generated_Source\PSoC5/cyutils.c ****     ************************************************************************//**
  22:Generated_Source\PSoC5/cyutils.c ****     *
  23:Generated_Source\PSoC5/cyutils.c ****     * Writes a 24-bit value to the specified register.
  24:Generated_Source\PSoC5/cyutils.c ****     *
  25:Generated_Source\PSoC5/cyutils.c ****     * \param add The address where data must be written.
  26:Generated_Source\PSoC5/cyutils.c ****     * \param value The data that must be written.
  27:Generated_Source\PSoC5/cyutils.c ****     *
  28:Generated_Source\PSoC5/cyutils.c ****     * Reentrant:
  29:Generated_Source\PSoC5/cyutils.c ****     *  No
  30:Generated_Source\PSoC5/cyutils.c ****     *
  31:Generated_Source\PSoC5/cyutils.c ****     ***************************************************************************/
ARM GAS  C:\Users\yqh\AppData\Local\Temp\ccCXlbeK.s 			page 2


  32:Generated_Source\PSoC5/cyutils.c ****     void CySetReg24(uint32 volatile * addr, uint32 value)
  33:Generated_Source\PSoC5/cyutils.c ****     {
  27              		.loc 1 33 0
  28              		.cfi_startproc
  29              		@ args = 0, pretend = 0, frame = 0
  30              		@ frame_needed = 0, uses_anonymous_args = 0
  31              		@ link register save eliminated.
  32              	.LVL0:
  34:Generated_Source\PSoC5/cyutils.c ****         uint8 volatile *tmpAddr;
  35:Generated_Source\PSoC5/cyutils.c **** 
  36:Generated_Source\PSoC5/cyutils.c ****         tmpAddr = (uint8 volatile *) addr;
  37:Generated_Source\PSoC5/cyutils.c **** 
  38:Generated_Source\PSoC5/cyutils.c ****         tmpAddr[0u] = (uint8) value;
  33              		.loc 1 38 0
  34 0000 CBB2     		uxtb	r3, r1
  35 0002 0370     		strb	r3, [r0]
  39:Generated_Source\PSoC5/cyutils.c ****         tmpAddr[1u] = (uint8) (value >> 8u);
  36              		.loc 1 39 0
  37 0004 C1F30723 		ubfx	r3, r1, #8, #8
  40:Generated_Source\PSoC5/cyutils.c ****         tmpAddr[2u] = (uint8) (value >> 16u);
  38              		.loc 1 40 0
  39 0008 C1F30741 		ubfx	r1, r1, #16, #8
  40              	.LVL1:
  39:Generated_Source\PSoC5/cyutils.c ****         tmpAddr[1u] = (uint8) (value >> 8u);
  41              		.loc 1 39 0
  42 000c 4370     		strb	r3, [r0, #1]
  43              		.loc 1 40 0
  44 000e 8170     		strb	r1, [r0, #2]
  45 0010 7047     		bx	lr
  46              		.cfi_endproc
  47              	.LFE0:
  48              		.size	CySetReg24, .-CySetReg24
  49              		.text
  50              	.Letext0:
  51              		.file 2 "Generated_Source\\PSoC5\\cytypes.h"
  52              		.section	.debug_info,"",%progbits
  53              	.Ldebug_info0:
  54 0000 EA000000 		.4byte	0xea
  55 0004 0400     		.2byte	0x4
  56 0006 00000000 		.4byte	.Ldebug_abbrev0
  57 000a 04       		.byte	0x4
  58 000b 01       		.uleb128 0x1
  59 000c 14010000 		.4byte	.LASF16
  60 0010 01       		.byte	0x1
  61 0011 A4000000 		.4byte	.LASF17
  62 0015 00000000 		.4byte	.LASF18
  63 0019 00000000 		.4byte	.Ldebug_ranges0+0
  64 001d 00000000 		.4byte	0
  65 0021 00000000 		.4byte	.Ldebug_line0
  66 0025 02       		.uleb128 0x2
  67 0026 01       		.byte	0x1
  68 0027 06       		.byte	0x6
  69 0028 AB010000 		.4byte	.LASF0
  70 002c 02       		.uleb128 0x2
  71 002d 01       		.byte	0x1
  72 002e 08       		.byte	0x8
  73 002f 69000000 		.4byte	.LASF1
ARM GAS  C:\Users\yqh\AppData\Local\Temp\ccCXlbeK.s 			page 3


  74 0033 02       		.uleb128 0x2
  75 0034 02       		.byte	0x2
  76 0035 05       		.byte	0x5
  77 0036 0A010000 		.4byte	.LASF2
  78 003a 02       		.uleb128 0x2
  79 003b 02       		.byte	0x2
  80 003c 07       		.byte	0x7
  81 003d 91000000 		.4byte	.LASF3
  82 0041 02       		.uleb128 0x2
  83 0042 04       		.byte	0x4
  84 0043 05       		.byte	0x5
  85 0044 A2010000 		.4byte	.LASF4
  86 0048 02       		.uleb128 0x2
  87 0049 04       		.byte	0x4
  88 004a 07       		.byte	0x7
  89 004b 7F000000 		.4byte	.LASF5
  90 004f 02       		.uleb128 0x2
  91 0050 08       		.byte	0x8
  92 0051 05       		.byte	0x5
  93 0052 F7000000 		.4byte	.LASF6
  94 0056 02       		.uleb128 0x2
  95 0057 08       		.byte	0x8
  96 0058 07       		.byte	0x7
  97 0059 E0000000 		.4byte	.LASF7
  98 005d 03       		.uleb128 0x3
  99 005e 04       		.byte	0x4
 100 005f 05       		.byte	0x5
 101 0060 696E7400 		.ascii	"int\000"
 102 0064 02       		.uleb128 0x2
 103 0065 04       		.byte	0x4
 104 0066 07       		.byte	0x7
 105 0067 D3000000 		.4byte	.LASF8
 106 006b 04       		.uleb128 0x4
 107 006c 63000000 		.4byte	.LASF9
 108 0070 02       		.byte	0x2
 109 0071 9201     		.2byte	0x192
 110 0073 2C000000 		.4byte	0x2c
 111 0077 04       		.uleb128 0x4
 112 0078 CC000000 		.4byte	.LASF10
 113 007c 02       		.byte	0x2
 114 007d 9401     		.2byte	0x194
 115 007f 48000000 		.4byte	0x48
 116 0083 02       		.uleb128 0x2
 117 0084 04       		.byte	0x4
 118 0085 04       		.byte	0x4
 119 0086 5D000000 		.4byte	.LASF11
 120 008a 02       		.uleb128 0x2
 121 008b 08       		.byte	0x8
 122 008c 04       		.byte	0x4
 123 008d C5000000 		.4byte	.LASF12
 124 0091 02       		.uleb128 0x2
 125 0092 01       		.byte	0x1
 126 0093 08       		.byte	0x8
 127 0094 05010000 		.4byte	.LASF13
 128 0098 05       		.uleb128 0x5
 129 0099 6B000000 		.4byte	0x6b
 130 009d 05       		.uleb128 0x5
ARM GAS  C:\Users\yqh\AppData\Local\Temp\ccCXlbeK.s 			page 4


 131 009e 77000000 		.4byte	0x77
 132 00a2 06       		.uleb128 0x6
 133 00a3 4D000000 		.4byte	.LASF19
 134 00a7 01       		.byte	0x1
 135 00a8 20       		.byte	0x20
 136 00a9 00000000 		.4byte	.LFB0
 137 00ad 12000000 		.4byte	.LFE0-.LFB0
 138 00b1 01       		.uleb128 0x1
 139 00b2 9C       		.byte	0x9c
 140 00b3 E1000000 		.4byte	0xe1
 141 00b7 07       		.uleb128 0x7
 142 00b8 58000000 		.4byte	.LASF14
 143 00bc 01       		.byte	0x1
 144 00bd 20       		.byte	0x20
 145 00be E1000000 		.4byte	0xe1
 146 00c2 01       		.uleb128 0x1
 147 00c3 50       		.byte	0x50
 148 00c4 08       		.uleb128 0x8
 149 00c5 47000000 		.4byte	.LASF15
 150 00c9 01       		.byte	0x1
 151 00ca 20       		.byte	0x20
 152 00cb 77000000 		.4byte	0x77
 153 00cf 00000000 		.4byte	.LLST0
 154 00d3 09       		.uleb128 0x9
 155 00d4 77000000 		.4byte	.LASF20
 156 00d8 01       		.byte	0x1
 157 00d9 22       		.byte	0x22
 158 00da E7000000 		.4byte	0xe7
 159 00de 01       		.uleb128 0x1
 160 00df 50       		.byte	0x50
 161 00e0 00       		.byte	0
 162 00e1 0A       		.uleb128 0xa
 163 00e2 04       		.byte	0x4
 164 00e3 9D000000 		.4byte	0x9d
 165 00e7 0A       		.uleb128 0xa
 166 00e8 04       		.byte	0x4
 167 00e9 98000000 		.4byte	0x98
 168 00ed 00       		.byte	0
 169              		.section	.debug_abbrev,"",%progbits
 170              	.Ldebug_abbrev0:
 171 0000 01       		.uleb128 0x1
 172 0001 11       		.uleb128 0x11
 173 0002 01       		.byte	0x1
 174 0003 25       		.uleb128 0x25
 175 0004 0E       		.uleb128 0xe
 176 0005 13       		.uleb128 0x13
 177 0006 0B       		.uleb128 0xb
 178 0007 03       		.uleb128 0x3
 179 0008 0E       		.uleb128 0xe
 180 0009 1B       		.uleb128 0x1b
 181 000a 0E       		.uleb128 0xe
 182 000b 55       		.uleb128 0x55
 183 000c 17       		.uleb128 0x17
 184 000d 11       		.uleb128 0x11
 185 000e 01       		.uleb128 0x1
 186 000f 10       		.uleb128 0x10
 187 0010 17       		.uleb128 0x17
ARM GAS  C:\Users\yqh\AppData\Local\Temp\ccCXlbeK.s 			page 5


 188 0011 00       		.byte	0
 189 0012 00       		.byte	0
 190 0013 02       		.uleb128 0x2
 191 0014 24       		.uleb128 0x24
 192 0015 00       		.byte	0
 193 0016 0B       		.uleb128 0xb
 194 0017 0B       		.uleb128 0xb
 195 0018 3E       		.uleb128 0x3e
 196 0019 0B       		.uleb128 0xb
 197 001a 03       		.uleb128 0x3
 198 001b 0E       		.uleb128 0xe
 199 001c 00       		.byte	0
 200 001d 00       		.byte	0
 201 001e 03       		.uleb128 0x3
 202 001f 24       		.uleb128 0x24
 203 0020 00       		.byte	0
 204 0021 0B       		.uleb128 0xb
 205 0022 0B       		.uleb128 0xb
 206 0023 3E       		.uleb128 0x3e
 207 0024 0B       		.uleb128 0xb
 208 0025 03       		.uleb128 0x3
 209 0026 08       		.uleb128 0x8
 210 0027 00       		.byte	0
 211 0028 00       		.byte	0
 212 0029 04       		.uleb128 0x4
 213 002a 16       		.uleb128 0x16
 214 002b 00       		.byte	0
 215 002c 03       		.uleb128 0x3
 216 002d 0E       		.uleb128 0xe
 217 002e 3A       		.uleb128 0x3a
 218 002f 0B       		.uleb128 0xb
 219 0030 3B       		.uleb128 0x3b
 220 0031 05       		.uleb128 0x5
 221 0032 49       		.uleb128 0x49
 222 0033 13       		.uleb128 0x13
 223 0034 00       		.byte	0
 224 0035 00       		.byte	0
 225 0036 05       		.uleb128 0x5
 226 0037 35       		.uleb128 0x35
 227 0038 00       		.byte	0
 228 0039 49       		.uleb128 0x49
 229 003a 13       		.uleb128 0x13
 230 003b 00       		.byte	0
 231 003c 00       		.byte	0
 232 003d 06       		.uleb128 0x6
 233 003e 2E       		.uleb128 0x2e
 234 003f 01       		.byte	0x1
 235 0040 3F       		.uleb128 0x3f
 236 0041 19       		.uleb128 0x19
 237 0042 03       		.uleb128 0x3
 238 0043 0E       		.uleb128 0xe
 239 0044 3A       		.uleb128 0x3a
 240 0045 0B       		.uleb128 0xb
 241 0046 3B       		.uleb128 0x3b
 242 0047 0B       		.uleb128 0xb
 243 0048 27       		.uleb128 0x27
 244 0049 19       		.uleb128 0x19
ARM GAS  C:\Users\yqh\AppData\Local\Temp\ccCXlbeK.s 			page 6


 245 004a 11       		.uleb128 0x11
 246 004b 01       		.uleb128 0x1
 247 004c 12       		.uleb128 0x12
 248 004d 06       		.uleb128 0x6
 249 004e 40       		.uleb128 0x40
 250 004f 18       		.uleb128 0x18
 251 0050 9742     		.uleb128 0x2117
 252 0052 19       		.uleb128 0x19
 253 0053 01       		.uleb128 0x1
 254 0054 13       		.uleb128 0x13
 255 0055 00       		.byte	0
 256 0056 00       		.byte	0
 257 0057 07       		.uleb128 0x7
 258 0058 05       		.uleb128 0x5
 259 0059 00       		.byte	0
 260 005a 03       		.uleb128 0x3
 261 005b 0E       		.uleb128 0xe
 262 005c 3A       		.uleb128 0x3a
 263 005d 0B       		.uleb128 0xb
 264 005e 3B       		.uleb128 0x3b
 265 005f 0B       		.uleb128 0xb
 266 0060 49       		.uleb128 0x49
 267 0061 13       		.uleb128 0x13
 268 0062 02       		.uleb128 0x2
 269 0063 18       		.uleb128 0x18
 270 0064 00       		.byte	0
 271 0065 00       		.byte	0
 272 0066 08       		.uleb128 0x8
 273 0067 05       		.uleb128 0x5
 274 0068 00       		.byte	0
 275 0069 03       		.uleb128 0x3
 276 006a 0E       		.uleb128 0xe
 277 006b 3A       		.uleb128 0x3a
 278 006c 0B       		.uleb128 0xb
 279 006d 3B       		.uleb128 0x3b
 280 006e 0B       		.uleb128 0xb
 281 006f 49       		.uleb128 0x49
 282 0070 13       		.uleb128 0x13
 283 0071 02       		.uleb128 0x2
 284 0072 17       		.uleb128 0x17
 285 0073 00       		.byte	0
 286 0074 00       		.byte	0
 287 0075 09       		.uleb128 0x9
 288 0076 34       		.uleb128 0x34
 289 0077 00       		.byte	0
 290 0078 03       		.uleb128 0x3
 291 0079 0E       		.uleb128 0xe
 292 007a 3A       		.uleb128 0x3a
 293 007b 0B       		.uleb128 0xb
 294 007c 3B       		.uleb128 0x3b
 295 007d 0B       		.uleb128 0xb
 296 007e 49       		.uleb128 0x49
 297 007f 13       		.uleb128 0x13
 298 0080 02       		.uleb128 0x2
 299 0081 18       		.uleb128 0x18
 300 0082 00       		.byte	0
 301 0083 00       		.byte	0
ARM GAS  C:\Users\yqh\AppData\Local\Temp\ccCXlbeK.s 			page 7


 302 0084 0A       		.uleb128 0xa
 303 0085 0F       		.uleb128 0xf
 304 0086 00       		.byte	0
 305 0087 0B       		.uleb128 0xb
 306 0088 0B       		.uleb128 0xb
 307 0089 49       		.uleb128 0x49
 308 008a 13       		.uleb128 0x13
 309 008b 00       		.byte	0
 310 008c 00       		.byte	0
 311 008d 00       		.byte	0
 312              		.section	.debug_loc,"",%progbits
 313              	.Ldebug_loc0:
 314              	.LLST0:
 315 0000 00000000 		.4byte	.LVL0
 316 0004 0C000000 		.4byte	.LVL1
 317 0008 0100     		.2byte	0x1
 318 000a 51       		.byte	0x51
 319 000b 0C000000 		.4byte	.LVL1
 320 000f 12000000 		.4byte	.LFE0
 321 0013 0400     		.2byte	0x4
 322 0015 F3       		.byte	0xf3
 323 0016 01       		.uleb128 0x1
 324 0017 51       		.byte	0x51
 325 0018 9F       		.byte	0x9f
 326 0019 00000000 		.4byte	0
 327 001d 00000000 		.4byte	0
 328              		.section	.debug_aranges,"",%progbits
 329 0000 1C000000 		.4byte	0x1c
 330 0004 0200     		.2byte	0x2
 331 0006 00000000 		.4byte	.Ldebug_info0
 332 000a 04       		.byte	0x4
 333 000b 00       		.byte	0
 334 000c 0000     		.2byte	0
 335 000e 0000     		.2byte	0
 336 0010 00000000 		.4byte	.LFB0
 337 0014 12000000 		.4byte	.LFE0-.LFB0
 338 0018 00000000 		.4byte	0
 339 001c 00000000 		.4byte	0
 340              		.section	.debug_ranges,"",%progbits
 341              	.Ldebug_ranges0:
 342 0000 00000000 		.4byte	.LFB0
 343 0004 12000000 		.4byte	.LFE0
 344 0008 00000000 		.4byte	0
 345 000c 00000000 		.4byte	0
 346              		.section	.debug_line,"",%progbits
 347              	.Ldebug_line0:
 348 0000 5E000000 		.section	.debug_str,"MS",%progbits,1
 348      02004400 
 348      00000201 
 348      FB0E0D00 
 348      01010101 
 349              	.LASF18:
 350 0000 433A5C55 		.ascii	"C:\\Users\\yqh\\Documents\\works\\NanoNXT\\Pass_TOC"
 350      73657273 
 350      5C797168 
 350      5C446F63 
 350      756D656E 
ARM GAS  C:\Users\yqh\AppData\Local\Temp\ccCXlbeK.s 			page 8


 351 002d 5C352E30 		.ascii	"\\5.0.3\\nanoNxt_ICM3.cydsn\000"
 351      2E335C6E 
 351      616E6F4E 
 351      78745F49 
 351      434D332E 
 352              	.LASF15:
 353 0047 76616C75 		.ascii	"value\000"
 353      6500
 354              	.LASF19:
 355 004d 43795365 		.ascii	"CySetReg24\000"
 355      74526567 
 355      323400
 356              	.LASF14:
 357 0058 61646472 		.ascii	"addr\000"
 357      00
 358              	.LASF11:
 359 005d 666C6F61 		.ascii	"float\000"
 359      7400
 360              	.LASF9:
 361 0063 75696E74 		.ascii	"uint8\000"
 361      3800
 362              	.LASF1:
 363 0069 756E7369 		.ascii	"unsigned char\000"
 363      676E6564 
 363      20636861 
 363      7200
 364              	.LASF20:
 365 0077 746D7041 		.ascii	"tmpAddr\000"
 365      64647200 
 366              	.LASF5:
 367 007f 6C6F6E67 		.ascii	"long unsigned int\000"
 367      20756E73 
 367      69676E65 
 367      6420696E 
 367      7400
 368              	.LASF3:
 369 0091 73686F72 		.ascii	"short unsigned int\000"
 369      7420756E 
 369      7369676E 
 369      65642069 
 369      6E7400
 370              	.LASF17:
 371 00a4 47656E65 		.ascii	"Generated_Source\\PSoC5\\cyutils.c\000"
 371      72617465 
 371      645F536F 
 371      75726365 
 371      5C50536F 
 372              	.LASF12:
 373 00c5 646F7562 		.ascii	"double\000"
 373      6C6500
 374              	.LASF10:
 375 00cc 75696E74 		.ascii	"uint32\000"
 375      333200
 376              	.LASF8:
 377 00d3 756E7369 		.ascii	"unsigned int\000"
 377      676E6564 
 377      20696E74 
ARM GAS  C:\Users\yqh\AppData\Local\Temp\ccCXlbeK.s 			page 9


 377      00
 378              	.LASF7:
 379 00e0 6C6F6E67 		.ascii	"long long unsigned int\000"
 379      206C6F6E 
 379      6720756E 
 379      7369676E 
 379      65642069 
 380              	.LASF6:
 381 00f7 6C6F6E67 		.ascii	"long long int\000"
 381      206C6F6E 
 381      6720696E 
 381      7400
 382              	.LASF13:
 383 0105 63686172 		.ascii	"char\000"
 383      00
 384              	.LASF2:
 385 010a 73686F72 		.ascii	"short int\000"
 385      7420696E 
 385      7400
 386              	.LASF16:
 387 0114 474E5520 		.ascii	"GNU C 4.9.3 20150303 (release) [ARM/embedded-4_9-br"
 387      4320342E 
 387      392E3320 
 387      32303135 
 387      30333033 
 388 0147 616E6368 		.ascii	"anch revision 221220] -mcpu=cortex-m3 -mthumb -g -O"
 388      20726576 
 388      6973696F 
 388      6E203232 
 388      31323230 
 389 017a 73202D66 		.ascii	"s -ffunction-sections -ffat-lto-objects\000"
 389      66756E63 
 389      74696F6E 
 389      2D736563 
 389      74696F6E 
 390              	.LASF4:
 391 01a2 6C6F6E67 		.ascii	"long int\000"
 391      20696E74 
 391      00
 392              	.LASF0:
 393 01ab 7369676E 		.ascii	"signed char\000"
 393      65642063 
 393      68617200 
 394              		.ident	"GCC: (GNU Tools for ARM Embedded Processors) 4.9.3 20150303 (release) [ARM/embedded-4_9-br
