ARM GAS  C:\Users\yqh\AppData\Local\Temp\ccgpWESE.s 			page 1


   1              		.syntax unified
   2              		.cpu cortex-m3
   3              		.fpu softvfp
   4              		.eabi_attribute 20, 1
   5              		.eabi_attribute 21, 1
   6              		.eabi_attribute 23, 3
   7              		.eabi_attribute 24, 1
   8              		.eabi_attribute 25, 1
   9              		.eabi_attribute 26, 1
  10              		.eabi_attribute 30, 4
  11              		.eabi_attribute 34, 1
  12              		.eabi_attribute 18, 4
  13              		.thumb
  14              		.file	"isr_50us.c"
  15              		.text
  16              	.Ltext0:
  17              		.cfi_sections	.debug_frame
  18              		.section	.text.isr_50us_Interrupt,"ax",%progbits
  19              		.align	1
  20              		.global	isr_50us_Interrupt
  21              		.thumb
  22              		.thumb_func
  23              		.type	isr_50us_Interrupt, %function
  24              	isr_50us_Interrupt:
  25              	.LFB3:
  26              		.file 1 "Generated_Source\\PSoC5\\isr_50us.c"
   1:Generated_Source\PSoC5/isr_50us.c **** /*******************************************************************************
   2:Generated_Source\PSoC5/isr_50us.c **** * File Name: isr_50us.c  
   3:Generated_Source\PSoC5/isr_50us.c **** * Version 1.70
   4:Generated_Source\PSoC5/isr_50us.c **** *
   5:Generated_Source\PSoC5/isr_50us.c **** *  Description:
   6:Generated_Source\PSoC5/isr_50us.c **** *   API for controlling the state of an interrupt.
   7:Generated_Source\PSoC5/isr_50us.c **** *
   8:Generated_Source\PSoC5/isr_50us.c **** *
   9:Generated_Source\PSoC5/isr_50us.c **** *  Note:
  10:Generated_Source\PSoC5/isr_50us.c **** *
  11:Generated_Source\PSoC5/isr_50us.c **** ********************************************************************************
  12:Generated_Source\PSoC5/isr_50us.c **** * Copyright 2008-2015, Cypress Semiconductor Corporation.  All rights reserved.
  13:Generated_Source\PSoC5/isr_50us.c **** * You may use this file only in accordance with the license, terms, conditions, 
  14:Generated_Source\PSoC5/isr_50us.c **** * disclaimers, and limitations in the end user license agreement accompanying 
  15:Generated_Source\PSoC5/isr_50us.c **** * the software package with which this file was provided.
  16:Generated_Source\PSoC5/isr_50us.c **** *******************************************************************************/
  17:Generated_Source\PSoC5/isr_50us.c **** 
  18:Generated_Source\PSoC5/isr_50us.c **** 
  19:Generated_Source\PSoC5/isr_50us.c **** #include <cydevice_trm.h>
  20:Generated_Source\PSoC5/isr_50us.c **** #include <CyLib.h>
  21:Generated_Source\PSoC5/isr_50us.c **** #include <isr_50us.h>
  22:Generated_Source\PSoC5/isr_50us.c **** 
  23:Generated_Source\PSoC5/isr_50us.c **** 
  24:Generated_Source\PSoC5/isr_50us.c **** #if !defined(isr_50us__REMOVED) /* Check for removal by optimization */
  25:Generated_Source\PSoC5/isr_50us.c **** 
  26:Generated_Source\PSoC5/isr_50us.c **** /*******************************************************************************
  27:Generated_Source\PSoC5/isr_50us.c **** *  Place your includes, defines and code here 
  28:Generated_Source\PSoC5/isr_50us.c **** ********************************************************************************/
  29:Generated_Source\PSoC5/isr_50us.c **** /* `#START isr_50us_intc` */
  30:Generated_Source\PSoC5/isr_50us.c **** 
  31:Generated_Source\PSoC5/isr_50us.c **** /* `#END` */
ARM GAS  C:\Users\yqh\AppData\Local\Temp\ccgpWESE.s 			page 2


  32:Generated_Source\PSoC5/isr_50us.c **** 
  33:Generated_Source\PSoC5/isr_50us.c **** #ifndef CYINT_IRQ_BASE
  34:Generated_Source\PSoC5/isr_50us.c **** #define CYINT_IRQ_BASE      16
  35:Generated_Source\PSoC5/isr_50us.c **** #endif /* CYINT_IRQ_BASE */
  36:Generated_Source\PSoC5/isr_50us.c **** #ifndef CYINT_VECT_TABLE
  37:Generated_Source\PSoC5/isr_50us.c **** #define CYINT_VECT_TABLE    ((cyisraddress **) CYREG_NVIC_VECT_OFFSET)
  38:Generated_Source\PSoC5/isr_50us.c **** #endif /* CYINT_VECT_TABLE */
  39:Generated_Source\PSoC5/isr_50us.c **** 
  40:Generated_Source\PSoC5/isr_50us.c **** /* Declared in startup, used to set unused interrupts to. */
  41:Generated_Source\PSoC5/isr_50us.c **** CY_ISR_PROTO(IntDefaultHandler);
  42:Generated_Source\PSoC5/isr_50us.c **** 
  43:Generated_Source\PSoC5/isr_50us.c **** 
  44:Generated_Source\PSoC5/isr_50us.c **** /*******************************************************************************
  45:Generated_Source\PSoC5/isr_50us.c **** * Function Name: isr_50us_Start
  46:Generated_Source\PSoC5/isr_50us.c **** ********************************************************************************
  47:Generated_Source\PSoC5/isr_50us.c **** *
  48:Generated_Source\PSoC5/isr_50us.c **** * Summary:
  49:Generated_Source\PSoC5/isr_50us.c **** *  Set up the interrupt and enable it. This function disables the interrupt, 
  50:Generated_Source\PSoC5/isr_50us.c **** *  sets the default interrupt vector, sets the priority from the value in the
  51:Generated_Source\PSoC5/isr_50us.c **** *  Design Wide Resources Interrupt Editor, then enables the interrupt to the 
  52:Generated_Source\PSoC5/isr_50us.c **** *  interrupt controller.
  53:Generated_Source\PSoC5/isr_50us.c **** *
  54:Generated_Source\PSoC5/isr_50us.c **** * Parameters:  
  55:Generated_Source\PSoC5/isr_50us.c **** *   None
  56:Generated_Source\PSoC5/isr_50us.c **** *
  57:Generated_Source\PSoC5/isr_50us.c **** * Return:
  58:Generated_Source\PSoC5/isr_50us.c **** *   None
  59:Generated_Source\PSoC5/isr_50us.c **** *
  60:Generated_Source\PSoC5/isr_50us.c **** *******************************************************************************/
  61:Generated_Source\PSoC5/isr_50us.c **** void isr_50us_Start(void)
  62:Generated_Source\PSoC5/isr_50us.c **** {
  63:Generated_Source\PSoC5/isr_50us.c ****     /* For all we know the interrupt is active. */
  64:Generated_Source\PSoC5/isr_50us.c ****     isr_50us_Disable();
  65:Generated_Source\PSoC5/isr_50us.c **** 
  66:Generated_Source\PSoC5/isr_50us.c ****     /* Set the ISR to point to the isr_50us Interrupt. */
  67:Generated_Source\PSoC5/isr_50us.c ****     isr_50us_SetVector(&isr_50us_Interrupt);
  68:Generated_Source\PSoC5/isr_50us.c **** 
  69:Generated_Source\PSoC5/isr_50us.c ****     /* Set the priority. */
  70:Generated_Source\PSoC5/isr_50us.c ****     isr_50us_SetPriority((uint8)isr_50us_INTC_PRIOR_NUMBER);
  71:Generated_Source\PSoC5/isr_50us.c **** 
  72:Generated_Source\PSoC5/isr_50us.c ****     /* Enable it. */
  73:Generated_Source\PSoC5/isr_50us.c ****     isr_50us_Enable();
  74:Generated_Source\PSoC5/isr_50us.c **** }
  75:Generated_Source\PSoC5/isr_50us.c **** 
  76:Generated_Source\PSoC5/isr_50us.c **** 
  77:Generated_Source\PSoC5/isr_50us.c **** /*******************************************************************************
  78:Generated_Source\PSoC5/isr_50us.c **** * Function Name: isr_50us_StartEx
  79:Generated_Source\PSoC5/isr_50us.c **** ********************************************************************************
  80:Generated_Source\PSoC5/isr_50us.c **** *
  81:Generated_Source\PSoC5/isr_50us.c **** * Summary:
  82:Generated_Source\PSoC5/isr_50us.c **** *  Sets up the interrupt and enables it. This function disables the interrupt,
  83:Generated_Source\PSoC5/isr_50us.c **** *  sets the interrupt vector based on the address passed in, sets the priority 
  84:Generated_Source\PSoC5/isr_50us.c **** *  from the value in the Design Wide Resources Interrupt Editor, then enables 
  85:Generated_Source\PSoC5/isr_50us.c **** *  the interrupt to the interrupt controller.
  86:Generated_Source\PSoC5/isr_50us.c **** *  
  87:Generated_Source\PSoC5/isr_50us.c **** *  When defining ISR functions, the CY_ISR and CY_ISR_PROTO macros should be 
  88:Generated_Source\PSoC5/isr_50us.c **** *  used to provide consistent definition across compilers:
ARM GAS  C:\Users\yqh\AppData\Local\Temp\ccgpWESE.s 			page 3


  89:Generated_Source\PSoC5/isr_50us.c **** *  
  90:Generated_Source\PSoC5/isr_50us.c **** *  Function definition example:
  91:Generated_Source\PSoC5/isr_50us.c **** *   CY_ISR(MyISR)
  92:Generated_Source\PSoC5/isr_50us.c **** *   {
  93:Generated_Source\PSoC5/isr_50us.c **** *   }
  94:Generated_Source\PSoC5/isr_50us.c **** *   Function prototype example:
  95:Generated_Source\PSoC5/isr_50us.c **** *   CY_ISR_PROTO(MyISR);
  96:Generated_Source\PSoC5/isr_50us.c **** *
  97:Generated_Source\PSoC5/isr_50us.c **** * Parameters:  
  98:Generated_Source\PSoC5/isr_50us.c **** *   address: Address of the ISR to set in the interrupt vector table.
  99:Generated_Source\PSoC5/isr_50us.c **** *
 100:Generated_Source\PSoC5/isr_50us.c **** * Return:
 101:Generated_Source\PSoC5/isr_50us.c **** *   None
 102:Generated_Source\PSoC5/isr_50us.c **** *
 103:Generated_Source\PSoC5/isr_50us.c **** *******************************************************************************/
 104:Generated_Source\PSoC5/isr_50us.c **** void isr_50us_StartEx(cyisraddress address)
 105:Generated_Source\PSoC5/isr_50us.c **** {
 106:Generated_Source\PSoC5/isr_50us.c ****     /* For all we know the interrupt is active. */
 107:Generated_Source\PSoC5/isr_50us.c ****     isr_50us_Disable();
 108:Generated_Source\PSoC5/isr_50us.c **** 
 109:Generated_Source\PSoC5/isr_50us.c ****     /* Set the ISR to point to the isr_50us Interrupt. */
 110:Generated_Source\PSoC5/isr_50us.c ****     isr_50us_SetVector(address);
 111:Generated_Source\PSoC5/isr_50us.c **** 
 112:Generated_Source\PSoC5/isr_50us.c ****     /* Set the priority. */
 113:Generated_Source\PSoC5/isr_50us.c ****     isr_50us_SetPriority((uint8)isr_50us_INTC_PRIOR_NUMBER);
 114:Generated_Source\PSoC5/isr_50us.c **** 
 115:Generated_Source\PSoC5/isr_50us.c ****     /* Enable it. */
 116:Generated_Source\PSoC5/isr_50us.c ****     isr_50us_Enable();
 117:Generated_Source\PSoC5/isr_50us.c **** }
 118:Generated_Source\PSoC5/isr_50us.c **** 
 119:Generated_Source\PSoC5/isr_50us.c **** 
 120:Generated_Source\PSoC5/isr_50us.c **** /*******************************************************************************
 121:Generated_Source\PSoC5/isr_50us.c **** * Function Name: isr_50us_Stop
 122:Generated_Source\PSoC5/isr_50us.c **** ********************************************************************************
 123:Generated_Source\PSoC5/isr_50us.c **** *
 124:Generated_Source\PSoC5/isr_50us.c **** * Summary:
 125:Generated_Source\PSoC5/isr_50us.c **** *   Disables and removes the interrupt.
 126:Generated_Source\PSoC5/isr_50us.c **** *
 127:Generated_Source\PSoC5/isr_50us.c **** * Parameters:  
 128:Generated_Source\PSoC5/isr_50us.c **** *   None
 129:Generated_Source\PSoC5/isr_50us.c **** *
 130:Generated_Source\PSoC5/isr_50us.c **** * Return:
 131:Generated_Source\PSoC5/isr_50us.c **** *   None
 132:Generated_Source\PSoC5/isr_50us.c **** *
 133:Generated_Source\PSoC5/isr_50us.c **** *******************************************************************************/
 134:Generated_Source\PSoC5/isr_50us.c **** void isr_50us_Stop(void)
 135:Generated_Source\PSoC5/isr_50us.c **** {
 136:Generated_Source\PSoC5/isr_50us.c ****     /* Disable this interrupt. */
 137:Generated_Source\PSoC5/isr_50us.c ****     isr_50us_Disable();
 138:Generated_Source\PSoC5/isr_50us.c **** 
 139:Generated_Source\PSoC5/isr_50us.c ****     /* Set the ISR to point to the passive one. */
 140:Generated_Source\PSoC5/isr_50us.c ****     isr_50us_SetVector(&IntDefaultHandler);
 141:Generated_Source\PSoC5/isr_50us.c **** }
 142:Generated_Source\PSoC5/isr_50us.c **** 
 143:Generated_Source\PSoC5/isr_50us.c **** 
 144:Generated_Source\PSoC5/isr_50us.c **** /*******************************************************************************
 145:Generated_Source\PSoC5/isr_50us.c **** * Function Name: isr_50us_Interrupt
ARM GAS  C:\Users\yqh\AppData\Local\Temp\ccgpWESE.s 			page 4


 146:Generated_Source\PSoC5/isr_50us.c **** ********************************************************************************
 147:Generated_Source\PSoC5/isr_50us.c **** *
 148:Generated_Source\PSoC5/isr_50us.c **** * Summary:
 149:Generated_Source\PSoC5/isr_50us.c **** *   The default Interrupt Service Routine for isr_50us.
 150:Generated_Source\PSoC5/isr_50us.c **** *
 151:Generated_Source\PSoC5/isr_50us.c **** *   Add custom code between the coments to keep the next version of this file
 152:Generated_Source\PSoC5/isr_50us.c **** *   from over writting your code.
 153:Generated_Source\PSoC5/isr_50us.c **** *
 154:Generated_Source\PSoC5/isr_50us.c **** * Parameters:  
 155:Generated_Source\PSoC5/isr_50us.c **** *
 156:Generated_Source\PSoC5/isr_50us.c **** * Return:
 157:Generated_Source\PSoC5/isr_50us.c **** *   None
 158:Generated_Source\PSoC5/isr_50us.c **** *
 159:Generated_Source\PSoC5/isr_50us.c **** *******************************************************************************/
 160:Generated_Source\PSoC5/isr_50us.c **** CY_ISR(isr_50us_Interrupt)
 161:Generated_Source\PSoC5/isr_50us.c **** {
  27              		.loc 1 161 0
  28              		.cfi_startproc
  29              		@ args = 0, pretend = 0, frame = 0
  30              		@ frame_needed = 0, uses_anonymous_args = 0
  31              		@ link register save eliminated.
  32 0000 7047     		bx	lr
  33              		.cfi_endproc
  34              	.LFE3:
  35              		.size	isr_50us_Interrupt, .-isr_50us_Interrupt
  36              		.section	.text.isr_50us_Start,"ax",%progbits
  37              		.align	1
  38              		.global	isr_50us_Start
  39              		.thumb
  40              		.thumb_func
  41              		.type	isr_50us_Start, %function
  42              	isr_50us_Start:
  43              	.LFB0:
  62:Generated_Source\PSoC5/isr_50us.c ****     /* For all we know the interrupt is active. */
  44              		.loc 1 62 0
  45              		.cfi_startproc
  46              		@ args = 0, pretend = 0, frame = 0
  47              		@ frame_needed = 0, uses_anonymous_args = 0
  48              		@ link register save eliminated.
  49              	.LBB22:
  50              	.LBB23:
 162:Generated_Source\PSoC5/isr_50us.c ****     #ifdef isr_50us_INTERRUPT_INTERRUPT_CALLBACK
 163:Generated_Source\PSoC5/isr_50us.c ****         isr_50us_Interrupt_InterruptCallback();
 164:Generated_Source\PSoC5/isr_50us.c ****     #endif /* isr_50us_INTERRUPT_INTERRUPT_CALLBACK */ 
 165:Generated_Source\PSoC5/isr_50us.c **** 
 166:Generated_Source\PSoC5/isr_50us.c ****     /*  Place your Interrupt code here. */
 167:Generated_Source\PSoC5/isr_50us.c ****     /* `#START isr_50us_Interrupt` */
 168:Generated_Source\PSoC5/isr_50us.c **** 
 169:Generated_Source\PSoC5/isr_50us.c ****     /* `#END` */
 170:Generated_Source\PSoC5/isr_50us.c **** }
 171:Generated_Source\PSoC5/isr_50us.c **** 
 172:Generated_Source\PSoC5/isr_50us.c **** 
 173:Generated_Source\PSoC5/isr_50us.c **** /*******************************************************************************
 174:Generated_Source\PSoC5/isr_50us.c **** * Function Name: isr_50us_SetVector
 175:Generated_Source\PSoC5/isr_50us.c **** ********************************************************************************
 176:Generated_Source\PSoC5/isr_50us.c **** *
 177:Generated_Source\PSoC5/isr_50us.c **** * Summary:
ARM GAS  C:\Users\yqh\AppData\Local\Temp\ccgpWESE.s 			page 5


 178:Generated_Source\PSoC5/isr_50us.c **** *   Change the ISR vector for the Interrupt. Note calling isr_50us_Start
 179:Generated_Source\PSoC5/isr_50us.c **** *   will override any effect this method would have had. To set the vector 
 180:Generated_Source\PSoC5/isr_50us.c **** *   before the component has been started use isr_50us_StartEx instead.
 181:Generated_Source\PSoC5/isr_50us.c **** * 
 182:Generated_Source\PSoC5/isr_50us.c **** *   When defining ISR functions, the CY_ISR and CY_ISR_PROTO macros should be 
 183:Generated_Source\PSoC5/isr_50us.c **** *   used to provide consistent definition across compilers:
 184:Generated_Source\PSoC5/isr_50us.c **** *
 185:Generated_Source\PSoC5/isr_50us.c **** *   Function definition example:
 186:Generated_Source\PSoC5/isr_50us.c **** *   CY_ISR(MyISR)
 187:Generated_Source\PSoC5/isr_50us.c **** *   {
 188:Generated_Source\PSoC5/isr_50us.c **** *   }
 189:Generated_Source\PSoC5/isr_50us.c **** *
 190:Generated_Source\PSoC5/isr_50us.c **** *   Function prototype example:
 191:Generated_Source\PSoC5/isr_50us.c **** *     CY_ISR_PROTO(MyISR);
 192:Generated_Source\PSoC5/isr_50us.c **** *
 193:Generated_Source\PSoC5/isr_50us.c **** * Parameters:
 194:Generated_Source\PSoC5/isr_50us.c **** *   address: Address of the ISR to set in the interrupt vector table.
 195:Generated_Source\PSoC5/isr_50us.c **** *
 196:Generated_Source\PSoC5/isr_50us.c **** * Return:
 197:Generated_Source\PSoC5/isr_50us.c **** *   None
 198:Generated_Source\PSoC5/isr_50us.c **** *
 199:Generated_Source\PSoC5/isr_50us.c **** *******************************************************************************/
 200:Generated_Source\PSoC5/isr_50us.c **** void isr_50us_SetVector(cyisraddress address)
 201:Generated_Source\PSoC5/isr_50us.c **** {
 202:Generated_Source\PSoC5/isr_50us.c ****     cyisraddress * ramVectorTable;
 203:Generated_Source\PSoC5/isr_50us.c **** 
 204:Generated_Source\PSoC5/isr_50us.c ****     ramVectorTable = (cyisraddress *) *CYINT_VECT_TABLE;
 205:Generated_Source\PSoC5/isr_50us.c **** 
 206:Generated_Source\PSoC5/isr_50us.c ****     ramVectorTable[CYINT_IRQ_BASE + (uint32)isr_50us__INTC_NUMBER] = address;
 207:Generated_Source\PSoC5/isr_50us.c **** }
 208:Generated_Source\PSoC5/isr_50us.c **** 
 209:Generated_Source\PSoC5/isr_50us.c **** 
 210:Generated_Source\PSoC5/isr_50us.c **** /*******************************************************************************
 211:Generated_Source\PSoC5/isr_50us.c **** * Function Name: isr_50us_GetVector
 212:Generated_Source\PSoC5/isr_50us.c **** ********************************************************************************
 213:Generated_Source\PSoC5/isr_50us.c **** *
 214:Generated_Source\PSoC5/isr_50us.c **** * Summary:
 215:Generated_Source\PSoC5/isr_50us.c **** *   Gets the "address" of the current ISR vector for the Interrupt.
 216:Generated_Source\PSoC5/isr_50us.c **** *
 217:Generated_Source\PSoC5/isr_50us.c **** * Parameters:
 218:Generated_Source\PSoC5/isr_50us.c **** *   None
 219:Generated_Source\PSoC5/isr_50us.c **** *
 220:Generated_Source\PSoC5/isr_50us.c **** * Return:
 221:Generated_Source\PSoC5/isr_50us.c **** *   Address of the ISR in the interrupt vector table.
 222:Generated_Source\PSoC5/isr_50us.c **** *
 223:Generated_Source\PSoC5/isr_50us.c **** *******************************************************************************/
 224:Generated_Source\PSoC5/isr_50us.c **** cyisraddress isr_50us_GetVector(void)
 225:Generated_Source\PSoC5/isr_50us.c **** {
 226:Generated_Source\PSoC5/isr_50us.c ****     cyisraddress * ramVectorTable;
 227:Generated_Source\PSoC5/isr_50us.c **** 
 228:Generated_Source\PSoC5/isr_50us.c ****     ramVectorTable = (cyisraddress *) *CYINT_VECT_TABLE;
 229:Generated_Source\PSoC5/isr_50us.c **** 
 230:Generated_Source\PSoC5/isr_50us.c ****     return ramVectorTable[CYINT_IRQ_BASE + (uint32)isr_50us__INTC_NUMBER];
 231:Generated_Source\PSoC5/isr_50us.c **** }
 232:Generated_Source\PSoC5/isr_50us.c **** 
 233:Generated_Source\PSoC5/isr_50us.c **** 
 234:Generated_Source\PSoC5/isr_50us.c **** /*******************************************************************************
ARM GAS  C:\Users\yqh\AppData\Local\Temp\ccgpWESE.s 			page 6


 235:Generated_Source\PSoC5/isr_50us.c **** * Function Name: isr_50us_SetPriority
 236:Generated_Source\PSoC5/isr_50us.c **** ********************************************************************************
 237:Generated_Source\PSoC5/isr_50us.c **** *
 238:Generated_Source\PSoC5/isr_50us.c **** * Summary:
 239:Generated_Source\PSoC5/isr_50us.c **** *   Sets the Priority of the Interrupt. 
 240:Generated_Source\PSoC5/isr_50us.c **** *
 241:Generated_Source\PSoC5/isr_50us.c **** *   Note calling isr_50us_Start or isr_50us_StartEx will 
 242:Generated_Source\PSoC5/isr_50us.c **** *   override any effect this API would have had. This API should only be called
 243:Generated_Source\PSoC5/isr_50us.c **** *   after isr_50us_Start or isr_50us_StartEx has been called. 
 244:Generated_Source\PSoC5/isr_50us.c **** *   To set the initial priority for the component, use the Design-Wide Resources
 245:Generated_Source\PSoC5/isr_50us.c **** *   Interrupt Editor.
 246:Generated_Source\PSoC5/isr_50us.c **** *
 247:Generated_Source\PSoC5/isr_50us.c **** *   Note This API has no effect on Non-maskable interrupt NMI).
 248:Generated_Source\PSoC5/isr_50us.c **** *
 249:Generated_Source\PSoC5/isr_50us.c **** * Parameters:
 250:Generated_Source\PSoC5/isr_50us.c **** *   priority: Priority of the interrupt, 0 being the highest priority
 251:Generated_Source\PSoC5/isr_50us.c **** *             PSoC 3 and PSoC 5LP: Priority is from 0 to 7.
 252:Generated_Source\PSoC5/isr_50us.c **** *             PSoC 4: Priority is from 0 to 3.
 253:Generated_Source\PSoC5/isr_50us.c **** *
 254:Generated_Source\PSoC5/isr_50us.c **** * Return:
 255:Generated_Source\PSoC5/isr_50us.c **** *   None
 256:Generated_Source\PSoC5/isr_50us.c **** *
 257:Generated_Source\PSoC5/isr_50us.c **** *******************************************************************************/
 258:Generated_Source\PSoC5/isr_50us.c **** void isr_50us_SetPriority(uint8 priority)
 259:Generated_Source\PSoC5/isr_50us.c **** {
 260:Generated_Source\PSoC5/isr_50us.c ****     *isr_50us_INTC_PRIOR = priority << 5;
 261:Generated_Source\PSoC5/isr_50us.c **** }
 262:Generated_Source\PSoC5/isr_50us.c **** 
 263:Generated_Source\PSoC5/isr_50us.c **** 
 264:Generated_Source\PSoC5/isr_50us.c **** /*******************************************************************************
 265:Generated_Source\PSoC5/isr_50us.c **** * Function Name: isr_50us_GetPriority
 266:Generated_Source\PSoC5/isr_50us.c **** ********************************************************************************
 267:Generated_Source\PSoC5/isr_50us.c **** *
 268:Generated_Source\PSoC5/isr_50us.c **** * Summary:
 269:Generated_Source\PSoC5/isr_50us.c **** *   Gets the Priority of the Interrupt.
 270:Generated_Source\PSoC5/isr_50us.c **** *
 271:Generated_Source\PSoC5/isr_50us.c **** * Parameters:
 272:Generated_Source\PSoC5/isr_50us.c **** *   None
 273:Generated_Source\PSoC5/isr_50us.c **** *
 274:Generated_Source\PSoC5/isr_50us.c **** * Return:
 275:Generated_Source\PSoC5/isr_50us.c **** *   Priority of the interrupt, 0 being the highest priority
 276:Generated_Source\PSoC5/isr_50us.c **** *    PSoC 3 and PSoC 5LP: Priority is from 0 to 7.
 277:Generated_Source\PSoC5/isr_50us.c **** *    PSoC 4: Priority is from 0 to 3.
 278:Generated_Source\PSoC5/isr_50us.c **** *
 279:Generated_Source\PSoC5/isr_50us.c **** *******************************************************************************/
 280:Generated_Source\PSoC5/isr_50us.c **** uint8 isr_50us_GetPriority(void)
 281:Generated_Source\PSoC5/isr_50us.c **** {
 282:Generated_Source\PSoC5/isr_50us.c ****     uint8 priority;
 283:Generated_Source\PSoC5/isr_50us.c **** 
 284:Generated_Source\PSoC5/isr_50us.c **** 
 285:Generated_Source\PSoC5/isr_50us.c ****     priority = *isr_50us_INTC_PRIOR >> 5;
 286:Generated_Source\PSoC5/isr_50us.c **** 
 287:Generated_Source\PSoC5/isr_50us.c ****     return priority;
 288:Generated_Source\PSoC5/isr_50us.c **** }
 289:Generated_Source\PSoC5/isr_50us.c **** 
 290:Generated_Source\PSoC5/isr_50us.c **** 
 291:Generated_Source\PSoC5/isr_50us.c **** /*******************************************************************************
ARM GAS  C:\Users\yqh\AppData\Local\Temp\ccgpWESE.s 			page 7


 292:Generated_Source\PSoC5/isr_50us.c **** * Function Name: isr_50us_Enable
 293:Generated_Source\PSoC5/isr_50us.c **** ********************************************************************************
 294:Generated_Source\PSoC5/isr_50us.c **** *
 295:Generated_Source\PSoC5/isr_50us.c **** * Summary:
 296:Generated_Source\PSoC5/isr_50us.c **** *   Enables the interrupt to the interrupt controller. Do not call this function
 297:Generated_Source\PSoC5/isr_50us.c **** *   unless ISR_Start() has been called or the functionality of the ISR_Start() 
 298:Generated_Source\PSoC5/isr_50us.c **** *   function, which sets the vector and the priority, has been called.
 299:Generated_Source\PSoC5/isr_50us.c **** *
 300:Generated_Source\PSoC5/isr_50us.c **** * Parameters:
 301:Generated_Source\PSoC5/isr_50us.c **** *   None
 302:Generated_Source\PSoC5/isr_50us.c **** *
 303:Generated_Source\PSoC5/isr_50us.c **** * Return:
 304:Generated_Source\PSoC5/isr_50us.c **** *   None
 305:Generated_Source\PSoC5/isr_50us.c **** *
 306:Generated_Source\PSoC5/isr_50us.c **** *******************************************************************************/
 307:Generated_Source\PSoC5/isr_50us.c **** void isr_50us_Enable(void)
 308:Generated_Source\PSoC5/isr_50us.c **** {
 309:Generated_Source\PSoC5/isr_50us.c ****     /* Enable the general interrupt. */
 310:Generated_Source\PSoC5/isr_50us.c ****     *isr_50us_INTC_SET_EN = isr_50us__INTC_MASK;
 311:Generated_Source\PSoC5/isr_50us.c **** }
 312:Generated_Source\PSoC5/isr_50us.c **** 
 313:Generated_Source\PSoC5/isr_50us.c **** 
 314:Generated_Source\PSoC5/isr_50us.c **** /*******************************************************************************
 315:Generated_Source\PSoC5/isr_50us.c **** * Function Name: isr_50us_GetState
 316:Generated_Source\PSoC5/isr_50us.c **** ********************************************************************************
 317:Generated_Source\PSoC5/isr_50us.c **** *
 318:Generated_Source\PSoC5/isr_50us.c **** * Summary:
 319:Generated_Source\PSoC5/isr_50us.c **** *   Gets the state (enabled, disabled) of the Interrupt.
 320:Generated_Source\PSoC5/isr_50us.c **** *
 321:Generated_Source\PSoC5/isr_50us.c **** * Parameters:
 322:Generated_Source\PSoC5/isr_50us.c **** *   None
 323:Generated_Source\PSoC5/isr_50us.c **** *
 324:Generated_Source\PSoC5/isr_50us.c **** * Return:
 325:Generated_Source\PSoC5/isr_50us.c **** *   1 if enabled, 0 if disabled.
 326:Generated_Source\PSoC5/isr_50us.c **** *
 327:Generated_Source\PSoC5/isr_50us.c **** *******************************************************************************/
 328:Generated_Source\PSoC5/isr_50us.c **** uint8 isr_50us_GetState(void)
 329:Generated_Source\PSoC5/isr_50us.c **** {
 330:Generated_Source\PSoC5/isr_50us.c ****     /* Get the state of the general interrupt. */
 331:Generated_Source\PSoC5/isr_50us.c ****     return ((*isr_50us_INTC_SET_EN & (uint32)isr_50us__INTC_MASK) != 0u) ? 1u:0u;
 332:Generated_Source\PSoC5/isr_50us.c **** }
 333:Generated_Source\PSoC5/isr_50us.c **** 
 334:Generated_Source\PSoC5/isr_50us.c **** 
 335:Generated_Source\PSoC5/isr_50us.c **** /*******************************************************************************
 336:Generated_Source\PSoC5/isr_50us.c **** * Function Name: isr_50us_Disable
 337:Generated_Source\PSoC5/isr_50us.c **** ********************************************************************************
 338:Generated_Source\PSoC5/isr_50us.c **** *
 339:Generated_Source\PSoC5/isr_50us.c **** * Summary:
 340:Generated_Source\PSoC5/isr_50us.c **** *   Disables the Interrupt in the interrupt controller.
 341:Generated_Source\PSoC5/isr_50us.c **** *
 342:Generated_Source\PSoC5/isr_50us.c **** * Parameters:
 343:Generated_Source\PSoC5/isr_50us.c **** *   None
 344:Generated_Source\PSoC5/isr_50us.c **** *
 345:Generated_Source\PSoC5/isr_50us.c **** * Return:
 346:Generated_Source\PSoC5/isr_50us.c **** *   None
 347:Generated_Source\PSoC5/isr_50us.c **** *
 348:Generated_Source\PSoC5/isr_50us.c **** *******************************************************************************/
ARM GAS  C:\Users\yqh\AppData\Local\Temp\ccgpWESE.s 			page 8


 349:Generated_Source\PSoC5/isr_50us.c **** void isr_50us_Disable(void)
 350:Generated_Source\PSoC5/isr_50us.c **** {
 351:Generated_Source\PSoC5/isr_50us.c ****     /* Disable the general interrupt. */
 352:Generated_Source\PSoC5/isr_50us.c ****     *isr_50us_INTC_CLR_EN = isr_50us__INTC_MASK;
  51              		.loc 1 352 0
  52 0000 074A     		ldr	r2, .L3
  53 0002 0423     		movs	r3, #4
  54 0004 1360     		str	r3, [r2]
  55              	.LVL0:
  56              	.LBE23:
  57              	.LBE22:
  58              	.LBB24:
  59              	.LBB25:
 204:Generated_Source\PSoC5/isr_50us.c **** 
  60              		.loc 1 204 0
  61 0006 02F68832 		addw	r2, r2, #2952
  62 000a 1268     		ldr	r2, [r2]
  63              	.LVL1:
 206:Generated_Source\PSoC5/isr_50us.c **** }
  64              		.loc 1 206 0
  65 000c 0549     		ldr	r1, .L3+4
  66 000e 9164     		str	r1, [r2, #72]
  67              	.LVL2:
  68              	.LBE25:
  69              	.LBE24:
  70              	.LBB26:
  71              	.LBB27:
 260:Generated_Source\PSoC5/isr_50us.c **** }
  72              		.loc 1 260 0
  73 0010 054A     		ldr	r2, .L3+8
  74              	.LVL3:
  75 0012 E021     		movs	r1, #224
  76 0014 1170     		strb	r1, [r2]
  77              	.LBE27:
  78              	.LBE26:
  79              	.LBB28:
  80              	.LBB29:
 310:Generated_Source\PSoC5/isr_50us.c **** }
  81              		.loc 1 310 0
  82 0016 A2F20232 		subw	r2, r2, #770
  83 001a 1360     		str	r3, [r2]
  84 001c 7047     		bx	lr
  85              	.L4:
  86 001e 00BF     		.align	2
  87              	.L3:
  88 0020 80E100E0 		.word	-536813184
  89 0024 00000000 		.word	isr_50us_Interrupt
  90 0028 02E400E0 		.word	-536812542
  91              	.LBE29:
  92              	.LBE28:
  93              		.cfi_endproc
  94              	.LFE0:
  95              		.size	isr_50us_Start, .-isr_50us_Start
  96              		.section	.text.isr_50us_StartEx,"ax",%progbits
  97              		.align	1
  98              		.global	isr_50us_StartEx
  99              		.thumb
ARM GAS  C:\Users\yqh\AppData\Local\Temp\ccgpWESE.s 			page 9


 100              		.thumb_func
 101              		.type	isr_50us_StartEx, %function
 102              	isr_50us_StartEx:
 103              	.LFB1:
 105:Generated_Source\PSoC5/isr_50us.c ****     /* For all we know the interrupt is active. */
 104              		.loc 1 105 0
 105              		.cfi_startproc
 106              		@ args = 0, pretend = 0, frame = 0
 107              		@ frame_needed = 0, uses_anonymous_args = 0
 108              		@ link register save eliminated.
 109              	.LVL4:
 110              	.LBB30:
 111              	.LBB31:
 112              		.loc 1 352 0
 113 0000 064A     		ldr	r2, .L6
 114 0002 0423     		movs	r3, #4
 115 0004 1360     		str	r3, [r2]
 116              	.LVL5:
 117              	.LBE31:
 118              	.LBE30:
 119              	.LBB32:
 120              	.LBB33:
 204:Generated_Source\PSoC5/isr_50us.c **** 
 121              		.loc 1 204 0
 122 0006 02F68832 		addw	r2, r2, #2952
 123 000a 1268     		ldr	r2, [r2]
 124              	.LVL6:
 125              	.LBE33:
 126              	.LBE32:
 127              	.LBB35:
 128              	.LBB36:
 260:Generated_Source\PSoC5/isr_50us.c **** }
 129              		.loc 1 260 0
 130 000c E021     		movs	r1, #224
 131              	.LBE36:
 132              	.LBE35:
 133              	.LBB38:
 134              	.LBB34:
 206:Generated_Source\PSoC5/isr_50us.c **** }
 135              		.loc 1 206 0
 136 000e 9064     		str	r0, [r2, #72]
 137              	.LVL7:
 138              	.LBE34:
 139              	.LBE38:
 140              	.LBB39:
 141              	.LBB37:
 260:Generated_Source\PSoC5/isr_50us.c **** }
 142              		.loc 1 260 0
 143 0010 034A     		ldr	r2, .L6+4
 144              	.LVL8:
 145 0012 1170     		strb	r1, [r2]
 146              	.LBE37:
 147              	.LBE39:
 148              	.LBB40:
 149              	.LBB41:
 310:Generated_Source\PSoC5/isr_50us.c **** }
 150              		.loc 1 310 0
ARM GAS  C:\Users\yqh\AppData\Local\Temp\ccgpWESE.s 			page 10


 151 0014 A2F20232 		subw	r2, r2, #770
 152 0018 1360     		str	r3, [r2]
 153 001a 7047     		bx	lr
 154              	.L7:
 155              		.align	2
 156              	.L6:
 157 001c 80E100E0 		.word	-536813184
 158 0020 02E400E0 		.word	-536812542
 159              	.LBE41:
 160              	.LBE40:
 161              		.cfi_endproc
 162              	.LFE1:
 163              		.size	isr_50us_StartEx, .-isr_50us_StartEx
 164              		.section	.text.isr_50us_Stop,"ax",%progbits
 165              		.align	1
 166              		.global	isr_50us_Stop
 167              		.thumb
 168              		.thumb_func
 169              		.type	isr_50us_Stop, %function
 170              	isr_50us_Stop:
 171              	.LFB2:
 135:Generated_Source\PSoC5/isr_50us.c ****     /* Disable this interrupt. */
 172              		.loc 1 135 0
 173              		.cfi_startproc
 174              		@ args = 0, pretend = 0, frame = 0
 175              		@ frame_needed = 0, uses_anonymous_args = 0
 176              		@ link register save eliminated.
 177              	.LBB42:
 178              	.LBB43:
 179              		.loc 1 352 0
 180 0000 044B     		ldr	r3, .L9
 181 0002 0422     		movs	r2, #4
 182 0004 1A60     		str	r2, [r3]
 183              	.LVL9:
 184              	.LBE43:
 185              	.LBE42:
 186              	.LBB44:
 187              	.LBB45:
 204:Generated_Source\PSoC5/isr_50us.c **** 
 188              		.loc 1 204 0
 189 0006 03F68833 		addw	r3, r3, #2952
 190 000a 1B68     		ldr	r3, [r3]
 191              	.LVL10:
 206:Generated_Source\PSoC5/isr_50us.c **** }
 192              		.loc 1 206 0
 193 000c 024A     		ldr	r2, .L9+4
 194 000e 9A64     		str	r2, [r3, #72]
 195 0010 7047     		bx	lr
 196              	.L10:
 197 0012 00BF     		.align	2
 198              	.L9:
 199 0014 80E100E0 		.word	-536813184
 200 0018 00000000 		.word	IntDefaultHandler
 201              	.LBE45:
 202              	.LBE44:
 203              		.cfi_endproc
 204              	.LFE2:
ARM GAS  C:\Users\yqh\AppData\Local\Temp\ccgpWESE.s 			page 11


 205              		.size	isr_50us_Stop, .-isr_50us_Stop
 206              		.section	.text.isr_50us_SetVector,"ax",%progbits
 207              		.align	1
 208              		.global	isr_50us_SetVector
 209              		.thumb
 210              		.thumb_func
 211              		.type	isr_50us_SetVector, %function
 212              	isr_50us_SetVector:
 213              	.LFB4:
 201:Generated_Source\PSoC5/isr_50us.c ****     cyisraddress * ramVectorTable;
 214              		.loc 1 201 0
 215              		.cfi_startproc
 216              		@ args = 0, pretend = 0, frame = 0
 217              		@ frame_needed = 0, uses_anonymous_args = 0
 218              		@ link register save eliminated.
 219              	.LVL11:
 204:Generated_Source\PSoC5/isr_50us.c **** 
 220              		.loc 1 204 0
 221 0000 014B     		ldr	r3, .L12
 222 0002 1B68     		ldr	r3, [r3]
 223              	.LVL12:
 206:Generated_Source\PSoC5/isr_50us.c **** }
 224              		.loc 1 206 0
 225 0004 9864     		str	r0, [r3, #72]
 226 0006 7047     		bx	lr
 227              	.L13:
 228              		.align	2
 229              	.L12:
 230 0008 08ED00E0 		.word	-536810232
 231              		.cfi_endproc
 232              	.LFE4:
 233              		.size	isr_50us_SetVector, .-isr_50us_SetVector
 234              		.section	.text.isr_50us_GetVector,"ax",%progbits
 235              		.align	1
 236              		.global	isr_50us_GetVector
 237              		.thumb
 238              		.thumb_func
 239              		.type	isr_50us_GetVector, %function
 240              	isr_50us_GetVector:
 241              	.LFB5:
 225:Generated_Source\PSoC5/isr_50us.c ****     cyisraddress * ramVectorTable;
 242              		.loc 1 225 0
 243              		.cfi_startproc
 244              		@ args = 0, pretend = 0, frame = 0
 245              		@ frame_needed = 0, uses_anonymous_args = 0
 246              		@ link register save eliminated.
 247              	.LVL13:
 228:Generated_Source\PSoC5/isr_50us.c **** 
 248              		.loc 1 228 0
 249 0000 014B     		ldr	r3, .L15
 250              	.LVL14:
 230:Generated_Source\PSoC5/isr_50us.c **** }
 251              		.loc 1 230 0
 252 0002 1B68     		ldr	r3, [r3]
 253              	.LVL15:
 231:Generated_Source\PSoC5/isr_50us.c **** 
 254              		.loc 1 231 0
ARM GAS  C:\Users\yqh\AppData\Local\Temp\ccgpWESE.s 			page 12


 255 0004 986C     		ldr	r0, [r3, #72]
 256 0006 7047     		bx	lr
 257              	.L16:
 258              		.align	2
 259              	.L15:
 260 0008 08ED00E0 		.word	-536810232
 261              		.cfi_endproc
 262              	.LFE5:
 263              		.size	isr_50us_GetVector, .-isr_50us_GetVector
 264              		.section	.text.isr_50us_SetPriority,"ax",%progbits
 265              		.align	1
 266              		.global	isr_50us_SetPriority
 267              		.thumb
 268              		.thumb_func
 269              		.type	isr_50us_SetPriority, %function
 270              	isr_50us_SetPriority:
 271              	.LFB6:
 259:Generated_Source\PSoC5/isr_50us.c ****     *isr_50us_INTC_PRIOR = priority << 5;
 272              		.loc 1 259 0
 273              		.cfi_startproc
 274              		@ args = 0, pretend = 0, frame = 0
 275              		@ frame_needed = 0, uses_anonymous_args = 0
 276              		@ link register save eliminated.
 277              	.LVL16:
 260:Generated_Source\PSoC5/isr_50us.c **** }
 278              		.loc 1 260 0
 279 0000 4001     		lsls	r0, r0, #5
 280              	.LVL17:
 281 0002 024B     		ldr	r3, .L18
 282 0004 C0B2     		uxtb	r0, r0
 283 0006 1870     		strb	r0, [r3]
 284 0008 7047     		bx	lr
 285              	.L19:
 286 000a 00BF     		.align	2
 287              	.L18:
 288 000c 02E400E0 		.word	-536812542
 289              		.cfi_endproc
 290              	.LFE6:
 291              		.size	isr_50us_SetPriority, .-isr_50us_SetPriority
 292              		.section	.text.isr_50us_GetPriority,"ax",%progbits
 293              		.align	1
 294              		.global	isr_50us_GetPriority
 295              		.thumb
 296              		.thumb_func
 297              		.type	isr_50us_GetPriority, %function
 298              	isr_50us_GetPriority:
 299              	.LFB7:
 281:Generated_Source\PSoC5/isr_50us.c ****     uint8 priority;
 300              		.loc 1 281 0
 301              		.cfi_startproc
 302              		@ args = 0, pretend = 0, frame = 0
 303              		@ frame_needed = 0, uses_anonymous_args = 0
 304              		@ link register save eliminated.
 285:Generated_Source\PSoC5/isr_50us.c **** 
 305              		.loc 1 285 0
 306 0000 014B     		ldr	r3, .L21
 307 0002 1878     		ldrb	r0, [r3]	@ zero_extendqisi2
ARM GAS  C:\Users\yqh\AppData\Local\Temp\ccgpWESE.s 			page 13


 308              	.LVL18:
 288:Generated_Source\PSoC5/isr_50us.c **** 
 309              		.loc 1 288 0
 310 0004 4009     		lsrs	r0, r0, #5
 311              	.LVL19:
 312 0006 7047     		bx	lr
 313              	.L22:
 314              		.align	2
 315              	.L21:
 316 0008 02E400E0 		.word	-536812542
 317              		.cfi_endproc
 318              	.LFE7:
 319              		.size	isr_50us_GetPriority, .-isr_50us_GetPriority
 320              		.section	.text.isr_50us_Enable,"ax",%progbits
 321              		.align	1
 322              		.global	isr_50us_Enable
 323              		.thumb
 324              		.thumb_func
 325              		.type	isr_50us_Enable, %function
 326              	isr_50us_Enable:
 327              	.LFB8:
 308:Generated_Source\PSoC5/isr_50us.c ****     /* Enable the general interrupt. */
 328              		.loc 1 308 0
 329              		.cfi_startproc
 330              		@ args = 0, pretend = 0, frame = 0
 331              		@ frame_needed = 0, uses_anonymous_args = 0
 332              		@ link register save eliminated.
 310:Generated_Source\PSoC5/isr_50us.c **** }
 333              		.loc 1 310 0
 334 0000 014B     		ldr	r3, .L24
 335 0002 0422     		movs	r2, #4
 336 0004 1A60     		str	r2, [r3]
 337 0006 7047     		bx	lr
 338              	.L25:
 339              		.align	2
 340              	.L24:
 341 0008 00E100E0 		.word	-536813312
 342              		.cfi_endproc
 343              	.LFE8:
 344              		.size	isr_50us_Enable, .-isr_50us_Enable
 345              		.section	.text.isr_50us_GetState,"ax",%progbits
 346              		.align	1
 347              		.global	isr_50us_GetState
 348              		.thumb
 349              		.thumb_func
 350              		.type	isr_50us_GetState, %function
 351              	isr_50us_GetState:
 352              	.LFB9:
 329:Generated_Source\PSoC5/isr_50us.c ****     /* Get the state of the general interrupt. */
 353              		.loc 1 329 0
 354              		.cfi_startproc
 355              		@ args = 0, pretend = 0, frame = 0
 356              		@ frame_needed = 0, uses_anonymous_args = 0
 357              		@ link register save eliminated.
 331:Generated_Source\PSoC5/isr_50us.c **** }
 358              		.loc 1 331 0
 359 0000 024B     		ldr	r3, .L27
ARM GAS  C:\Users\yqh\AppData\Local\Temp\ccgpWESE.s 			page 14


 360 0002 1868     		ldr	r0, [r3]
 332:Generated_Source\PSoC5/isr_50us.c **** 
 361              		.loc 1 332 0
 362 0004 C0F38000 		ubfx	r0, r0, #2, #1
 363 0008 7047     		bx	lr
 364              	.L28:
 365 000a 00BF     		.align	2
 366              	.L27:
 367 000c 00E100E0 		.word	-536813312
 368              		.cfi_endproc
 369              	.LFE9:
 370              		.size	isr_50us_GetState, .-isr_50us_GetState
 371              		.section	.text.isr_50us_Disable,"ax",%progbits
 372              		.align	1
 373              		.global	isr_50us_Disable
 374              		.thumb
 375              		.thumb_func
 376              		.type	isr_50us_Disable, %function
 377              	isr_50us_Disable:
 378              	.LFB10:
 350:Generated_Source\PSoC5/isr_50us.c ****     /* Disable the general interrupt. */
 379              		.loc 1 350 0
 380              		.cfi_startproc
 381              		@ args = 0, pretend = 0, frame = 0
 382              		@ frame_needed = 0, uses_anonymous_args = 0
 383              		@ link register save eliminated.
 384              		.loc 1 352 0
 385 0000 014B     		ldr	r3, .L30
 386 0002 0422     		movs	r2, #4
 387 0004 1A60     		str	r2, [r3]
 388 0006 7047     		bx	lr
 389              	.L31:
 390              		.align	2
 391              	.L30:
 392 0008 80E100E0 		.word	-536813184
 393              		.cfi_endproc
 394              	.LFE10:
 395              		.size	isr_50us_Disable, .-isr_50us_Disable
 396              		.section	.text.isr_50us_SetPending,"ax",%progbits
 397              		.align	1
 398              		.global	isr_50us_SetPending
 399              		.thumb
 400              		.thumb_func
 401              		.type	isr_50us_SetPending, %function
 402              	isr_50us_SetPending:
 403              	.LFB11:
 353:Generated_Source\PSoC5/isr_50us.c **** }
 354:Generated_Source\PSoC5/isr_50us.c **** 
 355:Generated_Source\PSoC5/isr_50us.c **** 
 356:Generated_Source\PSoC5/isr_50us.c **** /*******************************************************************************
 357:Generated_Source\PSoC5/isr_50us.c **** * Function Name: isr_50us_SetPending
 358:Generated_Source\PSoC5/isr_50us.c **** ********************************************************************************
 359:Generated_Source\PSoC5/isr_50us.c **** *
 360:Generated_Source\PSoC5/isr_50us.c **** * Summary:
 361:Generated_Source\PSoC5/isr_50us.c **** *   Causes the Interrupt to enter the pending state, a software method of
 362:Generated_Source\PSoC5/isr_50us.c **** *   generating the interrupt.
 363:Generated_Source\PSoC5/isr_50us.c **** *
ARM GAS  C:\Users\yqh\AppData\Local\Temp\ccgpWESE.s 			page 15


 364:Generated_Source\PSoC5/isr_50us.c **** * Parameters:
 365:Generated_Source\PSoC5/isr_50us.c **** *   None
 366:Generated_Source\PSoC5/isr_50us.c **** *
 367:Generated_Source\PSoC5/isr_50us.c **** * Return:
 368:Generated_Source\PSoC5/isr_50us.c **** *   None
 369:Generated_Source\PSoC5/isr_50us.c **** *
 370:Generated_Source\PSoC5/isr_50us.c **** * Side Effects:
 371:Generated_Source\PSoC5/isr_50us.c **** *   If interrupts are enabled and the interrupt is set up properly, the ISR is
 372:Generated_Source\PSoC5/isr_50us.c **** *   entered (depending on the priority of this interrupt and other pending 
 373:Generated_Source\PSoC5/isr_50us.c **** *   interrupts).
 374:Generated_Source\PSoC5/isr_50us.c **** *
 375:Generated_Source\PSoC5/isr_50us.c **** *******************************************************************************/
 376:Generated_Source\PSoC5/isr_50us.c **** void isr_50us_SetPending(void)
 377:Generated_Source\PSoC5/isr_50us.c **** {
 404              		.loc 1 377 0
 405              		.cfi_startproc
 406              		@ args = 0, pretend = 0, frame = 0
 407              		@ frame_needed = 0, uses_anonymous_args = 0
 408              		@ link register save eliminated.
 378:Generated_Source\PSoC5/isr_50us.c ****     *isr_50us_INTC_SET_PD = isr_50us__INTC_MASK;
 409              		.loc 1 378 0
 410 0000 014B     		ldr	r3, .L33
 411 0002 0422     		movs	r2, #4
 412 0004 1A60     		str	r2, [r3]
 413 0006 7047     		bx	lr
 414              	.L34:
 415              		.align	2
 416              	.L33:
 417 0008 00E200E0 		.word	-536813056
 418              		.cfi_endproc
 419              	.LFE11:
 420              		.size	isr_50us_SetPending, .-isr_50us_SetPending
 421              		.section	.text.isr_50us_ClearPending,"ax",%progbits
 422              		.align	1
 423              		.global	isr_50us_ClearPending
 424              		.thumb
 425              		.thumb_func
 426              		.type	isr_50us_ClearPending, %function
 427              	isr_50us_ClearPending:
 428              	.LFB12:
 379:Generated_Source\PSoC5/isr_50us.c **** }
 380:Generated_Source\PSoC5/isr_50us.c **** 
 381:Generated_Source\PSoC5/isr_50us.c **** 
 382:Generated_Source\PSoC5/isr_50us.c **** /*******************************************************************************
 383:Generated_Source\PSoC5/isr_50us.c **** * Function Name: isr_50us_ClearPending
 384:Generated_Source\PSoC5/isr_50us.c **** ********************************************************************************
 385:Generated_Source\PSoC5/isr_50us.c **** *
 386:Generated_Source\PSoC5/isr_50us.c **** * Summary:
 387:Generated_Source\PSoC5/isr_50us.c **** *   Clears a pending interrupt in the interrupt controller.
 388:Generated_Source\PSoC5/isr_50us.c **** *
 389:Generated_Source\PSoC5/isr_50us.c **** *   Note Some interrupt sources are clear-on-read and require the block 
 390:Generated_Source\PSoC5/isr_50us.c **** *   interrupt/status register to be read/cleared with the appropriate block API 
 391:Generated_Source\PSoC5/isr_50us.c **** *   (GPIO, UART, and so on). Otherwise the ISR will continue to remain in 
 392:Generated_Source\PSoC5/isr_50us.c **** *   pending state even though the interrupt itself is cleared using this API.
 393:Generated_Source\PSoC5/isr_50us.c **** *
 394:Generated_Source\PSoC5/isr_50us.c **** * Parameters:
 395:Generated_Source\PSoC5/isr_50us.c **** *   None
ARM GAS  C:\Users\yqh\AppData\Local\Temp\ccgpWESE.s 			page 16


 396:Generated_Source\PSoC5/isr_50us.c **** *
 397:Generated_Source\PSoC5/isr_50us.c **** * Return:
 398:Generated_Source\PSoC5/isr_50us.c **** *   None
 399:Generated_Source\PSoC5/isr_50us.c **** *
 400:Generated_Source\PSoC5/isr_50us.c **** *******************************************************************************/
 401:Generated_Source\PSoC5/isr_50us.c **** void isr_50us_ClearPending(void)
 402:Generated_Source\PSoC5/isr_50us.c **** {
 429              		.loc 1 402 0
 430              		.cfi_startproc
 431              		@ args = 0, pretend = 0, frame = 0
 432              		@ frame_needed = 0, uses_anonymous_args = 0
 433              		@ link register save eliminated.
 403:Generated_Source\PSoC5/isr_50us.c ****     *isr_50us_INTC_CLR_PD = isr_50us__INTC_MASK;
 434              		.loc 1 403 0
 435 0000 014B     		ldr	r3, .L36
 436 0002 0422     		movs	r2, #4
 437 0004 1A60     		str	r2, [r3]
 438 0006 7047     		bx	lr
 439              	.L37:
 440              		.align	2
 441              	.L36:
 442 0008 80E200E0 		.word	-536812928
 443              		.cfi_endproc
 444              	.LFE12:
 445              		.size	isr_50us_ClearPending, .-isr_50us_ClearPending
 446              		.text
 447              	.Letext0:
 448              		.file 2 "Generated_Source\\PSoC5/cytypes.h"
 449              		.section	.debug_info,"",%progbits
 450              	.Ldebug_info0:
 451 0000 73030000 		.4byte	0x373
 452 0004 0400     		.2byte	0x4
 453 0006 00000000 		.4byte	.Ldebug_abbrev0
 454 000a 04       		.byte	0x4
 455 000b 01       		.uleb128 0x1
 456 000c B5010000 		.4byte	.LASF33
 457 0010 01       		.byte	0x1
 458 0011 6E000000 		.4byte	.LASF34
 459 0015 14000000 		.4byte	.LASF35
 460 0019 30000000 		.4byte	.Ldebug_ranges0+0x30
 461 001d 00000000 		.4byte	0
 462 0021 00000000 		.4byte	.Ldebug_line0
 463 0025 02       		.uleb128 0x2
 464 0026 04       		.byte	0x4
 465 0027 05       		.byte	0x5
 466 0028 696E7400 		.ascii	"int\000"
 467 002c 03       		.uleb128 0x3
 468 002d 04       		.byte	0x4
 469 002e 07       		.byte	0x7
 470 002f 20010000 		.4byte	.LASF0
 471 0033 03       		.uleb128 0x3
 472 0034 01       		.byte	0x1
 473 0035 06       		.byte	0x6
 474 0036 86020000 		.4byte	.LASF1
 475 003a 03       		.uleb128 0x3
 476 003b 01       		.byte	0x1
 477 003c 08       		.byte	0x8
ARM GAS  C:\Users\yqh\AppData\Local\Temp\ccgpWESE.s 			page 17


 478 003d BC000000 		.4byte	.LASF2
 479 0041 03       		.uleb128 0x3
 480 0042 02       		.byte	0x2
 481 0043 05       		.byte	0x5
 482 0044 96010000 		.4byte	.LASF3
 483 0048 03       		.uleb128 0x3
 484 0049 02       		.byte	0x2
 485 004a 07       		.byte	0x7
 486 004b 5B000000 		.4byte	.LASF4
 487 004f 03       		.uleb128 0x3
 488 0050 04       		.byte	0x4
 489 0051 05       		.byte	0x5
 490 0052 56020000 		.4byte	.LASF5
 491 0056 03       		.uleb128 0x3
 492 0057 04       		.byte	0x4
 493 0058 07       		.byte	0x7
 494 0059 CF000000 		.4byte	.LASF6
 495 005d 03       		.uleb128 0x3
 496 005e 08       		.byte	0x8
 497 005f 05       		.byte	0x5
 498 0060 74010000 		.4byte	.LASF7
 499 0064 03       		.uleb128 0x3
 500 0065 08       		.byte	0x8
 501 0066 07       		.byte	0x7
 502 0067 47010000 		.4byte	.LASF8
 503 006b 03       		.uleb128 0x3
 504 006c 04       		.byte	0x4
 505 006d 07       		.byte	0x7
 506 006e 6B010000 		.4byte	.LASF9
 507 0072 04       		.uleb128 0x4
 508 0073 04       		.byte	0x4
 509 0074 78000000 		.4byte	0x78
 510 0078 05       		.uleb128 0x5
 511 0079 03       		.uleb128 0x3
 512 007a 01       		.byte	0x1
 513 007b 08       		.byte	0x8
 514 007c 82010000 		.4byte	.LASF10
 515 0080 06       		.uleb128 0x6
 516 0081 E1000000 		.4byte	.LASF11
 517 0085 02       		.byte	0x2
 518 0086 9201     		.2byte	0x192
 519 0088 3A000000 		.4byte	0x3a
 520 008c 06       		.uleb128 0x6
 521 008d 19010000 		.4byte	.LASF12
 522 0091 02       		.byte	0x2
 523 0092 9401     		.2byte	0x194
 524 0094 56000000 		.4byte	0x56
 525 0098 03       		.uleb128 0x3
 526 0099 04       		.byte	0x4
 527 009a 04       		.byte	0x4
 528 009b B6000000 		.4byte	.LASF13
 529 009f 03       		.uleb128 0x3
 530 00a0 08       		.byte	0x8
 531 00a1 04       		.byte	0x4
 532 00a2 FF000000 		.4byte	.LASF14
 533 00a6 06       		.uleb128 0x6
 534 00a7 CA000000 		.4byte	.LASF15
ARM GAS  C:\Users\yqh\AppData\Local\Temp\ccgpWESE.s 			page 18


 535 00ab 02       		.byte	0x2
 536 00ac 3C02     		.2byte	0x23c
 537 00ae B2000000 		.4byte	0xb2
 538 00b2 07       		.uleb128 0x7
 539 00b3 80000000 		.4byte	0x80
 540 00b7 06       		.uleb128 0x6
 541 00b8 0E000000 		.4byte	.LASF16
 542 00bc 02       		.byte	0x2
 543 00bd 3E02     		.2byte	0x23e
 544 00bf C3000000 		.4byte	0xc3
 545 00c3 07       		.uleb128 0x7
 546 00c4 8C000000 		.4byte	0x8c
 547 00c8 06       		.uleb128 0x6
 548 00c9 5E010000 		.4byte	.LASF17
 549 00cd 02       		.byte	0x2
 550 00ce 4E02     		.2byte	0x24e
 551 00d0 72000000 		.4byte	0x72
 552 00d4 08       		.uleb128 0x8
 553 00d5 A5000000 		.4byte	.LASF22
 554 00d9 01       		.byte	0x1
 555 00da 5D01     		.2byte	0x15d
 556 00dc 01       		.byte	0x1
 557 00dd 09       		.uleb128 0x9
 558 00de 06010000 		.4byte	.LASF18
 559 00e2 01       		.byte	0x1
 560 00e3 C8       		.byte	0xc8
 561 00e4 01       		.byte	0x1
 562 00e5 00010000 		.4byte	0x100
 563 00e9 0A       		.uleb128 0xa
 564 00ea 3F010000 		.4byte	.LASF20
 565 00ee 01       		.byte	0x1
 566 00ef C8       		.byte	0xc8
 567 00f0 C8000000 		.4byte	0xc8
 568 00f4 0B       		.uleb128 0xb
 569 00f5 87010000 		.4byte	.LASF29
 570 00f9 01       		.byte	0x1
 571 00fa CA       		.byte	0xca
 572 00fb 00010000 		.4byte	0x100
 573 00ff 00       		.byte	0
 574 0100 04       		.uleb128 0x4
 575 0101 04       		.byte	0x4
 576 0102 C8000000 		.4byte	0xc8
 577 0106 0C       		.uleb128 0xc
 578 0107 90000000 		.4byte	.LASF19
 579 010b 01       		.byte	0x1
 580 010c 0201     		.2byte	0x102
 581 010e 01       		.byte	0x1
 582 010f 20010000 		.4byte	0x120
 583 0113 0D       		.uleb128 0xd
 584 0114 E7000000 		.4byte	.LASF21
 585 0118 01       		.byte	0x1
 586 0119 0201     		.2byte	0x102
 587 011b 80000000 		.4byte	0x80
 588 011f 00       		.byte	0
 589 0120 08       		.uleb128 0x8
 590 0121 A8020000 		.4byte	.LASF23
 591 0125 01       		.byte	0x1
ARM GAS  C:\Users\yqh\AppData\Local\Temp\ccgpWESE.s 			page 19


 592 0126 3301     		.2byte	0x133
 593 0128 01       		.byte	0x1
 594 0129 0E       		.uleb128 0xe
 595 012a 73020000 		.4byte	.LASF30
 596 012e 01       		.byte	0x1
 597 012f A0       		.byte	0xa0
 598 0130 00000000 		.4byte	.LFB3
 599 0134 02000000 		.4byte	.LFE3-.LFB3
 600 0138 01       		.uleb128 0x1
 601 0139 9C       		.byte	0x9c
 602 013a 0F       		.uleb128 0xf
 603 013b F0000000 		.4byte	.LASF24
 604 013f 01       		.byte	0x1
 605 0140 3D       		.byte	0x3d
 606 0141 00000000 		.4byte	.LFB0
 607 0145 2C000000 		.4byte	.LFE0-.LFB0
 608 0149 01       		.uleb128 0x1
 609 014a 9C       		.byte	0x9c
 610 014b BB010000 		.4byte	0x1bb
 611 014f 10       		.uleb128 0x10
 612 0150 D4000000 		.4byte	0xd4
 613 0154 00000000 		.4byte	.LBB22
 614 0158 06000000 		.4byte	.LBE22-.LBB22
 615 015c 01       		.byte	0x1
 616 015d 40       		.byte	0x40
 617 015e 11       		.uleb128 0x11
 618 015f DD000000 		.4byte	0xdd
 619 0163 06000000 		.4byte	.LBB24
 620 0167 0A000000 		.4byte	.LBE24-.LBB24
 621 016b 01       		.byte	0x1
 622 016c 43       		.byte	0x43
 623 016d 91010000 		.4byte	0x191
 624 0171 12       		.uleb128 0x12
 625 0172 E9000000 		.4byte	0xe9
 626 0176 06       		.uleb128 0x6
 627 0177 03       		.byte	0x3
 628 0178 00000000 		.4byte	isr_50us_Interrupt
 629 017c 9F       		.byte	0x9f
 630 017d 13       		.uleb128 0x13
 631 017e 06000000 		.4byte	.LBB25
 632 0182 0A000000 		.4byte	.LBE25-.LBB25
 633 0186 14       		.uleb128 0x14
 634 0187 F4000000 		.4byte	0xf4
 635 018b 00000000 		.4byte	.LLST0
 636 018f 00       		.byte	0
 637 0190 00       		.byte	0
 638 0191 11       		.uleb128 0x11
 639 0192 06010000 		.4byte	0x106
 640 0196 10000000 		.4byte	.LBB26
 641 019a 06000000 		.4byte	.LBE26-.LBB26
 642 019e 01       		.byte	0x1
 643 019f 46       		.byte	0x46
 644 01a0 AB010000 		.4byte	0x1ab
 645 01a4 15       		.uleb128 0x15
 646 01a5 13010000 		.4byte	0x113
 647 01a9 07       		.byte	0x7
 648 01aa 00       		.byte	0
ARM GAS  C:\Users\yqh\AppData\Local\Temp\ccgpWESE.s 			page 20


 649 01ab 10       		.uleb128 0x10
 650 01ac 20010000 		.4byte	0x120
 651 01b0 16000000 		.4byte	.LBB28
 652 01b4 16000000 		.4byte	.LBE28-.LBB28
 653 01b8 01       		.byte	0x1
 654 01b9 49       		.byte	0x49
 655 01ba 00       		.byte	0
 656 01bb 0F       		.uleb128 0xf
 657 01bc B8020000 		.4byte	.LASF25
 658 01c0 01       		.byte	0x1
 659 01c1 68       		.byte	0x68
 660 01c2 00000000 		.4byte	.LFB1
 661 01c6 24000000 		.4byte	.LFE1-.LFB1
 662 01ca 01       		.uleb128 0x1
 663 01cb 9C       		.byte	0x9c
 664 01cc 40020000 		.4byte	0x240
 665 01d0 16       		.uleb128 0x16
 666 01d1 3F010000 		.4byte	.LASF20
 667 01d5 01       		.byte	0x1
 668 01d6 68       		.byte	0x68
 669 01d7 C8000000 		.4byte	0xc8
 670 01db 01       		.uleb128 0x1
 671 01dc 50       		.byte	0x50
 672 01dd 10       		.uleb128 0x10
 673 01de D4000000 		.4byte	0xd4
 674 01e2 00000000 		.4byte	.LBB30
 675 01e6 06000000 		.4byte	.LBE30-.LBB30
 676 01ea 01       		.byte	0x1
 677 01eb 6B       		.byte	0x6b
 678 01ec 17       		.uleb128 0x17
 679 01ed DD000000 		.4byte	0xdd
 680 01f1 06000000 		.4byte	.LBB32
 681 01f5 00000000 		.4byte	.Ldebug_ranges0+0
 682 01f9 01       		.byte	0x1
 683 01fa 6E       		.byte	0x6e
 684 01fb 16020000 		.4byte	0x216
 685 01ff 12       		.uleb128 0x12
 686 0200 E9000000 		.4byte	0xe9
 687 0204 01       		.uleb128 0x1
 688 0205 50       		.byte	0x50
 689 0206 18       		.uleb128 0x18
 690 0207 00000000 		.4byte	.Ldebug_ranges0+0
 691 020b 14       		.uleb128 0x14
 692 020c F4000000 		.4byte	0xf4
 693 0210 13000000 		.4byte	.LLST1
 694 0214 00       		.byte	0
 695 0215 00       		.byte	0
 696 0216 17       		.uleb128 0x17
 697 0217 06010000 		.4byte	0x106
 698 021b 0C000000 		.4byte	.LBB35
 699 021f 18000000 		.4byte	.Ldebug_ranges0+0x18
 700 0223 01       		.byte	0x1
 701 0224 71       		.byte	0x71
 702 0225 30020000 		.4byte	0x230
 703 0229 15       		.uleb128 0x15
 704 022a 13010000 		.4byte	0x113
 705 022e 07       		.byte	0x7
ARM GAS  C:\Users\yqh\AppData\Local\Temp\ccgpWESE.s 			page 21


 706 022f 00       		.byte	0
 707 0230 10       		.uleb128 0x10
 708 0231 20010000 		.4byte	0x120
 709 0235 14000000 		.4byte	.LBB40
 710 0239 10000000 		.4byte	.LBE40-.LBB40
 711 023d 01       		.byte	0x1
 712 023e 74       		.byte	0x74
 713 023f 00       		.byte	0
 714 0240 0F       		.uleb128 0xf
 715 0241 00000000 		.4byte	.LASF26
 716 0245 01       		.byte	0x1
 717 0246 86       		.byte	0x86
 718 0247 00000000 		.4byte	.LFB2
 719 024b 1C000000 		.4byte	.LFE2-.LFB2
 720 024f 01       		.uleb128 0x1
 721 0250 9C       		.byte	0x9c
 722 0251 8B020000 		.4byte	0x28b
 723 0255 10       		.uleb128 0x10
 724 0256 D4000000 		.4byte	0xd4
 725 025a 00000000 		.4byte	.LBB42
 726 025e 06000000 		.4byte	.LBE42-.LBB42
 727 0262 01       		.byte	0x1
 728 0263 89       		.byte	0x89
 729 0264 19       		.uleb128 0x19
 730 0265 DD000000 		.4byte	0xdd
 731 0269 06000000 		.4byte	.LBB44
 732 026d 16000000 		.4byte	.LBE44-.LBB44
 733 0271 01       		.byte	0x1
 734 0272 8C       		.byte	0x8c
 735 0273 1A       		.uleb128 0x1a
 736 0274 E9000000 		.4byte	0xe9
 737 0278 13       		.uleb128 0x13
 738 0279 06000000 		.4byte	.LBB45
 739 027d 16000000 		.4byte	.LBE45-.LBB45
 740 0281 1B       		.uleb128 0x1b
 741 0282 F4000000 		.4byte	0xf4
 742 0286 01       		.uleb128 0x1
 743 0287 53       		.byte	0x53
 744 0288 00       		.byte	0
 745 0289 00       		.byte	0
 746 028a 00       		.byte	0
 747 028b 1C       		.uleb128 0x1c
 748 028c DD000000 		.4byte	0xdd
 749 0290 00000000 		.4byte	.LFB4
 750 0294 0C000000 		.4byte	.LFE4-.LFB4
 751 0298 01       		.uleb128 0x1
 752 0299 9C       		.byte	0x9c
 753 029a AD020000 		.4byte	0x2ad
 754 029e 12       		.uleb128 0x12
 755 029f E9000000 		.4byte	0xe9
 756 02a3 01       		.uleb128 0x1
 757 02a4 50       		.byte	0x50
 758 02a5 1B       		.uleb128 0x1b
 759 02a6 F4000000 		.4byte	0xf4
 760 02aa 01       		.uleb128 0x1
 761 02ab 53       		.byte	0x53
 762 02ac 00       		.byte	0
ARM GAS  C:\Users\yqh\AppData\Local\Temp\ccgpWESE.s 			page 22


 763 02ad 1D       		.uleb128 0x1d
 764 02ae 43020000 		.4byte	.LASF27
 765 02b2 01       		.byte	0x1
 766 02b3 E0       		.byte	0xe0
 767 02b4 C8000000 		.4byte	0xc8
 768 02b8 00000000 		.4byte	.LFB5
 769 02bc 0C000000 		.4byte	.LFE5-.LFB5
 770 02c0 01       		.uleb128 0x1
 771 02c1 9C       		.byte	0x9c
 772 02c2 D6020000 		.4byte	0x2d6
 773 02c6 1E       		.uleb128 0x1e
 774 02c7 87010000 		.4byte	.LASF29
 775 02cb 01       		.byte	0x1
 776 02cc E2       		.byte	0xe2
 777 02cd 00010000 		.4byte	0x100
 778 02d1 26000000 		.4byte	.LLST2
 779 02d5 00       		.byte	0
 780 02d6 1C       		.uleb128 0x1c
 781 02d7 06010000 		.4byte	0x106
 782 02db 00000000 		.4byte	.LFB6
 783 02df 10000000 		.4byte	.LFE6-.LFB6
 784 02e3 01       		.uleb128 0x1
 785 02e4 9C       		.byte	0x9c
 786 02e5 F3020000 		.4byte	0x2f3
 787 02e9 1F       		.uleb128 0x1f
 788 02ea 13010000 		.4byte	0x113
 789 02ee 55000000 		.4byte	.LLST3
 790 02f2 00       		.byte	0
 791 02f3 20       		.uleb128 0x20
 792 02f4 A0010000 		.4byte	.LASF28
 793 02f8 01       		.byte	0x1
 794 02f9 1801     		.2byte	0x118
 795 02fb 80000000 		.4byte	0x80
 796 02ff 00000000 		.4byte	.LFB7
 797 0303 0C000000 		.4byte	.LFE7-.LFB7
 798 0307 01       		.uleb128 0x1
 799 0308 9C       		.byte	0x9c
 800 0309 1E030000 		.4byte	0x31e
 801 030d 21       		.uleb128 0x21
 802 030e E7000000 		.4byte	.LASF21
 803 0312 01       		.byte	0x1
 804 0313 1A01     		.2byte	0x11a
 805 0315 80000000 		.4byte	0x80
 806 0319 76000000 		.4byte	.LLST4
 807 031d 00       		.byte	0
 808 031e 22       		.uleb128 0x22
 809 031f 20010000 		.4byte	0x120
 810 0323 00000000 		.4byte	.LFB8
 811 0327 0C000000 		.4byte	.LFE8-.LFB8
 812 032b 01       		.uleb128 0x1
 813 032c 9C       		.byte	0x9c
 814 032d 23       		.uleb128 0x23
 815 032e 2D010000 		.4byte	.LASF36
 816 0332 01       		.byte	0x1
 817 0333 4801     		.2byte	0x148
 818 0335 80000000 		.4byte	0x80
 819 0339 00000000 		.4byte	.LFB9
ARM GAS  C:\Users\yqh\AppData\Local\Temp\ccgpWESE.s 			page 23


 820 033d 10000000 		.4byte	.LFE9-.LFB9
 821 0341 01       		.uleb128 0x1
 822 0342 9C       		.byte	0x9c
 823 0343 22       		.uleb128 0x22
 824 0344 D4000000 		.4byte	0xd4
 825 0348 00000000 		.4byte	.LFB10
 826 034c 0C000000 		.4byte	.LFE10-.LFB10
 827 0350 01       		.uleb128 0x1
 828 0351 9C       		.byte	0x9c
 829 0352 24       		.uleb128 0x24
 830 0353 5F020000 		.4byte	.LASF31
 831 0357 01       		.byte	0x1
 832 0358 7801     		.2byte	0x178
 833 035a 00000000 		.4byte	.LFB11
 834 035e 0C000000 		.4byte	.LFE11-.LFB11
 835 0362 01       		.uleb128 0x1
 836 0363 9C       		.byte	0x9c
 837 0364 24       		.uleb128 0x24
 838 0365 92020000 		.4byte	.LASF32
 839 0369 01       		.byte	0x1
 840 036a 9101     		.2byte	0x191
 841 036c 00000000 		.4byte	.LFB12
 842 0370 0C000000 		.4byte	.LFE12-.LFB12
 843 0374 01       		.uleb128 0x1
 844 0375 9C       		.byte	0x9c
 845 0376 00       		.byte	0
 846              		.section	.debug_abbrev,"",%progbits
 847              	.Ldebug_abbrev0:
 848 0000 01       		.uleb128 0x1
 849 0001 11       		.uleb128 0x11
 850 0002 01       		.byte	0x1
 851 0003 25       		.uleb128 0x25
 852 0004 0E       		.uleb128 0xe
 853 0005 13       		.uleb128 0x13
 854 0006 0B       		.uleb128 0xb
 855 0007 03       		.uleb128 0x3
 856 0008 0E       		.uleb128 0xe
 857 0009 1B       		.uleb128 0x1b
 858 000a 0E       		.uleb128 0xe
 859 000b 55       		.uleb128 0x55
 860 000c 17       		.uleb128 0x17
 861 000d 11       		.uleb128 0x11
 862 000e 01       		.uleb128 0x1
 863 000f 10       		.uleb128 0x10
 864 0010 17       		.uleb128 0x17
 865 0011 00       		.byte	0
 866 0012 00       		.byte	0
 867 0013 02       		.uleb128 0x2
 868 0014 24       		.uleb128 0x24
 869 0015 00       		.byte	0
 870 0016 0B       		.uleb128 0xb
 871 0017 0B       		.uleb128 0xb
 872 0018 3E       		.uleb128 0x3e
 873 0019 0B       		.uleb128 0xb
 874 001a 03       		.uleb128 0x3
 875 001b 08       		.uleb128 0x8
 876 001c 00       		.byte	0
ARM GAS  C:\Users\yqh\AppData\Local\Temp\ccgpWESE.s 			page 24


 877 001d 00       		.byte	0
 878 001e 03       		.uleb128 0x3
 879 001f 24       		.uleb128 0x24
 880 0020 00       		.byte	0
 881 0021 0B       		.uleb128 0xb
 882 0022 0B       		.uleb128 0xb
 883 0023 3E       		.uleb128 0x3e
 884 0024 0B       		.uleb128 0xb
 885 0025 03       		.uleb128 0x3
 886 0026 0E       		.uleb128 0xe
 887 0027 00       		.byte	0
 888 0028 00       		.byte	0
 889 0029 04       		.uleb128 0x4
 890 002a 0F       		.uleb128 0xf
 891 002b 00       		.byte	0
 892 002c 0B       		.uleb128 0xb
 893 002d 0B       		.uleb128 0xb
 894 002e 49       		.uleb128 0x49
 895 002f 13       		.uleb128 0x13
 896 0030 00       		.byte	0
 897 0031 00       		.byte	0
 898 0032 05       		.uleb128 0x5
 899 0033 15       		.uleb128 0x15
 900 0034 00       		.byte	0
 901 0035 27       		.uleb128 0x27
 902 0036 19       		.uleb128 0x19
 903 0037 00       		.byte	0
 904 0038 00       		.byte	0
 905 0039 06       		.uleb128 0x6
 906 003a 16       		.uleb128 0x16
 907 003b 00       		.byte	0
 908 003c 03       		.uleb128 0x3
 909 003d 0E       		.uleb128 0xe
 910 003e 3A       		.uleb128 0x3a
 911 003f 0B       		.uleb128 0xb
 912 0040 3B       		.uleb128 0x3b
 913 0041 05       		.uleb128 0x5
 914 0042 49       		.uleb128 0x49
 915 0043 13       		.uleb128 0x13
 916 0044 00       		.byte	0
 917 0045 00       		.byte	0
 918 0046 07       		.uleb128 0x7
 919 0047 35       		.uleb128 0x35
 920 0048 00       		.byte	0
 921 0049 49       		.uleb128 0x49
 922 004a 13       		.uleb128 0x13
 923 004b 00       		.byte	0
 924 004c 00       		.byte	0
 925 004d 08       		.uleb128 0x8
 926 004e 2E       		.uleb128 0x2e
 927 004f 00       		.byte	0
 928 0050 3F       		.uleb128 0x3f
 929 0051 19       		.uleb128 0x19
 930 0052 03       		.uleb128 0x3
 931 0053 0E       		.uleb128 0xe
 932 0054 3A       		.uleb128 0x3a
 933 0055 0B       		.uleb128 0xb
ARM GAS  C:\Users\yqh\AppData\Local\Temp\ccgpWESE.s 			page 25


 934 0056 3B       		.uleb128 0x3b
 935 0057 05       		.uleb128 0x5
 936 0058 27       		.uleb128 0x27
 937 0059 19       		.uleb128 0x19
 938 005a 20       		.uleb128 0x20
 939 005b 0B       		.uleb128 0xb
 940 005c 00       		.byte	0
 941 005d 00       		.byte	0
 942 005e 09       		.uleb128 0x9
 943 005f 2E       		.uleb128 0x2e
 944 0060 01       		.byte	0x1
 945 0061 3F       		.uleb128 0x3f
 946 0062 19       		.uleb128 0x19
 947 0063 03       		.uleb128 0x3
 948 0064 0E       		.uleb128 0xe
 949 0065 3A       		.uleb128 0x3a
 950 0066 0B       		.uleb128 0xb
 951 0067 3B       		.uleb128 0x3b
 952 0068 0B       		.uleb128 0xb
 953 0069 27       		.uleb128 0x27
 954 006a 19       		.uleb128 0x19
 955 006b 20       		.uleb128 0x20
 956 006c 0B       		.uleb128 0xb
 957 006d 01       		.uleb128 0x1
 958 006e 13       		.uleb128 0x13
 959 006f 00       		.byte	0
 960 0070 00       		.byte	0
 961 0071 0A       		.uleb128 0xa
 962 0072 05       		.uleb128 0x5
 963 0073 00       		.byte	0
 964 0074 03       		.uleb128 0x3
 965 0075 0E       		.uleb128 0xe
 966 0076 3A       		.uleb128 0x3a
 967 0077 0B       		.uleb128 0xb
 968 0078 3B       		.uleb128 0x3b
 969 0079 0B       		.uleb128 0xb
 970 007a 49       		.uleb128 0x49
 971 007b 13       		.uleb128 0x13
 972 007c 00       		.byte	0
 973 007d 00       		.byte	0
 974 007e 0B       		.uleb128 0xb
 975 007f 34       		.uleb128 0x34
 976 0080 00       		.byte	0
 977 0081 03       		.uleb128 0x3
 978 0082 0E       		.uleb128 0xe
 979 0083 3A       		.uleb128 0x3a
 980 0084 0B       		.uleb128 0xb
 981 0085 3B       		.uleb128 0x3b
 982 0086 0B       		.uleb128 0xb
 983 0087 49       		.uleb128 0x49
 984 0088 13       		.uleb128 0x13
 985 0089 00       		.byte	0
 986 008a 00       		.byte	0
 987 008b 0C       		.uleb128 0xc
 988 008c 2E       		.uleb128 0x2e
 989 008d 01       		.byte	0x1
 990 008e 3F       		.uleb128 0x3f
ARM GAS  C:\Users\yqh\AppData\Local\Temp\ccgpWESE.s 			page 26


 991 008f 19       		.uleb128 0x19
 992 0090 03       		.uleb128 0x3
 993 0091 0E       		.uleb128 0xe
 994 0092 3A       		.uleb128 0x3a
 995 0093 0B       		.uleb128 0xb
 996 0094 3B       		.uleb128 0x3b
 997 0095 05       		.uleb128 0x5
 998 0096 27       		.uleb128 0x27
 999 0097 19       		.uleb128 0x19
 1000 0098 20       		.uleb128 0x20
 1001 0099 0B       		.uleb128 0xb
 1002 009a 01       		.uleb128 0x1
 1003 009b 13       		.uleb128 0x13
 1004 009c 00       		.byte	0
 1005 009d 00       		.byte	0
 1006 009e 0D       		.uleb128 0xd
 1007 009f 05       		.uleb128 0x5
 1008 00a0 00       		.byte	0
 1009 00a1 03       		.uleb128 0x3
 1010 00a2 0E       		.uleb128 0xe
 1011 00a3 3A       		.uleb128 0x3a
 1012 00a4 0B       		.uleb128 0xb
 1013 00a5 3B       		.uleb128 0x3b
 1014 00a6 05       		.uleb128 0x5
 1015 00a7 49       		.uleb128 0x49
 1016 00a8 13       		.uleb128 0x13
 1017 00a9 00       		.byte	0
 1018 00aa 00       		.byte	0
 1019 00ab 0E       		.uleb128 0xe
 1020 00ac 2E       		.uleb128 0x2e
 1021 00ad 00       		.byte	0
 1022 00ae 3F       		.uleb128 0x3f
 1023 00af 19       		.uleb128 0x19
 1024 00b0 03       		.uleb128 0x3
 1025 00b1 0E       		.uleb128 0xe
 1026 00b2 3A       		.uleb128 0x3a
 1027 00b3 0B       		.uleb128 0xb
 1028 00b4 3B       		.uleb128 0x3b
 1029 00b5 0B       		.uleb128 0xb
 1030 00b6 27       		.uleb128 0x27
 1031 00b7 19       		.uleb128 0x19
 1032 00b8 11       		.uleb128 0x11
 1033 00b9 01       		.uleb128 0x1
 1034 00ba 12       		.uleb128 0x12
 1035 00bb 06       		.uleb128 0x6
 1036 00bc 40       		.uleb128 0x40
 1037 00bd 18       		.uleb128 0x18
 1038 00be 9742     		.uleb128 0x2117
 1039 00c0 19       		.uleb128 0x19
 1040 00c1 00       		.byte	0
 1041 00c2 00       		.byte	0
 1042 00c3 0F       		.uleb128 0xf
 1043 00c4 2E       		.uleb128 0x2e
 1044 00c5 01       		.byte	0x1
 1045 00c6 3F       		.uleb128 0x3f
 1046 00c7 19       		.uleb128 0x19
 1047 00c8 03       		.uleb128 0x3
ARM GAS  C:\Users\yqh\AppData\Local\Temp\ccgpWESE.s 			page 27


 1048 00c9 0E       		.uleb128 0xe
 1049 00ca 3A       		.uleb128 0x3a
 1050 00cb 0B       		.uleb128 0xb
 1051 00cc 3B       		.uleb128 0x3b
 1052 00cd 0B       		.uleb128 0xb
 1053 00ce 27       		.uleb128 0x27
 1054 00cf 19       		.uleb128 0x19
 1055 00d0 11       		.uleb128 0x11
 1056 00d1 01       		.uleb128 0x1
 1057 00d2 12       		.uleb128 0x12
 1058 00d3 06       		.uleb128 0x6
 1059 00d4 40       		.uleb128 0x40
 1060 00d5 18       		.uleb128 0x18
 1061 00d6 9742     		.uleb128 0x2117
 1062 00d8 19       		.uleb128 0x19
 1063 00d9 01       		.uleb128 0x1
 1064 00da 13       		.uleb128 0x13
 1065 00db 00       		.byte	0
 1066 00dc 00       		.byte	0
 1067 00dd 10       		.uleb128 0x10
 1068 00de 1D       		.uleb128 0x1d
 1069 00df 00       		.byte	0
 1070 00e0 31       		.uleb128 0x31
 1071 00e1 13       		.uleb128 0x13
 1072 00e2 11       		.uleb128 0x11
 1073 00e3 01       		.uleb128 0x1
 1074 00e4 12       		.uleb128 0x12
 1075 00e5 06       		.uleb128 0x6
 1076 00e6 58       		.uleb128 0x58
 1077 00e7 0B       		.uleb128 0xb
 1078 00e8 59       		.uleb128 0x59
 1079 00e9 0B       		.uleb128 0xb
 1080 00ea 00       		.byte	0
 1081 00eb 00       		.byte	0
 1082 00ec 11       		.uleb128 0x11
 1083 00ed 1D       		.uleb128 0x1d
 1084 00ee 01       		.byte	0x1
 1085 00ef 31       		.uleb128 0x31
 1086 00f0 13       		.uleb128 0x13
 1087 00f1 11       		.uleb128 0x11
 1088 00f2 01       		.uleb128 0x1
 1089 00f3 12       		.uleb128 0x12
 1090 00f4 06       		.uleb128 0x6
 1091 00f5 58       		.uleb128 0x58
 1092 00f6 0B       		.uleb128 0xb
 1093 00f7 59       		.uleb128 0x59
 1094 00f8 0B       		.uleb128 0xb
 1095 00f9 01       		.uleb128 0x1
 1096 00fa 13       		.uleb128 0x13
 1097 00fb 00       		.byte	0
 1098 00fc 00       		.byte	0
 1099 00fd 12       		.uleb128 0x12
 1100 00fe 05       		.uleb128 0x5
 1101 00ff 00       		.byte	0
 1102 0100 31       		.uleb128 0x31
 1103 0101 13       		.uleb128 0x13
 1104 0102 02       		.uleb128 0x2
ARM GAS  C:\Users\yqh\AppData\Local\Temp\ccgpWESE.s 			page 28


 1105 0103 18       		.uleb128 0x18
 1106 0104 00       		.byte	0
 1107 0105 00       		.byte	0
 1108 0106 13       		.uleb128 0x13
 1109 0107 0B       		.uleb128 0xb
 1110 0108 01       		.byte	0x1
 1111 0109 11       		.uleb128 0x11
 1112 010a 01       		.uleb128 0x1
 1113 010b 12       		.uleb128 0x12
 1114 010c 06       		.uleb128 0x6
 1115 010d 00       		.byte	0
 1116 010e 00       		.byte	0
 1117 010f 14       		.uleb128 0x14
 1118 0110 34       		.uleb128 0x34
 1119 0111 00       		.byte	0
 1120 0112 31       		.uleb128 0x31
 1121 0113 13       		.uleb128 0x13
 1122 0114 02       		.uleb128 0x2
 1123 0115 17       		.uleb128 0x17
 1124 0116 00       		.byte	0
 1125 0117 00       		.byte	0
 1126 0118 15       		.uleb128 0x15
 1127 0119 05       		.uleb128 0x5
 1128 011a 00       		.byte	0
 1129 011b 31       		.uleb128 0x31
 1130 011c 13       		.uleb128 0x13
 1131 011d 1C       		.uleb128 0x1c
 1132 011e 0B       		.uleb128 0xb
 1133 011f 00       		.byte	0
 1134 0120 00       		.byte	0
 1135 0121 16       		.uleb128 0x16
 1136 0122 05       		.uleb128 0x5
 1137 0123 00       		.byte	0
 1138 0124 03       		.uleb128 0x3
 1139 0125 0E       		.uleb128 0xe
 1140 0126 3A       		.uleb128 0x3a
 1141 0127 0B       		.uleb128 0xb
 1142 0128 3B       		.uleb128 0x3b
 1143 0129 0B       		.uleb128 0xb
 1144 012a 49       		.uleb128 0x49
 1145 012b 13       		.uleb128 0x13
 1146 012c 02       		.uleb128 0x2
 1147 012d 18       		.uleb128 0x18
 1148 012e 00       		.byte	0
 1149 012f 00       		.byte	0
 1150 0130 17       		.uleb128 0x17
 1151 0131 1D       		.uleb128 0x1d
 1152 0132 01       		.byte	0x1
 1153 0133 31       		.uleb128 0x31
 1154 0134 13       		.uleb128 0x13
 1155 0135 52       		.uleb128 0x52
 1156 0136 01       		.uleb128 0x1
 1157 0137 55       		.uleb128 0x55
 1158 0138 17       		.uleb128 0x17
 1159 0139 58       		.uleb128 0x58
 1160 013a 0B       		.uleb128 0xb
 1161 013b 59       		.uleb128 0x59
ARM GAS  C:\Users\yqh\AppData\Local\Temp\ccgpWESE.s 			page 29


 1162 013c 0B       		.uleb128 0xb
 1163 013d 01       		.uleb128 0x1
 1164 013e 13       		.uleb128 0x13
 1165 013f 00       		.byte	0
 1166 0140 00       		.byte	0
 1167 0141 18       		.uleb128 0x18
 1168 0142 0B       		.uleb128 0xb
 1169 0143 01       		.byte	0x1
 1170 0144 55       		.uleb128 0x55
 1171 0145 17       		.uleb128 0x17
 1172 0146 00       		.byte	0
 1173 0147 00       		.byte	0
 1174 0148 19       		.uleb128 0x19
 1175 0149 1D       		.uleb128 0x1d
 1176 014a 01       		.byte	0x1
 1177 014b 31       		.uleb128 0x31
 1178 014c 13       		.uleb128 0x13
 1179 014d 11       		.uleb128 0x11
 1180 014e 01       		.uleb128 0x1
 1181 014f 12       		.uleb128 0x12
 1182 0150 06       		.uleb128 0x6
 1183 0151 58       		.uleb128 0x58
 1184 0152 0B       		.uleb128 0xb
 1185 0153 59       		.uleb128 0x59
 1186 0154 0B       		.uleb128 0xb
 1187 0155 00       		.byte	0
 1188 0156 00       		.byte	0
 1189 0157 1A       		.uleb128 0x1a
 1190 0158 05       		.uleb128 0x5
 1191 0159 00       		.byte	0
 1192 015a 31       		.uleb128 0x31
 1193 015b 13       		.uleb128 0x13
 1194 015c 00       		.byte	0
 1195 015d 00       		.byte	0
 1196 015e 1B       		.uleb128 0x1b
 1197 015f 34       		.uleb128 0x34
 1198 0160 00       		.byte	0
 1199 0161 31       		.uleb128 0x31
 1200 0162 13       		.uleb128 0x13
 1201 0163 02       		.uleb128 0x2
 1202 0164 18       		.uleb128 0x18
 1203 0165 00       		.byte	0
 1204 0166 00       		.byte	0
 1205 0167 1C       		.uleb128 0x1c
 1206 0168 2E       		.uleb128 0x2e
 1207 0169 01       		.byte	0x1
 1208 016a 31       		.uleb128 0x31
 1209 016b 13       		.uleb128 0x13
 1210 016c 11       		.uleb128 0x11
 1211 016d 01       		.uleb128 0x1
 1212 016e 12       		.uleb128 0x12
 1213 016f 06       		.uleb128 0x6
 1214 0170 40       		.uleb128 0x40
 1215 0171 18       		.uleb128 0x18
 1216 0172 9742     		.uleb128 0x2117
 1217 0174 19       		.uleb128 0x19
 1218 0175 01       		.uleb128 0x1
ARM GAS  C:\Users\yqh\AppData\Local\Temp\ccgpWESE.s 			page 30


 1219 0176 13       		.uleb128 0x13
 1220 0177 00       		.byte	0
 1221 0178 00       		.byte	0
 1222 0179 1D       		.uleb128 0x1d
 1223 017a 2E       		.uleb128 0x2e
 1224 017b 01       		.byte	0x1
 1225 017c 3F       		.uleb128 0x3f
 1226 017d 19       		.uleb128 0x19
 1227 017e 03       		.uleb128 0x3
 1228 017f 0E       		.uleb128 0xe
 1229 0180 3A       		.uleb128 0x3a
 1230 0181 0B       		.uleb128 0xb
 1231 0182 3B       		.uleb128 0x3b
 1232 0183 0B       		.uleb128 0xb
 1233 0184 27       		.uleb128 0x27
 1234 0185 19       		.uleb128 0x19
 1235 0186 49       		.uleb128 0x49
 1236 0187 13       		.uleb128 0x13
 1237 0188 11       		.uleb128 0x11
 1238 0189 01       		.uleb128 0x1
 1239 018a 12       		.uleb128 0x12
 1240 018b 06       		.uleb128 0x6
 1241 018c 40       		.uleb128 0x40
 1242 018d 18       		.uleb128 0x18
 1243 018e 9742     		.uleb128 0x2117
 1244 0190 19       		.uleb128 0x19
 1245 0191 01       		.uleb128 0x1
 1246 0192 13       		.uleb128 0x13
 1247 0193 00       		.byte	0
 1248 0194 00       		.byte	0
 1249 0195 1E       		.uleb128 0x1e
 1250 0196 34       		.uleb128 0x34
 1251 0197 00       		.byte	0
 1252 0198 03       		.uleb128 0x3
 1253 0199 0E       		.uleb128 0xe
 1254 019a 3A       		.uleb128 0x3a
 1255 019b 0B       		.uleb128 0xb
 1256 019c 3B       		.uleb128 0x3b
 1257 019d 0B       		.uleb128 0xb
 1258 019e 49       		.uleb128 0x49
 1259 019f 13       		.uleb128 0x13
 1260 01a0 02       		.uleb128 0x2
 1261 01a1 17       		.uleb128 0x17
 1262 01a2 00       		.byte	0
 1263 01a3 00       		.byte	0
 1264 01a4 1F       		.uleb128 0x1f
 1265 01a5 05       		.uleb128 0x5
 1266 01a6 00       		.byte	0
 1267 01a7 31       		.uleb128 0x31
 1268 01a8 13       		.uleb128 0x13
 1269 01a9 02       		.uleb128 0x2
 1270 01aa 17       		.uleb128 0x17
 1271 01ab 00       		.byte	0
 1272 01ac 00       		.byte	0
 1273 01ad 20       		.uleb128 0x20
 1274 01ae 2E       		.uleb128 0x2e
 1275 01af 01       		.byte	0x1
ARM GAS  C:\Users\yqh\AppData\Local\Temp\ccgpWESE.s 			page 31


 1276 01b0 3F       		.uleb128 0x3f
 1277 01b1 19       		.uleb128 0x19
 1278 01b2 03       		.uleb128 0x3
 1279 01b3 0E       		.uleb128 0xe
 1280 01b4 3A       		.uleb128 0x3a
 1281 01b5 0B       		.uleb128 0xb
 1282 01b6 3B       		.uleb128 0x3b
 1283 01b7 05       		.uleb128 0x5
 1284 01b8 27       		.uleb128 0x27
 1285 01b9 19       		.uleb128 0x19
 1286 01ba 49       		.uleb128 0x49
 1287 01bb 13       		.uleb128 0x13
 1288 01bc 11       		.uleb128 0x11
 1289 01bd 01       		.uleb128 0x1
 1290 01be 12       		.uleb128 0x12
 1291 01bf 06       		.uleb128 0x6
 1292 01c0 40       		.uleb128 0x40
 1293 01c1 18       		.uleb128 0x18
 1294 01c2 9742     		.uleb128 0x2117
 1295 01c4 19       		.uleb128 0x19
 1296 01c5 01       		.uleb128 0x1
 1297 01c6 13       		.uleb128 0x13
 1298 01c7 00       		.byte	0
 1299 01c8 00       		.byte	0
 1300 01c9 21       		.uleb128 0x21
 1301 01ca 34       		.uleb128 0x34
 1302 01cb 00       		.byte	0
 1303 01cc 03       		.uleb128 0x3
 1304 01cd 0E       		.uleb128 0xe
 1305 01ce 3A       		.uleb128 0x3a
 1306 01cf 0B       		.uleb128 0xb
 1307 01d0 3B       		.uleb128 0x3b
 1308 01d1 05       		.uleb128 0x5
 1309 01d2 49       		.uleb128 0x49
 1310 01d3 13       		.uleb128 0x13
 1311 01d4 02       		.uleb128 0x2
 1312 01d5 17       		.uleb128 0x17
 1313 01d6 00       		.byte	0
 1314 01d7 00       		.byte	0
 1315 01d8 22       		.uleb128 0x22
 1316 01d9 2E       		.uleb128 0x2e
 1317 01da 00       		.byte	0
 1318 01db 31       		.uleb128 0x31
 1319 01dc 13       		.uleb128 0x13
 1320 01dd 11       		.uleb128 0x11
 1321 01de 01       		.uleb128 0x1
 1322 01df 12       		.uleb128 0x12
 1323 01e0 06       		.uleb128 0x6
 1324 01e1 40       		.uleb128 0x40
 1325 01e2 18       		.uleb128 0x18
 1326 01e3 9742     		.uleb128 0x2117
 1327 01e5 19       		.uleb128 0x19
 1328 01e6 00       		.byte	0
 1329 01e7 00       		.byte	0
 1330 01e8 23       		.uleb128 0x23
 1331 01e9 2E       		.uleb128 0x2e
 1332 01ea 00       		.byte	0
ARM GAS  C:\Users\yqh\AppData\Local\Temp\ccgpWESE.s 			page 32


 1333 01eb 3F       		.uleb128 0x3f
 1334 01ec 19       		.uleb128 0x19
 1335 01ed 03       		.uleb128 0x3
 1336 01ee 0E       		.uleb128 0xe
 1337 01ef 3A       		.uleb128 0x3a
 1338 01f0 0B       		.uleb128 0xb
 1339 01f1 3B       		.uleb128 0x3b
 1340 01f2 05       		.uleb128 0x5
 1341 01f3 27       		.uleb128 0x27
 1342 01f4 19       		.uleb128 0x19
 1343 01f5 49       		.uleb128 0x49
 1344 01f6 13       		.uleb128 0x13
 1345 01f7 11       		.uleb128 0x11
 1346 01f8 01       		.uleb128 0x1
 1347 01f9 12       		.uleb128 0x12
 1348 01fa 06       		.uleb128 0x6
 1349 01fb 40       		.uleb128 0x40
 1350 01fc 18       		.uleb128 0x18
 1351 01fd 9742     		.uleb128 0x2117
 1352 01ff 19       		.uleb128 0x19
 1353 0200 00       		.byte	0
 1354 0201 00       		.byte	0
 1355 0202 24       		.uleb128 0x24
 1356 0203 2E       		.uleb128 0x2e
 1357 0204 00       		.byte	0
 1358 0205 3F       		.uleb128 0x3f
 1359 0206 19       		.uleb128 0x19
 1360 0207 03       		.uleb128 0x3
 1361 0208 0E       		.uleb128 0xe
 1362 0209 3A       		.uleb128 0x3a
 1363 020a 0B       		.uleb128 0xb
 1364 020b 3B       		.uleb128 0x3b
 1365 020c 05       		.uleb128 0x5
 1366 020d 27       		.uleb128 0x27
 1367 020e 19       		.uleb128 0x19
 1368 020f 11       		.uleb128 0x11
 1369 0210 01       		.uleb128 0x1
 1370 0211 12       		.uleb128 0x12
 1371 0212 06       		.uleb128 0x6
 1372 0213 40       		.uleb128 0x40
 1373 0214 18       		.uleb128 0x18
 1374 0215 9742     		.uleb128 0x2117
 1375 0217 19       		.uleb128 0x19
 1376 0218 00       		.byte	0
 1377 0219 00       		.byte	0
 1378 021a 00       		.byte	0
 1379              		.section	.debug_loc,"",%progbits
 1380              	.Ldebug_loc0:
 1381              	.LLST0:
 1382 0000 0C000000 		.4byte	.LVL1
 1383 0004 12000000 		.4byte	.LVL3
 1384 0008 0100     		.2byte	0x1
 1385 000a 52       		.byte	0x52
 1386 000b 00000000 		.4byte	0
 1387 000f 00000000 		.4byte	0
 1388              	.LLST1:
 1389 0013 0C000000 		.4byte	.LVL6
ARM GAS  C:\Users\yqh\AppData\Local\Temp\ccgpWESE.s 			page 33


 1390 0017 12000000 		.4byte	.LVL8
 1391 001b 0100     		.2byte	0x1
 1392 001d 52       		.byte	0x52
 1393 001e 00000000 		.4byte	0
 1394 0022 00000000 		.4byte	0
 1395              	.LLST2:
 1396 0026 00000000 		.4byte	.LVL13
 1397 002a 02000000 		.4byte	.LVL14
 1398 002e 0600     		.2byte	0x6
 1399 0030 11       		.byte	0x11
 1400 0031 88DA8380 		.sleb128 -536810232
 1400      7E
 1401 0036 02000000 		.4byte	.LVL14
 1402 003a 04000000 		.4byte	.LVL15
 1403 003e 0200     		.2byte	0x2
 1404 0040 73       		.byte	0x73
 1405 0041 00       		.sleb128 0
 1406 0042 04000000 		.4byte	.LVL15
 1407 0046 0C000000 		.4byte	.LFE5
 1408 004a 0100     		.2byte	0x1
 1409 004c 53       		.byte	0x53
 1410 004d 00000000 		.4byte	0
 1411 0051 00000000 		.4byte	0
 1412              	.LLST3:
 1413 0055 00000000 		.4byte	.LVL16
 1414 0059 02000000 		.4byte	.LVL17
 1415 005d 0100     		.2byte	0x1
 1416 005f 50       		.byte	0x50
 1417 0060 02000000 		.4byte	.LVL17
 1418 0064 10000000 		.4byte	.LFE6
 1419 0068 0400     		.2byte	0x4
 1420 006a F3       		.byte	0xf3
 1421 006b 01       		.uleb128 0x1
 1422 006c 50       		.byte	0x50
 1423 006d 9F       		.byte	0x9f
 1424 006e 00000000 		.4byte	0
 1425 0072 00000000 		.4byte	0
 1426              	.LLST4:
 1427 0076 04000000 		.4byte	.LVL18
 1428 007a 06000000 		.4byte	.LVL19
 1429 007e 0500     		.2byte	0x5
 1430 0080 70       		.byte	0x70
 1431 0081 00       		.sleb128 0
 1432 0082 35       		.byte	0x35
 1433 0083 25       		.byte	0x25
 1434 0084 9F       		.byte	0x9f
 1435 0085 00000000 		.4byte	0
 1436 0089 00000000 		.4byte	0
 1437              		.section	.debug_aranges,"",%progbits
 1438 0000 7C000000 		.4byte	0x7c
 1439 0004 0200     		.2byte	0x2
 1440 0006 00000000 		.4byte	.Ldebug_info0
 1441 000a 04       		.byte	0x4
 1442 000b 00       		.byte	0
 1443 000c 0000     		.2byte	0
 1444 000e 0000     		.2byte	0
 1445 0010 00000000 		.4byte	.LFB3
ARM GAS  C:\Users\yqh\AppData\Local\Temp\ccgpWESE.s 			page 34


 1446 0014 02000000 		.4byte	.LFE3-.LFB3
 1447 0018 00000000 		.4byte	.LFB0
 1448 001c 2C000000 		.4byte	.LFE0-.LFB0
 1449 0020 00000000 		.4byte	.LFB1
 1450 0024 24000000 		.4byte	.LFE1-.LFB1
 1451 0028 00000000 		.4byte	.LFB2
 1452 002c 1C000000 		.4byte	.LFE2-.LFB2
 1453 0030 00000000 		.4byte	.LFB4
 1454 0034 0C000000 		.4byte	.LFE4-.LFB4
 1455 0038 00000000 		.4byte	.LFB5
 1456 003c 0C000000 		.4byte	.LFE5-.LFB5
 1457 0040 00000000 		.4byte	.LFB6
 1458 0044 10000000 		.4byte	.LFE6-.LFB6
 1459 0048 00000000 		.4byte	.LFB7
 1460 004c 0C000000 		.4byte	.LFE7-.LFB7
 1461 0050 00000000 		.4byte	.LFB8
 1462 0054 0C000000 		.4byte	.LFE8-.LFB8
 1463 0058 00000000 		.4byte	.LFB9
 1464 005c 10000000 		.4byte	.LFE9-.LFB9
 1465 0060 00000000 		.4byte	.LFB10
 1466 0064 0C000000 		.4byte	.LFE10-.LFB10
 1467 0068 00000000 		.4byte	.LFB11
 1468 006c 0C000000 		.4byte	.LFE11-.LFB11
 1469 0070 00000000 		.4byte	.LFB12
 1470 0074 0C000000 		.4byte	.LFE12-.LFB12
 1471 0078 00000000 		.4byte	0
 1472 007c 00000000 		.4byte	0
 1473              		.section	.debug_ranges,"",%progbits
 1474              	.Ldebug_ranges0:
 1475 0000 06000000 		.4byte	.LBB32
 1476 0004 0C000000 		.4byte	.LBE32
 1477 0008 0E000000 		.4byte	.LBB38
 1478 000c 10000000 		.4byte	.LBE38
 1479 0010 00000000 		.4byte	0
 1480 0014 00000000 		.4byte	0
 1481 0018 0C000000 		.4byte	.LBB35
 1482 001c 0E000000 		.4byte	.LBE35
 1483 0020 10000000 		.4byte	.LBB39
 1484 0024 14000000 		.4byte	.LBE39
 1485 0028 00000000 		.4byte	0
 1486 002c 00000000 		.4byte	0
 1487 0030 00000000 		.4byte	.LFB3
 1488 0034 02000000 		.4byte	.LFE3
 1489 0038 00000000 		.4byte	.LFB0
 1490 003c 2C000000 		.4byte	.LFE0
 1491 0040 00000000 		.4byte	.LFB1
 1492 0044 24000000 		.4byte	.LFE1
 1493 0048 00000000 		.4byte	.LFB2
 1494 004c 1C000000 		.4byte	.LFE2
 1495 0050 00000000 		.4byte	.LFB4
 1496 0054 0C000000 		.4byte	.LFE4
 1497 0058 00000000 		.4byte	.LFB5
 1498 005c 0C000000 		.4byte	.LFE5
 1499 0060 00000000 		.4byte	.LFB6
 1500 0064 10000000 		.4byte	.LFE6
 1501 0068 00000000 		.4byte	.LFB7
 1502 006c 0C000000 		.4byte	.LFE7
ARM GAS  C:\Users\yqh\AppData\Local\Temp\ccgpWESE.s 			page 35


 1503 0070 00000000 		.4byte	.LFB8
 1504 0074 0C000000 		.4byte	.LFE8
 1505 0078 00000000 		.4byte	.LFB9
 1506 007c 10000000 		.4byte	.LFE9
 1507 0080 00000000 		.4byte	.LFB10
 1508 0084 0C000000 		.4byte	.LFE10
 1509 0088 00000000 		.4byte	.LFB11
 1510 008c 0C000000 		.4byte	.LFE11
 1511 0090 00000000 		.4byte	.LFB12
 1512 0094 0C000000 		.4byte	.LFE12
 1513 0098 00000000 		.4byte	0
 1514 009c 00000000 		.4byte	0
 1515              		.section	.debug_line,"",%progbits
 1516              	.Ldebug_line0:
 1517 0000 54010000 		.section	.debug_str,"MS",%progbits,1
 1517      02004500 
 1517      00000201 
 1517      FB0E0D00 
 1517      01010101 
 1518              	.LASF26:
 1519 0000 6973725F 		.ascii	"isr_50us_Stop\000"
 1519      35307573 
 1519      5F53746F 
 1519      7000
 1520              	.LASF16:
 1521 000e 72656733 		.ascii	"reg32\000"
 1521      3200
 1522              	.LASF35:
 1523 0014 433A5C55 		.ascii	"C:\\Users\\yqh\\Documents\\works\\NanoNXT\\Pass_TOC"
 1523      73657273 
 1523      5C797168 
 1523      5C446F63 
 1523      756D656E 
 1524 0041 5C352E30 		.ascii	"\\5.0.3\\nanoNxt_ICM3.cydsn\000"
 1524      2E335C6E 
 1524      616E6F4E 
 1524      78745F49 
 1524      434D332E 
 1525              	.LASF4:
 1526 005b 73686F72 		.ascii	"short unsigned int\000"
 1526      7420756E 
 1526      7369676E 
 1526      65642069 
 1526      6E7400
 1527              	.LASF34:
 1528 006e 47656E65 		.ascii	"Generated_Source\\PSoC5\\isr_50us.c\000"
 1528      72617465 
 1528      645F536F 
 1528      75726365 
 1528      5C50536F 
 1529              	.LASF19:
 1530 0090 6973725F 		.ascii	"isr_50us_SetPriority\000"
 1530      35307573 
 1530      5F536574 
 1530      5072696F 
 1530      72697479 
 1531              	.LASF22:
ARM GAS  C:\Users\yqh\AppData\Local\Temp\ccgpWESE.s 			page 36


 1532 00a5 6973725F 		.ascii	"isr_50us_Disable\000"
 1532      35307573 
 1532      5F446973 
 1532      61626C65 
 1532      00
 1533              	.LASF13:
 1534 00b6 666C6F61 		.ascii	"float\000"
 1534      7400
 1535              	.LASF2:
 1536 00bc 756E7369 		.ascii	"unsigned char\000"
 1536      676E6564 
 1536      20636861 
 1536      7200
 1537              	.LASF15:
 1538 00ca 72656738 		.ascii	"reg8\000"
 1538      00
 1539              	.LASF6:
 1540 00cf 6C6F6E67 		.ascii	"long unsigned int\000"
 1540      20756E73 
 1540      69676E65 
 1540      6420696E 
 1540      7400
 1541              	.LASF11:
 1542 00e1 75696E74 		.ascii	"uint8\000"
 1542      3800
 1543              	.LASF21:
 1544 00e7 7072696F 		.ascii	"priority\000"
 1544      72697479 
 1544      00
 1545              	.LASF24:
 1546 00f0 6973725F 		.ascii	"isr_50us_Start\000"
 1546      35307573 
 1546      5F537461 
 1546      727400
 1547              	.LASF14:
 1548 00ff 646F7562 		.ascii	"double\000"
 1548      6C6500
 1549              	.LASF18:
 1550 0106 6973725F 		.ascii	"isr_50us_SetVector\000"
 1550      35307573 
 1550      5F536574 
 1550      56656374 
 1550      6F7200
 1551              	.LASF12:
 1552 0119 75696E74 		.ascii	"uint32\000"
 1552      333200
 1553              	.LASF0:
 1554 0120 756E7369 		.ascii	"unsigned int\000"
 1554      676E6564 
 1554      20696E74 
 1554      00
 1555              	.LASF36:
 1556 012d 6973725F 		.ascii	"isr_50us_GetState\000"
 1556      35307573 
 1556      5F476574 
 1556      53746174 
 1556      6500
ARM GAS  C:\Users\yqh\AppData\Local\Temp\ccgpWESE.s 			page 37


 1557              	.LASF20:
 1558 013f 61646472 		.ascii	"address\000"
 1558      65737300 
 1559              	.LASF8:
 1560 0147 6C6F6E67 		.ascii	"long long unsigned int\000"
 1560      206C6F6E 
 1560      6720756E 
 1560      7369676E 
 1560      65642069 
 1561              	.LASF17:
 1562 015e 63796973 		.ascii	"cyisraddress\000"
 1562      72616464 
 1562      72657373 
 1562      00
 1563              	.LASF9:
 1564 016b 73697A65 		.ascii	"sizetype\000"
 1564      74797065 
 1564      00
 1565              	.LASF7:
 1566 0174 6C6F6E67 		.ascii	"long long int\000"
 1566      206C6F6E 
 1566      6720696E 
 1566      7400
 1567              	.LASF10:
 1568 0182 63686172 		.ascii	"char\000"
 1568      00
 1569              	.LASF29:
 1570 0187 72616D56 		.ascii	"ramVectorTable\000"
 1570      6563746F 
 1570      72546162 
 1570      6C6500
 1571              	.LASF3:
 1572 0196 73686F72 		.ascii	"short int\000"
 1572      7420696E 
 1572      7400
 1573              	.LASF28:
 1574 01a0 6973725F 		.ascii	"isr_50us_GetPriority\000"
 1574      35307573 
 1574      5F476574 
 1574      5072696F 
 1574      72697479 
 1575              	.LASF33:
 1576 01b5 474E5520 		.ascii	"GNU C 4.9.3 20150303 (release) [ARM/embedded-4_9-br"
 1576      4320342E 
 1576      392E3320 
 1576      32303135 
 1576      30333033 
 1577 01e8 616E6368 		.ascii	"anch revision 221220] -mcpu=cortex-m3 -mthumb -g -O"
 1577      20726576 
 1577      6973696F 
 1577      6E203232 
 1577      31323230 
 1578 021b 73202D66 		.ascii	"s -ffunction-sections -ffat-lto-objects\000"
 1578      66756E63 
 1578      74696F6E 
 1578      2D736563 
 1578      74696F6E 
ARM GAS  C:\Users\yqh\AppData\Local\Temp\ccgpWESE.s 			page 38


 1579              	.LASF27:
 1580 0243 6973725F 		.ascii	"isr_50us_GetVector\000"
 1580      35307573 
 1580      5F476574 
 1580      56656374 
 1580      6F7200
 1581              	.LASF5:
 1582 0256 6C6F6E67 		.ascii	"long int\000"
 1582      20696E74 
 1582      00
 1583              	.LASF31:
 1584 025f 6973725F 		.ascii	"isr_50us_SetPending\000"
 1584      35307573 
 1584      5F536574 
 1584      50656E64 
 1584      696E6700 
 1585              	.LASF30:
 1586 0273 6973725F 		.ascii	"isr_50us_Interrupt\000"
 1586      35307573 
 1586      5F496E74 
 1586      65727275 
 1586      707400
 1587              	.LASF1:
 1588 0286 7369676E 		.ascii	"signed char\000"
 1588      65642063 
 1588      68617200 
 1589              	.LASF32:
 1590 0292 6973725F 		.ascii	"isr_50us_ClearPending\000"
 1590      35307573 
 1590      5F436C65 
 1590      61725065 
 1590      6E64696E 
 1591              	.LASF23:
 1592 02a8 6973725F 		.ascii	"isr_50us_Enable\000"
 1592      35307573 
 1592      5F456E61 
 1592      626C6500 
 1593              	.LASF25:
 1594 02b8 6973725F 		.ascii	"isr_50us_StartEx\000"
 1594      35307573 
 1594      5F537461 
 1594      72744578 
 1594      00
 1595              		.ident	"GCC: (GNU Tools for ARM Embedded Processors) 4.9.3 20150303 (release) [ARM/embedded-4_9-br
