ARM GAS  C:\Users\yqh\AppData\Local\Temp\cctIgCNR.s 			page 1


   1              		.syntax unified
   2              		.cpu cortex-m3
   3              		.fpu softvfp
   4              		.eabi_attribute 20, 1
   5              		.eabi_attribute 21, 1
   6              		.eabi_attribute 23, 3
   7              		.eabi_attribute 24, 1
   8              		.eabi_attribute 25, 1
   9              		.eabi_attribute 26, 1
  10              		.eabi_attribute 30, 6
  11              		.eabi_attribute 34, 1
  12              		.eabi_attribute 18, 4
  13              		.thumb
  14              		.file	"soft_uart.c"
  15              		.text
  16              	.Ltext0:
  17              		.cfi_sections	.debug_frame
  18              		.section	.text.SU_Start,"ax",%progbits
  19              		.align	2
  20              		.global	SU_Start
  21              		.thumb
  22              		.thumb_func
  23              		.type	SU_Start, %function
  24              	SU_Start:
  25              	.LFB63:
  26              		.file 1 ".\\soft_uart.c"
   1:.\soft_uart.c **** /* ========================================
   2:.\soft_uart.c ****  *
   3:.\soft_uart.c ****  * Copyright YOUR COMPANY, THE YEAR
   4:.\soft_uart.c ****  * All Rights Reserved
   5:.\soft_uart.c ****  * UNPUBLISHED, LICENSED SOFTWARE.
   6:.\soft_uart.c ****  *
   7:.\soft_uart.c ****  * CONFIDENTIAL AND PROPRIETARY INFORMATION
   8:.\soft_uart.c ****  * WHICH IS THE PROPERTY OF your company.
   9:.\soft_uart.c ****  *
  10:.\soft_uart.c ****  * ========================================
  11:.\soft_uart.c **** */
  12:.\soft_uart.c **** #include <project.h>
  13:.\soft_uart.c **** #include "softuart.h"
  14:.\soft_uart.c **** 
  15:.\soft_uart.c **** 
  16:.\soft_uart.c **** 
  17:.\soft_uart.c **** 
  18:.\soft_uart.c **** void SU_Start(SOFT_UART_STRUCT *s, int baud, int  parity, int stop)
  19:.\soft_uart.c **** {
  27              		.loc 1 19 0
  28              		.cfi_startproc
  29              		@ args = 0, pretend = 0, frame = 16
  30              		@ frame_needed = 1, uses_anonymous_args = 0
  31              		@ link register save eliminated.
  32 0000 80B4     		push	{r7}
  33              		.cfi_def_cfa_offset 4
  34              		.cfi_offset 7, -4
  35 0002 85B0     		sub	sp, sp, #20
  36              		.cfi_def_cfa_offset 24
  37 0004 00AF     		add	r7, sp, #0
  38              		.cfi_def_cfa_register 7
ARM GAS  C:\Users\yqh\AppData\Local\Temp\cctIgCNR.s 			page 2


  39 0006 F860     		str	r0, [r7, #12]
  40 0008 B960     		str	r1, [r7, #8]
  41 000a 7A60     		str	r2, [r7, #4]
  42 000c 3B60     		str	r3, [r7]
  20:.\soft_uart.c **** 	s->baud = baud;
  43              		.loc 1 20 0
  44 000e FB68     		ldr	r3, [r7, #12]
  45 0010 BA68     		ldr	r2, [r7, #8]
  46 0012 1A60     		str	r2, [r3]
  21:.\soft_uart.c **** 	s->parity = parity;
  47              		.loc 1 21 0
  48 0014 FB68     		ldr	r3, [r7, #12]
  49 0016 7A68     		ldr	r2, [r7, #4]
  50 0018 5A60     		str	r2, [r3, #4]
  22:.\soft_uart.c **** 	s->rx_bits = 0;
  51              		.loc 1 22 0
  52 001a FB68     		ldr	r3, [r7, #12]
  53 001c 0022     		movs	r2, #0
  54 001e DA82     		strh	r2, [r3, #22]	@ movhi
  23:.\soft_uart.c **** 	s->tx_bits = 0;
  55              		.loc 1 23 0
  56 0020 FB68     		ldr	r3, [r7, #12]
  57 0022 0022     		movs	r2, #0
  58 0024 9A82     		strh	r2, [r3, #20]	@ movhi
  24:.\soft_uart.c **** 	s->flags = TX_READY;
  59              		.loc 1 24 0
  60 0026 FB68     		ldr	r3, [r7, #12]
  61 0028 0222     		movs	r2, #2
  62 002a 9A61     		str	r2, [r3, #24]
  25:.\soft_uart.c **** 	s->timer_tx_ctr=0;
  63              		.loc 1 25 0
  64 002c FB68     		ldr	r3, [r7, #12]
  65 002e 0022     		movs	r2, #0
  66 0030 DA61     		str	r2, [r3, #28]
  26:.\soft_uart.c **** 	s->timer_rx_ctr=0;
  67              		.loc 1 26 0
  68 0032 FB68     		ldr	r3, [r7, #12]
  69 0034 0022     		movs	r2, #0
  70 0036 1A62     		str	r2, [r3, #32]
  27:.\soft_uart.c **** 	s->stop_bits =stop;
  71              		.loc 1 27 0
  72 0038 FB68     		ldr	r3, [r7, #12]
  73 003a 3A68     		ldr	r2, [r7]
  74 003c 9A60     		str	r2, [r3, #8]
  28:.\soft_uart.c **** 	s->bits=8;
  75              		.loc 1 28 0
  76 003e FB68     		ldr	r3, [r7, #12]
  77 0040 0822     		movs	r2, #8
  78 0042 DA60     		str	r2, [r3, #12]
  29:.\soft_uart.c **** 
  30:.\soft_uart.c **** }
  79              		.loc 1 30 0
  80 0044 1437     		adds	r7, r7, #20
  81              		.cfi_def_cfa_offset 4
  82 0046 BD46     		mov	sp, r7
  83              		.cfi_def_cfa_register 13
  84              		@ sp needed
ARM GAS  C:\Users\yqh\AppData\Local\Temp\cctIgCNR.s 			page 3


  85 0048 5DF8047B 		ldr	r7, [sp], #4
  86              		.cfi_restore 7
  87              		.cfi_def_cfa_offset 0
  88 004c 7047     		bx	lr
  89              		.cfi_endproc
  90              	.LFE63:
  91              		.size	SU_Start, .-SU_Start
  92 004e 00BF     		.section	.text.SU_Isr,"ax",%progbits
  93              		.align	2
  94              		.global	SU_Isr
  95              		.thumb
  96              		.thumb_func
  97              		.type	SU_Isr, %function
  98              	SU_Isr:
  99              	.LFB64:
  31:.\soft_uart.c **** 
  32:.\soft_uart.c **** 
  33:.\soft_uart.c **** 
  34:.\soft_uart.c **** void SU_Isr(SOFT_UART_STRUCT *s)
  35:.\soft_uart.c **** {
 100              		.loc 1 35 0
 101              		.cfi_startproc
 102              		@ args = 0, pretend = 0, frame = 16
 103              		@ frame_needed = 1, uses_anonymous_args = 0
 104 0000 80B5     		push	{r7, lr}
 105              		.cfi_def_cfa_offset 8
 106              		.cfi_offset 7, -8
 107              		.cfi_offset 14, -4
 108 0002 84B0     		sub	sp, sp, #16
 109              		.cfi_def_cfa_offset 24
 110 0004 00AF     		add	r7, sp, #0
 111              		.cfi_def_cfa_register 7
 112 0006 7860     		str	r0, [r7, #4]
  36:.\soft_uart.c **** 	uint8 rb;
  37:.\soft_uart.c **** 	
  38:.\soft_uart.c **** 	// this is where we tx
  39:.\soft_uart.c **** 	if ( s->tx_bits)
 113              		.loc 1 39 0
 114 0008 7B68     		ldr	r3, [r7, #4]
 115 000a 9B8A     		ldrh	r3, [r3, #20]	@ movhi
 116 000c 9BB2     		uxth	r3, r3
 117 000e 002B     		cmp	r3, #0
 118 0010 37D0     		beq	.L3
  40:.\soft_uart.c **** 	{
  41:.\soft_uart.c **** 		if ( --s->timer_tx_ctr<=0 )
 119              		.loc 1 41 0
 120 0012 7B68     		ldr	r3, [r7, #4]
 121 0014 DB69     		ldr	r3, [r3, #28]
 122 0016 013B     		subs	r3, r3, #1
 123 0018 7A68     		ldr	r2, [r7, #4]
 124 001a D361     		str	r3, [r2, #28]
 125 001c 002B     		cmp	r3, #0
 126 001e 30DC     		bgt	.L3
  42:.\soft_uart.c **** 		{
  43:.\soft_uart.c **** 			if ((s->tx_byte & 0x01) == 0x01)
 127              		.loc 1 43 0
 128 0020 7B68     		ldr	r3, [r7, #4]
ARM GAS  C:\Users\yqh\AppData\Local\Temp\cctIgCNR.s 			page 4


 129 0022 5B8A     		ldrh	r3, [r3, #18]	@ movhi
 130 0024 9BB2     		uxth	r3, r3
 131 0026 03F00103 		and	r3, r3, #1
 132 002a 002B     		cmp	r3, #0
 133 002c 03D0     		beq	.L4
  44:.\soft_uart.c **** 			{
  45:.\soft_uart.c ****                 OptSelect_Write(2);
 134              		.loc 1 45 0
 135 002e 0220     		movs	r0, #2
 136 0030 FFF7FEFF 		bl	OptSelect_Write
 137 0034 02E0     		b	.L5
 138              	.L4:
  46:.\soft_uart.c **** 			}
  47:.\soft_uart.c **** 			else
  48:.\soft_uart.c **** 			{
  49:.\soft_uart.c ****                 OptSelect_Write(3);
 139              		.loc 1 49 0
 140 0036 0320     		movs	r0, #3
 141 0038 FFF7FEFF 		bl	OptSelect_Write
 142              	.L5:
  50:.\soft_uart.c **** 			}
  51:.\soft_uart.c **** 			s->tx_byte = s->tx_byte >>1;
 143              		.loc 1 51 0
 144 003c 7B68     		ldr	r3, [r7, #4]
 145 003e 5B8A     		ldrh	r3, [r3, #18]	@ movhi
 146 0040 9BB2     		uxth	r3, r3
 147 0042 5B08     		lsrs	r3, r3, #1
 148 0044 9AB2     		uxth	r2, r3
 149 0046 7B68     		ldr	r3, [r7, #4]
 150 0048 5A82     		strh	r2, [r3, #18]	@ movhi
  52:.\soft_uart.c **** 			s->tx_bits--;
 151              		.loc 1 52 0
 152 004a 7B68     		ldr	r3, [r7, #4]
 153 004c 9B8A     		ldrh	r3, [r3, #20]	@ movhi
 154 004e 9BB2     		uxth	r3, r3
 155 0050 013B     		subs	r3, r3, #1
 156 0052 9AB2     		uxth	r2, r3
 157 0054 7B68     		ldr	r3, [r7, #4]
 158 0056 9A82     		strh	r2, [r3, #20]	@ movhi
  53:.\soft_uart.c **** 			if (s->tx_bits)
 159              		.loc 1 53 0
 160 0058 7B68     		ldr	r3, [r7, #4]
 161 005a 9B8A     		ldrh	r3, [r3, #20]	@ movhi
 162 005c 9BB2     		uxth	r3, r3
 163 005e 002B     		cmp	r3, #0
 164 0060 09D0     		beq	.L6
  54:.\soft_uart.c **** 			{
  55:.\soft_uart.c **** 				s->flags &=~TX_READY;
 165              		.loc 1 55 0
 166 0062 7B68     		ldr	r3, [r7, #4]
 167 0064 9B69     		ldr	r3, [r3, #24]
 168 0066 23F00202 		bic	r2, r3, #2
 169 006a 7B68     		ldr	r3, [r7, #4]
 170 006c 9A61     		str	r2, [r3, #24]
  56:.\soft_uart.c **** 				s->timer_tx_ctr = 3;
 171              		.loc 1 56 0
 172 006e 7B68     		ldr	r3, [r7, #4]
ARM GAS  C:\Users\yqh\AppData\Local\Temp\cctIgCNR.s 			page 5


 173 0070 0322     		movs	r2, #3
 174 0072 DA61     		str	r2, [r3, #28]
 175 0074 05E0     		b	.L3
 176              	.L6:
  57:.\soft_uart.c **** 		    }
  58:.\soft_uart.c **** 			else
  59:.\soft_uart.c **** 			   s->flags |=TX_READY;
 177              		.loc 1 59 0
 178 0076 7B68     		ldr	r3, [r7, #4]
 179 0078 9B69     		ldr	r3, [r3, #24]
 180 007a 43F00202 		orr	r2, r3, #2
 181 007e 7B68     		ldr	r3, [r7, #4]
 182 0080 9A61     		str	r2, [r3, #24]
 183              	.L3:
  60:.\soft_uart.c **** 		}	
  61:.\soft_uart.c **** 	}
  62:.\soft_uart.c **** 
  63:.\soft_uart.c ****     rb = Pin_WD0_Read();
 184              		.loc 1 63 0
 185 0082 FFF7FEFF 		bl	Pin_WD0_Read
 186 0086 0346     		mov	r3, r0
 187 0088 FB73     		strb	r3, [r7, #15]
  64:.\soft_uart.c **** 	if ( s->rx_bits==0)
 188              		.loc 1 64 0
 189 008a 7B68     		ldr	r3, [r7, #4]
 190 008c DB8A     		ldrh	r3, [r3, #22]
 191 008e 002B     		cmp	r3, #0
 192 0090 15D1     		bne	.L7
  65:.\soft_uart.c **** 	{
  66:.\soft_uart.c **** 		if ( rb==0) // we got a start bit
 193              		.loc 1 66 0
 194 0092 FB7B     		ldrb	r3, [r7, #15]	@ zero_extendqisi2
 195 0094 002B     		cmp	r3, #0
 196 0096 60D1     		bne	.L2
  67:.\soft_uart.c **** 		{
  68:.\soft_uart.c **** 			s->timer_rx_ctr = 4;
 197              		.loc 1 68 0
 198 0098 7B68     		ldr	r3, [r7, #4]
 199 009a 0422     		movs	r2, #4
 200 009c 1A62     		str	r2, [r3, #32]
  69:.\soft_uart.c **** 			s->rx_bits = s->bits+s->stop_bits+s->parity;
 201              		.loc 1 69 0
 202 009e 7B68     		ldr	r3, [r7, #4]
 203 00a0 DB68     		ldr	r3, [r3, #12]
 204 00a2 9AB2     		uxth	r2, r3
 205 00a4 7B68     		ldr	r3, [r7, #4]
 206 00a6 9B68     		ldr	r3, [r3, #8]
 207 00a8 9BB2     		uxth	r3, r3
 208 00aa 1344     		add	r3, r3, r2
 209 00ac 9AB2     		uxth	r2, r3
 210 00ae 7B68     		ldr	r3, [r7, #4]
 211 00b0 5B68     		ldr	r3, [r3, #4]
 212 00b2 9BB2     		uxth	r3, r3
 213 00b4 1344     		add	r3, r3, r2
 214 00b6 9AB2     		uxth	r2, r3
 215 00b8 7B68     		ldr	r3, [r7, #4]
 216 00ba DA82     		strh	r2, [r3, #22]	@ movhi
ARM GAS  C:\Users\yqh\AppData\Local\Temp\cctIgCNR.s 			page 6


 217 00bc 4DE0     		b	.L2
 218              	.L7:
  70:.\soft_uart.c **** 		}
  71:.\soft_uart.c **** 	}
  72:.\soft_uart.c **** 	else
  73:.\soft_uart.c **** 	{
  74:.\soft_uart.c **** 		if ( --s->timer_rx_ctr<=0 )
 219              		.loc 1 74 0
 220 00be 7B68     		ldr	r3, [r7, #4]
 221 00c0 1B6A     		ldr	r3, [r3, #32]
 222 00c2 013B     		subs	r3, r3, #1
 223 00c4 7A68     		ldr	r2, [r7, #4]
 224 00c6 1362     		str	r3, [r2, #32]
 225 00c8 002B     		cmp	r3, #0
 226 00ca 46DC     		bgt	.L2
  75:.\soft_uart.c **** 		{				// rcv
  76:.\soft_uart.c **** 			if ( rb )
 227              		.loc 1 76 0
 228 00cc FB7B     		ldrb	r3, [r7, #15]	@ zero_extendqisi2
 229 00ce 002B     		cmp	r3, #0
 230 00d0 08D0     		beq	.L10
  77:.\soft_uart.c **** 			{	s->rx_byte |= 0x8000;	}
 231              		.loc 1 77 0
 232 00d2 7B68     		ldr	r3, [r7, #4]
 233 00d4 1B8A     		ldrh	r3, [r3, #16]
 234 00d6 6FEA4343 		mvn	r3, r3, lsl #17
 235 00da 6FEA5343 		mvn	r3, r3, lsr #17
 236 00de 9AB2     		uxth	r2, r3
 237 00e0 7B68     		ldr	r3, [r7, #4]
 238 00e2 1A82     		strh	r2, [r3, #16]	@ movhi
 239              	.L10:
  78:.\soft_uart.c ****             
  79:.\soft_uart.c **** 			s->rx_byte >>= 1;
 240              		.loc 1 79 0
 241 00e4 7B68     		ldr	r3, [r7, #4]
 242 00e6 1B8A     		ldrh	r3, [r3, #16]
 243 00e8 5B08     		lsrs	r3, r3, #1
 244 00ea 9AB2     		uxth	r2, r3
 245 00ec 7B68     		ldr	r3, [r7, #4]
 246 00ee 1A82     		strh	r2, [r3, #16]	@ movhi
  80:.\soft_uart.c **** 			s->rx_bits--;
 247              		.loc 1 80 0
 248 00f0 7B68     		ldr	r3, [r7, #4]
 249 00f2 DB8A     		ldrh	r3, [r3, #22]
 250 00f4 013B     		subs	r3, r3, #1
 251 00f6 9AB2     		uxth	r2, r3
 252 00f8 7B68     		ldr	r3, [r7, #4]
 253 00fa DA82     		strh	r2, [r3, #22]	@ movhi
  81:.\soft_uart.c **** 					
  82:.\soft_uart.c **** 			if ( s->rx_bits==0)
 254              		.loc 1 82 0
 255 00fc 7B68     		ldr	r3, [r7, #4]
 256 00fe DB8A     		ldrh	r3, [r3, #22]
 257 0100 002B     		cmp	r3, #0
 258 0102 27D1     		bne	.L11
  83:.\soft_uart.c **** 			{
  84:.\soft_uart.c **** 				s->rx_recv =  (s->rx_byte>>(8-1-s->stop_bits-(s->parity?1:0)))&0xff;
ARM GAS  C:\Users\yqh\AppData\Local\Temp\cctIgCNR.s 			page 7


 259              		.loc 1 84 0
 260 0104 7B68     		ldr	r3, [r7, #4]
 261 0106 1B8A     		ldrh	r3, [r3, #16]
 262 0108 1946     		mov	r1, r3
 263 010a 7B68     		ldr	r3, [r7, #4]
 264 010c 9B68     		ldr	r3, [r3, #8]
 265 010e C3F10703 		rsb	r3, r3, #7
 266 0112 7A68     		ldr	r2, [r7, #4]
 267 0114 5268     		ldr	r2, [r2, #4]
 268 0116 002A     		cmp	r2, #0
 269 0118 14BF     		ite	ne
 270 011a 0122     		movne	r2, #1
 271 011c 0022     		moveq	r2, #0
 272 011e D2B2     		uxtb	r2, r2
 273 0120 9B1A     		subs	r3, r3, r2
 274 0122 41FA03F3 		asr	r3, r1, r3
 275 0126 DAB2     		uxtb	r2, r3
 276 0128 7B68     		ldr	r3, [r7, #4]
 277 012a 5A62     		str	r2, [r3, #36]
  85:.\soft_uart.c **** 				if (s->flags & RX_BYTE_READY)
 278              		.loc 1 85 0
 279 012c 7B68     		ldr	r3, [r7, #4]
 280 012e 9B69     		ldr	r3, [r3, #24]
 281 0130 03F00103 		and	r3, r3, #1
 282 0134 002B     		cmp	r3, #0
 283 0136 06D0     		beq	.L12
  86:.\soft_uart.c **** 					 s->flags |=RX_OVERFLOW;
 284              		.loc 1 86 0
 285 0138 7B68     		ldr	r3, [r7, #4]
 286 013a 9B69     		ldr	r3, [r3, #24]
 287 013c 43F00402 		orr	r2, r3, #4
 288 0140 7B68     		ldr	r3, [r7, #4]
 289 0142 9A61     		str	r2, [r3, #24]
 290 0144 09E0     		b	.L2
 291              	.L12:
  87:.\soft_uart.c **** 				else
  88:.\soft_uart.c **** 					 s->flags |=RX_BYTE_READY;
 292              		.loc 1 88 0
 293 0146 7B68     		ldr	r3, [r7, #4]
 294 0148 9B69     		ldr	r3, [r3, #24]
 295 014a 43F00102 		orr	r2, r3, #1
 296 014e 7B68     		ldr	r3, [r7, #4]
 297 0150 9A61     		str	r2, [r3, #24]
 298 0152 02E0     		b	.L2
 299              	.L11:
  89:.\soft_uart.c **** 			}
  90:.\soft_uart.c **** 			else
  91:.\soft_uart.c **** 				s->timer_rx_ctr = 3;
 300              		.loc 1 91 0
 301 0154 7B68     		ldr	r3, [r7, #4]
 302 0156 0322     		movs	r2, #3
 303 0158 1A62     		str	r2, [r3, #32]
 304              	.L2:
  92:.\soft_uart.c **** 		}
  93:.\soft_uart.c **** 	}
  94:.\soft_uart.c **** }
 305              		.loc 1 94 0
ARM GAS  C:\Users\yqh\AppData\Local\Temp\cctIgCNR.s 			page 8


 306 015a 1037     		adds	r7, r7, #16
 307              		.cfi_def_cfa_offset 8
 308 015c BD46     		mov	sp, r7
 309              		.cfi_def_cfa_register 13
 310              		@ sp needed
 311 015e 80BD     		pop	{r7, pc}
 312              		.cfi_endproc
 313              	.LFE64:
 314              		.size	SU_Isr, .-SU_Isr
 315              		.section	.text.getOddParity,"ax",%progbits
 316              		.align	2
 317              		.global	getOddParity
 318              		.thumb
 319              		.thumb_func
 320              		.type	getOddParity, %function
 321              	getOddParity:
 322              	.LFB65:
  95:.\soft_uart.c **** 
  96:.\soft_uart.c **** #define START_BIT 0
  97:.\soft_uart.c **** 
  98:.\soft_uart.c **** unsigned char getOddParity(unsigned char p)
  99:.\soft_uart.c ****   {
 323              		.loc 1 99 0
 324              		.cfi_startproc
 325              		@ args = 0, pretend = 0, frame = 8
 326              		@ frame_needed = 1, uses_anonymous_args = 0
 327              		@ link register save eliminated.
 328 0000 80B4     		push	{r7}
 329              		.cfi_def_cfa_offset 4
 330              		.cfi_offset 7, -4
 331 0002 83B0     		sub	sp, sp, #12
 332              		.cfi_def_cfa_offset 16
 333 0004 00AF     		add	r7, sp, #0
 334              		.cfi_def_cfa_register 7
 335 0006 0346     		mov	r3, r0
 336 0008 FB71     		strb	r3, [r7, #7]
 100:.\soft_uart.c ****       p = p ^ (p >> 4 | p << 4);
 337              		.loc 1 100 0
 338 000a FB79     		ldrb	r3, [r7, #7]	@ zero_extendqisi2
 339 000c 1B09     		lsrs	r3, r3, #4
 340 000e DBB2     		uxtb	r3, r3
 341 0010 DAB2     		uxtb	r2, r3
 342 0012 FB79     		ldrb	r3, [r7, #7]	@ zero_extendqisi2
 343 0014 1B01     		lsls	r3, r3, #4
 344 0016 DBB2     		uxtb	r3, r3
 345 0018 1343     		orrs	r3, r3, r2
 346 001a DAB2     		uxtb	r2, r3
 347 001c FB79     		ldrb	r3, [r7, #7]	@ zero_extendqisi2
 348 001e 5340     		eors	r3, r3, r2
 349 0020 DBB2     		uxtb	r3, r3
 350 0022 FB71     		strb	r3, [r7, #7]
 101:.\soft_uart.c ****       p = p ^ (p >> 2);
 351              		.loc 1 101 0
 352 0024 FB79     		ldrb	r3, [r7, #7]	@ zero_extendqisi2
 353 0026 9B08     		lsrs	r3, r3, #2
 354 0028 DAB2     		uxtb	r2, r3
 355 002a FB79     		ldrb	r3, [r7, #7]
ARM GAS  C:\Users\yqh\AppData\Local\Temp\cctIgCNR.s 			page 9


 356 002c 5340     		eors	r3, r3, r2
 357 002e FB71     		strb	r3, [r7, #7]
 102:.\soft_uart.c ****       p = p ^ (p >> 1);
 358              		.loc 1 102 0
 359 0030 FB79     		ldrb	r3, [r7, #7]	@ zero_extendqisi2
 360 0032 5B08     		lsrs	r3, r3, #1
 361 0034 DAB2     		uxtb	r2, r3
 362 0036 FB79     		ldrb	r3, [r7, #7]
 363 0038 5340     		eors	r3, r3, r2
 364 003a FB71     		strb	r3, [r7, #7]
 103:.\soft_uart.c ****       return p & 1;
 365              		.loc 1 103 0
 366 003c FB79     		ldrb	r3, [r7, #7]
 367 003e 03F00103 		and	r3, r3, #1
 368 0042 DBB2     		uxtb	r3, r3
 104:.\soft_uart.c ****   }
 369              		.loc 1 104 0
 370 0044 1846     		mov	r0, r3
 371 0046 0C37     		adds	r7, r7, #12
 372              		.cfi_def_cfa_offset 4
 373 0048 BD46     		mov	sp, r7
 374              		.cfi_def_cfa_register 13
 375              		@ sp needed
 376 004a 5DF8047B 		ldr	r7, [sp], #4
 377              		.cfi_restore 7
 378              		.cfi_def_cfa_offset 0
 379 004e 7047     		bx	lr
 380              		.cfi_endproc
 381              	.LFE65:
 382              		.size	getOddParity, .-getOddParity
 383              		.section	.text.SU_GetStat,"ax",%progbits
 384              		.align	2
 385              		.global	SU_GetStat
 386              		.thumb
 387              		.thumb_func
 388              		.type	SU_GetStat, %function
 389              	SU_GetStat:
 390              	.LFB66:
 105:.\soft_uart.c **** 
 106:.\soft_uart.c **** int SU_GetStat( SOFT_UART_STRUCT *s)
 107:.\soft_uart.c **** {
 391              		.loc 1 107 0
 392              		.cfi_startproc
 393              		@ args = 0, pretend = 0, frame = 8
 394              		@ frame_needed = 1, uses_anonymous_args = 0
 395              		@ link register save eliminated.
 396 0000 80B4     		push	{r7}
 397              		.cfi_def_cfa_offset 4
 398              		.cfi_offset 7, -4
 399 0002 83B0     		sub	sp, sp, #12
 400              		.cfi_def_cfa_offset 16
 401 0004 00AF     		add	r7, sp, #0
 402              		.cfi_def_cfa_register 7
 403 0006 7860     		str	r0, [r7, #4]
 108:.\soft_uart.c **** 	return s->flags;
 404              		.loc 1 108 0
 405 0008 7B68     		ldr	r3, [r7, #4]
ARM GAS  C:\Users\yqh\AppData\Local\Temp\cctIgCNR.s 			page 10


 406 000a 9B69     		ldr	r3, [r3, #24]
 109:.\soft_uart.c **** }
 407              		.loc 1 109 0
 408 000c 1846     		mov	r0, r3
 409 000e 0C37     		adds	r7, r7, #12
 410              		.cfi_def_cfa_offset 4
 411 0010 BD46     		mov	sp, r7
 412              		.cfi_def_cfa_register 13
 413              		@ sp needed
 414 0012 5DF8047B 		ldr	r7, [sp], #4
 415              		.cfi_restore 7
 416              		.cfi_def_cfa_offset 0
 417 0016 7047     		bx	lr
 418              		.cfi_endproc
 419              	.LFE66:
 420              		.size	SU_GetStat, .-SU_GetStat
 421              		.section	.text.SU_GetChar,"ax",%progbits
 422              		.align	2
 423              		.global	SU_GetChar
 424              		.thumb
 425              		.thumb_func
 426              		.type	SU_GetChar, %function
 427              	SU_GetChar:
 428              	.LFB67:
 110:.\soft_uart.c **** 
 111:.\soft_uart.c **** int SU_GetChar( SOFT_UART_STRUCT *s)
 112:.\soft_uart.c **** {
 429              		.loc 1 112 0
 430              		.cfi_startproc
 431              		@ args = 0, pretend = 0, frame = 16
 432              		@ frame_needed = 1, uses_anonymous_args = 0
 433              		@ link register save eliminated.
 434 0000 80B4     		push	{r7}
 435              		.cfi_def_cfa_offset 4
 436              		.cfi_offset 7, -4
 437 0002 85B0     		sub	sp, sp, #20
 438              		.cfi_def_cfa_offset 24
 439 0004 00AF     		add	r7, sp, #0
 440              		.cfi_def_cfa_register 7
 441 0006 7860     		str	r0, [r7, #4]
 113:.\soft_uart.c **** 	uint8 b;
 114:.\soft_uart.c **** 	b = s->rx_recv;
 442              		.loc 1 114 0
 443 0008 7B68     		ldr	r3, [r7, #4]
 444 000a 5B6A     		ldr	r3, [r3, #36]
 445 000c FB73     		strb	r3, [r7, #15]
 115:.\soft_uart.c **** 	CyGlobalIntDisable;
 446              		.loc 1 115 0
 447              	@ 115 ".\soft_uart.c" 1
 448 000e 72B6     		CPSID   i
 449              	@ 0 "" 2
 116:.\soft_uart.c **** 	s->flags &=~RX_BYTE_READY;
 450              		.loc 1 116 0
 451              		.thumb
 452 0010 7B68     		ldr	r3, [r7, #4]
 453 0012 9B69     		ldr	r3, [r3, #24]
 454 0014 23F00102 		bic	r2, r3, #1
ARM GAS  C:\Users\yqh\AppData\Local\Temp\cctIgCNR.s 			page 11


 455 0018 7B68     		ldr	r3, [r7, #4]
 456 001a 9A61     		str	r2, [r3, #24]
 117:.\soft_uart.c **** 	CyGlobalIntEnable;
 457              		.loc 1 117 0
 458              	@ 117 ".\soft_uart.c" 1
 459 001c 62B6     		CPSIE   i
 460              	@ 0 "" 2
 118:.\soft_uart.c **** 	return b;
 461              		.loc 1 118 0
 462              		.thumb
 463 001e FB7B     		ldrb	r3, [r7, #15]	@ zero_extendqisi2
 119:.\soft_uart.c **** }
 464              		.loc 1 119 0
 465 0020 1846     		mov	r0, r3
 466 0022 1437     		adds	r7, r7, #20
 467              		.cfi_def_cfa_offset 4
 468 0024 BD46     		mov	sp, r7
 469              		.cfi_def_cfa_register 13
 470              		@ sp needed
 471 0026 5DF8047B 		ldr	r7, [sp], #4
 472              		.cfi_restore 7
 473              		.cfi_def_cfa_offset 0
 474 002a 7047     		bx	lr
 475              		.cfi_endproc
 476              	.LFE67:
 477              		.size	SU_GetChar, .-SU_GetChar
 478              		.section	.text.SU_PutChar,"ax",%progbits
 479              		.align	2
 480              		.global	SU_PutChar
 481              		.thumb
 482              		.thumb_func
 483              		.type	SU_PutChar, %function
 484              	SU_PutChar:
 485              	.LFB68:
 120:.\soft_uart.c **** 
 121:.\soft_uart.c **** void SU_PutChar( SOFT_UART_STRUCT *s, int c)
 122:.\soft_uart.c **** {
 486              		.loc 1 122 0
 487              		.cfi_startproc
 488              		@ args = 0, pretend = 0, frame = 16
 489              		@ frame_needed = 1, uses_anonymous_args = 0
 490 0000 80B5     		push	{r7, lr}
 491              		.cfi_def_cfa_offset 8
 492              		.cfi_offset 7, -8
 493              		.cfi_offset 14, -4
 494 0002 84B0     		sub	sp, sp, #16
 495              		.cfi_def_cfa_offset 24
 496 0004 00AF     		add	r7, sp, #0
 497              		.cfi_def_cfa_register 7
 498 0006 7860     		str	r0, [r7, #4]
 499 0008 3960     		str	r1, [r7]
 123:.\soft_uart.c **** 	unsigned short data_tosend;
 124:.\soft_uart.c **** 	int parity = 0;
 500              		.loc 1 124 0
 501 000a 0023     		movs	r3, #0
 502 000c BB60     		str	r3, [r7, #8]
 125:.\soft_uart.c **** 	data_tosend = (c<<1) | START_BIT;
ARM GAS  C:\Users\yqh\AppData\Local\Temp\cctIgCNR.s 			page 12


 503              		.loc 1 125 0
 504 000e 3B68     		ldr	r3, [r7]
 505 0010 9BB2     		uxth	r3, r3
 506 0012 5B00     		lsls	r3, r3, #1
 507 0014 FB81     		strh	r3, [r7, #14]	@ movhi
 126:.\soft_uart.c **** 	if (s->parity==PARITY_ODD)
 508              		.loc 1 126 0
 509 0016 7B68     		ldr	r3, [r7, #4]
 510 0018 5B68     		ldr	r3, [r3, #4]
 511 001a 012B     		cmp	r3, #1
 512 001c 1FD1     		bne	.L21
 127:.\soft_uart.c **** 	  {
 128:.\soft_uart.c ****         parity = getOddParity(c);
 513              		.loc 1 128 0
 514 001e 3B68     		ldr	r3, [r7]
 515 0020 DBB2     		uxtb	r3, r3
 516 0022 1846     		mov	r0, r3
 517 0024 FFF7FEFF 		bl	getOddParity
 518 0028 0346     		mov	r3, r0
 519 002a BB60     		str	r3, [r7, #8]
 129:.\soft_uart.c **** 		data_tosend |= parity ? (0x300 << s->stop_bits) : (0x200 << s->stop_bits);
 520              		.loc 1 129 0
 521 002c BB68     		ldr	r3, [r7, #8]
 522 002e 002B     		cmp	r3, #0
 523 0030 07D0     		beq	.L22
 524              		.loc 1 129 0 is_stmt 0 discriminator 1
 525 0032 7B68     		ldr	r3, [r7, #4]
 526 0034 9B68     		ldr	r3, [r3, #8]
 527 0036 4FF44072 		mov	r2, #768
 528 003a 02FA03F3 		lsl	r3, r2, r3
 529 003e 9BB2     		uxth	r3, r3
 530 0040 06E0     		b	.L23
 531              	.L22:
 532              		.loc 1 129 0 discriminator 2
 533 0042 7B68     		ldr	r3, [r7, #4]
 534 0044 9B68     		ldr	r3, [r3, #8]
 535 0046 4FF40072 		mov	r2, #512
 536 004a 02FA03F3 		lsl	r3, r2, r3
 537 004e 9BB2     		uxth	r3, r3
 538              	.L23:
 539              		.loc 1 129 0 discriminator 4
 540 0050 F989     		ldrh	r1, [r7, #14]
 541 0052 1A46     		mov	r2, r3	@ movhi
 542 0054 0B46     		mov	r3, r1	@ movhi
 543 0056 1343     		orrs	r3, r3, r2
 544 0058 9BB2     		uxth	r3, r3
 545 005a FB81     		strh	r3, [r7, #14]	@ movhi
 546 005c 30E0     		b	.L24
 547              	.L21:
 130:.\soft_uart.c **** 	  }
 131:.\soft_uart.c **** 	else if (s->parity==PARITY_EVEN)
 548              		.loc 1 131 0 is_stmt 1
 549 005e 7B68     		ldr	r3, [r7, #4]
 550 0060 5B68     		ldr	r3, [r3, #4]
 551 0062 022B     		cmp	r3, #2
 552 0064 1FD1     		bne	.L25
 132:.\soft_uart.c **** 	  {
ARM GAS  C:\Users\yqh\AppData\Local\Temp\cctIgCNR.s 			page 13


 133:.\soft_uart.c ****          parity = getOddParity(c);
 553              		.loc 1 133 0
 554 0066 3B68     		ldr	r3, [r7]
 555 0068 DBB2     		uxtb	r3, r3
 556 006a 1846     		mov	r0, r3
 557 006c FFF7FEFF 		bl	getOddParity
 558 0070 0346     		mov	r3, r0
 559 0072 BB60     		str	r3, [r7, #8]
 134:.\soft_uart.c **** 		data_tosend |= parity ?  (0x200 << s->stop_bits) : (0x300 << s->stop_bits);
 560              		.loc 1 134 0
 561 0074 BB68     		ldr	r3, [r7, #8]
 562 0076 002B     		cmp	r3, #0
 563 0078 07D0     		beq	.L26
 564              		.loc 1 134 0 is_stmt 0 discriminator 1
 565 007a 7B68     		ldr	r3, [r7, #4]
 566 007c 9B68     		ldr	r3, [r3, #8]
 567 007e 4FF40072 		mov	r2, #512
 568 0082 02FA03F3 		lsl	r3, r2, r3
 569 0086 9BB2     		uxth	r3, r3
 570 0088 06E0     		b	.L27
 571              	.L26:
 572              		.loc 1 134 0 discriminator 2
 573 008a 7B68     		ldr	r3, [r7, #4]
 574 008c 9B68     		ldr	r3, [r3, #8]
 575 008e 4FF44072 		mov	r2, #768
 576 0092 02FA03F3 		lsl	r3, r2, r3
 577 0096 9BB2     		uxth	r3, r3
 578              	.L27:
 579              		.loc 1 134 0 discriminator 4
 580 0098 F989     		ldrh	r1, [r7, #14]
 581 009a 1A46     		mov	r2, r3	@ movhi
 582 009c 0B46     		mov	r3, r1	@ movhi
 583 009e 1343     		orrs	r3, r3, r2
 584 00a0 9BB2     		uxth	r3, r3
 585 00a2 FB81     		strh	r3, [r7, #14]	@ movhi
 586 00a4 0CE0     		b	.L24
 587              	.L25:
 135:.\soft_uart.c **** 	  }
 136:.\soft_uart.c **** 	else
 137:.\soft_uart.c **** 		data_tosend |=  1<<(s->bits + s->stop_bits);
 588              		.loc 1 137 0 is_stmt 1
 589 00a6 7B68     		ldr	r3, [r7, #4]
 590 00a8 DA68     		ldr	r2, [r3, #12]
 591 00aa 7B68     		ldr	r3, [r7, #4]
 592 00ac 9B68     		ldr	r3, [r3, #8]
 593 00ae 1344     		add	r3, r3, r2
 594 00b0 0122     		movs	r2, #1
 595 00b2 02FA03F3 		lsl	r3, r2, r3
 596 00b6 9AB2     		uxth	r2, r3
 597 00b8 FB89     		ldrh	r3, [r7, #14]
 598 00ba 1343     		orrs	r3, r3, r2
 599 00bc 9BB2     		uxth	r3, r3
 600 00be FB81     		strh	r3, [r7, #14]	@ movhi
 601              	.L24:
 138:.\soft_uart.c **** 	// wait for it to be ready
 139:.\soft_uart.c **** 	while ((s->flags&TX_READY)==0);
 602              		.loc 1 139 0
ARM GAS  C:\Users\yqh\AppData\Local\Temp\cctIgCNR.s 			page 14


 603 00c0 00BF     		nop
 604              	.L28:
 605              		.loc 1 139 0 is_stmt 0 discriminator 1
 606 00c2 7B68     		ldr	r3, [r7, #4]
 607 00c4 9B69     		ldr	r3, [r3, #24]
 608 00c6 03F00203 		and	r3, r3, #2
 609 00ca 002B     		cmp	r3, #0
 610 00cc F9D0     		beq	.L28
 140:.\soft_uart.c **** 
 141:.\soft_uart.c **** 	CyGlobalIntDisable;
 611              		.loc 1 141 0 is_stmt 1
 612              	@ 141 ".\soft_uart.c" 1
 613 00ce 72B6     		CPSID   i
 614              	@ 0 "" 2
 142:.\soft_uart.c **** 	s->flags &=~TX_READY;
 615              		.loc 1 142 0
 616              		.thumb
 617 00d0 7B68     		ldr	r3, [r7, #4]
 618 00d2 9B69     		ldr	r3, [r3, #24]
 619 00d4 23F00202 		bic	r2, r3, #2
 620 00d8 7B68     		ldr	r3, [r7, #4]
 621 00da 9A61     		str	r2, [r3, #24]
 143:.\soft_uart.c **** 	CyGlobalIntEnable;
 622              		.loc 1 143 0
 623              	@ 143 ".\soft_uart.c" 1
 624 00dc 62B6     		CPSIE   i
 625              	@ 0 "" 2
 144:.\soft_uart.c **** 	s->tx_byte = data_tosend;
 626              		.loc 1 144 0
 627              		.thumb
 628 00de 7B68     		ldr	r3, [r7, #4]
 629 00e0 FA89     		ldrh	r2, [r7, #14]	@ movhi
 630 00e2 5A82     		strh	r2, [r3, #18]	@ movhi
 145:.\soft_uart.c **** 	s->timer_tx_ctr = 3;
 631              		.loc 1 145 0
 632 00e4 7B68     		ldr	r3, [r7, #4]
 633 00e6 0322     		movs	r2, #3
 634 00e8 DA61     		str	r2, [r3, #28]
 146:.\soft_uart.c ****     if(s->parity != PARITY_NONE)
 635              		.loc 1 146 0
 636 00ea 7B68     		ldr	r3, [r7, #4]
 637 00ec 5B68     		ldr	r3, [r3, #4]
 638 00ee 002B     		cmp	r3, #0
 639 00f0 0CD0     		beq	.L29
 147:.\soft_uart.c ****     	s->tx_bits = s->bits+s->stop_bits+ 2;
 640              		.loc 1 147 0
 641 00f2 7B68     		ldr	r3, [r7, #4]
 642 00f4 DB68     		ldr	r3, [r3, #12]
 643 00f6 9AB2     		uxth	r2, r3
 644 00f8 7B68     		ldr	r3, [r7, #4]
 645 00fa 9B68     		ldr	r3, [r3, #8]
 646 00fc 9BB2     		uxth	r3, r3
 647 00fe 1344     		add	r3, r3, r2
 648 0100 9BB2     		uxth	r3, r3
 649 0102 0233     		adds	r3, r3, #2
 650 0104 9AB2     		uxth	r2, r3
 651 0106 7B68     		ldr	r3, [r7, #4]
ARM GAS  C:\Users\yqh\AppData\Local\Temp\cctIgCNR.s 			page 15


 652 0108 9A82     		strh	r2, [r3, #20]	@ movhi
 653 010a 0BE0     		b	.L20
 654              	.L29:
 148:.\soft_uart.c ****     else
 149:.\soft_uart.c ****     	s->tx_bits = s->bits+s->stop_bits+ 1;
 655              		.loc 1 149 0
 656 010c 7B68     		ldr	r3, [r7, #4]
 657 010e DB68     		ldr	r3, [r3, #12]
 658 0110 9AB2     		uxth	r2, r3
 659 0112 7B68     		ldr	r3, [r7, #4]
 660 0114 9B68     		ldr	r3, [r3, #8]
 661 0116 9BB2     		uxth	r3, r3
 662 0118 1344     		add	r3, r3, r2
 663 011a 9BB2     		uxth	r3, r3
 664 011c 0133     		adds	r3, r3, #1
 665 011e 9AB2     		uxth	r2, r3
 666 0120 7B68     		ldr	r3, [r7, #4]
 667 0122 9A82     		strh	r2, [r3, #20]	@ movhi
 668              	.L20:
 150:.\soft_uart.c **** 	
 151:.\soft_uart.c **** }
 669              		.loc 1 151 0
 670 0124 1037     		adds	r7, r7, #16
 671              		.cfi_def_cfa_offset 8
 672 0126 BD46     		mov	sp, r7
 673              		.cfi_def_cfa_register 13
 674              		@ sp needed
 675 0128 80BD     		pop	{r7, pc}
 676              		.cfi_endproc
 677              	.LFE68:
 678              		.size	SU_PutChar, .-SU_PutChar
 679 012a 00BF     		.text
 680              	.Letext0:
 681              		.file 2 "c:\\program files (x86)\\cypress\\psoc creator\\3.3\\psoc creator\\import\\gnu\\arm\\4.9.
 682              		.file 3 "c:\\program files (x86)\\cypress\\psoc creator\\3.3\\psoc creator\\import\\gnu\\arm\\4.9.
 683              		.file 4 "Generated_Source\\PSoC5/cytypes.h"
 684              		.file 5 ".\\softuart.h"
 685              		.file 6 "Generated_Source\\PSoC5/core_cm3.h"
 686              		.section	.debug_info,"",%progbits
 687              	.Ldebug_info0:
 688 0000 AE020000 		.4byte	0x2ae
 689 0004 0400     		.2byte	0x4
 690 0006 00000000 		.4byte	.Ldebug_abbrev0
 691 000a 04       		.byte	0x4
 692 000b 01       		.uleb128 0x1
 693 000c 2D000000 		.4byte	.LASF37
 694 0010 01       		.byte	0x1
 695 0011 E4010000 		.4byte	.LASF38
 696 0015 4A010000 		.4byte	.LASF39
 697 0019 00000000 		.4byte	.Ldebug_ranges0+0
 698 001d 00000000 		.4byte	0
 699 0021 00000000 		.4byte	.Ldebug_line0
 700 0025 02       		.uleb128 0x2
 701 0026 01       		.byte	0x1
 702 0027 06       		.byte	0x6
 703 0028 4A020000 		.4byte	.LASF0
 704 002c 02       		.uleb128 0x2
ARM GAS  C:\Users\yqh\AppData\Local\Temp\cctIgCNR.s 			page 16


 705 002d 01       		.byte	0x1
 706 002e 08       		.byte	0x8
 707 002f D0000000 		.4byte	.LASF1
 708 0033 02       		.uleb128 0x2
 709 0034 02       		.byte	0x2
 710 0035 05       		.byte	0x5
 711 0036 20020000 		.4byte	.LASF2
 712 003a 02       		.uleb128 0x2
 713 003b 02       		.byte	0x2
 714 003c 07       		.byte	0x7
 715 003d FB000000 		.4byte	.LASF3
 716 0041 03       		.uleb128 0x3
 717 0042 23000000 		.4byte	.LASF9
 718 0046 02       		.byte	0x2
 719 0047 3F       		.byte	0x3f
 720 0048 4C000000 		.4byte	0x4c
 721 004c 02       		.uleb128 0x2
 722 004d 04       		.byte	0x4
 723 004e 05       		.byte	0x5
 724 004f 30020000 		.4byte	.LASF4
 725 0053 02       		.uleb128 0x2
 726 0054 04       		.byte	0x4
 727 0055 07       		.byte	0x7
 728 0056 E9000000 		.4byte	.LASF5
 729 005a 02       		.uleb128 0x2
 730 005b 08       		.byte	0x8
 731 005c 05       		.byte	0x5
 732 005d F2010000 		.4byte	.LASF6
 733 0061 02       		.uleb128 0x2
 734 0062 08       		.byte	0x8
 735 0063 07       		.byte	0x7
 736 0064 A4010000 		.4byte	.LASF7
 737 0068 04       		.uleb128 0x4
 738 0069 04       		.byte	0x4
 739 006a 05       		.byte	0x5
 740 006b 696E7400 		.ascii	"int\000"
 741 006f 02       		.uleb128 0x2
 742 0070 04       		.byte	0x4
 743 0071 07       		.byte	0x7
 744 0072 91010000 		.4byte	.LASF8
 745 0076 03       		.uleb128 0x3
 746 0077 D3010000 		.4byte	.LASF10
 747 007b 03       		.byte	0x3
 748 007c 2C       		.byte	0x2c
 749 007d 41000000 		.4byte	0x41
 750 0081 05       		.uleb128 0x5
 751 0082 2A020000 		.4byte	.LASF11
 752 0086 04       		.byte	0x4
 753 0087 9201     		.2byte	0x192
 754 0089 2C000000 		.4byte	0x2c
 755 008d 02       		.uleb128 0x2
 756 008e 04       		.byte	0x4
 757 008f 04       		.byte	0x4
 758 0090 CA000000 		.4byte	.LASF12
 759 0094 02       		.uleb128 0x2
 760 0095 08       		.byte	0x8
 761 0096 04       		.byte	0x4
ARM GAS  C:\Users\yqh\AppData\Local\Temp\cctIgCNR.s 			page 17


 762 0097 1C010000 		.4byte	.LASF13
 763 009b 02       		.uleb128 0x2
 764 009c 01       		.byte	0x1
 765 009d 08       		.byte	0x8
 766 009e 39020000 		.4byte	.LASF14
 767 00a2 02       		.uleb128 0x2
 768 00a3 04       		.byte	0x4
 769 00a4 07       		.byte	0x7
 770 00a5 DB010000 		.4byte	.LASF15
 771 00a9 06       		.uleb128 0x6
 772 00aa 28       		.byte	0x28
 773 00ab 05       		.byte	0x5
 774 00ac 0D       		.byte	0xd
 775 00ad 42010000 		.4byte	0x142
 776 00b1 07       		.uleb128 0x7
 777 00b2 CE010000 		.4byte	.LASF16
 778 00b6 05       		.byte	0x5
 779 00b7 0F       		.byte	0xf
 780 00b8 68000000 		.4byte	0x68
 781 00bc 00       		.byte	0
 782 00bd 07       		.uleb128 0x7
 783 00be 56020000 		.4byte	.LASF17
 784 00c2 05       		.byte	0x5
 785 00c3 10       		.byte	0x10
 786 00c4 68000000 		.4byte	0x68
 787 00c8 04       		.byte	0x4
 788 00c9 07       		.uleb128 0x7
 789 00ca 19000000 		.4byte	.LASF18
 790 00ce 05       		.byte	0x5
 791 00cf 11       		.byte	0x11
 792 00d0 68000000 		.4byte	0x68
 793 00d4 08       		.byte	0x8
 794 00d5 07       		.uleb128 0x7
 795 00d6 13020000 		.4byte	.LASF19
 796 00da 05       		.byte	0x5
 797 00db 12       		.byte	0x12
 798 00dc 68000000 		.4byte	0x68
 799 00e0 0C       		.byte	0xc
 800 00e1 07       		.uleb128 0x7
 801 00e2 00000000 		.4byte	.LASF20
 802 00e6 05       		.byte	0x5
 803 00e7 13       		.byte	0x13
 804 00e8 3A000000 		.4byte	0x3a
 805 00ec 10       		.byte	0x10
 806 00ed 07       		.uleb128 0x7
 807 00ee C2000000 		.4byte	.LASF21
 808 00f2 05       		.byte	0x5
 809 00f3 14       		.byte	0x14
 810 00f4 42010000 		.4byte	0x142
 811 00f8 12       		.byte	0x12
 812 00f9 07       		.uleb128 0x7
 813 00fa 0B020000 		.4byte	.LASF22
 814 00fe 05       		.byte	0x5
 815 00ff 15       		.byte	0x15
 816 0100 42010000 		.4byte	0x142
 817 0104 14       		.byte	0x14
 818 0105 07       		.uleb128 0x7
ARM GAS  C:\Users\yqh\AppData\Local\Temp\cctIgCNR.s 			page 18


 819 0106 18020000 		.4byte	.LASF23
 820 010a 05       		.byte	0x5
 821 010b 16       		.byte	0x16
 822 010c 3A000000 		.4byte	0x3a
 823 0110 16       		.byte	0x16
 824 0111 07       		.uleb128 0x7
 825 0112 9E010000 		.4byte	.LASF24
 826 0116 05       		.byte	0x5
 827 0117 17       		.byte	0x17
 828 0118 47010000 		.4byte	0x147
 829 011c 18       		.byte	0x18
 830 011d 07       		.uleb128 0x7
 831 011e 3D010000 		.4byte	.LASF25
 832 0122 05       		.byte	0x5
 833 0123 18       		.byte	0x18
 834 0124 47010000 		.4byte	0x147
 835 0128 1C       		.byte	0x1c
 836 0129 07       		.uleb128 0x7
 837 012a 5D020000 		.4byte	.LASF26
 838 012e 05       		.byte	0x5
 839 012f 19       		.byte	0x19
 840 0130 47010000 		.4byte	0x147
 841 0134 20       		.byte	0x20
 842 0135 07       		.uleb128 0x7
 843 0136 C6010000 		.4byte	.LASF27
 844 013a 05       		.byte	0x5
 845 013b 1A       		.byte	0x1a
 846 013c 47010000 		.4byte	0x147
 847 0140 24       		.byte	0x24
 848 0141 00       		.byte	0
 849 0142 08       		.uleb128 0x8
 850 0143 3A000000 		.4byte	0x3a
 851 0147 08       		.uleb128 0x8
 852 0148 68000000 		.4byte	0x68
 853 014c 03       		.uleb128 0x3
 854 014d 08000000 		.4byte	.LASF28
 855 0151 05       		.byte	0x5
 856 0152 1B       		.byte	0x1b
 857 0153 A9000000 		.4byte	0xa9
 858 0157 09       		.uleb128 0x9
 859 0158 0E010000 		.4byte	.LASF30
 860 015c 01       		.byte	0x1
 861 015d 12       		.byte	0x12
 862 015e 00000000 		.4byte	.LFB63
 863 0162 4E000000 		.4byte	.LFE63-.LFB63
 864 0166 01       		.uleb128 0x1
 865 0167 9C       		.byte	0x9c
 866 0168 A3010000 		.4byte	0x1a3
 867 016c 0A       		.uleb128 0xa
 868 016d 7300     		.ascii	"s\000"
 869 016f 01       		.byte	0x1
 870 0170 12       		.byte	0x12
 871 0171 A3010000 		.4byte	0x1a3
 872 0175 02       		.uleb128 0x2
 873 0176 91       		.byte	0x91
 874 0177 74       		.sleb128 -12
 875 0178 0B       		.uleb128 0xb
ARM GAS  C:\Users\yqh\AppData\Local\Temp\cctIgCNR.s 			page 19


 876 0179 CE010000 		.4byte	.LASF16
 877 017d 01       		.byte	0x1
 878 017e 12       		.byte	0x12
 879 017f 68000000 		.4byte	0x68
 880 0183 02       		.uleb128 0x2
 881 0184 91       		.byte	0x91
 882 0185 70       		.sleb128 -16
 883 0186 0B       		.uleb128 0xb
 884 0187 56020000 		.4byte	.LASF17
 885 018b 01       		.byte	0x1
 886 018c 12       		.byte	0x12
 887 018d 68000000 		.4byte	0x68
 888 0191 02       		.uleb128 0x2
 889 0192 91       		.byte	0x91
 890 0193 6C       		.sleb128 -20
 891 0194 0B       		.uleb128 0xb
 892 0195 17010000 		.4byte	.LASF29
 893 0199 01       		.byte	0x1
 894 019a 12       		.byte	0x12
 895 019b 68000000 		.4byte	0x68
 896 019f 02       		.uleb128 0x2
 897 01a0 91       		.byte	0x91
 898 01a1 68       		.sleb128 -24
 899 01a2 00       		.byte	0
 900 01a3 0C       		.uleb128 0xc
 901 01a4 04       		.byte	0x4
 902 01a5 4C010000 		.4byte	0x14c
 903 01a9 0D       		.uleb128 0xd
 904 01aa BB000000 		.4byte	.LASF31
 905 01ae 01       		.byte	0x1
 906 01af 22       		.byte	0x22
 907 01b0 00000000 		.4byte	.LFB64
 908 01b4 60010000 		.4byte	.LFE64-.LFB64
 909 01b8 01       		.uleb128 0x1
 910 01b9 9C       		.byte	0x9c
 911 01ba D8010000 		.4byte	0x1d8
 912 01be 0A       		.uleb128 0xa
 913 01bf 7300     		.ascii	"s\000"
 914 01c1 01       		.byte	0x1
 915 01c2 22       		.byte	0x22
 916 01c3 A3010000 		.4byte	0x1a3
 917 01c7 02       		.uleb128 0x2
 918 01c8 91       		.byte	0x91
 919 01c9 6C       		.sleb128 -20
 920 01ca 0E       		.uleb128 0xe
 921 01cb 726200   		.ascii	"rb\000"
 922 01ce 01       		.byte	0x1
 923 01cf 24       		.byte	0x24
 924 01d0 81000000 		.4byte	0x81
 925 01d4 02       		.uleb128 0x2
 926 01d5 91       		.byte	0x91
 927 01d6 77       		.sleb128 -9
 928 01d7 00       		.byte	0
 929 01d8 0F       		.uleb128 0xf
 930 01d9 23010000 		.4byte	.LASF32
 931 01dd 01       		.byte	0x1
 932 01de 62       		.byte	0x62
ARM GAS  C:\Users\yqh\AppData\Local\Temp\cctIgCNR.s 			page 20


 933 01df 2C000000 		.4byte	0x2c
 934 01e3 00000000 		.4byte	.LFB65
 935 01e7 50000000 		.4byte	.LFE65-.LFB65
 936 01eb 01       		.uleb128 0x1
 937 01ec 9C       		.byte	0x9c
 938 01ed FE010000 		.4byte	0x1fe
 939 01f1 0A       		.uleb128 0xa
 940 01f2 7000     		.ascii	"p\000"
 941 01f4 01       		.byte	0x1
 942 01f5 62       		.byte	0x62
 943 01f6 2C000000 		.4byte	0x2c
 944 01fa 02       		.uleb128 0x2
 945 01fb 91       		.byte	0x91
 946 01fc 77       		.sleb128 -9
 947 01fd 00       		.byte	0
 948 01fe 0F       		.uleb128 0xf
 949 01ff DE000000 		.4byte	.LASF33
 950 0203 01       		.byte	0x1
 951 0204 6A       		.byte	0x6a
 952 0205 68000000 		.4byte	0x68
 953 0209 00000000 		.4byte	.LFB66
 954 020d 18000000 		.4byte	.LFE66-.LFB66
 955 0211 01       		.uleb128 0x1
 956 0212 9C       		.byte	0x9c
 957 0213 24020000 		.4byte	0x224
 958 0217 0A       		.uleb128 0xa
 959 0218 7300     		.ascii	"s\000"
 960 021a 01       		.byte	0x1
 961 021b 6A       		.byte	0x6a
 962 021c A3010000 		.4byte	0x1a3
 963 0220 02       		.uleb128 0x2
 964 0221 91       		.byte	0x91
 965 0222 74       		.sleb128 -12
 966 0223 00       		.byte	0
 967 0224 0F       		.uleb128 0xf
 968 0225 00020000 		.4byte	.LASF34
 969 0229 01       		.byte	0x1
 970 022a 6F       		.byte	0x6f
 971 022b 68000000 		.4byte	0x68
 972 022f 00000000 		.4byte	.LFB67
 973 0233 2C000000 		.4byte	.LFE67-.LFB67
 974 0237 01       		.uleb128 0x1
 975 0238 9C       		.byte	0x9c
 976 0239 56020000 		.4byte	0x256
 977 023d 0A       		.uleb128 0xa
 978 023e 7300     		.ascii	"s\000"
 979 0240 01       		.byte	0x1
 980 0241 6F       		.byte	0x6f
 981 0242 A3010000 		.4byte	0x1a3
 982 0246 02       		.uleb128 0x2
 983 0247 91       		.byte	0x91
 984 0248 6C       		.sleb128 -20
 985 0249 0E       		.uleb128 0xe
 986 024a 6200     		.ascii	"b\000"
 987 024c 01       		.byte	0x1
 988 024d 71       		.byte	0x71
 989 024e 81000000 		.4byte	0x81
ARM GAS  C:\Users\yqh\AppData\Local\Temp\cctIgCNR.s 			page 21


 990 0252 02       		.uleb128 0x2
 991 0253 91       		.byte	0x91
 992 0254 77       		.sleb128 -9
 993 0255 00       		.byte	0
 994 0256 0D       		.uleb128 0xd
 995 0257 BB010000 		.4byte	.LASF35
 996 025b 01       		.byte	0x1
 997 025c 79       		.byte	0x79
 998 025d 00000000 		.4byte	.LFB68
 999 0261 2A010000 		.4byte	.LFE68-.LFB68
 1000 0265 01       		.uleb128 0x1
 1001 0266 9C       		.byte	0x9c
 1002 0267 A0020000 		.4byte	0x2a0
 1003 026b 0A       		.uleb128 0xa
 1004 026c 7300     		.ascii	"s\000"
 1005 026e 01       		.byte	0x1
 1006 026f 79       		.byte	0x79
 1007 0270 A3010000 		.4byte	0x1a3
 1008 0274 02       		.uleb128 0x2
 1009 0275 91       		.byte	0x91
 1010 0276 6C       		.sleb128 -20
 1011 0277 0A       		.uleb128 0xa
 1012 0278 6300     		.ascii	"c\000"
 1013 027a 01       		.byte	0x1
 1014 027b 79       		.byte	0x79
 1015 027c 68000000 		.4byte	0x68
 1016 0280 02       		.uleb128 0x2
 1017 0281 91       		.byte	0x91
 1018 0282 68       		.sleb128 -24
 1019 0283 10       		.uleb128 0x10
 1020 0284 3E020000 		.4byte	.LASF36
 1021 0288 01       		.byte	0x1
 1022 0289 7B       		.byte	0x7b
 1023 028a 3A000000 		.4byte	0x3a
 1024 028e 02       		.uleb128 0x2
 1025 028f 91       		.byte	0x91
 1026 0290 76       		.sleb128 -10
 1027 0291 10       		.uleb128 0x10
 1028 0292 56020000 		.4byte	.LASF17
 1029 0296 01       		.byte	0x1
 1030 0297 7C       		.byte	0x7c
 1031 0298 68000000 		.4byte	0x68
 1032 029c 02       		.uleb128 0x2
 1033 029d 91       		.byte	0x91
 1034 029e 70       		.sleb128 -16
 1035 029f 00       		.byte	0
 1036 02a0 11       		.uleb128 0x11
 1037 02a1 30010000 		.4byte	.LASF40
 1038 02a5 06       		.byte	0x6
 1039 02a6 9606     		.2byte	0x696
 1040 02a8 AC020000 		.4byte	0x2ac
 1041 02ac 08       		.uleb128 0x8
 1042 02ad 76000000 		.4byte	0x76
 1043 02b1 00       		.byte	0
 1044              		.section	.debug_abbrev,"",%progbits
 1045              	.Ldebug_abbrev0:
 1046 0000 01       		.uleb128 0x1
ARM GAS  C:\Users\yqh\AppData\Local\Temp\cctIgCNR.s 			page 22


 1047 0001 11       		.uleb128 0x11
 1048 0002 01       		.byte	0x1
 1049 0003 25       		.uleb128 0x25
 1050 0004 0E       		.uleb128 0xe
 1051 0005 13       		.uleb128 0x13
 1052 0006 0B       		.uleb128 0xb
 1053 0007 03       		.uleb128 0x3
 1054 0008 0E       		.uleb128 0xe
 1055 0009 1B       		.uleb128 0x1b
 1056 000a 0E       		.uleb128 0xe
 1057 000b 55       		.uleb128 0x55
 1058 000c 17       		.uleb128 0x17
 1059 000d 11       		.uleb128 0x11
 1060 000e 01       		.uleb128 0x1
 1061 000f 10       		.uleb128 0x10
 1062 0010 17       		.uleb128 0x17
 1063 0011 00       		.byte	0
 1064 0012 00       		.byte	0
 1065 0013 02       		.uleb128 0x2
 1066 0014 24       		.uleb128 0x24
 1067 0015 00       		.byte	0
 1068 0016 0B       		.uleb128 0xb
 1069 0017 0B       		.uleb128 0xb
 1070 0018 3E       		.uleb128 0x3e
 1071 0019 0B       		.uleb128 0xb
 1072 001a 03       		.uleb128 0x3
 1073 001b 0E       		.uleb128 0xe
 1074 001c 00       		.byte	0
 1075 001d 00       		.byte	0
 1076 001e 03       		.uleb128 0x3
 1077 001f 16       		.uleb128 0x16
 1078 0020 00       		.byte	0
 1079 0021 03       		.uleb128 0x3
 1080 0022 0E       		.uleb128 0xe
 1081 0023 3A       		.uleb128 0x3a
 1082 0024 0B       		.uleb128 0xb
 1083 0025 3B       		.uleb128 0x3b
 1084 0026 0B       		.uleb128 0xb
 1085 0027 49       		.uleb128 0x49
 1086 0028 13       		.uleb128 0x13
 1087 0029 00       		.byte	0
 1088 002a 00       		.byte	0
 1089 002b 04       		.uleb128 0x4
 1090 002c 24       		.uleb128 0x24
 1091 002d 00       		.byte	0
 1092 002e 0B       		.uleb128 0xb
 1093 002f 0B       		.uleb128 0xb
 1094 0030 3E       		.uleb128 0x3e
 1095 0031 0B       		.uleb128 0xb
 1096 0032 03       		.uleb128 0x3
 1097 0033 08       		.uleb128 0x8
 1098 0034 00       		.byte	0
 1099 0035 00       		.byte	0
 1100 0036 05       		.uleb128 0x5
 1101 0037 16       		.uleb128 0x16
 1102 0038 00       		.byte	0
 1103 0039 03       		.uleb128 0x3
ARM GAS  C:\Users\yqh\AppData\Local\Temp\cctIgCNR.s 			page 23


 1104 003a 0E       		.uleb128 0xe
 1105 003b 3A       		.uleb128 0x3a
 1106 003c 0B       		.uleb128 0xb
 1107 003d 3B       		.uleb128 0x3b
 1108 003e 05       		.uleb128 0x5
 1109 003f 49       		.uleb128 0x49
 1110 0040 13       		.uleb128 0x13
 1111 0041 00       		.byte	0
 1112 0042 00       		.byte	0
 1113 0043 06       		.uleb128 0x6
 1114 0044 13       		.uleb128 0x13
 1115 0045 01       		.byte	0x1
 1116 0046 0B       		.uleb128 0xb
 1117 0047 0B       		.uleb128 0xb
 1118 0048 3A       		.uleb128 0x3a
 1119 0049 0B       		.uleb128 0xb
 1120 004a 3B       		.uleb128 0x3b
 1121 004b 0B       		.uleb128 0xb
 1122 004c 01       		.uleb128 0x1
 1123 004d 13       		.uleb128 0x13
 1124 004e 00       		.byte	0
 1125 004f 00       		.byte	0
 1126 0050 07       		.uleb128 0x7
 1127 0051 0D       		.uleb128 0xd
 1128 0052 00       		.byte	0
 1129 0053 03       		.uleb128 0x3
 1130 0054 0E       		.uleb128 0xe
 1131 0055 3A       		.uleb128 0x3a
 1132 0056 0B       		.uleb128 0xb
 1133 0057 3B       		.uleb128 0x3b
 1134 0058 0B       		.uleb128 0xb
 1135 0059 49       		.uleb128 0x49
 1136 005a 13       		.uleb128 0x13
 1137 005b 38       		.uleb128 0x38
 1138 005c 0B       		.uleb128 0xb
 1139 005d 00       		.byte	0
 1140 005e 00       		.byte	0
 1141 005f 08       		.uleb128 0x8
 1142 0060 35       		.uleb128 0x35
 1143 0061 00       		.byte	0
 1144 0062 49       		.uleb128 0x49
 1145 0063 13       		.uleb128 0x13
 1146 0064 00       		.byte	0
 1147 0065 00       		.byte	0
 1148 0066 09       		.uleb128 0x9
 1149 0067 2E       		.uleb128 0x2e
 1150 0068 01       		.byte	0x1
 1151 0069 3F       		.uleb128 0x3f
 1152 006a 19       		.uleb128 0x19
 1153 006b 03       		.uleb128 0x3
 1154 006c 0E       		.uleb128 0xe
 1155 006d 3A       		.uleb128 0x3a
 1156 006e 0B       		.uleb128 0xb
 1157 006f 3B       		.uleb128 0x3b
 1158 0070 0B       		.uleb128 0xb
 1159 0071 27       		.uleb128 0x27
 1160 0072 19       		.uleb128 0x19
ARM GAS  C:\Users\yqh\AppData\Local\Temp\cctIgCNR.s 			page 24


 1161 0073 11       		.uleb128 0x11
 1162 0074 01       		.uleb128 0x1
 1163 0075 12       		.uleb128 0x12
 1164 0076 06       		.uleb128 0x6
 1165 0077 40       		.uleb128 0x40
 1166 0078 18       		.uleb128 0x18
 1167 0079 9742     		.uleb128 0x2117
 1168 007b 19       		.uleb128 0x19
 1169 007c 01       		.uleb128 0x1
 1170 007d 13       		.uleb128 0x13
 1171 007e 00       		.byte	0
 1172 007f 00       		.byte	0
 1173 0080 0A       		.uleb128 0xa
 1174 0081 05       		.uleb128 0x5
 1175 0082 00       		.byte	0
 1176 0083 03       		.uleb128 0x3
 1177 0084 08       		.uleb128 0x8
 1178 0085 3A       		.uleb128 0x3a
 1179 0086 0B       		.uleb128 0xb
 1180 0087 3B       		.uleb128 0x3b
 1181 0088 0B       		.uleb128 0xb
 1182 0089 49       		.uleb128 0x49
 1183 008a 13       		.uleb128 0x13
 1184 008b 02       		.uleb128 0x2
 1185 008c 18       		.uleb128 0x18
 1186 008d 00       		.byte	0
 1187 008e 00       		.byte	0
 1188 008f 0B       		.uleb128 0xb
 1189 0090 05       		.uleb128 0x5
 1190 0091 00       		.byte	0
 1191 0092 03       		.uleb128 0x3
 1192 0093 0E       		.uleb128 0xe
 1193 0094 3A       		.uleb128 0x3a
 1194 0095 0B       		.uleb128 0xb
 1195 0096 3B       		.uleb128 0x3b
 1196 0097 0B       		.uleb128 0xb
 1197 0098 49       		.uleb128 0x49
 1198 0099 13       		.uleb128 0x13
 1199 009a 02       		.uleb128 0x2
 1200 009b 18       		.uleb128 0x18
 1201 009c 00       		.byte	0
 1202 009d 00       		.byte	0
 1203 009e 0C       		.uleb128 0xc
 1204 009f 0F       		.uleb128 0xf
 1205 00a0 00       		.byte	0
 1206 00a1 0B       		.uleb128 0xb
 1207 00a2 0B       		.uleb128 0xb
 1208 00a3 49       		.uleb128 0x49
 1209 00a4 13       		.uleb128 0x13
 1210 00a5 00       		.byte	0
 1211 00a6 00       		.byte	0
 1212 00a7 0D       		.uleb128 0xd
 1213 00a8 2E       		.uleb128 0x2e
 1214 00a9 01       		.byte	0x1
 1215 00aa 3F       		.uleb128 0x3f
 1216 00ab 19       		.uleb128 0x19
 1217 00ac 03       		.uleb128 0x3
ARM GAS  C:\Users\yqh\AppData\Local\Temp\cctIgCNR.s 			page 25


 1218 00ad 0E       		.uleb128 0xe
 1219 00ae 3A       		.uleb128 0x3a
 1220 00af 0B       		.uleb128 0xb
 1221 00b0 3B       		.uleb128 0x3b
 1222 00b1 0B       		.uleb128 0xb
 1223 00b2 27       		.uleb128 0x27
 1224 00b3 19       		.uleb128 0x19
 1225 00b4 11       		.uleb128 0x11
 1226 00b5 01       		.uleb128 0x1
 1227 00b6 12       		.uleb128 0x12
 1228 00b7 06       		.uleb128 0x6
 1229 00b8 40       		.uleb128 0x40
 1230 00b9 18       		.uleb128 0x18
 1231 00ba 9642     		.uleb128 0x2116
 1232 00bc 19       		.uleb128 0x19
 1233 00bd 01       		.uleb128 0x1
 1234 00be 13       		.uleb128 0x13
 1235 00bf 00       		.byte	0
 1236 00c0 00       		.byte	0
 1237 00c1 0E       		.uleb128 0xe
 1238 00c2 34       		.uleb128 0x34
 1239 00c3 00       		.byte	0
 1240 00c4 03       		.uleb128 0x3
 1241 00c5 08       		.uleb128 0x8
 1242 00c6 3A       		.uleb128 0x3a
 1243 00c7 0B       		.uleb128 0xb
 1244 00c8 3B       		.uleb128 0x3b
 1245 00c9 0B       		.uleb128 0xb
 1246 00ca 49       		.uleb128 0x49
 1247 00cb 13       		.uleb128 0x13
 1248 00cc 02       		.uleb128 0x2
 1249 00cd 18       		.uleb128 0x18
 1250 00ce 00       		.byte	0
 1251 00cf 00       		.byte	0
 1252 00d0 0F       		.uleb128 0xf
 1253 00d1 2E       		.uleb128 0x2e
 1254 00d2 01       		.byte	0x1
 1255 00d3 3F       		.uleb128 0x3f
 1256 00d4 19       		.uleb128 0x19
 1257 00d5 03       		.uleb128 0x3
 1258 00d6 0E       		.uleb128 0xe
 1259 00d7 3A       		.uleb128 0x3a
 1260 00d8 0B       		.uleb128 0xb
 1261 00d9 3B       		.uleb128 0x3b
 1262 00da 0B       		.uleb128 0xb
 1263 00db 27       		.uleb128 0x27
 1264 00dc 19       		.uleb128 0x19
 1265 00dd 49       		.uleb128 0x49
 1266 00de 13       		.uleb128 0x13
 1267 00df 11       		.uleb128 0x11
 1268 00e0 01       		.uleb128 0x1
 1269 00e1 12       		.uleb128 0x12
 1270 00e2 06       		.uleb128 0x6
 1271 00e3 40       		.uleb128 0x40
 1272 00e4 18       		.uleb128 0x18
 1273 00e5 9742     		.uleb128 0x2117
 1274 00e7 19       		.uleb128 0x19
ARM GAS  C:\Users\yqh\AppData\Local\Temp\cctIgCNR.s 			page 26


 1275 00e8 01       		.uleb128 0x1
 1276 00e9 13       		.uleb128 0x13
 1277 00ea 00       		.byte	0
 1278 00eb 00       		.byte	0
 1279 00ec 10       		.uleb128 0x10
 1280 00ed 34       		.uleb128 0x34
 1281 00ee 00       		.byte	0
 1282 00ef 03       		.uleb128 0x3
 1283 00f0 0E       		.uleb128 0xe
 1284 00f1 3A       		.uleb128 0x3a
 1285 00f2 0B       		.uleb128 0xb
 1286 00f3 3B       		.uleb128 0x3b
 1287 00f4 0B       		.uleb128 0xb
 1288 00f5 49       		.uleb128 0x49
 1289 00f6 13       		.uleb128 0x13
 1290 00f7 02       		.uleb128 0x2
 1291 00f8 18       		.uleb128 0x18
 1292 00f9 00       		.byte	0
 1293 00fa 00       		.byte	0
 1294 00fb 11       		.uleb128 0x11
 1295 00fc 34       		.uleb128 0x34
 1296 00fd 00       		.byte	0
 1297 00fe 03       		.uleb128 0x3
 1298 00ff 0E       		.uleb128 0xe
 1299 0100 3A       		.uleb128 0x3a
 1300 0101 0B       		.uleb128 0xb
 1301 0102 3B       		.uleb128 0x3b
 1302 0103 05       		.uleb128 0x5
 1303 0104 49       		.uleb128 0x49
 1304 0105 13       		.uleb128 0x13
 1305 0106 3F       		.uleb128 0x3f
 1306 0107 19       		.uleb128 0x19
 1307 0108 3C       		.uleb128 0x3c
 1308 0109 19       		.uleb128 0x19
 1309 010a 00       		.byte	0
 1310 010b 00       		.byte	0
 1311 010c 00       		.byte	0
 1312              		.section	.debug_aranges,"",%progbits
 1313 0000 44000000 		.4byte	0x44
 1314 0004 0200     		.2byte	0x2
 1315 0006 00000000 		.4byte	.Ldebug_info0
 1316 000a 04       		.byte	0x4
 1317 000b 00       		.byte	0
 1318 000c 0000     		.2byte	0
 1319 000e 0000     		.2byte	0
 1320 0010 00000000 		.4byte	.LFB63
 1321 0014 4E000000 		.4byte	.LFE63-.LFB63
 1322 0018 00000000 		.4byte	.LFB64
 1323 001c 60010000 		.4byte	.LFE64-.LFB64
 1324 0020 00000000 		.4byte	.LFB65
 1325 0024 50000000 		.4byte	.LFE65-.LFB65
 1326 0028 00000000 		.4byte	.LFB66
 1327 002c 18000000 		.4byte	.LFE66-.LFB66
 1328 0030 00000000 		.4byte	.LFB67
 1329 0034 2C000000 		.4byte	.LFE67-.LFB67
 1330 0038 00000000 		.4byte	.LFB68
 1331 003c 2A010000 		.4byte	.LFE68-.LFB68
ARM GAS  C:\Users\yqh\AppData\Local\Temp\cctIgCNR.s 			page 27


 1332 0040 00000000 		.4byte	0
 1333 0044 00000000 		.4byte	0
 1334              		.section	.debug_ranges,"",%progbits
 1335              	.Ldebug_ranges0:
 1336 0000 00000000 		.4byte	.LFB63
 1337 0004 4E000000 		.4byte	.LFE63
 1338 0008 00000000 		.4byte	.LFB64
 1339 000c 60010000 		.4byte	.LFE64
 1340 0010 00000000 		.4byte	.LFB65
 1341 0014 50000000 		.4byte	.LFE65
 1342 0018 00000000 		.4byte	.LFB66
 1343 001c 18000000 		.4byte	.LFE66
 1344 0020 00000000 		.4byte	.LFB67
 1345 0024 2C000000 		.4byte	.LFE67
 1346 0028 00000000 		.4byte	.LFB68
 1347 002c 2A010000 		.4byte	.LFE68
 1348 0030 00000000 		.4byte	0
 1349 0034 00000000 		.4byte	0
 1350              		.section	.debug_line,"",%progbits
 1351              	.Ldebug_line0:
 1352 0000 32020000 		.section	.debug_str,"MS",%progbits,1
 1352      02005E01 
 1352      00000201 
 1352      FB0E0D00 
 1352      01010101 
 1353              	.LASF20:
 1354 0000 72785F62 		.ascii	"rx_byte\000"
 1354      79746500 
 1355              	.LASF28:
 1356 0008 534F4654 		.ascii	"SOFT_UART_STRUCT\000"
 1356      5F554152 
 1356      545F5354 
 1356      52554354 
 1356      00
 1357              	.LASF18:
 1358 0019 73746F70 		.ascii	"stop_bits\000"
 1358      5F626974 
 1358      7300
 1359              	.LASF9:
 1360 0023 5F5F696E 		.ascii	"__int32_t\000"
 1360      7433325F 
 1360      7400
 1361              	.LASF37:
 1362 002d 474E5520 		.ascii	"GNU C 4.9.3 20150303 (release) [ARM/embedded-4_9-br"
 1362      4320342E 
 1362      392E3320 
 1362      32303135 
 1362      30333033 
 1363 0060 616E6368 		.ascii	"anch revision 221220] -mcpu=cortex-m3 -mthumb -g -O"
 1363      20726576 
 1363      6973696F 
 1363      6E203232 
 1363      31323230 
 1364 0093 30202D66 		.ascii	"0 -ffunction-sections -ffat-lto-objects\000"
 1364      66756E63 
 1364      74696F6E 
 1364      2D736563 
ARM GAS  C:\Users\yqh\AppData\Local\Temp\cctIgCNR.s 			page 28


 1364      74696F6E 
 1365              	.LASF31:
 1366 00bb 53555F49 		.ascii	"SU_Isr\000"
 1366      737200
 1367              	.LASF21:
 1368 00c2 74785F62 		.ascii	"tx_byte\000"
 1368      79746500 
 1369              	.LASF12:
 1370 00ca 666C6F61 		.ascii	"float\000"
 1370      7400
 1371              	.LASF1:
 1372 00d0 756E7369 		.ascii	"unsigned char\000"
 1372      676E6564 
 1372      20636861 
 1372      7200
 1373              	.LASF33:
 1374 00de 53555F47 		.ascii	"SU_GetStat\000"
 1374      65745374 
 1374      617400
 1375              	.LASF5:
 1376 00e9 6C6F6E67 		.ascii	"long unsigned int\000"
 1376      20756E73 
 1376      69676E65 
 1376      6420696E 
 1376      7400
 1377              	.LASF3:
 1378 00fb 73686F72 		.ascii	"short unsigned int\000"
 1378      7420756E 
 1378      7369676E 
 1378      65642069 
 1378      6E7400
 1379              	.LASF30:
 1380 010e 53555F53 		.ascii	"SU_Start\000"
 1380      74617274 
 1380      00
 1381              	.LASF29:
 1382 0117 73746F70 		.ascii	"stop\000"
 1382      00
 1383              	.LASF13:
 1384 011c 646F7562 		.ascii	"double\000"
 1384      6C6500
 1385              	.LASF32:
 1386 0123 6765744F 		.ascii	"getOddParity\000"
 1386      64645061 
 1386      72697479 
 1386      00
 1387              	.LASF40:
 1388 0130 49544D5F 		.ascii	"ITM_RxBuffer\000"
 1388      52784275 
 1388      66666572 
 1388      00
 1389              	.LASF25:
 1390 013d 74696D65 		.ascii	"timer_tx_ctr\000"
 1390      725F7478 
 1390      5F637472 
 1390      00
 1391              	.LASF39:
ARM GAS  C:\Users\yqh\AppData\Local\Temp\cctIgCNR.s 			page 29


 1392 014a 433A5C55 		.ascii	"C:\\Users\\yqh\\Documents\\works\\NanoNXT\\Pass_TOC"
 1392      73657273 
 1392      5C797168 
 1392      5C446F63 
 1392      756D656E 
 1393 0177 5C332E35 		.ascii	"\\3.5.2\\nanoNxt_ICM3.cydsn\000"
 1393      2E325C6E 
 1393      616E6F4E 
 1393      78745F49 
 1393      434D332E 
 1394              	.LASF8:
 1395 0191 756E7369 		.ascii	"unsigned int\000"
 1395      676E6564 
 1395      20696E74 
 1395      00
 1396              	.LASF24:
 1397 019e 666C6167 		.ascii	"flags\000"
 1397      7300
 1398              	.LASF7:
 1399 01a4 6C6F6E67 		.ascii	"long long unsigned int\000"
 1399      206C6F6E 
 1399      6720756E 
 1399      7369676E 
 1399      65642069 
 1400              	.LASF35:
 1401 01bb 53555F50 		.ascii	"SU_PutChar\000"
 1401      75744368 
 1401      617200
 1402              	.LASF27:
 1403 01c6 72785F72 		.ascii	"rx_recv\000"
 1403      65637600 
 1404              	.LASF16:
 1405 01ce 62617564 		.ascii	"baud\000"
 1405      00
 1406              	.LASF10:
 1407 01d3 696E7433 		.ascii	"int32_t\000"
 1407      325F7400 
 1408              	.LASF15:
 1409 01db 73697A65 		.ascii	"sizetype\000"
 1409      74797065 
 1409      00
 1410              	.LASF38:
 1411 01e4 2E5C736F 		.ascii	".\\soft_uart.c\000"
 1411      66745F75 
 1411      6172742E 
 1411      6300
 1412              	.LASF6:
 1413 01f2 6C6F6E67 		.ascii	"long long int\000"
 1413      206C6F6E 
 1413      6720696E 
 1413      7400
 1414              	.LASF34:
 1415 0200 53555F47 		.ascii	"SU_GetChar\000"
 1415      65744368 
 1415      617200
 1416              	.LASF22:
 1417 020b 74785F62 		.ascii	"tx_bits\000"
ARM GAS  C:\Users\yqh\AppData\Local\Temp\cctIgCNR.s 			page 30


 1417      69747300 
 1418              	.LASF19:
 1419 0213 62697473 		.ascii	"bits\000"
 1419      00
 1420              	.LASF23:
 1421 0218 72785F62 		.ascii	"rx_bits\000"
 1421      69747300 
 1422              	.LASF2:
 1423 0220 73686F72 		.ascii	"short int\000"
 1423      7420696E 
 1423      7400
 1424              	.LASF11:
 1425 022a 75696E74 		.ascii	"uint8\000"
 1425      3800
 1426              	.LASF4:
 1427 0230 6C6F6E67 		.ascii	"long int\000"
 1427      20696E74 
 1427      00
 1428              	.LASF14:
 1429 0239 63686172 		.ascii	"char\000"
 1429      00
 1430              	.LASF36:
 1431 023e 64617461 		.ascii	"data_tosend\000"
 1431      5F746F73 
 1431      656E6400 
 1432              	.LASF0:
 1433 024a 7369676E 		.ascii	"signed char\000"
 1433      65642063 
 1433      68617200 
 1434              	.LASF17:
 1435 0256 70617269 		.ascii	"parity\000"
 1435      747900
 1436              	.LASF26:
 1437 025d 74696D65 		.ascii	"timer_rx_ctr\000"
 1437      725F7278 
 1437      5F637472 
 1437      00
 1438              		.ident	"GCC: (GNU Tools for ARM Embedded Processors) 4.9.3 20150303 (release) [ARM/embedded-4_9-br
