ARM GAS  C:\Users\ilya\AppData\Local\Temp\ccUzBtzJ.s 			page 1


   1              		.syntax unified
   2              		.cpu cortex-m0
   3              		.fpu softvfp
   4              		.eabi_attribute 20, 1
   5              		.eabi_attribute 21, 1
   6              		.eabi_attribute 23, 3
   7              		.eabi_attribute 24, 1
   8              		.eabi_attribute 25, 1
   9              		.eabi_attribute 26, 1
  10              		.eabi_attribute 30, 6
  11              		.eabi_attribute 34, 0
  12              		.eabi_attribute 18, 4
  13              		.thumb
  14              		.syntax unified
  15              		.file	"IDAC_1_PM.c"
  16              		.text
  17              	.Ltext0:
  18              		.cfi_sections	.debug_frame
  19              		.bss
  20              		.align	2
  21              	IDAC_1_backup:
  22 0000 00       		.space	1
  23              		.section	.text.IDAC_1_SaveConfig,"ax",%progbits
  24              		.align	2
  25              		.global	IDAC_1_SaveConfig
  26              		.code	16
  27              		.thumb_func
  28              		.type	IDAC_1_SaveConfig, %function
  29              	IDAC_1_SaveConfig:
  30              	.LFB0:
  31              		.file 1 "Generated_Source\\PSoC4\\IDAC_1_PM.c"
   1:Generated_Source\PSoC4/IDAC_1_PM.c **** /*******************************************************************************
   2:Generated_Source\PSoC4/IDAC_1_PM.c **** * File Name: IDAC_1_PM.c
   3:Generated_Source\PSoC4/IDAC_1_PM.c **** * Version 1.10
   4:Generated_Source\PSoC4/IDAC_1_PM.c **** *
   5:Generated_Source\PSoC4/IDAC_1_PM.c **** * Description:
   6:Generated_Source\PSoC4/IDAC_1_PM.c **** *  This file provides Low power mode APIs for IDAC_P4 component.
   7:Generated_Source\PSoC4/IDAC_1_PM.c **** *
   8:Generated_Source\PSoC4/IDAC_1_PM.c **** ********************************************************************************
   9:Generated_Source\PSoC4/IDAC_1_PM.c **** * Copyright 2013-2015, Cypress Semiconductor Corporation.  All rights reserved.
  10:Generated_Source\PSoC4/IDAC_1_PM.c **** * You may use this file only in accordance with the license, terms, conditions,
  11:Generated_Source\PSoC4/IDAC_1_PM.c **** * disclaimers, and limitations in the end user license agreement accompanying
  12:Generated_Source\PSoC4/IDAC_1_PM.c **** * the software package with which this file was provided.
  13:Generated_Source\PSoC4/IDAC_1_PM.c **** *******************************************************************************/
  14:Generated_Source\PSoC4/IDAC_1_PM.c **** 
  15:Generated_Source\PSoC4/IDAC_1_PM.c **** #include "IDAC_1.h"
  16:Generated_Source\PSoC4/IDAC_1_PM.c **** 
  17:Generated_Source\PSoC4/IDAC_1_PM.c **** 
  18:Generated_Source\PSoC4/IDAC_1_PM.c **** static IDAC_1_BACKUP_STRUCT IDAC_1_backup;
  19:Generated_Source\PSoC4/IDAC_1_PM.c **** 
  20:Generated_Source\PSoC4/IDAC_1_PM.c **** 
  21:Generated_Source\PSoC4/IDAC_1_PM.c **** /*******************************************************************************
  22:Generated_Source\PSoC4/IDAC_1_PM.c **** * Function Name: IDAC_1_SaveConfig
  23:Generated_Source\PSoC4/IDAC_1_PM.c **** ********************************************************************************
  24:Generated_Source\PSoC4/IDAC_1_PM.c **** *
  25:Generated_Source\PSoC4/IDAC_1_PM.c **** * Summary:
  26:Generated_Source\PSoC4/IDAC_1_PM.c **** *  Saves component state before sleep
ARM GAS  C:\Users\ilya\AppData\Local\Temp\ccUzBtzJ.s 			page 2


  27:Generated_Source\PSoC4/IDAC_1_PM.c **** * Parameters:
  28:Generated_Source\PSoC4/IDAC_1_PM.c **** *  None
  29:Generated_Source\PSoC4/IDAC_1_PM.c **** *
  30:Generated_Source\PSoC4/IDAC_1_PM.c **** * Return:
  31:Generated_Source\PSoC4/IDAC_1_PM.c **** *  None
  32:Generated_Source\PSoC4/IDAC_1_PM.c **** *
  33:Generated_Source\PSoC4/IDAC_1_PM.c **** * Global Variables:
  34:Generated_Source\PSoC4/IDAC_1_PM.c **** *  None
  35:Generated_Source\PSoC4/IDAC_1_PM.c **** *
  36:Generated_Source\PSoC4/IDAC_1_PM.c **** *******************************************************************************/
  37:Generated_Source\PSoC4/IDAC_1_PM.c **** void IDAC_1_SaveConfig(void)
  38:Generated_Source\PSoC4/IDAC_1_PM.c **** {
  32              		.loc 1 38 0
  33              		.cfi_startproc
  34              		@ args = 0, pretend = 0, frame = 0
  35              		@ frame_needed = 1, uses_anonymous_args = 0
  36 0000 80B5     		push	{r7, lr}
  37              		.cfi_def_cfa_offset 8
  38              		.cfi_offset 7, -8
  39              		.cfi_offset 14, -4
  40 0002 00AF     		add	r7, sp, #0
  41              		.cfi_def_cfa_register 7
  39:Generated_Source\PSoC4/IDAC_1_PM.c ****     /* All registers are retention - nothing to save */
  40:Generated_Source\PSoC4/IDAC_1_PM.c **** }
  42              		.loc 1 40 0
  43 0004 C046     		nop
  44 0006 BD46     		mov	sp, r7
  45              		@ sp needed
  46 0008 80BD     		pop	{r7, pc}
  47              		.cfi_endproc
  48              	.LFE0:
  49              		.size	IDAC_1_SaveConfig, .-IDAC_1_SaveConfig
  50 000a C046     		.section	.text.IDAC_1_Sleep,"ax",%progbits
  51              		.align	2
  52              		.global	IDAC_1_Sleep
  53              		.code	16
  54              		.thumb_func
  55              		.type	IDAC_1_Sleep, %function
  56              	IDAC_1_Sleep:
  57              	.LFB1:
  41:Generated_Source\PSoC4/IDAC_1_PM.c **** 
  42:Generated_Source\PSoC4/IDAC_1_PM.c **** 
  43:Generated_Source\PSoC4/IDAC_1_PM.c **** /*******************************************************************************
  44:Generated_Source\PSoC4/IDAC_1_PM.c **** * Function Name: IDAC_1_Sleep
  45:Generated_Source\PSoC4/IDAC_1_PM.c **** ********************************************************************************
  46:Generated_Source\PSoC4/IDAC_1_PM.c **** *
  47:Generated_Source\PSoC4/IDAC_1_PM.c **** * Summary:
  48:Generated_Source\PSoC4/IDAC_1_PM.c **** *  Calls _SaveConfig() function
  49:Generated_Source\PSoC4/IDAC_1_PM.c **** * Parameters:
  50:Generated_Source\PSoC4/IDAC_1_PM.c **** *  None
  51:Generated_Source\PSoC4/IDAC_1_PM.c **** *
  52:Generated_Source\PSoC4/IDAC_1_PM.c **** * Return:
  53:Generated_Source\PSoC4/IDAC_1_PM.c **** *  None
  54:Generated_Source\PSoC4/IDAC_1_PM.c **** *
  55:Generated_Source\PSoC4/IDAC_1_PM.c **** *******************************************************************************/
  56:Generated_Source\PSoC4/IDAC_1_PM.c **** void IDAC_1_Sleep(void)
  57:Generated_Source\PSoC4/IDAC_1_PM.c **** {
ARM GAS  C:\Users\ilya\AppData\Local\Temp\ccUzBtzJ.s 			page 3


  58              		.loc 1 57 0
  59              		.cfi_startproc
  60              		@ args = 0, pretend = 0, frame = 0
  61              		@ frame_needed = 1, uses_anonymous_args = 0
  62 0000 80B5     		push	{r7, lr}
  63              		.cfi_def_cfa_offset 8
  64              		.cfi_offset 7, -8
  65              		.cfi_offset 14, -4
  66 0002 00AF     		add	r7, sp, #0
  67              		.cfi_def_cfa_register 7
  58:Generated_Source\PSoC4/IDAC_1_PM.c ****         if(0u != (IDAC_1_IDAC_CONTROL_REG & ((uint32)IDAC_1_IDAC_MODE_MASK <<
  68              		.loc 1 58 0
  69 0004 094B     		ldr	r3, .L5
  70 0006 1A68     		ldr	r2, [r3]
  71 0008 C023     		movs	r3, #192
  72 000a 9B04     		lsls	r3, r3, #18
  73 000c 1340     		ands	r3, r2
  74 000e 03D0     		beq	.L3
  59:Generated_Source\PSoC4/IDAC_1_PM.c ****         IDAC_1_IDAC_MODE_POSITION)))
  60:Generated_Source\PSoC4/IDAC_1_PM.c ****         {
  61:Generated_Source\PSoC4/IDAC_1_PM.c ****             IDAC_1_backup.enableState = 1u;
  75              		.loc 1 61 0
  76 0010 074B     		ldr	r3, .L5+4
  77 0012 0122     		movs	r2, #1
  78 0014 1A70     		strb	r2, [r3]
  79 0016 02E0     		b	.L4
  80              	.L3:
  62:Generated_Source\PSoC4/IDAC_1_PM.c ****         }
  63:Generated_Source\PSoC4/IDAC_1_PM.c ****         else
  64:Generated_Source\PSoC4/IDAC_1_PM.c ****         {
  65:Generated_Source\PSoC4/IDAC_1_PM.c ****             IDAC_1_backup.enableState = 0u;
  81              		.loc 1 65 0
  82 0018 054B     		ldr	r3, .L5+4
  83 001a 0022     		movs	r2, #0
  84 001c 1A70     		strb	r2, [r3]
  85              	.L4:
  66:Generated_Source\PSoC4/IDAC_1_PM.c ****         }
  67:Generated_Source\PSoC4/IDAC_1_PM.c **** 
  68:Generated_Source\PSoC4/IDAC_1_PM.c ****     IDAC_1_Stop();
  86              		.loc 1 68 0
  87 001e FFF7FEFF 		bl	IDAC_1_Stop
  69:Generated_Source\PSoC4/IDAC_1_PM.c ****     IDAC_1_SaveConfig();
  88              		.loc 1 69 0
  89 0022 FFF7FEFF 		bl	IDAC_1_SaveConfig
  70:Generated_Source\PSoC4/IDAC_1_PM.c **** }
  90              		.loc 1 70 0
  91 0026 C046     		nop
  92 0028 BD46     		mov	sp, r7
  93              		@ sp needed
  94 002a 80BD     		pop	{r7, pc}
  95              	.L6:
  96              		.align	2
  97              	.L5:
  98 002c 08000840 		.word	1074266120
  99 0030 00000000 		.word	IDAC_1_backup
 100              		.cfi_endproc
 101              	.LFE1:
ARM GAS  C:\Users\ilya\AppData\Local\Temp\ccUzBtzJ.s 			page 4


 102              		.size	IDAC_1_Sleep, .-IDAC_1_Sleep
 103              		.section	.text.IDAC_1_RestoreConfig,"ax",%progbits
 104              		.align	2
 105              		.global	IDAC_1_RestoreConfig
 106              		.code	16
 107              		.thumb_func
 108              		.type	IDAC_1_RestoreConfig, %function
 109              	IDAC_1_RestoreConfig:
 110              	.LFB2:
  71:Generated_Source\PSoC4/IDAC_1_PM.c **** 
  72:Generated_Source\PSoC4/IDAC_1_PM.c **** 
  73:Generated_Source\PSoC4/IDAC_1_PM.c **** /*******************************************************************************
  74:Generated_Source\PSoC4/IDAC_1_PM.c **** * Function Name: IDAC_1_RestoreConfig
  75:Generated_Source\PSoC4/IDAC_1_PM.c **** ********************************************************************************
  76:Generated_Source\PSoC4/IDAC_1_PM.c **** *
  77:Generated_Source\PSoC4/IDAC_1_PM.c **** * Summary:
  78:Generated_Source\PSoC4/IDAC_1_PM.c **** *  Restores component state after wakeup
  79:Generated_Source\PSoC4/IDAC_1_PM.c **** * Parameters:
  80:Generated_Source\PSoC4/IDAC_1_PM.c **** *  None
  81:Generated_Source\PSoC4/IDAC_1_PM.c **** *
  82:Generated_Source\PSoC4/IDAC_1_PM.c **** * Return:
  83:Generated_Source\PSoC4/IDAC_1_PM.c **** *  None
  84:Generated_Source\PSoC4/IDAC_1_PM.c **** *
  85:Generated_Source\PSoC4/IDAC_1_PM.c **** * Global Variables:
  86:Generated_Source\PSoC4/IDAC_1_PM.c **** *  None
  87:Generated_Source\PSoC4/IDAC_1_PM.c **** *
  88:Generated_Source\PSoC4/IDAC_1_PM.c **** *******************************************************************************/
  89:Generated_Source\PSoC4/IDAC_1_PM.c **** void IDAC_1_RestoreConfig(void)
  90:Generated_Source\PSoC4/IDAC_1_PM.c **** {
 111              		.loc 1 90 0
 112              		.cfi_startproc
 113              		@ args = 0, pretend = 0, frame = 0
 114              		@ frame_needed = 1, uses_anonymous_args = 0
 115 0000 80B5     		push	{r7, lr}
 116              		.cfi_def_cfa_offset 8
 117              		.cfi_offset 7, -8
 118              		.cfi_offset 14, -4
 119 0002 00AF     		add	r7, sp, #0
 120              		.cfi_def_cfa_register 7
  91:Generated_Source\PSoC4/IDAC_1_PM.c ****     /* All registers are retention - nothing to save */
  92:Generated_Source\PSoC4/IDAC_1_PM.c **** }
 121              		.loc 1 92 0
 122 0004 C046     		nop
 123 0006 BD46     		mov	sp, r7
 124              		@ sp needed
 125 0008 80BD     		pop	{r7, pc}
 126              		.cfi_endproc
 127              	.LFE2:
 128              		.size	IDAC_1_RestoreConfig, .-IDAC_1_RestoreConfig
 129              		.section	.text.IDAC_1_Wakeup,"ax",%progbits
 130              		.align	2
 131              		.global	IDAC_1_Wakeup
 132              		.code	16
 133              		.thumb_func
 134              		.type	IDAC_1_Wakeup, %function
 135              	IDAC_1_Wakeup:
 136              	.LFB3:
ARM GAS  C:\Users\ilya\AppData\Local\Temp\ccUzBtzJ.s 			page 5


  93:Generated_Source\PSoC4/IDAC_1_PM.c **** 
  94:Generated_Source\PSoC4/IDAC_1_PM.c **** 
  95:Generated_Source\PSoC4/IDAC_1_PM.c **** /*******************************************************************************
  96:Generated_Source\PSoC4/IDAC_1_PM.c **** * Function Name: IDAC_1_Wakeup
  97:Generated_Source\PSoC4/IDAC_1_PM.c **** ********************************************************************************
  98:Generated_Source\PSoC4/IDAC_1_PM.c **** *
  99:Generated_Source\PSoC4/IDAC_1_PM.c **** * Summary:
 100:Generated_Source\PSoC4/IDAC_1_PM.c **** *  Calls _RestoreConfig() function
 101:Generated_Source\PSoC4/IDAC_1_PM.c **** * Parameters:
 102:Generated_Source\PSoC4/IDAC_1_PM.c **** *  None
 103:Generated_Source\PSoC4/IDAC_1_PM.c **** *
 104:Generated_Source\PSoC4/IDAC_1_PM.c **** * Return:
 105:Generated_Source\PSoC4/IDAC_1_PM.c **** *  None
 106:Generated_Source\PSoC4/IDAC_1_PM.c **** *
 107:Generated_Source\PSoC4/IDAC_1_PM.c **** *******************************************************************************/
 108:Generated_Source\PSoC4/IDAC_1_PM.c **** void IDAC_1_Wakeup(void)
 109:Generated_Source\PSoC4/IDAC_1_PM.c **** {
 137              		.loc 1 109 0
 138              		.cfi_startproc
 139              		@ args = 0, pretend = 0, frame = 0
 140              		@ frame_needed = 1, uses_anonymous_args = 0
 141 0000 80B5     		push	{r7, lr}
 142              		.cfi_def_cfa_offset 8
 143              		.cfi_offset 7, -8
 144              		.cfi_offset 14, -4
 145 0002 00AF     		add	r7, sp, #0
 146              		.cfi_def_cfa_register 7
 110:Generated_Source\PSoC4/IDAC_1_PM.c ****     /* Restore IDAC register settings */
 111:Generated_Source\PSoC4/IDAC_1_PM.c ****     IDAC_1_RestoreConfig();
 147              		.loc 1 111 0
 148 0004 FFF7FEFF 		bl	IDAC_1_RestoreConfig
 112:Generated_Source\PSoC4/IDAC_1_PM.c ****     if(IDAC_1_backup.enableState == 1u)
 149              		.loc 1 112 0
 150 0008 044B     		ldr	r3, .L11
 151 000a 1B78     		ldrb	r3, [r3]
 152 000c 012B     		cmp	r3, #1
 153 000e 01D1     		bne	.L10
 113:Generated_Source\PSoC4/IDAC_1_PM.c ****     {
 114:Generated_Source\PSoC4/IDAC_1_PM.c ****         /* Enable operation */
 115:Generated_Source\PSoC4/IDAC_1_PM.c ****         IDAC_1_Enable();
 154              		.loc 1 115 0
 155 0010 FFF7FEFF 		bl	IDAC_1_Enable
 156              	.L10:
 116:Generated_Source\PSoC4/IDAC_1_PM.c ****     } /* Do nothing if the component was disabled before */
 117:Generated_Source\PSoC4/IDAC_1_PM.c **** 
 118:Generated_Source\PSoC4/IDAC_1_PM.c **** }
 157              		.loc 1 118 0
 158 0014 C046     		nop
 159 0016 BD46     		mov	sp, r7
 160              		@ sp needed
 161 0018 80BD     		pop	{r7, pc}
 162              	.L12:
 163 001a C046     		.align	2
 164              	.L11:
 165 001c 00000000 		.word	IDAC_1_backup
 166              		.cfi_endproc
 167              	.LFE3:
ARM GAS  C:\Users\ilya\AppData\Local\Temp\ccUzBtzJ.s 			page 6


 168              		.size	IDAC_1_Wakeup, .-IDAC_1_Wakeup
 169              		.text
 170              	.Letext0:
 171              		.file 2 "Generated_Source\\PSoC4\\cytypes.h"
 172              		.file 3 "Generated_Source\\PSoC4\\IDAC_1.h"
 173              		.section	.debug_info,"",%progbits
 174              	.Ldebug_info0:
 175 0000 29010000 		.4byte	0x129
 176 0004 0400     		.2byte	0x4
 177 0006 00000000 		.4byte	.Ldebug_abbrev0
 178 000a 04       		.byte	0x4
 179 000b 01       		.uleb128 0x1
 180 000c 64010000 		.4byte	.LASF22
 181 0010 0C       		.byte	0xc
 182 0011 25010000 		.4byte	.LASF23
 183 0015 F0000000 		.4byte	.LASF24
 184 0019 00000000 		.4byte	.Ldebug_ranges0+0
 185 001d 00000000 		.4byte	0
 186 0021 00000000 		.4byte	.Ldebug_line0
 187 0025 02       		.uleb128 0x2
 188 0026 01       		.byte	0x1
 189 0027 06       		.byte	0x6
 190 0028 CF000000 		.4byte	.LASF0
 191 002c 02       		.uleb128 0x2
 192 002d 01       		.byte	0x1
 193 002e 08       		.byte	0x8
 194 002f 7E000000 		.4byte	.LASF1
 195 0033 02       		.uleb128 0x2
 196 0034 02       		.byte	0x2
 197 0035 05       		.byte	0x5
 198 0036 5A010000 		.4byte	.LASF2
 199 003a 02       		.uleb128 0x2
 200 003b 02       		.byte	0x2
 201 003c 07       		.byte	0x7
 202 003d BC000000 		.4byte	.LASF3
 203 0041 02       		.uleb128 0x2
 204 0042 04       		.byte	0x4
 205 0043 05       		.byte	0x5
 206 0044 91000000 		.4byte	.LASF4
 207 0048 02       		.uleb128 0x2
 208 0049 04       		.byte	0x4
 209 004a 07       		.byte	0x7
 210 004b 4F000000 		.4byte	.LASF5
 211 004f 02       		.uleb128 0x2
 212 0050 08       		.byte	0x8
 213 0051 05       		.byte	0x5
 214 0052 00000000 		.4byte	.LASF6
 215 0056 02       		.uleb128 0x2
 216 0057 08       		.byte	0x8
 217 0058 07       		.byte	0x7
 218 0059 61000000 		.4byte	.LASF7
 219 005d 03       		.uleb128 0x3
 220 005e 04       		.byte	0x4
 221 005f 05       		.byte	0x5
 222 0060 696E7400 		.ascii	"int\000"
 223 0064 02       		.uleb128 0x2
 224 0065 04       		.byte	0x4
ARM GAS  C:\Users\ilya\AppData\Local\Temp\ccUzBtzJ.s 			page 7


 225 0066 07       		.byte	0x7
 226 0067 21000000 		.4byte	.LASF8
 227 006b 04       		.uleb128 0x4
 228 006c 49000000 		.4byte	.LASF9
 229 0070 02       		.byte	0x2
 230 0071 B901     		.2byte	0x1b9
 231 0073 2C000000 		.4byte	0x2c
 232 0077 04       		.uleb128 0x4
 233 0078 0E000000 		.4byte	.LASF10
 234 007c 02       		.byte	0x2
 235 007d BB01     		.2byte	0x1bb
 236 007f 48000000 		.4byte	0x48
 237 0083 02       		.uleb128 0x2
 238 0084 04       		.byte	0x4
 239 0085 04       		.byte	0x4
 240 0086 78000000 		.4byte	.LASF11
 241 008a 02       		.uleb128 0x2
 242 008b 08       		.byte	0x8
 243 008c 04       		.byte	0x4
 244 008d 9A000000 		.4byte	.LASF12
 245 0091 02       		.uleb128 0x2
 246 0092 01       		.byte	0x1
 247 0093 08       		.byte	0x8
 248 0094 8C000000 		.4byte	.LASF13
 249 0098 04       		.uleb128 0x4
 250 0099 A1000000 		.4byte	.LASF14
 251 009d 02       		.byte	0x2
 252 009e 6502     		.2byte	0x265
 253 00a0 A4000000 		.4byte	0xa4
 254 00a4 05       		.uleb128 0x5
 255 00a5 77000000 		.4byte	0x77
 256 00a9 02       		.uleb128 0x2
 257 00aa 08       		.byte	0x8
 258 00ab 04       		.byte	0x4
 259 00ac 19010000 		.4byte	.LASF15
 260 00b0 02       		.uleb128 0x2
 261 00b1 04       		.byte	0x4
 262 00b2 07       		.byte	0x7
 263 00b3 00020000 		.4byte	.LASF16
 264 00b7 06       		.uleb128 0x6
 265 00b8 01       		.byte	0x1
 266 00b9 03       		.byte	0x3
 267 00ba 1D       		.byte	0x1d
 268 00bb CC000000 		.4byte	0xcc
 269 00bf 07       		.uleb128 0x7
 270 00c0 15000000 		.4byte	.LASF25
 271 00c4 03       		.byte	0x3
 272 00c5 1F       		.byte	0x1f
 273 00c6 6B000000 		.4byte	0x6b
 274 00ca 00       		.byte	0
 275 00cb 00       		.byte	0
 276 00cc 08       		.uleb128 0x8
 277 00cd DB000000 		.4byte	.LASF17
 278 00d1 03       		.byte	0x3
 279 00d2 20       		.byte	0x20
 280 00d3 B7000000 		.4byte	0xb7
 281 00d7 09       		.uleb128 0x9
ARM GAS  C:\Users\ilya\AppData\Local\Temp\ccUzBtzJ.s 			page 8


 282 00d8 48010000 		.4byte	.LASF18
 283 00dc 01       		.byte	0x1
 284 00dd 25       		.byte	0x25
 285 00de 00000000 		.4byte	.LFB0
 286 00e2 0A000000 		.4byte	.LFE0-.LFB0
 287 00e6 01       		.uleb128 0x1
 288 00e7 9C       		.byte	0x9c
 289 00e8 0A       		.uleb128 0xa
 290 00e9 3C000000 		.4byte	.LASF19
 291 00ed 01       		.byte	0x1
 292 00ee 38       		.byte	0x38
 293 00ef 00000000 		.4byte	.LFB1
 294 00f3 34000000 		.4byte	.LFE1-.LFB1
 295 00f7 01       		.uleb128 0x1
 296 00f8 9C       		.byte	0x9c
 297 00f9 09       		.uleb128 0x9
 298 00fa A7000000 		.4byte	.LASF20
 299 00fe 01       		.byte	0x1
 300 00ff 59       		.byte	0x59
 301 0100 00000000 		.4byte	.LFB2
 302 0104 0A000000 		.4byte	.LFE2-.LFB2
 303 0108 01       		.uleb128 0x1
 304 0109 9C       		.byte	0x9c
 305 010a 0A       		.uleb128 0xa
 306 010b 2E000000 		.4byte	.LASF21
 307 010f 01       		.byte	0x1
 308 0110 6C       		.byte	0x6c
 309 0111 00000000 		.4byte	.LFB3
 310 0115 20000000 		.4byte	.LFE3-.LFB3
 311 0119 01       		.uleb128 0x1
 312 011a 9C       		.byte	0x9c
 313 011b 0B       		.uleb128 0xb
 314 011c F2010000 		.4byte	.LASF26
 315 0120 01       		.byte	0x1
 316 0121 12       		.byte	0x12
 317 0122 CC000000 		.4byte	0xcc
 318 0126 05       		.uleb128 0x5
 319 0127 03       		.byte	0x3
 320 0128 00000000 		.4byte	IDAC_1_backup
 321 012c 00       		.byte	0
 322              		.section	.debug_abbrev,"",%progbits
 323              	.Ldebug_abbrev0:
 324 0000 01       		.uleb128 0x1
 325 0001 11       		.uleb128 0x11
 326 0002 01       		.byte	0x1
 327 0003 25       		.uleb128 0x25
 328 0004 0E       		.uleb128 0xe
 329 0005 13       		.uleb128 0x13
 330 0006 0B       		.uleb128 0xb
 331 0007 03       		.uleb128 0x3
 332 0008 0E       		.uleb128 0xe
 333 0009 1B       		.uleb128 0x1b
 334 000a 0E       		.uleb128 0xe
 335 000b 55       		.uleb128 0x55
 336 000c 17       		.uleb128 0x17
 337 000d 11       		.uleb128 0x11
 338 000e 01       		.uleb128 0x1
ARM GAS  C:\Users\ilya\AppData\Local\Temp\ccUzBtzJ.s 			page 9


 339 000f 10       		.uleb128 0x10
 340 0010 17       		.uleb128 0x17
 341 0011 00       		.byte	0
 342 0012 00       		.byte	0
 343 0013 02       		.uleb128 0x2
 344 0014 24       		.uleb128 0x24
 345 0015 00       		.byte	0
 346 0016 0B       		.uleb128 0xb
 347 0017 0B       		.uleb128 0xb
 348 0018 3E       		.uleb128 0x3e
 349 0019 0B       		.uleb128 0xb
 350 001a 03       		.uleb128 0x3
 351 001b 0E       		.uleb128 0xe
 352 001c 00       		.byte	0
 353 001d 00       		.byte	0
 354 001e 03       		.uleb128 0x3
 355 001f 24       		.uleb128 0x24
 356 0020 00       		.byte	0
 357 0021 0B       		.uleb128 0xb
 358 0022 0B       		.uleb128 0xb
 359 0023 3E       		.uleb128 0x3e
 360 0024 0B       		.uleb128 0xb
 361 0025 03       		.uleb128 0x3
 362 0026 08       		.uleb128 0x8
 363 0027 00       		.byte	0
 364 0028 00       		.byte	0
 365 0029 04       		.uleb128 0x4
 366 002a 16       		.uleb128 0x16
 367 002b 00       		.byte	0
 368 002c 03       		.uleb128 0x3
 369 002d 0E       		.uleb128 0xe
 370 002e 3A       		.uleb128 0x3a
 371 002f 0B       		.uleb128 0xb
 372 0030 3B       		.uleb128 0x3b
 373 0031 05       		.uleb128 0x5
 374 0032 49       		.uleb128 0x49
 375 0033 13       		.uleb128 0x13
 376 0034 00       		.byte	0
 377 0035 00       		.byte	0
 378 0036 05       		.uleb128 0x5
 379 0037 35       		.uleb128 0x35
 380 0038 00       		.byte	0
 381 0039 49       		.uleb128 0x49
 382 003a 13       		.uleb128 0x13
 383 003b 00       		.byte	0
 384 003c 00       		.byte	0
 385 003d 06       		.uleb128 0x6
 386 003e 13       		.uleb128 0x13
 387 003f 01       		.byte	0x1
 388 0040 0B       		.uleb128 0xb
 389 0041 0B       		.uleb128 0xb
 390 0042 3A       		.uleb128 0x3a
 391 0043 0B       		.uleb128 0xb
 392 0044 3B       		.uleb128 0x3b
 393 0045 0B       		.uleb128 0xb
 394 0046 01       		.uleb128 0x1
 395 0047 13       		.uleb128 0x13
ARM GAS  C:\Users\ilya\AppData\Local\Temp\ccUzBtzJ.s 			page 10


 396 0048 00       		.byte	0
 397 0049 00       		.byte	0
 398 004a 07       		.uleb128 0x7
 399 004b 0D       		.uleb128 0xd
 400 004c 00       		.byte	0
 401 004d 03       		.uleb128 0x3
 402 004e 0E       		.uleb128 0xe
 403 004f 3A       		.uleb128 0x3a
 404 0050 0B       		.uleb128 0xb
 405 0051 3B       		.uleb128 0x3b
 406 0052 0B       		.uleb128 0xb
 407 0053 49       		.uleb128 0x49
 408 0054 13       		.uleb128 0x13
 409 0055 38       		.uleb128 0x38
 410 0056 0B       		.uleb128 0xb
 411 0057 00       		.byte	0
 412 0058 00       		.byte	0
 413 0059 08       		.uleb128 0x8
 414 005a 16       		.uleb128 0x16
 415 005b 00       		.byte	0
 416 005c 03       		.uleb128 0x3
 417 005d 0E       		.uleb128 0xe
 418 005e 3A       		.uleb128 0x3a
 419 005f 0B       		.uleb128 0xb
 420 0060 3B       		.uleb128 0x3b
 421 0061 0B       		.uleb128 0xb
 422 0062 49       		.uleb128 0x49
 423 0063 13       		.uleb128 0x13
 424 0064 00       		.byte	0
 425 0065 00       		.byte	0
 426 0066 09       		.uleb128 0x9
 427 0067 2E       		.uleb128 0x2e
 428 0068 00       		.byte	0
 429 0069 3F       		.uleb128 0x3f
 430 006a 19       		.uleb128 0x19
 431 006b 03       		.uleb128 0x3
 432 006c 0E       		.uleb128 0xe
 433 006d 3A       		.uleb128 0x3a
 434 006e 0B       		.uleb128 0xb
 435 006f 3B       		.uleb128 0x3b
 436 0070 0B       		.uleb128 0xb
 437 0071 27       		.uleb128 0x27
 438 0072 19       		.uleb128 0x19
 439 0073 11       		.uleb128 0x11
 440 0074 01       		.uleb128 0x1
 441 0075 12       		.uleb128 0x12
 442 0076 06       		.uleb128 0x6
 443 0077 40       		.uleb128 0x40
 444 0078 18       		.uleb128 0x18
 445 0079 9742     		.uleb128 0x2117
 446 007b 19       		.uleb128 0x19
 447 007c 00       		.byte	0
 448 007d 00       		.byte	0
 449 007e 0A       		.uleb128 0xa
 450 007f 2E       		.uleb128 0x2e
 451 0080 00       		.byte	0
 452 0081 3F       		.uleb128 0x3f
ARM GAS  C:\Users\ilya\AppData\Local\Temp\ccUzBtzJ.s 			page 11


 453 0082 19       		.uleb128 0x19
 454 0083 03       		.uleb128 0x3
 455 0084 0E       		.uleb128 0xe
 456 0085 3A       		.uleb128 0x3a
 457 0086 0B       		.uleb128 0xb
 458 0087 3B       		.uleb128 0x3b
 459 0088 0B       		.uleb128 0xb
 460 0089 27       		.uleb128 0x27
 461 008a 19       		.uleb128 0x19
 462 008b 11       		.uleb128 0x11
 463 008c 01       		.uleb128 0x1
 464 008d 12       		.uleb128 0x12
 465 008e 06       		.uleb128 0x6
 466 008f 40       		.uleb128 0x40
 467 0090 18       		.uleb128 0x18
 468 0091 9642     		.uleb128 0x2116
 469 0093 19       		.uleb128 0x19
 470 0094 00       		.byte	0
 471 0095 00       		.byte	0
 472 0096 0B       		.uleb128 0xb
 473 0097 34       		.uleb128 0x34
 474 0098 00       		.byte	0
 475 0099 03       		.uleb128 0x3
 476 009a 0E       		.uleb128 0xe
 477 009b 3A       		.uleb128 0x3a
 478 009c 0B       		.uleb128 0xb
 479 009d 3B       		.uleb128 0x3b
 480 009e 0B       		.uleb128 0xb
 481 009f 49       		.uleb128 0x49
 482 00a0 13       		.uleb128 0x13
 483 00a1 02       		.uleb128 0x2
 484 00a2 18       		.uleb128 0x18
 485 00a3 00       		.byte	0
 486 00a4 00       		.byte	0
 487 00a5 00       		.byte	0
 488              		.section	.debug_aranges,"",%progbits
 489 0000 34000000 		.4byte	0x34
 490 0004 0200     		.2byte	0x2
 491 0006 00000000 		.4byte	.Ldebug_info0
 492 000a 04       		.byte	0x4
 493 000b 00       		.byte	0
 494 000c 0000     		.2byte	0
 495 000e 0000     		.2byte	0
 496 0010 00000000 		.4byte	.LFB0
 497 0014 0A000000 		.4byte	.LFE0-.LFB0
 498 0018 00000000 		.4byte	.LFB1
 499 001c 34000000 		.4byte	.LFE1-.LFB1
 500 0020 00000000 		.4byte	.LFB2
 501 0024 0A000000 		.4byte	.LFE2-.LFB2
 502 0028 00000000 		.4byte	.LFB3
 503 002c 20000000 		.4byte	.LFE3-.LFB3
 504 0030 00000000 		.4byte	0
 505 0034 00000000 		.4byte	0
 506              		.section	.debug_ranges,"",%progbits
 507              	.Ldebug_ranges0:
 508 0000 00000000 		.4byte	.LFB0
 509 0004 0A000000 		.4byte	.LFE0
ARM GAS  C:\Users\ilya\AppData\Local\Temp\ccUzBtzJ.s 			page 12


 510 0008 00000000 		.4byte	.LFB1
 511 000c 34000000 		.4byte	.LFE1
 512 0010 00000000 		.4byte	.LFB2
 513 0014 0A000000 		.4byte	.LFE2
 514 0018 00000000 		.4byte	.LFB3
 515 001c 20000000 		.4byte	.LFE3
 516 0020 00000000 		.4byte	0
 517 0024 00000000 		.4byte	0
 518              		.section	.debug_line,"",%progbits
 519              	.Ldebug_line0:
 520 0000 A2000000 		.section	.debug_str,"MS",%progbits,1
 520      02005200 
 520      00000201 
 520      FB0E0D00 
 520      01010101 
 521              	.LASF6:
 522 0000 6C6F6E67 		.ascii	"long long int\000"
 522      206C6F6E 
 522      6720696E 
 522      7400
 523              	.LASF10:
 524 000e 75696E74 		.ascii	"uint32\000"
 524      333200
 525              	.LASF25:
 526 0015 656E6162 		.ascii	"enableState\000"
 526      6C655374 
 526      61746500 
 527              	.LASF8:
 528 0021 756E7369 		.ascii	"unsigned int\000"
 528      676E6564 
 528      20696E74 
 528      00
 529              	.LASF21:
 530 002e 49444143 		.ascii	"IDAC_1_Wakeup\000"
 530      5F315F57 
 530      616B6575 
 530      7000
 531              	.LASF19:
 532 003c 49444143 		.ascii	"IDAC_1_Sleep\000"
 532      5F315F53 
 532      6C656570 
 532      00
 533              	.LASF9:
 534 0049 75696E74 		.ascii	"uint8\000"
 534      3800
 535              	.LASF5:
 536 004f 6C6F6E67 		.ascii	"long unsigned int\000"
 536      20756E73 
 536      69676E65 
 536      6420696E 
 536      7400
 537              	.LASF7:
 538 0061 6C6F6E67 		.ascii	"long long unsigned int\000"
 538      206C6F6E 
 538      6720756E 
 538      7369676E 
 538      65642069 
ARM GAS  C:\Users\ilya\AppData\Local\Temp\ccUzBtzJ.s 			page 13


 539              	.LASF11:
 540 0078 666C6F61 		.ascii	"float\000"
 540      7400
 541              	.LASF1:
 542 007e 756E7369 		.ascii	"unsigned char\000"
 542      676E6564 
 542      20636861 
 542      7200
 543              	.LASF13:
 544 008c 63686172 		.ascii	"char\000"
 544      00
 545              	.LASF4:
 546 0091 6C6F6E67 		.ascii	"long int\000"
 546      20696E74 
 546      00
 547              	.LASF12:
 548 009a 646F7562 		.ascii	"double\000"
 548      6C6500
 549              	.LASF14:
 550 00a1 72656733 		.ascii	"reg32\000"
 550      3200
 551              	.LASF20:
 552 00a7 49444143 		.ascii	"IDAC_1_RestoreConfig\000"
 552      5F315F52 
 552      6573746F 
 552      7265436F 
 552      6E666967 
 553              	.LASF3:
 554 00bc 73686F72 		.ascii	"short unsigned int\000"
 554      7420756E 
 554      7369676E 
 554      65642069 
 554      6E7400
 555              	.LASF0:
 556 00cf 7369676E 		.ascii	"signed char\000"
 556      65642063 
 556      68617200 
 557              	.LASF17:
 558 00db 49444143 		.ascii	"IDAC_1_BACKUP_STRUCT\000"
 558      5F315F42 
 558      41434B55 
 558      505F5354 
 558      52554354 
 559              	.LASF24:
 560 00f0 433A5C70 		.ascii	"C:\\psoc\\chamonix\\fixed\\Fixed\\fixed.cydsn\000"
 560      736F635C 
 560      6368616D 
 560      6F6E6978 
 560      5C666978 
 561              	.LASF15:
 562 0119 6C6F6E67 		.ascii	"long double\000"
 562      20646F75 
 562      626C6500 
 563              	.LASF23:
 564 0125 47656E65 		.ascii	"Generated_Source\\PSoC4\\IDAC_1_PM.c\000"
 564      72617465 
 564      645F536F 
ARM GAS  C:\Users\ilya\AppData\Local\Temp\ccUzBtzJ.s 			page 14


 564      75726365 
 564      5C50536F 
 565              	.LASF18:
 566 0148 49444143 		.ascii	"IDAC_1_SaveConfig\000"
 566      5F315F53 
 566      61766543 
 566      6F6E6669 
 566      6700
 567              	.LASF2:
 568 015a 73686F72 		.ascii	"short int\000"
 568      7420696E 
 568      7400
 569              	.LASF22:
 570 0164 474E5520 		.ascii	"GNU C11 5.4.1 20160609 (release) [ARM/embedded-5-br"
 570      43313120 
 570      352E342E 
 570      31203230 
 570      31363036 
 571 0197 616E6368 		.ascii	"anch revision 237715] -mcpu=cortex-m0 -mthumb -g -O"
 571      20726576 
 571      6973696F 
 571      6E203233 
 571      37373135 
 572 01ca 30202D66 		.ascii	"0 -ffunction-sections -ffat-lto-objects\000"
 572      66756E63 
 572      74696F6E 
 572      2D736563 
 572      74696F6E 
 573              	.LASF26:
 574 01f2 49444143 		.ascii	"IDAC_1_backup\000"
 574      5F315F62 
 574      61636B75 
 574      7000
 575              	.LASF16:
 576 0200 73697A65 		.ascii	"sizetype\000"
 576      74797065 
 576      00
 577              		.ident	"GCC: (GNU Tools for ARM Embedded Processors) 5.4.1 20160609 (release) [ARM/embedded-5-bran
