ARM GAS  C:\Users\ilya\AppData\Local\Temp\ccoaPSJe.s 			page 1


   1              		.syntax unified
   2              		.cpu cortex-m0
   3              		.fpu softvfp
   4              		.eabi_attribute 20, 1
   5              		.eabi_attribute 21, 1
   6              		.eabi_attribute 23, 3
   7              		.eabi_attribute 24, 1
   8              		.eabi_attribute 25, 1
   9              		.eabi_attribute 26, 1
  10              		.eabi_attribute 30, 6
  11              		.eabi_attribute 34, 0
  12              		.eabi_attribute 18, 4
  13              		.thumb
  14              		.syntax unified
  15              		.file	"UART_1_PM.c"
  16              		.text
  17              	.Ltext0:
  18              		.cfi_sections	.debug_frame
  19              		.bss
  20              		.align	2
  21              	UART_1_backup:
  22 0000 00       		.space	1
  23              		.section	.text.UART_1_SaveConfig,"ax",%progbits
  24              		.align	2
  25              		.global	UART_1_SaveConfig
  26              		.code	16
  27              		.thumb_func
  28              		.type	UART_1_SaveConfig, %function
  29              	UART_1_SaveConfig:
  30              	.LFB0:
  31              		.file 1 "Generated_Source\\PSoC4\\UART_1_PM.c"
   1:Generated_Source\PSoC4/UART_1_PM.c **** /*******************************************************************************
   2:Generated_Source\PSoC4/UART_1_PM.c **** * File Name: UART_1_PM.c
   3:Generated_Source\PSoC4/UART_1_PM.c **** * Version 2.50
   4:Generated_Source\PSoC4/UART_1_PM.c **** *
   5:Generated_Source\PSoC4/UART_1_PM.c **** * Description:
   6:Generated_Source\PSoC4/UART_1_PM.c **** *  This file provides Sleep/WakeUp APIs functionality.
   7:Generated_Source\PSoC4/UART_1_PM.c **** *
   8:Generated_Source\PSoC4/UART_1_PM.c **** * Note:
   9:Generated_Source\PSoC4/UART_1_PM.c **** *
  10:Generated_Source\PSoC4/UART_1_PM.c **** ********************************************************************************
  11:Generated_Source\PSoC4/UART_1_PM.c **** * Copyright 2008-2015, Cypress Semiconductor Corporation.  All rights reserved.
  12:Generated_Source\PSoC4/UART_1_PM.c **** * You may use this file only in accordance with the license, terms, conditions,
  13:Generated_Source\PSoC4/UART_1_PM.c **** * disclaimers, and limitations in the end user license agreement accompanying
  14:Generated_Source\PSoC4/UART_1_PM.c **** * the software package with which this file was provided.
  15:Generated_Source\PSoC4/UART_1_PM.c **** *******************************************************************************/
  16:Generated_Source\PSoC4/UART_1_PM.c **** 
  17:Generated_Source\PSoC4/UART_1_PM.c **** #include "UART_1.h"
  18:Generated_Source\PSoC4/UART_1_PM.c **** 
  19:Generated_Source\PSoC4/UART_1_PM.c **** 
  20:Generated_Source\PSoC4/UART_1_PM.c **** /***************************************
  21:Generated_Source\PSoC4/UART_1_PM.c **** * Local data allocation
  22:Generated_Source\PSoC4/UART_1_PM.c **** ***************************************/
  23:Generated_Source\PSoC4/UART_1_PM.c **** 
  24:Generated_Source\PSoC4/UART_1_PM.c **** static UART_1_BACKUP_STRUCT  UART_1_backup =
  25:Generated_Source\PSoC4/UART_1_PM.c **** {
  26:Generated_Source\PSoC4/UART_1_PM.c ****     /* enableState - disabled */
ARM GAS  C:\Users\ilya\AppData\Local\Temp\ccoaPSJe.s 			page 2


  27:Generated_Source\PSoC4/UART_1_PM.c ****     0u,
  28:Generated_Source\PSoC4/UART_1_PM.c **** };
  29:Generated_Source\PSoC4/UART_1_PM.c **** 
  30:Generated_Source\PSoC4/UART_1_PM.c **** 
  31:Generated_Source\PSoC4/UART_1_PM.c **** 
  32:Generated_Source\PSoC4/UART_1_PM.c **** /*******************************************************************************
  33:Generated_Source\PSoC4/UART_1_PM.c **** * Function Name: UART_1_SaveConfig
  34:Generated_Source\PSoC4/UART_1_PM.c **** ********************************************************************************
  35:Generated_Source\PSoC4/UART_1_PM.c **** *
  36:Generated_Source\PSoC4/UART_1_PM.c **** * Summary:
  37:Generated_Source\PSoC4/UART_1_PM.c **** *  This function saves the component nonretention control register.
  38:Generated_Source\PSoC4/UART_1_PM.c **** *  Does not save the FIFO which is a set of nonretention registers.
  39:Generated_Source\PSoC4/UART_1_PM.c **** *  This function is called by the UART_1_Sleep() function.
  40:Generated_Source\PSoC4/UART_1_PM.c **** *
  41:Generated_Source\PSoC4/UART_1_PM.c **** * Parameters:
  42:Generated_Source\PSoC4/UART_1_PM.c **** *  None.
  43:Generated_Source\PSoC4/UART_1_PM.c **** *
  44:Generated_Source\PSoC4/UART_1_PM.c **** * Return:
  45:Generated_Source\PSoC4/UART_1_PM.c **** *  None.
  46:Generated_Source\PSoC4/UART_1_PM.c **** *
  47:Generated_Source\PSoC4/UART_1_PM.c **** * Global Variables:
  48:Generated_Source\PSoC4/UART_1_PM.c **** *  UART_1_backup - modified when non-retention registers are saved.
  49:Generated_Source\PSoC4/UART_1_PM.c **** *
  50:Generated_Source\PSoC4/UART_1_PM.c **** * Reentrant:
  51:Generated_Source\PSoC4/UART_1_PM.c **** *  No.
  52:Generated_Source\PSoC4/UART_1_PM.c **** *
  53:Generated_Source\PSoC4/UART_1_PM.c **** *******************************************************************************/
  54:Generated_Source\PSoC4/UART_1_PM.c **** void UART_1_SaveConfig(void)
  55:Generated_Source\PSoC4/UART_1_PM.c **** {
  32              		.loc 1 55 0
  33              		.cfi_startproc
  34              		@ args = 0, pretend = 0, frame = 0
  35              		@ frame_needed = 1, uses_anonymous_args = 0
  36 0000 80B5     		push	{r7, lr}
  37              		.cfi_def_cfa_offset 8
  38              		.cfi_offset 7, -8
  39              		.cfi_offset 14, -4
  40 0002 00AF     		add	r7, sp, #0
  41              		.cfi_def_cfa_register 7
  56:Generated_Source\PSoC4/UART_1_PM.c ****     #if(UART_1_CONTROL_REG_REMOVED == 0u)
  57:Generated_Source\PSoC4/UART_1_PM.c ****         UART_1_backup.cr = UART_1_CONTROL_REG;
  58:Generated_Source\PSoC4/UART_1_PM.c ****     #endif /* End UART_1_CONTROL_REG_REMOVED */
  59:Generated_Source\PSoC4/UART_1_PM.c **** }
  42              		.loc 1 59 0
  43 0004 C046     		nop
  44 0006 BD46     		mov	sp, r7
  45              		@ sp needed
  46 0008 80BD     		pop	{r7, pc}
  47              		.cfi_endproc
  48              	.LFE0:
  49              		.size	UART_1_SaveConfig, .-UART_1_SaveConfig
  50 000a C046     		.section	.text.UART_1_RestoreConfig,"ax",%progbits
  51              		.align	2
  52              		.global	UART_1_RestoreConfig
  53              		.code	16
  54              		.thumb_func
  55              		.type	UART_1_RestoreConfig, %function
ARM GAS  C:\Users\ilya\AppData\Local\Temp\ccoaPSJe.s 			page 3


  56              	UART_1_RestoreConfig:
  57              	.LFB1:
  60:Generated_Source\PSoC4/UART_1_PM.c **** 
  61:Generated_Source\PSoC4/UART_1_PM.c **** 
  62:Generated_Source\PSoC4/UART_1_PM.c **** /*******************************************************************************
  63:Generated_Source\PSoC4/UART_1_PM.c **** * Function Name: UART_1_RestoreConfig
  64:Generated_Source\PSoC4/UART_1_PM.c **** ********************************************************************************
  65:Generated_Source\PSoC4/UART_1_PM.c **** *
  66:Generated_Source\PSoC4/UART_1_PM.c **** * Summary:
  67:Generated_Source\PSoC4/UART_1_PM.c **** *  Restores the nonretention control register except FIFO.
  68:Generated_Source\PSoC4/UART_1_PM.c **** *  Does not restore the FIFO which is a set of nonretention registers.
  69:Generated_Source\PSoC4/UART_1_PM.c **** *
  70:Generated_Source\PSoC4/UART_1_PM.c **** * Parameters:
  71:Generated_Source\PSoC4/UART_1_PM.c **** *  None.
  72:Generated_Source\PSoC4/UART_1_PM.c **** *
  73:Generated_Source\PSoC4/UART_1_PM.c **** * Return:
  74:Generated_Source\PSoC4/UART_1_PM.c **** *  None.
  75:Generated_Source\PSoC4/UART_1_PM.c **** *
  76:Generated_Source\PSoC4/UART_1_PM.c **** * Global Variables:
  77:Generated_Source\PSoC4/UART_1_PM.c **** *  UART_1_backup - used when non-retention registers are restored.
  78:Generated_Source\PSoC4/UART_1_PM.c **** *
  79:Generated_Source\PSoC4/UART_1_PM.c **** * Reentrant:
  80:Generated_Source\PSoC4/UART_1_PM.c **** *  No.
  81:Generated_Source\PSoC4/UART_1_PM.c **** *
  82:Generated_Source\PSoC4/UART_1_PM.c **** * Notes:
  83:Generated_Source\PSoC4/UART_1_PM.c **** *  If this function is called without calling UART_1_SaveConfig() 
  84:Generated_Source\PSoC4/UART_1_PM.c **** *  first, the data loaded may be incorrect.
  85:Generated_Source\PSoC4/UART_1_PM.c **** *
  86:Generated_Source\PSoC4/UART_1_PM.c **** *******************************************************************************/
  87:Generated_Source\PSoC4/UART_1_PM.c **** void UART_1_RestoreConfig(void)
  88:Generated_Source\PSoC4/UART_1_PM.c **** {
  58              		.loc 1 88 0
  59              		.cfi_startproc
  60              		@ args = 0, pretend = 0, frame = 0
  61              		@ frame_needed = 1, uses_anonymous_args = 0
  62 0000 80B5     		push	{r7, lr}
  63              		.cfi_def_cfa_offset 8
  64              		.cfi_offset 7, -8
  65              		.cfi_offset 14, -4
  66 0002 00AF     		add	r7, sp, #0
  67              		.cfi_def_cfa_register 7
  89:Generated_Source\PSoC4/UART_1_PM.c ****     #if(UART_1_CONTROL_REG_REMOVED == 0u)
  90:Generated_Source\PSoC4/UART_1_PM.c ****         UART_1_CONTROL_REG = UART_1_backup.cr;
  91:Generated_Source\PSoC4/UART_1_PM.c ****     #endif /* End UART_1_CONTROL_REG_REMOVED */
  92:Generated_Source\PSoC4/UART_1_PM.c **** }
  68              		.loc 1 92 0
  69 0004 C046     		nop
  70 0006 BD46     		mov	sp, r7
  71              		@ sp needed
  72 0008 80BD     		pop	{r7, pc}
  73              		.cfi_endproc
  74              	.LFE1:
  75              		.size	UART_1_RestoreConfig, .-UART_1_RestoreConfig
  76              		.section	.text.UART_1_Sleep,"ax",%progbits
  77              		.align	2
  78              		.global	UART_1_Sleep
  79              		.code	16
ARM GAS  C:\Users\ilya\AppData\Local\Temp\ccoaPSJe.s 			page 4


  80              		.thumb_func
  81              		.type	UART_1_Sleep, %function
  82              	UART_1_Sleep:
  83              	.LFB2:
  93:Generated_Source\PSoC4/UART_1_PM.c **** 
  94:Generated_Source\PSoC4/UART_1_PM.c **** 
  95:Generated_Source\PSoC4/UART_1_PM.c **** /*******************************************************************************
  96:Generated_Source\PSoC4/UART_1_PM.c **** * Function Name: UART_1_Sleep
  97:Generated_Source\PSoC4/UART_1_PM.c **** ********************************************************************************
  98:Generated_Source\PSoC4/UART_1_PM.c **** *
  99:Generated_Source\PSoC4/UART_1_PM.c **** * Summary:
 100:Generated_Source\PSoC4/UART_1_PM.c **** *  This is the preferred API to prepare the component for sleep. 
 101:Generated_Source\PSoC4/UART_1_PM.c **** *  The UART_1_Sleep() API saves the current component state. Then it
 102:Generated_Source\PSoC4/UART_1_PM.c **** *  calls the UART_1_Stop() function and calls 
 103:Generated_Source\PSoC4/UART_1_PM.c **** *  UART_1_SaveConfig() to save the hardware configuration.
 104:Generated_Source\PSoC4/UART_1_PM.c **** *  Call the UART_1_Sleep() function before calling the CyPmSleep() 
 105:Generated_Source\PSoC4/UART_1_PM.c **** *  or the CyPmHibernate() function. 
 106:Generated_Source\PSoC4/UART_1_PM.c **** *
 107:Generated_Source\PSoC4/UART_1_PM.c **** * Parameters:
 108:Generated_Source\PSoC4/UART_1_PM.c **** *  None.
 109:Generated_Source\PSoC4/UART_1_PM.c **** *
 110:Generated_Source\PSoC4/UART_1_PM.c **** * Return:
 111:Generated_Source\PSoC4/UART_1_PM.c **** *  None.
 112:Generated_Source\PSoC4/UART_1_PM.c **** *
 113:Generated_Source\PSoC4/UART_1_PM.c **** * Global Variables:
 114:Generated_Source\PSoC4/UART_1_PM.c **** *  UART_1_backup - modified when non-retention registers are saved.
 115:Generated_Source\PSoC4/UART_1_PM.c **** *
 116:Generated_Source\PSoC4/UART_1_PM.c **** * Reentrant:
 117:Generated_Source\PSoC4/UART_1_PM.c **** *  No.
 118:Generated_Source\PSoC4/UART_1_PM.c **** *
 119:Generated_Source\PSoC4/UART_1_PM.c **** *******************************************************************************/
 120:Generated_Source\PSoC4/UART_1_PM.c **** void UART_1_Sleep(void)
 121:Generated_Source\PSoC4/UART_1_PM.c **** {
  84              		.loc 1 121 0
  85              		.cfi_startproc
  86              		@ args = 0, pretend = 0, frame = 0
  87              		@ frame_needed = 1, uses_anonymous_args = 0
  88 0000 80B5     		push	{r7, lr}
  89              		.cfi_def_cfa_offset 8
  90              		.cfi_offset 7, -8
  91              		.cfi_offset 14, -4
  92 0002 00AF     		add	r7, sp, #0
  93              		.cfi_def_cfa_register 7
 122:Generated_Source\PSoC4/UART_1_PM.c ****     #if(UART_1_RX_ENABLED || UART_1_HD_ENABLED)
 123:Generated_Source\PSoC4/UART_1_PM.c ****         if((UART_1_RXSTATUS_ACTL_REG  & UART_1_INT_ENABLE) != 0u)
  94              		.loc 1 123 0
  95 0004 0A4B     		ldr	r3, .L6
  96 0006 1B78     		ldrb	r3, [r3]
  97 0008 DBB2     		uxtb	r3, r3
  98 000a 1A00     		movs	r2, r3
  99 000c 1023     		movs	r3, #16
 100 000e 1340     		ands	r3, r2
 101 0010 03D0     		beq	.L4
 124:Generated_Source\PSoC4/UART_1_PM.c ****         {
 125:Generated_Source\PSoC4/UART_1_PM.c ****             UART_1_backup.enableState = 1u;
 102              		.loc 1 125 0
 103 0012 084B     		ldr	r3, .L6+4
ARM GAS  C:\Users\ilya\AppData\Local\Temp\ccoaPSJe.s 			page 5


 104 0014 0122     		movs	r2, #1
 105 0016 1A70     		strb	r2, [r3]
 106 0018 02E0     		b	.L5
 107              	.L4:
 126:Generated_Source\PSoC4/UART_1_PM.c ****         }
 127:Generated_Source\PSoC4/UART_1_PM.c ****         else
 128:Generated_Source\PSoC4/UART_1_PM.c ****         {
 129:Generated_Source\PSoC4/UART_1_PM.c ****             UART_1_backup.enableState = 0u;
 108              		.loc 1 129 0
 109 001a 064B     		ldr	r3, .L6+4
 110 001c 0022     		movs	r2, #0
 111 001e 1A70     		strb	r2, [r3]
 112              	.L5:
 130:Generated_Source\PSoC4/UART_1_PM.c ****         }
 131:Generated_Source\PSoC4/UART_1_PM.c ****     #else
 132:Generated_Source\PSoC4/UART_1_PM.c ****         if((UART_1_TXSTATUS_ACTL_REG  & UART_1_INT_ENABLE) !=0u)
 133:Generated_Source\PSoC4/UART_1_PM.c ****         {
 134:Generated_Source\PSoC4/UART_1_PM.c ****             UART_1_backup.enableState = 1u;
 135:Generated_Source\PSoC4/UART_1_PM.c ****         }
 136:Generated_Source\PSoC4/UART_1_PM.c ****         else
 137:Generated_Source\PSoC4/UART_1_PM.c ****         {
 138:Generated_Source\PSoC4/UART_1_PM.c ****             UART_1_backup.enableState = 0u;
 139:Generated_Source\PSoC4/UART_1_PM.c ****         }
 140:Generated_Source\PSoC4/UART_1_PM.c ****     #endif /* End UART_1_RX_ENABLED || UART_1_HD_ENABLED*/
 141:Generated_Source\PSoC4/UART_1_PM.c **** 
 142:Generated_Source\PSoC4/UART_1_PM.c ****     UART_1_Stop();
 113              		.loc 1 142 0
 114 0020 FFF7FEFF 		bl	UART_1_Stop
 143:Generated_Source\PSoC4/UART_1_PM.c ****     UART_1_SaveConfig();
 115              		.loc 1 143 0
 116 0024 FFF7FEFF 		bl	UART_1_SaveConfig
 144:Generated_Source\PSoC4/UART_1_PM.c **** }
 117              		.loc 1 144 0
 118 0028 C046     		nop
 119 002a BD46     		mov	sp, r7
 120              		@ sp needed
 121 002c 80BD     		pop	{r7, pc}
 122              	.L7:
 123 002e C046     		.align	2
 124              	.L6:
 125 0030 91000F40 		.word	1074725009
 126 0034 00000000 		.word	UART_1_backup
 127              		.cfi_endproc
 128              	.LFE2:
 129              		.size	UART_1_Sleep, .-UART_1_Sleep
 130              		.section	.text.UART_1_Wakeup,"ax",%progbits
 131              		.align	2
 132              		.global	UART_1_Wakeup
 133              		.code	16
 134              		.thumb_func
 135              		.type	UART_1_Wakeup, %function
 136              	UART_1_Wakeup:
 137              	.LFB3:
 145:Generated_Source\PSoC4/UART_1_PM.c **** 
 146:Generated_Source\PSoC4/UART_1_PM.c **** 
 147:Generated_Source\PSoC4/UART_1_PM.c **** /*******************************************************************************
 148:Generated_Source\PSoC4/UART_1_PM.c **** * Function Name: UART_1_Wakeup
ARM GAS  C:\Users\ilya\AppData\Local\Temp\ccoaPSJe.s 			page 6


 149:Generated_Source\PSoC4/UART_1_PM.c **** ********************************************************************************
 150:Generated_Source\PSoC4/UART_1_PM.c **** *
 151:Generated_Source\PSoC4/UART_1_PM.c **** * Summary:
 152:Generated_Source\PSoC4/UART_1_PM.c **** *  This is the preferred API to restore the component to the state when 
 153:Generated_Source\PSoC4/UART_1_PM.c **** *  UART_1_Sleep() was called. The UART_1_Wakeup() function
 154:Generated_Source\PSoC4/UART_1_PM.c **** *  calls the UART_1_RestoreConfig() function to restore the 
 155:Generated_Source\PSoC4/UART_1_PM.c **** *  configuration. If the component was enabled before the 
 156:Generated_Source\PSoC4/UART_1_PM.c **** *  UART_1_Sleep() function was called, the UART_1_Wakeup()
 157:Generated_Source\PSoC4/UART_1_PM.c **** *  function will also re-enable the component.
 158:Generated_Source\PSoC4/UART_1_PM.c **** *
 159:Generated_Source\PSoC4/UART_1_PM.c **** * Parameters:
 160:Generated_Source\PSoC4/UART_1_PM.c **** *  None.
 161:Generated_Source\PSoC4/UART_1_PM.c **** *
 162:Generated_Source\PSoC4/UART_1_PM.c **** * Return:
 163:Generated_Source\PSoC4/UART_1_PM.c **** *  None.
 164:Generated_Source\PSoC4/UART_1_PM.c **** *
 165:Generated_Source\PSoC4/UART_1_PM.c **** * Global Variables:
 166:Generated_Source\PSoC4/UART_1_PM.c **** *  UART_1_backup - used when non-retention registers are restored.
 167:Generated_Source\PSoC4/UART_1_PM.c **** *
 168:Generated_Source\PSoC4/UART_1_PM.c **** * Reentrant:
 169:Generated_Source\PSoC4/UART_1_PM.c **** *  No.
 170:Generated_Source\PSoC4/UART_1_PM.c **** *
 171:Generated_Source\PSoC4/UART_1_PM.c **** *******************************************************************************/
 172:Generated_Source\PSoC4/UART_1_PM.c **** void UART_1_Wakeup(void)
 173:Generated_Source\PSoC4/UART_1_PM.c **** {
 138              		.loc 1 173 0
 139              		.cfi_startproc
 140              		@ args = 0, pretend = 0, frame = 0
 141              		@ frame_needed = 1, uses_anonymous_args = 0
 142 0000 80B5     		push	{r7, lr}
 143              		.cfi_def_cfa_offset 8
 144              		.cfi_offset 7, -8
 145              		.cfi_offset 14, -4
 146 0002 00AF     		add	r7, sp, #0
 147              		.cfi_def_cfa_register 7
 174:Generated_Source\PSoC4/UART_1_PM.c ****     UART_1_RestoreConfig();
 148              		.loc 1 174 0
 149 0004 FFF7FEFF 		bl	UART_1_RestoreConfig
 175:Generated_Source\PSoC4/UART_1_PM.c ****     #if( (UART_1_RX_ENABLED) || (UART_1_HD_ENABLED) )
 176:Generated_Source\PSoC4/UART_1_PM.c ****         UART_1_ClearRxBuffer();
 150              		.loc 1 176 0
 151 0008 FFF7FEFF 		bl	UART_1_ClearRxBuffer
 177:Generated_Source\PSoC4/UART_1_PM.c ****     #endif /* End (UART_1_RX_ENABLED) || (UART_1_HD_ENABLED) */
 178:Generated_Source\PSoC4/UART_1_PM.c ****     #if(UART_1_TX_ENABLED || UART_1_HD_ENABLED)
 179:Generated_Source\PSoC4/UART_1_PM.c ****         UART_1_ClearTxBuffer();
 180:Generated_Source\PSoC4/UART_1_PM.c ****     #endif /* End UART_1_TX_ENABLED || UART_1_HD_ENABLED */
 181:Generated_Source\PSoC4/UART_1_PM.c **** 
 182:Generated_Source\PSoC4/UART_1_PM.c ****     if(UART_1_backup.enableState != 0u)
 152              		.loc 1 182 0
 153 000c 044B     		ldr	r3, .L11
 154 000e 1B78     		ldrb	r3, [r3]
 155 0010 002B     		cmp	r3, #0
 156 0012 01D0     		beq	.L10
 183:Generated_Source\PSoC4/UART_1_PM.c ****     {
 184:Generated_Source\PSoC4/UART_1_PM.c ****         UART_1_Enable();
 157              		.loc 1 184 0
 158 0014 FFF7FEFF 		bl	UART_1_Enable
ARM GAS  C:\Users\ilya\AppData\Local\Temp\ccoaPSJe.s 			page 7


 159              	.L10:
 185:Generated_Source\PSoC4/UART_1_PM.c ****     }
 186:Generated_Source\PSoC4/UART_1_PM.c **** }
 160              		.loc 1 186 0
 161 0018 C046     		nop
 162 001a BD46     		mov	sp, r7
 163              		@ sp needed
 164 001c 80BD     		pop	{r7, pc}
 165              	.L12:
 166 001e C046     		.align	2
 167              	.L11:
 168 0020 00000000 		.word	UART_1_backup
 169              		.cfi_endproc
 170              	.LFE3:
 171              		.size	UART_1_Wakeup, .-UART_1_Wakeup
 172              		.text
 173              	.Letext0:
 174              		.file 2 "Generated_Source\\PSoC4\\cytypes.h"
 175              		.file 3 "Generated_Source\\PSoC4\\UART_1.h"
 176              		.section	.debug_info,"",%progbits
 177              	.Ldebug_info0:
 178 0000 21010000 		.4byte	0x121
 179 0004 0400     		.2byte	0x4
 180 0006 00000000 		.4byte	.Ldebug_abbrev0
 181 000a 04       		.byte	0x4
 182 000b 01       		.uleb128 0x1
 183 000c 5C010000 		.4byte	.LASF21
 184 0010 0C       		.byte	0xc
 185 0011 34000000 		.4byte	.LASF22
 186 0015 1D010000 		.4byte	.LASF23
 187 0019 00000000 		.4byte	.Ldebug_ranges0+0
 188 001d 00000000 		.4byte	0
 189 0021 00000000 		.4byte	.Ldebug_line0
 190 0025 02       		.uleb128 0x2
 191 0026 01       		.byte	0x1
 192 0027 06       		.byte	0x6
 193 0028 FC000000 		.4byte	.LASF0
 194 002c 02       		.uleb128 0x2
 195 002d 01       		.byte	0x1
 196 002e 08       		.byte	0x8
 197 002f B8000000 		.4byte	.LASF1
 198 0033 02       		.uleb128 0x2
 199 0034 02       		.byte	0x2
 200 0035 05       		.byte	0x5
 201 0036 52010000 		.4byte	.LASF2
 202 003a 02       		.uleb128 0x2
 203 003b 02       		.byte	0x2
 204 003c 07       		.byte	0x7
 205 003d E9000000 		.4byte	.LASF3
 206 0041 02       		.uleb128 0x2
 207 0042 04       		.byte	0x4
 208 0043 05       		.byte	0x5
 209 0044 CB000000 		.4byte	.LASF4
 210 0048 02       		.uleb128 0x2
 211 0049 04       		.byte	0x4
 212 004a 07       		.byte	0x7
 213 004b 62000000 		.4byte	.LASF5
ARM GAS  C:\Users\ilya\AppData\Local\Temp\ccoaPSJe.s 			page 8


 214 004f 02       		.uleb128 0x2
 215 0050 08       		.byte	0x8
 216 0051 05       		.byte	0x5
 217 0052 00000000 		.4byte	.LASF6
 218 0056 02       		.uleb128 0x2
 219 0057 08       		.byte	0x8
 220 0058 07       		.byte	0x7
 221 0059 86000000 		.4byte	.LASF7
 222 005d 03       		.uleb128 0x3
 223 005e 04       		.byte	0x4
 224 005f 05       		.byte	0x5
 225 0060 696E7400 		.ascii	"int\000"
 226 0064 02       		.uleb128 0x2
 227 0065 04       		.byte	0x4
 228 0066 07       		.byte	0x7
 229 0067 1A000000 		.4byte	.LASF8
 230 006b 04       		.uleb128 0x4
 231 006c 5C000000 		.4byte	.LASF12
 232 0070 02       		.byte	0x2
 233 0071 B901     		.2byte	0x1b9
 234 0073 2C000000 		.4byte	0x2c
 235 0077 02       		.uleb128 0x2
 236 0078 04       		.byte	0x4
 237 0079 04       		.byte	0x4
 238 007a 9D000000 		.4byte	.LASF9
 239 007e 02       		.uleb128 0x2
 240 007f 08       		.byte	0x8
 241 0080 04       		.byte	0x4
 242 0081 D4000000 		.4byte	.LASF10
 243 0085 02       		.uleb128 0x2
 244 0086 01       		.byte	0x1
 245 0087 08       		.byte	0x8
 246 0088 C6000000 		.4byte	.LASF11
 247 008c 04       		.uleb128 0x4
 248 008d 57000000 		.4byte	.LASF13
 249 0091 02       		.byte	0x2
 250 0092 6302     		.2byte	0x263
 251 0094 98000000 		.4byte	0x98
 252 0098 05       		.uleb128 0x5
 253 0099 6B000000 		.4byte	0x6b
 254 009d 02       		.uleb128 0x2
 255 009e 08       		.byte	0x8
 256 009f 04       		.byte	0x4
 257 00a0 46010000 		.4byte	.LASF14
 258 00a4 02       		.uleb128 0x2
 259 00a5 04       		.byte	0x4
 260 00a6 07       		.byte	0x7
 261 00a7 F8010000 		.4byte	.LASF15
 262 00ab 06       		.uleb128 0x6
 263 00ac A3000000 		.4byte	.LASF24
 264 00b0 01       		.byte	0x1
 265 00b1 03       		.byte	0x3
 266 00b2 45       		.byte	0x45
 267 00b3 C4000000 		.4byte	0xc4
 268 00b7 07       		.uleb128 0x7
 269 00b8 0E000000 		.4byte	.LASF25
 270 00bc 03       		.byte	0x3
ARM GAS  C:\Users\ilya\AppData\Local\Temp\ccoaPSJe.s 			page 9


 271 00bd 47       		.byte	0x47
 272 00be 6B000000 		.4byte	0x6b
 273 00c2 00       		.byte	0
 274 00c3 00       		.byte	0
 275 00c4 08       		.uleb128 0x8
 276 00c5 01020000 		.4byte	.LASF16
 277 00c9 03       		.byte	0x3
 278 00ca 4D       		.byte	0x4d
 279 00cb AB000000 		.4byte	0xab
 280 00cf 09       		.uleb128 0x9
 281 00d0 74000000 		.4byte	.LASF17
 282 00d4 01       		.byte	0x1
 283 00d5 36       		.byte	0x36
 284 00d6 00000000 		.4byte	.LFB0
 285 00da 0A000000 		.4byte	.LFE0-.LFB0
 286 00de 01       		.uleb128 0x1
 287 00df 9C       		.byte	0x9c
 288 00e0 09       		.uleb128 0x9
 289 00e1 08010000 		.4byte	.LASF18
 290 00e5 01       		.byte	0x1
 291 00e6 57       		.byte	0x57
 292 00e7 00000000 		.4byte	.LFB1
 293 00eb 0A000000 		.4byte	.LFE1-.LFB1
 294 00ef 01       		.uleb128 0x1
 295 00f0 9C       		.byte	0x9c
 296 00f1 0A       		.uleb128 0xa
 297 00f2 27000000 		.4byte	.LASF19
 298 00f6 01       		.byte	0x1
 299 00f7 78       		.byte	0x78
 300 00f8 00000000 		.4byte	.LFB2
 301 00fc 38000000 		.4byte	.LFE2-.LFB2
 302 0100 01       		.uleb128 0x1
 303 0101 9C       		.byte	0x9c
 304 0102 0A       		.uleb128 0xa
 305 0103 EA010000 		.4byte	.LASF20
 306 0107 01       		.byte	0x1
 307 0108 AC       		.byte	0xac
 308 0109 00000000 		.4byte	.LFB3
 309 010d 24000000 		.4byte	.LFE3-.LFB3
 310 0111 01       		.uleb128 0x1
 311 0112 9C       		.byte	0x9c
 312 0113 0B       		.uleb128 0xb
 313 0114 DB000000 		.4byte	.LASF26
 314 0118 01       		.byte	0x1
 315 0119 18       		.byte	0x18
 316 011a C4000000 		.4byte	0xc4
 317 011e 05       		.uleb128 0x5
 318 011f 03       		.byte	0x3
 319 0120 00000000 		.4byte	UART_1_backup
 320 0124 00       		.byte	0
 321              		.section	.debug_abbrev,"",%progbits
 322              	.Ldebug_abbrev0:
 323 0000 01       		.uleb128 0x1
 324 0001 11       		.uleb128 0x11
 325 0002 01       		.byte	0x1
 326 0003 25       		.uleb128 0x25
 327 0004 0E       		.uleb128 0xe
ARM GAS  C:\Users\ilya\AppData\Local\Temp\ccoaPSJe.s 			page 10


 328 0005 13       		.uleb128 0x13
 329 0006 0B       		.uleb128 0xb
 330 0007 03       		.uleb128 0x3
 331 0008 0E       		.uleb128 0xe
 332 0009 1B       		.uleb128 0x1b
 333 000a 0E       		.uleb128 0xe
 334 000b 55       		.uleb128 0x55
 335 000c 17       		.uleb128 0x17
 336 000d 11       		.uleb128 0x11
 337 000e 01       		.uleb128 0x1
 338 000f 10       		.uleb128 0x10
 339 0010 17       		.uleb128 0x17
 340 0011 00       		.byte	0
 341 0012 00       		.byte	0
 342 0013 02       		.uleb128 0x2
 343 0014 24       		.uleb128 0x24
 344 0015 00       		.byte	0
 345 0016 0B       		.uleb128 0xb
 346 0017 0B       		.uleb128 0xb
 347 0018 3E       		.uleb128 0x3e
 348 0019 0B       		.uleb128 0xb
 349 001a 03       		.uleb128 0x3
 350 001b 0E       		.uleb128 0xe
 351 001c 00       		.byte	0
 352 001d 00       		.byte	0
 353 001e 03       		.uleb128 0x3
 354 001f 24       		.uleb128 0x24
 355 0020 00       		.byte	0
 356 0021 0B       		.uleb128 0xb
 357 0022 0B       		.uleb128 0xb
 358 0023 3E       		.uleb128 0x3e
 359 0024 0B       		.uleb128 0xb
 360 0025 03       		.uleb128 0x3
 361 0026 08       		.uleb128 0x8
 362 0027 00       		.byte	0
 363 0028 00       		.byte	0
 364 0029 04       		.uleb128 0x4
 365 002a 16       		.uleb128 0x16
 366 002b 00       		.byte	0
 367 002c 03       		.uleb128 0x3
 368 002d 0E       		.uleb128 0xe
 369 002e 3A       		.uleb128 0x3a
 370 002f 0B       		.uleb128 0xb
 371 0030 3B       		.uleb128 0x3b
 372 0031 05       		.uleb128 0x5
 373 0032 49       		.uleb128 0x49
 374 0033 13       		.uleb128 0x13
 375 0034 00       		.byte	0
 376 0035 00       		.byte	0
 377 0036 05       		.uleb128 0x5
 378 0037 35       		.uleb128 0x35
 379 0038 00       		.byte	0
 380 0039 49       		.uleb128 0x49
 381 003a 13       		.uleb128 0x13
 382 003b 00       		.byte	0
 383 003c 00       		.byte	0
 384 003d 06       		.uleb128 0x6
ARM GAS  C:\Users\ilya\AppData\Local\Temp\ccoaPSJe.s 			page 11


 385 003e 13       		.uleb128 0x13
 386 003f 01       		.byte	0x1
 387 0040 03       		.uleb128 0x3
 388 0041 0E       		.uleb128 0xe
 389 0042 0B       		.uleb128 0xb
 390 0043 0B       		.uleb128 0xb
 391 0044 3A       		.uleb128 0x3a
 392 0045 0B       		.uleb128 0xb
 393 0046 3B       		.uleb128 0x3b
 394 0047 0B       		.uleb128 0xb
 395 0048 01       		.uleb128 0x1
 396 0049 13       		.uleb128 0x13
 397 004a 00       		.byte	0
 398 004b 00       		.byte	0
 399 004c 07       		.uleb128 0x7
 400 004d 0D       		.uleb128 0xd
 401 004e 00       		.byte	0
 402 004f 03       		.uleb128 0x3
 403 0050 0E       		.uleb128 0xe
 404 0051 3A       		.uleb128 0x3a
 405 0052 0B       		.uleb128 0xb
 406 0053 3B       		.uleb128 0x3b
 407 0054 0B       		.uleb128 0xb
 408 0055 49       		.uleb128 0x49
 409 0056 13       		.uleb128 0x13
 410 0057 38       		.uleb128 0x38
 411 0058 0B       		.uleb128 0xb
 412 0059 00       		.byte	0
 413 005a 00       		.byte	0
 414 005b 08       		.uleb128 0x8
 415 005c 16       		.uleb128 0x16
 416 005d 00       		.byte	0
 417 005e 03       		.uleb128 0x3
 418 005f 0E       		.uleb128 0xe
 419 0060 3A       		.uleb128 0x3a
 420 0061 0B       		.uleb128 0xb
 421 0062 3B       		.uleb128 0x3b
 422 0063 0B       		.uleb128 0xb
 423 0064 49       		.uleb128 0x49
 424 0065 13       		.uleb128 0x13
 425 0066 00       		.byte	0
 426 0067 00       		.byte	0
 427 0068 09       		.uleb128 0x9
 428 0069 2E       		.uleb128 0x2e
 429 006a 00       		.byte	0
 430 006b 3F       		.uleb128 0x3f
 431 006c 19       		.uleb128 0x19
 432 006d 03       		.uleb128 0x3
 433 006e 0E       		.uleb128 0xe
 434 006f 3A       		.uleb128 0x3a
 435 0070 0B       		.uleb128 0xb
 436 0071 3B       		.uleb128 0x3b
 437 0072 0B       		.uleb128 0xb
 438 0073 27       		.uleb128 0x27
 439 0074 19       		.uleb128 0x19
 440 0075 11       		.uleb128 0x11
 441 0076 01       		.uleb128 0x1
ARM GAS  C:\Users\ilya\AppData\Local\Temp\ccoaPSJe.s 			page 12


 442 0077 12       		.uleb128 0x12
 443 0078 06       		.uleb128 0x6
 444 0079 40       		.uleb128 0x40
 445 007a 18       		.uleb128 0x18
 446 007b 9742     		.uleb128 0x2117
 447 007d 19       		.uleb128 0x19
 448 007e 00       		.byte	0
 449 007f 00       		.byte	0
 450 0080 0A       		.uleb128 0xa
 451 0081 2E       		.uleb128 0x2e
 452 0082 00       		.byte	0
 453 0083 3F       		.uleb128 0x3f
 454 0084 19       		.uleb128 0x19
 455 0085 03       		.uleb128 0x3
 456 0086 0E       		.uleb128 0xe
 457 0087 3A       		.uleb128 0x3a
 458 0088 0B       		.uleb128 0xb
 459 0089 3B       		.uleb128 0x3b
 460 008a 0B       		.uleb128 0xb
 461 008b 27       		.uleb128 0x27
 462 008c 19       		.uleb128 0x19
 463 008d 11       		.uleb128 0x11
 464 008e 01       		.uleb128 0x1
 465 008f 12       		.uleb128 0x12
 466 0090 06       		.uleb128 0x6
 467 0091 40       		.uleb128 0x40
 468 0092 18       		.uleb128 0x18
 469 0093 9642     		.uleb128 0x2116
 470 0095 19       		.uleb128 0x19
 471 0096 00       		.byte	0
 472 0097 00       		.byte	0
 473 0098 0B       		.uleb128 0xb
 474 0099 34       		.uleb128 0x34
 475 009a 00       		.byte	0
 476 009b 03       		.uleb128 0x3
 477 009c 0E       		.uleb128 0xe
 478 009d 3A       		.uleb128 0x3a
 479 009e 0B       		.uleb128 0xb
 480 009f 3B       		.uleb128 0x3b
 481 00a0 0B       		.uleb128 0xb
 482 00a1 49       		.uleb128 0x49
 483 00a2 13       		.uleb128 0x13
 484 00a3 02       		.uleb128 0x2
 485 00a4 18       		.uleb128 0x18
 486 00a5 00       		.byte	0
 487 00a6 00       		.byte	0
 488 00a7 00       		.byte	0
 489              		.section	.debug_aranges,"",%progbits
 490 0000 34000000 		.4byte	0x34
 491 0004 0200     		.2byte	0x2
 492 0006 00000000 		.4byte	.Ldebug_info0
 493 000a 04       		.byte	0x4
 494 000b 00       		.byte	0
 495 000c 0000     		.2byte	0
 496 000e 0000     		.2byte	0
 497 0010 00000000 		.4byte	.LFB0
 498 0014 0A000000 		.4byte	.LFE0-.LFB0
ARM GAS  C:\Users\ilya\AppData\Local\Temp\ccoaPSJe.s 			page 13


 499 0018 00000000 		.4byte	.LFB1
 500 001c 0A000000 		.4byte	.LFE1-.LFB1
 501 0020 00000000 		.4byte	.LFB2
 502 0024 38000000 		.4byte	.LFE2-.LFB2
 503 0028 00000000 		.4byte	.LFB3
 504 002c 24000000 		.4byte	.LFE3-.LFB3
 505 0030 00000000 		.4byte	0
 506 0034 00000000 		.4byte	0
 507              		.section	.debug_ranges,"",%progbits
 508              	.Ldebug_ranges0:
 509 0000 00000000 		.4byte	.LFB0
 510 0004 0A000000 		.4byte	.LFE0
 511 0008 00000000 		.4byte	.LFB1
 512 000c 0A000000 		.4byte	.LFE1
 513 0010 00000000 		.4byte	.LFB2
 514 0014 38000000 		.4byte	.LFE2
 515 0018 00000000 		.4byte	.LFB3
 516 001c 24000000 		.4byte	.LFE3
 517 0020 00000000 		.4byte	0
 518 0024 00000000 		.4byte	0
 519              		.section	.debug_line,"",%progbits
 520              	.Ldebug_line0:
 521 0000 A6000000 		.section	.debug_str,"MS",%progbits,1
 521      02005200 
 521      00000201 
 521      FB0E0D00 
 521      01010101 
 522              	.LASF6:
 523 0000 6C6F6E67 		.ascii	"long long int\000"
 523      206C6F6E 
 523      6720696E 
 523      7400
 524              	.LASF25:
 525 000e 656E6162 		.ascii	"enableState\000"
 525      6C655374 
 525      61746500 
 526              	.LASF8:
 527 001a 756E7369 		.ascii	"unsigned int\000"
 527      676E6564 
 527      20696E74 
 527      00
 528              	.LASF19:
 529 0027 55415254 		.ascii	"UART_1_Sleep\000"
 529      5F315F53 
 529      6C656570 
 529      00
 530              	.LASF22:
 531 0034 47656E65 		.ascii	"Generated_Source\\PSoC4\\UART_1_PM.c\000"
 531      72617465 
 531      645F536F 
 531      75726365 
 531      5C50536F 
 532              	.LASF13:
 533 0057 72656738 		.ascii	"reg8\000"
 533      00
 534              	.LASF12:
 535 005c 75696E74 		.ascii	"uint8\000"
ARM GAS  C:\Users\ilya\AppData\Local\Temp\ccoaPSJe.s 			page 14


 535      3800
 536              	.LASF5:
 537 0062 6C6F6E67 		.ascii	"long unsigned int\000"
 537      20756E73 
 537      69676E65 
 537      6420696E 
 537      7400
 538              	.LASF17:
 539 0074 55415254 		.ascii	"UART_1_SaveConfig\000"
 539      5F315F53 
 539      61766543 
 539      6F6E6669 
 539      6700
 540              	.LASF7:
 541 0086 6C6F6E67 		.ascii	"long long unsigned int\000"
 541      206C6F6E 
 541      6720756E 
 541      7369676E 
 541      65642069 
 542              	.LASF9:
 543 009d 666C6F61 		.ascii	"float\000"
 543      7400
 544              	.LASF24:
 545 00a3 55415254 		.ascii	"UART_1_backupStruct_\000"
 545      5F315F62 
 545      61636B75 
 545      70537472 
 545      7563745F 
 546              	.LASF1:
 547 00b8 756E7369 		.ascii	"unsigned char\000"
 547      676E6564 
 547      20636861 
 547      7200
 548              	.LASF11:
 549 00c6 63686172 		.ascii	"char\000"
 549      00
 550              	.LASF4:
 551 00cb 6C6F6E67 		.ascii	"long int\000"
 551      20696E74 
 551      00
 552              	.LASF10:
 553 00d4 646F7562 		.ascii	"double\000"
 553      6C6500
 554              	.LASF26:
 555 00db 55415254 		.ascii	"UART_1_backup\000"
 555      5F315F62 
 555      61636B75 
 555      7000
 556              	.LASF3:
 557 00e9 73686F72 		.ascii	"short unsigned int\000"
 557      7420756E 
 557      7369676E 
 557      65642069 
 557      6E7400
 558              	.LASF0:
 559 00fc 7369676E 		.ascii	"signed char\000"
 559      65642063 
ARM GAS  C:\Users\ilya\AppData\Local\Temp\ccoaPSJe.s 			page 15


 559      68617200 
 560              	.LASF18:
 561 0108 55415254 		.ascii	"UART_1_RestoreConfig\000"
 561      5F315F52 
 561      6573746F 
 561      7265436F 
 561      6E666967 
 562              	.LASF23:
 563 011d 433A5C70 		.ascii	"C:\\psoc\\chamonix\\fixed\\Fixed\\fixed.cydsn\000"
 563      736F635C 
 563      6368616D 
 563      6F6E6978 
 563      5C666978 
 564              	.LASF14:
 565 0146 6C6F6E67 		.ascii	"long double\000"
 565      20646F75 
 565      626C6500 
 566              	.LASF2:
 567 0152 73686F72 		.ascii	"short int\000"
 567      7420696E 
 567      7400
 568              	.LASF21:
 569 015c 474E5520 		.ascii	"GNU C11 5.4.1 20160609 (release) [ARM/embedded-5-br"
 569      43313120 
 569      352E342E 
 569      31203230 
 569      31363036 
 570 018f 616E6368 		.ascii	"anch revision 237715] -mcpu=cortex-m0 -mthumb -g -O"
 570      20726576 
 570      6973696F 
 570      6E203233 
 570      37373135 
 571 01c2 30202D66 		.ascii	"0 -ffunction-sections -ffat-lto-objects\000"
 571      66756E63 
 571      74696F6E 
 571      2D736563 
 571      74696F6E 
 572              	.LASF20:
 573 01ea 55415254 		.ascii	"UART_1_Wakeup\000"
 573      5F315F57 
 573      616B6575 
 573      7000
 574              	.LASF15:
 575 01f8 73697A65 		.ascii	"sizetype\000"
 575      74797065 
 575      00
 576              	.LASF16:
 577 0201 55415254 		.ascii	"UART_1_BACKUP_STRUCT\000"
 577      5F315F42 
 577      41434B55 
 577      505F5354 
 577      52554354 
 578              		.ident	"GCC: (GNU Tools for ARM Embedded Processors) 5.4.1 20160609 (release) [ARM/embedded-5-bran
