ARM GAS  C:\Users\Yiquing\AppData\Local\Temp\cc1Y0iAX.s 			page 1


   1              		.syntax unified
   2              		.cpu cortex-m3
   3              		.fpu softvfp
   4              		.eabi_attribute 20, 1
   5              		.eabi_attribute 21, 1
   6              		.eabi_attribute 23, 3
   7              		.eabi_attribute 24, 1
   8              		.eabi_attribute 25, 1
   9              		.eabi_attribute 26, 1
  10              		.eabi_attribute 30, 4
  11              		.eabi_attribute 34, 1
  12              		.eabi_attribute 18, 4
  13              		.thumb
  14              		.file	"EZI2Cs_PM.c"
  15              		.text
  16              	.Ltext0:
  17              		.cfi_sections	.debug_frame
  18              		.section	.text.EZI2Cs_SaveConfig,"ax",%progbits
  19              		.align	1
  20              		.global	EZI2Cs_SaveConfig
  21              		.thumb
  22              		.thumb_func
  23              		.type	EZI2Cs_SaveConfig, %function
  24              	EZI2Cs_SaveConfig:
  25              	.LFB0:
  26              		.file 1 ".\\Generated_Source\\PSoC5\\EZI2Cs_PM.c"
   1:.\Generated_Source\PSoC5/EZI2Cs_PM.c **** /*******************************************************************************
   2:.\Generated_Source\PSoC5/EZI2Cs_PM.c **** * File Name: EZI2Cs_PM.c
   3:.\Generated_Source\PSoC5/EZI2Cs_PM.c **** * Version 2.0
   4:.\Generated_Source\PSoC5/EZI2Cs_PM.c **** *
   5:.\Generated_Source\PSoC5/EZI2Cs_PM.c **** * Description:
   6:.\Generated_Source\PSoC5/EZI2Cs_PM.c **** *  This file contains the API for the proper switching to/from the low power
   7:.\Generated_Source\PSoC5/EZI2Cs_PM.c **** *  modes.
   8:.\Generated_Source\PSoC5/EZI2Cs_PM.c **** *
   9:.\Generated_Source\PSoC5/EZI2Cs_PM.c **** ********************************************************************************
  10:.\Generated_Source\PSoC5/EZI2Cs_PM.c **** * Copyright 2008-2015, Cypress Semiconductor Corporation.  All rights reserved.
  11:.\Generated_Source\PSoC5/EZI2Cs_PM.c **** * You may use this file only in accordance with the license, terms, conditions,
  12:.\Generated_Source\PSoC5/EZI2Cs_PM.c **** * disclaimers, and limitations in the end user license agreement accompanying
  13:.\Generated_Source\PSoC5/EZI2Cs_PM.c **** * the software package with which this file was provided.
  14:.\Generated_Source\PSoC5/EZI2Cs_PM.c **** *******************************************************************************/
  15:.\Generated_Source\PSoC5/EZI2Cs_PM.c **** 
  16:.\Generated_Source\PSoC5/EZI2Cs_PM.c **** #include "EZI2Cs_PVT.h"
  17:.\Generated_Source\PSoC5/EZI2Cs_PM.c **** 
  18:.\Generated_Source\PSoC5/EZI2Cs_PM.c **** EZI2Cs_BACKUP_STRUCT EZI2Cs_backup =
  19:.\Generated_Source\PSoC5/EZI2Cs_PM.c **** {
  20:.\Generated_Source\PSoC5/EZI2Cs_PM.c ****     EZI2Cs_DISABLED,
  21:.\Generated_Source\PSoC5/EZI2Cs_PM.c ****     EZI2Cs_DEFAULT_XCFG,
  22:.\Generated_Source\PSoC5/EZI2Cs_PM.c ****     EZI2Cs_DEFAULT_ADDR,
  23:.\Generated_Source\PSoC5/EZI2Cs_PM.c ****     EZI2Cs_DEFAULT_CFG,
  24:.\Generated_Source\PSoC5/EZI2Cs_PM.c ****     EZI2Cs_DEFAULT_CLKDIV1,
  25:.\Generated_Source\PSoC5/EZI2Cs_PM.c ****     EZI2Cs_DEFAULT_CLKDIV2
  26:.\Generated_Source\PSoC5/EZI2Cs_PM.c **** };
  27:.\Generated_Source\PSoC5/EZI2Cs_PM.c **** 
  28:.\Generated_Source\PSoC5/EZI2Cs_PM.c **** #if (EZI2Cs_WAKEUP_ENABLED)
  29:.\Generated_Source\PSoC5/EZI2Cs_PM.c ****     volatile uint8 EZI2Cs_wakeupSource;
  30:.\Generated_Source\PSoC5/EZI2Cs_PM.c **** #endif /* (EZI2Cs_WAKEUP_ENABLED) */
  31:.\Generated_Source\PSoC5/EZI2Cs_PM.c **** 
ARM GAS  C:\Users\Yiquing\AppData\Local\Temp\cc1Y0iAX.s 			page 2


  32:.\Generated_Source\PSoC5/EZI2Cs_PM.c **** 
  33:.\Generated_Source\PSoC5/EZI2Cs_PM.c **** /*******************************************************************************
  34:.\Generated_Source\PSoC5/EZI2Cs_PM.c **** * Function Name: EZI2Cs_SaveConfig
  35:.\Generated_Source\PSoC5/EZI2Cs_PM.c **** ********************************************************************************
  36:.\Generated_Source\PSoC5/EZI2Cs_PM.c **** *
  37:.\Generated_Source\PSoC5/EZI2Cs_PM.c **** * Summary:
  38:.\Generated_Source\PSoC5/EZI2Cs_PM.c **** *  The Enable wakeup from Sleep Mode selection influences this function
  39:.\Generated_Source\PSoC5/EZI2Cs_PM.c **** *  implementation:
  40:.\Generated_Source\PSoC5/EZI2Cs_PM.c **** *   Unchecked: Stores the component non-retention configuration registers.
  41:.\Generated_Source\PSoC5/EZI2Cs_PM.c **** *   Checked:   Enables backup regulator of the I2C hardware. If a transaction
  42:.\Generated_Source\PSoC5/EZI2Cs_PM.c **** *              intended for component executes during this function call,
  43:.\Generated_Source\PSoC5/EZI2Cs_PM.c **** *              it waits until the current transaction is completed and
  44:.\Generated_Source\PSoC5/EZI2Cs_PM.c **** *              I2C hardware is ready to go to sleep mode. All subsequent
  45:.\Generated_Source\PSoC5/EZI2Cs_PM.c **** *              I2C traffic is NAKed until the device is put to sleep mode.
  46:.\Generated_Source\PSoC5/EZI2Cs_PM.c **** *
  47:.\Generated_Source\PSoC5/EZI2Cs_PM.c **** * Parameters:
  48:.\Generated_Source\PSoC5/EZI2Cs_PM.c **** *  None.
  49:.\Generated_Source\PSoC5/EZI2Cs_PM.c **** *
  50:.\Generated_Source\PSoC5/EZI2Cs_PM.c **** * Return:
  51:.\Generated_Source\PSoC5/EZI2Cs_PM.c **** *  None.
  52:.\Generated_Source\PSoC5/EZI2Cs_PM.c **** *
  53:.\Generated_Source\PSoC5/EZI2Cs_PM.c **** * Global variables:
  54:.\Generated_Source\PSoC5/EZI2Cs_PM.c **** *  EZI2Cs_backup - The non-retention registers are saved to.
  55:.\Generated_Source\PSoC5/EZI2Cs_PM.c **** *
  56:.\Generated_Source\PSoC5/EZI2Cs_PM.c **** * Reentrant:
  57:.\Generated_Source\PSoC5/EZI2Cs_PM.c **** *  No.
  58:.\Generated_Source\PSoC5/EZI2Cs_PM.c **** *
  59:.\Generated_Source\PSoC5/EZI2Cs_PM.c **** *******************************************************************************/
  60:.\Generated_Source\PSoC5/EZI2Cs_PM.c **** void EZI2Cs_SaveConfig(void) 
  61:.\Generated_Source\PSoC5/EZI2Cs_PM.c **** {
  27              		.loc 1 61 0
  28              		.cfi_startproc
  29              		@ args = 0, pretend = 0, frame = 0
  30              		@ frame_needed = 0, uses_anonymous_args = 0
  31              		@ link register save eliminated.
  62:.\Generated_Source\PSoC5/EZI2Cs_PM.c **** #if (EZI2Cs_WAKEUP_ENABLED)
  63:.\Generated_Source\PSoC5/EZI2Cs_PM.c ****     uint8 interruptState;
  64:.\Generated_Source\PSoC5/EZI2Cs_PM.c **** #endif /* (EZI2Cs_WAKEUP_ENABLED) */
  65:.\Generated_Source\PSoC5/EZI2Cs_PM.c **** 
  66:.\Generated_Source\PSoC5/EZI2Cs_PM.c ****     /* Store component configuration into backup structure */
  67:.\Generated_Source\PSoC5/EZI2Cs_PM.c ****     EZI2Cs_backup.cfg     = EZI2Cs_CFG_REG;
  32              		.loc 1 67 0
  33 0000 084B     		ldr	r3, .L2
  34 0002 1A78     		ldrb	r2, [r3]	@ zero_extendqisi2
  35 0004 084B     		ldr	r3, .L2+4
  36 0006 DA70     		strb	r2, [r3, #3]
  68:.\Generated_Source\PSoC5/EZI2Cs_PM.c ****     EZI2Cs_backup.xcfg    = EZI2Cs_XCFG_REG;
  37              		.loc 1 68 0
  38 0008 084A     		ldr	r2, .L2+8
  39 000a 1278     		ldrb	r2, [r2]	@ zero_extendqisi2
  40 000c 5A70     		strb	r2, [r3, #1]
  69:.\Generated_Source\PSoC5/EZI2Cs_PM.c ****     EZI2Cs_backup.adr     = EZI2Cs_ADDR_REG;
  41              		.loc 1 69 0
  42 000e 084A     		ldr	r2, .L2+12
  43 0010 1278     		ldrb	r2, [r2]	@ zero_extendqisi2
  44 0012 9A70     		strb	r2, [r3, #2]
  70:.\Generated_Source\PSoC5/EZI2Cs_PM.c ****     EZI2Cs_backup.clkDiv1 = EZI2Cs_CLKDIV1_REG;
ARM GAS  C:\Users\Yiquing\AppData\Local\Temp\cc1Y0iAX.s 			page 3


  45              		.loc 1 70 0
  46 0014 074A     		ldr	r2, .L2+16
  47 0016 1278     		ldrb	r2, [r2]	@ zero_extendqisi2
  48 0018 1A71     		strb	r2, [r3, #4]
  71:.\Generated_Source\PSoC5/EZI2Cs_PM.c ****     EZI2Cs_backup.clkDiv2 = EZI2Cs_CLKDIV2_REG;
  49              		.loc 1 71 0
  50 001a 074A     		ldr	r2, .L2+20
  51 001c 1278     		ldrb	r2, [r2]	@ zero_extendqisi2
  52 001e 5A71     		strb	r2, [r3, #5]
  53 0020 7047     		bx	lr
  54              	.L3:
  55 0022 00BF     		.align	2
  56              	.L2:
  57 0024 D6490040 		.word	1073760726
  58 0028 00000000 		.word	.LANCHOR0
  59 002c C8490040 		.word	1073760712
  60 0030 CA490040 		.word	1073760714
  61 0034 DB490040 		.word	1073760731
  62 0038 DC490040 		.word	1073760732
  63              		.cfi_endproc
  64              	.LFE0:
  65              		.size	EZI2Cs_SaveConfig, .-EZI2Cs_SaveConfig
  66              		.section	.text.EZI2Cs_RestoreConfig,"ax",%progbits
  67              		.align	1
  68              		.global	EZI2Cs_RestoreConfig
  69              		.thumb
  70              		.thumb_func
  71              		.type	EZI2Cs_RestoreConfig, %function
  72              	EZI2Cs_RestoreConfig:
  73              	.LFB1:
  72:.\Generated_Source\PSoC5/EZI2Cs_PM.c **** 
  73:.\Generated_Source\PSoC5/EZI2Cs_PM.c **** #if (EZI2Cs_WAKEUP_ENABLED)
  74:.\Generated_Source\PSoC5/EZI2Cs_PM.c ****     /* Enable I2C backup regulator */
  75:.\Generated_Source\PSoC5/EZI2Cs_PM.c ****     interruptState = CyEnterCriticalSection();
  76:.\Generated_Source\PSoC5/EZI2Cs_PM.c ****     EZI2Cs_PWRSYS_CR1_REG |= EZI2Cs_PWRSYS_CR1_I2C_BACKUP;
  77:.\Generated_Source\PSoC5/EZI2Cs_PM.c ****     CyExitCriticalSection(interruptState);
  78:.\Generated_Source\PSoC5/EZI2Cs_PM.c **** 
  79:.\Generated_Source\PSoC5/EZI2Cs_PM.c ****     /* Wait for completion of the current transaction. The following
  80:.\Generated_Source\PSoC5/EZI2Cs_PM.c ****     * transactions have to be NACKed until the device enters the low power mode.
  81:.\Generated_Source\PSoC5/EZI2Cs_PM.c ****     * After a wakeup, the force NACK bit is cleared automatically.
  82:.\Generated_Source\PSoC5/EZI2Cs_PM.c ****     */
  83:.\Generated_Source\PSoC5/EZI2Cs_PM.c ****     EZI2Cs_XCFG_REG |= EZI2Cs_XCFG_FORCE_NACK;
  84:.\Generated_Source\PSoC5/EZI2Cs_PM.c ****     while (0u == (EZI2Cs_XCFG_REG & EZI2Cs_XCFG_SLEEP_READY))
  85:.\Generated_Source\PSoC5/EZI2Cs_PM.c ****     {
  86:.\Generated_Source\PSoC5/EZI2Cs_PM.c ****     }
  87:.\Generated_Source\PSoC5/EZI2Cs_PM.c **** 
  88:.\Generated_Source\PSoC5/EZI2Cs_PM.c ****      /* Setup wakeup interrupt */
  89:.\Generated_Source\PSoC5/EZI2Cs_PM.c ****     EZI2Cs_DisableInt();
  90:.\Generated_Source\PSoC5/EZI2Cs_PM.c ****     EZI2Cs_wakeupSource = 0u; /* Clear wakeup event */
  91:.\Generated_Source\PSoC5/EZI2Cs_PM.c ****     (void) CyIntSetVector(EZI2Cs_ISR_NUMBER, &EZI2Cs_WAKEUP_ISR);
  92:.\Generated_Source\PSoC5/EZI2Cs_PM.c ****     EZI2Cs_EnableInt();
  93:.\Generated_Source\PSoC5/EZI2Cs_PM.c **** #endif /* (EZI2Cs_WAKEUP_ENABLED) */
  94:.\Generated_Source\PSoC5/EZI2Cs_PM.c **** }
  95:.\Generated_Source\PSoC5/EZI2Cs_PM.c **** 
  96:.\Generated_Source\PSoC5/EZI2Cs_PM.c **** 
  97:.\Generated_Source\PSoC5/EZI2Cs_PM.c **** /*******************************************************************************
  98:.\Generated_Source\PSoC5/EZI2Cs_PM.c **** * Function Name: EZI2Cs_RestoreConfig
ARM GAS  C:\Users\Yiquing\AppData\Local\Temp\cc1Y0iAX.s 			page 4


  99:.\Generated_Source\PSoC5/EZI2Cs_PM.c **** ********************************************************************************
 100:.\Generated_Source\PSoC5/EZI2Cs_PM.c **** *
 101:.\Generated_Source\PSoC5/EZI2Cs_PM.c **** * Summary:
 102:.\Generated_Source\PSoC5/EZI2Cs_PM.c **** *  The Enable wakeup from Sleep Mode selection influences this function
 103:.\Generated_Source\PSoC5/EZI2Cs_PM.c **** *  implementation:
 104:.\Generated_Source\PSoC5/EZI2Cs_PM.c **** *   Unchecked: Restores the component non-retention configuration registers
 105:.\Generated_Source\PSoC5/EZI2Cs_PM.c **** *              to the state they were in before I2C_Sleep() or I2C_SaveConfig()
 106:.\Generated_Source\PSoC5/EZI2Cs_PM.c **** *              was called.
 107:.\Generated_Source\PSoC5/EZI2Cs_PM.c **** *   Checked:   Disables the backup regulator of the I2C hardware. Sets up the
 108:.\Generated_Source\PSoC5/EZI2Cs_PM.c **** *              regular component interrupt handler and generates the component
 109:.\Generated_Source\PSoC5/EZI2Cs_PM.c **** *              interrupt if it was wake up source to release the bus and
 110:.\Generated_Source\PSoC5/EZI2Cs_PM.c **** *              continue in-coming I2C transaction.
 111:.\Generated_Source\PSoC5/EZI2Cs_PM.c **** *
 112:.\Generated_Source\PSoC5/EZI2Cs_PM.c **** * Parameters:
 113:.\Generated_Source\PSoC5/EZI2Cs_PM.c **** *  None.
 114:.\Generated_Source\PSoC5/EZI2Cs_PM.c **** *
 115:.\Generated_Source\PSoC5/EZI2Cs_PM.c **** * Return:
 116:.\Generated_Source\PSoC5/EZI2Cs_PM.c **** *  None.
 117:.\Generated_Source\PSoC5/EZI2Cs_PM.c **** *
 118:.\Generated_Source\PSoC5/EZI2Cs_PM.c **** * Global variables:
 119:.\Generated_Source\PSoC5/EZI2Cs_PM.c **** *  EZI2Cs_backup - the non-retention registers are restored from.
 120:.\Generated_Source\PSoC5/EZI2Cs_PM.c **** *
 121:.\Generated_Source\PSoC5/EZI2Cs_PM.c **** * Reentrant:
 122:.\Generated_Source\PSoC5/EZI2Cs_PM.c **** *  No.
 123:.\Generated_Source\PSoC5/EZI2Cs_PM.c **** *
 124:.\Generated_Source\PSoC5/EZI2Cs_PM.c **** * Side Effects:
 125:.\Generated_Source\PSoC5/EZI2Cs_PM.c **** *  Calling this function before EZI2Cs_SaveConfig() or
 126:.\Generated_Source\PSoC5/EZI2Cs_PM.c **** *  EZI2Cs_Sleep() may produce unexpected behavior.
 127:.\Generated_Source\PSoC5/EZI2Cs_PM.c **** *
 128:.\Generated_Source\PSoC5/EZI2Cs_PM.c **** *******************************************************************************/
 129:.\Generated_Source\PSoC5/EZI2Cs_PM.c **** void EZI2Cs_RestoreConfig(void) 
 130:.\Generated_Source\PSoC5/EZI2Cs_PM.c **** {
  74              		.loc 1 130 0
  75              		.cfi_startproc
  76              		@ args = 0, pretend = 0, frame = 0
  77              		@ frame_needed = 0, uses_anonymous_args = 0
  78 0000 10B5     		push	{r4, lr}
  79              		.cfi_def_cfa_offset 8
  80              		.cfi_offset 4, -8
  81              		.cfi_offset 14, -4
 131:.\Generated_Source\PSoC5/EZI2Cs_PM.c ****     uint8 intState;
 132:.\Generated_Source\PSoC5/EZI2Cs_PM.c **** 
 133:.\Generated_Source\PSoC5/EZI2Cs_PM.c ****     if (0u != (EZI2Cs_PWRSYS_CR1_I2C_BACKUP & EZI2Cs_PWRSYS_CR1_REG))
  82              		.loc 1 133 0
  83 0002 0F4C     		ldr	r4, .L7
  84 0004 2378     		ldrb	r3, [r4]	@ zero_extendqisi2
  85 0006 5B07     		lsls	r3, r3, #29
  86 0008 09D5     		bpl	.L5
 134:.\Generated_Source\PSoC5/EZI2Cs_PM.c ****     /* Exit from Sleep */
 135:.\Generated_Source\PSoC5/EZI2Cs_PM.c ****     {
 136:.\Generated_Source\PSoC5/EZI2Cs_PM.c ****         /* Disable I2C backup regulator */
 137:.\Generated_Source\PSoC5/EZI2Cs_PM.c ****         intState = CyEnterCriticalSection();
  87              		.loc 1 137 0
  88 000a FFF7FEFF 		bl	CyEnterCriticalSection
  89              	.LVL0:
 138:.\Generated_Source\PSoC5/EZI2Cs_PM.c ****         EZI2Cs_PWRSYS_CR1_REG &= (uint8) ~EZI2Cs_PWRSYS_CR1_I2C_BACKUP;
  90              		.loc 1 138 0
ARM GAS  C:\Users\Yiquing\AppData\Local\Temp\cc1Y0iAX.s 			page 5


  91 000e 2378     		ldrb	r3, [r4]	@ zero_extendqisi2
  92 0010 03F0FB03 		and	r3, r3, #251
  93 0014 2370     		strb	r3, [r4]
 139:.\Generated_Source\PSoC5/EZI2Cs_PM.c ****         CyExitCriticalSection(intState);
 140:.\Generated_Source\PSoC5/EZI2Cs_PM.c ****     }
 141:.\Generated_Source\PSoC5/EZI2Cs_PM.c ****     else /* Exit from Hibernate (bit is cleared) or wakeup disabled */
 142:.\Generated_Source\PSoC5/EZI2Cs_PM.c ****     {
 143:.\Generated_Source\PSoC5/EZI2Cs_PM.c ****     #if (EZI2Cs_WAKEUP_ENABLED)
 144:.\Generated_Source\PSoC5/EZI2Cs_PM.c ****         /* Disable power to I2C block before register restore */
 145:.\Generated_Source\PSoC5/EZI2Cs_PM.c ****         intState = CyEnterCriticalSection();
 146:.\Generated_Source\PSoC5/EZI2Cs_PM.c ****         EZI2Cs_PM_ACT_CFG_REG  &= (uint8) ~EZI2Cs_ACT_PWR_EN;
 147:.\Generated_Source\PSoC5/EZI2Cs_PM.c ****         EZI2Cs_PM_STBY_CFG_REG &= (uint8) ~EZI2Cs_STBY_PWR_EN;
 148:.\Generated_Source\PSoC5/EZI2Cs_PM.c ****         CyExitCriticalSection(intState);
 149:.\Generated_Source\PSoC5/EZI2Cs_PM.c **** 
 150:.\Generated_Source\PSoC5/EZI2Cs_PM.c ****         /* Enable component after restore complete */
 151:.\Generated_Source\PSoC5/EZI2Cs_PM.c ****         EZI2Cs_backup.enableState = EZI2Cs_ENABLED;
 152:.\Generated_Source\PSoC5/EZI2Cs_PM.c ****     #endif /* (EZI2Cs_WAKEUP_ENABLED) */
 153:.\Generated_Source\PSoC5/EZI2Cs_PM.c **** 
 154:.\Generated_Source\PSoC5/EZI2Cs_PM.c ****         /* Restore component registers: Hibernate disable power */
 155:.\Generated_Source\PSoC5/EZI2Cs_PM.c ****         EZI2Cs_CFG_REG     = EZI2Cs_backup.cfg;
 156:.\Generated_Source\PSoC5/EZI2Cs_PM.c ****         EZI2Cs_XCFG_REG    = EZI2Cs_backup.xcfg;
 157:.\Generated_Source\PSoC5/EZI2Cs_PM.c ****         EZI2Cs_ADDR_REG    = EZI2Cs_backup.adr;
 158:.\Generated_Source\PSoC5/EZI2Cs_PM.c ****         EZI2Cs_CLKDIV1_REG = EZI2Cs_backup.clkDiv1;
 159:.\Generated_Source\PSoC5/EZI2Cs_PM.c ****         EZI2Cs_CLKDIV2_REG = EZI2Cs_backup.clkDiv2;
 160:.\Generated_Source\PSoC5/EZI2Cs_PM.c ****     }
 161:.\Generated_Source\PSoC5/EZI2Cs_PM.c **** 
 162:.\Generated_Source\PSoC5/EZI2Cs_PM.c **** #if (EZI2Cs_WAKEUP_ENABLED)
 163:.\Generated_Source\PSoC5/EZI2Cs_PM.c ****     /* Set I2C interrupt to be pending if component is source of wake up */
 164:.\Generated_Source\PSoC5/EZI2Cs_PM.c ****     EZI2Cs_DisableInt();
 165:.\Generated_Source\PSoC5/EZI2Cs_PM.c ****     (void) CyIntSetVector(EZI2Cs_ISR_NUMBER, &EZI2Cs_ISR);
 166:.\Generated_Source\PSoC5/EZI2Cs_PM.c ****     if (0u != EZI2Cs_wakeupSource)
 167:.\Generated_Source\PSoC5/EZI2Cs_PM.c ****     {
 168:.\Generated_Source\PSoC5/EZI2Cs_PM.c ****         /* Generate interrupt to release I2C bus */
 169:.\Generated_Source\PSoC5/EZI2Cs_PM.c ****         (void) CyIntSetPending(EZI2Cs_ISR_NUMBER);
 170:.\Generated_Source\PSoC5/EZI2Cs_PM.c ****     }
 171:.\Generated_Source\PSoC5/EZI2Cs_PM.c ****     EZI2Cs_EnableInt();
 172:.\Generated_Source\PSoC5/EZI2Cs_PM.c **** #endif /* (EZI2Cs_WAKEUP_ENABLED) */
 173:.\Generated_Source\PSoC5/EZI2Cs_PM.c **** }
  94              		.loc 1 173 0
  95 0016 BDE81040 		pop	{r4, lr}
 139:.\Generated_Source\PSoC5/EZI2Cs_PM.c ****         CyExitCriticalSection(intState);
  96              		.loc 1 139 0
  97 001a FFF7FEBF 		b	CyExitCriticalSection
  98              	.LVL1:
  99              	.L5:
 155:.\Generated_Source\PSoC5/EZI2Cs_PM.c ****         EZI2Cs_CFG_REG     = EZI2Cs_backup.cfg;
 100              		.loc 1 155 0
 101 001e 094B     		ldr	r3, .L7+4
 102 0020 094A     		ldr	r2, .L7+8
 103 0022 D978     		ldrb	r1, [r3, #3]	@ zero_extendqisi2
 104 0024 1170     		strb	r1, [r2]
 156:.\Generated_Source\PSoC5/EZI2Cs_PM.c ****         EZI2Cs_XCFG_REG    = EZI2Cs_backup.xcfg;
 105              		.loc 1 156 0
 106 0026 5978     		ldrb	r1, [r3, #1]	@ zero_extendqisi2
 107 0028 02F80E1C 		strb	r1, [r2, #-14]
 157:.\Generated_Source\PSoC5/EZI2Cs_PM.c ****         EZI2Cs_ADDR_REG    = EZI2Cs_backup.adr;
 108              		.loc 1 157 0
ARM GAS  C:\Users\Yiquing\AppData\Local\Temp\cc1Y0iAX.s 			page 6


 109 002c 9978     		ldrb	r1, [r3, #2]	@ zero_extendqisi2
 110 002e 02F80C1C 		strb	r1, [r2, #-12]
 158:.\Generated_Source\PSoC5/EZI2Cs_PM.c ****         EZI2Cs_CLKDIV1_REG = EZI2Cs_backup.clkDiv1;
 111              		.loc 1 158 0
 112 0032 1979     		ldrb	r1, [r3, #4]	@ zero_extendqisi2
 113 0034 5171     		strb	r1, [r2, #5]
 159:.\Generated_Source\PSoC5/EZI2Cs_PM.c ****         EZI2Cs_CLKDIV2_REG = EZI2Cs_backup.clkDiv2;
 114              		.loc 1 159 0
 115 0036 5A79     		ldrb	r2, [r3, #5]	@ zero_extendqisi2
 116 0038 044B     		ldr	r3, .L7+12
 117 003a 1A70     		strb	r2, [r3]
 118 003c 10BD     		pop	{r4, pc}
 119              	.L8:
 120 003e 00BF     		.align	2
 121              	.L7:
 122 0040 31430040 		.word	1073759025
 123 0044 00000000 		.word	.LANCHOR0
 124 0048 D6490040 		.word	1073760726
 125 004c DC490040 		.word	1073760732
 126              		.cfi_endproc
 127              	.LFE1:
 128              		.size	EZI2Cs_RestoreConfig, .-EZI2Cs_RestoreConfig
 129              		.section	.text.EZI2Cs_Sleep,"ax",%progbits
 130              		.align	1
 131              		.global	EZI2Cs_Sleep
 132              		.thumb
 133              		.thumb_func
 134              		.type	EZI2Cs_Sleep, %function
 135              	EZI2Cs_Sleep:
 136              	.LFB2:
 174:.\Generated_Source\PSoC5/EZI2Cs_PM.c **** 
 175:.\Generated_Source\PSoC5/EZI2Cs_PM.c **** 
 176:.\Generated_Source\PSoC5/EZI2Cs_PM.c **** /*******************************************************************************
 177:.\Generated_Source\PSoC5/EZI2Cs_PM.c **** * Function Name: EZI2Cs_Sleep
 178:.\Generated_Source\PSoC5/EZI2Cs_PM.c **** ********************************************************************************
 179:.\Generated_Source\PSoC5/EZI2Cs_PM.c **** *
 180:.\Generated_Source\PSoC5/EZI2Cs_PM.c **** * Summary:
 181:.\Generated_Source\PSoC5/EZI2Cs_PM.c **** *  This is the preferred method to prepare the component before device enters
 182:.\Generated_Source\PSoC5/EZI2Cs_PM.c **** *  sleep mode.
 183:.\Generated_Source\PSoC5/EZI2Cs_PM.c **** *  The Enable wakeup from Sleep Mode selection influences this function
 184:.\Generated_Source\PSoC5/EZI2Cs_PM.c **** *  implementation:
 185:.\Generated_Source\PSoC5/EZI2Cs_PM.c **** *   Unchecked: Checks current EZI2C component state, saves it, and disables the
 186:.\Generated_Source\PSoC5/EZI2Cs_PM.c **** *              component by calling EZI2C_Stop() if it is currently enabled.
 187:.\Generated_Source\PSoC5/EZI2Cs_PM.c **** *              EZI2C_SaveConfig() is then called to save the component
 188:.\Generated_Source\PSoC5/EZI2Cs_PM.c **** *              non-retention configuration registers.
 189:.\Generated_Source\PSoC5/EZI2Cs_PM.c **** *   Checked:   If a transaction intended for component is in progress during
 190:.\Generated_Source\PSoC5/EZI2Cs_PM.c **** *              this function call, it waits until the current transaction is
 191:.\Generated_Source\PSoC5/EZI2Cs_PM.c **** *              completed. All subsequent I2C traffic intended for component is
 192:.\Generated_Source\PSoC5/EZI2Cs_PM.c **** *              NAKed until the device is put to sleep mode. The address match
 193:.\Generated_Source\PSoC5/EZI2Cs_PM.c **** *              event wakes up the device.
 194:.\Generated_Source\PSoC5/EZI2Cs_PM.c **** *
 195:.\Generated_Source\PSoC5/EZI2Cs_PM.c **** *  Call the EZI2C_Sleep() function before calling the CyPmSleep() or the
 196:.\Generated_Source\PSoC5/EZI2Cs_PM.c **** *  CyPmHibernate() function. Refer to the PSoC Creator System Reference Guide
 197:.\Generated_Source\PSoC5/EZI2Cs_PM.c **** *  for more information about power-management functions.
 198:.\Generated_Source\PSoC5/EZI2Cs_PM.c **** *
 199:.\Generated_Source\PSoC5/EZI2Cs_PM.c **** * Parameters:
 200:.\Generated_Source\PSoC5/EZI2Cs_PM.c **** *  None.
ARM GAS  C:\Users\Yiquing\AppData\Local\Temp\cc1Y0iAX.s 			page 7


 201:.\Generated_Source\PSoC5/EZI2Cs_PM.c **** *
 202:.\Generated_Source\PSoC5/EZI2Cs_PM.c **** * Return:
 203:.\Generated_Source\PSoC5/EZI2Cs_PM.c **** *  None.
 204:.\Generated_Source\PSoC5/EZI2Cs_PM.c **** *
 205:.\Generated_Source\PSoC5/EZI2Cs_PM.c **** * Global variables:
 206:.\Generated_Source\PSoC5/EZI2Cs_PM.c **** *  EZI2Cs_backup - The non retention registers are saved to. Changed
 207:.\Generated_Source\PSoC5/EZI2Cs_PM.c **** *  by EZI2Cs_SaveConfig() function call.
 208:.\Generated_Source\PSoC5/EZI2Cs_PM.c **** *
 209:.\Generated_Source\PSoC5/EZI2Cs_PM.c **** * Reentrant:
 210:.\Generated_Source\PSoC5/EZI2Cs_PM.c **** *  No.
 211:.\Generated_Source\PSoC5/EZI2Cs_PM.c **** *
 212:.\Generated_Source\PSoC5/EZI2Cs_PM.c **** *******************************************************************************/
 213:.\Generated_Source\PSoC5/EZI2Cs_PM.c **** void EZI2Cs_Sleep(void) 
 214:.\Generated_Source\PSoC5/EZI2Cs_PM.c **** {
 137              		.loc 1 214 0
 138              		.cfi_startproc
 139              		@ args = 0, pretend = 0, frame = 0
 140              		@ frame_needed = 0, uses_anonymous_args = 0
 141 0000 08B5     		push	{r3, lr}
 142              		.cfi_def_cfa_offset 8
 143              		.cfi_offset 3, -8
 144              		.cfi_offset 14, -4
 215:.\Generated_Source\PSoC5/EZI2Cs_PM.c **** #if (EZI2Cs_WAKEUP_ENABLED)
 216:.\Generated_Source\PSoC5/EZI2Cs_PM.c ****     /* Do not re-enable component in EZI2Cs_Wakeup(). It remains enabled as it is wakeup source */
 217:.\Generated_Source\PSoC5/EZI2Cs_PM.c ****     EZI2Cs_backup.enableState = EZI2Cs_DISABLED;
 218:.\Generated_Source\PSoC5/EZI2Cs_PM.c **** #else
 219:.\Generated_Source\PSoC5/EZI2Cs_PM.c ****     /* Store component state enabled or disable to restore after wakeup */
 220:.\Generated_Source\PSoC5/EZI2Cs_PM.c ****     EZI2Cs_backup.enableState = (EZI2Cs_PM_ACT_CFG_REG & EZI2Cs_ACT_PWR_EN);
 145              		.loc 1 220 0
 146 0002 074B     		ldr	r3, .L14
 147 0004 074A     		ldr	r2, .L14+4
 148 0006 1B78     		ldrb	r3, [r3]	@ zero_extendqisi2
 149 0008 03F00403 		and	r3, r3, #4
 150 000c DBB2     		uxtb	r3, r3
 151 000e 1370     		strb	r3, [r2]
 221:.\Generated_Source\PSoC5/EZI2Cs_PM.c **** 
 222:.\Generated_Source\PSoC5/EZI2Cs_PM.c ****     if (0u != EZI2Cs_backup.enableState)
 152              		.loc 1 222 0
 153 0010 0BB1     		cbz	r3, .L10
 223:.\Generated_Source\PSoC5/EZI2Cs_PM.c ****     {
 224:.\Generated_Source\PSoC5/EZI2Cs_PM.c ****         /* Disable component before enter Sleep */
 225:.\Generated_Source\PSoC5/EZI2Cs_PM.c ****         EZI2Cs_Stop();
 154              		.loc 1 225 0
 155 0012 FFF7FEFF 		bl	EZI2Cs_Stop
 156              	.LVL2:
 157              	.L10:
 226:.\Generated_Source\PSoC5/EZI2Cs_PM.c ****     }
 227:.\Generated_Source\PSoC5/EZI2Cs_PM.c **** #endif /* (EZI2Cs_WAKEUP_ENABLED) */
 228:.\Generated_Source\PSoC5/EZI2Cs_PM.c **** 
 229:.\Generated_Source\PSoC5/EZI2Cs_PM.c ****     EZI2Cs_SaveConfig();
 230:.\Generated_Source\PSoC5/EZI2Cs_PM.c **** }
 158              		.loc 1 230 0
 159 0016 BDE80840 		pop	{r3, lr}
 229:.\Generated_Source\PSoC5/EZI2Cs_PM.c ****     EZI2Cs_SaveConfig();
 160              		.loc 1 229 0
 161 001a FFF7FEBF 		b	EZI2Cs_SaveConfig
 162              	.LVL3:
ARM GAS  C:\Users\Yiquing\AppData\Local\Temp\cc1Y0iAX.s 			page 8


 163              	.L15:
 164 001e 00BF     		.align	2
 165              	.L14:
 166 0020 A5430040 		.word	1073759141
 167 0024 00000000 		.word	.LANCHOR0
 168              		.cfi_endproc
 169              	.LFE2:
 170              		.size	EZI2Cs_Sleep, .-EZI2Cs_Sleep
 171              		.section	.text.EZI2Cs_Wakeup,"ax",%progbits
 172              		.align	1
 173              		.global	EZI2Cs_Wakeup
 174              		.thumb
 175              		.thumb_func
 176              		.type	EZI2Cs_Wakeup, %function
 177              	EZI2Cs_Wakeup:
 178              	.LFB3:
 231:.\Generated_Source\PSoC5/EZI2Cs_PM.c **** 
 232:.\Generated_Source\PSoC5/EZI2Cs_PM.c **** 
 233:.\Generated_Source\PSoC5/EZI2Cs_PM.c **** /*******************************************************************************
 234:.\Generated_Source\PSoC5/EZI2Cs_PM.c **** * Function Name: EZI2Cs_Wakeup
 235:.\Generated_Source\PSoC5/EZI2Cs_PM.c **** ********************************************************************************
 236:.\Generated_Source\PSoC5/EZI2Cs_PM.c **** *
 237:.\Generated_Source\PSoC5/EZI2Cs_PM.c **** * Summary:
 238:.\Generated_Source\PSoC5/EZI2Cs_PM.c **** *  This is the preferred method to prepare the component for active mode
 239:.\Generated_Source\PSoC5/EZI2Cs_PM.c **** *  operation (when device exits sleep mode).
 240:.\Generated_Source\PSoC5/EZI2Cs_PM.c **** *  The Enable wakeup from Sleep Mode selection influences this function
 241:.\Generated_Source\PSoC5/EZI2Cs_PM.c **** *  implementation:
 242:.\Generated_Source\PSoC5/EZI2Cs_PM.c **** *   Unchecked: Restores the component non-retention configuration registers
 243:.\Generated_Source\PSoC5/EZI2Cs_PM.c **** *              by calling EZI2C_RestoreConfig(). If the component was enabled
 244:.\Generated_Source\PSoC5/EZI2Cs_PM.c **** *              before the EZI2C_Sleep() function was called, EZI2C_Wakeup()
 245:.\Generated_Source\PSoC5/EZI2Cs_PM.c **** *              re-enables it.
 246:.\Generated_Source\PSoC5/EZI2Cs_PM.c **** *   Checked:   Disables the backup regulator of I2C hardware. The incoming
 247:.\Generated_Source\PSoC5/EZI2Cs_PM.c **** *              transaction continues as soon as the regular EZI2C interrupt
 248:.\Generated_Source\PSoC5/EZI2Cs_PM.c **** *              handler is set up (global interrupts has to be  enabled to
 249:.\Generated_Source\PSoC5/EZI2Cs_PM.c **** *              service EZI2C component interrupt).
 250:.\Generated_Source\PSoC5/EZI2Cs_PM.c **** *
 251:.\Generated_Source\PSoC5/EZI2Cs_PM.c **** * Parameters:
 252:.\Generated_Source\PSoC5/EZI2Cs_PM.c **** *  None.
 253:.\Generated_Source\PSoC5/EZI2Cs_PM.c **** *
 254:.\Generated_Source\PSoC5/EZI2Cs_PM.c **** * Return:
 255:.\Generated_Source\PSoC5/EZI2Cs_PM.c **** *  None.
 256:.\Generated_Source\PSoC5/EZI2Cs_PM.c **** *
 257:.\Generated_Source\PSoC5/EZI2Cs_PM.c **** * Global variables:
 258:.\Generated_Source\PSoC5/EZI2Cs_PM.c **** *  EZI2Cs_backup - The non retention registers are restored from.
 259:.\Generated_Source\PSoC5/EZI2Cs_PM.c **** *
 260:.\Generated_Source\PSoC5/EZI2Cs_PM.c **** * Reentrant:
 261:.\Generated_Source\PSoC5/EZI2Cs_PM.c **** *  No.
 262:.\Generated_Source\PSoC5/EZI2Cs_PM.c **** *
 263:.\Generated_Source\PSoC5/EZI2Cs_PM.c **** * Side Effects:
 264:.\Generated_Source\PSoC5/EZI2Cs_PM.c **** *  Calling this function before EZI2Cs_SaveConfig() or
 265:.\Generated_Source\PSoC5/EZI2Cs_PM.c **** *  EZI2Cs_Sleep() will lead to unpredictable results.
 266:.\Generated_Source\PSoC5/EZI2Cs_PM.c **** *
 267:.\Generated_Source\PSoC5/EZI2Cs_PM.c **** *******************************************************************************/
 268:.\Generated_Source\PSoC5/EZI2Cs_PM.c **** void EZI2Cs_Wakeup(void) 
 269:.\Generated_Source\PSoC5/EZI2Cs_PM.c **** {
 179              		.loc 1 269 0
 180              		.cfi_startproc
ARM GAS  C:\Users\Yiquing\AppData\Local\Temp\cc1Y0iAX.s 			page 9


 181              		@ args = 0, pretend = 0, frame = 0
 182              		@ frame_needed = 0, uses_anonymous_args = 0
 183 0000 08B5     		push	{r3, lr}
 184              		.cfi_def_cfa_offset 8
 185              		.cfi_offset 3, -8
 186              		.cfi_offset 14, -4
 270:.\Generated_Source\PSoC5/EZI2Cs_PM.c ****     EZI2Cs_RestoreConfig();
 187              		.loc 1 270 0
 188 0002 FFF7FEFF 		bl	EZI2Cs_RestoreConfig
 189              	.LVL4:
 271:.\Generated_Source\PSoC5/EZI2Cs_PM.c **** 
 272:.\Generated_Source\PSoC5/EZI2Cs_PM.c ****     if (0u != EZI2Cs_backup.enableState)
 190              		.loc 1 272 0
 191 0006 044B     		ldr	r3, .L18
 192 0008 1B78     		ldrb	r3, [r3]	@ zero_extendqisi2
 193 000a 1BB1     		cbz	r3, .L16
 273:.\Generated_Source\PSoC5/EZI2Cs_PM.c ****     {
 274:.\Generated_Source\PSoC5/EZI2Cs_PM.c ****         /* Enable component as it was enabled before Sleep */
 275:.\Generated_Source\PSoC5/EZI2Cs_PM.c ****         EZI2Cs_Enable();
 276:.\Generated_Source\PSoC5/EZI2Cs_PM.c ****     }
 277:.\Generated_Source\PSoC5/EZI2Cs_PM.c **** }
 194              		.loc 1 277 0
 195 000c BDE80840 		pop	{r3, lr}
 275:.\Generated_Source\PSoC5/EZI2Cs_PM.c ****         EZI2Cs_Enable();
 196              		.loc 1 275 0
 197 0010 FFF7FEBF 		b	EZI2Cs_Enable
 198              	.LVL5:
 199              	.L16:
 200 0014 08BD     		pop	{r3, pc}
 201              	.L19:
 202 0016 00BF     		.align	2
 203              	.L18:
 204 0018 00000000 		.word	.LANCHOR0
 205              		.cfi_endproc
 206              	.LFE3:
 207              		.size	EZI2Cs_Wakeup, .-EZI2Cs_Wakeup
 208              		.global	EZI2Cs_backup
 209              		.data
 210              		.set	.LANCHOR0,. + 0
 211              		.type	EZI2Cs_backup, %object
 212              		.size	EZI2Cs_backup, 6
 213              	EZI2Cs_backup:
 214 0000 00       		.byte	0
 215 0001 81       		.byte	-127
 216 0002 38       		.byte	56
 217 0003 01       		.byte	1
 218 0004 1E       		.byte	30
 219 0005 00       		.byte	0
 220              		.text
 221              	.Letext0:
 222              		.file 2 ".\\Generated_Source\\PSoC5\\cytypes.h"
 223              		.file 3 ".\\Generated_Source\\PSoC5\\EZI2Cs.h"
 224              		.file 4 ".\\Generated_Source\\PSoC5\\CyLib.h"
 225              		.section	.debug_info,"",%progbits
 226              	.Ldebug_info0:
 227 0000 E6010000 		.4byte	0x1e6
 228 0004 0400     		.2byte	0x4
ARM GAS  C:\Users\Yiquing\AppData\Local\Temp\cc1Y0iAX.s 			page 10


 229 0006 00000000 		.4byte	.Ldebug_abbrev0
 230 000a 04       		.byte	0x4
 231 000b 01       		.uleb128 0x1
 232 000c 0C000000 		.4byte	.LASF27
 233 0010 01       		.byte	0x1
 234 0011 C0010000 		.4byte	.LASF28
 235 0015 4C010000 		.4byte	.LASF29
 236 0019 00000000 		.4byte	.Ldebug_ranges0+0
 237 001d 00000000 		.4byte	0
 238 0021 00000000 		.4byte	.Ldebug_line0
 239 0025 02       		.uleb128 0x2
 240 0026 01       		.byte	0x1
 241 0027 06       		.byte	0x6
 242 0028 51020000 		.4byte	.LASF0
 243 002c 02       		.uleb128 0x2
 244 002d 01       		.byte	0x1
 245 002e 08       		.byte	0x8
 246 002f DC000000 		.4byte	.LASF1
 247 0033 02       		.uleb128 0x2
 248 0034 02       		.byte	0x2
 249 0035 05       		.byte	0x5
 250 0036 39020000 		.4byte	.LASF2
 251 003a 02       		.uleb128 0x2
 252 003b 02       		.byte	0x2
 253 003c 07       		.byte	0x7
 254 003d 9E000000 		.4byte	.LASF3
 255 0041 02       		.uleb128 0x2
 256 0042 04       		.byte	0x4
 257 0043 05       		.byte	0x5
 258 0044 43020000 		.4byte	.LASF4
 259 0048 02       		.uleb128 0x2
 260 0049 04       		.byte	0x4
 261 004a 07       		.byte	0x7
 262 004b EF000000 		.4byte	.LASF5
 263 004f 02       		.uleb128 0x2
 264 0050 08       		.byte	0x8
 265 0051 05       		.byte	0x5
 266 0052 11020000 		.4byte	.LASF6
 267 0056 02       		.uleb128 0x2
 268 0057 08       		.byte	0x8
 269 0058 07       		.byte	0x7
 270 0059 B7000000 		.4byte	.LASF7
 271 005d 03       		.uleb128 0x3
 272 005e 04       		.byte	0x4
 273 005f 05       		.byte	0x5
 274 0060 696E7400 		.ascii	"int\000"
 275 0064 02       		.uleb128 0x2
 276 0065 04       		.byte	0x4
 277 0066 07       		.byte	0x7
 278 0067 3F010000 		.4byte	.LASF8
 279 006b 04       		.uleb128 0x4
 280 006c 01010000 		.4byte	.LASF9
 281 0070 02       		.byte	0x2
 282 0071 B3       		.byte	0xb3
 283 0072 2C000000 		.4byte	0x2c
 284 0076 04       		.uleb128 0x4
 285 0077 0E010000 		.4byte	.LASF10
ARM GAS  C:\Users\Yiquing\AppData\Local\Temp\cc1Y0iAX.s 			page 11


 286 007b 02       		.byte	0x2
 287 007c B4       		.byte	0xb4
 288 007d 3A000000 		.4byte	0x3a
 289 0081 04       		.uleb128 0x4
 290 0082 15010000 		.4byte	.LASF11
 291 0086 02       		.byte	0x2
 292 0087 B5       		.byte	0xb5
 293 0088 48000000 		.4byte	0x48
 294 008c 02       		.uleb128 0x2
 295 008d 04       		.byte	0x4
 296 008e 04       		.byte	0x4
 297 008f B1000000 		.4byte	.LASF12
 298 0093 02       		.uleb128 0x2
 299 0094 08       		.byte	0x8
 300 0095 04       		.byte	0x4
 301 0096 07010000 		.4byte	.LASF13
 302 009a 02       		.uleb128 0x2
 303 009b 01       		.byte	0x1
 304 009c 08       		.byte	0x8
 305 009d 4C020000 		.4byte	.LASF14
 306 00a1 05       		.uleb128 0x5
 307 00a2 EA000000 		.4byte	.LASF15
 308 00a6 02       		.byte	0x2
 309 00a7 5D01     		.2byte	0x15d
 310 00a9 AD000000 		.4byte	0xad
 311 00ad 06       		.uleb128 0x6
 312 00ae 6B000000 		.4byte	0x6b
 313 00b2 02       		.uleb128 0x2
 314 00b3 04       		.byte	0x4
 315 00b4 07       		.byte	0x7
 316 00b5 08020000 		.4byte	.LASF16
 317 00b9 07       		.uleb128 0x7
 318 00ba 06       		.byte	0x6
 319 00bb 03       		.byte	0x3
 320 00bc 42       		.byte	0x42
 321 00bd 0A010000 		.4byte	0x10a
 322 00c1 08       		.uleb128 0x8
 323 00c2 1C010000 		.4byte	.LASF17
 324 00c6 03       		.byte	0x3
 325 00c7 44       		.byte	0x44
 326 00c8 6B000000 		.4byte	0x6b
 327 00cc 00       		.byte	0
 328 00cd 08       		.uleb128 0x8
 329 00ce 34020000 		.4byte	.LASF18
 330 00d2 03       		.byte	0x3
 331 00d3 45       		.byte	0x45
 332 00d4 6B000000 		.4byte	0x6b
 333 00d8 01       		.byte	0x1
 334 00d9 09       		.uleb128 0x9
 335 00da 61647200 		.ascii	"adr\000"
 336 00de 03       		.byte	0x3
 337 00df 46       		.byte	0x46
 338 00e0 6B000000 		.4byte	0x6b
 339 00e4 02       		.byte	0x2
 340 00e5 09       		.uleb128 0x9
 341 00e6 63666700 		.ascii	"cfg\000"
 342 00ea 03       		.byte	0x3
ARM GAS  C:\Users\Yiquing\AppData\Local\Temp\cc1Y0iAX.s 			page 12


 343 00eb 47       		.byte	0x47
 344 00ec 6B000000 		.4byte	0x6b
 345 00f0 03       		.byte	0x3
 346 00f1 08       		.uleb128 0x8
 347 00f2 B0010000 		.4byte	.LASF19
 348 00f6 03       		.byte	0x3
 349 00f7 48       		.byte	0x48
 350 00f8 6B000000 		.4byte	0x6b
 351 00fc 04       		.byte	0x4
 352 00fd 08       		.uleb128 0x8
 353 00fe B8010000 		.4byte	.LASF20
 354 0102 03       		.byte	0x3
 355 0103 49       		.byte	0x49
 356 0104 6B000000 		.4byte	0x6b
 357 0108 05       		.byte	0x5
 358 0109 00       		.byte	0
 359 010a 04       		.uleb128 0x4
 360 010b F3010000 		.4byte	.LASF21
 361 010f 03       		.byte	0x3
 362 0110 4B       		.byte	0x4b
 363 0111 B9000000 		.4byte	0xb9
 364 0115 0A       		.uleb128 0xa
 365 0116 6B020000 		.4byte	.LASF30
 366 011a 01       		.byte	0x1
 367 011b 3C       		.byte	0x3c
 368 011c 00000000 		.4byte	.LFB0
 369 0120 3C000000 		.4byte	.LFE0-.LFB0
 370 0124 01       		.uleb128 0x1
 371 0125 9C       		.byte	0x9c
 372 0126 0B       		.uleb128 0xb
 373 0127 1F020000 		.4byte	.LASF22
 374 012b 01       		.byte	0x1
 375 012c 81       		.byte	0x81
 376 012d 00000000 		.4byte	.LFB1
 377 0131 50000000 		.4byte	.LFE1-.LFB1
 378 0135 01       		.uleb128 0x1
 379 0136 9C       		.byte	0x9c
 380 0137 5D010000 		.4byte	0x15d
 381 013b 0C       		.uleb128 0xc
 382 013c 88000000 		.4byte	.LASF31
 383 0140 01       		.byte	0x1
 384 0141 83       		.byte	0x83
 385 0142 6B000000 		.4byte	0x6b
 386 0146 00000000 		.4byte	.LLST0
 387 014a 0D       		.uleb128 0xd
 388 014b 0E000000 		.4byte	.LVL0
 389 014f BF010000 		.4byte	0x1bf
 390 0153 0E       		.uleb128 0xe
 391 0154 1E000000 		.4byte	.LVL1
 392 0158 CA010000 		.4byte	0x1ca
 393 015c 00       		.byte	0
 394 015d 0B       		.uleb128 0xb
 395 015e 91000000 		.4byte	.LASF23
 396 0162 01       		.byte	0x1
 397 0163 D5       		.byte	0xd5
 398 0164 00000000 		.4byte	.LFB2
 399 0168 28000000 		.4byte	.LFE2-.LFB2
ARM GAS  C:\Users\Yiquing\AppData\Local\Temp\cc1Y0iAX.s 			page 13


 400 016c 01       		.uleb128 0x1
 401 016d 9C       		.byte	0x9c
 402 016e 85010000 		.4byte	0x185
 403 0172 0D       		.uleb128 0xd
 404 0173 16000000 		.4byte	.LVL2
 405 0177 DB010000 		.4byte	0x1db
 406 017b 0E       		.uleb128 0xe
 407 017c 1E000000 		.4byte	.LVL3
 408 0180 15010000 		.4byte	0x115
 409 0184 00       		.byte	0
 410 0185 0F       		.uleb128 0xf
 411 0186 5D020000 		.4byte	.LASF24
 412 018a 01       		.byte	0x1
 413 018b 0C01     		.2byte	0x10c
 414 018d 00000000 		.4byte	.LFB3
 415 0191 1C000000 		.4byte	.LFE3-.LFB3
 416 0195 01       		.uleb128 0x1
 417 0196 9C       		.byte	0x9c
 418 0197 AE010000 		.4byte	0x1ae
 419 019b 0D       		.uleb128 0xd
 420 019c 06000000 		.4byte	.LVL4
 421 01a0 26010000 		.4byte	0x126
 422 01a4 0E       		.uleb128 0xe
 423 01a5 14000000 		.4byte	.LVL5
 424 01a9 E2010000 		.4byte	0x1e2
 425 01ad 00       		.byte	0
 426 01ae 10       		.uleb128 0x10
 427 01af CE000000 		.4byte	.LASF32
 428 01b3 01       		.byte	0x1
 429 01b4 12       		.byte	0x12
 430 01b5 0A010000 		.4byte	0x10a
 431 01b9 05       		.uleb128 0x5
 432 01ba 03       		.byte	0x3
 433 01bb 00000000 		.4byte	EZI2Cs_backup
 434 01bf 11       		.uleb128 0x11
 435 01c0 28010000 		.4byte	.LASF33
 436 01c4 04       		.byte	0x4
 437 01c5 7E       		.byte	0x7e
 438 01c6 6B000000 		.4byte	0x6b
 439 01ca 12       		.uleb128 0x12
 440 01cb 9A010000 		.4byte	.LASF34
 441 01cf 04       		.byte	0x4
 442 01d0 7F       		.byte	0x7f
 443 01d1 DB010000 		.4byte	0x1db
 444 01d5 13       		.uleb128 0x13
 445 01d6 6B000000 		.4byte	0x6b
 446 01da 00       		.byte	0
 447 01db 14       		.uleb128 0x14
 448 01dc 00000000 		.4byte	.LASF25
 449 01e0 03       		.byte	0x3
 450 01e1 55       		.byte	0x55
 451 01e2 14       		.uleb128 0x14
 452 01e3 E5010000 		.4byte	.LASF26
 453 01e7 03       		.byte	0x3
 454 01e8 53       		.byte	0x53
 455 01e9 00       		.byte	0
 456              		.section	.debug_abbrev,"",%progbits
ARM GAS  C:\Users\Yiquing\AppData\Local\Temp\cc1Y0iAX.s 			page 14


 457              	.Ldebug_abbrev0:
 458 0000 01       		.uleb128 0x1
 459 0001 11       		.uleb128 0x11
 460 0002 01       		.byte	0x1
 461 0003 25       		.uleb128 0x25
 462 0004 0E       		.uleb128 0xe
 463 0005 13       		.uleb128 0x13
 464 0006 0B       		.uleb128 0xb
 465 0007 03       		.uleb128 0x3
 466 0008 0E       		.uleb128 0xe
 467 0009 1B       		.uleb128 0x1b
 468 000a 0E       		.uleb128 0xe
 469 000b 55       		.uleb128 0x55
 470 000c 17       		.uleb128 0x17
 471 000d 11       		.uleb128 0x11
 472 000e 01       		.uleb128 0x1
 473 000f 10       		.uleb128 0x10
 474 0010 17       		.uleb128 0x17
 475 0011 00       		.byte	0
 476 0012 00       		.byte	0
 477 0013 02       		.uleb128 0x2
 478 0014 24       		.uleb128 0x24
 479 0015 00       		.byte	0
 480 0016 0B       		.uleb128 0xb
 481 0017 0B       		.uleb128 0xb
 482 0018 3E       		.uleb128 0x3e
 483 0019 0B       		.uleb128 0xb
 484 001a 03       		.uleb128 0x3
 485 001b 0E       		.uleb128 0xe
 486 001c 00       		.byte	0
 487 001d 00       		.byte	0
 488 001e 03       		.uleb128 0x3
 489 001f 24       		.uleb128 0x24
 490 0020 00       		.byte	0
 491 0021 0B       		.uleb128 0xb
 492 0022 0B       		.uleb128 0xb
 493 0023 3E       		.uleb128 0x3e
 494 0024 0B       		.uleb128 0xb
 495 0025 03       		.uleb128 0x3
 496 0026 08       		.uleb128 0x8
 497 0027 00       		.byte	0
 498 0028 00       		.byte	0
 499 0029 04       		.uleb128 0x4
 500 002a 16       		.uleb128 0x16
 501 002b 00       		.byte	0
 502 002c 03       		.uleb128 0x3
 503 002d 0E       		.uleb128 0xe
 504 002e 3A       		.uleb128 0x3a
 505 002f 0B       		.uleb128 0xb
 506 0030 3B       		.uleb128 0x3b
 507 0031 0B       		.uleb128 0xb
 508 0032 49       		.uleb128 0x49
 509 0033 13       		.uleb128 0x13
 510 0034 00       		.byte	0
 511 0035 00       		.byte	0
 512 0036 05       		.uleb128 0x5
 513 0037 16       		.uleb128 0x16
ARM GAS  C:\Users\Yiquing\AppData\Local\Temp\cc1Y0iAX.s 			page 15


 514 0038 00       		.byte	0
 515 0039 03       		.uleb128 0x3
 516 003a 0E       		.uleb128 0xe
 517 003b 3A       		.uleb128 0x3a
 518 003c 0B       		.uleb128 0xb
 519 003d 3B       		.uleb128 0x3b
 520 003e 05       		.uleb128 0x5
 521 003f 49       		.uleb128 0x49
 522 0040 13       		.uleb128 0x13
 523 0041 00       		.byte	0
 524 0042 00       		.byte	0
 525 0043 06       		.uleb128 0x6
 526 0044 35       		.uleb128 0x35
 527 0045 00       		.byte	0
 528 0046 49       		.uleb128 0x49
 529 0047 13       		.uleb128 0x13
 530 0048 00       		.byte	0
 531 0049 00       		.byte	0
 532 004a 07       		.uleb128 0x7
 533 004b 13       		.uleb128 0x13
 534 004c 01       		.byte	0x1
 535 004d 0B       		.uleb128 0xb
 536 004e 0B       		.uleb128 0xb
 537 004f 3A       		.uleb128 0x3a
 538 0050 0B       		.uleb128 0xb
 539 0051 3B       		.uleb128 0x3b
 540 0052 0B       		.uleb128 0xb
 541 0053 01       		.uleb128 0x1
 542 0054 13       		.uleb128 0x13
 543 0055 00       		.byte	0
 544 0056 00       		.byte	0
 545 0057 08       		.uleb128 0x8
 546 0058 0D       		.uleb128 0xd
 547 0059 00       		.byte	0
 548 005a 03       		.uleb128 0x3
 549 005b 0E       		.uleb128 0xe
 550 005c 3A       		.uleb128 0x3a
 551 005d 0B       		.uleb128 0xb
 552 005e 3B       		.uleb128 0x3b
 553 005f 0B       		.uleb128 0xb
 554 0060 49       		.uleb128 0x49
 555 0061 13       		.uleb128 0x13
 556 0062 38       		.uleb128 0x38
 557 0063 0B       		.uleb128 0xb
 558 0064 00       		.byte	0
 559 0065 00       		.byte	0
 560 0066 09       		.uleb128 0x9
 561 0067 0D       		.uleb128 0xd
 562 0068 00       		.byte	0
 563 0069 03       		.uleb128 0x3
 564 006a 08       		.uleb128 0x8
 565 006b 3A       		.uleb128 0x3a
 566 006c 0B       		.uleb128 0xb
 567 006d 3B       		.uleb128 0x3b
 568 006e 0B       		.uleb128 0xb
 569 006f 49       		.uleb128 0x49
 570 0070 13       		.uleb128 0x13
ARM GAS  C:\Users\Yiquing\AppData\Local\Temp\cc1Y0iAX.s 			page 16


 571 0071 38       		.uleb128 0x38
 572 0072 0B       		.uleb128 0xb
 573 0073 00       		.byte	0
 574 0074 00       		.byte	0
 575 0075 0A       		.uleb128 0xa
 576 0076 2E       		.uleb128 0x2e
 577 0077 00       		.byte	0
 578 0078 3F       		.uleb128 0x3f
 579 0079 19       		.uleb128 0x19
 580 007a 03       		.uleb128 0x3
 581 007b 0E       		.uleb128 0xe
 582 007c 3A       		.uleb128 0x3a
 583 007d 0B       		.uleb128 0xb
 584 007e 3B       		.uleb128 0x3b
 585 007f 0B       		.uleb128 0xb
 586 0080 27       		.uleb128 0x27
 587 0081 19       		.uleb128 0x19
 588 0082 11       		.uleb128 0x11
 589 0083 01       		.uleb128 0x1
 590 0084 12       		.uleb128 0x12
 591 0085 06       		.uleb128 0x6
 592 0086 40       		.uleb128 0x40
 593 0087 18       		.uleb128 0x18
 594 0088 9742     		.uleb128 0x2117
 595 008a 19       		.uleb128 0x19
 596 008b 00       		.byte	0
 597 008c 00       		.byte	0
 598 008d 0B       		.uleb128 0xb
 599 008e 2E       		.uleb128 0x2e
 600 008f 01       		.byte	0x1
 601 0090 3F       		.uleb128 0x3f
 602 0091 19       		.uleb128 0x19
 603 0092 03       		.uleb128 0x3
 604 0093 0E       		.uleb128 0xe
 605 0094 3A       		.uleb128 0x3a
 606 0095 0B       		.uleb128 0xb
 607 0096 3B       		.uleb128 0x3b
 608 0097 0B       		.uleb128 0xb
 609 0098 27       		.uleb128 0x27
 610 0099 19       		.uleb128 0x19
 611 009a 11       		.uleb128 0x11
 612 009b 01       		.uleb128 0x1
 613 009c 12       		.uleb128 0x12
 614 009d 06       		.uleb128 0x6
 615 009e 40       		.uleb128 0x40
 616 009f 18       		.uleb128 0x18
 617 00a0 9742     		.uleb128 0x2117
 618 00a2 19       		.uleb128 0x19
 619 00a3 01       		.uleb128 0x1
 620 00a4 13       		.uleb128 0x13
 621 00a5 00       		.byte	0
 622 00a6 00       		.byte	0
 623 00a7 0C       		.uleb128 0xc
 624 00a8 34       		.uleb128 0x34
 625 00a9 00       		.byte	0
 626 00aa 03       		.uleb128 0x3
 627 00ab 0E       		.uleb128 0xe
ARM GAS  C:\Users\Yiquing\AppData\Local\Temp\cc1Y0iAX.s 			page 17


 628 00ac 3A       		.uleb128 0x3a
 629 00ad 0B       		.uleb128 0xb
 630 00ae 3B       		.uleb128 0x3b
 631 00af 0B       		.uleb128 0xb
 632 00b0 49       		.uleb128 0x49
 633 00b1 13       		.uleb128 0x13
 634 00b2 02       		.uleb128 0x2
 635 00b3 17       		.uleb128 0x17
 636 00b4 00       		.byte	0
 637 00b5 00       		.byte	0
 638 00b6 0D       		.uleb128 0xd
 639 00b7 898201   		.uleb128 0x4109
 640 00ba 00       		.byte	0
 641 00bb 11       		.uleb128 0x11
 642 00bc 01       		.uleb128 0x1
 643 00bd 31       		.uleb128 0x31
 644 00be 13       		.uleb128 0x13
 645 00bf 00       		.byte	0
 646 00c0 00       		.byte	0
 647 00c1 0E       		.uleb128 0xe
 648 00c2 898201   		.uleb128 0x4109
 649 00c5 00       		.byte	0
 650 00c6 11       		.uleb128 0x11
 651 00c7 01       		.uleb128 0x1
 652 00c8 9542     		.uleb128 0x2115
 653 00ca 19       		.uleb128 0x19
 654 00cb 31       		.uleb128 0x31
 655 00cc 13       		.uleb128 0x13
 656 00cd 00       		.byte	0
 657 00ce 00       		.byte	0
 658 00cf 0F       		.uleb128 0xf
 659 00d0 2E       		.uleb128 0x2e
 660 00d1 01       		.byte	0x1
 661 00d2 3F       		.uleb128 0x3f
 662 00d3 19       		.uleb128 0x19
 663 00d4 03       		.uleb128 0x3
 664 00d5 0E       		.uleb128 0xe
 665 00d6 3A       		.uleb128 0x3a
 666 00d7 0B       		.uleb128 0xb
 667 00d8 3B       		.uleb128 0x3b
 668 00d9 05       		.uleb128 0x5
 669 00da 27       		.uleb128 0x27
 670 00db 19       		.uleb128 0x19
 671 00dc 11       		.uleb128 0x11
 672 00dd 01       		.uleb128 0x1
 673 00de 12       		.uleb128 0x12
 674 00df 06       		.uleb128 0x6
 675 00e0 40       		.uleb128 0x40
 676 00e1 18       		.uleb128 0x18
 677 00e2 9742     		.uleb128 0x2117
 678 00e4 19       		.uleb128 0x19
 679 00e5 01       		.uleb128 0x1
 680 00e6 13       		.uleb128 0x13
 681 00e7 00       		.byte	0
 682 00e8 00       		.byte	0
 683 00e9 10       		.uleb128 0x10
 684 00ea 34       		.uleb128 0x34
ARM GAS  C:\Users\Yiquing\AppData\Local\Temp\cc1Y0iAX.s 			page 18


 685 00eb 00       		.byte	0
 686 00ec 03       		.uleb128 0x3
 687 00ed 0E       		.uleb128 0xe
 688 00ee 3A       		.uleb128 0x3a
 689 00ef 0B       		.uleb128 0xb
 690 00f0 3B       		.uleb128 0x3b
 691 00f1 0B       		.uleb128 0xb
 692 00f2 49       		.uleb128 0x49
 693 00f3 13       		.uleb128 0x13
 694 00f4 3F       		.uleb128 0x3f
 695 00f5 19       		.uleb128 0x19
 696 00f6 02       		.uleb128 0x2
 697 00f7 18       		.uleb128 0x18
 698 00f8 00       		.byte	0
 699 00f9 00       		.byte	0
 700 00fa 11       		.uleb128 0x11
 701 00fb 2E       		.uleb128 0x2e
 702 00fc 00       		.byte	0
 703 00fd 3F       		.uleb128 0x3f
 704 00fe 19       		.uleb128 0x19
 705 00ff 03       		.uleb128 0x3
 706 0100 0E       		.uleb128 0xe
 707 0101 3A       		.uleb128 0x3a
 708 0102 0B       		.uleb128 0xb
 709 0103 3B       		.uleb128 0x3b
 710 0104 0B       		.uleb128 0xb
 711 0105 27       		.uleb128 0x27
 712 0106 19       		.uleb128 0x19
 713 0107 49       		.uleb128 0x49
 714 0108 13       		.uleb128 0x13
 715 0109 3C       		.uleb128 0x3c
 716 010a 19       		.uleb128 0x19
 717 010b 00       		.byte	0
 718 010c 00       		.byte	0
 719 010d 12       		.uleb128 0x12
 720 010e 2E       		.uleb128 0x2e
 721 010f 01       		.byte	0x1
 722 0110 3F       		.uleb128 0x3f
 723 0111 19       		.uleb128 0x19
 724 0112 03       		.uleb128 0x3
 725 0113 0E       		.uleb128 0xe
 726 0114 3A       		.uleb128 0x3a
 727 0115 0B       		.uleb128 0xb
 728 0116 3B       		.uleb128 0x3b
 729 0117 0B       		.uleb128 0xb
 730 0118 27       		.uleb128 0x27
 731 0119 19       		.uleb128 0x19
 732 011a 3C       		.uleb128 0x3c
 733 011b 19       		.uleb128 0x19
 734 011c 01       		.uleb128 0x1
 735 011d 13       		.uleb128 0x13
 736 011e 00       		.byte	0
 737 011f 00       		.byte	0
 738 0120 13       		.uleb128 0x13
 739 0121 05       		.uleb128 0x5
 740 0122 00       		.byte	0
 741 0123 49       		.uleb128 0x49
ARM GAS  C:\Users\Yiquing\AppData\Local\Temp\cc1Y0iAX.s 			page 19


 742 0124 13       		.uleb128 0x13
 743 0125 00       		.byte	0
 744 0126 00       		.byte	0
 745 0127 14       		.uleb128 0x14
 746 0128 2E       		.uleb128 0x2e
 747 0129 00       		.byte	0
 748 012a 3F       		.uleb128 0x3f
 749 012b 19       		.uleb128 0x19
 750 012c 03       		.uleb128 0x3
 751 012d 0E       		.uleb128 0xe
 752 012e 3A       		.uleb128 0x3a
 753 012f 0B       		.uleb128 0xb
 754 0130 3B       		.uleb128 0x3b
 755 0131 0B       		.uleb128 0xb
 756 0132 27       		.uleb128 0x27
 757 0133 19       		.uleb128 0x19
 758 0134 3C       		.uleb128 0x3c
 759 0135 19       		.uleb128 0x19
 760 0136 00       		.byte	0
 761 0137 00       		.byte	0
 762 0138 00       		.byte	0
 763              		.section	.debug_loc,"",%progbits
 764              	.Ldebug_loc0:
 765              	.LLST0:
 766 0000 0E000000 		.4byte	.LVL0
 767 0004 1D000000 		.4byte	.LVL1-1
 768 0008 0100     		.2byte	0x1
 769 000a 50       		.byte	0x50
 770 000b 00000000 		.4byte	0
 771 000f 00000000 		.4byte	0
 772              		.section	.debug_aranges,"",%progbits
 773 0000 34000000 		.4byte	0x34
 774 0004 0200     		.2byte	0x2
 775 0006 00000000 		.4byte	.Ldebug_info0
 776 000a 04       		.byte	0x4
 777 000b 00       		.byte	0
 778 000c 0000     		.2byte	0
 779 000e 0000     		.2byte	0
 780 0010 00000000 		.4byte	.LFB0
 781 0014 3C000000 		.4byte	.LFE0-.LFB0
 782 0018 00000000 		.4byte	.LFB1
 783 001c 50000000 		.4byte	.LFE1-.LFB1
 784 0020 00000000 		.4byte	.LFB2
 785 0024 28000000 		.4byte	.LFE2-.LFB2
 786 0028 00000000 		.4byte	.LFB3
 787 002c 1C000000 		.4byte	.LFE3-.LFB3
 788 0030 00000000 		.4byte	0
 789 0034 00000000 		.4byte	0
 790              		.section	.debug_ranges,"",%progbits
 791              	.Ldebug_ranges0:
 792 0000 00000000 		.4byte	.LFB0
 793 0004 3C000000 		.4byte	.LFE0
 794 0008 00000000 		.4byte	.LFB1
 795 000c 50000000 		.4byte	.LFE1
 796 0010 00000000 		.4byte	.LFB2
 797 0014 28000000 		.4byte	.LFE2
 798 0018 00000000 		.4byte	.LFB3
ARM GAS  C:\Users\Yiquing\AppData\Local\Temp\cc1Y0iAX.s 			page 20


 799 001c 1C000000 		.4byte	.LFE3
 800 0020 00000000 		.4byte	0
 801 0024 00000000 		.4byte	0
 802              		.section	.debug_line,"",%progbits
 803              	.Ldebug_line0:
 804 0000 C1000000 		.section	.debug_str,"MS",%progbits,1
 804      02005F00 
 804      00000201 
 804      FB0E0D00 
 804      01010101 
 805              	.LASF25:
 806 0000 455A4932 		.ascii	"EZI2Cs_Stop\000"
 806      43735F53 
 806      746F7000 
 807              	.LASF27:
 808 000c 474E5520 		.ascii	"GNU C 4.8.4 20140526 (release) [ARM/embedded-4_8-br"
 808      4320342E 
 808      382E3420 
 808      32303134 
 808      30353236 
 809 003f 616E6368 		.ascii	"anch revision 211358] -mcpu=cortex-m3 -mthumb -g -O"
 809      20726576 
 809      6973696F 
 809      6E203231 
 809      31333538 
 810 0072 73202D66 		.ascii	"s -ffunction-sections\000"
 810      66756E63 
 810      74696F6E 
 810      2D736563 
 810      74696F6E 
 811              	.LASF31:
 812 0088 696E7453 		.ascii	"intState\000"
 812      74617465 
 812      00
 813              	.LASF23:
 814 0091 455A4932 		.ascii	"EZI2Cs_Sleep\000"
 814      43735F53 
 814      6C656570 
 814      00
 815              	.LASF3:
 816 009e 73686F72 		.ascii	"short unsigned int\000"
 816      7420756E 
 816      7369676E 
 816      65642069 
 816      6E7400
 817              	.LASF12:
 818 00b1 666C6F61 		.ascii	"float\000"
 818      7400
 819              	.LASF7:
 820 00b7 6C6F6E67 		.ascii	"long long unsigned int\000"
 820      206C6F6E 
 820      6720756E 
 820      7369676E 
 820      65642069 
 821              	.LASF32:
 822 00ce 455A4932 		.ascii	"EZI2Cs_backup\000"
 822      43735F62 
ARM GAS  C:\Users\Yiquing\AppData\Local\Temp\cc1Y0iAX.s 			page 21


 822      61636B75 
 822      7000
 823              	.LASF1:
 824 00dc 756E7369 		.ascii	"unsigned char\000"
 824      676E6564 
 824      20636861 
 824      7200
 825              	.LASF15:
 826 00ea 72656738 		.ascii	"reg8\000"
 826      00
 827              	.LASF5:
 828 00ef 6C6F6E67 		.ascii	"long unsigned int\000"
 828      20756E73 
 828      69676E65 
 828      6420696E 
 828      7400
 829              	.LASF9:
 830 0101 75696E74 		.ascii	"uint8\000"
 830      3800
 831              	.LASF13:
 832 0107 646F7562 		.ascii	"double\000"
 832      6C6500
 833              	.LASF10:
 834 010e 75696E74 		.ascii	"uint16\000"
 834      313600
 835              	.LASF11:
 836 0115 75696E74 		.ascii	"uint32\000"
 836      333200
 837              	.LASF17:
 838 011c 656E6162 		.ascii	"enableState\000"
 838      6C655374 
 838      61746500 
 839              	.LASF33:
 840 0128 4379456E 		.ascii	"CyEnterCriticalSection\000"
 840      74657243 
 840      72697469 
 840      63616C53 
 840      65637469 
 841              	.LASF8:
 842 013f 756E7369 		.ascii	"unsigned int\000"
 842      676E6564 
 842      20696E74 
 842      00
 843              	.LASF29:
 844 014c 433A5C55 		.ascii	"C:\\Users\\Yiquing\\Documents\\works\\NanoNXT\\f2f "
 844      73657273 
 844      5C596971 
 844      75696E67 
 844      5C446F63 
 845 0179 74657374 		.ascii	"testing\\3.2.0\\nanoNxt_ICM3.cydsn\000"
 845      696E675C 
 845      332E322E 
 845      305C6E61 
 845      6E6F4E78 
 846              	.LASF34:
 847 019a 43794578 		.ascii	"CyExitCriticalSection\000"
 847      69744372 
ARM GAS  C:\Users\Yiquing\AppData\Local\Temp\cc1Y0iAX.s 			page 22


 847      69746963 
 847      616C5365 
 847      6374696F 
 848              	.LASF19:
 849 01b0 636C6B44 		.ascii	"clkDiv1\000"
 849      69763100 
 850              	.LASF20:
 851 01b8 636C6B44 		.ascii	"clkDiv2\000"
 851      69763200 
 852              	.LASF28:
 853 01c0 2E5C4765 		.ascii	".\\Generated_Source\\PSoC5\\EZI2Cs_PM.c\000"
 853      6E657261 
 853      7465645F 
 853      536F7572 
 853      63655C50 
 854              	.LASF26:
 855 01e5 455A4932 		.ascii	"EZI2Cs_Enable\000"
 855      43735F45 
 855      6E61626C 
 855      6500
 856              	.LASF21:
 857 01f3 455A4932 		.ascii	"EZI2Cs_BACKUP_STRUCT\000"
 857      43735F42 
 857      41434B55 
 857      505F5354 
 857      52554354 
 858              	.LASF16:
 859 0208 73697A65 		.ascii	"sizetype\000"
 859      74797065 
 859      00
 860              	.LASF6:
 861 0211 6C6F6E67 		.ascii	"long long int\000"
 861      206C6F6E 
 861      6720696E 
 861      7400
 862              	.LASF22:
 863 021f 455A4932 		.ascii	"EZI2Cs_RestoreConfig\000"
 863      43735F52 
 863      6573746F 
 863      7265436F 
 863      6E666967 
 864              	.LASF18:
 865 0234 78636667 		.ascii	"xcfg\000"
 865      00
 866              	.LASF2:
 867 0239 73686F72 		.ascii	"short int\000"
 867      7420696E 
 867      7400
 868              	.LASF4:
 869 0243 6C6F6E67 		.ascii	"long int\000"
 869      20696E74 
 869      00
 870              	.LASF14:
 871 024c 63686172 		.ascii	"char\000"
 871      00
 872              	.LASF0:
 873 0251 7369676E 		.ascii	"signed char\000"
ARM GAS  C:\Users\Yiquing\AppData\Local\Temp\cc1Y0iAX.s 			page 23


 873      65642063 
 873      68617200 
 874              	.LASF24:
 875 025d 455A4932 		.ascii	"EZI2Cs_Wakeup\000"
 875      43735F57 
 875      616B6575 
 875      7000
 876              	.LASF30:
 877 026b 455A4932 		.ascii	"EZI2Cs_SaveConfig\000"
 877      43735F53 
 877      61766543 
 877      6F6E6669 
 877      6700
 878              		.ident	"GCC: (GNU Tools for ARM Embedded Processors) 4.8.4 20140526 (release) [ARM/embedded-4_8-br
