--------------- Clean Started: 09/11/2018 09:03:30 Project: fixed, Configuration: ARM GCC 5.4-2016-q2-update Debug ---------------
Deleting file ".\CortexM0\ARM_GCC_541\Debug\main.o"
Deleting file ".\CortexM0\ARM_GCC_541\Debug\motor.o"
Deleting file ".\CortexM0\ARM_GCC_541\Debug\vl53l0x_api.o"
Deleting file ".\CortexM0\ARM_GCC_541\Debug\vl53l0x_api_calibration.o"
Deleting file ".\CortexM0\ARM_GCC_541\Debug\vl53l0x_api_core.o"
Deleting file ".\CortexM0\ARM_GCC_541\Debug\vl53l0x_api_ranging.o"
Deleting file ".\CortexM0\ARM_GCC_541\Debug\vl53l0x_api_strings.o"
Deleting file ".\CortexM0\ARM_GCC_541\Debug\tof_coms.o"
Deleting file ".\CortexM0\ARM_GCC_541\Debug\vl53l0x_platform.o"
Deleting file ".\CortexM0\ARM_GCC_541\Debug\LIS3MDL.o"
Deleting file ".\CortexM0\ARM_GCC_541\Debug\cyfitter_cfg.o"
Deleting file ".\CortexM0\ARM_GCC_541\Debug\cymetadata.o"
Deleting file ".\CortexM0\ARM_GCC_541\Debug\Cm0Start.o"
Deleting file ".\CortexM0\ARM_GCC_541\Debug\CyBootAsmGnu.o"
Deleting file ".\CortexM0\ARM_GCC_541\Debug\CyFlash.o"
Deleting file ".\CortexM0\ARM_GCC_541\Debug\CyLib.o"
Deleting file ".\CortexM0\ARM_GCC_541\Debug\cyPm.o"
Deleting file ".\CortexM0\ARM_GCC_541\Debug\cyutils.o"
Deleting file ".\CortexM0\ARM_GCC_541\Debug\CyLFClk.o"
Deleting file ".\CortexM0\ARM_GCC_541\Debug\I2C_LED.o"
Deleting file ".\CortexM0\ARM_GCC_541\Debug\I2C_LED_I2C_INT.o"
Deleting file ".\CortexM0\ARM_GCC_541\Debug\I2C_LED_I2C.o"
Deleting file ".\CortexM0\ARM_GCC_541\Debug\I2C_LED_I2C_BOOT.o"
Deleting file ".\CortexM0\ARM_GCC_541\Debug\I2C_LED_I2C_MASTER.o"
Deleting file ".\CortexM0\ARM_GCC_541\Debug\I2C_LED_PM.o"
Deleting file ".\CortexM0\ARM_GCC_541\Debug\I2C_LED_BOOT.o"
Deleting file ".\CortexM0\ARM_GCC_541\Debug\I2C_LED_SCBCLK.o"
Deleting file ".\CortexM0\ARM_GCC_541\Debug\I2C_LED_sda.o"
Deleting file ".\CortexM0\ARM_GCC_541\Debug\I2C_LED_sda_PM.o"
Deleting file ".\CortexM0\ARM_GCC_541\Debug\I2C_LED_scl.o"
Deleting file ".\CortexM0\ARM_GCC_541\Debug\I2C_LED_scl_PM.o"
Deleting file ".\CortexM0\ARM_GCC_541\Debug\I2C_LED_SCB_IRQ.o"
Deleting file ".\CortexM0\ARM_GCC_541\Debug\EZI2C_CAM.o"
Deleting file ".\CortexM0\ARM_GCC_541\Debug\EZI2C_CAM_PM.o"
Deleting file ".\CortexM0\ARM_GCC_541\Debug\EZI2C_CAM_BOOT.o"
Deleting file ".\CortexM0\ARM_GCC_541\Debug\EZI2C_CAM_EZI2C.o"
Deleting file ".\CortexM0\ARM_GCC_541\Debug\EZI2C_CAM_EZI2C_INT.o"
Deleting file ".\CortexM0\ARM_GCC_541\Debug\EZI2C_CAM_EZI2C_BOOT.o"
Deleting file ".\CortexM0\ARM_GCC_541\Debug\EZI2C_CAM_SCBCLK.o"
Deleting file ".\CortexM0\ARM_GCC_541\Debug\EZI2C_CAM_sda.o"
Deleting file ".\CortexM0\ARM_GCC_541\Debug\EZI2C_CAM_sda_PM.o"
Deleting file ".\CortexM0\ARM_GCC_541\Debug\EZI2C_CAM_scl.o"
Deleting file ".\CortexM0\ARM_GCC_541\Debug\EZI2C_CAM_scl_PM.o"
Deleting file ".\CortexM0\ARM_GCC_541\Debug\EZI2C_CAM_SCB_IRQ.o"
Deleting file ".\CortexM0\ARM_GCC_541\Debug\CAM_SPARE.o"
Deleting file ".\CortexM0\ARM_GCC_541\Debug\CAM_SPARE_PM.o"
Deleting file ".\CortexM0\ARM_GCC_541\Debug\Clock_1.o"
Deleting file ".\CortexM0\ARM_GCC_541\Debug\AUD_OUT.o"
Deleting file ".\CortexM0\ARM_GCC_541\Debug\AUD_OUT_PM.o"
Deleting file ".\CortexM0\ARM_GCC_541\Debug\AUD_SD.o"
Deleting file ".\CortexM0\ARM_GCC_541\Debug\AUD_SD_PM.o"
Deleting file ".\CortexM0\ARM_GCC_541\Debug\AUD_GAIN0.o"
Deleting file ".\CortexM0\ARM_GCC_541\Debug\AUD_GAIN0_PM.o"
Deleting file ".\CortexM0\ARM_GCC_541\Debug\AUD_GAIN1.o"
Deleting file ".\CortexM0\ARM_GCC_541\Debug\AUD_GAIN1_PM.o"
Deleting file ".\CortexM0\ARM_GCC_541\Debug\PWM_M.o"
Deleting file ".\CortexM0\ARM_GCC_541\Debug\PWM_M_PM.o"
Deleting file ".\CortexM0\ARM_GCC_541\Debug\Clock_2.o"
Deleting file ".\CortexM0\ARM_GCC_541\Debug\PWM.o"
Deleting file ".\CortexM0\ARM_GCC_541\Debug\PWM_PM.o"
Deleting file ".\CortexM0\ARM_GCC_541\Debug\FB.o"
Deleting file ".\CortexM0\ARM_GCC_541\Debug\FB_PM.o"
Deleting file ".\CortexM0\ARM_GCC_541\Debug\Clock_4.o"
Deleting file ".\CortexM0\ARM_GCC_541\Debug\Clock_5.o"
Deleting file ".\CortexM0\ARM_GCC_541\Debug\STEP_COUNT.o"
Deleting file ".\CortexM0\ARM_GCC_541\Debug\STEP_COUNT_PM.o"
Deleting file ".\CortexM0\ARM_GCC_541\Debug\Clock_3.o"
Deleting file ".\CortexM0\ARM_GCC_541\Debug\Timer_Tick.o"
Deleting file ".\CortexM0\ARM_GCC_541\Debug\Timer_Tick_PM.o"
Deleting file ".\CortexM0\ARM_GCC_541\Debug\isr_tick.o"
Deleting file ".\CortexM0\ARM_GCC_541\Debug\CW.o"
Deleting file ".\CortexM0\ARM_GCC_541\Debug\CW_PM.o"
Deleting file ".\CortexM0\ARM_GCC_541\Debug\I_SENSE.o"
Deleting file ".\CortexM0\ARM_GCC_541\Debug\I_SENSE_PM.o"
Deleting file ".\CortexM0\ARM_GCC_541\Debug\EXT_RES.o"
Deleting file ".\CortexM0\ARM_GCC_541\Debug\EXT_RES_PM.o"
Deleting file ".\CortexM0\ARM_GCC_541\Debug\Comp_ISENSE.o"
Deleting file ".\CortexM0\ARM_GCC_541\Debug\Comp_ISENSE_PM.o"
Deleting file ".\CortexM0\ARM_GCC_541\Debug\IDAC_1.o"
Deleting file ".\CortexM0\ARM_GCC_541\Debug\IDAC_1_PM.o"
Deleting file ".\CortexM0\ARM_GCC_541\Debug\Control_PWM.o"
Deleting file ".\CortexM0\ARM_GCC_541\Debug\Control_PWM_PM.o"
Deleting file ".\CortexM0\ARM_GCC_541\Debug\IDAC_2.o"
Deleting file ".\CortexM0\ARM_GCC_541\Debug\IDAC_2_PM.o"
Deleting file ".\CortexM0\ARM_GCC_541\Debug\PWM_1.o"
Deleting file ".\CortexM0\ARM_GCC_541\Debug\PWM_1_PM.o"
Deleting file ".\CortexM0\ARM_GCC_541\Debug\cy_em_eeprom.o"
Deleting file ".\CortexM0\ARM_GCC_541\Debug\I2C_MAG.o"
Deleting file ".\CortexM0\ARM_GCC_541\Debug\I2C_MAG_sda.o"
Deleting file ".\CortexM0\ARM_GCC_541\Debug\I2C_MAG_sda_PM.o"
Deleting file ".\CortexM0\ARM_GCC_541\Debug\I2C_MAG_scl.o"
Deleting file ".\CortexM0\ARM_GCC_541\Debug\I2C_MAG_scl_PM.o"
Deleting file ".\CortexM0\ARM_GCC_541\Debug\fixed.hex"
Deleting file ".\CortexM0\ARM_GCC_541\Debug\fixed.elf"
Deleting file ".\CortexM0\ARM_GCC_541\Debug\fixed.map"
Deleting file ".\fixed.cycdx"
Deleting file ".\fixed.svd"
Deleting file ".\fixed.rpt"
Deleting file ".\fixed_timing.html"
Deleting file ".\CortexM0\ARM_GCC_541\Debug\.deps\SOURCE_C__ARM_GCC_GENERIC.P"
Deleting file ".\CortexM0\ARM_GCC_541\Debug\.deps\SOURCE_ASM__ARM_GCC_GENERIC.P"
--------------- Clean Succeeded: 09/11/2018 09:03:30 ---------------
