ARM GAS  C:\Users\ilya\AppData\Local\Temp\ccsBQ27g.s 			page 1


   1              		.syntax unified
   2              		.cpu cortex-m0
   3              		.fpu softvfp
   4              		.eabi_attribute 20, 1
   5              		.eabi_attribute 21, 1
   6              		.eabi_attribute 23, 3
   7              		.eabi_attribute 24, 1
   8              		.eabi_attribute 25, 1
   9              		.eabi_attribute 26, 1
  10              		.eabi_attribute 30, 6
  11              		.eabi_attribute 34, 0
  12              		.eabi_attribute 18, 4
  13              		.thumb
  14              		.syntax unified
  15              		.file	"AMux_1.c"
  16              		.text
  17              	.Ltext0:
  18              		.cfi_sections	.debug_frame
  19              		.data
  20              		.type	AMux_1_lastChannel, %object
  21              		.size	AMux_1_lastChannel, 1
  22              	AMux_1_lastChannel:
  23 0000 FF       		.byte	-1
  24              		.section	.text.AMux_1_Start,"ax",%progbits
  25              		.align	2
  26              		.global	AMux_1_Start
  27              		.code	16
  28              		.thumb_func
  29              		.type	AMux_1_Start, %function
  30              	AMux_1_Start:
  31              	.LFB0:
  32              		.file 1 "Generated_Source\\PSoC4\\AMux_1.c"
   1:Generated_Source\PSoC4/AMux_1.c **** /*******************************************************************************
   2:Generated_Source\PSoC4/AMux_1.c **** * File Name: AMux_1.c
   3:Generated_Source\PSoC4/AMux_1.c **** * Version 1.80
   4:Generated_Source\PSoC4/AMux_1.c **** *
   5:Generated_Source\PSoC4/AMux_1.c **** *  Description:
   6:Generated_Source\PSoC4/AMux_1.c **** *    This file contains all functions required for the analog multiplexer
   7:Generated_Source\PSoC4/AMux_1.c **** *    AMux User Module.
   8:Generated_Source\PSoC4/AMux_1.c **** *
   9:Generated_Source\PSoC4/AMux_1.c **** *   Note:
  10:Generated_Source\PSoC4/AMux_1.c **** *
  11:Generated_Source\PSoC4/AMux_1.c **** *******************************************************************************
  12:Generated_Source\PSoC4/AMux_1.c **** * Copyright 2008-2010, Cypress Semiconductor Corporation.  All rights reserved.
  13:Generated_Source\PSoC4/AMux_1.c **** * You may use this file only in accordance with the license, terms, conditions, 
  14:Generated_Source\PSoC4/AMux_1.c **** * disclaimers, and limitations in the end user license agreement accompanying 
  15:Generated_Source\PSoC4/AMux_1.c **** * the software package with which this file was provided.
  16:Generated_Source\PSoC4/AMux_1.c **** ********************************************************************************/
  17:Generated_Source\PSoC4/AMux_1.c **** 
  18:Generated_Source\PSoC4/AMux_1.c **** #include "AMux_1.h"
  19:Generated_Source\PSoC4/AMux_1.c **** 
  20:Generated_Source\PSoC4/AMux_1.c **** static uint8 AMux_1_lastChannel = AMux_1_NULL_CHANNEL;
  21:Generated_Source\PSoC4/AMux_1.c **** 
  22:Generated_Source\PSoC4/AMux_1.c **** 
  23:Generated_Source\PSoC4/AMux_1.c **** /*******************************************************************************
  24:Generated_Source\PSoC4/AMux_1.c **** * Function Name: AMux_1_Start
  25:Generated_Source\PSoC4/AMux_1.c **** ********************************************************************************
ARM GAS  C:\Users\ilya\AppData\Local\Temp\ccsBQ27g.s 			page 2


  26:Generated_Source\PSoC4/AMux_1.c **** * Summary:
  27:Generated_Source\PSoC4/AMux_1.c **** *  Disconnect all channels.
  28:Generated_Source\PSoC4/AMux_1.c **** *
  29:Generated_Source\PSoC4/AMux_1.c **** * Parameters:
  30:Generated_Source\PSoC4/AMux_1.c **** *  void
  31:Generated_Source\PSoC4/AMux_1.c **** *
  32:Generated_Source\PSoC4/AMux_1.c **** * Return:
  33:Generated_Source\PSoC4/AMux_1.c **** *  void
  34:Generated_Source\PSoC4/AMux_1.c **** *
  35:Generated_Source\PSoC4/AMux_1.c **** *******************************************************************************/
  36:Generated_Source\PSoC4/AMux_1.c **** void AMux_1_Start(void) 
  37:Generated_Source\PSoC4/AMux_1.c **** {
  33              		.loc 1 37 0
  34              		.cfi_startproc
  35              		@ args = 0, pretend = 0, frame = 8
  36              		@ frame_needed = 1, uses_anonymous_args = 0
  37 0000 80B5     		push	{r7, lr}
  38              		.cfi_def_cfa_offset 8
  39              		.cfi_offset 7, -8
  40              		.cfi_offset 14, -4
  41 0002 82B0     		sub	sp, sp, #8
  42              		.cfi_def_cfa_offset 16
  43 0004 00AF     		add	r7, sp, #0
  44              		.cfi_def_cfa_register 7
  38:Generated_Source\PSoC4/AMux_1.c ****     uint8 chan;
  39:Generated_Source\PSoC4/AMux_1.c **** 
  40:Generated_Source\PSoC4/AMux_1.c ****     for(chan = 0u; chan < AMux_1_CHANNELS ; chan++)
  45              		.loc 1 40 0
  46 0006 FB1D     		adds	r3, r7, #7
  47 0008 0022     		movs	r2, #0
  48 000a 1A70     		strb	r2, [r3]
  49 000c 09E0     		b	.L2
  50              	.L3:
  41:Generated_Source\PSoC4/AMux_1.c ****     {
  42:Generated_Source\PSoC4/AMux_1.c **** #if (AMux_1_MUXTYPE == AMux_1_MUX_SINGLE)
  43:Generated_Source\PSoC4/AMux_1.c ****         AMux_1_Unset(chan);
  51              		.loc 1 43 0 discriminator 3
  52 000e FB1D     		adds	r3, r7, #7
  53 0010 1B78     		ldrb	r3, [r3]
  54 0012 1800     		movs	r0, r3
  55 0014 FFF7FEFF 		bl	AMux_1_Unset
  40:Generated_Source\PSoC4/AMux_1.c ****     {
  56              		.loc 1 40 0 discriminator 3
  57 0018 FB1D     		adds	r3, r7, #7
  58 001a 1A78     		ldrb	r2, [r3]
  59 001c FB1D     		adds	r3, r7, #7
  60 001e 0132     		adds	r2, r2, #1
  61 0020 1A70     		strb	r2, [r3]
  62              	.L2:
  40:Generated_Source\PSoC4/AMux_1.c ****     {
  63              		.loc 1 40 0 is_stmt 0 discriminator 1
  64 0022 FB1D     		adds	r3, r7, #7
  65 0024 1B78     		ldrb	r3, [r3]
  66 0026 012B     		cmp	r3, #1
  67 0028 F1D9     		bls	.L3
  44:Generated_Source\PSoC4/AMux_1.c **** #else
  45:Generated_Source\PSoC4/AMux_1.c ****         AMux_1_CYAMUXSIDE_A_Unset(chan);
ARM GAS  C:\Users\ilya\AppData\Local\Temp\ccsBQ27g.s 			page 3


  46:Generated_Source\PSoC4/AMux_1.c ****         AMux_1_CYAMUXSIDE_B_Unset(chan);
  47:Generated_Source\PSoC4/AMux_1.c **** #endif
  48:Generated_Source\PSoC4/AMux_1.c ****     }
  49:Generated_Source\PSoC4/AMux_1.c **** 
  50:Generated_Source\PSoC4/AMux_1.c ****     AMux_1_lastChannel = AMux_1_NULL_CHANNEL;
  68              		.loc 1 50 0 is_stmt 1
  69 002a 034B     		ldr	r3, .L4
  70 002c FF22     		movs	r2, #255
  71 002e 1A70     		strb	r2, [r3]
  51:Generated_Source\PSoC4/AMux_1.c **** }
  72              		.loc 1 51 0
  73 0030 C046     		nop
  74 0032 BD46     		mov	sp, r7
  75 0034 02B0     		add	sp, sp, #8
  76              		@ sp needed
  77 0036 80BD     		pop	{r7, pc}
  78              	.L5:
  79              		.align	2
  80              	.L4:
  81 0038 00000000 		.word	AMux_1_lastChannel
  82              		.cfi_endproc
  83              	.LFE0:
  84              		.size	AMux_1_Start, .-AMux_1_Start
  85              		.section	.text.AMux_1_FastSelect,"ax",%progbits
  86              		.align	2
  87              		.global	AMux_1_FastSelect
  88              		.code	16
  89              		.thumb_func
  90              		.type	AMux_1_FastSelect, %function
  91              	AMux_1_FastSelect:
  92              	.LFB1:
  52:Generated_Source\PSoC4/AMux_1.c **** 
  53:Generated_Source\PSoC4/AMux_1.c **** 
  54:Generated_Source\PSoC4/AMux_1.c **** #if (!AMux_1_ATMOSTONE)
  55:Generated_Source\PSoC4/AMux_1.c **** /*******************************************************************************
  56:Generated_Source\PSoC4/AMux_1.c **** * Function Name: AMux_1_Select
  57:Generated_Source\PSoC4/AMux_1.c **** ********************************************************************************
  58:Generated_Source\PSoC4/AMux_1.c **** * Summary:
  59:Generated_Source\PSoC4/AMux_1.c **** *  This functions first disconnects all channels then connects the given
  60:Generated_Source\PSoC4/AMux_1.c **** *  channel.
  61:Generated_Source\PSoC4/AMux_1.c **** *
  62:Generated_Source\PSoC4/AMux_1.c **** * Parameters:
  63:Generated_Source\PSoC4/AMux_1.c **** *  channel:  The channel to connect to the common terminal.
  64:Generated_Source\PSoC4/AMux_1.c **** *
  65:Generated_Source\PSoC4/AMux_1.c **** * Return:
  66:Generated_Source\PSoC4/AMux_1.c **** *  void
  67:Generated_Source\PSoC4/AMux_1.c **** *
  68:Generated_Source\PSoC4/AMux_1.c **** *******************************************************************************/
  69:Generated_Source\PSoC4/AMux_1.c **** void AMux_1_Select(uint8 channel) 
  70:Generated_Source\PSoC4/AMux_1.c **** {
  71:Generated_Source\PSoC4/AMux_1.c ****     AMux_1_DisconnectAll();        /* Disconnect all previous connections */
  72:Generated_Source\PSoC4/AMux_1.c ****     AMux_1_Connect(channel);       /* Make the given selection */
  73:Generated_Source\PSoC4/AMux_1.c ****     AMux_1_lastChannel = channel;  /* Update last channel */
  74:Generated_Source\PSoC4/AMux_1.c **** }
  75:Generated_Source\PSoC4/AMux_1.c **** #endif
  76:Generated_Source\PSoC4/AMux_1.c **** 
  77:Generated_Source\PSoC4/AMux_1.c **** 
ARM GAS  C:\Users\ilya\AppData\Local\Temp\ccsBQ27g.s 			page 4


  78:Generated_Source\PSoC4/AMux_1.c **** /*******************************************************************************
  79:Generated_Source\PSoC4/AMux_1.c **** * Function Name: AMux_1_FastSelect
  80:Generated_Source\PSoC4/AMux_1.c **** ********************************************************************************
  81:Generated_Source\PSoC4/AMux_1.c **** * Summary:
  82:Generated_Source\PSoC4/AMux_1.c **** *  This function first disconnects the last connection made with FastSelect or
  83:Generated_Source\PSoC4/AMux_1.c **** *  Select, then connects the given channel. The FastSelect function is similar
  84:Generated_Source\PSoC4/AMux_1.c **** *  to the Select function, except it is faster since it only disconnects the
  85:Generated_Source\PSoC4/AMux_1.c **** *  last channel selected rather than all channels.
  86:Generated_Source\PSoC4/AMux_1.c **** *
  87:Generated_Source\PSoC4/AMux_1.c **** * Parameters:
  88:Generated_Source\PSoC4/AMux_1.c **** *  channel:  The channel to connect to the common terminal.
  89:Generated_Source\PSoC4/AMux_1.c **** *
  90:Generated_Source\PSoC4/AMux_1.c **** * Return:
  91:Generated_Source\PSoC4/AMux_1.c **** *  void
  92:Generated_Source\PSoC4/AMux_1.c **** *
  93:Generated_Source\PSoC4/AMux_1.c **** *******************************************************************************/
  94:Generated_Source\PSoC4/AMux_1.c **** void AMux_1_FastSelect(uint8 channel) 
  95:Generated_Source\PSoC4/AMux_1.c **** {
  93              		.loc 1 95 0
  94              		.cfi_startproc
  95              		@ args = 0, pretend = 0, frame = 8
  96              		@ frame_needed = 1, uses_anonymous_args = 0
  97 0000 80B5     		push	{r7, lr}
  98              		.cfi_def_cfa_offset 8
  99              		.cfi_offset 7, -8
 100              		.cfi_offset 14, -4
 101 0002 82B0     		sub	sp, sp, #8
 102              		.cfi_def_cfa_offset 16
 103 0004 00AF     		add	r7, sp, #0
 104              		.cfi_def_cfa_register 7
 105 0006 0200     		movs	r2, r0
 106 0008 FB1D     		adds	r3, r7, #7
 107 000a 1A70     		strb	r2, [r3]
  96:Generated_Source\PSoC4/AMux_1.c ****     /* Disconnect the last valid channel */
  97:Generated_Source\PSoC4/AMux_1.c ****     if( AMux_1_lastChannel != AMux_1_NULL_CHANNEL)
 108              		.loc 1 97 0
 109 000c 0A4B     		ldr	r3, .L8
 110 000e 1B78     		ldrb	r3, [r3]
 111 0010 FF2B     		cmp	r3, #255
 112 0012 04D0     		beq	.L7
  98:Generated_Source\PSoC4/AMux_1.c ****     {
  99:Generated_Source\PSoC4/AMux_1.c ****         AMux_1_Disconnect(AMux_1_lastChannel);
 113              		.loc 1 99 0
 114 0014 084B     		ldr	r3, .L8
 115 0016 1B78     		ldrb	r3, [r3]
 116 0018 1800     		movs	r0, r3
 117 001a FFF7FEFF 		bl	AMux_1_Unset
 118              	.L7:
 100:Generated_Source\PSoC4/AMux_1.c ****     }
 101:Generated_Source\PSoC4/AMux_1.c **** 
 102:Generated_Source\PSoC4/AMux_1.c ****     /* Make the new channel connection */
 103:Generated_Source\PSoC4/AMux_1.c **** #if (AMux_1_MUXTYPE == AMux_1_MUX_SINGLE)
 104:Generated_Source\PSoC4/AMux_1.c ****     AMux_1_Set(channel);
 119              		.loc 1 104 0
 120 001e FB1D     		adds	r3, r7, #7
 121 0020 1B78     		ldrb	r3, [r3]
 122 0022 1800     		movs	r0, r3
ARM GAS  C:\Users\ilya\AppData\Local\Temp\ccsBQ27g.s 			page 5


 123 0024 FFF7FEFF 		bl	AMux_1_Set
 105:Generated_Source\PSoC4/AMux_1.c **** #else
 106:Generated_Source\PSoC4/AMux_1.c ****     AMux_1_CYAMUXSIDE_A_Set(channel);
 107:Generated_Source\PSoC4/AMux_1.c ****     AMux_1_CYAMUXSIDE_B_Set(channel);
 108:Generated_Source\PSoC4/AMux_1.c **** #endif
 109:Generated_Source\PSoC4/AMux_1.c **** 
 110:Generated_Source\PSoC4/AMux_1.c **** 
 111:Generated_Source\PSoC4/AMux_1.c ****     AMux_1_lastChannel = channel;   /* Update last channel */
 124              		.loc 1 111 0
 125 0028 034B     		ldr	r3, .L8
 126 002a FA1D     		adds	r2, r7, #7
 127 002c 1278     		ldrb	r2, [r2]
 128 002e 1A70     		strb	r2, [r3]
 112:Generated_Source\PSoC4/AMux_1.c **** }
 129              		.loc 1 112 0
 130 0030 C046     		nop
 131 0032 BD46     		mov	sp, r7
 132 0034 02B0     		add	sp, sp, #8
 133              		@ sp needed
 134 0036 80BD     		pop	{r7, pc}
 135              	.L9:
 136              		.align	2
 137              	.L8:
 138 0038 00000000 		.word	AMux_1_lastChannel
 139              		.cfi_endproc
 140              	.LFE1:
 141              		.size	AMux_1_FastSelect, .-AMux_1_FastSelect
 142              		.section	.text.AMux_1_DisconnectAll,"ax",%progbits
 143              		.align	2
 144              		.global	AMux_1_DisconnectAll
 145              		.code	16
 146              		.thumb_func
 147              		.type	AMux_1_DisconnectAll, %function
 148              	AMux_1_DisconnectAll:
 149              	.LFB2:
 113:Generated_Source\PSoC4/AMux_1.c **** 
 114:Generated_Source\PSoC4/AMux_1.c **** 
 115:Generated_Source\PSoC4/AMux_1.c **** #if (AMux_1_MUXTYPE == AMux_1_MUX_DIFF)
 116:Generated_Source\PSoC4/AMux_1.c **** #if (!AMux_1_ATMOSTONE)
 117:Generated_Source\PSoC4/AMux_1.c **** /*******************************************************************************
 118:Generated_Source\PSoC4/AMux_1.c **** * Function Name: AMux_1_Connect
 119:Generated_Source\PSoC4/AMux_1.c **** ********************************************************************************
 120:Generated_Source\PSoC4/AMux_1.c **** * Summary:
 121:Generated_Source\PSoC4/AMux_1.c **** *  This function connects the given channel without affecting other connections.
 122:Generated_Source\PSoC4/AMux_1.c **** *
 123:Generated_Source\PSoC4/AMux_1.c **** * Parameters:
 124:Generated_Source\PSoC4/AMux_1.c **** *  channel:  The channel to connect to the common terminal.
 125:Generated_Source\PSoC4/AMux_1.c **** *
 126:Generated_Source\PSoC4/AMux_1.c **** * Return:
 127:Generated_Source\PSoC4/AMux_1.c **** *  void
 128:Generated_Source\PSoC4/AMux_1.c **** *
 129:Generated_Source\PSoC4/AMux_1.c **** *******************************************************************************/
 130:Generated_Source\PSoC4/AMux_1.c **** void AMux_1_Connect(uint8 channel) 
 131:Generated_Source\PSoC4/AMux_1.c **** {
 132:Generated_Source\PSoC4/AMux_1.c ****     AMux_1_CYAMUXSIDE_A_Set(channel);
 133:Generated_Source\PSoC4/AMux_1.c ****     AMux_1_CYAMUXSIDE_B_Set(channel);
 134:Generated_Source\PSoC4/AMux_1.c **** }
ARM GAS  C:\Users\ilya\AppData\Local\Temp\ccsBQ27g.s 			page 6


 135:Generated_Source\PSoC4/AMux_1.c **** #endif
 136:Generated_Source\PSoC4/AMux_1.c **** 
 137:Generated_Source\PSoC4/AMux_1.c **** /*******************************************************************************
 138:Generated_Source\PSoC4/AMux_1.c **** * Function Name: AMux_1_Disconnect
 139:Generated_Source\PSoC4/AMux_1.c **** ********************************************************************************
 140:Generated_Source\PSoC4/AMux_1.c **** * Summary:
 141:Generated_Source\PSoC4/AMux_1.c **** *  This function disconnects the given channel from the common or output
 142:Generated_Source\PSoC4/AMux_1.c **** *  terminal without affecting other connections.
 143:Generated_Source\PSoC4/AMux_1.c **** *
 144:Generated_Source\PSoC4/AMux_1.c **** * Parameters:
 145:Generated_Source\PSoC4/AMux_1.c **** *  channel:  The channel to disconnect from the common terminal.
 146:Generated_Source\PSoC4/AMux_1.c **** *
 147:Generated_Source\PSoC4/AMux_1.c **** * Return:
 148:Generated_Source\PSoC4/AMux_1.c **** *  void
 149:Generated_Source\PSoC4/AMux_1.c **** *
 150:Generated_Source\PSoC4/AMux_1.c **** *******************************************************************************/
 151:Generated_Source\PSoC4/AMux_1.c **** void AMux_1_Disconnect(uint8 channel) 
 152:Generated_Source\PSoC4/AMux_1.c **** {
 153:Generated_Source\PSoC4/AMux_1.c ****     AMux_1_CYAMUXSIDE_A_Unset(channel);
 154:Generated_Source\PSoC4/AMux_1.c ****     AMux_1_CYAMUXSIDE_B_Unset(channel);
 155:Generated_Source\PSoC4/AMux_1.c **** }
 156:Generated_Source\PSoC4/AMux_1.c **** #endif
 157:Generated_Source\PSoC4/AMux_1.c **** 
 158:Generated_Source\PSoC4/AMux_1.c **** #if (AMux_1_ATMOSTONE)
 159:Generated_Source\PSoC4/AMux_1.c **** /*******************************************************************************
 160:Generated_Source\PSoC4/AMux_1.c **** * Function Name: AMux_1_DisconnectAll
 161:Generated_Source\PSoC4/AMux_1.c **** ********************************************************************************
 162:Generated_Source\PSoC4/AMux_1.c **** * Summary:
 163:Generated_Source\PSoC4/AMux_1.c **** *  This function disconnects all channels.
 164:Generated_Source\PSoC4/AMux_1.c **** *
 165:Generated_Source\PSoC4/AMux_1.c **** * Parameters:
 166:Generated_Source\PSoC4/AMux_1.c **** *  void
 167:Generated_Source\PSoC4/AMux_1.c **** *
 168:Generated_Source\PSoC4/AMux_1.c **** * Return:
 169:Generated_Source\PSoC4/AMux_1.c **** *  void
 170:Generated_Source\PSoC4/AMux_1.c **** *
 171:Generated_Source\PSoC4/AMux_1.c **** *******************************************************************************/
 172:Generated_Source\PSoC4/AMux_1.c **** void AMux_1_DisconnectAll(void) 
 173:Generated_Source\PSoC4/AMux_1.c **** {
 150              		.loc 1 173 0
 151              		.cfi_startproc
 152              		@ args = 0, pretend = 0, frame = 0
 153              		@ frame_needed = 1, uses_anonymous_args = 0
 154 0000 80B5     		push	{r7, lr}
 155              		.cfi_def_cfa_offset 8
 156              		.cfi_offset 7, -8
 157              		.cfi_offset 14, -4
 158 0002 00AF     		add	r7, sp, #0
 159              		.cfi_def_cfa_register 7
 174:Generated_Source\PSoC4/AMux_1.c ****     if(AMux_1_lastChannel != AMux_1_NULL_CHANNEL) 
 160              		.loc 1 174 0
 161 0004 074B     		ldr	r3, .L13
 162 0006 1B78     		ldrb	r3, [r3]
 163 0008 FF2B     		cmp	r3, #255
 164 000a 07D0     		beq	.L12
 175:Generated_Source\PSoC4/AMux_1.c ****     {
 176:Generated_Source\PSoC4/AMux_1.c ****         AMux_1_Disconnect(AMux_1_lastChannel);
ARM GAS  C:\Users\ilya\AppData\Local\Temp\ccsBQ27g.s 			page 7


 165              		.loc 1 176 0
 166 000c 054B     		ldr	r3, .L13
 167 000e 1B78     		ldrb	r3, [r3]
 168 0010 1800     		movs	r0, r3
 169 0012 FFF7FEFF 		bl	AMux_1_Unset
 177:Generated_Source\PSoC4/AMux_1.c ****         AMux_1_lastChannel = AMux_1_NULL_CHANNEL;
 170              		.loc 1 177 0
 171 0016 034B     		ldr	r3, .L13
 172 0018 FF22     		movs	r2, #255
 173 001a 1A70     		strb	r2, [r3]
 174              	.L12:
 178:Generated_Source\PSoC4/AMux_1.c ****     }
 179:Generated_Source\PSoC4/AMux_1.c **** }
 175              		.loc 1 179 0
 176 001c C046     		nop
 177 001e BD46     		mov	sp, r7
 178              		@ sp needed
 179 0020 80BD     		pop	{r7, pc}
 180              	.L14:
 181 0022 C046     		.align	2
 182              	.L13:
 183 0024 00000000 		.word	AMux_1_lastChannel
 184              		.cfi_endproc
 185              	.LFE2:
 186              		.size	AMux_1_DisconnectAll, .-AMux_1_DisconnectAll
 187              		.text
 188              	.Letext0:
 189              		.file 2 "Generated_Source\\PSoC4\\cytypes.h"
 190              		.section	.debug_info,"",%progbits
 191              	.Ldebug_info0:
 192 0000 F3000000 		.4byte	0xf3
 193 0004 0400     		.2byte	0x4
 194 0006 00000000 		.4byte	.Ldebug_abbrev0
 195 000a 04       		.byte	0x4
 196 000b 01       		.uleb128 0x1
 197 000c 73000000 		.4byte	.LASF16
 198 0010 0C       		.byte	0xc
 199 0011 08000000 		.4byte	.LASF17
 200 0015 4E010000 		.4byte	.LASF18
 201 0019 00000000 		.4byte	.Ldebug_ranges0+0
 202 001d 00000000 		.4byte	0
 203 0021 00000000 		.4byte	.Ldebug_line0
 204 0025 02       		.uleb128 0x2
 205 0026 01       		.byte	0x1
 206 0027 06       		.byte	0x6
 207 0028 A8010000 		.4byte	.LASF0
 208 002c 02       		.uleb128 0x2
 209 002d 01       		.byte	0x1
 210 002e 08       		.byte	0x8
 211 002f 2E000000 		.4byte	.LASF1
 212 0033 02       		.uleb128 0x2
 213 0034 02       		.byte	0x2
 214 0035 05       		.byte	0x5
 215 0036 8F010000 		.4byte	.LASF2
 216 003a 02       		.uleb128 0x2
 217 003b 02       		.byte	0x2
 218 003c 07       		.byte	0x7
ARM GAS  C:\Users\ilya\AppData\Local\Temp\ccsBQ27g.s 			page 8


 219 003d 60000000 		.4byte	.LASF3
 220 0041 02       		.uleb128 0x2
 221 0042 04       		.byte	0x4
 222 0043 05       		.byte	0x5
 223 0044 9F010000 		.4byte	.LASF4
 224 0048 02       		.uleb128 0x2
 225 0049 04       		.byte	0x4
 226 004a 07       		.byte	0x7
 227 004b 4E000000 		.4byte	.LASF5
 228 004f 02       		.uleb128 0x2
 229 0050 08       		.byte	0x8
 230 0051 05       		.byte	0x5
 231 0052 7C010000 		.4byte	.LASF6
 232 0056 02       		.uleb128 0x2
 233 0057 08       		.byte	0x8
 234 0058 07       		.byte	0x7
 235 0059 37010000 		.4byte	.LASF7
 236 005d 03       		.uleb128 0x3
 237 005e 04       		.byte	0x4
 238 005f 05       		.byte	0x5
 239 0060 696E7400 		.ascii	"int\000"
 240 0064 02       		.uleb128 0x2
 241 0065 04       		.byte	0x4
 242 0066 07       		.byte	0x7
 243 0067 2A010000 		.4byte	.LASF8
 244 006b 04       		.uleb128 0x4
 245 006c 99010000 		.4byte	.LASF19
 246 0070 02       		.byte	0x2
 247 0071 B901     		.2byte	0x1b9
 248 0073 2C000000 		.4byte	0x2c
 249 0077 02       		.uleb128 0x2
 250 0078 04       		.byte	0x4
 251 0079 04       		.byte	0x4
 252 007a 28000000 		.4byte	.LASF9
 253 007e 02       		.uleb128 0x2
 254 007f 08       		.byte	0x8
 255 0080 04       		.byte	0x4
 256 0081 01010000 		.4byte	.LASF10
 257 0085 02       		.uleb128 0x2
 258 0086 01       		.byte	0x1
 259 0087 08       		.byte	0x8
 260 0088 8A010000 		.4byte	.LASF11
 261 008c 05       		.uleb128 0x5
 262 008d 08010000 		.4byte	.LASF12
 263 0091 01       		.byte	0x1
 264 0092 24       		.byte	0x24
 265 0093 00000000 		.4byte	.LFB0
 266 0097 3C000000 		.4byte	.LFE0-.LFB0
 267 009b 01       		.uleb128 0x1
 268 009c 9C       		.byte	0x9c
 269 009d B0000000 		.4byte	0xb0
 270 00a1 06       		.uleb128 0x6
 271 00a2 77010000 		.4byte	.LASF14
 272 00a6 01       		.byte	0x1
 273 00a7 26       		.byte	0x26
 274 00a8 6B000000 		.4byte	0x6b
 275 00ac 02       		.uleb128 0x2
ARM GAS  C:\Users\ilya\AppData\Local\Temp\ccsBQ27g.s 			page 9


 276 00ad 91       		.byte	0x91
 277 00ae 77       		.sleb128 -9
 278 00af 00       		.byte	0
 279 00b0 05       		.uleb128 0x5
 280 00b1 3C000000 		.4byte	.LASF13
 281 00b5 01       		.byte	0x1
 282 00b6 5E       		.byte	0x5e
 283 00b7 00000000 		.4byte	.LFB1
 284 00bb 3C000000 		.4byte	.LFE1-.LFB1
 285 00bf 01       		.uleb128 0x1
 286 00c0 9C       		.byte	0x9c
 287 00c1 D4000000 		.4byte	0xd4
 288 00c5 07       		.uleb128 0x7
 289 00c6 00000000 		.4byte	.LASF20
 290 00ca 01       		.byte	0x1
 291 00cb 5E       		.byte	0x5e
 292 00cc 6B000000 		.4byte	0x6b
 293 00d0 02       		.uleb128 0x2
 294 00d1 91       		.byte	0x91
 295 00d2 77       		.sleb128 -9
 296 00d3 00       		.byte	0
 297 00d4 08       		.uleb128 0x8
 298 00d5 15010000 		.4byte	.LASF21
 299 00d9 01       		.byte	0x1
 300 00da AC       		.byte	0xac
 301 00db 00000000 		.4byte	.LFB2
 302 00df 28000000 		.4byte	.LFE2-.LFB2
 303 00e3 01       		.uleb128 0x1
 304 00e4 9C       		.byte	0x9c
 305 00e5 06       		.uleb128 0x6
 306 00e6 B4010000 		.4byte	.LASF15
 307 00ea 01       		.byte	0x1
 308 00eb 14       		.byte	0x14
 309 00ec 6B000000 		.4byte	0x6b
 310 00f0 05       		.uleb128 0x5
 311 00f1 03       		.byte	0x3
 312 00f2 00000000 		.4byte	AMux_1_lastChannel
 313 00f6 00       		.byte	0
 314              		.section	.debug_abbrev,"",%progbits
 315              	.Ldebug_abbrev0:
 316 0000 01       		.uleb128 0x1
 317 0001 11       		.uleb128 0x11
 318 0002 01       		.byte	0x1
 319 0003 25       		.uleb128 0x25
 320 0004 0E       		.uleb128 0xe
 321 0005 13       		.uleb128 0x13
 322 0006 0B       		.uleb128 0xb
 323 0007 03       		.uleb128 0x3
 324 0008 0E       		.uleb128 0xe
 325 0009 1B       		.uleb128 0x1b
 326 000a 0E       		.uleb128 0xe
 327 000b 55       		.uleb128 0x55
 328 000c 17       		.uleb128 0x17
 329 000d 11       		.uleb128 0x11
 330 000e 01       		.uleb128 0x1
 331 000f 10       		.uleb128 0x10
 332 0010 17       		.uleb128 0x17
ARM GAS  C:\Users\ilya\AppData\Local\Temp\ccsBQ27g.s 			page 10


 333 0011 00       		.byte	0
 334 0012 00       		.byte	0
 335 0013 02       		.uleb128 0x2
 336 0014 24       		.uleb128 0x24
 337 0015 00       		.byte	0
 338 0016 0B       		.uleb128 0xb
 339 0017 0B       		.uleb128 0xb
 340 0018 3E       		.uleb128 0x3e
 341 0019 0B       		.uleb128 0xb
 342 001a 03       		.uleb128 0x3
 343 001b 0E       		.uleb128 0xe
 344 001c 00       		.byte	0
 345 001d 00       		.byte	0
 346 001e 03       		.uleb128 0x3
 347 001f 24       		.uleb128 0x24
 348 0020 00       		.byte	0
 349 0021 0B       		.uleb128 0xb
 350 0022 0B       		.uleb128 0xb
 351 0023 3E       		.uleb128 0x3e
 352 0024 0B       		.uleb128 0xb
 353 0025 03       		.uleb128 0x3
 354 0026 08       		.uleb128 0x8
 355 0027 00       		.byte	0
 356 0028 00       		.byte	0
 357 0029 04       		.uleb128 0x4
 358 002a 16       		.uleb128 0x16
 359 002b 00       		.byte	0
 360 002c 03       		.uleb128 0x3
 361 002d 0E       		.uleb128 0xe
 362 002e 3A       		.uleb128 0x3a
 363 002f 0B       		.uleb128 0xb
 364 0030 3B       		.uleb128 0x3b
 365 0031 05       		.uleb128 0x5
 366 0032 49       		.uleb128 0x49
 367 0033 13       		.uleb128 0x13
 368 0034 00       		.byte	0
 369 0035 00       		.byte	0
 370 0036 05       		.uleb128 0x5
 371 0037 2E       		.uleb128 0x2e
 372 0038 01       		.byte	0x1
 373 0039 3F       		.uleb128 0x3f
 374 003a 19       		.uleb128 0x19
 375 003b 03       		.uleb128 0x3
 376 003c 0E       		.uleb128 0xe
 377 003d 3A       		.uleb128 0x3a
 378 003e 0B       		.uleb128 0xb
 379 003f 3B       		.uleb128 0x3b
 380 0040 0B       		.uleb128 0xb
 381 0041 27       		.uleb128 0x27
 382 0042 19       		.uleb128 0x19
 383 0043 11       		.uleb128 0x11
 384 0044 01       		.uleb128 0x1
 385 0045 12       		.uleb128 0x12
 386 0046 06       		.uleb128 0x6
 387 0047 40       		.uleb128 0x40
 388 0048 18       		.uleb128 0x18
 389 0049 9642     		.uleb128 0x2116
ARM GAS  C:\Users\ilya\AppData\Local\Temp\ccsBQ27g.s 			page 11


 390 004b 19       		.uleb128 0x19
 391 004c 01       		.uleb128 0x1
 392 004d 13       		.uleb128 0x13
 393 004e 00       		.byte	0
 394 004f 00       		.byte	0
 395 0050 06       		.uleb128 0x6
 396 0051 34       		.uleb128 0x34
 397 0052 00       		.byte	0
 398 0053 03       		.uleb128 0x3
 399 0054 0E       		.uleb128 0xe
 400 0055 3A       		.uleb128 0x3a
 401 0056 0B       		.uleb128 0xb
 402 0057 3B       		.uleb128 0x3b
 403 0058 0B       		.uleb128 0xb
 404 0059 49       		.uleb128 0x49
 405 005a 13       		.uleb128 0x13
 406 005b 02       		.uleb128 0x2
 407 005c 18       		.uleb128 0x18
 408 005d 00       		.byte	0
 409 005e 00       		.byte	0
 410 005f 07       		.uleb128 0x7
 411 0060 05       		.uleb128 0x5
 412 0061 00       		.byte	0
 413 0062 03       		.uleb128 0x3
 414 0063 0E       		.uleb128 0xe
 415 0064 3A       		.uleb128 0x3a
 416 0065 0B       		.uleb128 0xb
 417 0066 3B       		.uleb128 0x3b
 418 0067 0B       		.uleb128 0xb
 419 0068 49       		.uleb128 0x49
 420 0069 13       		.uleb128 0x13
 421 006a 02       		.uleb128 0x2
 422 006b 18       		.uleb128 0x18
 423 006c 00       		.byte	0
 424 006d 00       		.byte	0
 425 006e 08       		.uleb128 0x8
 426 006f 2E       		.uleb128 0x2e
 427 0070 00       		.byte	0
 428 0071 3F       		.uleb128 0x3f
 429 0072 19       		.uleb128 0x19
 430 0073 03       		.uleb128 0x3
 431 0074 0E       		.uleb128 0xe
 432 0075 3A       		.uleb128 0x3a
 433 0076 0B       		.uleb128 0xb
 434 0077 3B       		.uleb128 0x3b
 435 0078 0B       		.uleb128 0xb
 436 0079 27       		.uleb128 0x27
 437 007a 19       		.uleb128 0x19
 438 007b 11       		.uleb128 0x11
 439 007c 01       		.uleb128 0x1
 440 007d 12       		.uleb128 0x12
 441 007e 06       		.uleb128 0x6
 442 007f 40       		.uleb128 0x40
 443 0080 18       		.uleb128 0x18
 444 0081 9642     		.uleb128 0x2116
 445 0083 19       		.uleb128 0x19
 446 0084 00       		.byte	0
ARM GAS  C:\Users\ilya\AppData\Local\Temp\ccsBQ27g.s 			page 12


 447 0085 00       		.byte	0
 448 0086 00       		.byte	0
 449              		.section	.debug_aranges,"",%progbits
 450 0000 2C000000 		.4byte	0x2c
 451 0004 0200     		.2byte	0x2
 452 0006 00000000 		.4byte	.Ldebug_info0
 453 000a 04       		.byte	0x4
 454 000b 00       		.byte	0
 455 000c 0000     		.2byte	0
 456 000e 0000     		.2byte	0
 457 0010 00000000 		.4byte	.LFB0
 458 0014 3C000000 		.4byte	.LFE0-.LFB0
 459 0018 00000000 		.4byte	.LFB1
 460 001c 3C000000 		.4byte	.LFE1-.LFB1
 461 0020 00000000 		.4byte	.LFB2
 462 0024 28000000 		.4byte	.LFE2-.LFB2
 463 0028 00000000 		.4byte	0
 464 002c 00000000 		.4byte	0
 465              		.section	.debug_ranges,"",%progbits
 466              	.Ldebug_ranges0:
 467 0000 00000000 		.4byte	.LFB0
 468 0004 3C000000 		.4byte	.LFE0
 469 0008 00000000 		.4byte	.LFB1
 470 000c 3C000000 		.4byte	.LFE1
 471 0010 00000000 		.4byte	.LFB2
 472 0014 28000000 		.4byte	.LFE2
 473 0018 00000000 		.4byte	0
 474 001c 00000000 		.4byte	0
 475              		.section	.debug_line,"",%progbits
 476              	.Ldebug_line0:
 477 0000 97000000 		.section	.debug_str,"MS",%progbits,1
 477      02004300 
 477      00000201 
 477      FB0E0D00 
 477      01010101 
 478              	.LASF20:
 479 0000 6368616E 		.ascii	"channel\000"
 479      6E656C00 
 480              	.LASF17:
 481 0008 47656E65 		.ascii	"Generated_Source\\PSoC4\\AMux_1.c\000"
 481      72617465 
 481      645F536F 
 481      75726365 
 481      5C50536F 
 482              	.LASF9:
 483 0028 666C6F61 		.ascii	"float\000"
 483      7400
 484              	.LASF1:
 485 002e 756E7369 		.ascii	"unsigned char\000"
 485      676E6564 
 485      20636861 
 485      7200
 486              	.LASF13:
 487 003c 414D7578 		.ascii	"AMux_1_FastSelect\000"
 487      5F315F46 
 487      61737453 
 487      656C6563 
ARM GAS  C:\Users\ilya\AppData\Local\Temp\ccsBQ27g.s 			page 13


 487      7400
 488              	.LASF5:
 489 004e 6C6F6E67 		.ascii	"long unsigned int\000"
 489      20756E73 
 489      69676E65 
 489      6420696E 
 489      7400
 490              	.LASF3:
 491 0060 73686F72 		.ascii	"short unsigned int\000"
 491      7420756E 
 491      7369676E 
 491      65642069 
 491      6E7400
 492              	.LASF16:
 493 0073 474E5520 		.ascii	"GNU C11 5.4.1 20160609 (release) [ARM/embedded-5-br"
 493      43313120 
 493      352E342E 
 493      31203230 
 493      31363036 
 494 00a6 616E6368 		.ascii	"anch revision 237715] -mcpu=cortex-m0 -mthumb -g -O"
 494      20726576 
 494      6973696F 
 494      6E203233 
 494      37373135 
 495 00d9 30202D66 		.ascii	"0 -ffunction-sections -ffat-lto-objects\000"
 495      66756E63 
 495      74696F6E 
 495      2D736563 
 495      74696F6E 
 496              	.LASF10:
 497 0101 646F7562 		.ascii	"double\000"
 497      6C6500
 498              	.LASF12:
 499 0108 414D7578 		.ascii	"AMux_1_Start\000"
 499      5F315F53 
 499      74617274 
 499      00
 500              	.LASF21:
 501 0115 414D7578 		.ascii	"AMux_1_DisconnectAll\000"
 501      5F315F44 
 501      6973636F 
 501      6E6E6563 
 501      74416C6C 
 502              	.LASF8:
 503 012a 756E7369 		.ascii	"unsigned int\000"
 503      676E6564 
 503      20696E74 
 503      00
 504              	.LASF7:
 505 0137 6C6F6E67 		.ascii	"long long unsigned int\000"
 505      206C6F6E 
 505      6720756E 
 505      7369676E 
 505      65642069 
 506              	.LASF18:
 507 014e 433A5C70 		.ascii	"C:\\psoc\\chamonix\\fixed\\Fixed\\fixed.cydsn\000"
 507      736F635C 
ARM GAS  C:\Users\ilya\AppData\Local\Temp\ccsBQ27g.s 			page 14


 507      6368616D 
 507      6F6E6978 
 507      5C666978 
 508              	.LASF14:
 509 0177 6368616E 		.ascii	"chan\000"
 509      00
 510              	.LASF6:
 511 017c 6C6F6E67 		.ascii	"long long int\000"
 511      206C6F6E 
 511      6720696E 
 511      7400
 512              	.LASF11:
 513 018a 63686172 		.ascii	"char\000"
 513      00
 514              	.LASF2:
 515 018f 73686F72 		.ascii	"short int\000"
 515      7420696E 
 515      7400
 516              	.LASF19:
 517 0199 75696E74 		.ascii	"uint8\000"
 517      3800
 518              	.LASF4:
 519 019f 6C6F6E67 		.ascii	"long int\000"
 519      20696E74 
 519      00
 520              	.LASF0:
 521 01a8 7369676E 		.ascii	"signed char\000"
 521      65642063 
 521      68617200 
 522              	.LASF15:
 523 01b4 414D7578 		.ascii	"AMux_1_lastChannel\000"
 523      5F315F6C 
 523      61737443 
 523      68616E6E 
 523      656C00
 524              		.ident	"GCC: (GNU Tools for ARM Embedded Processors) 5.4.1 20160609 (release) [ARM/embedded-5-bran
