ARM GAS  C:\Users\ilya\AppData\Local\Temp\ccsgMdKQ.s 			page 1


   1              		.syntax unified
   2              		.cpu cortex-m0
   3              		.fpu softvfp
   4              		.eabi_attribute 20, 1
   5              		.eabi_attribute 21, 1
   6              		.eabi_attribute 23, 3
   7              		.eabi_attribute 24, 1
   8              		.eabi_attribute 25, 1
   9              		.eabi_attribute 26, 1
  10              		.eabi_attribute 30, 6
  11              		.eabi_attribute 34, 0
  12              		.eabi_attribute 18, 4
  13              		.thumb
  14              		.syntax unified
  15              		.file	"I2C_LED_I2C.c"
  16              		.text
  17              	.Ltext0:
  18              		.cfi_sections	.debug_frame
  19              		.comm	I2C_LED_state,1,1
  20              		.section	.text.I2C_LED_I2CInit,"ax",%progbits
  21              		.align	2
  22              		.global	I2C_LED_I2CInit
  23              		.code	16
  24              		.thumb_func
  25              		.type	I2C_LED_I2CInit, %function
  26              	I2C_LED_I2CInit:
  27              	.LFB0:
  28              		.file 1 "Generated_Source\\PSoC4\\I2C_LED_I2C.c"
   1:Generated_Source\PSoC4/I2C_LED_I2C.c **** /***************************************************************************//**
   2:Generated_Source\PSoC4/I2C_LED_I2C.c **** * \file I2C_LED_I2C.c
   3:Generated_Source\PSoC4/I2C_LED_I2C.c **** * \version 3.20
   4:Generated_Source\PSoC4/I2C_LED_I2C.c **** *
   5:Generated_Source\PSoC4/I2C_LED_I2C.c **** * \brief
   6:Generated_Source\PSoC4/I2C_LED_I2C.c **** *  This file provides the source code to the API for the SCB Component in
   7:Generated_Source\PSoC4/I2C_LED_I2C.c **** *  I2C mode.
   8:Generated_Source\PSoC4/I2C_LED_I2C.c **** *
   9:Generated_Source\PSoC4/I2C_LED_I2C.c **** * Note:
  10:Generated_Source\PSoC4/I2C_LED_I2C.c **** *
  11:Generated_Source\PSoC4/I2C_LED_I2C.c **** *******************************************************************************
  12:Generated_Source\PSoC4/I2C_LED_I2C.c **** * \copyright
  13:Generated_Source\PSoC4/I2C_LED_I2C.c **** * Copyright 2013-2016, Cypress Semiconductor Corporation.  All rights reserved.
  14:Generated_Source\PSoC4/I2C_LED_I2C.c **** * You may use this file only in accordance with the license, terms, conditions,
  15:Generated_Source\PSoC4/I2C_LED_I2C.c **** * disclaimers, and limitations in the end user license agreement accompanying
  16:Generated_Source\PSoC4/I2C_LED_I2C.c **** * the software package with which this file was provided.
  17:Generated_Source\PSoC4/I2C_LED_I2C.c **** *******************************************************************************/
  18:Generated_Source\PSoC4/I2C_LED_I2C.c **** 
  19:Generated_Source\PSoC4/I2C_LED_I2C.c **** #include "I2C_LED_PVT.h"
  20:Generated_Source\PSoC4/I2C_LED_I2C.c **** #include "I2C_LED_I2C_PVT.h"
  21:Generated_Source\PSoC4/I2C_LED_I2C.c **** 
  22:Generated_Source\PSoC4/I2C_LED_I2C.c **** 
  23:Generated_Source\PSoC4/I2C_LED_I2C.c **** /***************************************
  24:Generated_Source\PSoC4/I2C_LED_I2C.c **** *      I2C Private Vars
  25:Generated_Source\PSoC4/I2C_LED_I2C.c **** ***************************************/
  26:Generated_Source\PSoC4/I2C_LED_I2C.c **** 
  27:Generated_Source\PSoC4/I2C_LED_I2C.c **** volatile uint8 I2C_LED_state;  /* Current state of I2C FSM */
  28:Generated_Source\PSoC4/I2C_LED_I2C.c **** 
  29:Generated_Source\PSoC4/I2C_LED_I2C.c **** #if(I2C_LED_SCB_MODE_UNCONFIG_CONST_CFG)
ARM GAS  C:\Users\ilya\AppData\Local\Temp\ccsgMdKQ.s 			page 2


  30:Generated_Source\PSoC4/I2C_LED_I2C.c **** 
  31:Generated_Source\PSoC4/I2C_LED_I2C.c ****     /***************************************
  32:Generated_Source\PSoC4/I2C_LED_I2C.c ****     *  Configuration Structure Initialization
  33:Generated_Source\PSoC4/I2C_LED_I2C.c ****     ***************************************/
  34:Generated_Source\PSoC4/I2C_LED_I2C.c **** 
  35:Generated_Source\PSoC4/I2C_LED_I2C.c ****     /* Constant configuration of I2C */
  36:Generated_Source\PSoC4/I2C_LED_I2C.c ****     const I2C_LED_I2C_INIT_STRUCT I2C_LED_configI2C =
  37:Generated_Source\PSoC4/I2C_LED_I2C.c ****     {
  38:Generated_Source\PSoC4/I2C_LED_I2C.c ****         I2C_LED_I2C_MODE,
  39:Generated_Source\PSoC4/I2C_LED_I2C.c ****         I2C_LED_I2C_OVS_FACTOR_LOW,
  40:Generated_Source\PSoC4/I2C_LED_I2C.c ****         I2C_LED_I2C_OVS_FACTOR_HIGH,
  41:Generated_Source\PSoC4/I2C_LED_I2C.c ****         I2C_LED_I2C_MEDIAN_FILTER_ENABLE,
  42:Generated_Source\PSoC4/I2C_LED_I2C.c ****         I2C_LED_I2C_SLAVE_ADDRESS,
  43:Generated_Source\PSoC4/I2C_LED_I2C.c ****         I2C_LED_I2C_SLAVE_ADDRESS_MASK,
  44:Generated_Source\PSoC4/I2C_LED_I2C.c ****         I2C_LED_I2C_ACCEPT_ADDRESS,
  45:Generated_Source\PSoC4/I2C_LED_I2C.c ****         I2C_LED_I2C_WAKE_ENABLE,
  46:Generated_Source\PSoC4/I2C_LED_I2C.c ****         I2C_LED_I2C_BYTE_MODE_ENABLE,
  47:Generated_Source\PSoC4/I2C_LED_I2C.c ****         I2C_LED_I2C_DATA_RATE,
  48:Generated_Source\PSoC4/I2C_LED_I2C.c ****         I2C_LED_I2C_ACCEPT_GENERAL_CALL,
  49:Generated_Source\PSoC4/I2C_LED_I2C.c ****     };
  50:Generated_Source\PSoC4/I2C_LED_I2C.c **** 
  51:Generated_Source\PSoC4/I2C_LED_I2C.c ****     /*******************************************************************************
  52:Generated_Source\PSoC4/I2C_LED_I2C.c ****     * Function Name: I2C_LED_I2CInit
  53:Generated_Source\PSoC4/I2C_LED_I2C.c ****     ****************************************************************************//**
  54:Generated_Source\PSoC4/I2C_LED_I2C.c ****     *
  55:Generated_Source\PSoC4/I2C_LED_I2C.c ****     *
  56:Generated_Source\PSoC4/I2C_LED_I2C.c ****     *  Configures the I2C_LED for I2C operation.
  57:Generated_Source\PSoC4/I2C_LED_I2C.c ****     *
  58:Generated_Source\PSoC4/I2C_LED_I2C.c ****     *  This function is intended specifically to be used when the I2C_LED 
  59:Generated_Source\PSoC4/I2C_LED_I2C.c ****     *  configuration is set to “Unconfigured I2C_LED” in the customizer. 
  60:Generated_Source\PSoC4/I2C_LED_I2C.c ****     *  After initializing the I2C_LED in I2C mode using this function, 
  61:Generated_Source\PSoC4/I2C_LED_I2C.c ****     *  the component can be enabled using the I2C_LED_Start() or 
  62:Generated_Source\PSoC4/I2C_LED_I2C.c ****     * I2C_LED_Enable() function.
  63:Generated_Source\PSoC4/I2C_LED_I2C.c ****     *  This function uses a pointer to a structure that provides the configuration 
  64:Generated_Source\PSoC4/I2C_LED_I2C.c ****     *  settings. This structure contains the same information that would otherwise 
  65:Generated_Source\PSoC4/I2C_LED_I2C.c ****     *  be provided by the customizer settings.
  66:Generated_Source\PSoC4/I2C_LED_I2C.c ****     *
  67:Generated_Source\PSoC4/I2C_LED_I2C.c ****     *  \param config: pointer to a structure that contains the following list of 
  68:Generated_Source\PSoC4/I2C_LED_I2C.c ****     *   fields. These fields match the selections available in the customizer. 
  69:Generated_Source\PSoC4/I2C_LED_I2C.c ****     *   Refer to the customizer for further description of the settings.
  70:Generated_Source\PSoC4/I2C_LED_I2C.c ****     *
  71:Generated_Source\PSoC4/I2C_LED_I2C.c ****     *******************************************************************************/
  72:Generated_Source\PSoC4/I2C_LED_I2C.c ****     void I2C_LED_I2CInit(const I2C_LED_I2C_INIT_STRUCT *config)
  73:Generated_Source\PSoC4/I2C_LED_I2C.c ****     {
  74:Generated_Source\PSoC4/I2C_LED_I2C.c ****         uint32 medianFilter;
  75:Generated_Source\PSoC4/I2C_LED_I2C.c ****         uint32 locEnableWake;
  76:Generated_Source\PSoC4/I2C_LED_I2C.c **** 
  77:Generated_Source\PSoC4/I2C_LED_I2C.c ****         if(NULL == config)
  78:Generated_Source\PSoC4/I2C_LED_I2C.c ****         {
  79:Generated_Source\PSoC4/I2C_LED_I2C.c ****             CYASSERT(0u != 0u); /* Halt execution due to bad function parameter */
  80:Generated_Source\PSoC4/I2C_LED_I2C.c ****         }
  81:Generated_Source\PSoC4/I2C_LED_I2C.c ****         else
  82:Generated_Source\PSoC4/I2C_LED_I2C.c ****         {
  83:Generated_Source\PSoC4/I2C_LED_I2C.c ****             /* Configure pins */
  84:Generated_Source\PSoC4/I2C_LED_I2C.c ****             I2C_LED_SetPins(I2C_LED_SCB_MODE_I2C, I2C_LED_DUMMY_PARAM,
  85:Generated_Source\PSoC4/I2C_LED_I2C.c ****                                      I2C_LED_DUMMY_PARAM);
  86:Generated_Source\PSoC4/I2C_LED_I2C.c **** 
ARM GAS  C:\Users\ilya\AppData\Local\Temp\ccsgMdKQ.s 			page 3


  87:Generated_Source\PSoC4/I2C_LED_I2C.c ****             /* Store internal configuration */
  88:Generated_Source\PSoC4/I2C_LED_I2C.c ****             I2C_LED_scbMode       = (uint8) I2C_LED_SCB_MODE_I2C;
  89:Generated_Source\PSoC4/I2C_LED_I2C.c ****             I2C_LED_scbEnableWake = (uint8) config->enableWake;
  90:Generated_Source\PSoC4/I2C_LED_I2C.c ****             I2C_LED_scbEnableIntr = (uint8) I2C_LED_SCB_IRQ_INTERNAL;
  91:Generated_Source\PSoC4/I2C_LED_I2C.c **** 
  92:Generated_Source\PSoC4/I2C_LED_I2C.c ****             I2C_LED_mode          = (uint8) config->mode;
  93:Generated_Source\PSoC4/I2C_LED_I2C.c ****             I2C_LED_acceptAddr    = (uint8) config->acceptAddr;
  94:Generated_Source\PSoC4/I2C_LED_I2C.c **** 
  95:Generated_Source\PSoC4/I2C_LED_I2C.c ****         #if (I2C_LED_CY_SCBIP_V0)
  96:Generated_Source\PSoC4/I2C_LED_I2C.c ****             /* Adjust SDA filter settings. Ticket ID#150521 */
  97:Generated_Source\PSoC4/I2C_LED_I2C.c ****             I2C_LED_SET_I2C_CFG_SDA_FILT_TRIM(I2C_LED_EC_AM_I2C_CFG_SDA_FILT_TRIM);
  98:Generated_Source\PSoC4/I2C_LED_I2C.c ****         #endif /* (I2C_LED_CY_SCBIP_V0) */
  99:Generated_Source\PSoC4/I2C_LED_I2C.c **** 
 100:Generated_Source\PSoC4/I2C_LED_I2C.c ****             /* Adjust AF and DF filter settings. Ticket ID#176179 */
 101:Generated_Source\PSoC4/I2C_LED_I2C.c ****             if (((I2C_LED_I2C_MODE_SLAVE != config->mode) &&
 102:Generated_Source\PSoC4/I2C_LED_I2C.c ****                  (config->dataRate <= I2C_LED_I2C_DATA_RATE_FS_MODE_MAX)) ||
 103:Generated_Source\PSoC4/I2C_LED_I2C.c ****                  (I2C_LED_I2C_MODE_SLAVE == config->mode))
 104:Generated_Source\PSoC4/I2C_LED_I2C.c ****             {
 105:Generated_Source\PSoC4/I2C_LED_I2C.c ****                 /* AF = 1, DF = 0 */
 106:Generated_Source\PSoC4/I2C_LED_I2C.c ****                 I2C_LED_I2C_CFG_ANALOG_FITER_ENABLE;
 107:Generated_Source\PSoC4/I2C_LED_I2C.c ****                 medianFilter = I2C_LED_DIGITAL_FILTER_DISABLE;
 108:Generated_Source\PSoC4/I2C_LED_I2C.c ****             }
 109:Generated_Source\PSoC4/I2C_LED_I2C.c ****             else
 110:Generated_Source\PSoC4/I2C_LED_I2C.c ****             {
 111:Generated_Source\PSoC4/I2C_LED_I2C.c ****                 /* AF = 0, DF = 1 */
 112:Generated_Source\PSoC4/I2C_LED_I2C.c ****                 I2C_LED_I2C_CFG_ANALOG_FITER_DISABLE;
 113:Generated_Source\PSoC4/I2C_LED_I2C.c ****                 medianFilter = I2C_LED_DIGITAL_FILTER_ENABLE;
 114:Generated_Source\PSoC4/I2C_LED_I2C.c ****             }
 115:Generated_Source\PSoC4/I2C_LED_I2C.c **** 
 116:Generated_Source\PSoC4/I2C_LED_I2C.c ****         #if (!I2C_LED_CY_SCBIP_V0)
 117:Generated_Source\PSoC4/I2C_LED_I2C.c ****             locEnableWake = (I2C_LED_I2C_MULTI_MASTER_SLAVE) ? (0u) : (config->enableWake);
 118:Generated_Source\PSoC4/I2C_LED_I2C.c ****         #else
 119:Generated_Source\PSoC4/I2C_LED_I2C.c ****             locEnableWake = config->enableWake;
 120:Generated_Source\PSoC4/I2C_LED_I2C.c ****         #endif /* (!I2C_LED_CY_SCBIP_V0) */
 121:Generated_Source\PSoC4/I2C_LED_I2C.c **** 
 122:Generated_Source\PSoC4/I2C_LED_I2C.c ****             /* Configure I2C interface */
 123:Generated_Source\PSoC4/I2C_LED_I2C.c ****             I2C_LED_CTRL_REG     = I2C_LED_GET_CTRL_BYTE_MODE  (config->enableByteMode) |
 124:Generated_Source\PSoC4/I2C_LED_I2C.c ****                                             I2C_LED_GET_CTRL_ADDR_ACCEPT(config->acceptAddr)     |
 125:Generated_Source\PSoC4/I2C_LED_I2C.c ****                                             I2C_LED_GET_CTRL_EC_AM_MODE (locEnableWake);
 126:Generated_Source\PSoC4/I2C_LED_I2C.c **** 
 127:Generated_Source\PSoC4/I2C_LED_I2C.c ****             I2C_LED_I2C_CTRL_REG = I2C_LED_GET_I2C_CTRL_HIGH_PHASE_OVS(config->oversampleHigh) |
 128:Generated_Source\PSoC4/I2C_LED_I2C.c ****                     I2C_LED_GET_I2C_CTRL_LOW_PHASE_OVS (config->oversampleLow)                     
 129:Generated_Source\PSoC4/I2C_LED_I2C.c ****                     I2C_LED_GET_I2C_CTRL_S_GENERAL_IGNORE((uint32)(0u == config->acceptGeneralAddr)
 130:Generated_Source\PSoC4/I2C_LED_I2C.c ****                     I2C_LED_GET_I2C_CTRL_SL_MSTR_MODE  (config->mode);
 131:Generated_Source\PSoC4/I2C_LED_I2C.c **** 
 132:Generated_Source\PSoC4/I2C_LED_I2C.c ****             /* Configure RX direction */
 133:Generated_Source\PSoC4/I2C_LED_I2C.c ****             I2C_LED_RX_CTRL_REG      = I2C_LED_GET_RX_CTRL_MEDIAN(medianFilter) |
 134:Generated_Source\PSoC4/I2C_LED_I2C.c ****                                                 I2C_LED_I2C_RX_CTRL;
 135:Generated_Source\PSoC4/I2C_LED_I2C.c ****             I2C_LED_RX_FIFO_CTRL_REG = I2C_LED_CLEAR_REG;
 136:Generated_Source\PSoC4/I2C_LED_I2C.c **** 
 137:Generated_Source\PSoC4/I2C_LED_I2C.c ****             /* Set default address and mask */
 138:Generated_Source\PSoC4/I2C_LED_I2C.c ****             I2C_LED_RX_MATCH_REG    = ((I2C_LED_I2C_SLAVE) ?
 139:Generated_Source\PSoC4/I2C_LED_I2C.c ****                                                 (I2C_LED_GET_I2C_8BIT_ADDRESS(config->slaveAddr) |
 140:Generated_Source\PSoC4/I2C_LED_I2C.c ****                                                  I2C_LED_GET_RX_MATCH_MASK(config->slaveAddrMask)) 
 141:Generated_Source\PSoC4/I2C_LED_I2C.c ****                                                 (I2C_LED_CLEAR_REG));
 142:Generated_Source\PSoC4/I2C_LED_I2C.c **** 
 143:Generated_Source\PSoC4/I2C_LED_I2C.c **** 
ARM GAS  C:\Users\ilya\AppData\Local\Temp\ccsgMdKQ.s 			page 4


 144:Generated_Source\PSoC4/I2C_LED_I2C.c ****             /* Configure TX direction */
 145:Generated_Source\PSoC4/I2C_LED_I2C.c ****             I2C_LED_TX_CTRL_REG      = I2C_LED_I2C_TX_CTRL;
 146:Generated_Source\PSoC4/I2C_LED_I2C.c ****             I2C_LED_TX_FIFO_CTRL_REG = I2C_LED_CLEAR_REG;
 147:Generated_Source\PSoC4/I2C_LED_I2C.c **** 
 148:Generated_Source\PSoC4/I2C_LED_I2C.c ****             /* Configure interrupt with I2C handler but do not enable it */
 149:Generated_Source\PSoC4/I2C_LED_I2C.c ****             CyIntDisable    (I2C_LED_ISR_NUMBER);
 150:Generated_Source\PSoC4/I2C_LED_I2C.c ****             CyIntSetPriority(I2C_LED_ISR_NUMBER, I2C_LED_ISR_PRIORITY);
 151:Generated_Source\PSoC4/I2C_LED_I2C.c ****             (void) CyIntSetVector(I2C_LED_ISR_NUMBER, &I2C_LED_I2C_ISR);
 152:Generated_Source\PSoC4/I2C_LED_I2C.c **** 
 153:Generated_Source\PSoC4/I2C_LED_I2C.c ****             /* Configure interrupt sources */
 154:Generated_Source\PSoC4/I2C_LED_I2C.c ****         #if(!I2C_LED_CY_SCBIP_V1)
 155:Generated_Source\PSoC4/I2C_LED_I2C.c ****             I2C_LED_INTR_SPI_EC_MASK_REG = I2C_LED_NO_INTR_SOURCES;
 156:Generated_Source\PSoC4/I2C_LED_I2C.c ****         #endif /* (!I2C_LED_CY_SCBIP_V1) */
 157:Generated_Source\PSoC4/I2C_LED_I2C.c **** 
 158:Generated_Source\PSoC4/I2C_LED_I2C.c ****             I2C_LED_INTR_I2C_EC_MASK_REG = I2C_LED_NO_INTR_SOURCES;
 159:Generated_Source\PSoC4/I2C_LED_I2C.c ****             I2C_LED_INTR_RX_MASK_REG     = I2C_LED_NO_INTR_SOURCES;
 160:Generated_Source\PSoC4/I2C_LED_I2C.c ****             I2C_LED_INTR_TX_MASK_REG     = I2C_LED_NO_INTR_SOURCES;
 161:Generated_Source\PSoC4/I2C_LED_I2C.c **** 
 162:Generated_Source\PSoC4/I2C_LED_I2C.c ****             I2C_LED_INTR_SLAVE_MASK_REG  = ((I2C_LED_I2C_SLAVE) ?
 163:Generated_Source\PSoC4/I2C_LED_I2C.c ****                             (I2C_LED_GET_INTR_SLAVE_I2C_GENERAL(config->acceptGeneralAddr) |
 164:Generated_Source\PSoC4/I2C_LED_I2C.c ****                              I2C_LED_I2C_INTR_SLAVE_MASK) : (I2C_LED_CLEAR_REG));
 165:Generated_Source\PSoC4/I2C_LED_I2C.c **** 
 166:Generated_Source\PSoC4/I2C_LED_I2C.c ****             I2C_LED_INTR_MASTER_MASK_REG = ((I2C_LED_I2C_MASTER) ?
 167:Generated_Source\PSoC4/I2C_LED_I2C.c ****                                                      (I2C_LED_I2C_INTR_MASTER_MASK) :
 168:Generated_Source\PSoC4/I2C_LED_I2C.c ****                                                      (I2C_LED_CLEAR_REG));
 169:Generated_Source\PSoC4/I2C_LED_I2C.c **** 
 170:Generated_Source\PSoC4/I2C_LED_I2C.c ****             /* Configure global variables */
 171:Generated_Source\PSoC4/I2C_LED_I2C.c ****             I2C_LED_state = I2C_LED_I2C_FSM_IDLE;
 172:Generated_Source\PSoC4/I2C_LED_I2C.c **** 
 173:Generated_Source\PSoC4/I2C_LED_I2C.c ****             /* Internal slave variables */
 174:Generated_Source\PSoC4/I2C_LED_I2C.c ****             I2C_LED_slStatus        = 0u;
 175:Generated_Source\PSoC4/I2C_LED_I2C.c ****             I2C_LED_slRdBufIndex    = 0u;
 176:Generated_Source\PSoC4/I2C_LED_I2C.c ****             I2C_LED_slWrBufIndex    = 0u;
 177:Generated_Source\PSoC4/I2C_LED_I2C.c ****             I2C_LED_slOverFlowCount = 0u;
 178:Generated_Source\PSoC4/I2C_LED_I2C.c **** 
 179:Generated_Source\PSoC4/I2C_LED_I2C.c ****             /* Internal master variables */
 180:Generated_Source\PSoC4/I2C_LED_I2C.c ****             I2C_LED_mstrStatus     = 0u;
 181:Generated_Source\PSoC4/I2C_LED_I2C.c ****             I2C_LED_mstrRdBufIndex = 0u;
 182:Generated_Source\PSoC4/I2C_LED_I2C.c ****             I2C_LED_mstrWrBufIndex = 0u;
 183:Generated_Source\PSoC4/I2C_LED_I2C.c ****         }
 184:Generated_Source\PSoC4/I2C_LED_I2C.c ****     }
 185:Generated_Source\PSoC4/I2C_LED_I2C.c **** 
 186:Generated_Source\PSoC4/I2C_LED_I2C.c **** #else
 187:Generated_Source\PSoC4/I2C_LED_I2C.c **** 
 188:Generated_Source\PSoC4/I2C_LED_I2C.c ****     /*******************************************************************************
 189:Generated_Source\PSoC4/I2C_LED_I2C.c ****     * Function Name: I2C_LED_I2CInit
 190:Generated_Source\PSoC4/I2C_LED_I2C.c ****     ****************************************************************************//**
 191:Generated_Source\PSoC4/I2C_LED_I2C.c ****     *
 192:Generated_Source\PSoC4/I2C_LED_I2C.c ****     *  Configures the SCB for the I2C operation.
 193:Generated_Source\PSoC4/I2C_LED_I2C.c ****     *
 194:Generated_Source\PSoC4/I2C_LED_I2C.c ****     *******************************************************************************/
 195:Generated_Source\PSoC4/I2C_LED_I2C.c ****     void I2C_LED_I2CInit(void)
 196:Generated_Source\PSoC4/I2C_LED_I2C.c ****     {
  29              		.loc 1 196 0
  30              		.cfi_startproc
  31              		@ args = 0, pretend = 0, frame = 0
  32              		@ frame_needed = 1, uses_anonymous_args = 0
ARM GAS  C:\Users\ilya\AppData\Local\Temp\ccsgMdKQ.s 			page 5


  33 0000 80B5     		push	{r7, lr}
  34              		.cfi_def_cfa_offset 8
  35              		.cfi_offset 7, -8
  36              		.cfi_offset 14, -4
  37 0002 00AF     		add	r7, sp, #0
  38              		.cfi_def_cfa_register 7
 197:Generated_Source\PSoC4/I2C_LED_I2C.c ****     #if(I2C_LED_CY_SCBIP_V0)
 198:Generated_Source\PSoC4/I2C_LED_I2C.c ****         /* Adjust SDA filter settings. Ticket ID#150521 */
 199:Generated_Source\PSoC4/I2C_LED_I2C.c ****         I2C_LED_SET_I2C_CFG_SDA_FILT_TRIM(I2C_LED_EC_AM_I2C_CFG_SDA_FILT_TRIM);
  39              		.loc 1 199 0
  40 0004 274B     		ldr	r3, .L2
  41 0006 274A     		ldr	r2, .L2
  42 0008 1268     		ldr	r2, [r2]
  43 000a 0C21     		movs	r1, #12
  44 000c 0A43     		orrs	r2, r1
  45 000e 1A60     		str	r2, [r3]
 200:Generated_Source\PSoC4/I2C_LED_I2C.c ****     #endif /* (I2C_LED_CY_SCBIP_V0) */
 201:Generated_Source\PSoC4/I2C_LED_I2C.c **** 
 202:Generated_Source\PSoC4/I2C_LED_I2C.c ****         /* Adjust AF and DF filter settings. Ticket ID#176179 */
 203:Generated_Source\PSoC4/I2C_LED_I2C.c ****         I2C_LED_I2C_CFG_ANALOG_FITER_ENABLE_ADJ;
  46              		.loc 1 203 0
  47 0010 244B     		ldr	r3, .L2
  48 0012 244A     		ldr	r2, .L2
  49 0014 1268     		ldr	r2, [r2]
  50 0016 2449     		ldr	r1, .L2+4
  51 0018 0A40     		ands	r2, r1
  52 001a 1A60     		str	r2, [r3]
 204:Generated_Source\PSoC4/I2C_LED_I2C.c **** 
 205:Generated_Source\PSoC4/I2C_LED_I2C.c ****         /* Configure I2C interface */
 206:Generated_Source\PSoC4/I2C_LED_I2C.c ****         I2C_LED_CTRL_REG     = I2C_LED_I2C_DEFAULT_CTRL;
  53              		.loc 1 206 0
  54 001c 234B     		ldr	r3, .L2+8
  55 001e 0022     		movs	r2, #0
  56 0020 1A60     		str	r2, [r3]
 207:Generated_Source\PSoC4/I2C_LED_I2C.c ****         I2C_LED_I2C_CTRL_REG = I2C_LED_I2C_DEFAULT_I2C_CTRL;
  57              		.loc 1 207 0
  58 0022 234B     		ldr	r3, .L2+12
  59 0024 234A     		ldr	r2, .L2+16
  60 0026 1A60     		str	r2, [r3]
 208:Generated_Source\PSoC4/I2C_LED_I2C.c **** 
 209:Generated_Source\PSoC4/I2C_LED_I2C.c ****         /* Configure RX direction */
 210:Generated_Source\PSoC4/I2C_LED_I2C.c ****         I2C_LED_RX_CTRL_REG      = I2C_LED_I2C_DEFAULT_RX_CTRL;
  61              		.loc 1 210 0
  62 0028 234B     		ldr	r3, .L2+20
  63 002a 244A     		ldr	r2, .L2+24
  64 002c 1A60     		str	r2, [r3]
 211:Generated_Source\PSoC4/I2C_LED_I2C.c ****         I2C_LED_RX_FIFO_CTRL_REG = I2C_LED_I2C_DEFAULT_RX_FIFO_CTRL;
  65              		.loc 1 211 0
  66 002e 244B     		ldr	r3, .L2+28
  67 0030 0022     		movs	r2, #0
  68 0032 1A60     		str	r2, [r3]
 212:Generated_Source\PSoC4/I2C_LED_I2C.c **** 
 213:Generated_Source\PSoC4/I2C_LED_I2C.c ****         /* Set default address and mask */
 214:Generated_Source\PSoC4/I2C_LED_I2C.c ****         I2C_LED_RX_MATCH_REG     = I2C_LED_I2C_DEFAULT_RX_MATCH;
  69              		.loc 1 214 0
  70 0034 234B     		ldr	r3, .L2+32
  71 0036 0022     		movs	r2, #0
ARM GAS  C:\Users\ilya\AppData\Local\Temp\ccsgMdKQ.s 			page 6


  72 0038 1A60     		str	r2, [r3]
 215:Generated_Source\PSoC4/I2C_LED_I2C.c **** 
 216:Generated_Source\PSoC4/I2C_LED_I2C.c ****         /* Configure TX direction */
 217:Generated_Source\PSoC4/I2C_LED_I2C.c ****         I2C_LED_TX_CTRL_REG      = I2C_LED_I2C_DEFAULT_TX_CTRL;
  73              		.loc 1 217 0
  74 003a 234B     		ldr	r3, .L2+36
  75 003c 234A     		ldr	r2, .L2+40
  76 003e 1A60     		str	r2, [r3]
 218:Generated_Source\PSoC4/I2C_LED_I2C.c ****         I2C_LED_TX_FIFO_CTRL_REG = I2C_LED_I2C_DEFAULT_TX_FIFO_CTRL;
  77              		.loc 1 218 0
  78 0040 234B     		ldr	r3, .L2+44
  79 0042 0022     		movs	r2, #0
  80 0044 1A60     		str	r2, [r3]
 219:Generated_Source\PSoC4/I2C_LED_I2C.c **** 
 220:Generated_Source\PSoC4/I2C_LED_I2C.c ****         /* Configure interrupt with I2C handler but do not enable it */
 221:Generated_Source\PSoC4/I2C_LED_I2C.c ****         CyIntDisable    (I2C_LED_ISR_NUMBER);
  81              		.loc 1 221 0
  82 0046 0A20     		movs	r0, #10
  83 0048 FFF7FEFF 		bl	CyIntDisable
 222:Generated_Source\PSoC4/I2C_LED_I2C.c ****         CyIntSetPriority(I2C_LED_ISR_NUMBER, I2C_LED_ISR_PRIORITY);
  84              		.loc 1 222 0
  85 004c 0321     		movs	r1, #3
  86 004e 0A20     		movs	r0, #10
  87 0050 FFF7FEFF 		bl	CyIntSetPriority
 223:Generated_Source\PSoC4/I2C_LED_I2C.c ****     #if(!I2C_LED_I2C_EXTERN_INTR_HANDLER)
 224:Generated_Source\PSoC4/I2C_LED_I2C.c ****         (void) CyIntSetVector(I2C_LED_ISR_NUMBER, &I2C_LED_I2C_ISR);
  88              		.loc 1 224 0
  89 0054 1F4B     		ldr	r3, .L2+48
  90 0056 1900     		movs	r1, r3
  91 0058 0A20     		movs	r0, #10
  92 005a FFF7FEFF 		bl	CyIntSetVector
 225:Generated_Source\PSoC4/I2C_LED_I2C.c ****     #endif /* (I2C_LED_I2C_EXTERN_INTR_HANDLER) */
 226:Generated_Source\PSoC4/I2C_LED_I2C.c **** 
 227:Generated_Source\PSoC4/I2C_LED_I2C.c ****         /* Configure interrupt sources */
 228:Generated_Source\PSoC4/I2C_LED_I2C.c ****     #if(!I2C_LED_CY_SCBIP_V1)
 229:Generated_Source\PSoC4/I2C_LED_I2C.c ****         I2C_LED_INTR_SPI_EC_MASK_REG = I2C_LED_I2C_DEFAULT_INTR_SPI_EC_MASK;
  93              		.loc 1 229 0
  94 005e 1E4B     		ldr	r3, .L2+52
  95 0060 0022     		movs	r2, #0
  96 0062 1A60     		str	r2, [r3]
 230:Generated_Source\PSoC4/I2C_LED_I2C.c ****     #endif /* (!I2C_LED_CY_SCBIP_V1) */
 231:Generated_Source\PSoC4/I2C_LED_I2C.c **** 
 232:Generated_Source\PSoC4/I2C_LED_I2C.c ****         I2C_LED_INTR_I2C_EC_MASK_REG = I2C_LED_I2C_DEFAULT_INTR_I2C_EC_MASK;
  97              		.loc 1 232 0
  98 0064 1D4B     		ldr	r3, .L2+56
  99 0066 0022     		movs	r2, #0
 100 0068 1A60     		str	r2, [r3]
 233:Generated_Source\PSoC4/I2C_LED_I2C.c ****         I2C_LED_INTR_SLAVE_MASK_REG  = I2C_LED_I2C_DEFAULT_INTR_SLAVE_MASK;
 101              		.loc 1 233 0
 102 006a 1D4B     		ldr	r3, .L2+60
 103 006c 0022     		movs	r2, #0
 104 006e 1A60     		str	r2, [r3]
 234:Generated_Source\PSoC4/I2C_LED_I2C.c ****         I2C_LED_INTR_MASTER_MASK_REG = I2C_LED_I2C_DEFAULT_INTR_MASTER_MASK;
 105              		.loc 1 234 0
 106 0070 1C4B     		ldr	r3, .L2+64
 107 0072 1422     		movs	r2, #20
 108 0074 FF32     		adds	r2, r2, #255
ARM GAS  C:\Users\ilya\AppData\Local\Temp\ccsgMdKQ.s 			page 7


 109 0076 1A60     		str	r2, [r3]
 235:Generated_Source\PSoC4/I2C_LED_I2C.c ****         I2C_LED_INTR_RX_MASK_REG     = I2C_LED_I2C_DEFAULT_INTR_RX_MASK;
 110              		.loc 1 235 0
 111 0078 1B4B     		ldr	r3, .L2+68
 112 007a 0022     		movs	r2, #0
 113 007c 1A60     		str	r2, [r3]
 236:Generated_Source\PSoC4/I2C_LED_I2C.c ****         I2C_LED_INTR_TX_MASK_REG     = I2C_LED_I2C_DEFAULT_INTR_TX_MASK;
 114              		.loc 1 236 0
 115 007e 1B4B     		ldr	r3, .L2+72
 116 0080 0022     		movs	r2, #0
 117 0082 1A60     		str	r2, [r3]
 237:Generated_Source\PSoC4/I2C_LED_I2C.c **** 
 238:Generated_Source\PSoC4/I2C_LED_I2C.c ****         /* Configure global variables */
 239:Generated_Source\PSoC4/I2C_LED_I2C.c ****         I2C_LED_state = I2C_LED_I2C_FSM_IDLE;
 118              		.loc 1 239 0
 119 0084 1A4B     		ldr	r3, .L2+76
 120 0086 1022     		movs	r2, #16
 121 0088 1A70     		strb	r2, [r3]
 240:Generated_Source\PSoC4/I2C_LED_I2C.c **** 
 241:Generated_Source\PSoC4/I2C_LED_I2C.c ****     #if(I2C_LED_I2C_SLAVE)
 242:Generated_Source\PSoC4/I2C_LED_I2C.c ****         /* Internal slave variable */
 243:Generated_Source\PSoC4/I2C_LED_I2C.c ****         I2C_LED_slStatus        = 0u;
 244:Generated_Source\PSoC4/I2C_LED_I2C.c ****         I2C_LED_slRdBufIndex    = 0u;
 245:Generated_Source\PSoC4/I2C_LED_I2C.c ****         I2C_LED_slWrBufIndex    = 0u;
 246:Generated_Source\PSoC4/I2C_LED_I2C.c ****         I2C_LED_slOverFlowCount = 0u;
 247:Generated_Source\PSoC4/I2C_LED_I2C.c ****     #endif /* (I2C_LED_I2C_SLAVE) */
 248:Generated_Source\PSoC4/I2C_LED_I2C.c **** 
 249:Generated_Source\PSoC4/I2C_LED_I2C.c ****     #if(I2C_LED_I2C_MASTER)
 250:Generated_Source\PSoC4/I2C_LED_I2C.c ****     /* Internal master variable */
 251:Generated_Source\PSoC4/I2C_LED_I2C.c ****         I2C_LED_mstrStatus     = 0u;
 122              		.loc 1 251 0
 123 008a 1A4B     		ldr	r3, .L2+80
 124 008c 0022     		movs	r2, #0
 125 008e 1A80     		strh	r2, [r3]
 252:Generated_Source\PSoC4/I2C_LED_I2C.c ****         I2C_LED_mstrRdBufIndex = 0u;
 126              		.loc 1 252 0
 127 0090 194B     		ldr	r3, .L2+84
 128 0092 0022     		movs	r2, #0
 129 0094 1A60     		str	r2, [r3]
 253:Generated_Source\PSoC4/I2C_LED_I2C.c ****         I2C_LED_mstrWrBufIndex = 0u;
 130              		.loc 1 253 0
 131 0096 194B     		ldr	r3, .L2+88
 132 0098 0022     		movs	r2, #0
 133 009a 1A60     		str	r2, [r3]
 254:Generated_Source\PSoC4/I2C_LED_I2C.c ****     #endif /* (I2C_LED_I2C_MASTER) */
 255:Generated_Source\PSoC4/I2C_LED_I2C.c ****     }
 134              		.loc 1 255 0
 135 009c C046     		nop
 136 009e BD46     		mov	sp, r7
 137              		@ sp needed
 138 00a0 80BD     		pop	{r7, pc}
 139              	.L3:
 140 00a2 C046     		.align	2
 141              	.L2:
 142 00a4 70000640 		.word	1074135152
 143 00a8 FFFFFDFD 		.word	-33685505
 144 00ac 00000640 		.word	1074135040
ARM GAS  C:\Users\ilya\AppData\Local\Temp\ccsgMdKQ.s 			page 8


 145 00b0 60000640 		.word	1074135136
 146 00b4 96080080 		.word	-2147481450
 147 00b8 00030640 		.word	1074135808
 148 00bc 07030080 		.word	-2147482873
 149 00c0 04030640 		.word	1074135812
 150 00c4 10030640 		.word	1074135824
 151 00c8 00020640 		.word	1074135552
 152 00cc 07010080 		.word	-2147483385
 153 00d0 04020640 		.word	1074135556
 154 00d4 00000000 		.word	I2C_LED_I2C_ISR
 155 00d8 C80E0640 		.word	1074138824
 156 00dc 880E0640 		.word	1074138760
 157 00e0 480F0640 		.word	1074138952
 158 00e4 080F0640 		.word	1074138888
 159 00e8 C80F0640 		.word	1074139080
 160 00ec 880F0640 		.word	1074139016
 161 00f0 00000000 		.word	I2C_LED_state
 162 00f4 00000000 		.word	I2C_LED_mstrStatus
 163 00f8 00000000 		.word	I2C_LED_mstrRdBufIndex
 164 00fc 00000000 		.word	I2C_LED_mstrWrBufIndex
 165              		.cfi_endproc
 166              	.LFE0:
 167              		.size	I2C_LED_I2CInit, .-I2C_LED_I2CInit
 168              		.section	.text.I2C_LED_I2CStop,"ax",%progbits
 169              		.align	2
 170              		.global	I2C_LED_I2CStop
 171              		.code	16
 172              		.thumb_func
 173              		.type	I2C_LED_I2CStop, %function
 174              	I2C_LED_I2CStop:
 175              	.LFB1:
 256:Generated_Source\PSoC4/I2C_LED_I2C.c **** #endif /* (I2C_LED_SCB_MODE_UNCONFIG_CONST_CFG) */
 257:Generated_Source\PSoC4/I2C_LED_I2C.c **** 
 258:Generated_Source\PSoC4/I2C_LED_I2C.c **** 
 259:Generated_Source\PSoC4/I2C_LED_I2C.c **** /*******************************************************************************
 260:Generated_Source\PSoC4/I2C_LED_I2C.c **** * Function Name: I2C_LED_I2CStop
 261:Generated_Source\PSoC4/I2C_LED_I2C.c **** ****************************************************************************//**
 262:Generated_Source\PSoC4/I2C_LED_I2C.c **** *
 263:Generated_Source\PSoC4/I2C_LED_I2C.c **** *  Resets the I2C FSM into the default state.
 264:Generated_Source\PSoC4/I2C_LED_I2C.c **** *
 265:Generated_Source\PSoC4/I2C_LED_I2C.c **** *******************************************************************************/
 266:Generated_Source\PSoC4/I2C_LED_I2C.c **** void I2C_LED_I2CStop(void)
 267:Generated_Source\PSoC4/I2C_LED_I2C.c **** {
 176              		.loc 1 267 0
 177              		.cfi_startproc
 178              		@ args = 0, pretend = 0, frame = 0
 179              		@ frame_needed = 1, uses_anonymous_args = 0
 180 0000 80B5     		push	{r7, lr}
 181              		.cfi_def_cfa_offset 8
 182              		.cfi_offset 7, -8
 183              		.cfi_offset 14, -4
 184 0002 00AF     		add	r7, sp, #0
 185              		.cfi_def_cfa_register 7
 268:Generated_Source\PSoC4/I2C_LED_I2C.c ****     I2C_LED_state = I2C_LED_I2C_FSM_IDLE;
 186              		.loc 1 268 0
 187 0004 024B     		ldr	r3, .L5
 188 0006 1022     		movs	r2, #16
ARM GAS  C:\Users\ilya\AppData\Local\Temp\ccsgMdKQ.s 			page 9


 189 0008 1A70     		strb	r2, [r3]
 269:Generated_Source\PSoC4/I2C_LED_I2C.c **** }
 190              		.loc 1 269 0
 191 000a C046     		nop
 192 000c BD46     		mov	sp, r7
 193              		@ sp needed
 194 000e 80BD     		pop	{r7, pc}
 195              	.L6:
 196              		.align	2
 197              	.L5:
 198 0010 00000000 		.word	I2C_LED_state
 199              		.cfi_endproc
 200              	.LFE1:
 201              		.size	I2C_LED_I2CStop, .-I2C_LED_I2CStop
 202              		.text
 203              	.Letext0:
 204              		.file 2 "Generated_Source\\PSoC4/cytypes.h"
 205              		.file 3 "Generated_Source\\PSoC4\\I2C_LED_I2C_PVT.h"
 206              		.section	.debug_info,"",%progbits
 207              	.Ldebug_info0:
 208 0000 1F010000 		.4byte	0x11f
 209 0004 0400     		.2byte	0x4
 210 0006 00000000 		.4byte	.Ldebug_abbrev0
 211 000a 04       		.byte	0x4
 212 000b 01       		.uleb128 0x1
 213 000c A0000000 		.4byte	.LASF24
 214 0010 0C       		.byte	0xc
 215 0011 D2010000 		.4byte	.LASF25
 216 0015 90010000 		.4byte	.LASF26
 217 0019 00000000 		.4byte	.Ldebug_ranges0+0
 218 001d 00000000 		.4byte	0
 219 0021 00000000 		.4byte	.Ldebug_line0
 220 0025 02       		.uleb128 0x2
 221 0026 01       		.byte	0x1
 222 0027 06       		.byte	0x6
 223 0028 84010000 		.4byte	.LASF0
 224 002c 02       		.uleb128 0x2
 225 002d 01       		.byte	0x1
 226 002e 08       		.byte	0x8
 227 002f 2E010000 		.4byte	.LASF1
 228 0033 02       		.uleb128 0x2
 229 0034 02       		.byte	0x2
 230 0035 05       		.byte	0x5
 231 0036 4A010000 		.4byte	.LASF2
 232 003a 02       		.uleb128 0x2
 233 003b 02       		.byte	0x2
 234 003c 07       		.byte	0x7
 235 003d 71010000 		.4byte	.LASF3
 236 0041 02       		.uleb128 0x2
 237 0042 04       		.byte	0x4
 238 0043 05       		.byte	0x5
 239 0044 41010000 		.4byte	.LASF4
 240 0048 02       		.uleb128 0x2
 241 0049 04       		.byte	0x4
 242 004a 07       		.byte	0x7
 243 004b 60000000 		.4byte	.LASF5
 244 004f 02       		.uleb128 0x2
ARM GAS  C:\Users\ilya\AppData\Local\Temp\ccsgMdKQ.s 			page 10


 245 0050 08       		.byte	0x8
 246 0051 05       		.byte	0x5
 247 0052 00000000 		.4byte	.LASF6
 248 0056 02       		.uleb128 0x2
 249 0057 08       		.byte	0x8
 250 0058 07       		.byte	0x7
 251 0059 72000000 		.4byte	.LASF7
 252 005d 03       		.uleb128 0x3
 253 005e 04       		.byte	0x4
 254 005f 05       		.byte	0x5
 255 0060 696E7400 		.ascii	"int\000"
 256 0064 02       		.uleb128 0x2
 257 0065 04       		.byte	0x4
 258 0066 07       		.byte	0x7
 259 0067 23000000 		.4byte	.LASF8
 260 006b 04       		.uleb128 0x4
 261 006c 5A000000 		.4byte	.LASF9
 262 0070 02       		.byte	0x2
 263 0071 B901     		.2byte	0x1b9
 264 0073 2C000000 		.4byte	0x2c
 265 0077 04       		.uleb128 0x4
 266 0078 CB010000 		.4byte	.LASF10
 267 007c 02       		.byte	0x2
 268 007d BA01     		.2byte	0x1ba
 269 007f 3A000000 		.4byte	0x3a
 270 0083 04       		.uleb128 0x4
 271 0084 0E000000 		.4byte	.LASF11
 272 0088 02       		.byte	0x2
 273 0089 BB01     		.2byte	0x1bb
 274 008b 48000000 		.4byte	0x48
 275 008f 02       		.uleb128 0x2
 276 0090 04       		.byte	0x4
 277 0091 04       		.byte	0x4
 278 0092 C5010000 		.4byte	.LASF12
 279 0096 02       		.uleb128 0x2
 280 0097 08       		.byte	0x8
 281 0098 04       		.byte	0x4
 282 0099 54010000 		.4byte	.LASF13
 283 009d 02       		.uleb128 0x2
 284 009e 01       		.byte	0x1
 285 009f 08       		.byte	0x8
 286 00a0 3C010000 		.4byte	.LASF14
 287 00a4 05       		.uleb128 0x5
 288 00a5 6B000000 		.4byte	0x6b
 289 00a9 05       		.uleb128 0x5
 290 00aa 77000000 		.4byte	0x77
 291 00ae 04       		.uleb128 0x4
 292 00af 5B010000 		.4byte	.LASF15
 293 00b3 02       		.byte	0x2
 294 00b4 6502     		.2byte	0x265
 295 00b6 BA000000 		.4byte	0xba
 296 00ba 05       		.uleb128 0x5
 297 00bb 83000000 		.4byte	0x83
 298 00bf 02       		.uleb128 0x2
 299 00c0 08       		.byte	0x8
 300 00c1 04       		.byte	0x4
 301 00c2 B9010000 		.4byte	.LASF16
ARM GAS  C:\Users\ilya\AppData\Local\Temp\ccsgMdKQ.s 			page 11


 302 00c6 02       		.uleb128 0x2
 303 00c7 04       		.byte	0x4
 304 00c8 07       		.byte	0x7
 305 00c9 F7010000 		.4byte	.LASF17
 306 00cd 06       		.uleb128 0x6
 307 00ce 61010000 		.4byte	.LASF18
 308 00d2 01       		.byte	0x1
 309 00d3 C3       		.byte	0xc3
 310 00d4 00000000 		.4byte	.LFB0
 311 00d8 00010000 		.4byte	.LFE0-.LFB0
 312 00dc 01       		.uleb128 0x1
 313 00dd 9C       		.byte	0x9c
 314 00de 07       		.uleb128 0x7
 315 00df 00020000 		.4byte	.LASF19
 316 00e3 01       		.byte	0x1
 317 00e4 0A01     		.2byte	0x10a
 318 00e6 00000000 		.4byte	.LFB1
 319 00ea 14000000 		.4byte	.LFE1-.LFB1
 320 00ee 01       		.uleb128 0x1
 321 00ef 9C       		.byte	0x9c
 322 00f0 08       		.uleb128 0x8
 323 00f1 15000000 		.4byte	.LASF20
 324 00f5 01       		.byte	0x1
 325 00f6 1B       		.byte	0x1b
 326 00f7 A4000000 		.4byte	0xa4
 327 00fb 05       		.uleb128 0x5
 328 00fc 03       		.byte	0x3
 329 00fd 00000000 		.4byte	I2C_LED_state
 330 0101 09       		.uleb128 0x9
 331 0102 47000000 		.4byte	.LASF21
 332 0106 03       		.byte	0x3
 333 0107 31       		.byte	0x31
 334 0108 A9000000 		.4byte	0xa9
 335 010c 09       		.uleb128 0x9
 336 010d 89000000 		.4byte	.LASF22
 337 0111 03       		.byte	0x3
 338 0112 37       		.byte	0x37
 339 0113 BA000000 		.4byte	0xba
 340 0117 09       		.uleb128 0x9
 341 0118 30000000 		.4byte	.LASF23
 342 011c 03       		.byte	0x3
 343 011d 3C       		.byte	0x3c
 344 011e BA000000 		.4byte	0xba
 345 0122 00       		.byte	0
 346              		.section	.debug_abbrev,"",%progbits
 347              	.Ldebug_abbrev0:
 348 0000 01       		.uleb128 0x1
 349 0001 11       		.uleb128 0x11
 350 0002 01       		.byte	0x1
 351 0003 25       		.uleb128 0x25
 352 0004 0E       		.uleb128 0xe
 353 0005 13       		.uleb128 0x13
 354 0006 0B       		.uleb128 0xb
 355 0007 03       		.uleb128 0x3
 356 0008 0E       		.uleb128 0xe
 357 0009 1B       		.uleb128 0x1b
 358 000a 0E       		.uleb128 0xe
ARM GAS  C:\Users\ilya\AppData\Local\Temp\ccsgMdKQ.s 			page 12


 359 000b 55       		.uleb128 0x55
 360 000c 17       		.uleb128 0x17
 361 000d 11       		.uleb128 0x11
 362 000e 01       		.uleb128 0x1
 363 000f 10       		.uleb128 0x10
 364 0010 17       		.uleb128 0x17
 365 0011 00       		.byte	0
 366 0012 00       		.byte	0
 367 0013 02       		.uleb128 0x2
 368 0014 24       		.uleb128 0x24
 369 0015 00       		.byte	0
 370 0016 0B       		.uleb128 0xb
 371 0017 0B       		.uleb128 0xb
 372 0018 3E       		.uleb128 0x3e
 373 0019 0B       		.uleb128 0xb
 374 001a 03       		.uleb128 0x3
 375 001b 0E       		.uleb128 0xe
 376 001c 00       		.byte	0
 377 001d 00       		.byte	0
 378 001e 03       		.uleb128 0x3
 379 001f 24       		.uleb128 0x24
 380 0020 00       		.byte	0
 381 0021 0B       		.uleb128 0xb
 382 0022 0B       		.uleb128 0xb
 383 0023 3E       		.uleb128 0x3e
 384 0024 0B       		.uleb128 0xb
 385 0025 03       		.uleb128 0x3
 386 0026 08       		.uleb128 0x8
 387 0027 00       		.byte	0
 388 0028 00       		.byte	0
 389 0029 04       		.uleb128 0x4
 390 002a 16       		.uleb128 0x16
 391 002b 00       		.byte	0
 392 002c 03       		.uleb128 0x3
 393 002d 0E       		.uleb128 0xe
 394 002e 3A       		.uleb128 0x3a
 395 002f 0B       		.uleb128 0xb
 396 0030 3B       		.uleb128 0x3b
 397 0031 05       		.uleb128 0x5
 398 0032 49       		.uleb128 0x49
 399 0033 13       		.uleb128 0x13
 400 0034 00       		.byte	0
 401 0035 00       		.byte	0
 402 0036 05       		.uleb128 0x5
 403 0037 35       		.uleb128 0x35
 404 0038 00       		.byte	0
 405 0039 49       		.uleb128 0x49
 406 003a 13       		.uleb128 0x13
 407 003b 00       		.byte	0
 408 003c 00       		.byte	0
 409 003d 06       		.uleb128 0x6
 410 003e 2E       		.uleb128 0x2e
 411 003f 00       		.byte	0
 412 0040 3F       		.uleb128 0x3f
 413 0041 19       		.uleb128 0x19
 414 0042 03       		.uleb128 0x3
 415 0043 0E       		.uleb128 0xe
ARM GAS  C:\Users\ilya\AppData\Local\Temp\ccsgMdKQ.s 			page 13


 416 0044 3A       		.uleb128 0x3a
 417 0045 0B       		.uleb128 0xb
 418 0046 3B       		.uleb128 0x3b
 419 0047 0B       		.uleb128 0xb
 420 0048 27       		.uleb128 0x27
 421 0049 19       		.uleb128 0x19
 422 004a 11       		.uleb128 0x11
 423 004b 01       		.uleb128 0x1
 424 004c 12       		.uleb128 0x12
 425 004d 06       		.uleb128 0x6
 426 004e 40       		.uleb128 0x40
 427 004f 18       		.uleb128 0x18
 428 0050 9642     		.uleb128 0x2116
 429 0052 19       		.uleb128 0x19
 430 0053 00       		.byte	0
 431 0054 00       		.byte	0
 432 0055 07       		.uleb128 0x7
 433 0056 2E       		.uleb128 0x2e
 434 0057 00       		.byte	0
 435 0058 3F       		.uleb128 0x3f
 436 0059 19       		.uleb128 0x19
 437 005a 03       		.uleb128 0x3
 438 005b 0E       		.uleb128 0xe
 439 005c 3A       		.uleb128 0x3a
 440 005d 0B       		.uleb128 0xb
 441 005e 3B       		.uleb128 0x3b
 442 005f 05       		.uleb128 0x5
 443 0060 27       		.uleb128 0x27
 444 0061 19       		.uleb128 0x19
 445 0062 11       		.uleb128 0x11
 446 0063 01       		.uleb128 0x1
 447 0064 12       		.uleb128 0x12
 448 0065 06       		.uleb128 0x6
 449 0066 40       		.uleb128 0x40
 450 0067 18       		.uleb128 0x18
 451 0068 9742     		.uleb128 0x2117
 452 006a 19       		.uleb128 0x19
 453 006b 00       		.byte	0
 454 006c 00       		.byte	0
 455 006d 08       		.uleb128 0x8
 456 006e 34       		.uleb128 0x34
 457 006f 00       		.byte	0
 458 0070 03       		.uleb128 0x3
 459 0071 0E       		.uleb128 0xe
 460 0072 3A       		.uleb128 0x3a
 461 0073 0B       		.uleb128 0xb
 462 0074 3B       		.uleb128 0x3b
 463 0075 0B       		.uleb128 0xb
 464 0076 49       		.uleb128 0x49
 465 0077 13       		.uleb128 0x13
 466 0078 3F       		.uleb128 0x3f
 467 0079 19       		.uleb128 0x19
 468 007a 02       		.uleb128 0x2
 469 007b 18       		.uleb128 0x18
 470 007c 00       		.byte	0
 471 007d 00       		.byte	0
 472 007e 09       		.uleb128 0x9
ARM GAS  C:\Users\ilya\AppData\Local\Temp\ccsgMdKQ.s 			page 14


 473 007f 34       		.uleb128 0x34
 474 0080 00       		.byte	0
 475 0081 03       		.uleb128 0x3
 476 0082 0E       		.uleb128 0xe
 477 0083 3A       		.uleb128 0x3a
 478 0084 0B       		.uleb128 0xb
 479 0085 3B       		.uleb128 0x3b
 480 0086 0B       		.uleb128 0xb
 481 0087 49       		.uleb128 0x49
 482 0088 13       		.uleb128 0x13
 483 0089 3F       		.uleb128 0x3f
 484 008a 19       		.uleb128 0x19
 485 008b 3C       		.uleb128 0x3c
 486 008c 19       		.uleb128 0x19
 487 008d 00       		.byte	0
 488 008e 00       		.byte	0
 489 008f 00       		.byte	0
 490              		.section	.debug_aranges,"",%progbits
 491 0000 24000000 		.4byte	0x24
 492 0004 0200     		.2byte	0x2
 493 0006 00000000 		.4byte	.Ldebug_info0
 494 000a 04       		.byte	0x4
 495 000b 00       		.byte	0
 496 000c 0000     		.2byte	0
 497 000e 0000     		.2byte	0
 498 0010 00000000 		.4byte	.LFB0
 499 0014 00010000 		.4byte	.LFE0-.LFB0
 500 0018 00000000 		.4byte	.LFB1
 501 001c 14000000 		.4byte	.LFE1-.LFB1
 502 0020 00000000 		.4byte	0
 503 0024 00000000 		.4byte	0
 504              		.section	.debug_ranges,"",%progbits
 505              	.Ldebug_ranges0:
 506 0000 00000000 		.4byte	.LFB0
 507 0004 00010000 		.4byte	.LFE0
 508 0008 00000000 		.4byte	.LFB1
 509 000c 14000000 		.4byte	.LFE1
 510 0010 00000000 		.4byte	0
 511 0014 00000000 		.4byte	0
 512              		.section	.debug_line,"",%progbits
 513              	.Ldebug_line0:
 514 0000 9E000000 		.section	.debug_str,"MS",%progbits,1
 514      02005D00 
 514      00000201 
 514      FB0E0D00 
 514      01010101 
 515              	.LASF6:
 516 0000 6C6F6E67 		.ascii	"long long int\000"
 516      206C6F6E 
 516      6720696E 
 516      7400
 517              	.LASF11:
 518 000e 75696E74 		.ascii	"uint32\000"
 518      333200
 519              	.LASF20:
 520 0015 4932435F 		.ascii	"I2C_LED_state\000"
 520      4C45445F 
ARM GAS  C:\Users\ilya\AppData\Local\Temp\ccsgMdKQ.s 			page 15


 520      73746174 
 520      6500
 521              	.LASF8:
 522 0023 756E7369 		.ascii	"unsigned int\000"
 522      676E6564 
 522      20696E74 
 522      00
 523              	.LASF23:
 524 0030 4932435F 		.ascii	"I2C_LED_mstrWrBufIndex\000"
 524      4C45445F 
 524      6D737472 
 524      57724275 
 524      66496E64 
 525              	.LASF21:
 526 0047 4932435F 		.ascii	"I2C_LED_mstrStatus\000"
 526      4C45445F 
 526      6D737472 
 526      53746174 
 526      757300
 527              	.LASF9:
 528 005a 75696E74 		.ascii	"uint8\000"
 528      3800
 529              	.LASF5:
 530 0060 6C6F6E67 		.ascii	"long unsigned int\000"
 530      20756E73 
 530      69676E65 
 530      6420696E 
 530      7400
 531              	.LASF7:
 532 0072 6C6F6E67 		.ascii	"long long unsigned int\000"
 532      206C6F6E 
 532      6720756E 
 532      7369676E 
 532      65642069 
 533              	.LASF22:
 534 0089 4932435F 		.ascii	"I2C_LED_mstrRdBufIndex\000"
 534      4C45445F 
 534      6D737472 
 534      52644275 
 534      66496E64 
 535              	.LASF24:
 536 00a0 474E5520 		.ascii	"GNU C11 5.4.1 20160609 (release) [ARM/embedded-5-br"
 536      43313120 
 536      352E342E 
 536      31203230 
 536      31363036 
 537 00d3 616E6368 		.ascii	"anch revision 237715] -mcpu=cortex-m0 -mthumb -g -O"
 537      20726576 
 537      6973696F 
 537      6E203233 
 537      37373135 
 538 0106 30202D66 		.ascii	"0 -ffunction-sections -ffat-lto-objects\000"
 538      66756E63 
 538      74696F6E 
 538      2D736563 
 538      74696F6E 
 539              	.LASF1:
ARM GAS  C:\Users\ilya\AppData\Local\Temp\ccsgMdKQ.s 			page 16


 540 012e 756E7369 		.ascii	"unsigned char\000"
 540      676E6564 
 540      20636861 
 540      7200
 541              	.LASF14:
 542 013c 63686172 		.ascii	"char\000"
 542      00
 543              	.LASF4:
 544 0141 6C6F6E67 		.ascii	"long int\000"
 544      20696E74 
 544      00
 545              	.LASF2:
 546 014a 73686F72 		.ascii	"short int\000"
 546      7420696E 
 546      7400
 547              	.LASF13:
 548 0154 646F7562 		.ascii	"double\000"
 548      6C6500
 549              	.LASF15:
 550 015b 72656733 		.ascii	"reg32\000"
 550      3200
 551              	.LASF18:
 552 0161 4932435F 		.ascii	"I2C_LED_I2CInit\000"
 552      4C45445F 
 552      49324349 
 552      6E697400 
 553              	.LASF3:
 554 0171 73686F72 		.ascii	"short unsigned int\000"
 554      7420756E 
 554      7369676E 
 554      65642069 
 554      6E7400
 555              	.LASF0:
 556 0184 7369676E 		.ascii	"signed char\000"
 556      65642063 
 556      68617200 
 557              	.LASF26:
 558 0190 433A5C70 		.ascii	"C:\\psoc\\chamonix\\fixed\\Fixed\\fixed.cydsn\000"
 558      736F635C 
 558      6368616D 
 558      6F6E6978 
 558      5C666978 
 559              	.LASF16:
 560 01b9 6C6F6E67 		.ascii	"long double\000"
 560      20646F75 
 560      626C6500 
 561              	.LASF12:
 562 01c5 666C6F61 		.ascii	"float\000"
 562      7400
 563              	.LASF10:
 564 01cb 75696E74 		.ascii	"uint16\000"
 564      313600
 565              	.LASF25:
 566 01d2 47656E65 		.ascii	"Generated_Source\\PSoC4\\I2C_LED_I2C.c\000"
 566      72617465 
 566      645F536F 
 566      75726365 
ARM GAS  C:\Users\ilya\AppData\Local\Temp\ccsgMdKQ.s 			page 17


 566      5C50536F 
 567              	.LASF17:
 568 01f7 73697A65 		.ascii	"sizetype\000"
 568      74797065 
 568      00
 569              	.LASF19:
 570 0200 4932435F 		.ascii	"I2C_LED_I2CStop\000"
 570      4C45445F 
 570      49324353 
 570      746F7000 
 571              		.ident	"GCC: (GNU Tools for ARM Embedded Processors) 5.4.1 20160609 (release) [ARM/embedded-5-bran
