ARM GAS  C:\Users\ilya\AppData\Local\Temp\ccYKrJKc.s 			page 1


   1              		.syntax unified
   2              		.cpu cortex-m0
   3              		.fpu softvfp
   4              		.eabi_attribute 20, 1
   5              		.eabi_attribute 21, 1
   6              		.eabi_attribute 23, 3
   7              		.eabi_attribute 24, 1
   8              		.eabi_attribute 25, 1
   9              		.eabi_attribute 26, 1
  10              		.eabi_attribute 30, 6
  11              		.eabi_attribute 34, 0
  12              		.eabi_attribute 18, 4
  13              		.thumb
  14              		.syntax unified
  15              		.file	"isr_Capture.c"
  16              		.text
  17              	.Ltext0:
  18              		.cfi_sections	.debug_frame
  19              		.section	.text.isr_Capture_Start,"ax",%progbits
  20              		.align	2
  21              		.global	isr_Capture_Start
  22              		.code	16
  23              		.thumb_func
  24              		.type	isr_Capture_Start, %function
  25              	isr_Capture_Start:
  26              	.LFB0:
  27              		.file 1 "Generated_Source\\PSoC4\\isr_Capture.c"
   1:Generated_Source\PSoC4/isr_Capture.c **** /*******************************************************************************
   2:Generated_Source\PSoC4/isr_Capture.c **** * File Name: isr_Capture.c  
   3:Generated_Source\PSoC4/isr_Capture.c **** * Version 1.70
   4:Generated_Source\PSoC4/isr_Capture.c **** *
   5:Generated_Source\PSoC4/isr_Capture.c **** *  Description:
   6:Generated_Source\PSoC4/isr_Capture.c **** *   API for controlling the state of an interrupt.
   7:Generated_Source\PSoC4/isr_Capture.c **** *
   8:Generated_Source\PSoC4/isr_Capture.c **** *
   9:Generated_Source\PSoC4/isr_Capture.c **** *  Note:
  10:Generated_Source\PSoC4/isr_Capture.c **** *
  11:Generated_Source\PSoC4/isr_Capture.c **** ********************************************************************************
  12:Generated_Source\PSoC4/isr_Capture.c **** * Copyright 2008-2015, Cypress Semiconductor Corporation.  All rights reserved.
  13:Generated_Source\PSoC4/isr_Capture.c **** * You may use this file only in accordance with the license, terms, conditions, 
  14:Generated_Source\PSoC4/isr_Capture.c **** * disclaimers, and limitations in the end user license agreement accompanying 
  15:Generated_Source\PSoC4/isr_Capture.c **** * the software package with which this file was provided.
  16:Generated_Source\PSoC4/isr_Capture.c **** *******************************************************************************/
  17:Generated_Source\PSoC4/isr_Capture.c **** 
  18:Generated_Source\PSoC4/isr_Capture.c **** 
  19:Generated_Source\PSoC4/isr_Capture.c **** #include <cydevice_trm.h>
  20:Generated_Source\PSoC4/isr_Capture.c **** #include <CyLib.h>
  21:Generated_Source\PSoC4/isr_Capture.c **** #include <isr_Capture.h>
  22:Generated_Source\PSoC4/isr_Capture.c **** #include "cyapicallbacks.h"
  23:Generated_Source\PSoC4/isr_Capture.c **** 
  24:Generated_Source\PSoC4/isr_Capture.c **** #if !defined(isr_Capture__REMOVED) /* Check for removal by optimization */
  25:Generated_Source\PSoC4/isr_Capture.c **** 
  26:Generated_Source\PSoC4/isr_Capture.c **** /*******************************************************************************
  27:Generated_Source\PSoC4/isr_Capture.c **** *  Place your includes, defines and code here 
  28:Generated_Source\PSoC4/isr_Capture.c **** ********************************************************************************/
  29:Generated_Source\PSoC4/isr_Capture.c **** /* `#START isr_Capture_intc` */
  30:Generated_Source\PSoC4/isr_Capture.c **** 
ARM GAS  C:\Users\ilya\AppData\Local\Temp\ccYKrJKc.s 			page 2


  31:Generated_Source\PSoC4/isr_Capture.c **** /* `#END` */
  32:Generated_Source\PSoC4/isr_Capture.c **** 
  33:Generated_Source\PSoC4/isr_Capture.c **** extern cyisraddress CyRamVectors[CYINT_IRQ_BASE + CY_NUM_INTERRUPTS];
  34:Generated_Source\PSoC4/isr_Capture.c **** 
  35:Generated_Source\PSoC4/isr_Capture.c **** /* Declared in startup, used to set unused interrupts to. */
  36:Generated_Source\PSoC4/isr_Capture.c **** CY_ISR_PROTO(IntDefaultHandler);
  37:Generated_Source\PSoC4/isr_Capture.c **** 
  38:Generated_Source\PSoC4/isr_Capture.c **** 
  39:Generated_Source\PSoC4/isr_Capture.c **** /*******************************************************************************
  40:Generated_Source\PSoC4/isr_Capture.c **** * Function Name: isr_Capture_Start
  41:Generated_Source\PSoC4/isr_Capture.c **** ********************************************************************************
  42:Generated_Source\PSoC4/isr_Capture.c **** *
  43:Generated_Source\PSoC4/isr_Capture.c **** * Summary:
  44:Generated_Source\PSoC4/isr_Capture.c **** *  Set up the interrupt and enable it. This function disables the interrupt, 
  45:Generated_Source\PSoC4/isr_Capture.c **** *  sets the default interrupt vector, sets the priority from the value in the
  46:Generated_Source\PSoC4/isr_Capture.c **** *  Design Wide Resources Interrupt Editor, then enables the interrupt to the 
  47:Generated_Source\PSoC4/isr_Capture.c **** *  interrupt controller.
  48:Generated_Source\PSoC4/isr_Capture.c **** *
  49:Generated_Source\PSoC4/isr_Capture.c **** * Parameters:  
  50:Generated_Source\PSoC4/isr_Capture.c **** *   None
  51:Generated_Source\PSoC4/isr_Capture.c **** *
  52:Generated_Source\PSoC4/isr_Capture.c **** * Return:
  53:Generated_Source\PSoC4/isr_Capture.c **** *   None
  54:Generated_Source\PSoC4/isr_Capture.c **** *
  55:Generated_Source\PSoC4/isr_Capture.c **** *******************************************************************************/
  56:Generated_Source\PSoC4/isr_Capture.c **** void isr_Capture_Start(void)
  57:Generated_Source\PSoC4/isr_Capture.c **** {
  28              		.loc 1 57 0
  29              		.cfi_startproc
  30              		@ args = 0, pretend = 0, frame = 0
  31              		@ frame_needed = 1, uses_anonymous_args = 0
  32 0000 80B5     		push	{r7, lr}
  33              		.cfi_def_cfa_offset 8
  34              		.cfi_offset 7, -8
  35              		.cfi_offset 14, -4
  36 0002 00AF     		add	r7, sp, #0
  37              		.cfi_def_cfa_register 7
  58:Generated_Source\PSoC4/isr_Capture.c ****     /* For all we know the interrupt is active. */
  59:Generated_Source\PSoC4/isr_Capture.c ****     isr_Capture_Disable();
  38              		.loc 1 59 0
  39 0004 FFF7FEFF 		bl	isr_Capture_Disable
  60:Generated_Source\PSoC4/isr_Capture.c **** 
  61:Generated_Source\PSoC4/isr_Capture.c ****     /* Set the ISR to point to the isr_Capture Interrupt. */
  62:Generated_Source\PSoC4/isr_Capture.c ****     isr_Capture_SetVector(&isr_Capture_Interrupt);
  40              		.loc 1 62 0
  41 0008 054B     		ldr	r3, .L2
  42 000a 1800     		movs	r0, r3
  43 000c FFF7FEFF 		bl	isr_Capture_SetVector
  63:Generated_Source\PSoC4/isr_Capture.c **** 
  64:Generated_Source\PSoC4/isr_Capture.c ****     /* Set the priority. */
  65:Generated_Source\PSoC4/isr_Capture.c ****     isr_Capture_SetPriority((uint8)isr_Capture_INTC_PRIOR_NUMBER);
  44              		.loc 1 65 0
  45 0010 0320     		movs	r0, #3
  46 0012 FFF7FEFF 		bl	isr_Capture_SetPriority
  66:Generated_Source\PSoC4/isr_Capture.c **** 
  67:Generated_Source\PSoC4/isr_Capture.c ****     /* Enable it. */
  68:Generated_Source\PSoC4/isr_Capture.c ****     isr_Capture_Enable();
ARM GAS  C:\Users\ilya\AppData\Local\Temp\ccYKrJKc.s 			page 3


  47              		.loc 1 68 0
  48 0016 FFF7FEFF 		bl	isr_Capture_Enable
  69:Generated_Source\PSoC4/isr_Capture.c **** }
  49              		.loc 1 69 0
  50 001a C046     		nop
  51 001c BD46     		mov	sp, r7
  52              		@ sp needed
  53 001e 80BD     		pop	{r7, pc}
  54              	.L3:
  55              		.align	2
  56              	.L2:
  57 0020 00000000 		.word	isr_Capture_Interrupt
  58              		.cfi_endproc
  59              	.LFE0:
  60              		.size	isr_Capture_Start, .-isr_Capture_Start
  61              		.section	.text.isr_Capture_StartEx,"ax",%progbits
  62              		.align	2
  63              		.global	isr_Capture_StartEx
  64              		.code	16
  65              		.thumb_func
  66              		.type	isr_Capture_StartEx, %function
  67              	isr_Capture_StartEx:
  68              	.LFB1:
  70:Generated_Source\PSoC4/isr_Capture.c **** 
  71:Generated_Source\PSoC4/isr_Capture.c **** 
  72:Generated_Source\PSoC4/isr_Capture.c **** /*******************************************************************************
  73:Generated_Source\PSoC4/isr_Capture.c **** * Function Name: isr_Capture_StartEx
  74:Generated_Source\PSoC4/isr_Capture.c **** ********************************************************************************
  75:Generated_Source\PSoC4/isr_Capture.c **** *
  76:Generated_Source\PSoC4/isr_Capture.c **** * Summary:
  77:Generated_Source\PSoC4/isr_Capture.c **** *  Sets up the interrupt and enables it. This function disables the interrupt,
  78:Generated_Source\PSoC4/isr_Capture.c **** *  sets the interrupt vector based on the address passed in, sets the priority 
  79:Generated_Source\PSoC4/isr_Capture.c **** *  from the value in the Design Wide Resources Interrupt Editor, then enables 
  80:Generated_Source\PSoC4/isr_Capture.c **** *  the interrupt to the interrupt controller.
  81:Generated_Source\PSoC4/isr_Capture.c **** *  
  82:Generated_Source\PSoC4/isr_Capture.c **** *  When defining ISR functions, the CY_ISR and CY_ISR_PROTO macros should be 
  83:Generated_Source\PSoC4/isr_Capture.c **** *  used to provide consistent definition across compilers:
  84:Generated_Source\PSoC4/isr_Capture.c **** *  
  85:Generated_Source\PSoC4/isr_Capture.c **** *  Function definition example:
  86:Generated_Source\PSoC4/isr_Capture.c **** *   CY_ISR(MyISR)
  87:Generated_Source\PSoC4/isr_Capture.c **** *   {
  88:Generated_Source\PSoC4/isr_Capture.c **** *   }
  89:Generated_Source\PSoC4/isr_Capture.c **** *   Function prototype example:
  90:Generated_Source\PSoC4/isr_Capture.c **** *   CY_ISR_PROTO(MyISR);
  91:Generated_Source\PSoC4/isr_Capture.c **** *
  92:Generated_Source\PSoC4/isr_Capture.c **** * Parameters:  
  93:Generated_Source\PSoC4/isr_Capture.c **** *   address: Address of the ISR to set in the interrupt vector table.
  94:Generated_Source\PSoC4/isr_Capture.c **** *
  95:Generated_Source\PSoC4/isr_Capture.c **** * Return:
  96:Generated_Source\PSoC4/isr_Capture.c **** *   None
  97:Generated_Source\PSoC4/isr_Capture.c **** *
  98:Generated_Source\PSoC4/isr_Capture.c **** *******************************************************************************/
  99:Generated_Source\PSoC4/isr_Capture.c **** void isr_Capture_StartEx(cyisraddress address)
 100:Generated_Source\PSoC4/isr_Capture.c **** {
  69              		.loc 1 100 0
  70              		.cfi_startproc
  71              		@ args = 0, pretend = 0, frame = 8
ARM GAS  C:\Users\ilya\AppData\Local\Temp\ccYKrJKc.s 			page 4


  72              		@ frame_needed = 1, uses_anonymous_args = 0
  73 0000 80B5     		push	{r7, lr}
  74              		.cfi_def_cfa_offset 8
  75              		.cfi_offset 7, -8
  76              		.cfi_offset 14, -4
  77 0002 82B0     		sub	sp, sp, #8
  78              		.cfi_def_cfa_offset 16
  79 0004 00AF     		add	r7, sp, #0
  80              		.cfi_def_cfa_register 7
  81 0006 7860     		str	r0, [r7, #4]
 101:Generated_Source\PSoC4/isr_Capture.c ****     /* For all we know the interrupt is active. */
 102:Generated_Source\PSoC4/isr_Capture.c ****     isr_Capture_Disable();
  82              		.loc 1 102 0
  83 0008 FFF7FEFF 		bl	isr_Capture_Disable
 103:Generated_Source\PSoC4/isr_Capture.c **** 
 104:Generated_Source\PSoC4/isr_Capture.c ****     /* Set the ISR to point to the isr_Capture Interrupt. */
 105:Generated_Source\PSoC4/isr_Capture.c ****     isr_Capture_SetVector(address);
  84              		.loc 1 105 0
  85 000c 7B68     		ldr	r3, [r7, #4]
  86 000e 1800     		movs	r0, r3
  87 0010 FFF7FEFF 		bl	isr_Capture_SetVector
 106:Generated_Source\PSoC4/isr_Capture.c **** 
 107:Generated_Source\PSoC4/isr_Capture.c ****     /* Set the priority. */
 108:Generated_Source\PSoC4/isr_Capture.c ****     isr_Capture_SetPriority((uint8)isr_Capture_INTC_PRIOR_NUMBER);
  88              		.loc 1 108 0
  89 0014 0320     		movs	r0, #3
  90 0016 FFF7FEFF 		bl	isr_Capture_SetPriority
 109:Generated_Source\PSoC4/isr_Capture.c **** 
 110:Generated_Source\PSoC4/isr_Capture.c ****     /* Enable it. */
 111:Generated_Source\PSoC4/isr_Capture.c ****     isr_Capture_Enable();
  91              		.loc 1 111 0
  92 001a FFF7FEFF 		bl	isr_Capture_Enable
 112:Generated_Source\PSoC4/isr_Capture.c **** }
  93              		.loc 1 112 0
  94 001e C046     		nop
  95 0020 BD46     		mov	sp, r7
  96 0022 02B0     		add	sp, sp, #8
  97              		@ sp needed
  98 0024 80BD     		pop	{r7, pc}
  99              		.cfi_endproc
 100              	.LFE1:
 101              		.size	isr_Capture_StartEx, .-isr_Capture_StartEx
 102 0026 C046     		.section	.text.isr_Capture_Stop,"ax",%progbits
 103              		.align	2
 104              		.global	isr_Capture_Stop
 105              		.code	16
 106              		.thumb_func
 107              		.type	isr_Capture_Stop, %function
 108              	isr_Capture_Stop:
 109              	.LFB2:
 113:Generated_Source\PSoC4/isr_Capture.c **** 
 114:Generated_Source\PSoC4/isr_Capture.c **** 
 115:Generated_Source\PSoC4/isr_Capture.c **** /*******************************************************************************
 116:Generated_Source\PSoC4/isr_Capture.c **** * Function Name: isr_Capture_Stop
 117:Generated_Source\PSoC4/isr_Capture.c **** ********************************************************************************
 118:Generated_Source\PSoC4/isr_Capture.c **** *
 119:Generated_Source\PSoC4/isr_Capture.c **** * Summary:
ARM GAS  C:\Users\ilya\AppData\Local\Temp\ccYKrJKc.s 			page 5


 120:Generated_Source\PSoC4/isr_Capture.c **** *   Disables and removes the interrupt.
 121:Generated_Source\PSoC4/isr_Capture.c **** *
 122:Generated_Source\PSoC4/isr_Capture.c **** * Parameters:  
 123:Generated_Source\PSoC4/isr_Capture.c **** *   None
 124:Generated_Source\PSoC4/isr_Capture.c **** *
 125:Generated_Source\PSoC4/isr_Capture.c **** * Return:
 126:Generated_Source\PSoC4/isr_Capture.c **** *   None
 127:Generated_Source\PSoC4/isr_Capture.c **** *
 128:Generated_Source\PSoC4/isr_Capture.c **** *******************************************************************************/
 129:Generated_Source\PSoC4/isr_Capture.c **** void isr_Capture_Stop(void)
 130:Generated_Source\PSoC4/isr_Capture.c **** {
 110              		.loc 1 130 0
 111              		.cfi_startproc
 112              		@ args = 0, pretend = 0, frame = 0
 113              		@ frame_needed = 1, uses_anonymous_args = 0
 114 0000 80B5     		push	{r7, lr}
 115              		.cfi_def_cfa_offset 8
 116              		.cfi_offset 7, -8
 117              		.cfi_offset 14, -4
 118 0002 00AF     		add	r7, sp, #0
 119              		.cfi_def_cfa_register 7
 131:Generated_Source\PSoC4/isr_Capture.c ****     /* Disable this interrupt. */
 132:Generated_Source\PSoC4/isr_Capture.c ****     isr_Capture_Disable();
 120              		.loc 1 132 0
 121 0004 FFF7FEFF 		bl	isr_Capture_Disable
 133:Generated_Source\PSoC4/isr_Capture.c **** 
 134:Generated_Source\PSoC4/isr_Capture.c ****     /* Set the ISR to point to the passive one. */
 135:Generated_Source\PSoC4/isr_Capture.c ****     isr_Capture_SetVector(&IntDefaultHandler);
 122              		.loc 1 135 0
 123 0008 034B     		ldr	r3, .L6
 124 000a 1800     		movs	r0, r3
 125 000c FFF7FEFF 		bl	isr_Capture_SetVector
 136:Generated_Source\PSoC4/isr_Capture.c **** }
 126              		.loc 1 136 0
 127 0010 C046     		nop
 128 0012 BD46     		mov	sp, r7
 129              		@ sp needed
 130 0014 80BD     		pop	{r7, pc}
 131              	.L7:
 132 0016 C046     		.align	2
 133              	.L6:
 134 0018 00000000 		.word	IntDefaultHandler
 135              		.cfi_endproc
 136              	.LFE2:
 137              		.size	isr_Capture_Stop, .-isr_Capture_Stop
 138              		.section	.text.isr_Capture_Interrupt,"ax",%progbits
 139              		.align	2
 140              		.global	isr_Capture_Interrupt
 141              		.code	16
 142              		.thumb_func
 143              		.type	isr_Capture_Interrupt, %function
 144              	isr_Capture_Interrupt:
 145              	.LFB3:
 137:Generated_Source\PSoC4/isr_Capture.c **** 
 138:Generated_Source\PSoC4/isr_Capture.c **** 
 139:Generated_Source\PSoC4/isr_Capture.c **** /*******************************************************************************
 140:Generated_Source\PSoC4/isr_Capture.c **** * Function Name: isr_Capture_Interrupt
ARM GAS  C:\Users\ilya\AppData\Local\Temp\ccYKrJKc.s 			page 6


 141:Generated_Source\PSoC4/isr_Capture.c **** ********************************************************************************
 142:Generated_Source\PSoC4/isr_Capture.c **** *
 143:Generated_Source\PSoC4/isr_Capture.c **** * Summary:
 144:Generated_Source\PSoC4/isr_Capture.c **** *   The default Interrupt Service Routine for isr_Capture.
 145:Generated_Source\PSoC4/isr_Capture.c **** *
 146:Generated_Source\PSoC4/isr_Capture.c **** *   Add custom code between the START and END comments to keep the next version
 147:Generated_Source\PSoC4/isr_Capture.c **** *   of this file from over-writing your code.
 148:Generated_Source\PSoC4/isr_Capture.c **** *
 149:Generated_Source\PSoC4/isr_Capture.c **** *   Note You may use either the default ISR by using this API, or you may define
 150:Generated_Source\PSoC4/isr_Capture.c **** *   your own separate ISR through ISR_StartEx().
 151:Generated_Source\PSoC4/isr_Capture.c **** *
 152:Generated_Source\PSoC4/isr_Capture.c **** * Parameters:  
 153:Generated_Source\PSoC4/isr_Capture.c **** *   None
 154:Generated_Source\PSoC4/isr_Capture.c **** *
 155:Generated_Source\PSoC4/isr_Capture.c **** * Return:
 156:Generated_Source\PSoC4/isr_Capture.c **** *   None
 157:Generated_Source\PSoC4/isr_Capture.c **** *
 158:Generated_Source\PSoC4/isr_Capture.c **** *******************************************************************************/
 159:Generated_Source\PSoC4/isr_Capture.c **** CY_ISR(isr_Capture_Interrupt)
 160:Generated_Source\PSoC4/isr_Capture.c **** {
 146              		.loc 1 160 0
 147              		.cfi_startproc
 148              		@ args = 0, pretend = 0, frame = 0
 149              		@ frame_needed = 1, uses_anonymous_args = 0
 150 0000 80B5     		push	{r7, lr}
 151              		.cfi_def_cfa_offset 8
 152              		.cfi_offset 7, -8
 153              		.cfi_offset 14, -4
 154 0002 00AF     		add	r7, sp, #0
 155              		.cfi_def_cfa_register 7
 156              	.LBB2:
 161:Generated_Source\PSoC4/isr_Capture.c ****     #ifdef isr_Capture_INTERRUPT_INTERRUPT_CALLBACK
 162:Generated_Source\PSoC4/isr_Capture.c ****         isr_Capture_Interrupt_InterruptCallback();
 163:Generated_Source\PSoC4/isr_Capture.c ****     #endif /* isr_Capture_INTERRUPT_INTERRUPT_CALLBACK */ 
 164:Generated_Source\PSoC4/isr_Capture.c **** 
 165:Generated_Source\PSoC4/isr_Capture.c ****     /*  Place your Interrupt code here. */
 166:Generated_Source\PSoC4/isr_Capture.c ****     /* `#START isr_Capture_Interrupt` */
 167:Generated_Source\PSoC4/isr_Capture.c ****     {
 168:Generated_Source\PSoC4/isr_Capture.c ****         void HandleCapture();
 169:Generated_Source\PSoC4/isr_Capture.c ****         HandleCapture();
 157              		.loc 1 169 0
 158 0004 FFF7FEFF 		bl	HandleCapture
 159              	.LBE2:
 170:Generated_Source\PSoC4/isr_Capture.c ****     }
 171:Generated_Source\PSoC4/isr_Capture.c ****     /* `#END` */
 172:Generated_Source\PSoC4/isr_Capture.c **** }
 160              		.loc 1 172 0
 161 0008 C046     		nop
 162 000a BD46     		mov	sp, r7
 163              		@ sp needed
 164 000c 80BD     		pop	{r7, pc}
 165              		.cfi_endproc
 166              	.LFE3:
 167              		.size	isr_Capture_Interrupt, .-isr_Capture_Interrupt
 168 000e C046     		.section	.text.isr_Capture_SetVector,"ax",%progbits
 169              		.align	2
 170              		.global	isr_Capture_SetVector
ARM GAS  C:\Users\ilya\AppData\Local\Temp\ccYKrJKc.s 			page 7


 171              		.code	16
 172              		.thumb_func
 173              		.type	isr_Capture_SetVector, %function
 174              	isr_Capture_SetVector:
 175              	.LFB4:
 173:Generated_Source\PSoC4/isr_Capture.c **** 
 174:Generated_Source\PSoC4/isr_Capture.c **** 
 175:Generated_Source\PSoC4/isr_Capture.c **** /*******************************************************************************
 176:Generated_Source\PSoC4/isr_Capture.c **** * Function Name: isr_Capture_SetVector
 177:Generated_Source\PSoC4/isr_Capture.c **** ********************************************************************************
 178:Generated_Source\PSoC4/isr_Capture.c **** *
 179:Generated_Source\PSoC4/isr_Capture.c **** * Summary:
 180:Generated_Source\PSoC4/isr_Capture.c **** *   Change the ISR vector for the Interrupt. Note calling isr_Capture_Start
 181:Generated_Source\PSoC4/isr_Capture.c **** *   will override any effect this method would have had. To set the vector 
 182:Generated_Source\PSoC4/isr_Capture.c **** *   before the component has been started use isr_Capture_StartEx instead.
 183:Generated_Source\PSoC4/isr_Capture.c **** * 
 184:Generated_Source\PSoC4/isr_Capture.c **** *   When defining ISR functions, the CY_ISR and CY_ISR_PROTO macros should be 
 185:Generated_Source\PSoC4/isr_Capture.c **** *   used to provide consistent definition across compilers:
 186:Generated_Source\PSoC4/isr_Capture.c **** *
 187:Generated_Source\PSoC4/isr_Capture.c **** *   Function definition example:
 188:Generated_Source\PSoC4/isr_Capture.c **** *   CY_ISR(MyISR)
 189:Generated_Source\PSoC4/isr_Capture.c **** *   {
 190:Generated_Source\PSoC4/isr_Capture.c **** *   }
 191:Generated_Source\PSoC4/isr_Capture.c **** *
 192:Generated_Source\PSoC4/isr_Capture.c **** *   Function prototype example:
 193:Generated_Source\PSoC4/isr_Capture.c **** *     CY_ISR_PROTO(MyISR);
 194:Generated_Source\PSoC4/isr_Capture.c **** *
 195:Generated_Source\PSoC4/isr_Capture.c **** * Parameters:
 196:Generated_Source\PSoC4/isr_Capture.c **** *   address: Address of the ISR to set in the interrupt vector table.
 197:Generated_Source\PSoC4/isr_Capture.c **** *
 198:Generated_Source\PSoC4/isr_Capture.c **** * Return:
 199:Generated_Source\PSoC4/isr_Capture.c **** *   None
 200:Generated_Source\PSoC4/isr_Capture.c **** *
 201:Generated_Source\PSoC4/isr_Capture.c **** *******************************************************************************/
 202:Generated_Source\PSoC4/isr_Capture.c **** void isr_Capture_SetVector(cyisraddress address)
 203:Generated_Source\PSoC4/isr_Capture.c **** {
 176              		.loc 1 203 0
 177              		.cfi_startproc
 178              		@ args = 0, pretend = 0, frame = 8
 179              		@ frame_needed = 1, uses_anonymous_args = 0
 180 0000 80B5     		push	{r7, lr}
 181              		.cfi_def_cfa_offset 8
 182              		.cfi_offset 7, -8
 183              		.cfi_offset 14, -4
 184 0002 82B0     		sub	sp, sp, #8
 185              		.cfi_def_cfa_offset 16
 186 0004 00AF     		add	r7, sp, #0
 187              		.cfi_def_cfa_register 7
 188 0006 7860     		str	r0, [r7, #4]
 204:Generated_Source\PSoC4/isr_Capture.c ****     CyRamVectors[CYINT_IRQ_BASE + isr_Capture__INTC_NUMBER] = address;
 189              		.loc 1 204 0
 190 0008 034B     		ldr	r3, .L10
 191 000a 8C21     		movs	r1, #140
 192 000c 7A68     		ldr	r2, [r7, #4]
 193 000e 5A50     		str	r2, [r3, r1]
 205:Generated_Source\PSoC4/isr_Capture.c **** }
 194              		.loc 1 205 0
ARM GAS  C:\Users\ilya\AppData\Local\Temp\ccYKrJKc.s 			page 8


 195 0010 C046     		nop
 196 0012 BD46     		mov	sp, r7
 197 0014 02B0     		add	sp, sp, #8
 198              		@ sp needed
 199 0016 80BD     		pop	{r7, pc}
 200              	.L11:
 201              		.align	2
 202              	.L10:
 203 0018 00000000 		.word	CyRamVectors
 204              		.cfi_endproc
 205              	.LFE4:
 206              		.size	isr_Capture_SetVector, .-isr_Capture_SetVector
 207              		.section	.text.isr_Capture_GetVector,"ax",%progbits
 208              		.align	2
 209              		.global	isr_Capture_GetVector
 210              		.code	16
 211              		.thumb_func
 212              		.type	isr_Capture_GetVector, %function
 213              	isr_Capture_GetVector:
 214              	.LFB5:
 206:Generated_Source\PSoC4/isr_Capture.c **** 
 207:Generated_Source\PSoC4/isr_Capture.c **** 
 208:Generated_Source\PSoC4/isr_Capture.c **** /*******************************************************************************
 209:Generated_Source\PSoC4/isr_Capture.c **** * Function Name: isr_Capture_GetVector
 210:Generated_Source\PSoC4/isr_Capture.c **** ********************************************************************************
 211:Generated_Source\PSoC4/isr_Capture.c **** *
 212:Generated_Source\PSoC4/isr_Capture.c **** * Summary:
 213:Generated_Source\PSoC4/isr_Capture.c **** *   Gets the "address" of the current ISR vector for the Interrupt.
 214:Generated_Source\PSoC4/isr_Capture.c **** *
 215:Generated_Source\PSoC4/isr_Capture.c **** * Parameters:
 216:Generated_Source\PSoC4/isr_Capture.c **** *   None
 217:Generated_Source\PSoC4/isr_Capture.c **** *
 218:Generated_Source\PSoC4/isr_Capture.c **** * Return:
 219:Generated_Source\PSoC4/isr_Capture.c **** *   Address of the ISR in the interrupt vector table.
 220:Generated_Source\PSoC4/isr_Capture.c **** *
 221:Generated_Source\PSoC4/isr_Capture.c **** *******************************************************************************/
 222:Generated_Source\PSoC4/isr_Capture.c **** cyisraddress isr_Capture_GetVector(void)
 223:Generated_Source\PSoC4/isr_Capture.c **** {
 215              		.loc 1 223 0
 216              		.cfi_startproc
 217              		@ args = 0, pretend = 0, frame = 0
 218              		@ frame_needed = 1, uses_anonymous_args = 0
 219 0000 80B5     		push	{r7, lr}
 220              		.cfi_def_cfa_offset 8
 221              		.cfi_offset 7, -8
 222              		.cfi_offset 14, -4
 223 0002 00AF     		add	r7, sp, #0
 224              		.cfi_def_cfa_register 7
 224:Generated_Source\PSoC4/isr_Capture.c ****     return CyRamVectors[CYINT_IRQ_BASE + isr_Capture__INTC_NUMBER];
 225              		.loc 1 224 0
 226 0004 024B     		ldr	r3, .L14
 227 0006 8C22     		movs	r2, #140
 228 0008 9B58     		ldr	r3, [r3, r2]
 225:Generated_Source\PSoC4/isr_Capture.c **** }
 229              		.loc 1 225 0
 230 000a 1800     		movs	r0, r3
 231 000c BD46     		mov	sp, r7
ARM GAS  C:\Users\ilya\AppData\Local\Temp\ccYKrJKc.s 			page 9


 232              		@ sp needed
 233 000e 80BD     		pop	{r7, pc}
 234              	.L15:
 235              		.align	2
 236              	.L14:
 237 0010 00000000 		.word	CyRamVectors
 238              		.cfi_endproc
 239              	.LFE5:
 240              		.size	isr_Capture_GetVector, .-isr_Capture_GetVector
 241              		.section	.text.isr_Capture_SetPriority,"ax",%progbits
 242              		.align	2
 243              		.global	isr_Capture_SetPriority
 244              		.code	16
 245              		.thumb_func
 246              		.type	isr_Capture_SetPriority, %function
 247              	isr_Capture_SetPriority:
 248              	.LFB6:
 226:Generated_Source\PSoC4/isr_Capture.c **** 
 227:Generated_Source\PSoC4/isr_Capture.c **** 
 228:Generated_Source\PSoC4/isr_Capture.c **** /*******************************************************************************
 229:Generated_Source\PSoC4/isr_Capture.c **** * Function Name: isr_Capture_SetPriority
 230:Generated_Source\PSoC4/isr_Capture.c **** ********************************************************************************
 231:Generated_Source\PSoC4/isr_Capture.c **** *
 232:Generated_Source\PSoC4/isr_Capture.c **** * Summary:
 233:Generated_Source\PSoC4/isr_Capture.c **** *   Sets the Priority of the Interrupt. 
 234:Generated_Source\PSoC4/isr_Capture.c **** *
 235:Generated_Source\PSoC4/isr_Capture.c **** *   Note calling isr_Capture_Start or isr_Capture_StartEx will 
 236:Generated_Source\PSoC4/isr_Capture.c **** *   override any effect this API would have had. This API should only be called
 237:Generated_Source\PSoC4/isr_Capture.c **** *   after isr_Capture_Start or isr_Capture_StartEx has been called. 
 238:Generated_Source\PSoC4/isr_Capture.c **** *   To set the initial priority for the component, use the Design-Wide Resources
 239:Generated_Source\PSoC4/isr_Capture.c **** *   Interrupt Editor.
 240:Generated_Source\PSoC4/isr_Capture.c **** *
 241:Generated_Source\PSoC4/isr_Capture.c **** *   Note This API has no effect on Non-maskable interrupt NMI).
 242:Generated_Source\PSoC4/isr_Capture.c **** *
 243:Generated_Source\PSoC4/isr_Capture.c **** * Parameters:
 244:Generated_Source\PSoC4/isr_Capture.c **** *   priority: Priority of the interrupt, 0 being the highest priority
 245:Generated_Source\PSoC4/isr_Capture.c **** *             PSoC 3 and PSoC 5LP: Priority is from 0 to 7.
 246:Generated_Source\PSoC4/isr_Capture.c **** *             PSoC 4: Priority is from 0 to 3.
 247:Generated_Source\PSoC4/isr_Capture.c **** *
 248:Generated_Source\PSoC4/isr_Capture.c **** * Return:
 249:Generated_Source\PSoC4/isr_Capture.c **** *   None
 250:Generated_Source\PSoC4/isr_Capture.c **** *
 251:Generated_Source\PSoC4/isr_Capture.c **** *******************************************************************************/
 252:Generated_Source\PSoC4/isr_Capture.c **** void isr_Capture_SetPriority(uint8 priority)
 253:Generated_Source\PSoC4/isr_Capture.c **** {
 249              		.loc 1 253 0
 250              		.cfi_startproc
 251              		@ args = 0, pretend = 0, frame = 16
 252              		@ frame_needed = 1, uses_anonymous_args = 0
 253 0000 90B5     		push	{r4, r7, lr}
 254              		.cfi_def_cfa_offset 12
 255              		.cfi_offset 4, -12
 256              		.cfi_offset 7, -8
 257              		.cfi_offset 14, -4
 258 0002 85B0     		sub	sp, sp, #20
 259              		.cfi_def_cfa_offset 32
 260 0004 00AF     		add	r7, sp, #0
ARM GAS  C:\Users\ilya\AppData\Local\Temp\ccYKrJKc.s 			page 10


 261              		.cfi_def_cfa_register 7
 262 0006 0200     		movs	r2, r0
 263 0008 FB1D     		adds	r3, r7, #7
 264 000a 1A70     		strb	r2, [r3]
 254:Generated_Source\PSoC4/isr_Capture.c **** 	uint8 interruptState;
 255:Generated_Source\PSoC4/isr_Capture.c ****     uint32 priorityOffset = ((isr_Capture__INTC_NUMBER % 4u) * 8u) + 6u;
 265              		.loc 1 255 0
 266 000c 1E23     		movs	r3, #30
 267 000e FB60     		str	r3, [r7, #12]
 256:Generated_Source\PSoC4/isr_Capture.c ****     
 257:Generated_Source\PSoC4/isr_Capture.c **** 	interruptState = CyEnterCriticalSection();
 268              		.loc 1 257 0
 269 0010 0B23     		movs	r3, #11
 270 0012 FC18     		adds	r4, r7, r3
 271 0014 FFF7FEFF 		bl	CyEnterCriticalSection
 272 0018 0300     		movs	r3, r0
 273 001a 2370     		strb	r3, [r4]
 258:Generated_Source\PSoC4/isr_Capture.c ****     *isr_Capture_INTC_PRIOR = (*isr_Capture_INTC_PRIOR & (uint32)(~isr_Capture__INTC_PRIOR_MASK)) |
 274              		.loc 1 258 0
 275 001c 0A4B     		ldr	r3, .L17
 276 001e 0A4A     		ldr	r2, .L17
 277 0020 1268     		ldr	r2, [r2]
 278 0022 9200     		lsls	r2, r2, #2
 279 0024 9108     		lsrs	r1, r2, #2
 259:Generated_Source\PSoC4/isr_Capture.c ****                                     ((uint32)priority << priorityOffset);
 280              		.loc 1 259 0
 281 0026 FA1D     		adds	r2, r7, #7
 282 0028 1078     		ldrb	r0, [r2]
 283 002a FA68     		ldr	r2, [r7, #12]
 284 002c 9040     		lsls	r0, r0, r2
 285 002e 0200     		movs	r2, r0
 258:Generated_Source\PSoC4/isr_Capture.c ****     *isr_Capture_INTC_PRIOR = (*isr_Capture_INTC_PRIOR & (uint32)(~isr_Capture__INTC_PRIOR_MASK)) |
 286              		.loc 1 258 0
 287 0030 0A43     		orrs	r2, r1
 288 0032 1A60     		str	r2, [r3]
 260:Generated_Source\PSoC4/isr_Capture.c **** 	CyExitCriticalSection(interruptState);
 289              		.loc 1 260 0
 290 0034 0B23     		movs	r3, #11
 291 0036 FB18     		adds	r3, r7, r3
 292 0038 1B78     		ldrb	r3, [r3]
 293 003a 1800     		movs	r0, r3
 294 003c FFF7FEFF 		bl	CyExitCriticalSection
 261:Generated_Source\PSoC4/isr_Capture.c **** }
 295              		.loc 1 261 0
 296 0040 C046     		nop
 297 0042 BD46     		mov	sp, r7
 298 0044 05B0     		add	sp, sp, #20
 299              		@ sp needed
 300 0046 90BD     		pop	{r4, r7, pc}
 301              	.L18:
 302              		.align	2
 303              	.L17:
 304 0048 10E400E0 		.word	-536812528
 305              		.cfi_endproc
 306              	.LFE6:
 307              		.size	isr_Capture_SetPriority, .-isr_Capture_SetPriority
 308              		.section	.text.isr_Capture_GetPriority,"ax",%progbits
ARM GAS  C:\Users\ilya\AppData\Local\Temp\ccYKrJKc.s 			page 11


 309              		.align	2
 310              		.global	isr_Capture_GetPriority
 311              		.code	16
 312              		.thumb_func
 313              		.type	isr_Capture_GetPriority, %function
 314              	isr_Capture_GetPriority:
 315              	.LFB7:
 262:Generated_Source\PSoC4/isr_Capture.c **** 
 263:Generated_Source\PSoC4/isr_Capture.c **** 
 264:Generated_Source\PSoC4/isr_Capture.c **** /*******************************************************************************
 265:Generated_Source\PSoC4/isr_Capture.c **** * Function Name: isr_Capture_GetPriority
 266:Generated_Source\PSoC4/isr_Capture.c **** ********************************************************************************
 267:Generated_Source\PSoC4/isr_Capture.c **** *
 268:Generated_Source\PSoC4/isr_Capture.c **** * Summary:
 269:Generated_Source\PSoC4/isr_Capture.c **** *   Gets the Priority of the Interrupt.
 270:Generated_Source\PSoC4/isr_Capture.c **** *
 271:Generated_Source\PSoC4/isr_Capture.c **** * Parameters:
 272:Generated_Source\PSoC4/isr_Capture.c **** *   None
 273:Generated_Source\PSoC4/isr_Capture.c **** *
 274:Generated_Source\PSoC4/isr_Capture.c **** * Return:
 275:Generated_Source\PSoC4/isr_Capture.c **** *   Priority of the interrupt, 0 being the highest priority
 276:Generated_Source\PSoC4/isr_Capture.c **** *    PSoC 3 and PSoC 5LP: Priority is from 0 to 7.
 277:Generated_Source\PSoC4/isr_Capture.c **** *    PSoC 4: Priority is from 0 to 3.
 278:Generated_Source\PSoC4/isr_Capture.c **** *
 279:Generated_Source\PSoC4/isr_Capture.c **** *******************************************************************************/
 280:Generated_Source\PSoC4/isr_Capture.c **** uint8 isr_Capture_GetPriority(void)
 281:Generated_Source\PSoC4/isr_Capture.c **** {
 316              		.loc 1 281 0
 317              		.cfi_startproc
 318              		@ args = 0, pretend = 0, frame = 8
 319              		@ frame_needed = 1, uses_anonymous_args = 0
 320 0000 80B5     		push	{r7, lr}
 321              		.cfi_def_cfa_offset 8
 322              		.cfi_offset 7, -8
 323              		.cfi_offset 14, -4
 324 0002 82B0     		sub	sp, sp, #8
 325              		.cfi_def_cfa_offset 16
 326 0004 00AF     		add	r7, sp, #0
 327              		.cfi_def_cfa_register 7
 282:Generated_Source\PSoC4/isr_Capture.c ****     uint32 priority;
 283:Generated_Source\PSoC4/isr_Capture.c **** 	uint32 priorityOffset = ((isr_Capture__INTC_NUMBER % 4u) * 8u) + 6u;
 328              		.loc 1 283 0
 329 0006 1E23     		movs	r3, #30
 330 0008 7B60     		str	r3, [r7, #4]
 284:Generated_Source\PSoC4/isr_Capture.c **** 
 285:Generated_Source\PSoC4/isr_Capture.c ****     priority = (*isr_Capture_INTC_PRIOR & isr_Capture__INTC_PRIOR_MASK) >> priorityOffset;
 331              		.loc 1 285 0
 332 000a 074B     		ldr	r3, .L21
 333 000c 1B68     		ldr	r3, [r3]
 334 000e 9B0F     		lsrs	r3, r3, #30
 335 0010 9A07     		lsls	r2, r3, #30
 336 0012 7B68     		ldr	r3, [r7, #4]
 337 0014 DA40     		lsrs	r2, r2, r3
 338 0016 1300     		movs	r3, r2
 339 0018 3B60     		str	r3, [r7]
 286:Generated_Source\PSoC4/isr_Capture.c **** 
 287:Generated_Source\PSoC4/isr_Capture.c ****     return (uint8)priority;
ARM GAS  C:\Users\ilya\AppData\Local\Temp\ccYKrJKc.s 			page 12


 340              		.loc 1 287 0
 341 001a 3B68     		ldr	r3, [r7]
 342 001c DBB2     		uxtb	r3, r3
 288:Generated_Source\PSoC4/isr_Capture.c **** }
 343              		.loc 1 288 0
 344 001e 1800     		movs	r0, r3
 345 0020 BD46     		mov	sp, r7
 346 0022 02B0     		add	sp, sp, #8
 347              		@ sp needed
 348 0024 80BD     		pop	{r7, pc}
 349              	.L22:
 350 0026 C046     		.align	2
 351              	.L21:
 352 0028 10E400E0 		.word	-536812528
 353              		.cfi_endproc
 354              	.LFE7:
 355              		.size	isr_Capture_GetPriority, .-isr_Capture_GetPriority
 356              		.section	.text.isr_Capture_Enable,"ax",%progbits
 357              		.align	2
 358              		.global	isr_Capture_Enable
 359              		.code	16
 360              		.thumb_func
 361              		.type	isr_Capture_Enable, %function
 362              	isr_Capture_Enable:
 363              	.LFB8:
 289:Generated_Source\PSoC4/isr_Capture.c **** 
 290:Generated_Source\PSoC4/isr_Capture.c **** 
 291:Generated_Source\PSoC4/isr_Capture.c **** /*******************************************************************************
 292:Generated_Source\PSoC4/isr_Capture.c **** * Function Name: isr_Capture_Enable
 293:Generated_Source\PSoC4/isr_Capture.c **** ********************************************************************************
 294:Generated_Source\PSoC4/isr_Capture.c **** *
 295:Generated_Source\PSoC4/isr_Capture.c **** * Summary:
 296:Generated_Source\PSoC4/isr_Capture.c **** *   Enables the interrupt to the interrupt controller. Do not call this function
 297:Generated_Source\PSoC4/isr_Capture.c **** *   unless ISR_Start() has been called or the functionality of the ISR_Start() 
 298:Generated_Source\PSoC4/isr_Capture.c **** *   function, which sets the vector and the priority, has been called.
 299:Generated_Source\PSoC4/isr_Capture.c **** *
 300:Generated_Source\PSoC4/isr_Capture.c **** * Parameters:
 301:Generated_Source\PSoC4/isr_Capture.c **** *   None
 302:Generated_Source\PSoC4/isr_Capture.c **** *
 303:Generated_Source\PSoC4/isr_Capture.c **** * Return:
 304:Generated_Source\PSoC4/isr_Capture.c **** *   None
 305:Generated_Source\PSoC4/isr_Capture.c **** *
 306:Generated_Source\PSoC4/isr_Capture.c **** *******************************************************************************/
 307:Generated_Source\PSoC4/isr_Capture.c **** void isr_Capture_Enable(void)
 308:Generated_Source\PSoC4/isr_Capture.c **** {
 364              		.loc 1 308 0
 365              		.cfi_startproc
 366              		@ args = 0, pretend = 0, frame = 0
 367              		@ frame_needed = 1, uses_anonymous_args = 0
 368 0000 80B5     		push	{r7, lr}
 369              		.cfi_def_cfa_offset 8
 370              		.cfi_offset 7, -8
 371              		.cfi_offset 14, -4
 372 0002 00AF     		add	r7, sp, #0
 373              		.cfi_def_cfa_register 7
 309:Generated_Source\PSoC4/isr_Capture.c ****     /* Enable the general interrupt. */
 310:Generated_Source\PSoC4/isr_Capture.c ****     *isr_Capture_INTC_SET_EN = isr_Capture__INTC_MASK;
ARM GAS  C:\Users\ilya\AppData\Local\Temp\ccYKrJKc.s 			page 13


 374              		.loc 1 310 0
 375 0004 034B     		ldr	r3, .L24
 376 0006 8022     		movs	r2, #128
 377 0008 1203     		lsls	r2, r2, #12
 378 000a 1A60     		str	r2, [r3]
 311:Generated_Source\PSoC4/isr_Capture.c **** }
 379              		.loc 1 311 0
 380 000c C046     		nop
 381 000e BD46     		mov	sp, r7
 382              		@ sp needed
 383 0010 80BD     		pop	{r7, pc}
 384              	.L25:
 385 0012 C046     		.align	2
 386              	.L24:
 387 0014 00E100E0 		.word	-536813312
 388              		.cfi_endproc
 389              	.LFE8:
 390              		.size	isr_Capture_Enable, .-isr_Capture_Enable
 391              		.section	.text.isr_Capture_GetState,"ax",%progbits
 392              		.align	2
 393              		.global	isr_Capture_GetState
 394              		.code	16
 395              		.thumb_func
 396              		.type	isr_Capture_GetState, %function
 397              	isr_Capture_GetState:
 398              	.LFB9:
 312:Generated_Source\PSoC4/isr_Capture.c **** 
 313:Generated_Source\PSoC4/isr_Capture.c **** 
 314:Generated_Source\PSoC4/isr_Capture.c **** /*******************************************************************************
 315:Generated_Source\PSoC4/isr_Capture.c **** * Function Name: isr_Capture_GetState
 316:Generated_Source\PSoC4/isr_Capture.c **** ********************************************************************************
 317:Generated_Source\PSoC4/isr_Capture.c **** *
 318:Generated_Source\PSoC4/isr_Capture.c **** * Summary:
 319:Generated_Source\PSoC4/isr_Capture.c **** *   Gets the state (enabled, disabled) of the Interrupt.
 320:Generated_Source\PSoC4/isr_Capture.c **** *
 321:Generated_Source\PSoC4/isr_Capture.c **** * Parameters:
 322:Generated_Source\PSoC4/isr_Capture.c **** *   None
 323:Generated_Source\PSoC4/isr_Capture.c **** *
 324:Generated_Source\PSoC4/isr_Capture.c **** * Return:
 325:Generated_Source\PSoC4/isr_Capture.c **** *   1 if enabled, 0 if disabled.
 326:Generated_Source\PSoC4/isr_Capture.c **** *
 327:Generated_Source\PSoC4/isr_Capture.c **** *******************************************************************************/
 328:Generated_Source\PSoC4/isr_Capture.c **** uint8 isr_Capture_GetState(void)
 329:Generated_Source\PSoC4/isr_Capture.c **** {
 399              		.loc 1 329 0
 400              		.cfi_startproc
 401              		@ args = 0, pretend = 0, frame = 0
 402              		@ frame_needed = 1, uses_anonymous_args = 0
 403 0000 80B5     		push	{r7, lr}
 404              		.cfi_def_cfa_offset 8
 405              		.cfi_offset 7, -8
 406              		.cfi_offset 14, -4
 407 0002 00AF     		add	r7, sp, #0
 408              		.cfi_def_cfa_register 7
 330:Generated_Source\PSoC4/isr_Capture.c ****     /* Get the state of the general interrupt. */
 331:Generated_Source\PSoC4/isr_Capture.c ****     return ((*isr_Capture_INTC_SET_EN & (uint32)isr_Capture__INTC_MASK) != 0u) ? 1u:0u;
 409              		.loc 1 331 0
ARM GAS  C:\Users\ilya\AppData\Local\Temp\ccYKrJKc.s 			page 14


 410 0004 054B     		ldr	r3, .L30
 411 0006 1A68     		ldr	r2, [r3]
 412 0008 8023     		movs	r3, #128
 413 000a 1B03     		lsls	r3, r3, #12
 414 000c 1340     		ands	r3, r2
 415 000e 01D0     		beq	.L27
 416              		.loc 1 331 0 is_stmt 0 discriminator 1
 417 0010 0123     		movs	r3, #1
 418 0012 00E0     		b	.L28
 419              	.L27:
 420              		.loc 1 331 0 discriminator 2
 421 0014 0023     		movs	r3, #0
 422              	.L28:
 332:Generated_Source\PSoC4/isr_Capture.c **** }
 423              		.loc 1 332 0 is_stmt 1 discriminator 4
 424 0016 1800     		movs	r0, r3
 425 0018 BD46     		mov	sp, r7
 426              		@ sp needed
 427 001a 80BD     		pop	{r7, pc}
 428              	.L31:
 429              		.align	2
 430              	.L30:
 431 001c 00E100E0 		.word	-536813312
 432              		.cfi_endproc
 433              	.LFE9:
 434              		.size	isr_Capture_GetState, .-isr_Capture_GetState
 435              		.section	.text.isr_Capture_Disable,"ax",%progbits
 436              		.align	2
 437              		.global	isr_Capture_Disable
 438              		.code	16
 439              		.thumb_func
 440              		.type	isr_Capture_Disable, %function
 441              	isr_Capture_Disable:
 442              	.LFB10:
 333:Generated_Source\PSoC4/isr_Capture.c **** 
 334:Generated_Source\PSoC4/isr_Capture.c **** 
 335:Generated_Source\PSoC4/isr_Capture.c **** /*******************************************************************************
 336:Generated_Source\PSoC4/isr_Capture.c **** * Function Name: isr_Capture_Disable
 337:Generated_Source\PSoC4/isr_Capture.c **** ********************************************************************************
 338:Generated_Source\PSoC4/isr_Capture.c **** *
 339:Generated_Source\PSoC4/isr_Capture.c **** * Summary:
 340:Generated_Source\PSoC4/isr_Capture.c **** *   Disables the Interrupt in the interrupt controller.
 341:Generated_Source\PSoC4/isr_Capture.c **** *
 342:Generated_Source\PSoC4/isr_Capture.c **** * Parameters:
 343:Generated_Source\PSoC4/isr_Capture.c **** *   None
 344:Generated_Source\PSoC4/isr_Capture.c **** *
 345:Generated_Source\PSoC4/isr_Capture.c **** * Return:
 346:Generated_Source\PSoC4/isr_Capture.c **** *   None
 347:Generated_Source\PSoC4/isr_Capture.c **** *
 348:Generated_Source\PSoC4/isr_Capture.c **** *******************************************************************************/
 349:Generated_Source\PSoC4/isr_Capture.c **** void isr_Capture_Disable(void)
 350:Generated_Source\PSoC4/isr_Capture.c **** {
 443              		.loc 1 350 0
 444              		.cfi_startproc
 445              		@ args = 0, pretend = 0, frame = 0
 446              		@ frame_needed = 1, uses_anonymous_args = 0
 447 0000 80B5     		push	{r7, lr}
ARM GAS  C:\Users\ilya\AppData\Local\Temp\ccYKrJKc.s 			page 15


 448              		.cfi_def_cfa_offset 8
 449              		.cfi_offset 7, -8
 450              		.cfi_offset 14, -4
 451 0002 00AF     		add	r7, sp, #0
 452              		.cfi_def_cfa_register 7
 351:Generated_Source\PSoC4/isr_Capture.c ****     /* Disable the general interrupt. */
 352:Generated_Source\PSoC4/isr_Capture.c ****     *isr_Capture_INTC_CLR_EN = isr_Capture__INTC_MASK;
 453              		.loc 1 352 0
 454 0004 034B     		ldr	r3, .L33
 455 0006 8022     		movs	r2, #128
 456 0008 1203     		lsls	r2, r2, #12
 457 000a 1A60     		str	r2, [r3]
 353:Generated_Source\PSoC4/isr_Capture.c **** }
 458              		.loc 1 353 0
 459 000c C046     		nop
 460 000e BD46     		mov	sp, r7
 461              		@ sp needed
 462 0010 80BD     		pop	{r7, pc}
 463              	.L34:
 464 0012 C046     		.align	2
 465              	.L33:
 466 0014 80E100E0 		.word	-536813184
 467              		.cfi_endproc
 468              	.LFE10:
 469              		.size	isr_Capture_Disable, .-isr_Capture_Disable
 470              		.section	.text.isr_Capture_SetPending,"ax",%progbits
 471              		.align	2
 472              		.global	isr_Capture_SetPending
 473              		.code	16
 474              		.thumb_func
 475              		.type	isr_Capture_SetPending, %function
 476              	isr_Capture_SetPending:
 477              	.LFB11:
 354:Generated_Source\PSoC4/isr_Capture.c **** 
 355:Generated_Source\PSoC4/isr_Capture.c **** 
 356:Generated_Source\PSoC4/isr_Capture.c **** /*******************************************************************************
 357:Generated_Source\PSoC4/isr_Capture.c **** * Function Name: isr_Capture_SetPending
 358:Generated_Source\PSoC4/isr_Capture.c **** ********************************************************************************
 359:Generated_Source\PSoC4/isr_Capture.c **** *
 360:Generated_Source\PSoC4/isr_Capture.c **** * Summary:
 361:Generated_Source\PSoC4/isr_Capture.c **** *   Causes the Interrupt to enter the pending state, a software method of
 362:Generated_Source\PSoC4/isr_Capture.c **** *   generating the interrupt.
 363:Generated_Source\PSoC4/isr_Capture.c **** *
 364:Generated_Source\PSoC4/isr_Capture.c **** * Parameters:
 365:Generated_Source\PSoC4/isr_Capture.c **** *   None
 366:Generated_Source\PSoC4/isr_Capture.c **** *
 367:Generated_Source\PSoC4/isr_Capture.c **** * Return:
 368:Generated_Source\PSoC4/isr_Capture.c **** *   None
 369:Generated_Source\PSoC4/isr_Capture.c **** *
 370:Generated_Source\PSoC4/isr_Capture.c **** * Side Effects:
 371:Generated_Source\PSoC4/isr_Capture.c **** *   If interrupts are enabled and the interrupt is set up properly, the ISR is
 372:Generated_Source\PSoC4/isr_Capture.c **** *   entered (depending on the priority of this interrupt and other pending 
 373:Generated_Source\PSoC4/isr_Capture.c **** *   interrupts).
 374:Generated_Source\PSoC4/isr_Capture.c **** *
 375:Generated_Source\PSoC4/isr_Capture.c **** *******************************************************************************/
 376:Generated_Source\PSoC4/isr_Capture.c **** void isr_Capture_SetPending(void)
 377:Generated_Source\PSoC4/isr_Capture.c **** {
ARM GAS  C:\Users\ilya\AppData\Local\Temp\ccYKrJKc.s 			page 16


 478              		.loc 1 377 0
 479              		.cfi_startproc
 480              		@ args = 0, pretend = 0, frame = 0
 481              		@ frame_needed = 1, uses_anonymous_args = 0
 482 0000 80B5     		push	{r7, lr}
 483              		.cfi_def_cfa_offset 8
 484              		.cfi_offset 7, -8
 485              		.cfi_offset 14, -4
 486 0002 00AF     		add	r7, sp, #0
 487              		.cfi_def_cfa_register 7
 378:Generated_Source\PSoC4/isr_Capture.c ****     *isr_Capture_INTC_SET_PD = isr_Capture__INTC_MASK;
 488              		.loc 1 378 0
 489 0004 034B     		ldr	r3, .L36
 490 0006 8022     		movs	r2, #128
 491 0008 1203     		lsls	r2, r2, #12
 492 000a 1A60     		str	r2, [r3]
 379:Generated_Source\PSoC4/isr_Capture.c **** }
 493              		.loc 1 379 0
 494 000c C046     		nop
 495 000e BD46     		mov	sp, r7
 496              		@ sp needed
 497 0010 80BD     		pop	{r7, pc}
 498              	.L37:
 499 0012 C046     		.align	2
 500              	.L36:
 501 0014 00E200E0 		.word	-536813056
 502              		.cfi_endproc
 503              	.LFE11:
 504              		.size	isr_Capture_SetPending, .-isr_Capture_SetPending
 505              		.section	.text.isr_Capture_ClearPending,"ax",%progbits
 506              		.align	2
 507              		.global	isr_Capture_ClearPending
 508              		.code	16
 509              		.thumb_func
 510              		.type	isr_Capture_ClearPending, %function
 511              	isr_Capture_ClearPending:
 512              	.LFB12:
 380:Generated_Source\PSoC4/isr_Capture.c **** 
 381:Generated_Source\PSoC4/isr_Capture.c **** 
 382:Generated_Source\PSoC4/isr_Capture.c **** /*******************************************************************************
 383:Generated_Source\PSoC4/isr_Capture.c **** * Function Name: isr_Capture_ClearPending
 384:Generated_Source\PSoC4/isr_Capture.c **** ********************************************************************************
 385:Generated_Source\PSoC4/isr_Capture.c **** *
 386:Generated_Source\PSoC4/isr_Capture.c **** * Summary:
 387:Generated_Source\PSoC4/isr_Capture.c **** *   Clears a pending interrupt in the interrupt controller.
 388:Generated_Source\PSoC4/isr_Capture.c **** *
 389:Generated_Source\PSoC4/isr_Capture.c **** *   Note Some interrupt sources are clear-on-read and require the block 
 390:Generated_Source\PSoC4/isr_Capture.c **** *   interrupt/status register to be read/cleared with the appropriate block API 
 391:Generated_Source\PSoC4/isr_Capture.c **** *   (GPIO, UART, and so on). Otherwise the ISR will continue to remain in 
 392:Generated_Source\PSoC4/isr_Capture.c **** *   pending state even though the interrupt itself is cleared using this API.
 393:Generated_Source\PSoC4/isr_Capture.c **** *
 394:Generated_Source\PSoC4/isr_Capture.c **** * Parameters:
 395:Generated_Source\PSoC4/isr_Capture.c **** *   None
 396:Generated_Source\PSoC4/isr_Capture.c **** *
 397:Generated_Source\PSoC4/isr_Capture.c **** * Return:
 398:Generated_Source\PSoC4/isr_Capture.c **** *   None
 399:Generated_Source\PSoC4/isr_Capture.c **** *
ARM GAS  C:\Users\ilya\AppData\Local\Temp\ccYKrJKc.s 			page 17


 400:Generated_Source\PSoC4/isr_Capture.c **** *******************************************************************************/
 401:Generated_Source\PSoC4/isr_Capture.c **** void isr_Capture_ClearPending(void)
 402:Generated_Source\PSoC4/isr_Capture.c **** {
 513              		.loc 1 402 0
 514              		.cfi_startproc
 515              		@ args = 0, pretend = 0, frame = 0
 516              		@ frame_needed = 1, uses_anonymous_args = 0
 517 0000 80B5     		push	{r7, lr}
 518              		.cfi_def_cfa_offset 8
 519              		.cfi_offset 7, -8
 520              		.cfi_offset 14, -4
 521 0002 00AF     		add	r7, sp, #0
 522              		.cfi_def_cfa_register 7
 403:Generated_Source\PSoC4/isr_Capture.c ****     *isr_Capture_INTC_CLR_PD = isr_Capture__INTC_MASK;
 523              		.loc 1 403 0
 524 0004 034B     		ldr	r3, .L39
 525 0006 8022     		movs	r2, #128
 526 0008 1203     		lsls	r2, r2, #12
 527 000a 1A60     		str	r2, [r3]
 404:Generated_Source\PSoC4/isr_Capture.c **** }
 528              		.loc 1 404 0
 529 000c C046     		nop
 530 000e BD46     		mov	sp, r7
 531              		@ sp needed
 532 0010 80BD     		pop	{r7, pc}
 533              	.L40:
 534 0012 C046     		.align	2
 535              	.L39:
 536 0014 80E200E0 		.word	-536812928
 537              		.cfi_endproc
 538              	.LFE12:
 539              		.size	isr_Capture_ClearPending, .-isr_Capture_ClearPending
 540              		.text
 541              	.Letext0:
 542              		.file 2 "Generated_Source\\PSoC4/cytypes.h"
 543              		.section	.debug_info,"",%progbits
 544              	.Ldebug_info0:
 545 0000 61020000 		.4byte	0x261
 546 0004 0400     		.2byte	0x4
 547 0006 00000000 		.4byte	.Ldebug_abbrev0
 548 000a 04       		.byte	0x4
 549 000b 01       		.uleb128 0x1
 550 000c F5000000 		.4byte	.LASF34
 551 0010 0C       		.byte	0xc
 552 0011 DE010000 		.4byte	.LASF35
 553 0015 A1010000 		.4byte	.LASF36
 554 0019 00000000 		.4byte	.Ldebug_ranges0+0
 555 001d 00000000 		.4byte	0
 556 0021 00000000 		.4byte	.Ldebug_line0
 557 0025 02       		.uleb128 0x2
 558 0026 01       		.byte	0x1
 559 0027 06       		.byte	0x6
 560 0028 FA020000 		.4byte	.LASF0
 561 002c 02       		.uleb128 0x2
 562 002d 01       		.byte	0x1
 563 002e 08       		.byte	0x8
 564 002f 8C010000 		.4byte	.LASF1
ARM GAS  C:\Users\ilya\AppData\Local\Temp\ccYKrJKc.s 			page 18


 565 0033 02       		.uleb128 0x2
 566 0034 02       		.byte	0x2
 567 0035 05       		.byte	0x5
 568 0036 B4020000 		.4byte	.LASF2
 569 003a 02       		.uleb128 0x2
 570 003b 02       		.byte	0x2
 571 003c 07       		.byte	0x7
 572 003d 3D000000 		.4byte	.LASF3
 573 0041 02       		.uleb128 0x2
 574 0042 04       		.byte	0x4
 575 0043 05       		.byte	0x5
 576 0044 E5020000 		.4byte	.LASF4
 577 0048 02       		.uleb128 0x2
 578 0049 04       		.byte	0x4
 579 004a 07       		.byte	0x7
 580 004b 0A020000 		.4byte	.LASF5
 581 004f 02       		.uleb128 0x2
 582 0050 08       		.byte	0x8
 583 0051 05       		.byte	0x5
 584 0052 8A020000 		.4byte	.LASF6
 585 0056 02       		.uleb128 0x2
 586 0057 08       		.byte	0x8
 587 0058 07       		.byte	0x7
 588 0059 31020000 		.4byte	.LASF7
 589 005d 03       		.uleb128 0x3
 590 005e 04       		.byte	0x4
 591 005f 05       		.byte	0x5
 592 0060 696E7400 		.ascii	"int\000"
 593 0064 02       		.uleb128 0x2
 594 0065 04       		.byte	0x4
 595 0066 07       		.byte	0x7
 596 0067 1C020000 		.4byte	.LASF8
 597 006b 04       		.uleb128 0x4
 598 006c DD000000 		.4byte	.LASF9
 599 0070 02       		.byte	0x2
 600 0071 B901     		.2byte	0x1b9
 601 0073 2C000000 		.4byte	0x2c
 602 0077 04       		.uleb128 0x4
 603 0078 03020000 		.4byte	.LASF10
 604 007c 02       		.byte	0x2
 605 007d BB01     		.2byte	0x1bb
 606 007f 48000000 		.4byte	0x48
 607 0083 02       		.uleb128 0x2
 608 0084 04       		.byte	0x4
 609 0085 04       		.byte	0x4
 610 0086 93000000 		.4byte	.LASF11
 611 008a 02       		.uleb128 0x2
 612 008b 08       		.byte	0x8
 613 008c 04       		.byte	0x4
 614 008d 9A010000 		.4byte	.LASF12
 615 0091 02       		.uleb128 0x2
 616 0092 01       		.byte	0x1
 617 0093 08       		.byte	0x8
 618 0094 AF020000 		.4byte	.LASF13
 619 0098 04       		.uleb128 0x4
 620 0099 19000000 		.4byte	.LASF14
 621 009d 02       		.byte	0x2
ARM GAS  C:\Users\ilya\AppData\Local\Temp\ccYKrJKc.s 			page 19


 622 009e 6502     		.2byte	0x265
 623 00a0 A4000000 		.4byte	0xa4
 624 00a4 05       		.uleb128 0x5
 625 00a5 77000000 		.4byte	0x77
 626 00a9 04       		.uleb128 0x4
 627 00aa 5E020000 		.4byte	.LASF15
 628 00ae 02       		.byte	0x2
 629 00af 7502     		.2byte	0x275
 630 00b1 B5000000 		.4byte	0xb5
 631 00b5 06       		.uleb128 0x6
 632 00b6 04       		.byte	0x4
 633 00b7 BB000000 		.4byte	0xbb
 634 00bb 07       		.uleb128 0x7
 635 00bc 02       		.uleb128 0x2
 636 00bd 08       		.byte	0x8
 637 00be 04       		.byte	0x4
 638 00bf EE020000 		.4byte	.LASF16
 639 00c3 02       		.uleb128 0x2
 640 00c4 04       		.byte	0x4
 641 00c5 07       		.byte	0x7
 642 00c6 81020000 		.4byte	.LASF17
 643 00ca 08       		.uleb128 0x8
 644 00cb E3000000 		.4byte	.LASF18
 645 00cf 01       		.byte	0x1
 646 00d0 38       		.byte	0x38
 647 00d1 00000000 		.4byte	.LFB0
 648 00d5 24000000 		.4byte	.LFE0-.LFB0
 649 00d9 01       		.uleb128 0x1
 650 00da 9C       		.byte	0x9c
 651 00db 09       		.uleb128 0x9
 652 00dc BB000000 		.4byte	.LASF20
 653 00e0 01       		.byte	0x1
 654 00e1 63       		.byte	0x63
 655 00e2 00000000 		.4byte	.LFB1
 656 00e6 26000000 		.4byte	.LFE1-.LFB1
 657 00ea 01       		.uleb128 0x1
 658 00eb 9C       		.byte	0x9c
 659 00ec FF000000 		.4byte	0xff
 660 00f0 0A       		.uleb128 0xa
 661 00f1 29020000 		.4byte	.LASF23
 662 00f5 01       		.byte	0x1
 663 00f6 63       		.byte	0x63
 664 00f7 A9000000 		.4byte	0xa9
 665 00fb 02       		.uleb128 0x2
 666 00fc 91       		.byte	0x91
 667 00fd 74       		.sleb128 -12
 668 00fe 00       		.byte	0
 669 00ff 08       		.uleb128 0x8
 670 0100 2C000000 		.4byte	.LASF19
 671 0104 01       		.byte	0x1
 672 0105 81       		.byte	0x81
 673 0106 00000000 		.4byte	.LFB2
 674 010a 1C000000 		.4byte	.LFE2-.LFB2
 675 010e 01       		.uleb128 0x1
 676 010f 9C       		.byte	0x9c
 677 0110 09       		.uleb128 0x9
 678 0111 6B020000 		.4byte	.LASF21
ARM GAS  C:\Users\ilya\AppData\Local\Temp\ccYKrJKc.s 			page 20


 679 0115 01       		.byte	0x1
 680 0116 9F       		.byte	0x9f
 681 0117 00000000 		.4byte	.LFB3
 682 011b 0E000000 		.4byte	.LFE3-.LFB3
 683 011f 01       		.uleb128 0x1
 684 0120 9C       		.byte	0x9c
 685 0121 39010000 		.4byte	0x139
 686 0125 0B       		.uleb128 0xb
 687 0126 04000000 		.4byte	.LBB2
 688 012a 04000000 		.4byte	.LBE2-.LBB2
 689 012e 0C       		.uleb128 0xc
 690 012f CF000000 		.4byte	.LASF37
 691 0133 01       		.byte	0x1
 692 0134 A8       		.byte	0xa8
 693 0135 0D       		.uleb128 0xd
 694 0136 00       		.byte	0
 695 0137 00       		.byte	0
 696 0138 00       		.byte	0
 697 0139 0E       		.uleb128 0xe
 698 013a 7D000000 		.4byte	.LASF22
 699 013e 01       		.byte	0x1
 700 013f CA       		.byte	0xca
 701 0140 00000000 		.4byte	.LFB4
 702 0144 1C000000 		.4byte	.LFE4-.LFB4
 703 0148 01       		.uleb128 0x1
 704 0149 9C       		.byte	0x9c
 705 014a 5D010000 		.4byte	0x15d
 706 014e 0A       		.uleb128 0xa
 707 014f 29020000 		.4byte	.LASF23
 708 0153 01       		.byte	0x1
 709 0154 CA       		.byte	0xca
 710 0155 A9000000 		.4byte	0xa9
 711 0159 02       		.uleb128 0x2
 712 015a 91       		.byte	0x91
 713 015b 74       		.sleb128 -12
 714 015c 00       		.byte	0
 715 015d 0F       		.uleb128 0xf
 716 015e 48020000 		.4byte	.LASF29
 717 0162 01       		.byte	0x1
 718 0163 DE       		.byte	0xde
 719 0164 A9000000 		.4byte	0xa9
 720 0168 00000000 		.4byte	.LFB5
 721 016c 14000000 		.4byte	.LFE5-.LFB5
 722 0170 01       		.uleb128 0x1
 723 0171 9C       		.byte	0x9c
 724 0172 09       		.uleb128 0x9
 725 0173 65000000 		.4byte	.LASF24
 726 0177 01       		.byte	0x1
 727 0178 FC       		.byte	0xfc
 728 0179 00000000 		.4byte	.LFB6
 729 017d 4C000000 		.4byte	.LFE6-.LFB6
 730 0181 01       		.uleb128 0x1
 731 0182 9C       		.byte	0x9c
 732 0183 B2010000 		.4byte	0x1b2
 733 0187 0A       		.uleb128 0xa
 734 0188 83010000 		.4byte	.LASF25
 735 018c 01       		.byte	0x1
ARM GAS  C:\Users\ilya\AppData\Local\Temp\ccYKrJKc.s 			page 21


 736 018d FC       		.byte	0xfc
 737 018e 6B000000 		.4byte	0x6b
 738 0192 02       		.uleb128 0x2
 739 0193 91       		.byte	0x91
 740 0194 67       		.sleb128 -25
 741 0195 10       		.uleb128 0x10
 742 0196 AC000000 		.4byte	.LASF26
 743 019a 01       		.byte	0x1
 744 019b FE       		.byte	0xfe
 745 019c 6B000000 		.4byte	0x6b
 746 01a0 02       		.uleb128 0x2
 747 01a1 91       		.byte	0x91
 748 01a2 6B       		.sleb128 -21
 749 01a3 10       		.uleb128 0x10
 750 01a4 D6020000 		.4byte	.LASF27
 751 01a8 01       		.byte	0x1
 752 01a9 FF       		.byte	0xff
 753 01aa 77000000 		.4byte	0x77
 754 01ae 02       		.uleb128 0x2
 755 01af 91       		.byte	0x91
 756 01b0 6C       		.sleb128 -20
 757 01b1 00       		.byte	0
 758 01b2 11       		.uleb128 0x11
 759 01b3 BE020000 		.4byte	.LASF38
 760 01b7 01       		.byte	0x1
 761 01b8 1801     		.2byte	0x118
 762 01ba 6B000000 		.4byte	0x6b
 763 01be 00000000 		.4byte	.LFB7
 764 01c2 2C000000 		.4byte	.LFE7-.LFB7
 765 01c6 01       		.uleb128 0x1
 766 01c7 9C       		.byte	0x9c
 767 01c8 EB010000 		.4byte	0x1eb
 768 01cc 12       		.uleb128 0x12
 769 01cd 83010000 		.4byte	.LASF25
 770 01d1 01       		.byte	0x1
 771 01d2 1A01     		.2byte	0x11a
 772 01d4 77000000 		.4byte	0x77
 773 01d8 02       		.uleb128 0x2
 774 01d9 91       		.byte	0x91
 775 01da 70       		.sleb128 -16
 776 01db 12       		.uleb128 0x12
 777 01dc D6020000 		.4byte	.LASF27
 778 01e0 01       		.byte	0x1
 779 01e1 1B01     		.2byte	0x11b
 780 01e3 77000000 		.4byte	0x77
 781 01e7 02       		.uleb128 0x2
 782 01e8 91       		.byte	0x91
 783 01e9 74       		.sleb128 -12
 784 01ea 00       		.byte	0
 785 01eb 13       		.uleb128 0x13
 786 01ec 99000000 		.4byte	.LASF28
 787 01f0 01       		.byte	0x1
 788 01f1 3301     		.2byte	0x133
 789 01f3 00000000 		.4byte	.LFB8
 790 01f7 18000000 		.4byte	.LFE8-.LFB8
 791 01fb 01       		.uleb128 0x1
 792 01fc 9C       		.byte	0x9c
ARM GAS  C:\Users\ilya\AppData\Local\Temp\ccYKrJKc.s 			page 22


 793 01fd 14       		.uleb128 0x14
 794 01fe 50000000 		.4byte	.LASF30
 795 0202 01       		.byte	0x1
 796 0203 4801     		.2byte	0x148
 797 0205 6B000000 		.4byte	0x6b
 798 0209 00000000 		.4byte	.LFB9
 799 020d 20000000 		.4byte	.LFE9-.LFB9
 800 0211 01       		.uleb128 0x1
 801 0212 9C       		.byte	0x9c
 802 0213 13       		.uleb128 0x13
 803 0214 CA010000 		.4byte	.LASF31
 804 0218 01       		.byte	0x1
 805 0219 5D01     		.2byte	0x15d
 806 021b 00000000 		.4byte	.LFB10
 807 021f 18000000 		.4byte	.LFE10-.LFB10
 808 0223 01       		.uleb128 0x1
 809 0224 9C       		.byte	0x9c
 810 0225 13       		.uleb128 0x13
 811 0226 98020000 		.4byte	.LASF32
 812 022a 01       		.byte	0x1
 813 022b 7801     		.2byte	0x178
 814 022d 00000000 		.4byte	.LFB11
 815 0231 18000000 		.4byte	.LFE11-.LFB11
 816 0235 01       		.uleb128 0x1
 817 0236 9C       		.byte	0x9c
 818 0237 13       		.uleb128 0x13
 819 0238 00000000 		.4byte	.LASF33
 820 023c 01       		.byte	0x1
 821 023d 9101     		.2byte	0x191
 822 023f 00000000 		.4byte	.LFB12
 823 0243 18000000 		.4byte	.LFE12-.LFB12
 824 0247 01       		.uleb128 0x1
 825 0248 9C       		.byte	0x9c
 826 0249 15       		.uleb128 0x15
 827 024a A9000000 		.4byte	0xa9
 828 024e 59020000 		.4byte	0x259
 829 0252 16       		.uleb128 0x16
 830 0253 C3000000 		.4byte	0xc3
 831 0257 2F       		.byte	0x2f
 832 0258 00       		.byte	0
 833 0259 17       		.uleb128 0x17
 834 025a 1F000000 		.4byte	.LASF39
 835 025e 01       		.byte	0x1
 836 025f 21       		.byte	0x21
 837 0260 49020000 		.4byte	0x249
 838 0264 00       		.byte	0
 839              		.section	.debug_abbrev,"",%progbits
 840              	.Ldebug_abbrev0:
 841 0000 01       		.uleb128 0x1
 842 0001 11       		.uleb128 0x11
 843 0002 01       		.byte	0x1
 844 0003 25       		.uleb128 0x25
 845 0004 0E       		.uleb128 0xe
 846 0005 13       		.uleb128 0x13
 847 0006 0B       		.uleb128 0xb
 848 0007 03       		.uleb128 0x3
 849 0008 0E       		.uleb128 0xe
ARM GAS  C:\Users\ilya\AppData\Local\Temp\ccYKrJKc.s 			page 23


 850 0009 1B       		.uleb128 0x1b
 851 000a 0E       		.uleb128 0xe
 852 000b 55       		.uleb128 0x55
 853 000c 17       		.uleb128 0x17
 854 000d 11       		.uleb128 0x11
 855 000e 01       		.uleb128 0x1
 856 000f 10       		.uleb128 0x10
 857 0010 17       		.uleb128 0x17
 858 0011 00       		.byte	0
 859 0012 00       		.byte	0
 860 0013 02       		.uleb128 0x2
 861 0014 24       		.uleb128 0x24
 862 0015 00       		.byte	0
 863 0016 0B       		.uleb128 0xb
 864 0017 0B       		.uleb128 0xb
 865 0018 3E       		.uleb128 0x3e
 866 0019 0B       		.uleb128 0xb
 867 001a 03       		.uleb128 0x3
 868 001b 0E       		.uleb128 0xe
 869 001c 00       		.byte	0
 870 001d 00       		.byte	0
 871 001e 03       		.uleb128 0x3
 872 001f 24       		.uleb128 0x24
 873 0020 00       		.byte	0
 874 0021 0B       		.uleb128 0xb
 875 0022 0B       		.uleb128 0xb
 876 0023 3E       		.uleb128 0x3e
 877 0024 0B       		.uleb128 0xb
 878 0025 03       		.uleb128 0x3
 879 0026 08       		.uleb128 0x8
 880 0027 00       		.byte	0
 881 0028 00       		.byte	0
 882 0029 04       		.uleb128 0x4
 883 002a 16       		.uleb128 0x16
 884 002b 00       		.byte	0
 885 002c 03       		.uleb128 0x3
 886 002d 0E       		.uleb128 0xe
 887 002e 3A       		.uleb128 0x3a
 888 002f 0B       		.uleb128 0xb
 889 0030 3B       		.uleb128 0x3b
 890 0031 05       		.uleb128 0x5
 891 0032 49       		.uleb128 0x49
 892 0033 13       		.uleb128 0x13
 893 0034 00       		.byte	0
 894 0035 00       		.byte	0
 895 0036 05       		.uleb128 0x5
 896 0037 35       		.uleb128 0x35
 897 0038 00       		.byte	0
 898 0039 49       		.uleb128 0x49
 899 003a 13       		.uleb128 0x13
 900 003b 00       		.byte	0
 901 003c 00       		.byte	0
 902 003d 06       		.uleb128 0x6
 903 003e 0F       		.uleb128 0xf
 904 003f 00       		.byte	0
 905 0040 0B       		.uleb128 0xb
 906 0041 0B       		.uleb128 0xb
ARM GAS  C:\Users\ilya\AppData\Local\Temp\ccYKrJKc.s 			page 24


 907 0042 49       		.uleb128 0x49
 908 0043 13       		.uleb128 0x13
 909 0044 00       		.byte	0
 910 0045 00       		.byte	0
 911 0046 07       		.uleb128 0x7
 912 0047 15       		.uleb128 0x15
 913 0048 00       		.byte	0
 914 0049 27       		.uleb128 0x27
 915 004a 19       		.uleb128 0x19
 916 004b 00       		.byte	0
 917 004c 00       		.byte	0
 918 004d 08       		.uleb128 0x8
 919 004e 2E       		.uleb128 0x2e
 920 004f 00       		.byte	0
 921 0050 3F       		.uleb128 0x3f
 922 0051 19       		.uleb128 0x19
 923 0052 03       		.uleb128 0x3
 924 0053 0E       		.uleb128 0xe
 925 0054 3A       		.uleb128 0x3a
 926 0055 0B       		.uleb128 0xb
 927 0056 3B       		.uleb128 0x3b
 928 0057 0B       		.uleb128 0xb
 929 0058 27       		.uleb128 0x27
 930 0059 19       		.uleb128 0x19
 931 005a 11       		.uleb128 0x11
 932 005b 01       		.uleb128 0x1
 933 005c 12       		.uleb128 0x12
 934 005d 06       		.uleb128 0x6
 935 005e 40       		.uleb128 0x40
 936 005f 18       		.uleb128 0x18
 937 0060 9642     		.uleb128 0x2116
 938 0062 19       		.uleb128 0x19
 939 0063 00       		.byte	0
 940 0064 00       		.byte	0
 941 0065 09       		.uleb128 0x9
 942 0066 2E       		.uleb128 0x2e
 943 0067 01       		.byte	0x1
 944 0068 3F       		.uleb128 0x3f
 945 0069 19       		.uleb128 0x19
 946 006a 03       		.uleb128 0x3
 947 006b 0E       		.uleb128 0xe
 948 006c 3A       		.uleb128 0x3a
 949 006d 0B       		.uleb128 0xb
 950 006e 3B       		.uleb128 0x3b
 951 006f 0B       		.uleb128 0xb
 952 0070 27       		.uleb128 0x27
 953 0071 19       		.uleb128 0x19
 954 0072 11       		.uleb128 0x11
 955 0073 01       		.uleb128 0x1
 956 0074 12       		.uleb128 0x12
 957 0075 06       		.uleb128 0x6
 958 0076 40       		.uleb128 0x40
 959 0077 18       		.uleb128 0x18
 960 0078 9642     		.uleb128 0x2116
 961 007a 19       		.uleb128 0x19
 962 007b 01       		.uleb128 0x1
 963 007c 13       		.uleb128 0x13
ARM GAS  C:\Users\ilya\AppData\Local\Temp\ccYKrJKc.s 			page 25


 964 007d 00       		.byte	0
 965 007e 00       		.byte	0
 966 007f 0A       		.uleb128 0xa
 967 0080 05       		.uleb128 0x5
 968 0081 00       		.byte	0
 969 0082 03       		.uleb128 0x3
 970 0083 0E       		.uleb128 0xe
 971 0084 3A       		.uleb128 0x3a
 972 0085 0B       		.uleb128 0xb
 973 0086 3B       		.uleb128 0x3b
 974 0087 0B       		.uleb128 0xb
 975 0088 49       		.uleb128 0x49
 976 0089 13       		.uleb128 0x13
 977 008a 02       		.uleb128 0x2
 978 008b 18       		.uleb128 0x18
 979 008c 00       		.byte	0
 980 008d 00       		.byte	0
 981 008e 0B       		.uleb128 0xb
 982 008f 0B       		.uleb128 0xb
 983 0090 01       		.byte	0x1
 984 0091 11       		.uleb128 0x11
 985 0092 01       		.uleb128 0x1
 986 0093 12       		.uleb128 0x12
 987 0094 06       		.uleb128 0x6
 988 0095 00       		.byte	0
 989 0096 00       		.byte	0
 990 0097 0C       		.uleb128 0xc
 991 0098 2E       		.uleb128 0x2e
 992 0099 01       		.byte	0x1
 993 009a 3F       		.uleb128 0x3f
 994 009b 19       		.uleb128 0x19
 995 009c 03       		.uleb128 0x3
 996 009d 0E       		.uleb128 0xe
 997 009e 3A       		.uleb128 0x3a
 998 009f 0B       		.uleb128 0xb
 999 00a0 3B       		.uleb128 0x3b
 1000 00a1 0B       		.uleb128 0xb
 1001 00a2 3C       		.uleb128 0x3c
 1002 00a3 19       		.uleb128 0x19
 1003 00a4 00       		.byte	0
 1004 00a5 00       		.byte	0
 1005 00a6 0D       		.uleb128 0xd
 1006 00a7 18       		.uleb128 0x18
 1007 00a8 00       		.byte	0
 1008 00a9 00       		.byte	0
 1009 00aa 00       		.byte	0
 1010 00ab 0E       		.uleb128 0xe
 1011 00ac 2E       		.uleb128 0x2e
 1012 00ad 01       		.byte	0x1
 1013 00ae 3F       		.uleb128 0x3f
 1014 00af 19       		.uleb128 0x19
 1015 00b0 03       		.uleb128 0x3
 1016 00b1 0E       		.uleb128 0xe
 1017 00b2 3A       		.uleb128 0x3a
 1018 00b3 0B       		.uleb128 0xb
 1019 00b4 3B       		.uleb128 0x3b
 1020 00b5 0B       		.uleb128 0xb
ARM GAS  C:\Users\ilya\AppData\Local\Temp\ccYKrJKc.s 			page 26


 1021 00b6 27       		.uleb128 0x27
 1022 00b7 19       		.uleb128 0x19
 1023 00b8 11       		.uleb128 0x11
 1024 00b9 01       		.uleb128 0x1
 1025 00ba 12       		.uleb128 0x12
 1026 00bb 06       		.uleb128 0x6
 1027 00bc 40       		.uleb128 0x40
 1028 00bd 18       		.uleb128 0x18
 1029 00be 9742     		.uleb128 0x2117
 1030 00c0 19       		.uleb128 0x19
 1031 00c1 01       		.uleb128 0x1
 1032 00c2 13       		.uleb128 0x13
 1033 00c3 00       		.byte	0
 1034 00c4 00       		.byte	0
 1035 00c5 0F       		.uleb128 0xf
 1036 00c6 2E       		.uleb128 0x2e
 1037 00c7 00       		.byte	0
 1038 00c8 3F       		.uleb128 0x3f
 1039 00c9 19       		.uleb128 0x19
 1040 00ca 03       		.uleb128 0x3
 1041 00cb 0E       		.uleb128 0xe
 1042 00cc 3A       		.uleb128 0x3a
 1043 00cd 0B       		.uleb128 0xb
 1044 00ce 3B       		.uleb128 0x3b
 1045 00cf 0B       		.uleb128 0xb
 1046 00d0 27       		.uleb128 0x27
 1047 00d1 19       		.uleb128 0x19
 1048 00d2 49       		.uleb128 0x49
 1049 00d3 13       		.uleb128 0x13
 1050 00d4 11       		.uleb128 0x11
 1051 00d5 01       		.uleb128 0x1
 1052 00d6 12       		.uleb128 0x12
 1053 00d7 06       		.uleb128 0x6
 1054 00d8 40       		.uleb128 0x40
 1055 00d9 18       		.uleb128 0x18
 1056 00da 9742     		.uleb128 0x2117
 1057 00dc 19       		.uleb128 0x19
 1058 00dd 00       		.byte	0
 1059 00de 00       		.byte	0
 1060 00df 10       		.uleb128 0x10
 1061 00e0 34       		.uleb128 0x34
 1062 00e1 00       		.byte	0
 1063 00e2 03       		.uleb128 0x3
 1064 00e3 0E       		.uleb128 0xe
 1065 00e4 3A       		.uleb128 0x3a
 1066 00e5 0B       		.uleb128 0xb
 1067 00e6 3B       		.uleb128 0x3b
 1068 00e7 0B       		.uleb128 0xb
 1069 00e8 49       		.uleb128 0x49
 1070 00e9 13       		.uleb128 0x13
 1071 00ea 02       		.uleb128 0x2
 1072 00eb 18       		.uleb128 0x18
 1073 00ec 00       		.byte	0
 1074 00ed 00       		.byte	0
 1075 00ee 11       		.uleb128 0x11
 1076 00ef 2E       		.uleb128 0x2e
 1077 00f0 01       		.byte	0x1
ARM GAS  C:\Users\ilya\AppData\Local\Temp\ccYKrJKc.s 			page 27


 1078 00f1 3F       		.uleb128 0x3f
 1079 00f2 19       		.uleb128 0x19
 1080 00f3 03       		.uleb128 0x3
 1081 00f4 0E       		.uleb128 0xe
 1082 00f5 3A       		.uleb128 0x3a
 1083 00f6 0B       		.uleb128 0xb
 1084 00f7 3B       		.uleb128 0x3b
 1085 00f8 05       		.uleb128 0x5
 1086 00f9 27       		.uleb128 0x27
 1087 00fa 19       		.uleb128 0x19
 1088 00fb 49       		.uleb128 0x49
 1089 00fc 13       		.uleb128 0x13
 1090 00fd 11       		.uleb128 0x11
 1091 00fe 01       		.uleb128 0x1
 1092 00ff 12       		.uleb128 0x12
 1093 0100 06       		.uleb128 0x6
 1094 0101 40       		.uleb128 0x40
 1095 0102 18       		.uleb128 0x18
 1096 0103 9742     		.uleb128 0x2117
 1097 0105 19       		.uleb128 0x19
 1098 0106 01       		.uleb128 0x1
 1099 0107 13       		.uleb128 0x13
 1100 0108 00       		.byte	0
 1101 0109 00       		.byte	0
 1102 010a 12       		.uleb128 0x12
 1103 010b 34       		.uleb128 0x34
 1104 010c 00       		.byte	0
 1105 010d 03       		.uleb128 0x3
 1106 010e 0E       		.uleb128 0xe
 1107 010f 3A       		.uleb128 0x3a
 1108 0110 0B       		.uleb128 0xb
 1109 0111 3B       		.uleb128 0x3b
 1110 0112 05       		.uleb128 0x5
 1111 0113 49       		.uleb128 0x49
 1112 0114 13       		.uleb128 0x13
 1113 0115 02       		.uleb128 0x2
 1114 0116 18       		.uleb128 0x18
 1115 0117 00       		.byte	0
 1116 0118 00       		.byte	0
 1117 0119 13       		.uleb128 0x13
 1118 011a 2E       		.uleb128 0x2e
 1119 011b 00       		.byte	0
 1120 011c 3F       		.uleb128 0x3f
 1121 011d 19       		.uleb128 0x19
 1122 011e 03       		.uleb128 0x3
 1123 011f 0E       		.uleb128 0xe
 1124 0120 3A       		.uleb128 0x3a
 1125 0121 0B       		.uleb128 0xb
 1126 0122 3B       		.uleb128 0x3b
 1127 0123 05       		.uleb128 0x5
 1128 0124 27       		.uleb128 0x27
 1129 0125 19       		.uleb128 0x19
 1130 0126 11       		.uleb128 0x11
 1131 0127 01       		.uleb128 0x1
 1132 0128 12       		.uleb128 0x12
 1133 0129 06       		.uleb128 0x6
 1134 012a 40       		.uleb128 0x40
ARM GAS  C:\Users\ilya\AppData\Local\Temp\ccYKrJKc.s 			page 28


 1135 012b 18       		.uleb128 0x18
 1136 012c 9742     		.uleb128 0x2117
 1137 012e 19       		.uleb128 0x19
 1138 012f 00       		.byte	0
 1139 0130 00       		.byte	0
 1140 0131 14       		.uleb128 0x14
 1141 0132 2E       		.uleb128 0x2e
 1142 0133 00       		.byte	0
 1143 0134 3F       		.uleb128 0x3f
 1144 0135 19       		.uleb128 0x19
 1145 0136 03       		.uleb128 0x3
 1146 0137 0E       		.uleb128 0xe
 1147 0138 3A       		.uleb128 0x3a
 1148 0139 0B       		.uleb128 0xb
 1149 013a 3B       		.uleb128 0x3b
 1150 013b 05       		.uleb128 0x5
 1151 013c 27       		.uleb128 0x27
 1152 013d 19       		.uleb128 0x19
 1153 013e 49       		.uleb128 0x49
 1154 013f 13       		.uleb128 0x13
 1155 0140 11       		.uleb128 0x11
 1156 0141 01       		.uleb128 0x1
 1157 0142 12       		.uleb128 0x12
 1158 0143 06       		.uleb128 0x6
 1159 0144 40       		.uleb128 0x40
 1160 0145 18       		.uleb128 0x18
 1161 0146 9742     		.uleb128 0x2117
 1162 0148 19       		.uleb128 0x19
 1163 0149 00       		.byte	0
 1164 014a 00       		.byte	0
 1165 014b 15       		.uleb128 0x15
 1166 014c 01       		.uleb128 0x1
 1167 014d 01       		.byte	0x1
 1168 014e 49       		.uleb128 0x49
 1169 014f 13       		.uleb128 0x13
 1170 0150 01       		.uleb128 0x1
 1171 0151 13       		.uleb128 0x13
 1172 0152 00       		.byte	0
 1173 0153 00       		.byte	0
 1174 0154 16       		.uleb128 0x16
 1175 0155 21       		.uleb128 0x21
 1176 0156 00       		.byte	0
 1177 0157 49       		.uleb128 0x49
 1178 0158 13       		.uleb128 0x13
 1179 0159 2F       		.uleb128 0x2f
 1180 015a 0B       		.uleb128 0xb
 1181 015b 00       		.byte	0
 1182 015c 00       		.byte	0
 1183 015d 17       		.uleb128 0x17
 1184 015e 34       		.uleb128 0x34
 1185 015f 00       		.byte	0
 1186 0160 03       		.uleb128 0x3
 1187 0161 0E       		.uleb128 0xe
 1188 0162 3A       		.uleb128 0x3a
 1189 0163 0B       		.uleb128 0xb
 1190 0164 3B       		.uleb128 0x3b
 1191 0165 0B       		.uleb128 0xb
ARM GAS  C:\Users\ilya\AppData\Local\Temp\ccYKrJKc.s 			page 29


 1192 0166 49       		.uleb128 0x49
 1193 0167 13       		.uleb128 0x13
 1194 0168 3F       		.uleb128 0x3f
 1195 0169 19       		.uleb128 0x19
 1196 016a 3C       		.uleb128 0x3c
 1197 016b 19       		.uleb128 0x19
 1198 016c 00       		.byte	0
 1199 016d 00       		.byte	0
 1200 016e 00       		.byte	0
 1201              		.section	.debug_aranges,"",%progbits
 1202 0000 7C000000 		.4byte	0x7c
 1203 0004 0200     		.2byte	0x2
 1204 0006 00000000 		.4byte	.Ldebug_info0
 1205 000a 04       		.byte	0x4
 1206 000b 00       		.byte	0
 1207 000c 0000     		.2byte	0
 1208 000e 0000     		.2byte	0
 1209 0010 00000000 		.4byte	.LFB0
 1210 0014 24000000 		.4byte	.LFE0-.LFB0
 1211 0018 00000000 		.4byte	.LFB1
 1212 001c 26000000 		.4byte	.LFE1-.LFB1
 1213 0020 00000000 		.4byte	.LFB2
 1214 0024 1C000000 		.4byte	.LFE2-.LFB2
 1215 0028 00000000 		.4byte	.LFB3
 1216 002c 0E000000 		.4byte	.LFE3-.LFB3
 1217 0030 00000000 		.4byte	.LFB4
 1218 0034 1C000000 		.4byte	.LFE4-.LFB4
 1219 0038 00000000 		.4byte	.LFB5
 1220 003c 14000000 		.4byte	.LFE5-.LFB5
 1221 0040 00000000 		.4byte	.LFB6
 1222 0044 4C000000 		.4byte	.LFE6-.LFB6
 1223 0048 00000000 		.4byte	.LFB7
 1224 004c 2C000000 		.4byte	.LFE7-.LFB7
 1225 0050 00000000 		.4byte	.LFB8
 1226 0054 18000000 		.4byte	.LFE8-.LFB8
 1227 0058 00000000 		.4byte	.LFB9
 1228 005c 20000000 		.4byte	.LFE9-.LFB9
 1229 0060 00000000 		.4byte	.LFB10
 1230 0064 18000000 		.4byte	.LFE10-.LFB10
 1231 0068 00000000 		.4byte	.LFB11
 1232 006c 18000000 		.4byte	.LFE11-.LFB11
 1233 0070 00000000 		.4byte	.LFB12
 1234 0074 18000000 		.4byte	.LFE12-.LFB12
 1235 0078 00000000 		.4byte	0
 1236 007c 00000000 		.4byte	0
 1237              		.section	.debug_ranges,"",%progbits
 1238              	.Ldebug_ranges0:
 1239 0000 00000000 		.4byte	.LFB0
 1240 0004 24000000 		.4byte	.LFE0
 1241 0008 00000000 		.4byte	.LFB1
 1242 000c 26000000 		.4byte	.LFE1
 1243 0010 00000000 		.4byte	.LFB2
 1244 0014 1C000000 		.4byte	.LFE2
 1245 0018 00000000 		.4byte	.LFB3
 1246 001c 0E000000 		.4byte	.LFE3
 1247 0020 00000000 		.4byte	.LFB4
 1248 0024 1C000000 		.4byte	.LFE4
ARM GAS  C:\Users\ilya\AppData\Local\Temp\ccYKrJKc.s 			page 30


 1249 0028 00000000 		.4byte	.LFB5
 1250 002c 14000000 		.4byte	.LFE5
 1251 0030 00000000 		.4byte	.LFB6
 1252 0034 4C000000 		.4byte	.LFE6
 1253 0038 00000000 		.4byte	.LFB7
 1254 003c 2C000000 		.4byte	.LFE7
 1255 0040 00000000 		.4byte	.LFB8
 1256 0044 18000000 		.4byte	.LFE8
 1257 0048 00000000 		.4byte	.LFB9
 1258 004c 20000000 		.4byte	.LFE9
 1259 0050 00000000 		.4byte	.LFB10
 1260 0054 18000000 		.4byte	.LFE10
 1261 0058 00000000 		.4byte	.LFB11
 1262 005c 18000000 		.4byte	.LFE11
 1263 0060 00000000 		.4byte	.LFB12
 1264 0064 18000000 		.4byte	.LFE12
 1265 0068 00000000 		.4byte	0
 1266 006c 00000000 		.4byte	0
 1267              		.section	.debug_line,"",%progbits
 1268              	.Ldebug_line0:
 1269 0000 57010000 		.section	.debug_str,"MS",%progbits,1
 1269      02004800 
 1269      00000201 
 1269      FB0E0D00 
 1269      01010101 
 1270              	.LASF33:
 1271 0000 6973725F 		.ascii	"isr_Capture_ClearPending\000"
 1271      43617074 
 1271      7572655F 
 1271      436C6561 
 1271      7250656E 
 1272              	.LASF14:
 1273 0019 72656733 		.ascii	"reg32\000"
 1273      3200
 1274              	.LASF39:
 1275 001f 43795261 		.ascii	"CyRamVectors\000"
 1275      6D566563 
 1275      746F7273 
 1275      00
 1276              	.LASF19:
 1277 002c 6973725F 		.ascii	"isr_Capture_Stop\000"
 1277      43617074 
 1277      7572655F 
 1277      53746F70 
 1277      00
 1278              	.LASF3:
 1279 003d 73686F72 		.ascii	"short unsigned int\000"
 1279      7420756E 
 1279      7369676E 
 1279      65642069 
 1279      6E7400
 1280              	.LASF30:
 1281 0050 6973725F 		.ascii	"isr_Capture_GetState\000"
 1281      43617074 
 1281      7572655F 
 1281      47657453 
 1281      74617465 
ARM GAS  C:\Users\ilya\AppData\Local\Temp\ccYKrJKc.s 			page 31


 1282              	.LASF24:
 1283 0065 6973725F 		.ascii	"isr_Capture_SetPriority\000"
 1283      43617074 
 1283      7572655F 
 1283      53657450 
 1283      72696F72 
 1284              	.LASF22:
 1285 007d 6973725F 		.ascii	"isr_Capture_SetVector\000"
 1285      43617074 
 1285      7572655F 
 1285      53657456 
 1285      6563746F 
 1286              	.LASF11:
 1287 0093 666C6F61 		.ascii	"float\000"
 1287      7400
 1288              	.LASF28:
 1289 0099 6973725F 		.ascii	"isr_Capture_Enable\000"
 1289      43617074 
 1289      7572655F 
 1289      456E6162 
 1289      6C6500
 1290              	.LASF26:
 1291 00ac 696E7465 		.ascii	"interruptState\000"
 1291      72727570 
 1291      74537461 
 1291      746500
 1292              	.LASF20:
 1293 00bb 6973725F 		.ascii	"isr_Capture_StartEx\000"
 1293      43617074 
 1293      7572655F 
 1293      53746172 
 1293      74457800 
 1294              	.LASF37:
 1295 00cf 48616E64 		.ascii	"HandleCapture\000"
 1295      6C654361 
 1295      70747572 
 1295      6500
 1296              	.LASF9:
 1297 00dd 75696E74 		.ascii	"uint8\000"
 1297      3800
 1298              	.LASF18:
 1299 00e3 6973725F 		.ascii	"isr_Capture_Start\000"
 1299      43617074 
 1299      7572655F 
 1299      53746172 
 1299      7400
 1300              	.LASF34:
 1301 00f5 474E5520 		.ascii	"GNU C11 5.4.1 20160609 (release) [ARM/embedded-5-br"
 1301      43313120 
 1301      352E342E 
 1301      31203230 
 1301      31363036 
 1302 0128 616E6368 		.ascii	"anch revision 237715] -mcpu=cortex-m0 -mthumb -g -O"
 1302      20726576 
 1302      6973696F 
 1302      6E203233 
 1302      37373135 
ARM GAS  C:\Users\ilya\AppData\Local\Temp\ccYKrJKc.s 			page 32


 1303 015b 30202D66 		.ascii	"0 -ffunction-sections -ffat-lto-objects\000"
 1303      66756E63 
 1303      74696F6E 
 1303      2D736563 
 1303      74696F6E 
 1304              	.LASF25:
 1305 0183 7072696F 		.ascii	"priority\000"
 1305      72697479 
 1305      00
 1306              	.LASF1:
 1307 018c 756E7369 		.ascii	"unsigned char\000"
 1307      676E6564 
 1307      20636861 
 1307      7200
 1308              	.LASF12:
 1309 019a 646F7562 		.ascii	"double\000"
 1309      6C6500
 1310              	.LASF36:
 1311 01a1 433A5C70 		.ascii	"C:\\psoc\\chamonix\\fixed\\Fixed\\fixed.cydsn\000"
 1311      736F635C 
 1311      6368616D 
 1311      6F6E6978 
 1311      5C666978 
 1312              	.LASF31:
 1313 01ca 6973725F 		.ascii	"isr_Capture_Disable\000"
 1313      43617074 
 1313      7572655F 
 1313      44697361 
 1313      626C6500 
 1314              	.LASF35:
 1315 01de 47656E65 		.ascii	"Generated_Source\\PSoC4\\isr_Capture.c\000"
 1315      72617465 
 1315      645F536F 
 1315      75726365 
 1315      5C50536F 
 1316              	.LASF10:
 1317 0203 75696E74 		.ascii	"uint32\000"
 1317      333200
 1318              	.LASF5:
 1319 020a 6C6F6E67 		.ascii	"long unsigned int\000"
 1319      20756E73 
 1319      69676E65 
 1319      6420696E 
 1319      7400
 1320              	.LASF8:
 1321 021c 756E7369 		.ascii	"unsigned int\000"
 1321      676E6564 
 1321      20696E74 
 1321      00
 1322              	.LASF23:
 1323 0229 61646472 		.ascii	"address\000"
 1323      65737300 
 1324              	.LASF7:
 1325 0231 6C6F6E67 		.ascii	"long long unsigned int\000"
 1325      206C6F6E 
 1325      6720756E 
 1325      7369676E 
ARM GAS  C:\Users\ilya\AppData\Local\Temp\ccYKrJKc.s 			page 33


 1325      65642069 
 1326              	.LASF29:
 1327 0248 6973725F 		.ascii	"isr_Capture_GetVector\000"
 1327      43617074 
 1327      7572655F 
 1327      47657456 
 1327      6563746F 
 1328              	.LASF15:
 1329 025e 63796973 		.ascii	"cyisraddress\000"
 1329      72616464 
 1329      72657373 
 1329      00
 1330              	.LASF21:
 1331 026b 6973725F 		.ascii	"isr_Capture_Interrupt\000"
 1331      43617074 
 1331      7572655F 
 1331      496E7465 
 1331      72727570 
 1332              	.LASF17:
 1333 0281 73697A65 		.ascii	"sizetype\000"
 1333      74797065 
 1333      00
 1334              	.LASF6:
 1335 028a 6C6F6E67 		.ascii	"long long int\000"
 1335      206C6F6E 
 1335      6720696E 
 1335      7400
 1336              	.LASF32:
 1337 0298 6973725F 		.ascii	"isr_Capture_SetPending\000"
 1337      43617074 
 1337      7572655F 
 1337      53657450 
 1337      656E6469 
 1338              	.LASF13:
 1339 02af 63686172 		.ascii	"char\000"
 1339      00
 1340              	.LASF2:
 1341 02b4 73686F72 		.ascii	"short int\000"
 1341      7420696E 
 1341      7400
 1342              	.LASF38:
 1343 02be 6973725F 		.ascii	"isr_Capture_GetPriority\000"
 1343      43617074 
 1343      7572655F 
 1343      47657450 
 1343      72696F72 
 1344              	.LASF27:
 1345 02d6 7072696F 		.ascii	"priorityOffset\000"
 1345      72697479 
 1345      4F666673 
 1345      657400
 1346              	.LASF4:
 1347 02e5 6C6F6E67 		.ascii	"long int\000"
 1347      20696E74 
 1347      00
 1348              	.LASF16:
 1349 02ee 6C6F6E67 		.ascii	"long double\000"
ARM GAS  C:\Users\ilya\AppData\Local\Temp\ccYKrJKc.s 			page 34


 1349      20646F75 
 1349      626C6500 
 1350              	.LASF0:
 1351 02fa 7369676E 		.ascii	"signed char\000"
 1351      65642063 
 1351      68617200 
 1352              		.ident	"GCC: (GNU Tools for ARM Embedded Processors) 5.4.1 20160609 (release) [ARM/embedded-5-bran
