ARM GAS  C:\Users\yqh\AppData\Local\Temp\ccm5wKXh.s 			page 1


   1              		.syntax unified
   2              		.cpu cortex-m3
   3              		.fpu softvfp
   4              		.eabi_attribute 20, 1
   5              		.eabi_attribute 21, 1
   6              		.eabi_attribute 23, 3
   7              		.eabi_attribute 24, 1
   8              		.eabi_attribute 25, 1
   9              		.eabi_attribute 26, 1
  10              		.eabi_attribute 30, 6
  11              		.eabi_attribute 34, 1
  12              		.eabi_attribute 18, 4
  13              		.thumb
  14              		.file	"Pulse_50us_PM.c"
  15              		.text
  16              	.Ltext0:
  17              		.cfi_sections	.debug_frame
  18              		.bss
  19              		.align	2
  20              	Pulse_50us_backup:
  21 0000 00000000 		.space	4
  22              		.section	.text.Pulse_50us_SaveConfig,"ax",%progbits
  23              		.align	2
  24              		.global	Pulse_50us_SaveConfig
  25              		.thumb
  26              		.thumb_func
  27              		.type	Pulse_50us_SaveConfig, %function
  28              	Pulse_50us_SaveConfig:
  29              	.LFB0:
  30              		.file 1 ".\\Generated_Source\\PSoC5\\Pulse_50us_PM.c"
   1:.\Generated_Source\PSoC5/Pulse_50us_PM.c **** /*******************************************************************************
   2:.\Generated_Source\PSoC5/Pulse_50us_PM.c **** * File Name: Pulse_50us_PM.c
   3:.\Generated_Source\PSoC5/Pulse_50us_PM.c **** * Version 2.70
   4:.\Generated_Source\PSoC5/Pulse_50us_PM.c **** *
   5:.\Generated_Source\PSoC5/Pulse_50us_PM.c **** *  Description:
   6:.\Generated_Source\PSoC5/Pulse_50us_PM.c **** *     This file provides the power management source code to API for the
   7:.\Generated_Source\PSoC5/Pulse_50us_PM.c **** *     Timer.
   8:.\Generated_Source\PSoC5/Pulse_50us_PM.c **** *
   9:.\Generated_Source\PSoC5/Pulse_50us_PM.c **** *   Note:
  10:.\Generated_Source\PSoC5/Pulse_50us_PM.c **** *     None
  11:.\Generated_Source\PSoC5/Pulse_50us_PM.c **** *
  12:.\Generated_Source\PSoC5/Pulse_50us_PM.c **** *******************************************************************************
  13:.\Generated_Source\PSoC5/Pulse_50us_PM.c **** * Copyright 2008-2014, Cypress Semiconductor Corporation.  All rights reserved.
  14:.\Generated_Source\PSoC5/Pulse_50us_PM.c **** * You may use this file only in accordance with the license, terms, conditions,
  15:.\Generated_Source\PSoC5/Pulse_50us_PM.c **** * disclaimers, and limitations in the end user license agreement accompanying
  16:.\Generated_Source\PSoC5/Pulse_50us_PM.c **** * the software package with which this file was provided.
  17:.\Generated_Source\PSoC5/Pulse_50us_PM.c **** ********************************************************************************/
  18:.\Generated_Source\PSoC5/Pulse_50us_PM.c **** 
  19:.\Generated_Source\PSoC5/Pulse_50us_PM.c **** #include "Pulse_50us.h"
  20:.\Generated_Source\PSoC5/Pulse_50us_PM.c **** 
  21:.\Generated_Source\PSoC5/Pulse_50us_PM.c **** static Pulse_50us_backupStruct Pulse_50us_backup;
  22:.\Generated_Source\PSoC5/Pulse_50us_PM.c **** 
  23:.\Generated_Source\PSoC5/Pulse_50us_PM.c **** 
  24:.\Generated_Source\PSoC5/Pulse_50us_PM.c **** /*******************************************************************************
  25:.\Generated_Source\PSoC5/Pulse_50us_PM.c **** * Function Name: Pulse_50us_SaveConfig
  26:.\Generated_Source\PSoC5/Pulse_50us_PM.c **** ********************************************************************************
  27:.\Generated_Source\PSoC5/Pulse_50us_PM.c **** *
ARM GAS  C:\Users\yqh\AppData\Local\Temp\ccm5wKXh.s 			page 2


  28:.\Generated_Source\PSoC5/Pulse_50us_PM.c **** * Summary:
  29:.\Generated_Source\PSoC5/Pulse_50us_PM.c **** *     Save the current user configuration
  30:.\Generated_Source\PSoC5/Pulse_50us_PM.c **** *
  31:.\Generated_Source\PSoC5/Pulse_50us_PM.c **** * Parameters:
  32:.\Generated_Source\PSoC5/Pulse_50us_PM.c **** *  void
  33:.\Generated_Source\PSoC5/Pulse_50us_PM.c **** *
  34:.\Generated_Source\PSoC5/Pulse_50us_PM.c **** * Return:
  35:.\Generated_Source\PSoC5/Pulse_50us_PM.c **** *  void
  36:.\Generated_Source\PSoC5/Pulse_50us_PM.c **** *
  37:.\Generated_Source\PSoC5/Pulse_50us_PM.c **** * Global variables:
  38:.\Generated_Source\PSoC5/Pulse_50us_PM.c **** *  Pulse_50us_backup:  Variables of this global structure are modified to
  39:.\Generated_Source\PSoC5/Pulse_50us_PM.c **** *  store the values of non retention configuration registers when Sleep() API is
  40:.\Generated_Source\PSoC5/Pulse_50us_PM.c **** *  called.
  41:.\Generated_Source\PSoC5/Pulse_50us_PM.c **** *
  42:.\Generated_Source\PSoC5/Pulse_50us_PM.c **** *******************************************************************************/
  43:.\Generated_Source\PSoC5/Pulse_50us_PM.c **** void Pulse_50us_SaveConfig(void) 
  44:.\Generated_Source\PSoC5/Pulse_50us_PM.c **** {
  31              		.loc 1 44 0
  32              		.cfi_startproc
  33              		@ args = 0, pretend = 0, frame = 0
  34              		@ frame_needed = 1, uses_anonymous_args = 0
  35 0000 80B5     		push	{r7, lr}
  36              		.cfi_def_cfa_offset 8
  37              		.cfi_offset 7, -8
  38              		.cfi_offset 14, -4
  39 0002 00AF     		add	r7, sp, #0
  40              		.cfi_def_cfa_register 7
  45:.\Generated_Source\PSoC5/Pulse_50us_PM.c ****     #if (!Pulse_50us_UsingFixedFunction)
  46:.\Generated_Source\PSoC5/Pulse_50us_PM.c ****         Pulse_50us_backup.TimerUdb = Pulse_50us_ReadCounter();
  41              		.loc 1 46 0
  42 0004 FFF7FEFF 		bl	Pulse_50us_ReadCounter
  43 0008 0346     		mov	r3, r0
  44 000a 1A46     		mov	r2, r3
  45 000c 064B     		ldr	r3, .L2
  46 000e 5A70     		strb	r2, [r3, #1]
  47:.\Generated_Source\PSoC5/Pulse_50us_PM.c ****         Pulse_50us_backup.InterruptMaskValue = Pulse_50us_STATUS_MASK;
  47              		.loc 1 47 0
  48 0010 064B     		ldr	r3, .L2+4
  49 0012 1B78     		ldrb	r3, [r3]
  50 0014 DAB2     		uxtb	r2, r3
  51 0016 044B     		ldr	r3, .L2
  52 0018 9A70     		strb	r2, [r3, #2]
  48:.\Generated_Source\PSoC5/Pulse_50us_PM.c ****         #if (Pulse_50us_UsingHWCaptureCounter)
  49:.\Generated_Source\PSoC5/Pulse_50us_PM.c ****             Pulse_50us_backup.TimerCaptureCounter = Pulse_50us_ReadCaptureCount();
  50:.\Generated_Source\PSoC5/Pulse_50us_PM.c ****         #endif /* Back Up capture counter register  */
  51:.\Generated_Source\PSoC5/Pulse_50us_PM.c **** 
  52:.\Generated_Source\PSoC5/Pulse_50us_PM.c ****         #if(!Pulse_50us_UDB_CONTROL_REG_REMOVED)
  53:.\Generated_Source\PSoC5/Pulse_50us_PM.c ****             Pulse_50us_backup.TimerControlRegister = Pulse_50us_ReadControlRegister();
  53              		.loc 1 53 0
  54 001a FFF7FEFF 		bl	Pulse_50us_ReadControlRegister
  55 001e 0346     		mov	r3, r0
  56 0020 1A46     		mov	r2, r3
  57 0022 014B     		ldr	r3, .L2
  58 0024 DA70     		strb	r2, [r3, #3]
  54:.\Generated_Source\PSoC5/Pulse_50us_PM.c ****         #endif /* Backup the enable state of the Timer component */
  55:.\Generated_Source\PSoC5/Pulse_50us_PM.c ****     #endif /* Backup non retention registers in UDB implementation. All fixed function registers ar
  56:.\Generated_Source\PSoC5/Pulse_50us_PM.c **** }
ARM GAS  C:\Users\yqh\AppData\Local\Temp\ccm5wKXh.s 			page 3


  59              		.loc 1 56 0
  60 0026 80BD     		pop	{r7, pc}
  61              	.L3:
  62              		.align	2
  63              	.L2:
  64 0028 00000000 		.word	Pulse_50us_backup
  65 002c 89650040 		.word	1073767817
  66              		.cfi_endproc
  67              	.LFE0:
  68              		.size	Pulse_50us_SaveConfig, .-Pulse_50us_SaveConfig
  69              		.section	.text.Pulse_50us_RestoreConfig,"ax",%progbits
  70              		.align	2
  71              		.global	Pulse_50us_RestoreConfig
  72              		.thumb
  73              		.thumb_func
  74              		.type	Pulse_50us_RestoreConfig, %function
  75              	Pulse_50us_RestoreConfig:
  76              	.LFB1:
  57:.\Generated_Source\PSoC5/Pulse_50us_PM.c **** 
  58:.\Generated_Source\PSoC5/Pulse_50us_PM.c **** 
  59:.\Generated_Source\PSoC5/Pulse_50us_PM.c **** /*******************************************************************************
  60:.\Generated_Source\PSoC5/Pulse_50us_PM.c **** * Function Name: Pulse_50us_RestoreConfig
  61:.\Generated_Source\PSoC5/Pulse_50us_PM.c **** ********************************************************************************
  62:.\Generated_Source\PSoC5/Pulse_50us_PM.c **** *
  63:.\Generated_Source\PSoC5/Pulse_50us_PM.c **** * Summary:
  64:.\Generated_Source\PSoC5/Pulse_50us_PM.c **** *  Restores the current user configuration.
  65:.\Generated_Source\PSoC5/Pulse_50us_PM.c **** *
  66:.\Generated_Source\PSoC5/Pulse_50us_PM.c **** * Parameters:
  67:.\Generated_Source\PSoC5/Pulse_50us_PM.c **** *  void
  68:.\Generated_Source\PSoC5/Pulse_50us_PM.c **** *
  69:.\Generated_Source\PSoC5/Pulse_50us_PM.c **** * Return:
  70:.\Generated_Source\PSoC5/Pulse_50us_PM.c **** *  void
  71:.\Generated_Source\PSoC5/Pulse_50us_PM.c **** *
  72:.\Generated_Source\PSoC5/Pulse_50us_PM.c **** * Global variables:
  73:.\Generated_Source\PSoC5/Pulse_50us_PM.c **** *  Pulse_50us_backup:  Variables of this global structure are used to
  74:.\Generated_Source\PSoC5/Pulse_50us_PM.c **** *  restore the values of non retention registers on wakeup from sleep mode.
  75:.\Generated_Source\PSoC5/Pulse_50us_PM.c **** *
  76:.\Generated_Source\PSoC5/Pulse_50us_PM.c **** *******************************************************************************/
  77:.\Generated_Source\PSoC5/Pulse_50us_PM.c **** void Pulse_50us_RestoreConfig(void) 
  78:.\Generated_Source\PSoC5/Pulse_50us_PM.c **** {   
  77              		.loc 1 78 0
  78              		.cfi_startproc
  79              		@ args = 0, pretend = 0, frame = 0
  80              		@ frame_needed = 1, uses_anonymous_args = 0
  81 0000 80B5     		push	{r7, lr}
  82              		.cfi_def_cfa_offset 8
  83              		.cfi_offset 7, -8
  84              		.cfi_offset 14, -4
  85 0002 00AF     		add	r7, sp, #0
  86              		.cfi_def_cfa_register 7
  79:.\Generated_Source\PSoC5/Pulse_50us_PM.c ****     #if (!Pulse_50us_UsingFixedFunction)
  80:.\Generated_Source\PSoC5/Pulse_50us_PM.c **** 
  81:.\Generated_Source\PSoC5/Pulse_50us_PM.c ****         Pulse_50us_WriteCounter(Pulse_50us_backup.TimerUdb);
  87              		.loc 1 81 0
  88 0004 074B     		ldr	r3, .L5
  89 0006 5B78     		ldrb	r3, [r3, #1]	@ zero_extendqisi2
  90 0008 1846     		mov	r0, r3
ARM GAS  C:\Users\yqh\AppData\Local\Temp\ccm5wKXh.s 			page 4


  91 000a FFF7FEFF 		bl	Pulse_50us_WriteCounter
  82:.\Generated_Source\PSoC5/Pulse_50us_PM.c ****         Pulse_50us_STATUS_MASK =Pulse_50us_backup.InterruptMaskValue;
  92              		.loc 1 82 0
  93 000e 064B     		ldr	r3, .L5+4
  94 0010 044A     		ldr	r2, .L5
  95 0012 9278     		ldrb	r2, [r2, #2]	@ zero_extendqisi2
  96 0014 1A70     		strb	r2, [r3]
  83:.\Generated_Source\PSoC5/Pulse_50us_PM.c ****         #if (Pulse_50us_UsingHWCaptureCounter)
  84:.\Generated_Source\PSoC5/Pulse_50us_PM.c ****             Pulse_50us_SetCaptureCount(Pulse_50us_backup.TimerCaptureCounter);
  85:.\Generated_Source\PSoC5/Pulse_50us_PM.c ****         #endif /* Restore Capture counter register*/
  86:.\Generated_Source\PSoC5/Pulse_50us_PM.c **** 
  87:.\Generated_Source\PSoC5/Pulse_50us_PM.c ****         #if(!Pulse_50us_UDB_CONTROL_REG_REMOVED)
  88:.\Generated_Source\PSoC5/Pulse_50us_PM.c ****             Pulse_50us_WriteControlRegister(Pulse_50us_backup.TimerControlRegister);
  97              		.loc 1 88 0
  98 0016 034B     		ldr	r3, .L5
  99 0018 DB78     		ldrb	r3, [r3, #3]	@ zero_extendqisi2
 100 001a 1846     		mov	r0, r3
 101 001c FFF7FEFF 		bl	Pulse_50us_WriteControlRegister
  89:.\Generated_Source\PSoC5/Pulse_50us_PM.c ****         #endif /* Restore the enable state of the Timer component */
  90:.\Generated_Source\PSoC5/Pulse_50us_PM.c ****     #endif /* Restore non retention registers in the UDB implementation only */
  91:.\Generated_Source\PSoC5/Pulse_50us_PM.c **** }
 102              		.loc 1 91 0
 103 0020 80BD     		pop	{r7, pc}
 104              	.L6:
 105 0022 00BF     		.align	2
 106              	.L5:
 107 0024 00000000 		.word	Pulse_50us_backup
 108 0028 89650040 		.word	1073767817
 109              		.cfi_endproc
 110              	.LFE1:
 111              		.size	Pulse_50us_RestoreConfig, .-Pulse_50us_RestoreConfig
 112              		.section	.text.Pulse_50us_Sleep,"ax",%progbits
 113              		.align	2
 114              		.global	Pulse_50us_Sleep
 115              		.thumb
 116              		.thumb_func
 117              		.type	Pulse_50us_Sleep, %function
 118              	Pulse_50us_Sleep:
 119              	.LFB2:
  92:.\Generated_Source\PSoC5/Pulse_50us_PM.c **** 
  93:.\Generated_Source\PSoC5/Pulse_50us_PM.c **** 
  94:.\Generated_Source\PSoC5/Pulse_50us_PM.c **** /*******************************************************************************
  95:.\Generated_Source\PSoC5/Pulse_50us_PM.c **** * Function Name: Pulse_50us_Sleep
  96:.\Generated_Source\PSoC5/Pulse_50us_PM.c **** ********************************************************************************
  97:.\Generated_Source\PSoC5/Pulse_50us_PM.c **** *
  98:.\Generated_Source\PSoC5/Pulse_50us_PM.c **** * Summary:
  99:.\Generated_Source\PSoC5/Pulse_50us_PM.c **** *     Stop and Save the user configuration
 100:.\Generated_Source\PSoC5/Pulse_50us_PM.c **** *
 101:.\Generated_Source\PSoC5/Pulse_50us_PM.c **** * Parameters:
 102:.\Generated_Source\PSoC5/Pulse_50us_PM.c **** *  void
 103:.\Generated_Source\PSoC5/Pulse_50us_PM.c **** *
 104:.\Generated_Source\PSoC5/Pulse_50us_PM.c **** * Return:
 105:.\Generated_Source\PSoC5/Pulse_50us_PM.c **** *  void
 106:.\Generated_Source\PSoC5/Pulse_50us_PM.c **** *
 107:.\Generated_Source\PSoC5/Pulse_50us_PM.c **** * Global variables:
 108:.\Generated_Source\PSoC5/Pulse_50us_PM.c **** *  Pulse_50us_backup.TimerEnableState:  Is modified depending on the
 109:.\Generated_Source\PSoC5/Pulse_50us_PM.c **** *  enable state of the block before entering sleep mode.
ARM GAS  C:\Users\yqh\AppData\Local\Temp\ccm5wKXh.s 			page 5


 110:.\Generated_Source\PSoC5/Pulse_50us_PM.c **** *
 111:.\Generated_Source\PSoC5/Pulse_50us_PM.c **** *******************************************************************************/
 112:.\Generated_Source\PSoC5/Pulse_50us_PM.c **** void Pulse_50us_Sleep(void) 
 113:.\Generated_Source\PSoC5/Pulse_50us_PM.c **** {
 120              		.loc 1 113 0
 121              		.cfi_startproc
 122              		@ args = 0, pretend = 0, frame = 0
 123              		@ frame_needed = 1, uses_anonymous_args = 0
 124 0000 80B5     		push	{r7, lr}
 125              		.cfi_def_cfa_offset 8
 126              		.cfi_offset 7, -8
 127              		.cfi_offset 14, -4
 128 0002 00AF     		add	r7, sp, #0
 129              		.cfi_def_cfa_register 7
 114:.\Generated_Source\PSoC5/Pulse_50us_PM.c ****     #if(!Pulse_50us_UDB_CONTROL_REG_REMOVED)
 115:.\Generated_Source\PSoC5/Pulse_50us_PM.c ****         /* Save Counter's enable state */
 116:.\Generated_Source\PSoC5/Pulse_50us_PM.c ****         if(Pulse_50us_CTRL_ENABLE == (Pulse_50us_CONTROL & Pulse_50us_CTRL_ENABLE))
 130              		.loc 1 116 0
 131 0004 094B     		ldr	r3, .L10
 132 0006 1B78     		ldrb	r3, [r3]
 133 0008 DBB2     		uxtb	r3, r3
 134 000a DBB2     		uxtb	r3, r3
 135 000c 5BB2     		sxtb	r3, r3
 136 000e 002B     		cmp	r3, #0
 137 0010 03DA     		bge	.L8
 117:.\Generated_Source\PSoC5/Pulse_50us_PM.c ****         {
 118:.\Generated_Source\PSoC5/Pulse_50us_PM.c ****             /* Timer is enabled */
 119:.\Generated_Source\PSoC5/Pulse_50us_PM.c ****             Pulse_50us_backup.TimerEnableState = 1u;
 138              		.loc 1 119 0
 139 0012 074B     		ldr	r3, .L10+4
 140 0014 0122     		movs	r2, #1
 141 0016 1A70     		strb	r2, [r3]
 142 0018 02E0     		b	.L9
 143              	.L8:
 120:.\Generated_Source\PSoC5/Pulse_50us_PM.c ****         }
 121:.\Generated_Source\PSoC5/Pulse_50us_PM.c ****         else
 122:.\Generated_Source\PSoC5/Pulse_50us_PM.c ****         {
 123:.\Generated_Source\PSoC5/Pulse_50us_PM.c ****             /* Timer is disabled */
 124:.\Generated_Source\PSoC5/Pulse_50us_PM.c ****             Pulse_50us_backup.TimerEnableState = 0u;
 144              		.loc 1 124 0
 145 001a 054B     		ldr	r3, .L10+4
 146 001c 0022     		movs	r2, #0
 147 001e 1A70     		strb	r2, [r3]
 148              	.L9:
 125:.\Generated_Source\PSoC5/Pulse_50us_PM.c ****         }
 126:.\Generated_Source\PSoC5/Pulse_50us_PM.c ****     #endif /* Back up enable state from the Timer control register */
 127:.\Generated_Source\PSoC5/Pulse_50us_PM.c ****     Pulse_50us_Stop();
 149              		.loc 1 127 0
 150 0020 FFF7FEFF 		bl	Pulse_50us_Stop
 128:.\Generated_Source\PSoC5/Pulse_50us_PM.c ****     Pulse_50us_SaveConfig();
 151              		.loc 1 128 0
 152 0024 FFF7FEFF 		bl	Pulse_50us_SaveConfig
 129:.\Generated_Source\PSoC5/Pulse_50us_PM.c **** }
 153              		.loc 1 129 0
 154 0028 80BD     		pop	{r7, pc}
 155              	.L11:
 156 002a 00BF     		.align	2
ARM GAS  C:\Users\yqh\AppData\Local\Temp\ccm5wKXh.s 			page 6


 157              	.L10:
 158 002c 79650040 		.word	1073767801
 159 0030 00000000 		.word	Pulse_50us_backup
 160              		.cfi_endproc
 161              	.LFE2:
 162              		.size	Pulse_50us_Sleep, .-Pulse_50us_Sleep
 163              		.section	.text.Pulse_50us_Wakeup,"ax",%progbits
 164              		.align	2
 165              		.global	Pulse_50us_Wakeup
 166              		.thumb
 167              		.thumb_func
 168              		.type	Pulse_50us_Wakeup, %function
 169              	Pulse_50us_Wakeup:
 170              	.LFB3:
 130:.\Generated_Source\PSoC5/Pulse_50us_PM.c **** 
 131:.\Generated_Source\PSoC5/Pulse_50us_PM.c **** 
 132:.\Generated_Source\PSoC5/Pulse_50us_PM.c **** /*******************************************************************************
 133:.\Generated_Source\PSoC5/Pulse_50us_PM.c **** * Function Name: Pulse_50us_Wakeup
 134:.\Generated_Source\PSoC5/Pulse_50us_PM.c **** ********************************************************************************
 135:.\Generated_Source\PSoC5/Pulse_50us_PM.c **** *
 136:.\Generated_Source\PSoC5/Pulse_50us_PM.c **** * Summary:
 137:.\Generated_Source\PSoC5/Pulse_50us_PM.c **** *  Restores and enables the user configuration
 138:.\Generated_Source\PSoC5/Pulse_50us_PM.c **** *
 139:.\Generated_Source\PSoC5/Pulse_50us_PM.c **** * Parameters:
 140:.\Generated_Source\PSoC5/Pulse_50us_PM.c **** *  void
 141:.\Generated_Source\PSoC5/Pulse_50us_PM.c **** *
 142:.\Generated_Source\PSoC5/Pulse_50us_PM.c **** * Return:
 143:.\Generated_Source\PSoC5/Pulse_50us_PM.c **** *  void
 144:.\Generated_Source\PSoC5/Pulse_50us_PM.c **** *
 145:.\Generated_Source\PSoC5/Pulse_50us_PM.c **** * Global variables:
 146:.\Generated_Source\PSoC5/Pulse_50us_PM.c **** *  Pulse_50us_backup.enableState:  Is used to restore the enable state of
 147:.\Generated_Source\PSoC5/Pulse_50us_PM.c **** *  block on wakeup from sleep mode.
 148:.\Generated_Source\PSoC5/Pulse_50us_PM.c **** *
 149:.\Generated_Source\PSoC5/Pulse_50us_PM.c **** *******************************************************************************/
 150:.\Generated_Source\PSoC5/Pulse_50us_PM.c **** void Pulse_50us_Wakeup(void) 
 151:.\Generated_Source\PSoC5/Pulse_50us_PM.c **** {
 171              		.loc 1 151 0
 172              		.cfi_startproc
 173              		@ args = 0, pretend = 0, frame = 0
 174              		@ frame_needed = 1, uses_anonymous_args = 0
 175 0000 80B5     		push	{r7, lr}
 176              		.cfi_def_cfa_offset 8
 177              		.cfi_offset 7, -8
 178              		.cfi_offset 14, -4
 179 0002 00AF     		add	r7, sp, #0
 180              		.cfi_def_cfa_register 7
 152:.\Generated_Source\PSoC5/Pulse_50us_PM.c ****     Pulse_50us_RestoreConfig();
 181              		.loc 1 152 0
 182 0004 FFF7FEFF 		bl	Pulse_50us_RestoreConfig
 153:.\Generated_Source\PSoC5/Pulse_50us_PM.c ****     #if(!Pulse_50us_UDB_CONTROL_REG_REMOVED)
 154:.\Generated_Source\PSoC5/Pulse_50us_PM.c ****         if(Pulse_50us_backup.TimerEnableState == 1u)
 183              		.loc 1 154 0
 184 0008 034B     		ldr	r3, .L14
 185 000a 1B78     		ldrb	r3, [r3]	@ zero_extendqisi2
 186 000c 012B     		cmp	r3, #1
 187 000e 01D1     		bne	.L12
 155:.\Generated_Source\PSoC5/Pulse_50us_PM.c ****         {     /* Enable Timer's operation */
ARM GAS  C:\Users\yqh\AppData\Local\Temp\ccm5wKXh.s 			page 7


 156:.\Generated_Source\PSoC5/Pulse_50us_PM.c ****                 Pulse_50us_Enable();
 188              		.loc 1 156 0
 189 0010 FFF7FEFF 		bl	Pulse_50us_Enable
 190              	.L12:
 157:.\Generated_Source\PSoC5/Pulse_50us_PM.c ****         } /* Do nothing if Timer was disabled before */
 158:.\Generated_Source\PSoC5/Pulse_50us_PM.c ****     #endif /* Remove this code section if Control register is removed */
 159:.\Generated_Source\PSoC5/Pulse_50us_PM.c **** }
 191              		.loc 1 159 0
 192 0014 80BD     		pop	{r7, pc}
 193              	.L15:
 194 0016 00BF     		.align	2
 195              	.L14:
 196 0018 00000000 		.word	Pulse_50us_backup
 197              		.cfi_endproc
 198              	.LFE3:
 199              		.size	Pulse_50us_Wakeup, .-Pulse_50us_Wakeup
 200              		.text
 201              	.Letext0:
 202              		.file 2 ".\\Generated_Source\\PSoC5\\cytypes.h"
 203              		.file 3 ".\\Generated_Source\\PSoC5\\Pulse_50us.h"
 204              		.section	.debug_info,"",%progbits
 205              	.Ldebug_info0:
 206 0000 3A010000 		.4byte	0x13a
 207 0004 0400     		.2byte	0x4
 208 0006 00000000 		.4byte	.Ldebug_abbrev0
 209 000a 04       		.byte	0x4
 210 000b 01       		.uleb128 0x1
 211 000c 9E010000 		.4byte	.LASF24
 212 0010 01       		.byte	0x1
 213 0011 62000000 		.4byte	.LASF25
 214 0015 0E000000 		.4byte	.LASF26
 215 0019 00000000 		.4byte	.Ldebug_ranges0+0
 216 001d 00000000 		.4byte	0
 217 0021 00000000 		.4byte	.Ldebug_line0
 218 0025 02       		.uleb128 0x2
 219 0026 01       		.byte	0x1
 220 0027 06       		.byte	0x6
 221 0028 5E010000 		.4byte	.LASF0
 222 002c 02       		.uleb128 0x2
 223 002d 01       		.byte	0x1
 224 002e 08       		.byte	0x8
 225 002f E0000000 		.4byte	.LASF1
 226 0033 02       		.uleb128 0x2
 227 0034 02       		.byte	0x2
 228 0035 05       		.byte	0x5
 229 0036 0F010000 		.4byte	.LASF2
 230 003a 02       		.uleb128 0x2
 231 003b 02       		.byte	0x2
 232 003c 07       		.byte	0x7
 233 003d 4B010000 		.4byte	.LASF3
 234 0041 02       		.uleb128 0x2
 235 0042 04       		.byte	0x4
 236 0043 05       		.byte	0x5
 237 0044 F3000000 		.4byte	.LASF4
 238 0048 02       		.uleb128 0x2
 239 0049 04       		.byte	0x4
 240 004a 07       		.byte	0x7
ARM GAS  C:\Users\yqh\AppData\Local\Temp\ccm5wKXh.s 			page 8


 241 004b 91000000 		.4byte	.LASF5
 242 004f 02       		.uleb128 0x2
 243 0050 08       		.byte	0x8
 244 0051 05       		.byte	0x5
 245 0052 00000000 		.4byte	.LASF6
 246 0056 02       		.uleb128 0x2
 247 0057 08       		.byte	0x8
 248 0058 07       		.byte	0x7
 249 0059 A3000000 		.4byte	.LASF7
 250 005d 03       		.uleb128 0x3
 251 005e 04       		.byte	0x4
 252 005f 05       		.byte	0x5
 253 0060 696E7400 		.ascii	"int\000"
 254 0064 02       		.uleb128 0x2
 255 0065 04       		.byte	0x4
 256 0066 07       		.byte	0x7
 257 0067 55000000 		.4byte	.LASF8
 258 006b 04       		.uleb128 0x4
 259 006c 8B000000 		.4byte	.LASF12
 260 0070 02       		.byte	0x2
 261 0071 9201     		.2byte	0x192
 262 0073 2C000000 		.4byte	0x2c
 263 0077 02       		.uleb128 0x2
 264 0078 04       		.byte	0x4
 265 0079 04       		.byte	0x4
 266 007a 82010000 		.4byte	.LASF9
 267 007e 02       		.uleb128 0x2
 268 007f 08       		.byte	0x8
 269 0080 04       		.byte	0x4
 270 0081 32010000 		.4byte	.LASF10
 271 0085 02       		.uleb128 0x2
 272 0086 01       		.byte	0x1
 273 0087 08       		.byte	0x8
 274 0088 EE000000 		.4byte	.LASF11
 275 008c 04       		.uleb128 0x4
 276 008d 35020000 		.4byte	.LASF13
 277 0091 02       		.byte	0x2
 278 0092 3C02     		.2byte	0x23c
 279 0094 98000000 		.4byte	0x98
 280 0098 05       		.uleb128 0x5
 281 0099 6B000000 		.4byte	0x6b
 282 009d 02       		.uleb128 0x2
 283 009e 04       		.byte	0x4
 284 009f 07       		.byte	0x7
 285 00a0 5D020000 		.4byte	.LASF14
 286 00a4 06       		.uleb128 0x6
 287 00a5 04       		.byte	0x4
 288 00a6 03       		.byte	0x3
 289 00a7 43       		.byte	0x43
 290 00a8 DD000000 		.4byte	0xdd
 291 00ac 07       		.uleb128 0x7
 292 00ad CF000000 		.4byte	.LASF15
 293 00b1 03       		.byte	0x3
 294 00b2 45       		.byte	0x45
 295 00b3 6B000000 		.4byte	0x6b
 296 00b7 00       		.byte	0
 297 00b8 07       		.uleb128 0x7
ARM GAS  C:\Users\yqh\AppData\Local\Temp\ccm5wKXh.s 			page 9


 298 00b9 2C020000 		.4byte	.LASF16
 299 00bd 03       		.byte	0x3
 300 00be 48       		.byte	0x48
 301 00bf 6B000000 		.4byte	0x6b
 302 00c3 01       		.byte	0x1
 303 00c4 07       		.uleb128 0x7
 304 00c5 FC000000 		.4byte	.LASF17
 305 00c9 03       		.byte	0x3
 306 00ca 49       		.byte	0x49
 307 00cb 6B000000 		.4byte	0x6b
 308 00cf 02       		.byte	0x2
 309 00d0 07       		.uleb128 0x7
 310 00d1 BA000000 		.4byte	.LASF18
 311 00d5 03       		.byte	0x3
 312 00d6 4F       		.byte	0x4f
 313 00d7 6B000000 		.4byte	0x6b
 314 00db 03       		.byte	0x3
 315 00dc 00       		.byte	0
 316 00dd 08       		.uleb128 0x8
 317 00de 6A010000 		.4byte	.LASF19
 318 00e2 03       		.byte	0x3
 319 00e3 53       		.byte	0x53
 320 00e4 A4000000 		.4byte	0xa4
 321 00e8 09       		.uleb128 0x9
 322 00e9 88010000 		.4byte	.LASF20
 323 00ed 01       		.byte	0x1
 324 00ee 2B       		.byte	0x2b
 325 00ef 00000000 		.4byte	.LFB0
 326 00f3 30000000 		.4byte	.LFE0-.LFB0
 327 00f7 01       		.uleb128 0x1
 328 00f8 9C       		.byte	0x9c
 329 00f9 09       		.uleb128 0x9
 330 00fa 19010000 		.4byte	.LASF21
 331 00fe 01       		.byte	0x1
 332 00ff 4D       		.byte	0x4d
 333 0100 00000000 		.4byte	.LFB1
 334 0104 2C000000 		.4byte	.LFE1-.LFB1
 335 0108 01       		.uleb128 0x1
 336 0109 9C       		.byte	0x9c
 337 010a 09       		.uleb128 0x9
 338 010b 3A020000 		.4byte	.LASF22
 339 010f 01       		.byte	0x1
 340 0110 70       		.byte	0x70
 341 0111 00000000 		.4byte	.LFB2
 342 0115 34000000 		.4byte	.LFE2-.LFB2
 343 0119 01       		.uleb128 0x1
 344 011a 9C       		.byte	0x9c
 345 011b 09       		.uleb128 0x9
 346 011c 4B020000 		.4byte	.LASF23
 347 0120 01       		.byte	0x1
 348 0121 96       		.byte	0x96
 349 0122 00000000 		.4byte	.LFB3
 350 0126 1C000000 		.4byte	.LFE3-.LFB3
 351 012a 01       		.uleb128 0x1
 352 012b 9C       		.byte	0x9c
 353 012c 0A       		.uleb128 0xa
 354 012d 39010000 		.4byte	.LASF27
ARM GAS  C:\Users\yqh\AppData\Local\Temp\ccm5wKXh.s 			page 10


 355 0131 01       		.byte	0x1
 356 0132 15       		.byte	0x15
 357 0133 DD000000 		.4byte	0xdd
 358 0137 05       		.uleb128 0x5
 359 0138 03       		.byte	0x3
 360 0139 00000000 		.4byte	Pulse_50us_backup
 361 013d 00       		.byte	0
 362              		.section	.debug_abbrev,"",%progbits
 363              	.Ldebug_abbrev0:
 364 0000 01       		.uleb128 0x1
 365 0001 11       		.uleb128 0x11
 366 0002 01       		.byte	0x1
 367 0003 25       		.uleb128 0x25
 368 0004 0E       		.uleb128 0xe
 369 0005 13       		.uleb128 0x13
 370 0006 0B       		.uleb128 0xb
 371 0007 03       		.uleb128 0x3
 372 0008 0E       		.uleb128 0xe
 373 0009 1B       		.uleb128 0x1b
 374 000a 0E       		.uleb128 0xe
 375 000b 55       		.uleb128 0x55
 376 000c 17       		.uleb128 0x17
 377 000d 11       		.uleb128 0x11
 378 000e 01       		.uleb128 0x1
 379 000f 10       		.uleb128 0x10
 380 0010 17       		.uleb128 0x17
 381 0011 00       		.byte	0
 382 0012 00       		.byte	0
 383 0013 02       		.uleb128 0x2
 384 0014 24       		.uleb128 0x24
 385 0015 00       		.byte	0
 386 0016 0B       		.uleb128 0xb
 387 0017 0B       		.uleb128 0xb
 388 0018 3E       		.uleb128 0x3e
 389 0019 0B       		.uleb128 0xb
 390 001a 03       		.uleb128 0x3
 391 001b 0E       		.uleb128 0xe
 392 001c 00       		.byte	0
 393 001d 00       		.byte	0
 394 001e 03       		.uleb128 0x3
 395 001f 24       		.uleb128 0x24
 396 0020 00       		.byte	0
 397 0021 0B       		.uleb128 0xb
 398 0022 0B       		.uleb128 0xb
 399 0023 3E       		.uleb128 0x3e
 400 0024 0B       		.uleb128 0xb
 401 0025 03       		.uleb128 0x3
 402 0026 08       		.uleb128 0x8
 403 0027 00       		.byte	0
 404 0028 00       		.byte	0
 405 0029 04       		.uleb128 0x4
 406 002a 16       		.uleb128 0x16
 407 002b 00       		.byte	0
 408 002c 03       		.uleb128 0x3
 409 002d 0E       		.uleb128 0xe
 410 002e 3A       		.uleb128 0x3a
 411 002f 0B       		.uleb128 0xb
ARM GAS  C:\Users\yqh\AppData\Local\Temp\ccm5wKXh.s 			page 11


 412 0030 3B       		.uleb128 0x3b
 413 0031 05       		.uleb128 0x5
 414 0032 49       		.uleb128 0x49
 415 0033 13       		.uleb128 0x13
 416 0034 00       		.byte	0
 417 0035 00       		.byte	0
 418 0036 05       		.uleb128 0x5
 419 0037 35       		.uleb128 0x35
 420 0038 00       		.byte	0
 421 0039 49       		.uleb128 0x49
 422 003a 13       		.uleb128 0x13
 423 003b 00       		.byte	0
 424 003c 00       		.byte	0
 425 003d 06       		.uleb128 0x6
 426 003e 13       		.uleb128 0x13
 427 003f 01       		.byte	0x1
 428 0040 0B       		.uleb128 0xb
 429 0041 0B       		.uleb128 0xb
 430 0042 3A       		.uleb128 0x3a
 431 0043 0B       		.uleb128 0xb
 432 0044 3B       		.uleb128 0x3b
 433 0045 0B       		.uleb128 0xb
 434 0046 01       		.uleb128 0x1
 435 0047 13       		.uleb128 0x13
 436 0048 00       		.byte	0
 437 0049 00       		.byte	0
 438 004a 07       		.uleb128 0x7
 439 004b 0D       		.uleb128 0xd
 440 004c 00       		.byte	0
 441 004d 03       		.uleb128 0x3
 442 004e 0E       		.uleb128 0xe
 443 004f 3A       		.uleb128 0x3a
 444 0050 0B       		.uleb128 0xb
 445 0051 3B       		.uleb128 0x3b
 446 0052 0B       		.uleb128 0xb
 447 0053 49       		.uleb128 0x49
 448 0054 13       		.uleb128 0x13
 449 0055 38       		.uleb128 0x38
 450 0056 0B       		.uleb128 0xb
 451 0057 00       		.byte	0
 452 0058 00       		.byte	0
 453 0059 08       		.uleb128 0x8
 454 005a 16       		.uleb128 0x16
 455 005b 00       		.byte	0
 456 005c 03       		.uleb128 0x3
 457 005d 0E       		.uleb128 0xe
 458 005e 3A       		.uleb128 0x3a
 459 005f 0B       		.uleb128 0xb
 460 0060 3B       		.uleb128 0x3b
 461 0061 0B       		.uleb128 0xb
 462 0062 49       		.uleb128 0x49
 463 0063 13       		.uleb128 0x13
 464 0064 00       		.byte	0
 465 0065 00       		.byte	0
 466 0066 09       		.uleb128 0x9
 467 0067 2E       		.uleb128 0x2e
 468 0068 00       		.byte	0
ARM GAS  C:\Users\yqh\AppData\Local\Temp\ccm5wKXh.s 			page 12


 469 0069 3F       		.uleb128 0x3f
 470 006a 19       		.uleb128 0x19
 471 006b 03       		.uleb128 0x3
 472 006c 0E       		.uleb128 0xe
 473 006d 3A       		.uleb128 0x3a
 474 006e 0B       		.uleb128 0xb
 475 006f 3B       		.uleb128 0x3b
 476 0070 0B       		.uleb128 0xb
 477 0071 27       		.uleb128 0x27
 478 0072 19       		.uleb128 0x19
 479 0073 11       		.uleb128 0x11
 480 0074 01       		.uleb128 0x1
 481 0075 12       		.uleb128 0x12
 482 0076 06       		.uleb128 0x6
 483 0077 40       		.uleb128 0x40
 484 0078 18       		.uleb128 0x18
 485 0079 9642     		.uleb128 0x2116
 486 007b 19       		.uleb128 0x19
 487 007c 00       		.byte	0
 488 007d 00       		.byte	0
 489 007e 0A       		.uleb128 0xa
 490 007f 34       		.uleb128 0x34
 491 0080 00       		.byte	0
 492 0081 03       		.uleb128 0x3
 493 0082 0E       		.uleb128 0xe
 494 0083 3A       		.uleb128 0x3a
 495 0084 0B       		.uleb128 0xb
 496 0085 3B       		.uleb128 0x3b
 497 0086 0B       		.uleb128 0xb
 498 0087 49       		.uleb128 0x49
 499 0088 13       		.uleb128 0x13
 500 0089 02       		.uleb128 0x2
 501 008a 18       		.uleb128 0x18
 502 008b 00       		.byte	0
 503 008c 00       		.byte	0
 504 008d 00       		.byte	0
 505              		.section	.debug_aranges,"",%progbits
 506 0000 34000000 		.4byte	0x34
 507 0004 0200     		.2byte	0x2
 508 0006 00000000 		.4byte	.Ldebug_info0
 509 000a 04       		.byte	0x4
 510 000b 00       		.byte	0
 511 000c 0000     		.2byte	0
 512 000e 0000     		.2byte	0
 513 0010 00000000 		.4byte	.LFB0
 514 0014 30000000 		.4byte	.LFE0-.LFB0
 515 0018 00000000 		.4byte	.LFB1
 516 001c 2C000000 		.4byte	.LFE1-.LFB1
 517 0020 00000000 		.4byte	.LFB2
 518 0024 34000000 		.4byte	.LFE2-.LFB2
 519 0028 00000000 		.4byte	.LFB3
 520 002c 1C000000 		.4byte	.LFE3-.LFB3
 521 0030 00000000 		.4byte	0
 522 0034 00000000 		.4byte	0
 523              		.section	.debug_ranges,"",%progbits
 524              	.Ldebug_ranges0:
 525 0000 00000000 		.4byte	.LFB0
ARM GAS  C:\Users\yqh\AppData\Local\Temp\ccm5wKXh.s 			page 13


 526 0004 30000000 		.4byte	.LFE0
 527 0008 00000000 		.4byte	.LFB1
 528 000c 2C000000 		.4byte	.LFE1
 529 0010 00000000 		.4byte	.LFB2
 530 0014 34000000 		.4byte	.LFE2
 531 0018 00000000 		.4byte	.LFB3
 532 001c 1C000000 		.4byte	.LFE3
 533 0020 00000000 		.4byte	0
 534 0024 00000000 		.4byte	0
 535              		.section	.debug_line,"",%progbits
 536              	.Ldebug_line0:
 537 0000 B3000000 		.section	.debug_str,"MS",%progbits,1
 537      02005C00 
 537      00000201 
 537      FB0E0D00 
 537      01010101 
 538              	.LASF6:
 539 0000 6C6F6E67 		.ascii	"long long int\000"
 539      206C6F6E 
 539      6720696E 
 539      7400
 540              	.LASF26:
 541 000e 433A5C55 		.ascii	"C:\\Users\\yqh\\Documents\\works\\NanoNXT\\Pass_TOC"
 541      73657273 
 541      5C797168 
 541      5C446F63 
 541      756D656E 
 542 003b 5C332E35 		.ascii	"\\3.5.2\\nanoNxt_ICM3.cydsn\000"
 542      2E325C6E 
 542      616E6F4E 
 542      78745F49 
 542      434D332E 
 543              	.LASF8:
 544 0055 756E7369 		.ascii	"unsigned int\000"
 544      676E6564 
 544      20696E74 
 544      00
 545              	.LASF25:
 546 0062 2E5C4765 		.ascii	".\\Generated_Source\\PSoC5\\Pulse_50us_PM.c\000"
 546      6E657261 
 546      7465645F 
 546      536F7572 
 546      63655C50 
 547              	.LASF12:
 548 008b 75696E74 		.ascii	"uint8\000"
 548      3800
 549              	.LASF5:
 550 0091 6C6F6E67 		.ascii	"long unsigned int\000"
 550      20756E73 
 550      69676E65 
 550      6420696E 
 550      7400
 551              	.LASF7:
 552 00a3 6C6F6E67 		.ascii	"long long unsigned int\000"
 552      206C6F6E 
 552      6720756E 
 552      7369676E 
ARM GAS  C:\Users\yqh\AppData\Local\Temp\ccm5wKXh.s 			page 14


 552      65642069 
 553              	.LASF18:
 554 00ba 54696D65 		.ascii	"TimerControlRegister\000"
 554      72436F6E 
 554      74726F6C 
 554      52656769 
 554      73746572 
 555              	.LASF15:
 556 00cf 54696D65 		.ascii	"TimerEnableState\000"
 556      72456E61 
 556      626C6553 
 556      74617465 
 556      00
 557              	.LASF1:
 558 00e0 756E7369 		.ascii	"unsigned char\000"
 558      676E6564 
 558      20636861 
 558      7200
 559              	.LASF11:
 560 00ee 63686172 		.ascii	"char\000"
 560      00
 561              	.LASF4:
 562 00f3 6C6F6E67 		.ascii	"long int\000"
 562      20696E74 
 562      00
 563              	.LASF17:
 564 00fc 496E7465 		.ascii	"InterruptMaskValue\000"
 564      72727570 
 564      744D6173 
 564      6B56616C 
 564      756500
 565              	.LASF2:
 566 010f 73686F72 		.ascii	"short int\000"
 566      7420696E 
 566      7400
 567              	.LASF21:
 568 0119 50756C73 		.ascii	"Pulse_50us_RestoreConfig\000"
 568      655F3530 
 568      75735F52 
 568      6573746F 
 568      7265436F 
 569              	.LASF10:
 570 0132 646F7562 		.ascii	"double\000"
 570      6C6500
 571              	.LASF27:
 572 0139 50756C73 		.ascii	"Pulse_50us_backup\000"
 572      655F3530 
 572      75735F62 
 572      61636B75 
 572      7000
 573              	.LASF3:
 574 014b 73686F72 		.ascii	"short unsigned int\000"
 574      7420756E 
 574      7369676E 
 574      65642069 
 574      6E7400
 575              	.LASF0:
ARM GAS  C:\Users\yqh\AppData\Local\Temp\ccm5wKXh.s 			page 15


 576 015e 7369676E 		.ascii	"signed char\000"
 576      65642063 
 576      68617200 
 577              	.LASF19:
 578 016a 50756C73 		.ascii	"Pulse_50us_backupStruct\000"
 578      655F3530 
 578      75735F62 
 578      61636B75 
 578      70537472 
 579              	.LASF9:
 580 0182 666C6F61 		.ascii	"float\000"
 580      7400
 581              	.LASF20:
 582 0188 50756C73 		.ascii	"Pulse_50us_SaveConfig\000"
 582      655F3530 
 582      75735F53 
 582      61766543 
 582      6F6E6669 
 583              	.LASF24:
 584 019e 474E5520 		.ascii	"GNU C 4.9.3 20150303 (release) [ARM/embedded-4_9-br"
 584      4320342E 
 584      392E3320 
 584      32303135 
 584      30333033 
 585 01d1 616E6368 		.ascii	"anch revision 221220] -mcpu=cortex-m3 -mthumb -g -O"
 585      20726576 
 585      6973696F 
 585      6E203232 
 585      31323230 
 586 0204 30202D66 		.ascii	"0 -ffunction-sections -ffat-lto-objects\000"
 586      66756E63 
 586      74696F6E 
 586      2D736563 
 586      74696F6E 
 587              	.LASF16:
 588 022c 54696D65 		.ascii	"TimerUdb\000"
 588      72556462 
 588      00
 589              	.LASF13:
 590 0235 72656738 		.ascii	"reg8\000"
 590      00
 591              	.LASF22:
 592 023a 50756C73 		.ascii	"Pulse_50us_Sleep\000"
 592      655F3530 
 592      75735F53 
 592      6C656570 
 592      00
 593              	.LASF23:
 594 024b 50756C73 		.ascii	"Pulse_50us_Wakeup\000"
 594      655F3530 
 594      75735F57 
 594      616B6575 
 594      7000
 595              	.LASF14:
 596 025d 73697A65 		.ascii	"sizetype\000"
 596      74797065 
 596      00
ARM GAS  C:\Users\yqh\AppData\Local\Temp\ccm5wKXh.s 			page 16


 597              		.ident	"GCC: (GNU Tools for ARM Embedded Processors) 4.9.3 20150303 (release) [ARM/embedded-4_9-br
