ARM GAS  C:\Users\yqh\AppData\Local\Temp\cc5T3j1O.s 			page 1


   1              		.syntax unified
   2              		.cpu cortex-m3
   3              		.fpu softvfp
   4              		.eabi_attribute 20, 1
   5              		.eabi_attribute 21, 1
   6              		.eabi_attribute 23, 3
   7              		.eabi_attribute 24, 1
   8              		.eabi_attribute 25, 1
   9              		.eabi_attribute 26, 1
  10              		.eabi_attribute 30, 6
  11              		.eabi_attribute 34, 1
  12              		.eabi_attribute 18, 4
  13              		.thumb
  14              		.file	"UART_TIMER_PM.c"
  15              		.text
  16              	.Ltext0:
  17              		.cfi_sections	.debug_frame
  18              		.bss
  19              		.align	2
  20              	UART_TIMER_backup:
  21 0000 00       		.space	1
  22 0001 000000   		.section	.text.UART_TIMER_SaveConfig,"ax",%progbits
  23              		.align	2
  24              		.global	UART_TIMER_SaveConfig
  25              		.thumb
  26              		.thumb_func
  27              		.type	UART_TIMER_SaveConfig, %function
  28              	UART_TIMER_SaveConfig:
  29              	.LFB0:
  30              		.file 1 ".\\Generated_Source\\PSoC5\\UART_TIMER_PM.c"
   1:.\Generated_Source\PSoC5/UART_TIMER_PM.c **** /*******************************************************************************
   2:.\Generated_Source\PSoC5/UART_TIMER_PM.c **** * File Name: UART_TIMER_PM.c
   3:.\Generated_Source\PSoC5/UART_TIMER_PM.c **** * Version 2.70
   4:.\Generated_Source\PSoC5/UART_TIMER_PM.c **** *
   5:.\Generated_Source\PSoC5/UART_TIMER_PM.c **** *  Description:
   6:.\Generated_Source\PSoC5/UART_TIMER_PM.c **** *     This file provides the power management source code to API for the
   7:.\Generated_Source\PSoC5/UART_TIMER_PM.c **** *     Timer.
   8:.\Generated_Source\PSoC5/UART_TIMER_PM.c **** *
   9:.\Generated_Source\PSoC5/UART_TIMER_PM.c **** *   Note:
  10:.\Generated_Source\PSoC5/UART_TIMER_PM.c **** *     None
  11:.\Generated_Source\PSoC5/UART_TIMER_PM.c **** *
  12:.\Generated_Source\PSoC5/UART_TIMER_PM.c **** *******************************************************************************
  13:.\Generated_Source\PSoC5/UART_TIMER_PM.c **** * Copyright 2008-2014, Cypress Semiconductor Corporation.  All rights reserved.
  14:.\Generated_Source\PSoC5/UART_TIMER_PM.c **** * You may use this file only in accordance with the license, terms, conditions,
  15:.\Generated_Source\PSoC5/UART_TIMER_PM.c **** * disclaimers, and limitations in the end user license agreement accompanying
  16:.\Generated_Source\PSoC5/UART_TIMER_PM.c **** * the software package with which this file was provided.
  17:.\Generated_Source\PSoC5/UART_TIMER_PM.c **** ********************************************************************************/
  18:.\Generated_Source\PSoC5/UART_TIMER_PM.c **** 
  19:.\Generated_Source\PSoC5/UART_TIMER_PM.c **** #include "UART_TIMER.h"
  20:.\Generated_Source\PSoC5/UART_TIMER_PM.c **** 
  21:.\Generated_Source\PSoC5/UART_TIMER_PM.c **** static UART_TIMER_backupStruct UART_TIMER_backup;
  22:.\Generated_Source\PSoC5/UART_TIMER_PM.c **** 
  23:.\Generated_Source\PSoC5/UART_TIMER_PM.c **** 
  24:.\Generated_Source\PSoC5/UART_TIMER_PM.c **** /*******************************************************************************
  25:.\Generated_Source\PSoC5/UART_TIMER_PM.c **** * Function Name: UART_TIMER_SaveConfig
  26:.\Generated_Source\PSoC5/UART_TIMER_PM.c **** ********************************************************************************
  27:.\Generated_Source\PSoC5/UART_TIMER_PM.c **** *
ARM GAS  C:\Users\yqh\AppData\Local\Temp\cc5T3j1O.s 			page 2


  28:.\Generated_Source\PSoC5/UART_TIMER_PM.c **** * Summary:
  29:.\Generated_Source\PSoC5/UART_TIMER_PM.c **** *     Save the current user configuration
  30:.\Generated_Source\PSoC5/UART_TIMER_PM.c **** *
  31:.\Generated_Source\PSoC5/UART_TIMER_PM.c **** * Parameters:
  32:.\Generated_Source\PSoC5/UART_TIMER_PM.c **** *  void
  33:.\Generated_Source\PSoC5/UART_TIMER_PM.c **** *
  34:.\Generated_Source\PSoC5/UART_TIMER_PM.c **** * Return:
  35:.\Generated_Source\PSoC5/UART_TIMER_PM.c **** *  void
  36:.\Generated_Source\PSoC5/UART_TIMER_PM.c **** *
  37:.\Generated_Source\PSoC5/UART_TIMER_PM.c **** * Global variables:
  38:.\Generated_Source\PSoC5/UART_TIMER_PM.c **** *  UART_TIMER_backup:  Variables of this global structure are modified to
  39:.\Generated_Source\PSoC5/UART_TIMER_PM.c **** *  store the values of non retention configuration registers when Sleep() API is
  40:.\Generated_Source\PSoC5/UART_TIMER_PM.c **** *  called.
  41:.\Generated_Source\PSoC5/UART_TIMER_PM.c **** *
  42:.\Generated_Source\PSoC5/UART_TIMER_PM.c **** *******************************************************************************/
  43:.\Generated_Source\PSoC5/UART_TIMER_PM.c **** void UART_TIMER_SaveConfig(void) 
  44:.\Generated_Source\PSoC5/UART_TIMER_PM.c **** {
  31              		.loc 1 44 0
  32              		.cfi_startproc
  33              		@ args = 0, pretend = 0, frame = 0
  34              		@ frame_needed = 1, uses_anonymous_args = 0
  35              		@ link register save eliminated.
  36 0000 80B4     		push	{r7}
  37              		.cfi_def_cfa_offset 4
  38              		.cfi_offset 7, -4
  39 0002 00AF     		add	r7, sp, #0
  40              		.cfi_def_cfa_register 7
  45:.\Generated_Source\PSoC5/UART_TIMER_PM.c ****     #if (!UART_TIMER_UsingFixedFunction)
  46:.\Generated_Source\PSoC5/UART_TIMER_PM.c ****         UART_TIMER_backup.TimerUdb = UART_TIMER_ReadCounter();
  47:.\Generated_Source\PSoC5/UART_TIMER_PM.c ****         UART_TIMER_backup.InterruptMaskValue = UART_TIMER_STATUS_MASK;
  48:.\Generated_Source\PSoC5/UART_TIMER_PM.c ****         #if (UART_TIMER_UsingHWCaptureCounter)
  49:.\Generated_Source\PSoC5/UART_TIMER_PM.c ****             UART_TIMER_backup.TimerCaptureCounter = UART_TIMER_ReadCaptureCount();
  50:.\Generated_Source\PSoC5/UART_TIMER_PM.c ****         #endif /* Back Up capture counter register  */
  51:.\Generated_Source\PSoC5/UART_TIMER_PM.c **** 
  52:.\Generated_Source\PSoC5/UART_TIMER_PM.c ****         #if(!UART_TIMER_UDB_CONTROL_REG_REMOVED)
  53:.\Generated_Source\PSoC5/UART_TIMER_PM.c ****             UART_TIMER_backup.TimerControlRegister = UART_TIMER_ReadControlRegister();
  54:.\Generated_Source\PSoC5/UART_TIMER_PM.c ****         #endif /* Backup the enable state of the Timer component */
  55:.\Generated_Source\PSoC5/UART_TIMER_PM.c ****     #endif /* Backup non retention registers in UDB implementation. All fixed function registers ar
  56:.\Generated_Source\PSoC5/UART_TIMER_PM.c **** }
  41              		.loc 1 56 0
  42 0004 BD46     		mov	sp, r7
  43              		.cfi_def_cfa_register 13
  44              		@ sp needed
  45 0006 5DF8047B 		ldr	r7, [sp], #4
  46              		.cfi_restore 7
  47              		.cfi_def_cfa_offset 0
  48 000a 7047     		bx	lr
  49              		.cfi_endproc
  50              	.LFE0:
  51              		.size	UART_TIMER_SaveConfig, .-UART_TIMER_SaveConfig
  52              		.section	.text.UART_TIMER_RestoreConfig,"ax",%progbits
  53              		.align	2
  54              		.global	UART_TIMER_RestoreConfig
  55              		.thumb
  56              		.thumb_func
  57              		.type	UART_TIMER_RestoreConfig, %function
  58              	UART_TIMER_RestoreConfig:
ARM GAS  C:\Users\yqh\AppData\Local\Temp\cc5T3j1O.s 			page 3


  59              	.LFB1:
  57:.\Generated_Source\PSoC5/UART_TIMER_PM.c **** 
  58:.\Generated_Source\PSoC5/UART_TIMER_PM.c **** 
  59:.\Generated_Source\PSoC5/UART_TIMER_PM.c **** /*******************************************************************************
  60:.\Generated_Source\PSoC5/UART_TIMER_PM.c **** * Function Name: UART_TIMER_RestoreConfig
  61:.\Generated_Source\PSoC5/UART_TIMER_PM.c **** ********************************************************************************
  62:.\Generated_Source\PSoC5/UART_TIMER_PM.c **** *
  63:.\Generated_Source\PSoC5/UART_TIMER_PM.c **** * Summary:
  64:.\Generated_Source\PSoC5/UART_TIMER_PM.c **** *  Restores the current user configuration.
  65:.\Generated_Source\PSoC5/UART_TIMER_PM.c **** *
  66:.\Generated_Source\PSoC5/UART_TIMER_PM.c **** * Parameters:
  67:.\Generated_Source\PSoC5/UART_TIMER_PM.c **** *  void
  68:.\Generated_Source\PSoC5/UART_TIMER_PM.c **** *
  69:.\Generated_Source\PSoC5/UART_TIMER_PM.c **** * Return:
  70:.\Generated_Source\PSoC5/UART_TIMER_PM.c **** *  void
  71:.\Generated_Source\PSoC5/UART_TIMER_PM.c **** *
  72:.\Generated_Source\PSoC5/UART_TIMER_PM.c **** * Global variables:
  73:.\Generated_Source\PSoC5/UART_TIMER_PM.c **** *  UART_TIMER_backup:  Variables of this global structure are used to
  74:.\Generated_Source\PSoC5/UART_TIMER_PM.c **** *  restore the values of non retention registers on wakeup from sleep mode.
  75:.\Generated_Source\PSoC5/UART_TIMER_PM.c **** *
  76:.\Generated_Source\PSoC5/UART_TIMER_PM.c **** *******************************************************************************/
  77:.\Generated_Source\PSoC5/UART_TIMER_PM.c **** void UART_TIMER_RestoreConfig(void) 
  78:.\Generated_Source\PSoC5/UART_TIMER_PM.c **** {   
  60              		.loc 1 78 0
  61              		.cfi_startproc
  62              		@ args = 0, pretend = 0, frame = 0
  63              		@ frame_needed = 1, uses_anonymous_args = 0
  64              		@ link register save eliminated.
  65 0000 80B4     		push	{r7}
  66              		.cfi_def_cfa_offset 4
  67              		.cfi_offset 7, -4
  68 0002 00AF     		add	r7, sp, #0
  69              		.cfi_def_cfa_register 7
  79:.\Generated_Source\PSoC5/UART_TIMER_PM.c ****     #if (!UART_TIMER_UsingFixedFunction)
  80:.\Generated_Source\PSoC5/UART_TIMER_PM.c **** 
  81:.\Generated_Source\PSoC5/UART_TIMER_PM.c ****         UART_TIMER_WriteCounter(UART_TIMER_backup.TimerUdb);
  82:.\Generated_Source\PSoC5/UART_TIMER_PM.c ****         UART_TIMER_STATUS_MASK =UART_TIMER_backup.InterruptMaskValue;
  83:.\Generated_Source\PSoC5/UART_TIMER_PM.c ****         #if (UART_TIMER_UsingHWCaptureCounter)
  84:.\Generated_Source\PSoC5/UART_TIMER_PM.c ****             UART_TIMER_SetCaptureCount(UART_TIMER_backup.TimerCaptureCounter);
  85:.\Generated_Source\PSoC5/UART_TIMER_PM.c ****         #endif /* Restore Capture counter register*/
  86:.\Generated_Source\PSoC5/UART_TIMER_PM.c **** 
  87:.\Generated_Source\PSoC5/UART_TIMER_PM.c ****         #if(!UART_TIMER_UDB_CONTROL_REG_REMOVED)
  88:.\Generated_Source\PSoC5/UART_TIMER_PM.c ****             UART_TIMER_WriteControlRegister(UART_TIMER_backup.TimerControlRegister);
  89:.\Generated_Source\PSoC5/UART_TIMER_PM.c ****         #endif /* Restore the enable state of the Timer component */
  90:.\Generated_Source\PSoC5/UART_TIMER_PM.c ****     #endif /* Restore non retention registers in the UDB implementation only */
  91:.\Generated_Source\PSoC5/UART_TIMER_PM.c **** }
  70              		.loc 1 91 0
  71 0004 BD46     		mov	sp, r7
  72              		.cfi_def_cfa_register 13
  73              		@ sp needed
  74 0006 5DF8047B 		ldr	r7, [sp], #4
  75              		.cfi_restore 7
  76              		.cfi_def_cfa_offset 0
  77 000a 7047     		bx	lr
  78              		.cfi_endproc
  79              	.LFE1:
  80              		.size	UART_TIMER_RestoreConfig, .-UART_TIMER_RestoreConfig
ARM GAS  C:\Users\yqh\AppData\Local\Temp\cc5T3j1O.s 			page 4


  81              		.section	.text.UART_TIMER_Sleep,"ax",%progbits
  82              		.align	2
  83              		.global	UART_TIMER_Sleep
  84              		.thumb
  85              		.thumb_func
  86              		.type	UART_TIMER_Sleep, %function
  87              	UART_TIMER_Sleep:
  88              	.LFB2:
  92:.\Generated_Source\PSoC5/UART_TIMER_PM.c **** 
  93:.\Generated_Source\PSoC5/UART_TIMER_PM.c **** 
  94:.\Generated_Source\PSoC5/UART_TIMER_PM.c **** /*******************************************************************************
  95:.\Generated_Source\PSoC5/UART_TIMER_PM.c **** * Function Name: UART_TIMER_Sleep
  96:.\Generated_Source\PSoC5/UART_TIMER_PM.c **** ********************************************************************************
  97:.\Generated_Source\PSoC5/UART_TIMER_PM.c **** *
  98:.\Generated_Source\PSoC5/UART_TIMER_PM.c **** * Summary:
  99:.\Generated_Source\PSoC5/UART_TIMER_PM.c **** *     Stop and Save the user configuration
 100:.\Generated_Source\PSoC5/UART_TIMER_PM.c **** *
 101:.\Generated_Source\PSoC5/UART_TIMER_PM.c **** * Parameters:
 102:.\Generated_Source\PSoC5/UART_TIMER_PM.c **** *  void
 103:.\Generated_Source\PSoC5/UART_TIMER_PM.c **** *
 104:.\Generated_Source\PSoC5/UART_TIMER_PM.c **** * Return:
 105:.\Generated_Source\PSoC5/UART_TIMER_PM.c **** *  void
 106:.\Generated_Source\PSoC5/UART_TIMER_PM.c **** *
 107:.\Generated_Source\PSoC5/UART_TIMER_PM.c **** * Global variables:
 108:.\Generated_Source\PSoC5/UART_TIMER_PM.c **** *  UART_TIMER_backup.TimerEnableState:  Is modified depending on the
 109:.\Generated_Source\PSoC5/UART_TIMER_PM.c **** *  enable state of the block before entering sleep mode.
 110:.\Generated_Source\PSoC5/UART_TIMER_PM.c **** *
 111:.\Generated_Source\PSoC5/UART_TIMER_PM.c **** *******************************************************************************/
 112:.\Generated_Source\PSoC5/UART_TIMER_PM.c **** void UART_TIMER_Sleep(void) 
 113:.\Generated_Source\PSoC5/UART_TIMER_PM.c **** {
  89              		.loc 1 113 0
  90              		.cfi_startproc
  91              		@ args = 0, pretend = 0, frame = 0
  92              		@ frame_needed = 1, uses_anonymous_args = 0
  93 0000 80B5     		push	{r7, lr}
  94              		.cfi_def_cfa_offset 8
  95              		.cfi_offset 7, -8
  96              		.cfi_offset 14, -4
  97 0002 00AF     		add	r7, sp, #0
  98              		.cfi_def_cfa_register 7
 114:.\Generated_Source\PSoC5/UART_TIMER_PM.c ****     #if(!UART_TIMER_UDB_CONTROL_REG_REMOVED)
 115:.\Generated_Source\PSoC5/UART_TIMER_PM.c ****         /* Save Counter's enable state */
 116:.\Generated_Source\PSoC5/UART_TIMER_PM.c ****         if(UART_TIMER_CTRL_ENABLE == (UART_TIMER_CONTROL & UART_TIMER_CTRL_ENABLE))
  99              		.loc 1 116 0
 100 0004 094B     		ldr	r3, .L6
 101 0006 1B78     		ldrb	r3, [r3]
 102 0008 DBB2     		uxtb	r3, r3
 103 000a 03F00103 		and	r3, r3, #1
 104 000e 002B     		cmp	r3, #0
 105 0010 03D0     		beq	.L4
 117:.\Generated_Source\PSoC5/UART_TIMER_PM.c ****         {
 118:.\Generated_Source\PSoC5/UART_TIMER_PM.c ****             /* Timer is enabled */
 119:.\Generated_Source\PSoC5/UART_TIMER_PM.c ****             UART_TIMER_backup.TimerEnableState = 1u;
 106              		.loc 1 119 0
 107 0012 074B     		ldr	r3, .L6+4
 108 0014 0122     		movs	r2, #1
 109 0016 1A70     		strb	r2, [r3]
ARM GAS  C:\Users\yqh\AppData\Local\Temp\cc5T3j1O.s 			page 5


 110 0018 02E0     		b	.L5
 111              	.L4:
 120:.\Generated_Source\PSoC5/UART_TIMER_PM.c ****         }
 121:.\Generated_Source\PSoC5/UART_TIMER_PM.c ****         else
 122:.\Generated_Source\PSoC5/UART_TIMER_PM.c ****         {
 123:.\Generated_Source\PSoC5/UART_TIMER_PM.c ****             /* Timer is disabled */
 124:.\Generated_Source\PSoC5/UART_TIMER_PM.c ****             UART_TIMER_backup.TimerEnableState = 0u;
 112              		.loc 1 124 0
 113 001a 054B     		ldr	r3, .L6+4
 114 001c 0022     		movs	r2, #0
 115 001e 1A70     		strb	r2, [r3]
 116              	.L5:
 125:.\Generated_Source\PSoC5/UART_TIMER_PM.c ****         }
 126:.\Generated_Source\PSoC5/UART_TIMER_PM.c ****     #endif /* Back up enable state from the Timer control register */
 127:.\Generated_Source\PSoC5/UART_TIMER_PM.c ****     UART_TIMER_Stop();
 117              		.loc 1 127 0
 118 0020 FFF7FEFF 		bl	UART_TIMER_Stop
 128:.\Generated_Source\PSoC5/UART_TIMER_PM.c ****     UART_TIMER_SaveConfig();
 119              		.loc 1 128 0
 120 0024 FFF7FEFF 		bl	UART_TIMER_SaveConfig
 129:.\Generated_Source\PSoC5/UART_TIMER_PM.c **** }
 121              		.loc 1 129 0
 122 0028 80BD     		pop	{r7, pc}
 123              	.L7:
 124 002a 00BF     		.align	2
 125              	.L6:
 126 002c 184F0040 		.word	1073762072
 127 0030 00000000 		.word	UART_TIMER_backup
 128              		.cfi_endproc
 129              	.LFE2:
 130              		.size	UART_TIMER_Sleep, .-UART_TIMER_Sleep
 131              		.section	.text.UART_TIMER_Wakeup,"ax",%progbits
 132              		.align	2
 133              		.global	UART_TIMER_Wakeup
 134              		.thumb
 135              		.thumb_func
 136              		.type	UART_TIMER_Wakeup, %function
 137              	UART_TIMER_Wakeup:
 138              	.LFB3:
 130:.\Generated_Source\PSoC5/UART_TIMER_PM.c **** 
 131:.\Generated_Source\PSoC5/UART_TIMER_PM.c **** 
 132:.\Generated_Source\PSoC5/UART_TIMER_PM.c **** /*******************************************************************************
 133:.\Generated_Source\PSoC5/UART_TIMER_PM.c **** * Function Name: UART_TIMER_Wakeup
 134:.\Generated_Source\PSoC5/UART_TIMER_PM.c **** ********************************************************************************
 135:.\Generated_Source\PSoC5/UART_TIMER_PM.c **** *
 136:.\Generated_Source\PSoC5/UART_TIMER_PM.c **** * Summary:
 137:.\Generated_Source\PSoC5/UART_TIMER_PM.c **** *  Restores and enables the user configuration
 138:.\Generated_Source\PSoC5/UART_TIMER_PM.c **** *
 139:.\Generated_Source\PSoC5/UART_TIMER_PM.c **** * Parameters:
 140:.\Generated_Source\PSoC5/UART_TIMER_PM.c **** *  void
 141:.\Generated_Source\PSoC5/UART_TIMER_PM.c **** *
 142:.\Generated_Source\PSoC5/UART_TIMER_PM.c **** * Return:
 143:.\Generated_Source\PSoC5/UART_TIMER_PM.c **** *  void
 144:.\Generated_Source\PSoC5/UART_TIMER_PM.c **** *
 145:.\Generated_Source\PSoC5/UART_TIMER_PM.c **** * Global variables:
 146:.\Generated_Source\PSoC5/UART_TIMER_PM.c **** *  UART_TIMER_backup.enableState:  Is used to restore the enable state of
 147:.\Generated_Source\PSoC5/UART_TIMER_PM.c **** *  block on wakeup from sleep mode.
ARM GAS  C:\Users\yqh\AppData\Local\Temp\cc5T3j1O.s 			page 6


 148:.\Generated_Source\PSoC5/UART_TIMER_PM.c **** *
 149:.\Generated_Source\PSoC5/UART_TIMER_PM.c **** *******************************************************************************/
 150:.\Generated_Source\PSoC5/UART_TIMER_PM.c **** void UART_TIMER_Wakeup(void) 
 151:.\Generated_Source\PSoC5/UART_TIMER_PM.c **** {
 139              		.loc 1 151 0
 140              		.cfi_startproc
 141              		@ args = 0, pretend = 0, frame = 0
 142              		@ frame_needed = 1, uses_anonymous_args = 0
 143 0000 80B5     		push	{r7, lr}
 144              		.cfi_def_cfa_offset 8
 145              		.cfi_offset 7, -8
 146              		.cfi_offset 14, -4
 147 0002 00AF     		add	r7, sp, #0
 148              		.cfi_def_cfa_register 7
 152:.\Generated_Source\PSoC5/UART_TIMER_PM.c ****     UART_TIMER_RestoreConfig();
 149              		.loc 1 152 0
 150 0004 FFF7FEFF 		bl	UART_TIMER_RestoreConfig
 153:.\Generated_Source\PSoC5/UART_TIMER_PM.c ****     #if(!UART_TIMER_UDB_CONTROL_REG_REMOVED)
 154:.\Generated_Source\PSoC5/UART_TIMER_PM.c ****         if(UART_TIMER_backup.TimerEnableState == 1u)
 151              		.loc 1 154 0
 152 0008 034B     		ldr	r3, .L10
 153 000a 1B78     		ldrb	r3, [r3]	@ zero_extendqisi2
 154 000c 012B     		cmp	r3, #1
 155 000e 01D1     		bne	.L8
 155:.\Generated_Source\PSoC5/UART_TIMER_PM.c ****         {     /* Enable Timer's operation */
 156:.\Generated_Source\PSoC5/UART_TIMER_PM.c ****                 UART_TIMER_Enable();
 156              		.loc 1 156 0
 157 0010 FFF7FEFF 		bl	UART_TIMER_Enable
 158              	.L8:
 157:.\Generated_Source\PSoC5/UART_TIMER_PM.c ****         } /* Do nothing if Timer was disabled before */
 158:.\Generated_Source\PSoC5/UART_TIMER_PM.c ****     #endif /* Remove this code section if Control register is removed */
 159:.\Generated_Source\PSoC5/UART_TIMER_PM.c **** }
 159              		.loc 1 159 0
 160 0014 80BD     		pop	{r7, pc}
 161              	.L11:
 162 0016 00BF     		.align	2
 163              	.L10:
 164 0018 00000000 		.word	UART_TIMER_backup
 165              		.cfi_endproc
 166              	.LFE3:
 167              		.size	UART_TIMER_Wakeup, .-UART_TIMER_Wakeup
 168              		.text
 169              	.Letext0:
 170              		.file 2 ".\\Generated_Source\\PSoC5\\cytypes.h"
 171              		.file 3 ".\\Generated_Source\\PSoC5\\UART_TIMER.h"
 172              		.section	.debug_info,"",%progbits
 173              	.Ldebug_info0:
 174 0000 16010000 		.4byte	0x116
 175 0004 0400     		.2byte	0x4
 176 0006 00000000 		.4byte	.Ldebug_abbrev0
 177 000a 04       		.byte	0x4
 178 000b 01       		.uleb128 0x1
 179 000c 39010000 		.4byte	.LASF20
 180 0010 01       		.byte	0x1
 181 0011 D1000000 		.4byte	.LASF21
 182 0015 45000000 		.4byte	.LASF22
 183 0019 00000000 		.4byte	.Ldebug_ranges0+0
ARM GAS  C:\Users\yqh\AppData\Local\Temp\cc5T3j1O.s 			page 7


 184 001d 00000000 		.4byte	0
 185 0021 00000000 		.4byte	.Ldebug_line0
 186 0025 02       		.uleb128 0x2
 187 0026 01       		.byte	0x1
 188 0027 06       		.byte	0x6
 189 0028 F2010000 		.4byte	.LASF0
 190 002c 02       		.uleb128 0x2
 191 002d 01       		.byte	0x1
 192 002e 08       		.byte	0x8
 193 002f 1D010000 		.4byte	.LASF1
 194 0033 02       		.uleb128 0x2
 195 0034 02       		.byte	0x2
 196 0035 05       		.byte	0x5
 197 0036 1D020000 		.4byte	.LASF2
 198 003a 02       		.uleb128 0x2
 199 003b 02       		.byte	0x2
 200 003c 07       		.byte	0x7
 201 003d DF010000 		.4byte	.LASF3
 202 0041 02       		.uleb128 0x2
 203 0042 04       		.byte	0x4
 204 0043 05       		.byte	0x5
 205 0044 30010000 		.4byte	.LASF4
 206 0048 02       		.uleb128 0x2
 207 0049 04       		.byte	0x4
 208 004a 07       		.byte	0x7
 209 004b A8000000 		.4byte	.LASF5
 210 004f 02       		.uleb128 0x2
 211 0050 08       		.byte	0x8
 212 0051 05       		.byte	0x5
 213 0052 00000000 		.4byte	.LASF6
 214 0056 02       		.uleb128 0x2
 215 0057 08       		.byte	0x8
 216 0058 07       		.byte	0x7
 217 0059 BA000000 		.4byte	.LASF7
 218 005d 03       		.uleb128 0x3
 219 005e 04       		.byte	0x4
 220 005f 05       		.byte	0x5
 221 0060 696E7400 		.ascii	"int\000"
 222 0064 02       		.uleb128 0x2
 223 0065 04       		.byte	0x4
 224 0066 07       		.byte	0x7
 225 0067 38000000 		.4byte	.LASF8
 226 006b 04       		.uleb128 0x4
 227 006c A2000000 		.4byte	.LASF12
 228 0070 02       		.byte	0x2
 229 0071 9201     		.2byte	0x192
 230 0073 2C000000 		.4byte	0x2c
 231 0077 02       		.uleb128 0x2
 232 0078 04       		.byte	0x4
 233 0079 04       		.byte	0x4
 234 007a 17020000 		.4byte	.LASF9
 235 007e 02       		.uleb128 0x2
 236 007f 08       		.byte	0x8
 237 0080 04       		.byte	0x4
 238 0081 D8010000 		.4byte	.LASF10
 239 0085 02       		.uleb128 0x2
 240 0086 01       		.byte	0x1
ARM GAS  C:\Users\yqh\AppData\Local\Temp\cc5T3j1O.s 			page 8


 241 0087 08       		.byte	0x8
 242 0088 2B010000 		.4byte	.LASF11
 243 008c 04       		.uleb128 0x4
 244 008d 27020000 		.4byte	.LASF13
 245 0091 02       		.byte	0x2
 246 0092 3C02     		.2byte	0x23c
 247 0094 98000000 		.4byte	0x98
 248 0098 05       		.uleb128 0x5
 249 0099 6B000000 		.4byte	0x6b
 250 009d 02       		.uleb128 0x2
 251 009e 04       		.byte	0x4
 252 009f 07       		.byte	0x7
 253 00a0 2C020000 		.4byte	.LASF14
 254 00a4 06       		.uleb128 0x6
 255 00a5 01       		.byte	0x1
 256 00a6 03       		.byte	0x3
 257 00a7 43       		.byte	0x43
 258 00a8 B9000000 		.4byte	0xb9
 259 00ac 07       		.uleb128 0x7
 260 00ad 0C010000 		.4byte	.LASF23
 261 00b1 03       		.byte	0x3
 262 00b2 45       		.byte	0x45
 263 00b3 6B000000 		.4byte	0x6b
 264 00b7 00       		.byte	0
 265 00b8 00       		.byte	0
 266 00b9 08       		.uleb128 0x8
 267 00ba 20000000 		.4byte	.LASF15
 268 00be 03       		.byte	0x3
 269 00bf 53       		.byte	0x53
 270 00c0 A4000000 		.4byte	0xa4
 271 00c4 09       		.uleb128 0x9
 272 00c5 8C000000 		.4byte	.LASF16
 273 00c9 01       		.byte	0x1
 274 00ca 2B       		.byte	0x2b
 275 00cb 00000000 		.4byte	.LFB0
 276 00cf 0C000000 		.4byte	.LFE0-.LFB0
 277 00d3 01       		.uleb128 0x1
 278 00d4 9C       		.byte	0x9c
 279 00d5 09       		.uleb128 0x9
 280 00d6 FE010000 		.4byte	.LASF17
 281 00da 01       		.byte	0x1
 282 00db 4D       		.byte	0x4d
 283 00dc 00000000 		.4byte	.LFB1
 284 00e0 0C000000 		.4byte	.LFE1-.LFB1
 285 00e4 01       		.uleb128 0x1
 286 00e5 9C       		.byte	0x9c
 287 00e6 0A       		.uleb128 0xa
 288 00e7 C7010000 		.4byte	.LASF18
 289 00eb 01       		.byte	0x1
 290 00ec 70       		.byte	0x70
 291 00ed 00000000 		.4byte	.LFB2
 292 00f1 34000000 		.4byte	.LFE2-.LFB2
 293 00f5 01       		.uleb128 0x1
 294 00f6 9C       		.byte	0x9c
 295 00f7 0A       		.uleb128 0xa
 296 00f8 FA000000 		.4byte	.LASF19
 297 00fc 01       		.byte	0x1
ARM GAS  C:\Users\yqh\AppData\Local\Temp\cc5T3j1O.s 			page 9


 298 00fd 96       		.byte	0x96
 299 00fe 00000000 		.4byte	.LFB3
 300 0102 1C000000 		.4byte	.LFE3-.LFB3
 301 0106 01       		.uleb128 0x1
 302 0107 9C       		.byte	0x9c
 303 0108 0B       		.uleb128 0xb
 304 0109 0E000000 		.4byte	.LASF24
 305 010d 01       		.byte	0x1
 306 010e 15       		.byte	0x15
 307 010f B9000000 		.4byte	0xb9
 308 0113 05       		.uleb128 0x5
 309 0114 03       		.byte	0x3
 310 0115 00000000 		.4byte	UART_TIMER_backup
 311 0119 00       		.byte	0
 312              		.section	.debug_abbrev,"",%progbits
 313              	.Ldebug_abbrev0:
 314 0000 01       		.uleb128 0x1
 315 0001 11       		.uleb128 0x11
 316 0002 01       		.byte	0x1
 317 0003 25       		.uleb128 0x25
 318 0004 0E       		.uleb128 0xe
 319 0005 13       		.uleb128 0x13
 320 0006 0B       		.uleb128 0xb
 321 0007 03       		.uleb128 0x3
 322 0008 0E       		.uleb128 0xe
 323 0009 1B       		.uleb128 0x1b
 324 000a 0E       		.uleb128 0xe
 325 000b 55       		.uleb128 0x55
 326 000c 17       		.uleb128 0x17
 327 000d 11       		.uleb128 0x11
 328 000e 01       		.uleb128 0x1
 329 000f 10       		.uleb128 0x10
 330 0010 17       		.uleb128 0x17
 331 0011 00       		.byte	0
 332 0012 00       		.byte	0
 333 0013 02       		.uleb128 0x2
 334 0014 24       		.uleb128 0x24
 335 0015 00       		.byte	0
 336 0016 0B       		.uleb128 0xb
 337 0017 0B       		.uleb128 0xb
 338 0018 3E       		.uleb128 0x3e
 339 0019 0B       		.uleb128 0xb
 340 001a 03       		.uleb128 0x3
 341 001b 0E       		.uleb128 0xe
 342 001c 00       		.byte	0
 343 001d 00       		.byte	0
 344 001e 03       		.uleb128 0x3
 345 001f 24       		.uleb128 0x24
 346 0020 00       		.byte	0
 347 0021 0B       		.uleb128 0xb
 348 0022 0B       		.uleb128 0xb
 349 0023 3E       		.uleb128 0x3e
 350 0024 0B       		.uleb128 0xb
 351 0025 03       		.uleb128 0x3
 352 0026 08       		.uleb128 0x8
 353 0027 00       		.byte	0
 354 0028 00       		.byte	0
ARM GAS  C:\Users\yqh\AppData\Local\Temp\cc5T3j1O.s 			page 10


 355 0029 04       		.uleb128 0x4
 356 002a 16       		.uleb128 0x16
 357 002b 00       		.byte	0
 358 002c 03       		.uleb128 0x3
 359 002d 0E       		.uleb128 0xe
 360 002e 3A       		.uleb128 0x3a
 361 002f 0B       		.uleb128 0xb
 362 0030 3B       		.uleb128 0x3b
 363 0031 05       		.uleb128 0x5
 364 0032 49       		.uleb128 0x49
 365 0033 13       		.uleb128 0x13
 366 0034 00       		.byte	0
 367 0035 00       		.byte	0
 368 0036 05       		.uleb128 0x5
 369 0037 35       		.uleb128 0x35
 370 0038 00       		.byte	0
 371 0039 49       		.uleb128 0x49
 372 003a 13       		.uleb128 0x13
 373 003b 00       		.byte	0
 374 003c 00       		.byte	0
 375 003d 06       		.uleb128 0x6
 376 003e 13       		.uleb128 0x13
 377 003f 01       		.byte	0x1
 378 0040 0B       		.uleb128 0xb
 379 0041 0B       		.uleb128 0xb
 380 0042 3A       		.uleb128 0x3a
 381 0043 0B       		.uleb128 0xb
 382 0044 3B       		.uleb128 0x3b
 383 0045 0B       		.uleb128 0xb
 384 0046 01       		.uleb128 0x1
 385 0047 13       		.uleb128 0x13
 386 0048 00       		.byte	0
 387 0049 00       		.byte	0
 388 004a 07       		.uleb128 0x7
 389 004b 0D       		.uleb128 0xd
 390 004c 00       		.byte	0
 391 004d 03       		.uleb128 0x3
 392 004e 0E       		.uleb128 0xe
 393 004f 3A       		.uleb128 0x3a
 394 0050 0B       		.uleb128 0xb
 395 0051 3B       		.uleb128 0x3b
 396 0052 0B       		.uleb128 0xb
 397 0053 49       		.uleb128 0x49
 398 0054 13       		.uleb128 0x13
 399 0055 38       		.uleb128 0x38
 400 0056 0B       		.uleb128 0xb
 401 0057 00       		.byte	0
 402 0058 00       		.byte	0
 403 0059 08       		.uleb128 0x8
 404 005a 16       		.uleb128 0x16
 405 005b 00       		.byte	0
 406 005c 03       		.uleb128 0x3
 407 005d 0E       		.uleb128 0xe
 408 005e 3A       		.uleb128 0x3a
 409 005f 0B       		.uleb128 0xb
 410 0060 3B       		.uleb128 0x3b
 411 0061 0B       		.uleb128 0xb
ARM GAS  C:\Users\yqh\AppData\Local\Temp\cc5T3j1O.s 			page 11


 412 0062 49       		.uleb128 0x49
 413 0063 13       		.uleb128 0x13
 414 0064 00       		.byte	0
 415 0065 00       		.byte	0
 416 0066 09       		.uleb128 0x9
 417 0067 2E       		.uleb128 0x2e
 418 0068 00       		.byte	0
 419 0069 3F       		.uleb128 0x3f
 420 006a 19       		.uleb128 0x19
 421 006b 03       		.uleb128 0x3
 422 006c 0E       		.uleb128 0xe
 423 006d 3A       		.uleb128 0x3a
 424 006e 0B       		.uleb128 0xb
 425 006f 3B       		.uleb128 0x3b
 426 0070 0B       		.uleb128 0xb
 427 0071 27       		.uleb128 0x27
 428 0072 19       		.uleb128 0x19
 429 0073 11       		.uleb128 0x11
 430 0074 01       		.uleb128 0x1
 431 0075 12       		.uleb128 0x12
 432 0076 06       		.uleb128 0x6
 433 0077 40       		.uleb128 0x40
 434 0078 18       		.uleb128 0x18
 435 0079 9742     		.uleb128 0x2117
 436 007b 19       		.uleb128 0x19
 437 007c 00       		.byte	0
 438 007d 00       		.byte	0
 439 007e 0A       		.uleb128 0xa
 440 007f 2E       		.uleb128 0x2e
 441 0080 00       		.byte	0
 442 0081 3F       		.uleb128 0x3f
 443 0082 19       		.uleb128 0x19
 444 0083 03       		.uleb128 0x3
 445 0084 0E       		.uleb128 0xe
 446 0085 3A       		.uleb128 0x3a
 447 0086 0B       		.uleb128 0xb
 448 0087 3B       		.uleb128 0x3b
 449 0088 0B       		.uleb128 0xb
 450 0089 27       		.uleb128 0x27
 451 008a 19       		.uleb128 0x19
 452 008b 11       		.uleb128 0x11
 453 008c 01       		.uleb128 0x1
 454 008d 12       		.uleb128 0x12
 455 008e 06       		.uleb128 0x6
 456 008f 40       		.uleb128 0x40
 457 0090 18       		.uleb128 0x18
 458 0091 9642     		.uleb128 0x2116
 459 0093 19       		.uleb128 0x19
 460 0094 00       		.byte	0
 461 0095 00       		.byte	0
 462 0096 0B       		.uleb128 0xb
 463 0097 34       		.uleb128 0x34
 464 0098 00       		.byte	0
 465 0099 03       		.uleb128 0x3
 466 009a 0E       		.uleb128 0xe
 467 009b 3A       		.uleb128 0x3a
 468 009c 0B       		.uleb128 0xb
ARM GAS  C:\Users\yqh\AppData\Local\Temp\cc5T3j1O.s 			page 12


 469 009d 3B       		.uleb128 0x3b
 470 009e 0B       		.uleb128 0xb
 471 009f 49       		.uleb128 0x49
 472 00a0 13       		.uleb128 0x13
 473 00a1 02       		.uleb128 0x2
 474 00a2 18       		.uleb128 0x18
 475 00a3 00       		.byte	0
 476 00a4 00       		.byte	0
 477 00a5 00       		.byte	0
 478              		.section	.debug_aranges,"",%progbits
 479 0000 34000000 		.4byte	0x34
 480 0004 0200     		.2byte	0x2
 481 0006 00000000 		.4byte	.Ldebug_info0
 482 000a 04       		.byte	0x4
 483 000b 00       		.byte	0
 484 000c 0000     		.2byte	0
 485 000e 0000     		.2byte	0
 486 0010 00000000 		.4byte	.LFB0
 487 0014 0C000000 		.4byte	.LFE0-.LFB0
 488 0018 00000000 		.4byte	.LFB1
 489 001c 0C000000 		.4byte	.LFE1-.LFB1
 490 0020 00000000 		.4byte	.LFB2
 491 0024 34000000 		.4byte	.LFE2-.LFB2
 492 0028 00000000 		.4byte	.LFB3
 493 002c 1C000000 		.4byte	.LFE3-.LFB3
 494 0030 00000000 		.4byte	0
 495 0034 00000000 		.4byte	0
 496              		.section	.debug_ranges,"",%progbits
 497              	.Ldebug_ranges0:
 498 0000 00000000 		.4byte	.LFB0
 499 0004 0C000000 		.4byte	.LFE0
 500 0008 00000000 		.4byte	.LFB1
 501 000c 0C000000 		.4byte	.LFE1
 502 0010 00000000 		.4byte	.LFB2
 503 0014 34000000 		.4byte	.LFE2
 504 0018 00000000 		.4byte	.LFB3
 505 001c 1C000000 		.4byte	.LFE3
 506 0020 00000000 		.4byte	0
 507 0024 00000000 		.4byte	0
 508              		.section	.debug_line,"",%progbits
 509              	.Ldebug_line0:
 510 0000 B1000000 		.section	.debug_str,"MS",%progbits,1
 510      02005C00 
 510      00000201 
 510      FB0E0D00 
 510      01010101 
 511              	.LASF6:
 512 0000 6C6F6E67 		.ascii	"long long int\000"
 512      206C6F6E 
 512      6720696E 
 512      7400
 513              	.LASF24:
 514 000e 55415254 		.ascii	"UART_TIMER_backup\000"
 514      5F54494D 
 514      45525F62 
 514      61636B75 
 514      7000
ARM GAS  C:\Users\yqh\AppData\Local\Temp\cc5T3j1O.s 			page 13


 515              	.LASF15:
 516 0020 55415254 		.ascii	"UART_TIMER_backupStruct\000"
 516      5F54494D 
 516      45525F62 
 516      61636B75 
 516      70537472 
 517              	.LASF8:
 518 0038 756E7369 		.ascii	"unsigned int\000"
 518      676E6564 
 518      20696E74 
 518      00
 519              	.LASF22:
 520 0045 433A5C55 		.ascii	"C:\\Users\\yqh\\Documents\\works\\NanoNXT\\Pass_TOC"
 520      73657273 
 520      5C797168 
 520      5C446F63 
 520      756D656E 
 521 0072 5C332E35 		.ascii	"\\3.5.2\\nanoNxt_ICM3.cydsn\000"
 521      2E325C6E 
 521      616E6F4E 
 521      78745F49 
 521      434D332E 
 522              	.LASF16:
 523 008c 55415254 		.ascii	"UART_TIMER_SaveConfig\000"
 523      5F54494D 
 523      45525F53 
 523      61766543 
 523      6F6E6669 
 524              	.LASF12:
 525 00a2 75696E74 		.ascii	"uint8\000"
 525      3800
 526              	.LASF5:
 527 00a8 6C6F6E67 		.ascii	"long unsigned int\000"
 527      20756E73 
 527      69676E65 
 527      6420696E 
 527      7400
 528              	.LASF7:
 529 00ba 6C6F6E67 		.ascii	"long long unsigned int\000"
 529      206C6F6E 
 529      6720756E 
 529      7369676E 
 529      65642069 
 530              	.LASF21:
 531 00d1 2E5C4765 		.ascii	".\\Generated_Source\\PSoC5\\UART_TIMER_PM.c\000"
 531      6E657261 
 531      7465645F 
 531      536F7572 
 531      63655C50 
 532              	.LASF19:
 533 00fa 55415254 		.ascii	"UART_TIMER_Wakeup\000"
 533      5F54494D 
 533      45525F57 
 533      616B6575 
 533      7000
 534              	.LASF23:
 535 010c 54696D65 		.ascii	"TimerEnableState\000"
ARM GAS  C:\Users\yqh\AppData\Local\Temp\cc5T3j1O.s 			page 14


 535      72456E61 
 535      626C6553 
 535      74617465 
 535      00
 536              	.LASF1:
 537 011d 756E7369 		.ascii	"unsigned char\000"
 537      676E6564 
 537      20636861 
 537      7200
 538              	.LASF11:
 539 012b 63686172 		.ascii	"char\000"
 539      00
 540              	.LASF4:
 541 0130 6C6F6E67 		.ascii	"long int\000"
 541      20696E74 
 541      00
 542              	.LASF20:
 543 0139 474E5520 		.ascii	"GNU C 4.9.3 20150303 (release) [ARM/embedded-4_9-br"
 543      4320342E 
 543      392E3320 
 543      32303135 
 543      30333033 
 544 016c 616E6368 		.ascii	"anch revision 221220] -mcpu=cortex-m3 -mthumb -g -O"
 544      20726576 
 544      6973696F 
 544      6E203232 
 544      31323230 
 545 019f 30202D66 		.ascii	"0 -ffunction-sections -ffat-lto-objects\000"
 545      66756E63 
 545      74696F6E 
 545      2D736563 
 545      74696F6E 
 546              	.LASF18:
 547 01c7 55415254 		.ascii	"UART_TIMER_Sleep\000"
 547      5F54494D 
 547      45525F53 
 547      6C656570 
 547      00
 548              	.LASF10:
 549 01d8 646F7562 		.ascii	"double\000"
 549      6C6500
 550              	.LASF3:
 551 01df 73686F72 		.ascii	"short unsigned int\000"
 551      7420756E 
 551      7369676E 
 551      65642069 
 551      6E7400
 552              	.LASF0:
 553 01f2 7369676E 		.ascii	"signed char\000"
 553      65642063 
 553      68617200 
 554              	.LASF17:
 555 01fe 55415254 		.ascii	"UART_TIMER_RestoreConfig\000"
 555      5F54494D 
 555      45525F52 
 555      6573746F 
 555      7265436F 
ARM GAS  C:\Users\yqh\AppData\Local\Temp\cc5T3j1O.s 			page 15


 556              	.LASF9:
 557 0217 666C6F61 		.ascii	"float\000"
 557      7400
 558              	.LASF2:
 559 021d 73686F72 		.ascii	"short int\000"
 559      7420696E 
 559      7400
 560              	.LASF13:
 561 0227 72656738 		.ascii	"reg8\000"
 561      00
 562              	.LASF14:
 563 022c 73697A65 		.ascii	"sizetype\000"
 563      74797065 
 563      00
 564              		.ident	"GCC: (GNU Tools for ARM Embedded Processors) 4.9.3 20150303 (release) [ARM/embedded-4_9-br
