--------------- Rebuild Started: 03/04/2015 14:35:05 Project: nanoNxt_ICM3, Configuration: ARM GCC 4.8.4 Release ---------------
Deleting file ".\CortexM3\ARM_GCC_484\Release\main.o"
Deleting file ".\CortexM3\ARM_GCC_484\Release\wiegand.o"
Deleting file ".\CortexM3\ARM_GCC_484\Release\power.o"
Deleting file ".\CortexM3\ARM_GCC_484\Release\inout.o"
Deleting file ".\CortexM3\ARM_GCC_484\Release\i2cuart.o"
Deleting file ".\CortexM3\ARM_GCC_484\Release\soft_uart.o"
Deleting file ".\CortexM3\ARM_GCC_484\Release\cyfitter_cfg.o"
Deleting file ".\CortexM3\ARM_GCC_484\Release\cymetadata.o"
Deleting file ".\CortexM3\ARM_GCC_484\Release\RELAY_B.o"
Deleting file ".\CortexM3\ARM_GCC_484\Release\LED_0.o"
Deleting file ".\CortexM3\ARM_GCC_484\Release\SOUND_OUT.o"
Deleting file ".\CortexM3\ARM_GCC_484\Release\Tamper_Timer_ISR.o"
Deleting file ".\CortexM3\ARM_GCC_484\Release\PS_D0.o"
Deleting file ".\CortexM3\ARM_GCC_484\Release\PS_D1.o"
Deleting file ".\CortexM3\ARM_GCC_484\Release\Pin_WD0.o"
Deleting file ".\CortexM3\ARM_GCC_484\Release\Pin_WD1.o"
Deleting file ".\CortexM3\ARM_GCC_484\Release\UART_1.o"
Deleting file ".\CortexM3\ARM_GCC_484\Release\UART_1_PM.o"
Deleting file ".\CortexM3\ARM_GCC_484\Release\UART_1_INT.o"
Deleting file ".\CortexM3\ARM_GCC_484\Release\UART_1_BOOT.o"
Deleting file ".\CortexM3\ARM_GCC_484\Release\TAMPER_OUT.o"
Deleting file ".\CortexM3\ARM_GCC_484\Release\LEDG_OUT.o"
Deleting file ".\CortexM3\ARM_GCC_484\Release\SOUND_IN.o"
Deleting file ".\CortexM3\ARM_GCC_484\Release\LEDG_IN.o"
Deleting file ".\CortexM3\ARM_GCC_484\Release\TAMPER_IN.o"
Deleting file ".\CortexM3\ARM_GCC_484\Release\SW_Rst.o"
Deleting file ".\CortexM3\ARM_GCC_484\Release\LED_2.o"
Deleting file ".\CortexM3\ARM_GCC_484\Release\LEDR_IN.o"
Deleting file ".\CortexM3\ARM_GCC_484\Release\LEDR_OUT.o"
Deleting file ".\CortexM3\ARM_GCC_484\Release\REED_1.o"
Deleting file ".\CortexM3\ARM_GCC_484\Release\REED_2.o"
Deleting file ".\CortexM3\ARM_GCC_484\Release\RELAY_A.o"
Deleting file ".\CortexM3\ARM_GCC_484\Release\Pin_VRef.o"
Deleting file ".\CortexM3\ARM_GCC_484\Release\LED_1.o"
Deleting file ".\CortexM3\ARM_GCC_484\Release\OptSelect.o"
Deleting file ".\CortexM3\ARM_GCC_484\Release\Tamper_Timer.o"
Deleting file ".\CortexM3\ARM_GCC_484\Release\Tamper_Timer_PM.o"
Deleting file ".\CortexM3\ARM_GCC_484\Release\Pin_OSDP.o"
Deleting file ".\CortexM3\ARM_GCC_484\Release\UART_TIMER.o"
Deleting file ".\CortexM3\ARM_GCC_484\Release\UART_TIMER_PM.o"
Deleting file ".\CortexM3\ARM_GCC_484\Release\UART_TIMER_ISR.o"
Deleting file ".\CortexM3\ARM_GCC_484\Release\Cm3Start.o"
Deleting file ".\CortexM3\ARM_GCC_484\Release\CyBootAsmGnu.o"
Deleting file ".\CortexM3\ARM_GCC_484\Release\CyDmac.o"
Deleting file ".\CortexM3\ARM_GCC_484\Release\CyFlash.o"
Deleting file ".\CortexM3\ARM_GCC_484\Release\CyLib.o"
Deleting file ".\CortexM3\ARM_GCC_484\Release\cyPm.o"
Deleting file ".\CortexM3\ARM_GCC_484\Release\CySpc.o"
Deleting file ".\CortexM3\ARM_GCC_484\Release\cyutils.o"
Deleting file ".\CortexM3\ARM_GCC_484\Release\EZI2CPin.o"
Deleting file ".\CortexM3\ARM_GCC_484\Release\EZI2Cs.o"
Deleting file ".\CortexM3\ARM_GCC_484\Release\EZI2Cs_PM.o"
Deleting file ".\CortexM3\ARM_GCC_484\Release\EZI2Cs_INT.o"
Deleting file ".\CortexM3\ARM_GCC_484\Release\UART_OSDP.o"
Deleting file ".\CortexM3\ARM_GCC_484\Release\UART_OSDP_PM.o"
Deleting file ".\CortexM3\ARM_GCC_484\Release\UART_OSDP_INT.o"
Deleting file ".\CortexM3\ARM_GCC_484\Release\UART_OSDP_BOOT.o"
Deleting file ".\CortexM3\ARM_GCC_484\Release\timer_clock.o"
Deleting file ".\CortexM3\ARM_GCC_484\Release\cybootloader.o"
Deleting file ".\CortexM3\ARM_GCC_484\Release\BootloadableI2C.o"
Deleting file ".\CortexM3\ARM_GCC_484\Release\Clock_3.o"
Deleting file ".\CortexM3\ARM_GCC_484\Release\Clock_1.o"
Deleting file ".\CortexM3\ARM_GCC_484\Release\Timeout_Timer.o"
Deleting file ".\CortexM3\ARM_GCC_484\Release\Timeout_Timer_PM.o"
Deleting file ".\CortexM3\ARM_GCC_484\Release\Timeout_Timer_Isr.o"
Deleting file ".\CortexM3\ARM_GCC_484\Release\Clock_2.o"
Deleting file ".\CortexM3\ARM_GCC_484\Release\BUS_CLK.o"
Deleting file ".\CortexM3\ARM_GCC_484\Release\Clock_4.o"
Deleting file ".\CortexM3\ARM_GCC_484\Release\Clock_5.o"
Deleting file ".\CortexM3\ARM_GCC_484\Release\isr_F2F_edge.o"
Deleting file ".\CortexM3\ARM_GCC_484\Release\FilterReg.o"
Deleting file ".\CortexM3\ARM_GCC_484\Release\nanoNxt_ICM3.hex"
Deleting file ".\CortexM3\ARM_GCC_484\Release\nanoNxt_ICM3.elf"
Deleting file ".\CortexM3\ARM_GCC_484\Release\nanoNxt_ICM3.map"
Deleting file ".\CortexM3\ARM_GCC_484\Release\nanoNxt_ICM3.cyacd"
Deleting file ".\nanoNxt_ICM3.cycdx"
Deleting file ".\nanoNxt_ICM3.svd"
Deleting file ".\nanoNxt_ICM3.rpt"
Deleting file ".\nanoNxt_ICM3_timing.html"
Deleting file ".\CortexM3\ARM_GCC_484\Release\.deps\C_FILE.P"
Deleting file ".\CortexM3\ARM_GCC_484\Release\.deps\ARM_C_FILE.P"
Deleting file ".\CortexM3\ARM_GCC_484\Release\.deps\GNU_ARM_ASM_FILE.P"
cydsfit.exe -.appdatapath "C:\Users\Administrator\AppData\Local\Cypress Semiconductor\PSoC Creator\3.1" -.fdsnotice -.fdswarpdepfile=warp_dependencies.txt -.fdselabdepfile=elab_dependencies.txt -.fdsbldfile=generated_files.txt -p "C:\Users\Administrator\Desktop\ICM Codes\nanoNxt_ICM3\nanoNxt_ICM3.cydsn\nanoNxt_ICM3.cyprj" -d CY8C5268LTI-LP030 -s "C:\Users\Administrator\Desktop\ICM Codes\nanoNxt_ICM3\nanoNxt_ICM3.cydsn\Generated_Source\PSoC5" -- -yv2 -q10 -ygs -o2 -v3 -.fftcfgtype=LE
Elaborating Design...
HDL Generation ...
Synthesis ...
Place and Route ...
Tech mapping ...
Analog Placement ...
Analog Routing ...
Analog Code Generation ...
Digital Placement ...
Digital Routing ...
Bitstream Generation ...
Static timing analysis ...
API Generation ...
Dependency Generation ...
Clean Temporary Files ...
arm-none-eabi-gcc.exe -mcpu=cortex-m3 -mthumb -Wno-main -I. -I.\Generated_Source\PSoC5 -Wa,-alh=.\CortexM3\ARM_GCC_484\Release/main.lst -g -D NDEBUG -Wall -ffunction-sections -Os -c .\main.c -o .\CortexM3\ARM_GCC_484\Release\main.o
arm-none-eabi-gcc.exe -mcpu=cortex-m3 -mthumb -Wno-main -I. -I.\Generated_Source\PSoC5 -Wa,-alh=.\CortexM3\ARM_GCC_484\Release/wiegand.lst -g -D NDEBUG -Wall -ffunction-sections -Os -c .\wiegand.c -o .\CortexM3\ARM_GCC_484\Release\wiegand.o
arm-none-eabi-gcc.exe -mcpu=cortex-m3 -mthumb -Wno-main -I. -I.\Generated_Source\PSoC5 -Wa,-alh=.\CortexM3\ARM_GCC_484\Release/power.lst -g -D NDEBUG -Wall -ffunction-sections -Os -c .\power.c -o .\CortexM3\ARM_GCC_484\Release\power.o
arm-none-eabi-gcc.exe -mcpu=cortex-m3 -mthumb -Wno-main -I. -I.\Generated_Source\PSoC5 -Wa,-alh=.\CortexM3\ARM_GCC_484\Release/inout.lst -g -D NDEBUG -Wall -ffunction-sections -Os -c .\inout.c -o .\CortexM3\ARM_GCC_484\Release\inout.o
arm-none-eabi-gcc.exe -mcpu=cortex-m3 -mthumb -Wno-main -I. -I.\Generated_Source\PSoC5 -Wa,-alh=.\CortexM3\ARM_GCC_484\Release/i2cuart.lst -g -D NDEBUG -Wall -ffunction-sections -Os -c .\i2cuart.c -o .\CortexM3\ARM_GCC_484\Release\i2cuart.o
arm-none-eabi-gcc.exe -mcpu=cortex-m3 -mthumb -Wno-main -I. -I.\Generated_Source\PSoC5 -Wa,-alh=.\CortexM3\ARM_GCC_484\Release/soft_uart.lst -g -D NDEBUG -Wall -ffunction-sections -Os -c .\soft_uart.c -o .\CortexM3\ARM_GCC_484\Release\soft_uart.o
arm-none-eabi-gcc.exe -mcpu=cortex-m3 -mthumb -Wno-main -I. -I.\Generated_Source\PSoC5 -Wa,-alh=.\CortexM3\ARM_GCC_484\Release/cyfitter_cfg.lst -g -D NDEBUG -Wall -ffunction-sections -Os -c .\Generated_Source\PSoC5\cyfitter_cfg.c -o .\CortexM3\ARM_GCC_484\Release\cyfitter_cfg.o
arm-none-eabi-gcc.exe -mcpu=cortex-m3 -mthumb -Wno-main -I. -I.\Generated_Source\PSoC5 -Wa,-alh=.\CortexM3\ARM_GCC_484\Release/cymetadata.lst -g -D NDEBUG -Wall -ffunction-sections -Os -c .\Generated_Source\PSoC5\cymetadata.c -o .\CortexM3\ARM_GCC_484\Release\cymetadata.o
arm-none-eabi-gcc.exe -mcpu=cortex-m3 -mthumb -Wno-main -I. -I.\Generated_Source\PSoC5 -Wa,-alh=.\CortexM3\ARM_GCC_484\Release/RELAY_B.lst -g -D NDEBUG -Wall -ffunction-sections -Os -c .\Generated_Source\PSoC5\RELAY_B.c -o .\CortexM3\ARM_GCC_484\Release\RELAY_B.o
arm-none-eabi-gcc.exe -mcpu=cortex-m3 -mthumb -Wno-main -I. -I.\Generated_Source\PSoC5 -Wa,-alh=.\CortexM3\ARM_GCC_484\Release/LED_0.lst -g -D NDEBUG -Wall -ffunction-sections -Os -c .\Generated_Source\PSoC5\LED_0.c -o .\CortexM3\ARM_GCC_484\Release\LED_0.o
arm-none-eabi-gcc.exe -mcpu=cortex-m3 -mthumb -Wno-main -I. -I.\Generated_Source\PSoC5 -Wa,-alh=.\CortexM3\ARM_GCC_484\Release/SOUND_OUT.lst -g -D NDEBUG -Wall -ffunction-sections -Os -c .\Generated_Source\PSoC5\SOUND_OUT.c -o .\CortexM3\ARM_GCC_484\Release\SOUND_OUT.o
arm-none-eabi-gcc.exe -mcpu=cortex-m3 -mthumb -Wno-main -I. -I.\Generated_Source\PSoC5 -Wa,-alh=.\CortexM3\ARM_GCC_484\Release/Tamper_Timer_ISR.lst -g -D NDEBUG -Wall -ffunction-sections -Os -c .\Generated_Source\PSoC5\Tamper_Timer_ISR.c -o .\CortexM3\ARM_GCC_484\Release\Tamper_Timer_ISR.o
arm-none-eabi-gcc.exe -mcpu=cortex-m3 -mthumb -Wno-main -I. -I.\Generated_Source\PSoC5 -Wa,-alh=.\CortexM3\ARM_GCC_484\Release/PS_D0.lst -g -D NDEBUG -Wall -ffunction-sections -Os -c .\Generated_Source\PSoC5\PS_D0.c -o .\CortexM3\ARM_GCC_484\Release\PS_D0.o
arm-none-eabi-gcc.exe -mcpu=cortex-m3 -mthumb -Wno-main -I. -I.\Generated_Source\PSoC5 -Wa,-alh=.\CortexM3\ARM_GCC_484\Release/PS_D1.lst -g -D NDEBUG -Wall -ffunction-sections -Os -c .\Generated_Source\PSoC5\PS_D1.c -o .\CortexM3\ARM_GCC_484\Release\PS_D1.o
arm-none-eabi-gcc.exe -mcpu=cortex-m3 -mthumb -Wno-main -I. -I.\Generated_Source\PSoC5 -Wa,-alh=.\CortexM3\ARM_GCC_484\Release/Pin_WD0.lst -g -D NDEBUG -Wall -ffunction-sections -Os -c .\Generated_Source\PSoC5\Pin_WD0.c -o .\CortexM3\ARM_GCC_484\Release\Pin_WD0.o
arm-none-eabi-gcc.exe -mcpu=cortex-m3 -mthumb -Wno-main -I. -I.\Generated_Source\PSoC5 -Wa,-alh=.\CortexM3\ARM_GCC_484\Release/Pin_WD1.lst -g -D NDEBUG -Wall -ffunction-sections -Os -c .\Generated_Source\PSoC5\Pin_WD1.c -o .\CortexM3\ARM_GCC_484\Release\Pin_WD1.o
arm-none-eabi-gcc.exe -mcpu=cortex-m3 -mthumb -Wno-main -I. -I.\Generated_Source\PSoC5 -Wa,-alh=.\CortexM3\ARM_GCC_484\Release/UART_1.lst -g -D NDEBUG -Wall -ffunction-sections -Os -c .\Generated_Source\PSoC5\UART_1.c -o .\CortexM3\ARM_GCC_484\Release\UART_1.o
arm-none-eabi-gcc.exe -mcpu=cortex-m3 -mthumb -Wno-main -I. -I.\Generated_Source\PSoC5 -Wa,-alh=.\CortexM3\ARM_GCC_484\Release/UART_1_PM.lst -g -D NDEBUG -Wall -ffunction-sections -Os -c .\Generated_Source\PSoC5\UART_1_PM.c -o .\CortexM3\ARM_GCC_484\Release\UART_1_PM.o
arm-none-eabi-gcc.exe -mcpu=cortex-m3 -mthumb -Wno-main -I. -I.\Generated_Source\PSoC5 -Wa,-alh=.\CortexM3\ARM_GCC_484\Release/UART_1_INT.lst -g -D NDEBUG -Wall -ffunction-sections -Os -c .\Generated_Source\PSoC5\UART_1_INT.c -o .\CortexM3\ARM_GCC_484\Release\UART_1_INT.o
arm-none-eabi-gcc.exe -mcpu=cortex-m3 -mthumb -Wno-main -I. -I.\Generated_Source\PSoC5 -Wa,-alh=.\CortexM3\ARM_GCC_484\Release/UART_1_BOOT.lst -g -D NDEBUG -Wall -ffunction-sections -Os -c .\Generated_Source\PSoC5\UART_1_BOOT.c -o .\CortexM3\ARM_GCC_484\Release\UART_1_BOOT.o
arm-none-eabi-gcc.exe -mcpu=cortex-m3 -mthumb -Wno-main -I. -I.\Generated_Source\PSoC5 -Wa,-alh=.\CortexM3\ARM_GCC_484\Release/TAMPER_OUT.lst -g -D NDEBUG -Wall -ffunction-sections -Os -c .\Generated_Source\PSoC5\TAMPER_OUT.c -o .\CortexM3\ARM_GCC_484\Release\TAMPER_OUT.o
arm-none-eabi-gcc.exe -mcpu=cortex-m3 -mthumb -Wno-main -I. -I.\Generated_Source\PSoC5 -Wa,-alh=.\CortexM3\ARM_GCC_484\Release/LEDG_OUT.lst -g -D NDEBUG -Wall -ffunction-sections -Os -c .\Generated_Source\PSoC5\LEDG_OUT.c -o .\CortexM3\ARM_GCC_484\Release\LEDG_OUT.o
arm-none-eabi-gcc.exe -mcpu=cortex-m3 -mthumb -Wno-main -I. -I.\Generated_Source\PSoC5 -Wa,-alh=.\CortexM3\ARM_GCC_484\Release/SOUND_IN.lst -g -D NDEBUG -Wall -ffunction-sections -Os -c .\Generated_Source\PSoC5\SOUND_IN.c -o .\CortexM3\ARM_GCC_484\Release\SOUND_IN.o
arm-none-eabi-gcc.exe -mcpu=cortex-m3 -mthumb -Wno-main -I. -I.\Generated_Source\PSoC5 -Wa,-alh=.\CortexM3\ARM_GCC_484\Release/LEDG_IN.lst -g -D NDEBUG -Wall -ffunction-sections -Os -c .\Generated_Source\PSoC5\LEDG_IN.c -o .\CortexM3\ARM_GCC_484\Release\LEDG_IN.o
arm-none-eabi-gcc.exe -mcpu=cortex-m3 -mthumb -Wno-main -I. -I.\Generated_Source\PSoC5 -Wa,-alh=.\CortexM3\ARM_GCC_484\Release/TAMPER_IN.lst -g -D NDEBUG -Wall -ffunction-sections -Os -c .\Generated_Source\PSoC5\TAMPER_IN.c -o .\CortexM3\ARM_GCC_484\Release\TAMPER_IN.o
arm-none-eabi-gcc.exe -mcpu=cortex-m3 -mthumb -Wno-main -I. -I.\Generated_Source\PSoC5 -Wa,-alh=.\CortexM3\ARM_GCC_484\Release/SW_Rst.lst -g -D NDEBUG -Wall -ffunction-sections -Os -c .\Generated_Source\PSoC5\SW_Rst.c -o .\CortexM3\ARM_GCC_484\Release\SW_Rst.o
arm-none-eabi-gcc.exe -mcpu=cortex-m3 -mthumb -Wno-main -I. -I.\Generated_Source\PSoC5 -Wa,-alh=.\CortexM3\ARM_GCC_484\Release/LED_2.lst -g -D NDEBUG -Wall -ffunction-sections -Os -c .\Generated_Source\PSoC5\LED_2.c -o .\CortexM3\ARM_GCC_484\Release\LED_2.o
arm-none-eabi-gcc.exe -mcpu=cortex-m3 -mthumb -Wno-main -I. -I.\Generated_Source\PSoC5 -Wa,-alh=.\CortexM3\ARM_GCC_484\Release/LEDR_IN.lst -g -D NDEBUG -Wall -ffunction-sections -Os -c .\Generated_Source\PSoC5\LEDR_IN.c -o .\CortexM3\ARM_GCC_484\Release\LEDR_IN.o
arm-none-eabi-gcc.exe -mcpu=cortex-m3 -mthumb -Wno-main -I. -I.\Generated_Source\PSoC5 -Wa,-alh=.\CortexM3\ARM_GCC_484\Release/LEDR_OUT.lst -g -D NDEBUG -Wall -ffunction-sections -Os -c .\Generated_Source\PSoC5\LEDR_OUT.c -o .\CortexM3\ARM_GCC_484\Release\LEDR_OUT.o
arm-none-eabi-gcc.exe -mcpu=cortex-m3 -mthumb -Wno-main -I. -I.\Generated_Source\PSoC5 -Wa,-alh=.\CortexM3\ARM_GCC_484\Release/REED_1.lst -g -D NDEBUG -Wall -ffunction-sections -Os -c .\Generated_Source\PSoC5\REED_1.c -o .\CortexM3\ARM_GCC_484\Release\REED_1.o
arm-none-eabi-gcc.exe -mcpu=cortex-m3 -mthumb -Wno-main -I. -I.\Generated_Source\PSoC5 -Wa,-alh=.\CortexM3\ARM_GCC_484\Release/REED_2.lst -g -D NDEBUG -Wall -ffunction-sections -Os -c .\Generated_Source\PSoC5\REED_2.c -o .\CortexM3\ARM_GCC_484\Release\REED_2.o
arm-none-eabi-gcc.exe -mcpu=cortex-m3 -mthumb -Wno-main -I. -I.\Generated_Source\PSoC5 -Wa,-alh=.\CortexM3\ARM_GCC_484\Release/RELAY_A.lst -g -D NDEBUG -Wall -ffunction-sections -Os -c .\Generated_Source\PSoC5\RELAY_A.c -o .\CortexM3\ARM_GCC_484\Release\RELAY_A.o
arm-none-eabi-gcc.exe -mcpu=cortex-m3 -mthumb -Wno-main -I. -I.\Generated_Source\PSoC5 -Wa,-alh=.\CortexM3\ARM_GCC_484\Release/Pin_VRef.lst -g -D NDEBUG -Wall -ffunction-sections -Os -c .\Generated_Source\PSoC5\Pin_VRef.c -o .\CortexM3\ARM_GCC_484\Release\Pin_VRef.o
arm-none-eabi-gcc.exe -mcpu=cortex-m3 -mthumb -Wno-main -I. -I.\Generated_Source\PSoC5 -Wa,-alh=.\CortexM3\ARM_GCC_484\Release/LED_1.lst -g -D NDEBUG -Wall -ffunction-sections -Os -c .\Generated_Source\PSoC5\LED_1.c -o .\CortexM3\ARM_GCC_484\Release\LED_1.o
arm-none-eabi-gcc.exe -mcpu=cortex-m3 -mthumb -Wno-main -I. -I.\Generated_Source\PSoC5 -Wa,-alh=.\CortexM3\ARM_GCC_484\Release/OptSelect.lst -g -D NDEBUG -Wall -ffunction-sections -Os -c .\Generated_Source\PSoC5\OptSelect.c -o .\CortexM3\ARM_GCC_484\Release\OptSelect.o
arm-none-eabi-gcc.exe -mcpu=cortex-m3 -mthumb -Wno-main -I. -I.\Generated_Source\PSoC5 -Wa,-alh=.\CortexM3\ARM_GCC_484\Release/Tamper_Timer.lst -g -D NDEBUG -Wall -ffunction-sections -Os -c .\Generated_Source\PSoC5\Tamper_Timer.c -o .\CortexM3\ARM_GCC_484\Release\Tamper_Timer.o
arm-none-eabi-gcc.exe -mcpu=cortex-m3 -mthumb -Wno-main -I. -I.\Generated_Source\PSoC5 -Wa,-alh=.\CortexM3\ARM_GCC_484\Release/Tamper_Timer_PM.lst -g -D NDEBUG -Wall -ffunction-sections -Os -c .\Generated_Source\PSoC5\Tamper_Timer_PM.c -o .\CortexM3\ARM_GCC_484\Release\Tamper_Timer_PM.o
arm-none-eabi-gcc.exe -mcpu=cortex-m3 -mthumb -Wno-main -I. -I.\Generated_Source\PSoC5 -Wa,-alh=.\CortexM3\ARM_GCC_484\Release/Pin_OSDP.lst -g -D NDEBUG -Wall -ffunction-sections -Os -c .\Generated_Source\PSoC5\Pin_OSDP.c -o .\CortexM3\ARM_GCC_484\Release\Pin_OSDP.o
arm-none-eabi-gcc.exe -mcpu=cortex-m3 -mthumb -Wno-main -I. -I.\Generated_Source\PSoC5 -Wa,-alh=.\CortexM3\ARM_GCC_484\Release/UART_TIMER.lst -g -D NDEBUG -Wall -ffunction-sections -Os -c .\Generated_Source\PSoC5\UART_TIMER.c -o .\CortexM3\ARM_GCC_484\Release\UART_TIMER.o
arm-none-eabi-gcc.exe -mcpu=cortex-m3 -mthumb -Wno-main -I. -I.\Generated_Source\PSoC5 -Wa,-alh=.\CortexM3\ARM_GCC_484\Release/UART_TIMER_PM.lst -g -D NDEBUG -Wall -ffunction-sections -Os -c .\Generated_Source\PSoC5\UART_TIMER_PM.c -o .\CortexM3\ARM_GCC_484\Release\UART_TIMER_PM.o
arm-none-eabi-gcc.exe -mcpu=cortex-m3 -mthumb -Wno-main -I. -I.\Generated_Source\PSoC5 -Wa,-alh=.\CortexM3\ARM_GCC_484\Release/UART_TIMER_ISR.lst -g -D NDEBUG -Wall -ffunction-sections -Os -c .\Generated_Source\PSoC5\UART_TIMER_ISR.c -o .\CortexM3\ARM_GCC_484\Release\UART_TIMER_ISR.o
arm-none-eabi-gcc.exe -mcpu=cortex-m3 -mthumb -Wno-main -I. -I.\Generated_Source\PSoC5 -Wa,-alh=.\CortexM3\ARM_GCC_484\Release/Cm3Start.lst -g -D NDEBUG -Wall -ffunction-sections -Os -c .\Generated_Source\PSoC5\Cm3Start.c -o .\CortexM3\ARM_GCC_484\Release\Cm3Start.o
arm-none-eabi-as.exe -mcpu=cortex-m3 -mthumb -I. -I.\Generated_Source\PSoC5 -alh=.\CortexM3\ARM_GCC_484\Release/CyBootAsmGnu.lst -g -o .\CortexM3\ARM_GCC_484\Release\CyBootAsmGnu.o .\Generated_Source\PSoC5\CyBootAsmGnu.s
arm-none-eabi-gcc.exe -mcpu=cortex-m3 -mthumb -Wno-main -I. -I.\Generated_Source\PSoC5 -Wa,-alh=.\CortexM3\ARM_GCC_484\Release/CyDmac.lst -g -D NDEBUG -Wall -ffunction-sections -Os -c .\Generated_Source\PSoC5\CyDmac.c -o .\CortexM3\ARM_GCC_484\Release\CyDmac.o
arm-none-eabi-gcc.exe -mcpu=cortex-m3 -mthumb -Wno-main -I. -I.\Generated_Source\PSoC5 -Wa,-alh=.\CortexM3\ARM_GCC_484\Release/CyFlash.lst -g -D NDEBUG -Wall -ffunction-sections -Os -c .\Generated_Source\PSoC5\CyFlash.c -o .\CortexM3\ARM_GCC_484\Release\CyFlash.o
arm-none-eabi-gcc.exe -mcpu=cortex-m3 -mthumb -Wno-main -I. -I.\Generated_Source\PSoC5 -Wa,-alh=.\CortexM3\ARM_GCC_484\Release/CyLib.lst -g -D NDEBUG -Wall -ffunction-sections -Os -c .\Generated_Source\PSoC5\CyLib.c -o .\CortexM3\ARM_GCC_484\Release\CyLib.o
arm-none-eabi-gcc.exe -mcpu=cortex-m3 -mthumb -Wno-main -I. -I.\Generated_Source\PSoC5 -Wa,-alh=.\CortexM3\ARM_GCC_484\Release/cyPm.lst -g -D NDEBUG -Wall -ffunction-sections -Os -c .\Generated_Source\PSoC5\cyPm.c -o .\CortexM3\ARM_GCC_484\Release\cyPm.o
arm-none-eabi-gcc.exe -mcpu=cortex-m3 -mthumb -Wno-main -I. -I.\Generated_Source\PSoC5 -Wa,-alh=.\CortexM3\ARM_GCC_484\Release/CySpc.lst -g -D NDEBUG -Wall -ffunction-sections -Os -c .\Generated_Source\PSoC5\CySpc.c -o .\CortexM3\ARM_GCC_484\Release\CySpc.o
arm-none-eabi-gcc.exe -mcpu=cortex-m3 -mthumb -Wno-main -I. -I.\Generated_Source\PSoC5 -Wa,-alh=.\CortexM3\ARM_GCC_484\Release/cyutils.lst -g -D NDEBUG -Wall -ffunction-sections -Os -c .\Generated_Source\PSoC5\cyutils.c -o .\CortexM3\ARM_GCC_484\Release\cyutils.o
arm-none-eabi-gcc.exe -mcpu=cortex-m3 -mthumb -Wno-main -I. -I.\Generated_Source\PSoC5 -Wa,-alh=.\CortexM3\ARM_GCC_484\Release/EZI2CPin.lst -g -D NDEBUG -Wall -ffunction-sections -Os -c .\Generated_Source\PSoC5\EZI2CPin.c -o .\CortexM3\ARM_GCC_484\Release\EZI2CPin.o
arm-none-eabi-gcc.exe -mcpu=cortex-m3 -mthumb -Wno-main -I. -I.\Generated_Source\PSoC5 -Wa,-alh=.\CortexM3\ARM_GCC_484\Release/EZI2Cs.lst -g -D NDEBUG -Wall -ffunction-sections -Os -c .\Generated_Source\PSoC5\EZI2Cs.c -o .\CortexM3\ARM_GCC_484\Release\EZI2Cs.o
arm-none-eabi-gcc.exe -mcpu=cortex-m3 -mthumb -Wno-main -I. -I.\Generated_Source\PSoC5 -Wa,-alh=.\CortexM3\ARM_GCC_484\Release/EZI2Cs_PM.lst -g -D NDEBUG -Wall -ffunction-sections -Os -c .\Generated_Source\PSoC5\EZI2Cs_PM.c -o .\CortexM3\ARM_GCC_484\Release\EZI2Cs_PM.o
arm-none-eabi-gcc.exe -mcpu=cortex-m3 -mthumb -Wno-main -I. -I.\Generated_Source\PSoC5 -Wa,-alh=.\CortexM3\ARM_GCC_484\Release/EZI2Cs_INT.lst -g -D NDEBUG -Wall -ffunction-sections -Os -c .\Generated_Source\PSoC5\EZI2Cs_INT.c -o .\CortexM3\ARM_GCC_484\Release\EZI2Cs_INT.o
arm-none-eabi-gcc.exe -mcpu=cortex-m3 -mthumb -Wno-main -I. -I.\Generated_Source\PSoC5 -Wa,-alh=.\CortexM3\ARM_GCC_484\Release/UART_OSDP.lst -g -D NDEBUG -Wall -ffunction-sections -Os -c .\Generated_Source\PSoC5\UART_OSDP.c -o .\CortexM3\ARM_GCC_484\Release\UART_OSDP.o
arm-none-eabi-gcc.exe -mcpu=cortex-m3 -mthumb -Wno-main -I. -I.\Generated_Source\PSoC5 -Wa,-alh=.\CortexM3\ARM_GCC_484\Release/UART_OSDP_PM.lst -g -D NDEBUG -Wall -ffunction-sections -Os -c .\Generated_Source\PSoC5\UART_OSDP_PM.c -o .\CortexM3\ARM_GCC_484\Release\UART_OSDP_PM.o
arm-none-eabi-gcc.exe -mcpu=cortex-m3 -mthumb -Wno-main -I. -I.\Generated_Source\PSoC5 -Wa,-alh=.\CortexM3\ARM_GCC_484\Release/UART_OSDP_INT.lst -g -D NDEBUG -Wall -ffunction-sections -Os -c .\Generated_Source\PSoC5\UART_OSDP_INT.c -o .\CortexM3\ARM_GCC_484\Release\UART_OSDP_INT.o
arm-none-eabi-gcc.exe -mcpu=cortex-m3 -mthumb -Wno-main -I. -I.\Generated_Source\PSoC5 -Wa,-alh=.\CortexM3\ARM_GCC_484\Release/UART_OSDP_BOOT.lst -g -D NDEBUG -Wall -ffunction-sections -Os -c .\Generated_Source\PSoC5\UART_OSDP_BOOT.c -o .\CortexM3\ARM_GCC_484\Release\UART_OSDP_BOOT.o
arm-none-eabi-gcc.exe -mcpu=cortex-m3 -mthumb -Wno-main -I. -I.\Generated_Source\PSoC5 -Wa,-alh=.\CortexM3\ARM_GCC_484\Release/timer_clock.lst -g -D NDEBUG -Wall -ffunction-sections -Os -c .\Generated_Source\PSoC5\timer_clock.c -o .\CortexM3\ARM_GCC_484\Release\timer_clock.o
arm-none-eabi-gcc.exe -mcpu=cortex-m3 -mthumb -Wno-main -I. -I.\Generated_Source\PSoC5 -Wa,-alh=.\CortexM3\ARM_GCC_484\Release/cybootloader.lst -g -D NDEBUG -Wall -ffunction-sections -Os -c .\Generated_Source\PSoC5\cybootloader.c -o .\CortexM3\ARM_GCC_484\Release\cybootloader.o
arm-none-eabi-gcc.exe -mcpu=cortex-m3 -mthumb -Wno-main -I. -I.\Generated_Source\PSoC5 -Wa,-alh=.\CortexM3\ARM_GCC_484\Release/BootloadableI2C.lst -g -D NDEBUG -Wall -ffunction-sections -Os -c .\Generated_Source\PSoC5\BootloadableI2C.c -o .\CortexM3\ARM_GCC_484\Release\BootloadableI2C.o
arm-none-eabi-gcc.exe -mcpu=cortex-m3 -mthumb -Wno-main -I. -I.\Generated_Source\PSoC5 -Wa,-alh=.\CortexM3\ARM_GCC_484\Release/Clock_3.lst -g -D NDEBUG -Wall -ffunction-sections -Os -c .\Generated_Source\PSoC5\Clock_3.c -o .\CortexM3\ARM_GCC_484\Release\Clock_3.o
arm-none-eabi-gcc.exe -mcpu=cortex-m3 -mthumb -Wno-main -I. -I.\Generated_Source\PSoC5 -Wa,-alh=.\CortexM3\ARM_GCC_484\Release/Clock_1.lst -g -D NDEBUG -Wall -ffunction-sections -Os -c .\Generated_Source\PSoC5\Clock_1.c -o .\CortexM3\ARM_GCC_484\Release\Clock_1.o
arm-none-eabi-gcc.exe -mcpu=cortex-m3 -mthumb -Wno-main -I. -I.\Generated_Source\PSoC5 -Wa,-alh=.\CortexM3\ARM_GCC_484\Release/Timeout_Timer.lst -g -D NDEBUG -Wall -ffunction-sections -Os -c .\Generated_Source\PSoC5\Timeout_Timer.c -o .\CortexM3\ARM_GCC_484\Release\Timeout_Timer.o
arm-none-eabi-gcc.exe -mcpu=cortex-m3 -mthumb -Wno-main -I. -I.\Generated_Source\PSoC5 -Wa,-alh=.\CortexM3\ARM_GCC_484\Release/Timeout_Timer_PM.lst -g -D NDEBUG -Wall -ffunction-sections -Os -c .\Generated_Source\PSoC5\Timeout_Timer_PM.c -o .\CortexM3\ARM_GCC_484\Release\Timeout_Timer_PM.o
arm-none-eabi-gcc.exe -mcpu=cortex-m3 -mthumb -Wno-main -I. -I.\Generated_Source\PSoC5 -Wa,-alh=.\CortexM3\ARM_GCC_484\Release/Timeout_Timer_Isr.lst -g -D NDEBUG -Wall -ffunction-sections -Os -c .\Generated_Source\PSoC5\Timeout_Timer_Isr.c -o .\CortexM3\ARM_GCC_484\Release\Timeout_Timer_Isr.o
arm-none-eabi-gcc.exe -mcpu=cortex-m3 -mthumb -Wno-main -I. -I.\Generated_Source\PSoC5 -Wa,-alh=.\CortexM3\ARM_GCC_484\Release/Clock_2.lst -g -D NDEBUG -Wall -ffunction-sections -Os -c .\Generated_Source\PSoC5\Clock_2.c -o .\CortexM3\ARM_GCC_484\Release\Clock_2.o
arm-none-eabi-gcc.exe -mcpu=cortex-m3 -mthumb -Wno-main -I. -I.\Generated_Source\PSoC5 -Wa,-alh=.\CortexM3\ARM_GCC_484\Release/BUS_CLK.lst -g -D NDEBUG -Wall -ffunction-sections -Os -c .\Generated_Source\PSoC5\BUS_CLK.c -o .\CortexM3\ARM_GCC_484\Release\BUS_CLK.o
arm-none-eabi-gcc.exe -mcpu=cortex-m3 -mthumb -Wno-main -I. -I.\Generated_Source\PSoC5 -Wa,-alh=.\CortexM3\ARM_GCC_484\Release/Clock_4.lst -g -D NDEBUG -Wall -ffunction-sections -Os -c .\Generated_Source\PSoC5\Clock_4.c -o .\CortexM3\ARM_GCC_484\Release\Clock_4.o
arm-none-eabi-gcc.exe -mcpu=cortex-m3 -mthumb -Wno-main -I. -I.\Generated_Source\PSoC5 -Wa,-alh=.\CortexM3\ARM_GCC_484\Release/Clock_5.lst -g -D NDEBUG -Wall -ffunction-sections -Os -c .\Generated_Source\PSoC5\Clock_5.c -o .\CortexM3\ARM_GCC_484\Release\Clock_5.o
arm-none-eabi-gcc.exe -mcpu=cortex-m3 -mthumb -Wno-main -I. -I.\Generated_Source\PSoC5 -Wa,-alh=.\CortexM3\ARM_GCC_484\Release/isr_F2F_edge.lst -g -D NDEBUG -Wall -ffunction-sections -Os -c .\Generated_Source\PSoC5\isr_F2F_edge.c -o .\CortexM3\ARM_GCC_484\Release\isr_F2F_edge.o
arm-none-eabi-gcc.exe -mcpu=cortex-m3 -mthumb -Wno-main -I. -I.\Generated_Source\PSoC5 -Wa,-alh=.\CortexM3\ARM_GCC_484\Release/FilterReg.lst -g -D NDEBUG -Wall -ffunction-sections -Os -c .\Generated_Source\PSoC5\FilterReg.c -o .\CortexM3\ARM_GCC_484\Release\FilterReg.o
arm-none-eabi-ar.exe -rs .\CortexM3\ARM_GCC_484\Release\nanoNxt_ICM3.a .\CortexM3\ARM_GCC_484\Release\cyfitter_cfg.o .\CortexM3\ARM_GCC_484\Release\RELAY_B.o .\CortexM3\ARM_GCC_484\Release\LED_0.o .\CortexM3\ARM_GCC_484\Release\SOUND_OUT.o .\CortexM3\ARM_GCC_484\Release\Tamper_Timer_ISR.o .\CortexM3\ARM_GCC_484\Release\PS_D0.o .\CortexM3\ARM_GCC_484\Release\PS_D1.o .\CortexM3\ARM_GCC_484\Release\Pin_WD0.o .\CortexM3\ARM_GCC_484\Release\Pin_WD1.o .\CortexM3\ARM_GCC_484\Release\UART_1.o .\CortexM3\ARM_GCC_484\Release\UART_1_PM.o .\CortexM3\ARM_GCC_484\Release\UART_1_INT.o .\CortexM3\ARM_GCC_484\Release\UART_1_BOOT.o .\CortexM3\ARM_GCC_484\Release\TAMPER_OUT.o .\CortexM3\ARM_GCC_484\Release\LEDG_OUT.o .\CortexM3\ARM_GCC_484\Release\SOUND_IN.o .\CortexM3\ARM_GCC_484\Release\LEDG_IN.o .\CortexM3\ARM_GCC_484\Release\TAMPER_IN.o .\CortexM3\ARM_GCC_484\Release\SW_Rst.o .\CortexM3\ARM_GCC_484\Release\LED_2.o .\CortexM3\ARM_GCC_484\Release\LEDR_IN.o .\CortexM3\ARM_GCC_484\Release\LEDR_OUT.o .\CortexM3\ARM_GCC_484\Release\REED_1.o .\CortexM3\ARM_GCC_484\Release\REED_2.o .\CortexM3\ARM_GCC_484\Release\RELAY_A.o .\CortexM3\ARM_GCC_484\Release\Pin_VRef.o .\CortexM3\ARM_GCC_484\Release\LED_1.o .\CortexM3\ARM_GCC_484\Release\OptSelect.o .\CortexM3\ARM_GCC_484\Release\Tamper_Timer.o .\CortexM3\ARM_GCC_484\Release\Tamper_Timer_PM.o .\CortexM3\ARM_GCC_484\Release\Pin_OSDP.o .\CortexM3\ARM_GCC_484\Release\UART_TIMER.o .\CortexM3\ARM_GCC_484\Release\UART_TIMER_PM.o .\CortexM3\ARM_GCC_484\Release\UART_TIMER_ISR.o .\CortexM3\ARM_GCC_484\Release\CyBootAsmGnu.o .\CortexM3\ARM_GCC_484\Release\CyDmac.o .\CortexM3\ARM_GCC_484\Release\CyFlash.o .\CortexM3\ARM_GCC_484\Release\CyLib.o .\CortexM3\ARM_GCC_484\Release\cyPm.o .\CortexM3\ARM_GCC_484\Release\CySpc.o .\CortexM3\ARM_GCC_484\Release\cyutils.o .\CortexM3\ARM_GCC_484\Release\EZI2CPin.o .\CortexM3\ARM_GCC_484\Release\EZI2Cs.o .\CortexM3\ARM_GCC_484\Release\EZI2Cs_PM.o .\CortexM3\ARM_GCC_484\Release\EZI2Cs_INT.o .\CortexM3\ARM_GCC_484\Release\UART_OSDP.o .\CortexM3\ARM_GCC_484\Release\UART_OSDP_PM.o .\CortexM3\ARM_GCC_484\Release\UART_OSDP_INT.o .\CortexM3\ARM_GCC_484\Release\UART_OSDP_BOOT.o .\CortexM3\ARM_GCC_484\Release\timer_clock.o .\CortexM3\ARM_GCC_484\Release\BootloadableI2C.o .\CortexM3\ARM_GCC_484\Release\Clock_3.o .\CortexM3\ARM_GCC_484\Release\Clock_1.o .\CortexM3\ARM_GCC_484\Release\Timeout_Timer.o .\CortexM3\ARM_GCC_484\Release\Timeout_Timer_PM.o .\CortexM3\ARM_GCC_484\Release\Timeout_Timer_Isr.o .\CortexM3\ARM_GCC_484\Release\Clock_2.o .\CortexM3\ARM_GCC_484\Release\BUS_CLK.o .\CortexM3\ARM_GCC_484\Release\Clock_4.o .\CortexM3\ARM_GCC_484\Release\Clock_5.o .\CortexM3\ARM_GCC_484\Release\isr_F2F_edge.o .\CortexM3\ARM_GCC_484\Release\FilterReg.o
arm-none-eabi-ar.exe: creating .\CortexM3\ARM_GCC_484\Release\nanoNxt_ICM3.a
arm-none-eabi-gcc.exe -Wl,--start-group -o .\CortexM3\ARM_GCC_484\Release\nanoNxt_ICM3.elf .\CortexM3\ARM_GCC_484\Release\main.o .\CortexM3\ARM_GCC_484\Release\wiegand.o .\CortexM3\ARM_GCC_484\Release\power.o .\CortexM3\ARM_GCC_484\Release\inout.o .\CortexM3\ARM_GCC_484\Release\i2cuart.o .\CortexM3\ARM_GCC_484\Release\soft_uart.o .\CortexM3\ARM_GCC_484\Release\cymetadata.o .\CortexM3\ARM_GCC_484\Release\Cm3Start.o .\CortexM3\ARM_GCC_484\Release\cybootloader.o .\CortexM3\ARM_GCC_484\Release\nanoNxt_ICM3.a "C:\Program Files (x86)\Cypress\PSoC Creator\3.1\PSoC Creator\psoc\content\cycomponentlibrary\CyComponentLibrary.cylib\CortexM3\ARM_GCC_484\Release\CyComponentLibrary.a" -mthumb -march=armv7-m -mfix-cortex-m3-ldrd -Wl,-Map,.\CortexM3\ARM_GCC_484\Release/nanoNxt_ICM3.map -T .\Generated_Source\PSoC5\cm3gcc.ld -g -specs=nano.specs "-u _printf_float" "" -Wl,--gc-sections -Wl,--end-group
cyelftool.exe -B "C:\Users\Administrator\Desktop\ICM Codes\nanoNxt_ICM3\nanoNxt_ICM3.cydsn\CortexM3\ARM_GCC_484\Release\nanoNxt_ICM3.elf" --flash_row_size 256 --flash_size 262144 --flash_array_size 65536 --ee_array 64 --ee_row_size 16
cyelftool.exe -S "C:\Users\Administrator\Desktop\ICM Codes\nanoNxt_ICM3\nanoNxt_ICM3.cydsn\CortexM3\ARM_GCC_484\Release\nanoNxt_ICM3.elf"
Flash used: 15366 of 262144 bytes (5.9 %). Bootloader: 9472 bytes. Application: 5894 bytes
SRAM used: 2661 of 65536 bytes (4.1 %). Stack: 2048 bytes. Heap: 128 bytes.
--------------- Rebuild Succeeded: 03/04/2015 14:35:46 ---------------
