ARM GAS  C:\Users\Yiquing\AppData\Local\Temp\ccl94LUR.s 			page 1


   1              		.syntax unified
   2              		.cpu cortex-m3
   3              		.fpu softvfp
   4              		.eabi_attribute 20, 1
   5              		.eabi_attribute 21, 1
   6              		.eabi_attribute 23, 3
   7              		.eabi_attribute 24, 1
   8              		.eabi_attribute 25, 1
   9              		.eabi_attribute 26, 1
  10              		.eabi_attribute 30, 4
  11              		.eabi_attribute 34, 1
  12              		.eabi_attribute 18, 4
  13              		.thumb
  14              		.file	"UART_TIMER_PM.c"
  15              		.text
  16              	.Ltext0:
  17              		.cfi_sections	.debug_frame
  18              		.section	.text.UART_TIMER_SaveConfig,"ax",%progbits
  19              		.align	1
  20              		.global	UART_TIMER_SaveConfig
  21              		.thumb
  22              		.thumb_func
  23              		.type	UART_TIMER_SaveConfig, %function
  24              	UART_TIMER_SaveConfig:
  25              	.LFB0:
  26              		.file 1 ".\\Generated_Source\\PSoC5\\UART_TIMER_PM.c"
   1:.\Generated_Source\PSoC5/UART_TIMER_PM.c **** /*******************************************************************************
   2:.\Generated_Source\PSoC5/UART_TIMER_PM.c **** * File Name: UART_TIMER_PM.c
   3:.\Generated_Source\PSoC5/UART_TIMER_PM.c **** * Version 2.70
   4:.\Generated_Source\PSoC5/UART_TIMER_PM.c **** *
   5:.\Generated_Source\PSoC5/UART_TIMER_PM.c **** *  Description:
   6:.\Generated_Source\PSoC5/UART_TIMER_PM.c **** *     This file provides the power management source code to API for the
   7:.\Generated_Source\PSoC5/UART_TIMER_PM.c **** *     Timer.
   8:.\Generated_Source\PSoC5/UART_TIMER_PM.c **** *
   9:.\Generated_Source\PSoC5/UART_TIMER_PM.c **** *   Note:
  10:.\Generated_Source\PSoC5/UART_TIMER_PM.c **** *     None
  11:.\Generated_Source\PSoC5/UART_TIMER_PM.c **** *
  12:.\Generated_Source\PSoC5/UART_TIMER_PM.c **** *******************************************************************************
  13:.\Generated_Source\PSoC5/UART_TIMER_PM.c **** * Copyright 2008-2014, Cypress Semiconductor Corporation.  All rights reserved.
  14:.\Generated_Source\PSoC5/UART_TIMER_PM.c **** * You may use this file only in accordance with the license, terms, conditions,
  15:.\Generated_Source\PSoC5/UART_TIMER_PM.c **** * disclaimers, and limitations in the end user license agreement accompanying
  16:.\Generated_Source\PSoC5/UART_TIMER_PM.c **** * the software package with which this file was provided.
  17:.\Generated_Source\PSoC5/UART_TIMER_PM.c **** ********************************************************************************/
  18:.\Generated_Source\PSoC5/UART_TIMER_PM.c **** 
  19:.\Generated_Source\PSoC5/UART_TIMER_PM.c **** #include "UART_TIMER.h"
  20:.\Generated_Source\PSoC5/UART_TIMER_PM.c **** 
  21:.\Generated_Source\PSoC5/UART_TIMER_PM.c **** static UART_TIMER_backupStruct UART_TIMER_backup;
  22:.\Generated_Source\PSoC5/UART_TIMER_PM.c **** 
  23:.\Generated_Source\PSoC5/UART_TIMER_PM.c **** 
  24:.\Generated_Source\PSoC5/UART_TIMER_PM.c **** /*******************************************************************************
  25:.\Generated_Source\PSoC5/UART_TIMER_PM.c **** * Function Name: UART_TIMER_SaveConfig
  26:.\Generated_Source\PSoC5/UART_TIMER_PM.c **** ********************************************************************************
  27:.\Generated_Source\PSoC5/UART_TIMER_PM.c **** *
  28:.\Generated_Source\PSoC5/UART_TIMER_PM.c **** * Summary:
  29:.\Generated_Source\PSoC5/UART_TIMER_PM.c **** *     Save the current user configuration
  30:.\Generated_Source\PSoC5/UART_TIMER_PM.c **** *
  31:.\Generated_Source\PSoC5/UART_TIMER_PM.c **** * Parameters:
ARM GAS  C:\Users\Yiquing\AppData\Local\Temp\ccl94LUR.s 			page 2


  32:.\Generated_Source\PSoC5/UART_TIMER_PM.c **** *  void
  33:.\Generated_Source\PSoC5/UART_TIMER_PM.c **** *
  34:.\Generated_Source\PSoC5/UART_TIMER_PM.c **** * Return:
  35:.\Generated_Source\PSoC5/UART_TIMER_PM.c **** *  void
  36:.\Generated_Source\PSoC5/UART_TIMER_PM.c **** *
  37:.\Generated_Source\PSoC5/UART_TIMER_PM.c **** * Global variables:
  38:.\Generated_Source\PSoC5/UART_TIMER_PM.c **** *  UART_TIMER_backup:  Variables of this global structure are modified to
  39:.\Generated_Source\PSoC5/UART_TIMER_PM.c **** *  store the values of non retention configuration registers when Sleep() API is
  40:.\Generated_Source\PSoC5/UART_TIMER_PM.c **** *  called.
  41:.\Generated_Source\PSoC5/UART_TIMER_PM.c **** *
  42:.\Generated_Source\PSoC5/UART_TIMER_PM.c **** *******************************************************************************/
  43:.\Generated_Source\PSoC5/UART_TIMER_PM.c **** void UART_TIMER_SaveConfig(void) 
  44:.\Generated_Source\PSoC5/UART_TIMER_PM.c **** {
  27              		.loc 1 44 0
  28              		.cfi_startproc
  29              		@ args = 0, pretend = 0, frame = 0
  30              		@ frame_needed = 0, uses_anonymous_args = 0
  31              		@ link register save eliminated.
  32 0000 7047     		bx	lr
  33              		.cfi_endproc
  34              	.LFE0:
  35              		.size	UART_TIMER_SaveConfig, .-UART_TIMER_SaveConfig
  36              		.section	.text.UART_TIMER_RestoreConfig,"ax",%progbits
  37              		.align	1
  38              		.global	UART_TIMER_RestoreConfig
  39              		.thumb
  40              		.thumb_func
  41              		.type	UART_TIMER_RestoreConfig, %function
  42              	UART_TIMER_RestoreConfig:
  43              	.LFB1:
  45:.\Generated_Source\PSoC5/UART_TIMER_PM.c ****     #if (!UART_TIMER_UsingFixedFunction)
  46:.\Generated_Source\PSoC5/UART_TIMER_PM.c ****         UART_TIMER_backup.TimerUdb = UART_TIMER_ReadCounter();
  47:.\Generated_Source\PSoC5/UART_TIMER_PM.c ****         UART_TIMER_backup.InterruptMaskValue = UART_TIMER_STATUS_MASK;
  48:.\Generated_Source\PSoC5/UART_TIMER_PM.c ****         #if (UART_TIMER_UsingHWCaptureCounter)
  49:.\Generated_Source\PSoC5/UART_TIMER_PM.c ****             UART_TIMER_backup.TimerCaptureCounter = UART_TIMER_ReadCaptureCount();
  50:.\Generated_Source\PSoC5/UART_TIMER_PM.c ****         #endif /* Back Up capture counter register  */
  51:.\Generated_Source\PSoC5/UART_TIMER_PM.c **** 
  52:.\Generated_Source\PSoC5/UART_TIMER_PM.c ****         #if(!UART_TIMER_UDB_CONTROL_REG_REMOVED)
  53:.\Generated_Source\PSoC5/UART_TIMER_PM.c ****             UART_TIMER_backup.TimerControlRegister = UART_TIMER_ReadControlRegister();
  54:.\Generated_Source\PSoC5/UART_TIMER_PM.c ****         #endif /* Backup the enable state of the Timer component */
  55:.\Generated_Source\PSoC5/UART_TIMER_PM.c ****     #endif /* Backup non retention registers in UDB implementation. All fixed function registers ar
  56:.\Generated_Source\PSoC5/UART_TIMER_PM.c **** }
  57:.\Generated_Source\PSoC5/UART_TIMER_PM.c **** 
  58:.\Generated_Source\PSoC5/UART_TIMER_PM.c **** 
  59:.\Generated_Source\PSoC5/UART_TIMER_PM.c **** /*******************************************************************************
  60:.\Generated_Source\PSoC5/UART_TIMER_PM.c **** * Function Name: UART_TIMER_RestoreConfig
  61:.\Generated_Source\PSoC5/UART_TIMER_PM.c **** ********************************************************************************
  62:.\Generated_Source\PSoC5/UART_TIMER_PM.c **** *
  63:.\Generated_Source\PSoC5/UART_TIMER_PM.c **** * Summary:
  64:.\Generated_Source\PSoC5/UART_TIMER_PM.c **** *  Restores the current user configuration.
  65:.\Generated_Source\PSoC5/UART_TIMER_PM.c **** *
  66:.\Generated_Source\PSoC5/UART_TIMER_PM.c **** * Parameters:
  67:.\Generated_Source\PSoC5/UART_TIMER_PM.c **** *  void
  68:.\Generated_Source\PSoC5/UART_TIMER_PM.c **** *
  69:.\Generated_Source\PSoC5/UART_TIMER_PM.c **** * Return:
  70:.\Generated_Source\PSoC5/UART_TIMER_PM.c **** *  void
  71:.\Generated_Source\PSoC5/UART_TIMER_PM.c **** *
ARM GAS  C:\Users\Yiquing\AppData\Local\Temp\ccl94LUR.s 			page 3


  72:.\Generated_Source\PSoC5/UART_TIMER_PM.c **** * Global variables:
  73:.\Generated_Source\PSoC5/UART_TIMER_PM.c **** *  UART_TIMER_backup:  Variables of this global structure are used to
  74:.\Generated_Source\PSoC5/UART_TIMER_PM.c **** *  restore the values of non retention registers on wakeup from sleep mode.
  75:.\Generated_Source\PSoC5/UART_TIMER_PM.c **** *
  76:.\Generated_Source\PSoC5/UART_TIMER_PM.c **** *******************************************************************************/
  77:.\Generated_Source\PSoC5/UART_TIMER_PM.c **** void UART_TIMER_RestoreConfig(void) 
  78:.\Generated_Source\PSoC5/UART_TIMER_PM.c **** {   
  44              		.loc 1 78 0
  45              		.cfi_startproc
  46              		@ args = 0, pretend = 0, frame = 0
  47              		@ frame_needed = 0, uses_anonymous_args = 0
  48              		@ link register save eliminated.
  49 0000 7047     		bx	lr
  50              		.cfi_endproc
  51              	.LFE1:
  52              		.size	UART_TIMER_RestoreConfig, .-UART_TIMER_RestoreConfig
  53              		.section	.text.UART_TIMER_Sleep,"ax",%progbits
  54              		.align	1
  55              		.global	UART_TIMER_Sleep
  56              		.thumb
  57              		.thumb_func
  58              		.type	UART_TIMER_Sleep, %function
  59              	UART_TIMER_Sleep:
  60              	.LFB2:
  79:.\Generated_Source\PSoC5/UART_TIMER_PM.c ****     #if (!UART_TIMER_UsingFixedFunction)
  80:.\Generated_Source\PSoC5/UART_TIMER_PM.c **** 
  81:.\Generated_Source\PSoC5/UART_TIMER_PM.c ****         UART_TIMER_WriteCounter(UART_TIMER_backup.TimerUdb);
  82:.\Generated_Source\PSoC5/UART_TIMER_PM.c ****         UART_TIMER_STATUS_MASK =UART_TIMER_backup.InterruptMaskValue;
  83:.\Generated_Source\PSoC5/UART_TIMER_PM.c ****         #if (UART_TIMER_UsingHWCaptureCounter)
  84:.\Generated_Source\PSoC5/UART_TIMER_PM.c ****             UART_TIMER_SetCaptureCount(UART_TIMER_backup.TimerCaptureCounter);
  85:.\Generated_Source\PSoC5/UART_TIMER_PM.c ****         #endif /* Restore Capture counter register*/
  86:.\Generated_Source\PSoC5/UART_TIMER_PM.c **** 
  87:.\Generated_Source\PSoC5/UART_TIMER_PM.c ****         #if(!UART_TIMER_UDB_CONTROL_REG_REMOVED)
  88:.\Generated_Source\PSoC5/UART_TIMER_PM.c ****             UART_TIMER_WriteControlRegister(UART_TIMER_backup.TimerControlRegister);
  89:.\Generated_Source\PSoC5/UART_TIMER_PM.c ****         #endif /* Restore the enable state of the Timer component */
  90:.\Generated_Source\PSoC5/UART_TIMER_PM.c ****     #endif /* Restore non retention registers in the UDB implementation only */
  91:.\Generated_Source\PSoC5/UART_TIMER_PM.c **** }
  92:.\Generated_Source\PSoC5/UART_TIMER_PM.c **** 
  93:.\Generated_Source\PSoC5/UART_TIMER_PM.c **** 
  94:.\Generated_Source\PSoC5/UART_TIMER_PM.c **** /*******************************************************************************
  95:.\Generated_Source\PSoC5/UART_TIMER_PM.c **** * Function Name: UART_TIMER_Sleep
  96:.\Generated_Source\PSoC5/UART_TIMER_PM.c **** ********************************************************************************
  97:.\Generated_Source\PSoC5/UART_TIMER_PM.c **** *
  98:.\Generated_Source\PSoC5/UART_TIMER_PM.c **** * Summary:
  99:.\Generated_Source\PSoC5/UART_TIMER_PM.c **** *     Stop and Save the user configuration
 100:.\Generated_Source\PSoC5/UART_TIMER_PM.c **** *
 101:.\Generated_Source\PSoC5/UART_TIMER_PM.c **** * Parameters:
 102:.\Generated_Source\PSoC5/UART_TIMER_PM.c **** *  void
 103:.\Generated_Source\PSoC5/UART_TIMER_PM.c **** *
 104:.\Generated_Source\PSoC5/UART_TIMER_PM.c **** * Return:
 105:.\Generated_Source\PSoC5/UART_TIMER_PM.c **** *  void
 106:.\Generated_Source\PSoC5/UART_TIMER_PM.c **** *
 107:.\Generated_Source\PSoC5/UART_TIMER_PM.c **** * Global variables:
 108:.\Generated_Source\PSoC5/UART_TIMER_PM.c **** *  UART_TIMER_backup.TimerEnableState:  Is modified depending on the
 109:.\Generated_Source\PSoC5/UART_TIMER_PM.c **** *  enable state of the block before entering sleep mode.
 110:.\Generated_Source\PSoC5/UART_TIMER_PM.c **** *
 111:.\Generated_Source\PSoC5/UART_TIMER_PM.c **** *******************************************************************************/
ARM GAS  C:\Users\Yiquing\AppData\Local\Temp\ccl94LUR.s 			page 4


 112:.\Generated_Source\PSoC5/UART_TIMER_PM.c **** void UART_TIMER_Sleep(void) 
 113:.\Generated_Source\PSoC5/UART_TIMER_PM.c **** {
  61              		.loc 1 113 0
  62              		.cfi_startproc
  63              		@ args = 0, pretend = 0, frame = 0
  64              		@ frame_needed = 0, uses_anonymous_args = 0
  65              		@ link register save eliminated.
 114:.\Generated_Source\PSoC5/UART_TIMER_PM.c ****     #if(!UART_TIMER_UDB_CONTROL_REG_REMOVED)
 115:.\Generated_Source\PSoC5/UART_TIMER_PM.c ****         /* Save Counter's enable state */
 116:.\Generated_Source\PSoC5/UART_TIMER_PM.c ****         if(UART_TIMER_CTRL_ENABLE == (UART_TIMER_CONTROL & UART_TIMER_CTRL_ENABLE))
  66              		.loc 1 116 0
  67 0000 044B     		ldr	r3, .L6
  68 0002 1B78     		ldrb	r3, [r3]	@ zero_extendqisi2
  69 0004 13F00102 		ands	r2, r3, #1
  70 0008 034B     		ldr	r3, .L6+4
 117:.\Generated_Source\PSoC5/UART_TIMER_PM.c ****         {
 118:.\Generated_Source\PSoC5/UART_TIMER_PM.c ****             /* Timer is enabled */
 119:.\Generated_Source\PSoC5/UART_TIMER_PM.c ****             UART_TIMER_backup.TimerEnableState = 1u;
  71              		.loc 1 119 0
  72 000a 18BF     		it	ne
  73 000c 0122     		movne	r2, #1
 120:.\Generated_Source\PSoC5/UART_TIMER_PM.c ****         }
 121:.\Generated_Source\PSoC5/UART_TIMER_PM.c ****         else
 122:.\Generated_Source\PSoC5/UART_TIMER_PM.c ****         {
 123:.\Generated_Source\PSoC5/UART_TIMER_PM.c ****             /* Timer is disabled */
 124:.\Generated_Source\PSoC5/UART_TIMER_PM.c ****             UART_TIMER_backup.TimerEnableState = 0u;
  74              		.loc 1 124 0
  75 000e 1A70     		strb	r2, [r3]
 125:.\Generated_Source\PSoC5/UART_TIMER_PM.c ****         }
 126:.\Generated_Source\PSoC5/UART_TIMER_PM.c ****     #endif /* Back up enable state from the Timer control register */
 127:.\Generated_Source\PSoC5/UART_TIMER_PM.c ****     UART_TIMER_Stop();
  76              		.loc 1 127 0
  77 0010 FFF7FEBF 		b	UART_TIMER_Stop
  78              	.LVL0:
  79              	.L7:
  80              		.align	2
  81              	.L6:
  82 0014 184F0040 		.word	1073762072
  83 0018 00000000 		.word	.LANCHOR0
  84              		.cfi_endproc
  85              	.LFE2:
  86              		.size	UART_TIMER_Sleep, .-UART_TIMER_Sleep
  87              		.section	.text.UART_TIMER_Wakeup,"ax",%progbits
  88              		.align	1
  89              		.global	UART_TIMER_Wakeup
  90              		.thumb
  91              		.thumb_func
  92              		.type	UART_TIMER_Wakeup, %function
  93              	UART_TIMER_Wakeup:
  94              	.LFB3:
 128:.\Generated_Source\PSoC5/UART_TIMER_PM.c ****     UART_TIMER_SaveConfig();
 129:.\Generated_Source\PSoC5/UART_TIMER_PM.c **** }
 130:.\Generated_Source\PSoC5/UART_TIMER_PM.c **** 
 131:.\Generated_Source\PSoC5/UART_TIMER_PM.c **** 
 132:.\Generated_Source\PSoC5/UART_TIMER_PM.c **** /*******************************************************************************
 133:.\Generated_Source\PSoC5/UART_TIMER_PM.c **** * Function Name: UART_TIMER_Wakeup
 134:.\Generated_Source\PSoC5/UART_TIMER_PM.c **** ********************************************************************************
ARM GAS  C:\Users\Yiquing\AppData\Local\Temp\ccl94LUR.s 			page 5


 135:.\Generated_Source\PSoC5/UART_TIMER_PM.c **** *
 136:.\Generated_Source\PSoC5/UART_TIMER_PM.c **** * Summary:
 137:.\Generated_Source\PSoC5/UART_TIMER_PM.c **** *  Restores and enables the user configuration
 138:.\Generated_Source\PSoC5/UART_TIMER_PM.c **** *
 139:.\Generated_Source\PSoC5/UART_TIMER_PM.c **** * Parameters:
 140:.\Generated_Source\PSoC5/UART_TIMER_PM.c **** *  void
 141:.\Generated_Source\PSoC5/UART_TIMER_PM.c **** *
 142:.\Generated_Source\PSoC5/UART_TIMER_PM.c **** * Return:
 143:.\Generated_Source\PSoC5/UART_TIMER_PM.c **** *  void
 144:.\Generated_Source\PSoC5/UART_TIMER_PM.c **** *
 145:.\Generated_Source\PSoC5/UART_TIMER_PM.c **** * Global variables:
 146:.\Generated_Source\PSoC5/UART_TIMER_PM.c **** *  UART_TIMER_backup.enableState:  Is used to restore the enable state of
 147:.\Generated_Source\PSoC5/UART_TIMER_PM.c **** *  block on wakeup from sleep mode.
 148:.\Generated_Source\PSoC5/UART_TIMER_PM.c **** *
 149:.\Generated_Source\PSoC5/UART_TIMER_PM.c **** *******************************************************************************/
 150:.\Generated_Source\PSoC5/UART_TIMER_PM.c **** void UART_TIMER_Wakeup(void) 
 151:.\Generated_Source\PSoC5/UART_TIMER_PM.c **** {
  95              		.loc 1 151 0
  96              		.cfi_startproc
  97              		@ args = 0, pretend = 0, frame = 0
  98              		@ frame_needed = 0, uses_anonymous_args = 0
  99              		@ link register save eliminated.
 152:.\Generated_Source\PSoC5/UART_TIMER_PM.c ****     UART_TIMER_RestoreConfig();
 153:.\Generated_Source\PSoC5/UART_TIMER_PM.c ****     #if(!UART_TIMER_UDB_CONTROL_REG_REMOVED)
 154:.\Generated_Source\PSoC5/UART_TIMER_PM.c ****         if(UART_TIMER_backup.TimerEnableState == 1u)
 100              		.loc 1 154 0
 101 0000 034B     		ldr	r3, .L11
 102 0002 1B78     		ldrb	r3, [r3]	@ zero_extendqisi2
 103 0004 012B     		cmp	r3, #1
 104 0006 01D1     		bne	.L8
 155:.\Generated_Source\PSoC5/UART_TIMER_PM.c ****         {     /* Enable Timer's operation */
 156:.\Generated_Source\PSoC5/UART_TIMER_PM.c ****                 UART_TIMER_Enable();
 105              		.loc 1 156 0
 106 0008 FFF7FEBF 		b	UART_TIMER_Enable
 107              	.LVL1:
 108              	.L8:
 109 000c 7047     		bx	lr
 110              	.L12:
 111 000e 00BF     		.align	2
 112              	.L11:
 113 0010 00000000 		.word	.LANCHOR0
 114              		.cfi_endproc
 115              	.LFE3:
 116              		.size	UART_TIMER_Wakeup, .-UART_TIMER_Wakeup
 117              		.bss
 118              		.set	.LANCHOR0,. + 0
 119              		.type	UART_TIMER_backup, %object
 120              		.size	UART_TIMER_backup, 1
 121              	UART_TIMER_backup:
 122 0000 00       		.space	1
 123              		.text
 124              	.Letext0:
 125              		.file 2 ".\\Generated_Source\\PSoC5\\cytypes.h"
 126              		.file 3 ".\\Generated_Source\\PSoC5\\UART_TIMER.h"
 127              		.section	.debug_info,"",%progbits
 128              	.Ldebug_info0:
 129 0000 4B010000 		.4byte	0x14b
ARM GAS  C:\Users\Yiquing\AppData\Local\Temp\ccl94LUR.s 			page 6


 130 0004 0400     		.2byte	0x4
 131 0006 00000000 		.4byte	.Ldebug_abbrev0
 132 000a 04       		.byte	0x4
 133 000b 01       		.uleb128 0x1
 134 000c D8000000 		.4byte	.LASF22
 135 0010 01       		.byte	0x1
 136 0011 54010000 		.4byte	.LASF23
 137 0015 5B000000 		.4byte	.LASF24
 138 0019 00000000 		.4byte	.Ldebug_ranges0+0
 139 001d 00000000 		.4byte	0
 140 0021 00000000 		.4byte	.Ldebug_line0
 141 0025 02       		.uleb128 0x2
 142 0026 01       		.byte	0x1
 143 0027 06       		.byte	0x6
 144 0028 09020000 		.4byte	.LASF0
 145 002c 02       		.uleb128 0x2
 146 002d 01       		.byte	0x1
 147 002e 08       		.byte	0x8
 148 002f A0010000 		.4byte	.LASF1
 149 0033 02       		.uleb128 0x2
 150 0034 02       		.byte	0x2
 151 0035 05       		.byte	0x5
 152 0036 34020000 		.4byte	.LASF2
 153 003a 02       		.uleb128 0x2
 154 003b 02       		.byte	0x2
 155 003c 07       		.byte	0x7
 156 003d F6010000 		.4byte	.LASF3
 157 0041 02       		.uleb128 0x2
 158 0042 04       		.byte	0x4
 159 0043 05       		.byte	0x5
 160 0044 D5010000 		.4byte	.LASF4
 161 0048 02       		.uleb128 0x2
 162 0049 04       		.byte	0x4
 163 004a 07       		.byte	0x7
 164 004b AF000000 		.4byte	.LASF5
 165 004f 02       		.uleb128 0x2
 166 0050 08       		.byte	0x8
 167 0051 05       		.byte	0x5
 168 0052 00000000 		.4byte	.LASF6
 169 0056 02       		.uleb128 0x2
 170 0057 08       		.byte	0x8
 171 0058 07       		.byte	0x7
 172 0059 C1000000 		.4byte	.LASF7
 173 005d 03       		.uleb128 0x3
 174 005e 04       		.byte	0x4
 175 005f 05       		.byte	0x5
 176 0060 696E7400 		.ascii	"int\000"
 177 0064 02       		.uleb128 0x2
 178 0065 04       		.byte	0x4
 179 0066 07       		.byte	0x7
 180 0067 38000000 		.4byte	.LASF8
 181 006b 04       		.uleb128 0x4
 182 006c A9000000 		.4byte	.LASF12
 183 0070 02       		.byte	0x2
 184 0071 B3       		.byte	0xb3
 185 0072 2C000000 		.4byte	0x2c
 186 0076 02       		.uleb128 0x2
ARM GAS  C:\Users\Yiquing\AppData\Local\Temp\ccl94LUR.s 			page 7


 187 0077 04       		.byte	0x4
 188 0078 04       		.byte	0x4
 189 0079 2E020000 		.4byte	.LASF9
 190 007d 02       		.uleb128 0x2
 191 007e 08       		.byte	0x8
 192 007f 04       		.byte	0x4
 193 0080 EF010000 		.4byte	.LASF10
 194 0084 02       		.uleb128 0x2
 195 0085 01       		.byte	0x1
 196 0086 08       		.byte	0x8
 197 0087 BE010000 		.4byte	.LASF11
 198 008b 05       		.uleb128 0x5
 199 008c 3E020000 		.4byte	.LASF13
 200 0090 02       		.byte	0x2
 201 0091 5D01     		.2byte	0x15d
 202 0093 97000000 		.4byte	0x97
 203 0097 06       		.uleb128 0x6
 204 0098 6B000000 		.4byte	0x6b
 205 009c 02       		.uleb128 0x2
 206 009d 04       		.byte	0x4
 207 009e 07       		.byte	0x7
 208 009f 43020000 		.4byte	.LASF14
 209 00a3 07       		.uleb128 0x7
 210 00a4 01       		.byte	0x1
 211 00a5 03       		.byte	0x3
 212 00a6 43       		.byte	0x43
 213 00a7 B8000000 		.4byte	0xb8
 214 00ab 08       		.uleb128 0x8
 215 00ac 8F010000 		.4byte	.LASF25
 216 00b0 03       		.byte	0x3
 217 00b1 45       		.byte	0x45
 218 00b2 6B000000 		.4byte	0x6b
 219 00b6 00       		.byte	0
 220 00b7 00       		.byte	0
 221 00b8 04       		.uleb128 0x4
 222 00b9 20000000 		.4byte	.LASF15
 223 00bd 03       		.byte	0x3
 224 00be 53       		.byte	0x53
 225 00bf A3000000 		.4byte	0xa3
 226 00c3 09       		.uleb128 0x9
 227 00c4 45000000 		.4byte	.LASF16
 228 00c8 01       		.byte	0x1
 229 00c9 2B       		.byte	0x2b
 230 00ca 01       		.byte	0x1
 231 00cb 09       		.uleb128 0x9
 232 00cc 15020000 		.4byte	.LASF17
 233 00d0 01       		.byte	0x1
 234 00d1 4D       		.byte	0x4d
 235 00d2 01       		.byte	0x1
 236 00d3 0A       		.uleb128 0xa
 237 00d4 C3000000 		.4byte	0xc3
 238 00d8 00000000 		.4byte	.LFB0
 239 00dc 02000000 		.4byte	.LFE0-.LFB0
 240 00e0 01       		.uleb128 0x1
 241 00e1 9C       		.byte	0x9c
 242 00e2 0A       		.uleb128 0xa
 243 00e3 CB000000 		.4byte	0xcb
ARM GAS  C:\Users\Yiquing\AppData\Local\Temp\ccl94LUR.s 			page 8


 244 00e7 00000000 		.4byte	.LFB1
 245 00eb 02000000 		.4byte	.LFE1-.LFB1
 246 00ef 01       		.uleb128 0x1
 247 00f0 9C       		.byte	0x9c
 248 00f1 0B       		.uleb128 0xb
 249 00f2 DE010000 		.4byte	.LASF18
 250 00f6 01       		.byte	0x1
 251 00f7 70       		.byte	0x70
 252 00f8 00000000 		.4byte	.LFB2
 253 00fc 1C000000 		.4byte	.LFE2-.LFB2
 254 0100 01       		.uleb128 0x1
 255 0101 9C       		.byte	0x9c
 256 0102 10010000 		.4byte	0x110
 257 0106 0C       		.uleb128 0xc
 258 0107 14000000 		.4byte	.LVL0
 259 010b 40010000 		.4byte	0x140
 260 010f 00       		.byte	0
 261 0110 0B       		.uleb128 0xb
 262 0111 7D010000 		.4byte	.LASF19
 263 0115 01       		.byte	0x1
 264 0116 96       		.byte	0x96
 265 0117 00000000 		.4byte	.LFB3
 266 011b 14000000 		.4byte	.LFE3-.LFB3
 267 011f 01       		.uleb128 0x1
 268 0120 9C       		.byte	0x9c
 269 0121 2F010000 		.4byte	0x12f
 270 0125 0C       		.uleb128 0xc
 271 0126 0C000000 		.4byte	.LVL1
 272 012a 47010000 		.4byte	0x147
 273 012e 00       		.byte	0
 274 012f 0D       		.uleb128 0xd
 275 0130 0E000000 		.4byte	.LASF26
 276 0134 01       		.byte	0x1
 277 0135 15       		.byte	0x15
 278 0136 B8000000 		.4byte	0xb8
 279 013a 05       		.uleb128 0x5
 280 013b 03       		.byte	0x3
 281 013c 00000000 		.4byte	UART_TIMER_backup
 282 0140 0E       		.uleb128 0xe
 283 0141 AE010000 		.4byte	.LASF20
 284 0145 03       		.byte	0x3
 285 0146 5B       		.byte	0x5b
 286 0147 0E       		.uleb128 0xe
 287 0148 C3010000 		.4byte	.LASF21
 288 014c 03       		.byte	0x3
 289 014d 8B       		.byte	0x8b
 290 014e 00       		.byte	0
 291              		.section	.debug_abbrev,"",%progbits
 292              	.Ldebug_abbrev0:
 293 0000 01       		.uleb128 0x1
 294 0001 11       		.uleb128 0x11
 295 0002 01       		.byte	0x1
 296 0003 25       		.uleb128 0x25
 297 0004 0E       		.uleb128 0xe
 298 0005 13       		.uleb128 0x13
 299 0006 0B       		.uleb128 0xb
 300 0007 03       		.uleb128 0x3
ARM GAS  C:\Users\Yiquing\AppData\Local\Temp\ccl94LUR.s 			page 9


 301 0008 0E       		.uleb128 0xe
 302 0009 1B       		.uleb128 0x1b
 303 000a 0E       		.uleb128 0xe
 304 000b 55       		.uleb128 0x55
 305 000c 17       		.uleb128 0x17
 306 000d 11       		.uleb128 0x11
 307 000e 01       		.uleb128 0x1
 308 000f 10       		.uleb128 0x10
 309 0010 17       		.uleb128 0x17
 310 0011 00       		.byte	0
 311 0012 00       		.byte	0
 312 0013 02       		.uleb128 0x2
 313 0014 24       		.uleb128 0x24
 314 0015 00       		.byte	0
 315 0016 0B       		.uleb128 0xb
 316 0017 0B       		.uleb128 0xb
 317 0018 3E       		.uleb128 0x3e
 318 0019 0B       		.uleb128 0xb
 319 001a 03       		.uleb128 0x3
 320 001b 0E       		.uleb128 0xe
 321 001c 00       		.byte	0
 322 001d 00       		.byte	0
 323 001e 03       		.uleb128 0x3
 324 001f 24       		.uleb128 0x24
 325 0020 00       		.byte	0
 326 0021 0B       		.uleb128 0xb
 327 0022 0B       		.uleb128 0xb
 328 0023 3E       		.uleb128 0x3e
 329 0024 0B       		.uleb128 0xb
 330 0025 03       		.uleb128 0x3
 331 0026 08       		.uleb128 0x8
 332 0027 00       		.byte	0
 333 0028 00       		.byte	0
 334 0029 04       		.uleb128 0x4
 335 002a 16       		.uleb128 0x16
 336 002b 00       		.byte	0
 337 002c 03       		.uleb128 0x3
 338 002d 0E       		.uleb128 0xe
 339 002e 3A       		.uleb128 0x3a
 340 002f 0B       		.uleb128 0xb
 341 0030 3B       		.uleb128 0x3b
 342 0031 0B       		.uleb128 0xb
 343 0032 49       		.uleb128 0x49
 344 0033 13       		.uleb128 0x13
 345 0034 00       		.byte	0
 346 0035 00       		.byte	0
 347 0036 05       		.uleb128 0x5
 348 0037 16       		.uleb128 0x16
 349 0038 00       		.byte	0
 350 0039 03       		.uleb128 0x3
 351 003a 0E       		.uleb128 0xe
 352 003b 3A       		.uleb128 0x3a
 353 003c 0B       		.uleb128 0xb
 354 003d 3B       		.uleb128 0x3b
 355 003e 05       		.uleb128 0x5
 356 003f 49       		.uleb128 0x49
 357 0040 13       		.uleb128 0x13
ARM GAS  C:\Users\Yiquing\AppData\Local\Temp\ccl94LUR.s 			page 10


 358 0041 00       		.byte	0
 359 0042 00       		.byte	0
 360 0043 06       		.uleb128 0x6
 361 0044 35       		.uleb128 0x35
 362 0045 00       		.byte	0
 363 0046 49       		.uleb128 0x49
 364 0047 13       		.uleb128 0x13
 365 0048 00       		.byte	0
 366 0049 00       		.byte	0
 367 004a 07       		.uleb128 0x7
 368 004b 13       		.uleb128 0x13
 369 004c 01       		.byte	0x1
 370 004d 0B       		.uleb128 0xb
 371 004e 0B       		.uleb128 0xb
 372 004f 3A       		.uleb128 0x3a
 373 0050 0B       		.uleb128 0xb
 374 0051 3B       		.uleb128 0x3b
 375 0052 0B       		.uleb128 0xb
 376 0053 01       		.uleb128 0x1
 377 0054 13       		.uleb128 0x13
 378 0055 00       		.byte	0
 379 0056 00       		.byte	0
 380 0057 08       		.uleb128 0x8
 381 0058 0D       		.uleb128 0xd
 382 0059 00       		.byte	0
 383 005a 03       		.uleb128 0x3
 384 005b 0E       		.uleb128 0xe
 385 005c 3A       		.uleb128 0x3a
 386 005d 0B       		.uleb128 0xb
 387 005e 3B       		.uleb128 0x3b
 388 005f 0B       		.uleb128 0xb
 389 0060 49       		.uleb128 0x49
 390 0061 13       		.uleb128 0x13
 391 0062 38       		.uleb128 0x38
 392 0063 0B       		.uleb128 0xb
 393 0064 00       		.byte	0
 394 0065 00       		.byte	0
 395 0066 09       		.uleb128 0x9
 396 0067 2E       		.uleb128 0x2e
 397 0068 00       		.byte	0
 398 0069 3F       		.uleb128 0x3f
 399 006a 19       		.uleb128 0x19
 400 006b 03       		.uleb128 0x3
 401 006c 0E       		.uleb128 0xe
 402 006d 3A       		.uleb128 0x3a
 403 006e 0B       		.uleb128 0xb
 404 006f 3B       		.uleb128 0x3b
 405 0070 0B       		.uleb128 0xb
 406 0071 27       		.uleb128 0x27
 407 0072 19       		.uleb128 0x19
 408 0073 20       		.uleb128 0x20
 409 0074 0B       		.uleb128 0xb
 410 0075 00       		.byte	0
 411 0076 00       		.byte	0
 412 0077 0A       		.uleb128 0xa
 413 0078 2E       		.uleb128 0x2e
 414 0079 00       		.byte	0
ARM GAS  C:\Users\Yiquing\AppData\Local\Temp\ccl94LUR.s 			page 11


 415 007a 31       		.uleb128 0x31
 416 007b 13       		.uleb128 0x13
 417 007c 11       		.uleb128 0x11
 418 007d 01       		.uleb128 0x1
 419 007e 12       		.uleb128 0x12
 420 007f 06       		.uleb128 0x6
 421 0080 40       		.uleb128 0x40
 422 0081 18       		.uleb128 0x18
 423 0082 9742     		.uleb128 0x2117
 424 0084 19       		.uleb128 0x19
 425 0085 00       		.byte	0
 426 0086 00       		.byte	0
 427 0087 0B       		.uleb128 0xb
 428 0088 2E       		.uleb128 0x2e
 429 0089 01       		.byte	0x1
 430 008a 3F       		.uleb128 0x3f
 431 008b 19       		.uleb128 0x19
 432 008c 03       		.uleb128 0x3
 433 008d 0E       		.uleb128 0xe
 434 008e 3A       		.uleb128 0x3a
 435 008f 0B       		.uleb128 0xb
 436 0090 3B       		.uleb128 0x3b
 437 0091 0B       		.uleb128 0xb
 438 0092 27       		.uleb128 0x27
 439 0093 19       		.uleb128 0x19
 440 0094 11       		.uleb128 0x11
 441 0095 01       		.uleb128 0x1
 442 0096 12       		.uleb128 0x12
 443 0097 06       		.uleb128 0x6
 444 0098 40       		.uleb128 0x40
 445 0099 18       		.uleb128 0x18
 446 009a 9742     		.uleb128 0x2117
 447 009c 19       		.uleb128 0x19
 448 009d 01       		.uleb128 0x1
 449 009e 13       		.uleb128 0x13
 450 009f 00       		.byte	0
 451 00a0 00       		.byte	0
 452 00a1 0C       		.uleb128 0xc
 453 00a2 898201   		.uleb128 0x4109
 454 00a5 00       		.byte	0
 455 00a6 11       		.uleb128 0x11
 456 00a7 01       		.uleb128 0x1
 457 00a8 9542     		.uleb128 0x2115
 458 00aa 19       		.uleb128 0x19
 459 00ab 31       		.uleb128 0x31
 460 00ac 13       		.uleb128 0x13
 461 00ad 00       		.byte	0
 462 00ae 00       		.byte	0
 463 00af 0D       		.uleb128 0xd
 464 00b0 34       		.uleb128 0x34
 465 00b1 00       		.byte	0
 466 00b2 03       		.uleb128 0x3
 467 00b3 0E       		.uleb128 0xe
 468 00b4 3A       		.uleb128 0x3a
 469 00b5 0B       		.uleb128 0xb
 470 00b6 3B       		.uleb128 0x3b
 471 00b7 0B       		.uleb128 0xb
ARM GAS  C:\Users\Yiquing\AppData\Local\Temp\ccl94LUR.s 			page 12


 472 00b8 49       		.uleb128 0x49
 473 00b9 13       		.uleb128 0x13
 474 00ba 02       		.uleb128 0x2
 475 00bb 18       		.uleb128 0x18
 476 00bc 00       		.byte	0
 477 00bd 00       		.byte	0
 478 00be 0E       		.uleb128 0xe
 479 00bf 2E       		.uleb128 0x2e
 480 00c0 00       		.byte	0
 481 00c1 3F       		.uleb128 0x3f
 482 00c2 19       		.uleb128 0x19
 483 00c3 03       		.uleb128 0x3
 484 00c4 0E       		.uleb128 0xe
 485 00c5 3A       		.uleb128 0x3a
 486 00c6 0B       		.uleb128 0xb
 487 00c7 3B       		.uleb128 0x3b
 488 00c8 0B       		.uleb128 0xb
 489 00c9 27       		.uleb128 0x27
 490 00ca 19       		.uleb128 0x19
 491 00cb 3C       		.uleb128 0x3c
 492 00cc 19       		.uleb128 0x19
 493 00cd 00       		.byte	0
 494 00ce 00       		.byte	0
 495 00cf 00       		.byte	0
 496              		.section	.debug_aranges,"",%progbits
 497 0000 34000000 		.4byte	0x34
 498 0004 0200     		.2byte	0x2
 499 0006 00000000 		.4byte	.Ldebug_info0
 500 000a 04       		.byte	0x4
 501 000b 00       		.byte	0
 502 000c 0000     		.2byte	0
 503 000e 0000     		.2byte	0
 504 0010 00000000 		.4byte	.LFB0
 505 0014 02000000 		.4byte	.LFE0-.LFB0
 506 0018 00000000 		.4byte	.LFB1
 507 001c 02000000 		.4byte	.LFE1-.LFB1
 508 0020 00000000 		.4byte	.LFB2
 509 0024 1C000000 		.4byte	.LFE2-.LFB2
 510 0028 00000000 		.4byte	.LFB3
 511 002c 14000000 		.4byte	.LFE3-.LFB3
 512 0030 00000000 		.4byte	0
 513 0034 00000000 		.4byte	0
 514              		.section	.debug_ranges,"",%progbits
 515              	.Ldebug_ranges0:
 516 0000 00000000 		.4byte	.LFB0
 517 0004 02000000 		.4byte	.LFE0
 518 0008 00000000 		.4byte	.LFB1
 519 000c 02000000 		.4byte	.LFE1
 520 0010 00000000 		.4byte	.LFB2
 521 0014 1C000000 		.4byte	.LFE2
 522 0018 00000000 		.4byte	.LFB3
 523 001c 14000000 		.4byte	.LFE3
 524 0020 00000000 		.4byte	0
 525 0024 00000000 		.4byte	0
 526              		.section	.debug_line,"",%progbits
 527              	.Ldebug_line0:
 528 0000 A7000000 		.section	.debug_str,"MS",%progbits,1
ARM GAS  C:\Users\Yiquing\AppData\Local\Temp\ccl94LUR.s 			page 13


 528      02005C00 
 528      00000201 
 528      FB0E0D00 
 528      01010101 
 529              	.LASF6:
 530 0000 6C6F6E67 		.ascii	"long long int\000"
 530      206C6F6E 
 530      6720696E 
 530      7400
 531              	.LASF26:
 532 000e 55415254 		.ascii	"UART_TIMER_backup\000"
 532      5F54494D 
 532      45525F62 
 532      61636B75 
 532      7000
 533              	.LASF15:
 534 0020 55415254 		.ascii	"UART_TIMER_backupStruct\000"
 534      5F54494D 
 534      45525F62 
 534      61636B75 
 534      70537472 
 535              	.LASF8:
 536 0038 756E7369 		.ascii	"unsigned int\000"
 536      676E6564 
 536      20696E74 
 536      00
 537              	.LASF16:
 538 0045 55415254 		.ascii	"UART_TIMER_SaveConfig\000"
 538      5F54494D 
 538      45525F53 
 538      61766543 
 538      6F6E6669 
 539              	.LASF24:
 540 005b 433A5C55 		.ascii	"C:\\Users\\Yiquing\\Documents\\works\\NanoNXT\\f2f "
 540      73657273 
 540      5C596971 
 540      75696E67 
 540      5C446F63 
 541 0088 74657374 		.ascii	"testing\\3.2.0\\nanoNxt_ICM3.cydsn\000"
 541      696E675C 
 541      332E322E 
 541      305C6E61 
 541      6E6F4E78 
 542              	.LASF12:
 543 00a9 75696E74 		.ascii	"uint8\000"
 543      3800
 544              	.LASF5:
 545 00af 6C6F6E67 		.ascii	"long unsigned int\000"
 545      20756E73 
 545      69676E65 
 545      6420696E 
 545      7400
 546              	.LASF7:
 547 00c1 6C6F6E67 		.ascii	"long long unsigned int\000"
 547      206C6F6E 
 547      6720756E 
 547      7369676E 
ARM GAS  C:\Users\Yiquing\AppData\Local\Temp\ccl94LUR.s 			page 14


 547      65642069 
 548              	.LASF22:
 549 00d8 474E5520 		.ascii	"GNU C 4.8.4 20140526 (release) [ARM/embedded-4_8-br"
 549      4320342E 
 549      382E3420 
 549      32303134 
 549      30353236 
 550 010b 616E6368 		.ascii	"anch revision 211358] -mcpu=cortex-m3 -mthumb -g -O"
 550      20726576 
 550      6973696F 
 550      6E203231 
 550      31333538 
 551 013e 73202D66 		.ascii	"s -ffunction-sections\000"
 551      66756E63 
 551      74696F6E 
 551      2D736563 
 551      74696F6E 
 552              	.LASF23:
 553 0154 2E5C4765 		.ascii	".\\Generated_Source\\PSoC5\\UART_TIMER_PM.c\000"
 553      6E657261 
 553      7465645F 
 553      536F7572 
 553      63655C50 
 554              	.LASF19:
 555 017d 55415254 		.ascii	"UART_TIMER_Wakeup\000"
 555      5F54494D 
 555      45525F57 
 555      616B6575 
 555      7000
 556              	.LASF25:
 557 018f 54696D65 		.ascii	"TimerEnableState\000"
 557      72456E61 
 557      626C6553 
 557      74617465 
 557      00
 558              	.LASF1:
 559 01a0 756E7369 		.ascii	"unsigned char\000"
 559      676E6564 
 559      20636861 
 559      7200
 560              	.LASF20:
 561 01ae 55415254 		.ascii	"UART_TIMER_Stop\000"
 561      5F54494D 
 561      45525F53 
 561      746F7000 
 562              	.LASF11:
 563 01be 63686172 		.ascii	"char\000"
 563      00
 564              	.LASF21:
 565 01c3 55415254 		.ascii	"UART_TIMER_Enable\000"
 565      5F54494D 
 565      45525F45 
 565      6E61626C 
 565      6500
 566              	.LASF4:
 567 01d5 6C6F6E67 		.ascii	"long int\000"
 567      20696E74 
ARM GAS  C:\Users\Yiquing\AppData\Local\Temp\ccl94LUR.s 			page 15


 567      00
 568              	.LASF18:
 569 01de 55415254 		.ascii	"UART_TIMER_Sleep\000"
 569      5F54494D 
 569      45525F53 
 569      6C656570 
 569      00
 570              	.LASF10:
 571 01ef 646F7562 		.ascii	"double\000"
 571      6C6500
 572              	.LASF3:
 573 01f6 73686F72 		.ascii	"short unsigned int\000"
 573      7420756E 
 573      7369676E 
 573      65642069 
 573      6E7400
 574              	.LASF0:
 575 0209 7369676E 		.ascii	"signed char\000"
 575      65642063 
 575      68617200 
 576              	.LASF17:
 577 0215 55415254 		.ascii	"UART_TIMER_RestoreConfig\000"
 577      5F54494D 
 577      45525F52 
 577      6573746F 
 577      7265436F 
 578              	.LASF9:
 579 022e 666C6F61 		.ascii	"float\000"
 579      7400
 580              	.LASF2:
 581 0234 73686F72 		.ascii	"short int\000"
 581      7420696E 
 581      7400
 582              	.LASF13:
 583 023e 72656738 		.ascii	"reg8\000"
 583      00
 584              	.LASF14:
 585 0243 73697A65 		.ascii	"sizetype\000"
 585      74797065 
 585      00
 586              		.ident	"GCC: (GNU Tools for ARM Embedded Processors) 4.8.4 20140526 (release) [ARM/embedded-4_8-br
