ARM GAS  C:\Users\ilya\AppData\Local\Temp\ccNnXStf.s 			page 1


   1              		.syntax unified
   2              		.cpu cortex-m0
   3              		.fpu softvfp
   4              		.eabi_attribute 20, 1
   5              		.eabi_attribute 21, 1
   6              		.eabi_attribute 23, 3
   7              		.eabi_attribute 24, 1
   8              		.eabi_attribute 25, 1
   9              		.eabi_attribute 26, 1
  10              		.eabi_attribute 30, 2
  11              		.eabi_attribute 34, 0
  12              		.eabi_attribute 18, 4
  13              		.thumb
  14              		.syntax unified
  15              		.file	"Control_Trig_PM.c"
  16              		.text
  17              	.Ltext0:
  18              		.cfi_sections	.debug_frame
  19              		.section	.text.Control_Trig_SaveConfig,"ax",%progbits
  20              		.align	2
  21              		.global	Control_Trig_SaveConfig
  22              		.code	16
  23              		.thumb_func
  24              		.type	Control_Trig_SaveConfig, %function
  25              	Control_Trig_SaveConfig:
  26              	.LFB7:
  27              		.cfi_startproc
  28              		@ args = 0, pretend = 0, frame = 0
  29              		@ frame_needed = 0, uses_anonymous_args = 0
  30              		@ link register save eliminated.
  31 0000 024B     		ldr	r3, .L2
  32              		@ sp needed
  33 0002 1A78     		ldrb	r2, [r3]
  34 0004 024B     		ldr	r3, .L2+4
  35 0006 1A70     		strb	r2, [r3]
  36 0008 7047     		bx	lr
  37              	.L3:
  38 000a C046     		.align	2
  39              	.L2:
  40 000c 73000F40 		.word	1074724979
  41 0010 00000000 		.word	.LANCHOR0
  42              		.cfi_endproc
  43              	.LFE7:
  44              		.size	Control_Trig_SaveConfig, .-Control_Trig_SaveConfig
  45              		.section	.text.Control_Trig_RestoreConfig,"ax",%progbits
  46              		.align	2
  47              		.global	Control_Trig_RestoreConfig
  48              		.code	16
  49              		.thumb_func
  50              		.type	Control_Trig_RestoreConfig, %function
  51              	Control_Trig_RestoreConfig:
  52              	.LFB5:
  53              		.cfi_startproc
  54              		@ args = 0, pretend = 0, frame = 0
  55              		@ frame_needed = 0, uses_anonymous_args = 0
  56              		@ link register save eliminated.
  57 0000 024B     		ldr	r3, .L5
ARM GAS  C:\Users\ilya\AppData\Local\Temp\ccNnXStf.s 			page 2


  58              		@ sp needed
  59 0002 1A78     		ldrb	r2, [r3]
  60 0004 024B     		ldr	r3, .L5+4
  61 0006 1A70     		strb	r2, [r3]
  62 0008 7047     		bx	lr
  63              	.L6:
  64 000a C046     		.align	2
  65              	.L5:
  66 000c 00000000 		.word	.LANCHOR0
  67 0010 73000F40 		.word	1074724979
  68              		.cfi_endproc
  69              	.LFE5:
  70              		.size	Control_Trig_RestoreConfig, .-Control_Trig_RestoreConfig
  71              		.section	.text.Control_Trig_Sleep,"ax",%progbits
  72              		.align	2
  73              		.global	Control_Trig_Sleep
  74              		.code	16
  75              		.thumb_func
  76              		.type	Control_Trig_Sleep, %function
  77              	Control_Trig_Sleep:
  78              	.LFB2:
  79              		.file 1 "Generated_Source\\PSoC4\\Control_Trig_PM.c"
   1:Generated_Source\PSoC4/Control_Trig_PM.c **** /*******************************************************************************
   2:Generated_Source\PSoC4/Control_Trig_PM.c **** * File Name: Control_Trig_PM.c
   3:Generated_Source\PSoC4/Control_Trig_PM.c **** * Version 1.80
   4:Generated_Source\PSoC4/Control_Trig_PM.c **** *
   5:Generated_Source\PSoC4/Control_Trig_PM.c **** * Description:
   6:Generated_Source\PSoC4/Control_Trig_PM.c **** *  This file contains the setup, control, and status commands to support 
   7:Generated_Source\PSoC4/Control_Trig_PM.c **** *  the component operation in the low power mode. 
   8:Generated_Source\PSoC4/Control_Trig_PM.c **** *
   9:Generated_Source\PSoC4/Control_Trig_PM.c **** * Note:
  10:Generated_Source\PSoC4/Control_Trig_PM.c **** *
  11:Generated_Source\PSoC4/Control_Trig_PM.c **** ********************************************************************************
  12:Generated_Source\PSoC4/Control_Trig_PM.c **** * Copyright 2015, Cypress Semiconductor Corporation.  All rights reserved.
  13:Generated_Source\PSoC4/Control_Trig_PM.c **** * You may use this file only in accordance with the license, terms, conditions, 
  14:Generated_Source\PSoC4/Control_Trig_PM.c **** * disclaimers, and limitations in the end user license agreement accompanying 
  15:Generated_Source\PSoC4/Control_Trig_PM.c **** * the software package with which this file was provided.
  16:Generated_Source\PSoC4/Control_Trig_PM.c **** *******************************************************************************/
  17:Generated_Source\PSoC4/Control_Trig_PM.c **** 
  18:Generated_Source\PSoC4/Control_Trig_PM.c **** #include "Control_Trig.h"
  19:Generated_Source\PSoC4/Control_Trig_PM.c **** 
  20:Generated_Source\PSoC4/Control_Trig_PM.c **** /* Check for removal by optimization */
  21:Generated_Source\PSoC4/Control_Trig_PM.c **** #if !defined(Control_Trig_Sync_ctrl_reg__REMOVED)
  22:Generated_Source\PSoC4/Control_Trig_PM.c **** 
  23:Generated_Source\PSoC4/Control_Trig_PM.c **** static Control_Trig_BACKUP_STRUCT  Control_Trig_backup = {0u};
  24:Generated_Source\PSoC4/Control_Trig_PM.c **** 
  25:Generated_Source\PSoC4/Control_Trig_PM.c ****     
  26:Generated_Source\PSoC4/Control_Trig_PM.c **** /*******************************************************************************
  27:Generated_Source\PSoC4/Control_Trig_PM.c **** * Function Name: Control_Trig_SaveConfig
  28:Generated_Source\PSoC4/Control_Trig_PM.c **** ********************************************************************************
  29:Generated_Source\PSoC4/Control_Trig_PM.c **** *
  30:Generated_Source\PSoC4/Control_Trig_PM.c **** * Summary:
  31:Generated_Source\PSoC4/Control_Trig_PM.c **** *  Saves the control register value.
  32:Generated_Source\PSoC4/Control_Trig_PM.c **** *
  33:Generated_Source\PSoC4/Control_Trig_PM.c **** * Parameters:
  34:Generated_Source\PSoC4/Control_Trig_PM.c **** *  None
  35:Generated_Source\PSoC4/Control_Trig_PM.c **** *
ARM GAS  C:\Users\ilya\AppData\Local\Temp\ccNnXStf.s 			page 3


  36:Generated_Source\PSoC4/Control_Trig_PM.c **** * Return:
  37:Generated_Source\PSoC4/Control_Trig_PM.c **** *  None
  38:Generated_Source\PSoC4/Control_Trig_PM.c **** *
  39:Generated_Source\PSoC4/Control_Trig_PM.c **** *******************************************************************************/
  40:Generated_Source\PSoC4/Control_Trig_PM.c **** void Control_Trig_SaveConfig(void) 
  41:Generated_Source\PSoC4/Control_Trig_PM.c **** {
  42:Generated_Source\PSoC4/Control_Trig_PM.c ****     Control_Trig_backup.controlState = Control_Trig_Control;
  43:Generated_Source\PSoC4/Control_Trig_PM.c **** }
  44:Generated_Source\PSoC4/Control_Trig_PM.c **** 
  45:Generated_Source\PSoC4/Control_Trig_PM.c **** 
  46:Generated_Source\PSoC4/Control_Trig_PM.c **** /*******************************************************************************
  47:Generated_Source\PSoC4/Control_Trig_PM.c **** * Function Name: Control_Trig_RestoreConfig
  48:Generated_Source\PSoC4/Control_Trig_PM.c **** ********************************************************************************
  49:Generated_Source\PSoC4/Control_Trig_PM.c **** *
  50:Generated_Source\PSoC4/Control_Trig_PM.c **** * Summary:
  51:Generated_Source\PSoC4/Control_Trig_PM.c **** *  Restores the control register value.
  52:Generated_Source\PSoC4/Control_Trig_PM.c **** *
  53:Generated_Source\PSoC4/Control_Trig_PM.c **** * Parameters:
  54:Generated_Source\PSoC4/Control_Trig_PM.c **** *  None
  55:Generated_Source\PSoC4/Control_Trig_PM.c **** *
  56:Generated_Source\PSoC4/Control_Trig_PM.c **** * Return:
  57:Generated_Source\PSoC4/Control_Trig_PM.c **** *  None
  58:Generated_Source\PSoC4/Control_Trig_PM.c **** *
  59:Generated_Source\PSoC4/Control_Trig_PM.c **** *
  60:Generated_Source\PSoC4/Control_Trig_PM.c **** *******************************************************************************/
  61:Generated_Source\PSoC4/Control_Trig_PM.c **** void Control_Trig_RestoreConfig(void) 
  62:Generated_Source\PSoC4/Control_Trig_PM.c **** {
  63:Generated_Source\PSoC4/Control_Trig_PM.c ****      Control_Trig_Control = Control_Trig_backup.controlState;
  64:Generated_Source\PSoC4/Control_Trig_PM.c **** }
  65:Generated_Source\PSoC4/Control_Trig_PM.c **** 
  66:Generated_Source\PSoC4/Control_Trig_PM.c **** 
  67:Generated_Source\PSoC4/Control_Trig_PM.c **** /*******************************************************************************
  68:Generated_Source\PSoC4/Control_Trig_PM.c **** * Function Name: Control_Trig_Sleep
  69:Generated_Source\PSoC4/Control_Trig_PM.c **** ********************************************************************************
  70:Generated_Source\PSoC4/Control_Trig_PM.c **** *
  71:Generated_Source\PSoC4/Control_Trig_PM.c **** * Summary:
  72:Generated_Source\PSoC4/Control_Trig_PM.c **** *  Prepares the component for entering the low power mode.
  73:Generated_Source\PSoC4/Control_Trig_PM.c **** *
  74:Generated_Source\PSoC4/Control_Trig_PM.c **** * Parameters:
  75:Generated_Source\PSoC4/Control_Trig_PM.c **** *  None
  76:Generated_Source\PSoC4/Control_Trig_PM.c **** *
  77:Generated_Source\PSoC4/Control_Trig_PM.c **** * Return:
  78:Generated_Source\PSoC4/Control_Trig_PM.c **** *  None
  79:Generated_Source\PSoC4/Control_Trig_PM.c **** *
  80:Generated_Source\PSoC4/Control_Trig_PM.c **** *******************************************************************************/
  81:Generated_Source\PSoC4/Control_Trig_PM.c **** void Control_Trig_Sleep(void) 
  82:Generated_Source\PSoC4/Control_Trig_PM.c **** {
  80              		.loc 1 82 0
  81              		.cfi_startproc
  82              		@ args = 0, pretend = 0, frame = 0
  83              		@ frame_needed = 0, uses_anonymous_args = 0
  84              		@ link register save eliminated.
  85              	.LBB6:
  86              	.LBB7:
  42:Generated_Source\PSoC4/Control_Trig_PM.c **** }
  87              		.loc 1 42 0
  88 0000 024B     		ldr	r3, .L8
ARM GAS  C:\Users\ilya\AppData\Local\Temp\ccNnXStf.s 			page 4


  89              	.LBE7:
  90              	.LBE6:
  83:Generated_Source\PSoC4/Control_Trig_PM.c ****     Control_Trig_SaveConfig();
  84:Generated_Source\PSoC4/Control_Trig_PM.c **** }
  91              		.loc 1 84 0
  92              		@ sp needed
  93              	.LBB9:
  94              	.LBB8:
  42:Generated_Source\PSoC4/Control_Trig_PM.c **** }
  95              		.loc 1 42 0
  96 0002 1A78     		ldrb	r2, [r3]
  97 0004 024B     		ldr	r3, .L8+4
  98 0006 1A70     		strb	r2, [r3]
  99              	.LBE8:
 100              	.LBE9:
 101              		.loc 1 84 0
 102 0008 7047     		bx	lr
 103              	.L9:
 104 000a C046     		.align	2
 105              	.L8:
 106 000c 73000F40 		.word	1074724979
 107 0010 00000000 		.word	.LANCHOR0
 108              		.cfi_endproc
 109              	.LFE2:
 110              		.size	Control_Trig_Sleep, .-Control_Trig_Sleep
 111              		.section	.text.Control_Trig_Wakeup,"ax",%progbits
 112              		.align	2
 113              		.global	Control_Trig_Wakeup
 114              		.code	16
 115              		.thumb_func
 116              		.type	Control_Trig_Wakeup, %function
 117              	Control_Trig_Wakeup:
 118              	.LFB3:
  85:Generated_Source\PSoC4/Control_Trig_PM.c **** 
  86:Generated_Source\PSoC4/Control_Trig_PM.c **** 
  87:Generated_Source\PSoC4/Control_Trig_PM.c **** /*******************************************************************************
  88:Generated_Source\PSoC4/Control_Trig_PM.c **** * Function Name: Control_Trig_Wakeup
  89:Generated_Source\PSoC4/Control_Trig_PM.c **** ********************************************************************************
  90:Generated_Source\PSoC4/Control_Trig_PM.c **** *
  91:Generated_Source\PSoC4/Control_Trig_PM.c **** * Summary:
  92:Generated_Source\PSoC4/Control_Trig_PM.c **** *  Restores the component after waking up from the low power mode.
  93:Generated_Source\PSoC4/Control_Trig_PM.c **** *
  94:Generated_Source\PSoC4/Control_Trig_PM.c **** * Parameters:
  95:Generated_Source\PSoC4/Control_Trig_PM.c **** *  None
  96:Generated_Source\PSoC4/Control_Trig_PM.c **** *
  97:Generated_Source\PSoC4/Control_Trig_PM.c **** * Return:
  98:Generated_Source\PSoC4/Control_Trig_PM.c **** *  None
  99:Generated_Source\PSoC4/Control_Trig_PM.c **** *
 100:Generated_Source\PSoC4/Control_Trig_PM.c **** *******************************************************************************/
 101:Generated_Source\PSoC4/Control_Trig_PM.c **** void Control_Trig_Wakeup(void)  
 102:Generated_Source\PSoC4/Control_Trig_PM.c **** {
 119              		.loc 1 102 0
 120              		.cfi_startproc
 121              		@ args = 0, pretend = 0, frame = 0
 122              		@ frame_needed = 0, uses_anonymous_args = 0
 123              		@ link register save eliminated.
 124              	.LBB10:
ARM GAS  C:\Users\ilya\AppData\Local\Temp\ccNnXStf.s 			page 5


 125              	.LBB11:
  63:Generated_Source\PSoC4/Control_Trig_PM.c **** }
 126              		.loc 1 63 0
 127 0000 024B     		ldr	r3, .L11
 128              	.LBE11:
 129              	.LBE10:
 103:Generated_Source\PSoC4/Control_Trig_PM.c ****     Control_Trig_RestoreConfig();
 104:Generated_Source\PSoC4/Control_Trig_PM.c **** }
 130              		.loc 1 104 0
 131              		@ sp needed
 132              	.LBB13:
 133              	.LBB12:
  63:Generated_Source\PSoC4/Control_Trig_PM.c **** }
 134              		.loc 1 63 0
 135 0002 1A78     		ldrb	r2, [r3]
 136 0004 024B     		ldr	r3, .L11+4
 137 0006 1A70     		strb	r2, [r3]
 138              	.LBE12:
 139              	.LBE13:
 140              		.loc 1 104 0
 141 0008 7047     		bx	lr
 142              	.L12:
 143 000a C046     		.align	2
 144              	.L11:
 145 000c 00000000 		.word	.LANCHOR0
 146 0010 73000F40 		.word	1074724979
 147              		.cfi_endproc
 148              	.LFE3:
 149              		.size	Control_Trig_Wakeup, .-Control_Trig_Wakeup
 150              		.bss
 151              		.align	2
 152              		.set	.LANCHOR0,. + 0
 153              		.type	Control_Trig_backup, %object
 154              		.size	Control_Trig_backup, 1
 155              	Control_Trig_backup:
 156 0000 00       		.space	1
 157              		.text
 158              	.Letext0:
 159              		.file 2 "Generated_Source\\PSoC4\\cytypes.h"
 160              		.file 3 "Generated_Source\\PSoC4\\Control_Trig.h"
 161              		.section	.debug_info,"",%progbits
 162              	.Ldebug_info0:
 163 0000 31010000 		.4byte	0x131
 164 0004 0400     		.2byte	0x4
 165 0006 00000000 		.4byte	.Ldebug_abbrev0
 166 000a 04       		.byte	0x4
 167 000b 01       		.uleb128 0x1
 168 000c 92000000 		.4byte	.LASF19
 169 0010 0C       		.byte	0xc
 170 0011 20010000 		.4byte	.LASF20
 171 0015 AA010000 		.4byte	.LASF21
 172 0019 30000000 		.4byte	.Ldebug_ranges0+0x30
 173 001d 00000000 		.4byte	0
 174 0021 00000000 		.4byte	.Ldebug_line0
 175 0025 02       		.uleb128 0x2
 176 0026 01       		.byte	0x1
 177 0027 06       		.byte	0x6
ARM GAS  C:\Users\ilya\AppData\Local\Temp\ccNnXStf.s 			page 6


 178 0028 D1010000 		.4byte	.LASF0
 179 002c 02       		.uleb128 0x2
 180 002d 01       		.byte	0x1
 181 002e 08       		.byte	0x8
 182 002f 4D000000 		.4byte	.LASF1
 183 0033 02       		.uleb128 0x2
 184 0034 02       		.byte	0x2
 185 0035 05       		.byte	0x5
 186 0036 9A010000 		.4byte	.LASF2
 187 003a 02       		.uleb128 0x2
 188 003b 02       		.byte	0x2
 189 003c 07       		.byte	0x7
 190 003d 72000000 		.4byte	.LASF3
 191 0041 02       		.uleb128 0x2
 192 0042 04       		.byte	0x4
 193 0043 05       		.byte	0x5
 194 0044 C8010000 		.4byte	.LASF4
 195 0048 02       		.uleb128 0x2
 196 0049 04       		.byte	0x4
 197 004a 07       		.byte	0x7
 198 004b 60000000 		.4byte	.LASF5
 199 004f 02       		.uleb128 0x2
 200 0050 08       		.byte	0x8
 201 0051 05       		.byte	0x5
 202 0052 87010000 		.4byte	.LASF6
 203 0056 02       		.uleb128 0x2
 204 0057 08       		.byte	0x8
 205 0058 07       		.byte	0x7
 206 0059 70010000 		.4byte	.LASF7
 207 005d 03       		.uleb128 0x3
 208 005e 04       		.byte	0x4
 209 005f 05       		.byte	0x5
 210 0060 696E7400 		.ascii	"int\000"
 211 0064 02       		.uleb128 0x2
 212 0065 04       		.byte	0x4
 213 0066 07       		.byte	0x7
 214 0067 63010000 		.4byte	.LASF8
 215 006b 04       		.uleb128 0x4
 216 006c A4010000 		.4byte	.LASF12
 217 0070 02       		.byte	0x2
 218 0071 D201     		.2byte	0x1d2
 219 0073 2C000000 		.4byte	0x2c
 220 0077 02       		.uleb128 0x2
 221 0078 04       		.byte	0x4
 222 0079 04       		.byte	0x4
 223 007a 47000000 		.4byte	.LASF9
 224 007e 02       		.uleb128 0x2
 225 007f 08       		.byte	0x8
 226 0080 04       		.byte	0x4
 227 0081 49010000 		.4byte	.LASF10
 228 0085 02       		.uleb128 0x2
 229 0086 01       		.byte	0x1
 230 0087 08       		.byte	0x8
 231 0088 95010000 		.4byte	.LASF11
 232 008c 04       		.uleb128 0x4
 233 008d 5B000000 		.4byte	.LASF13
 234 0091 02       		.byte	0x2
ARM GAS  C:\Users\ilya\AppData\Local\Temp\ccNnXStf.s 			page 7


 235 0092 7C02     		.2byte	0x27c
 236 0094 98000000 		.4byte	0x98
 237 0098 05       		.uleb128 0x5
 238 0099 6B000000 		.4byte	0x6b
 239 009d 06       		.uleb128 0x6
 240 009e 01       		.byte	0x1
 241 009f 03       		.byte	0x3
 242 00a0 24       		.byte	0x24
 243 00a1 B2000000 		.4byte	0xb2
 244 00a5 07       		.uleb128 0x7
 245 00a6 85000000 		.4byte	.LASF22
 246 00aa 03       		.byte	0x3
 247 00ab 26       		.byte	0x26
 248 00ac 6B000000 		.4byte	0x6b
 249 00b0 00       		.byte	0
 250 00b1 00       		.byte	0
 251 00b2 08       		.uleb128 0x8
 252 00b3 F1010000 		.4byte	.LASF14
 253 00b7 03       		.byte	0x3
 254 00b8 28       		.byte	0x28
 255 00b9 9D000000 		.4byte	0x9d
 256 00bd 09       		.uleb128 0x9
 257 00be 2F000000 		.4byte	.LASF15
 258 00c2 01       		.byte	0x1
 259 00c3 28       		.byte	0x28
 260 00c4 01       		.byte	0x1
 261 00c5 09       		.uleb128 0x9
 262 00c6 00000000 		.4byte	.LASF16
 263 00ca 01       		.byte	0x1
 264 00cb 3D       		.byte	0x3d
 265 00cc 01       		.byte	0x1
 266 00cd 09       		.uleb128 0x9
 267 00ce 50010000 		.4byte	.LASF17
 268 00d2 01       		.byte	0x1
 269 00d3 51       		.byte	0x51
 270 00d4 01       		.byte	0x1
 271 00d5 0A       		.uleb128 0xa
 272 00d6 CD000000 		.4byte	0xcd
 273 00da 00000000 		.4byte	.LFB2
 274 00de 14000000 		.4byte	.LFE2-.LFB2
 275 00e2 01       		.uleb128 0x1
 276 00e3 9C       		.byte	0x9c
 277 00e4 F8000000 		.4byte	0xf8
 278 00e8 0B       		.uleb128 0xb
 279 00e9 BD000000 		.4byte	0xbd
 280 00ed 00000000 		.4byte	.LBB6
 281 00f1 00000000 		.4byte	.Ldebug_ranges0+0
 282 00f5 01       		.byte	0x1
 283 00f6 53       		.byte	0x53
 284 00f7 00       		.byte	0
 285 00f8 09       		.uleb128 0x9
 286 00f9 1B000000 		.4byte	.LASF18
 287 00fd 01       		.byte	0x1
 288 00fe 65       		.byte	0x65
 289 00ff 01       		.byte	0x1
 290 0100 0A       		.uleb128 0xa
 291 0101 F8000000 		.4byte	0xf8
ARM GAS  C:\Users\ilya\AppData\Local\Temp\ccNnXStf.s 			page 8


 292 0105 00000000 		.4byte	.LFB3
 293 0109 14000000 		.4byte	.LFE3-.LFB3
 294 010d 01       		.uleb128 0x1
 295 010e 9C       		.byte	0x9c
 296 010f 23010000 		.4byte	0x123
 297 0113 0B       		.uleb128 0xb
 298 0114 C5000000 		.4byte	0xc5
 299 0118 00000000 		.4byte	.LBB10
 300 011c 18000000 		.4byte	.Ldebug_ranges0+0x18
 301 0120 01       		.byte	0x1
 302 0121 67       		.byte	0x67
 303 0122 00       		.byte	0
 304 0123 0C       		.uleb128 0xc
 305 0124 DD010000 		.4byte	.LASF23
 306 0128 01       		.byte	0x1
 307 0129 17       		.byte	0x17
 308 012a B2000000 		.4byte	0xb2
 309 012e 05       		.uleb128 0x5
 310 012f 03       		.byte	0x3
 311 0130 00000000 		.4byte	Control_Trig_backup
 312 0134 00       		.byte	0
 313              		.section	.debug_abbrev,"",%progbits
 314              	.Ldebug_abbrev0:
 315 0000 01       		.uleb128 0x1
 316 0001 11       		.uleb128 0x11
 317 0002 01       		.byte	0x1
 318 0003 25       		.uleb128 0x25
 319 0004 0E       		.uleb128 0xe
 320 0005 13       		.uleb128 0x13
 321 0006 0B       		.uleb128 0xb
 322 0007 03       		.uleb128 0x3
 323 0008 0E       		.uleb128 0xe
 324 0009 1B       		.uleb128 0x1b
 325 000a 0E       		.uleb128 0xe
 326 000b 55       		.uleb128 0x55
 327 000c 17       		.uleb128 0x17
 328 000d 11       		.uleb128 0x11
 329 000e 01       		.uleb128 0x1
 330 000f 10       		.uleb128 0x10
 331 0010 17       		.uleb128 0x17
 332 0011 00       		.byte	0
 333 0012 00       		.byte	0
 334 0013 02       		.uleb128 0x2
 335 0014 24       		.uleb128 0x24
 336 0015 00       		.byte	0
 337 0016 0B       		.uleb128 0xb
 338 0017 0B       		.uleb128 0xb
 339 0018 3E       		.uleb128 0x3e
 340 0019 0B       		.uleb128 0xb
 341 001a 03       		.uleb128 0x3
 342 001b 0E       		.uleb128 0xe
 343 001c 00       		.byte	0
 344 001d 00       		.byte	0
 345 001e 03       		.uleb128 0x3
 346 001f 24       		.uleb128 0x24
 347 0020 00       		.byte	0
 348 0021 0B       		.uleb128 0xb
ARM GAS  C:\Users\ilya\AppData\Local\Temp\ccNnXStf.s 			page 9


 349 0022 0B       		.uleb128 0xb
 350 0023 3E       		.uleb128 0x3e
 351 0024 0B       		.uleb128 0xb
 352 0025 03       		.uleb128 0x3
 353 0026 08       		.uleb128 0x8
 354 0027 00       		.byte	0
 355 0028 00       		.byte	0
 356 0029 04       		.uleb128 0x4
 357 002a 16       		.uleb128 0x16
 358 002b 00       		.byte	0
 359 002c 03       		.uleb128 0x3
 360 002d 0E       		.uleb128 0xe
 361 002e 3A       		.uleb128 0x3a
 362 002f 0B       		.uleb128 0xb
 363 0030 3B       		.uleb128 0x3b
 364 0031 05       		.uleb128 0x5
 365 0032 49       		.uleb128 0x49
 366 0033 13       		.uleb128 0x13
 367 0034 00       		.byte	0
 368 0035 00       		.byte	0
 369 0036 05       		.uleb128 0x5
 370 0037 35       		.uleb128 0x35
 371 0038 00       		.byte	0
 372 0039 49       		.uleb128 0x49
 373 003a 13       		.uleb128 0x13
 374 003b 00       		.byte	0
 375 003c 00       		.byte	0
 376 003d 06       		.uleb128 0x6
 377 003e 13       		.uleb128 0x13
 378 003f 01       		.byte	0x1
 379 0040 0B       		.uleb128 0xb
 380 0041 0B       		.uleb128 0xb
 381 0042 3A       		.uleb128 0x3a
 382 0043 0B       		.uleb128 0xb
 383 0044 3B       		.uleb128 0x3b
 384 0045 0B       		.uleb128 0xb
 385 0046 01       		.uleb128 0x1
 386 0047 13       		.uleb128 0x13
 387 0048 00       		.byte	0
 388 0049 00       		.byte	0
 389 004a 07       		.uleb128 0x7
 390 004b 0D       		.uleb128 0xd
 391 004c 00       		.byte	0
 392 004d 03       		.uleb128 0x3
 393 004e 0E       		.uleb128 0xe
 394 004f 3A       		.uleb128 0x3a
 395 0050 0B       		.uleb128 0xb
 396 0051 3B       		.uleb128 0x3b
 397 0052 0B       		.uleb128 0xb
 398 0053 49       		.uleb128 0x49
 399 0054 13       		.uleb128 0x13
 400 0055 38       		.uleb128 0x38
 401 0056 0B       		.uleb128 0xb
 402 0057 00       		.byte	0
 403 0058 00       		.byte	0
 404 0059 08       		.uleb128 0x8
 405 005a 16       		.uleb128 0x16
ARM GAS  C:\Users\ilya\AppData\Local\Temp\ccNnXStf.s 			page 10


 406 005b 00       		.byte	0
 407 005c 03       		.uleb128 0x3
 408 005d 0E       		.uleb128 0xe
 409 005e 3A       		.uleb128 0x3a
 410 005f 0B       		.uleb128 0xb
 411 0060 3B       		.uleb128 0x3b
 412 0061 0B       		.uleb128 0xb
 413 0062 49       		.uleb128 0x49
 414 0063 13       		.uleb128 0x13
 415 0064 00       		.byte	0
 416 0065 00       		.byte	0
 417 0066 09       		.uleb128 0x9
 418 0067 2E       		.uleb128 0x2e
 419 0068 00       		.byte	0
 420 0069 3F       		.uleb128 0x3f
 421 006a 19       		.uleb128 0x19
 422 006b 03       		.uleb128 0x3
 423 006c 0E       		.uleb128 0xe
 424 006d 3A       		.uleb128 0x3a
 425 006e 0B       		.uleb128 0xb
 426 006f 3B       		.uleb128 0x3b
 427 0070 0B       		.uleb128 0xb
 428 0071 27       		.uleb128 0x27
 429 0072 19       		.uleb128 0x19
 430 0073 20       		.uleb128 0x20
 431 0074 0B       		.uleb128 0xb
 432 0075 00       		.byte	0
 433 0076 00       		.byte	0
 434 0077 0A       		.uleb128 0xa
 435 0078 2E       		.uleb128 0x2e
 436 0079 01       		.byte	0x1
 437 007a 31       		.uleb128 0x31
 438 007b 13       		.uleb128 0x13
 439 007c 11       		.uleb128 0x11
 440 007d 01       		.uleb128 0x1
 441 007e 12       		.uleb128 0x12
 442 007f 06       		.uleb128 0x6
 443 0080 40       		.uleb128 0x40
 444 0081 18       		.uleb128 0x18
 445 0082 9742     		.uleb128 0x2117
 446 0084 19       		.uleb128 0x19
 447 0085 01       		.uleb128 0x1
 448 0086 13       		.uleb128 0x13
 449 0087 00       		.byte	0
 450 0088 00       		.byte	0
 451 0089 0B       		.uleb128 0xb
 452 008a 1D       		.uleb128 0x1d
 453 008b 00       		.byte	0
 454 008c 31       		.uleb128 0x31
 455 008d 13       		.uleb128 0x13
 456 008e 52       		.uleb128 0x52
 457 008f 01       		.uleb128 0x1
 458 0090 55       		.uleb128 0x55
 459 0091 17       		.uleb128 0x17
 460 0092 58       		.uleb128 0x58
 461 0093 0B       		.uleb128 0xb
 462 0094 59       		.uleb128 0x59
ARM GAS  C:\Users\ilya\AppData\Local\Temp\ccNnXStf.s 			page 11


 463 0095 0B       		.uleb128 0xb
 464 0096 00       		.byte	0
 465 0097 00       		.byte	0
 466 0098 0C       		.uleb128 0xc
 467 0099 34       		.uleb128 0x34
 468 009a 00       		.byte	0
 469 009b 03       		.uleb128 0x3
 470 009c 0E       		.uleb128 0xe
 471 009d 3A       		.uleb128 0x3a
 472 009e 0B       		.uleb128 0xb
 473 009f 3B       		.uleb128 0x3b
 474 00a0 0B       		.uleb128 0xb
 475 00a1 49       		.uleb128 0x49
 476 00a2 13       		.uleb128 0x13
 477 00a3 02       		.uleb128 0x2
 478 00a4 18       		.uleb128 0x18
 479 00a5 00       		.byte	0
 480 00a6 00       		.byte	0
 481 00a7 00       		.byte	0
 482              		.section	.debug_aranges,"",%progbits
 483 0000 24000000 		.4byte	0x24
 484 0004 0200     		.2byte	0x2
 485 0006 00000000 		.4byte	.Ldebug_info0
 486 000a 04       		.byte	0x4
 487 000b 00       		.byte	0
 488 000c 0000     		.2byte	0
 489 000e 0000     		.2byte	0
 490 0010 00000000 		.4byte	.LFB2
 491 0014 14000000 		.4byte	.LFE2-.LFB2
 492 0018 00000000 		.4byte	.LFB3
 493 001c 14000000 		.4byte	.LFE3-.LFB3
 494 0020 00000000 		.4byte	0
 495 0024 00000000 		.4byte	0
 496              		.section	.debug_ranges,"",%progbits
 497              	.Ldebug_ranges0:
 498 0000 00000000 		.4byte	.LBB6
 499 0004 02000000 		.4byte	.LBE6
 500 0008 02000000 		.4byte	.LBB9
 501 000c 08000000 		.4byte	.LBE9
 502 0010 00000000 		.4byte	0
 503 0014 00000000 		.4byte	0
 504 0018 00000000 		.4byte	.LBB10
 505 001c 02000000 		.4byte	.LBE10
 506 0020 02000000 		.4byte	.LBB13
 507 0024 08000000 		.4byte	.LBE13
 508 0028 00000000 		.4byte	0
 509 002c 00000000 		.4byte	0
 510 0030 00000000 		.4byte	.LFB2
 511 0034 14000000 		.4byte	.LFE2
 512 0038 00000000 		.4byte	.LFB3
 513 003c 14000000 		.4byte	.LFE3
 514 0040 00000000 		.4byte	0
 515 0044 00000000 		.4byte	0
 516              		.section	.debug_line,"",%progbits
 517              	.Ldebug_line0:
 518 0000 9C000000 		.section	.debug_str,"MS",%progbits,1
 518      02005E00 
ARM GAS  C:\Users\ilya\AppData\Local\Temp\ccNnXStf.s 			page 12


 518      00000201 
 518      FB0E0D00 
 518      01010101 
 519              	.LASF16:
 520 0000 436F6E74 		.ascii	"Control_Trig_RestoreConfig\000"
 520      726F6C5F 
 520      54726967 
 520      5F526573 
 520      746F7265 
 521              	.LASF18:
 522 001b 436F6E74 		.ascii	"Control_Trig_Wakeup\000"
 522      726F6C5F 
 522      54726967 
 522      5F57616B 
 522      65757000 
 523              	.LASF15:
 524 002f 436F6E74 		.ascii	"Control_Trig_SaveConfig\000"
 524      726F6C5F 
 524      54726967 
 524      5F536176 
 524      65436F6E 
 525              	.LASF9:
 526 0047 666C6F61 		.ascii	"float\000"
 526      7400
 527              	.LASF1:
 528 004d 756E7369 		.ascii	"unsigned char\000"
 528      676E6564 
 528      20636861 
 528      7200
 529              	.LASF13:
 530 005b 72656738 		.ascii	"reg8\000"
 530      00
 531              	.LASF5:
 532 0060 6C6F6E67 		.ascii	"long unsigned int\000"
 532      20756E73 
 532      69676E65 
 532      6420696E 
 532      7400
 533              	.LASF3:
 534 0072 73686F72 		.ascii	"short unsigned int\000"
 534      7420756E 
 534      7369676E 
 534      65642069 
 534      6E7400
 535              	.LASF22:
 536 0085 636F6E74 		.ascii	"controlState\000"
 536      726F6C53 
 536      74617465 
 536      00
 537              	.LASF19:
 538 0092 474E5520 		.ascii	"GNU C11 5.4.1 20160609 (release) [ARM/embedded-5-br"
 538      43313120 
 538      352E342E 
 538      31203230 
 538      31363036 
 539 00c5 616E6368 		.ascii	"anch revision 237715] -mcpu=cortex-m0 -mthumb -g -O"
 539      20726576 
ARM GAS  C:\Users\ilya\AppData\Local\Temp\ccNnXStf.s 			page 13


 539      6973696F 
 539      6E203233 
 539      37373135 
 540 00f8 33202D66 		.ascii	"3 -ffunction-sections -ffat-lto-objects\000"
 540      66756E63 
 540      74696F6E 
 540      2D736563 
 540      74696F6E 
 541              	.LASF20:
 542 0120 47656E65 		.ascii	"Generated_Source\\PSoC4\\Control_Trig_PM.c\000"
 542      72617465 
 542      645F536F 
 542      75726365 
 542      5C50536F 
 543              	.LASF10:
 544 0149 646F7562 		.ascii	"double\000"
 544      6C6500
 545              	.LASF17:
 546 0150 436F6E74 		.ascii	"Control_Trig_Sleep\000"
 546      726F6C5F 
 546      54726967 
 546      5F536C65 
 546      657000
 547              	.LASF8:
 548 0163 756E7369 		.ascii	"unsigned int\000"
 548      676E6564 
 548      20696E74 
 548      00
 549              	.LASF7:
 550 0170 6C6F6E67 		.ascii	"long long unsigned int\000"
 550      206C6F6E 
 550      6720756E 
 550      7369676E 
 550      65642069 
 551              	.LASF6:
 552 0187 6C6F6E67 		.ascii	"long long int\000"
 552      206C6F6E 
 552      6720696E 
 552      7400
 553              	.LASF11:
 554 0195 63686172 		.ascii	"char\000"
 554      00
 555              	.LASF2:
 556 019a 73686F72 		.ascii	"short int\000"
 556      7420696E 
 556      7400
 557              	.LASF12:
 558 01a4 75696E74 		.ascii	"uint8\000"
 558      3800
 559              	.LASF21:
 560 01aa 433A5C70 		.ascii	"C:\\psoc\\chamonix\\camera.cydsn\000"
 560      736F635C 
 560      6368616D 
 560      6F6E6978 
 560      5C63616D 
 561              	.LASF4:
 562 01c8 6C6F6E67 		.ascii	"long int\000"
ARM GAS  C:\Users\ilya\AppData\Local\Temp\ccNnXStf.s 			page 14


 562      20696E74 
 562      00
 563              	.LASF0:
 564 01d1 7369676E 		.ascii	"signed char\000"
 564      65642063 
 564      68617200 
 565              	.LASF23:
 566 01dd 436F6E74 		.ascii	"Control_Trig_backup\000"
 566      726F6C5F 
 566      54726967 
 566      5F626163 
 566      6B757000 
 567              	.LASF14:
 568 01f1 436F6E74 		.ascii	"Control_Trig_BACKUP_STRUCT\000"
 568      726F6C5F 
 568      54726967 
 568      5F424143 
 568      4B55505F 
 569              		.ident	"GCC: (GNU Tools for ARM Embedded Processors) 5.4.1 20160609 (release) [ARM/embedded-5-bran
