ARM GAS  C:\Users\ilya\AppData\Local\Temp\cc9OO4Sf.s 			page 1


   1              		.syntax unified
   2              		.cpu cortex-m0
   3              		.fpu softvfp
   4              		.eabi_attribute 20, 1
   5              		.eabi_attribute 21, 1
   6              		.eabi_attribute 23, 3
   7              		.eabi_attribute 24, 1
   8              		.eabi_attribute 25, 1
   9              		.eabi_attribute 26, 1
  10              		.eabi_attribute 30, 2
  11              		.eabi_attribute 34, 0
  12              		.eabi_attribute 18, 4
  13              		.thumb
  14              		.syntax unified
  15              		.file	"TIMER_PM.c"
  16              		.text
  17              	.Ltext0:
  18              		.cfi_sections	.debug_frame
  19              		.section	.text.TIMER_SaveConfig,"ax",%progbits
  20              		.align	2
  21              		.global	TIMER_SaveConfig
  22              		.code	16
  23              		.thumb_func
  24              		.type	TIMER_SaveConfig, %function
  25              	TIMER_SaveConfig:
  26              	.LFB6:
  27              		.cfi_startproc
  28              		@ args = 0, pretend = 0, frame = 0
  29              		@ frame_needed = 0, uses_anonymous_args = 0
  30              		@ link register save eliminated.
  31              		@ sp needed
  32 0000 7047     		bx	lr
  33              		.cfi_endproc
  34              	.LFE6:
  35              		.size	TIMER_SaveConfig, .-TIMER_SaveConfig
  36 0002 C046     		.section	.text.TIMER_Sleep,"ax",%progbits
  37              		.align	2
  38              		.global	TIMER_Sleep
  39              		.code	16
  40              		.thumb_func
  41              		.type	TIMER_Sleep, %function
  42              	TIMER_Sleep:
  43              	.LFB2:
  44              		.file 1 "Generated_Source\\PSoC4\\TIMER_PM.c"
   1:Generated_Source\PSoC4/TIMER_PM.c **** /*******************************************************************************
   2:Generated_Source\PSoC4/TIMER_PM.c **** * File Name: TIMER_PM.c
   3:Generated_Source\PSoC4/TIMER_PM.c **** * Version 2.10
   4:Generated_Source\PSoC4/TIMER_PM.c **** *
   5:Generated_Source\PSoC4/TIMER_PM.c **** * Description:
   6:Generated_Source\PSoC4/TIMER_PM.c **** *  This file contains the setup, control, and status commands to support
   7:Generated_Source\PSoC4/TIMER_PM.c **** *  the component operations in the low power mode.
   8:Generated_Source\PSoC4/TIMER_PM.c **** *
   9:Generated_Source\PSoC4/TIMER_PM.c **** * Note:
  10:Generated_Source\PSoC4/TIMER_PM.c **** *  None
  11:Generated_Source\PSoC4/TIMER_PM.c **** *
  12:Generated_Source\PSoC4/TIMER_PM.c **** ********************************************************************************
  13:Generated_Source\PSoC4/TIMER_PM.c **** * Copyright 2013-2015, Cypress Semiconductor Corporation.  All rights reserved.
ARM GAS  C:\Users\ilya\AppData\Local\Temp\cc9OO4Sf.s 			page 2


  14:Generated_Source\PSoC4/TIMER_PM.c **** * You may use this file only in accordance with the license, terms, conditions,
  15:Generated_Source\PSoC4/TIMER_PM.c **** * disclaimers, and limitations in the end user license agreement accompanying
  16:Generated_Source\PSoC4/TIMER_PM.c **** * the software package with which this file was provided.
  17:Generated_Source\PSoC4/TIMER_PM.c **** *******************************************************************************/
  18:Generated_Source\PSoC4/TIMER_PM.c **** 
  19:Generated_Source\PSoC4/TIMER_PM.c **** #include "TIMER.h"
  20:Generated_Source\PSoC4/TIMER_PM.c **** 
  21:Generated_Source\PSoC4/TIMER_PM.c **** static TIMER_BACKUP_STRUCT TIMER_backup;
  22:Generated_Source\PSoC4/TIMER_PM.c **** 
  23:Generated_Source\PSoC4/TIMER_PM.c **** 
  24:Generated_Source\PSoC4/TIMER_PM.c **** /*******************************************************************************
  25:Generated_Source\PSoC4/TIMER_PM.c **** * Function Name: TIMER_SaveConfig
  26:Generated_Source\PSoC4/TIMER_PM.c **** ********************************************************************************
  27:Generated_Source\PSoC4/TIMER_PM.c **** *
  28:Generated_Source\PSoC4/TIMER_PM.c **** * Summary:
  29:Generated_Source\PSoC4/TIMER_PM.c **** *  All configuration registers are retention. Nothing to save here.
  30:Generated_Source\PSoC4/TIMER_PM.c **** *
  31:Generated_Source\PSoC4/TIMER_PM.c **** * Parameters:
  32:Generated_Source\PSoC4/TIMER_PM.c **** *  None
  33:Generated_Source\PSoC4/TIMER_PM.c **** *
  34:Generated_Source\PSoC4/TIMER_PM.c **** * Return:
  35:Generated_Source\PSoC4/TIMER_PM.c **** *  None
  36:Generated_Source\PSoC4/TIMER_PM.c **** *
  37:Generated_Source\PSoC4/TIMER_PM.c **** *******************************************************************************/
  38:Generated_Source\PSoC4/TIMER_PM.c **** void TIMER_SaveConfig(void)
  39:Generated_Source\PSoC4/TIMER_PM.c **** {
  40:Generated_Source\PSoC4/TIMER_PM.c **** 
  41:Generated_Source\PSoC4/TIMER_PM.c **** }
  42:Generated_Source\PSoC4/TIMER_PM.c **** 
  43:Generated_Source\PSoC4/TIMER_PM.c **** 
  44:Generated_Source\PSoC4/TIMER_PM.c **** /*******************************************************************************
  45:Generated_Source\PSoC4/TIMER_PM.c **** * Function Name: TIMER_Sleep
  46:Generated_Source\PSoC4/TIMER_PM.c **** ********************************************************************************
  47:Generated_Source\PSoC4/TIMER_PM.c **** *
  48:Generated_Source\PSoC4/TIMER_PM.c **** * Summary:
  49:Generated_Source\PSoC4/TIMER_PM.c **** *  Stops the component operation and saves the user configuration.
  50:Generated_Source\PSoC4/TIMER_PM.c **** *
  51:Generated_Source\PSoC4/TIMER_PM.c **** * Parameters:
  52:Generated_Source\PSoC4/TIMER_PM.c **** *  None
  53:Generated_Source\PSoC4/TIMER_PM.c **** *
  54:Generated_Source\PSoC4/TIMER_PM.c **** * Return:
  55:Generated_Source\PSoC4/TIMER_PM.c **** *  None
  56:Generated_Source\PSoC4/TIMER_PM.c **** *
  57:Generated_Source\PSoC4/TIMER_PM.c **** *******************************************************************************/
  58:Generated_Source\PSoC4/TIMER_PM.c **** void TIMER_Sleep(void)
  59:Generated_Source\PSoC4/TIMER_PM.c **** {
  45              		.loc 1 59 0
  46              		.cfi_startproc
  47              		@ args = 0, pretend = 0, frame = 0
  48              		@ frame_needed = 0, uses_anonymous_args = 0
  60:Generated_Source\PSoC4/TIMER_PM.c ****     if(0u != (TIMER_BLOCK_CONTROL_REG & TIMER_MASK))
  49              		.loc 1 60 0
  50 0000 044B     		ldr	r3, .L3
  59:Generated_Source\PSoC4/TIMER_PM.c ****     if(0u != (TIMER_BLOCK_CONTROL_REG & TIMER_MASK))
  51              		.loc 1 59 0
  52 0002 10B5     		push	{r4, lr}
  53              		.cfi_def_cfa_offset 8
ARM GAS  C:\Users\ilya\AppData\Local\Temp\cc9OO4Sf.s 			page 3


  54              		.cfi_offset 4, -8
  55              		.cfi_offset 14, -4
  56              		.loc 1 60 0
  57 0004 1B68     		ldr	r3, [r3]
  58 0006 044A     		ldr	r2, .L3+4
  59 0008 9B07     		lsls	r3, r3, #30
  60 000a DB0F     		lsrs	r3, r3, #31
  61 000c 1370     		strb	r3, [r2]
  61:Generated_Source\PSoC4/TIMER_PM.c ****     {
  62:Generated_Source\PSoC4/TIMER_PM.c ****         TIMER_backup.enableState = 1u;
  63:Generated_Source\PSoC4/TIMER_PM.c ****     }
  64:Generated_Source\PSoC4/TIMER_PM.c ****     else
  65:Generated_Source\PSoC4/TIMER_PM.c ****     {
  66:Generated_Source\PSoC4/TIMER_PM.c ****         TIMER_backup.enableState = 0u;
  67:Generated_Source\PSoC4/TIMER_PM.c ****     }
  68:Generated_Source\PSoC4/TIMER_PM.c **** 
  69:Generated_Source\PSoC4/TIMER_PM.c ****     TIMER_Stop();
  70:Generated_Source\PSoC4/TIMER_PM.c ****     TIMER_SaveConfig();
  71:Generated_Source\PSoC4/TIMER_PM.c **** }
  62              		.loc 1 71 0
  63              		@ sp needed
  69:Generated_Source\PSoC4/TIMER_PM.c ****     TIMER_SaveConfig();
  64              		.loc 1 69 0
  65 000e FFF7FEFF 		bl	TIMER_Stop
  66              	.LVL0:
  67              		.loc 1 71 0
  68 0012 10BD     		pop	{r4, pc}
  69              	.L4:
  70              		.align	2
  71              	.L3:
  72 0014 00002040 		.word	1075838976
  73 0018 00000000 		.word	.LANCHOR0
  74              		.cfi_endproc
  75              	.LFE2:
  76              		.size	TIMER_Sleep, .-TIMER_Sleep
  77              		.section	.text.TIMER_RestoreConfig,"ax",%progbits
  78              		.align	2
  79              		.global	TIMER_RestoreConfig
  80              		.code	16
  81              		.thumb_func
  82              		.type	TIMER_RestoreConfig, %function
  83              	TIMER_RestoreConfig:
  84              	.LFB3:
  72:Generated_Source\PSoC4/TIMER_PM.c **** 
  73:Generated_Source\PSoC4/TIMER_PM.c **** 
  74:Generated_Source\PSoC4/TIMER_PM.c **** /*******************************************************************************
  75:Generated_Source\PSoC4/TIMER_PM.c **** * Function Name: TIMER_RestoreConfig
  76:Generated_Source\PSoC4/TIMER_PM.c **** ********************************************************************************
  77:Generated_Source\PSoC4/TIMER_PM.c **** *
  78:Generated_Source\PSoC4/TIMER_PM.c **** * Summary:
  79:Generated_Source\PSoC4/TIMER_PM.c **** *  All configuration registers are retention. Nothing to restore here.
  80:Generated_Source\PSoC4/TIMER_PM.c **** *
  81:Generated_Source\PSoC4/TIMER_PM.c **** * Parameters:
  82:Generated_Source\PSoC4/TIMER_PM.c **** *  None
  83:Generated_Source\PSoC4/TIMER_PM.c **** *
  84:Generated_Source\PSoC4/TIMER_PM.c **** * Return:
  85:Generated_Source\PSoC4/TIMER_PM.c **** *  None
ARM GAS  C:\Users\ilya\AppData\Local\Temp\cc9OO4Sf.s 			page 4


  86:Generated_Source\PSoC4/TIMER_PM.c **** *
  87:Generated_Source\PSoC4/TIMER_PM.c **** *******************************************************************************/
  88:Generated_Source\PSoC4/TIMER_PM.c **** void TIMER_RestoreConfig(void)
  89:Generated_Source\PSoC4/TIMER_PM.c **** {
  85              		.loc 1 89 0
  86              		.cfi_startproc
  87              		@ args = 0, pretend = 0, frame = 0
  88              		@ frame_needed = 0, uses_anonymous_args = 0
  89              		@ link register save eliminated.
  90:Generated_Source\PSoC4/TIMER_PM.c **** 
  91:Generated_Source\PSoC4/TIMER_PM.c **** }
  90              		.loc 1 91 0
  91              		@ sp needed
  92 0000 7047     		bx	lr
  93              		.cfi_endproc
  94              	.LFE3:
  95              		.size	TIMER_RestoreConfig, .-TIMER_RestoreConfig
  96 0002 C046     		.section	.text.TIMER_Wakeup,"ax",%progbits
  97              		.align	2
  98              		.global	TIMER_Wakeup
  99              		.code	16
 100              		.thumb_func
 101              		.type	TIMER_Wakeup, %function
 102              	TIMER_Wakeup:
 103              	.LFB4:
  92:Generated_Source\PSoC4/TIMER_PM.c **** 
  93:Generated_Source\PSoC4/TIMER_PM.c **** 
  94:Generated_Source\PSoC4/TIMER_PM.c **** /*******************************************************************************
  95:Generated_Source\PSoC4/TIMER_PM.c **** * Function Name: TIMER_Wakeup
  96:Generated_Source\PSoC4/TIMER_PM.c **** ********************************************************************************
  97:Generated_Source\PSoC4/TIMER_PM.c **** *
  98:Generated_Source\PSoC4/TIMER_PM.c **** * Summary:
  99:Generated_Source\PSoC4/TIMER_PM.c **** *  Restores the user configuration and restores the enable state.
 100:Generated_Source\PSoC4/TIMER_PM.c **** *
 101:Generated_Source\PSoC4/TIMER_PM.c **** * Parameters:
 102:Generated_Source\PSoC4/TIMER_PM.c **** *  None
 103:Generated_Source\PSoC4/TIMER_PM.c **** *
 104:Generated_Source\PSoC4/TIMER_PM.c **** * Return:
 105:Generated_Source\PSoC4/TIMER_PM.c **** *  None
 106:Generated_Source\PSoC4/TIMER_PM.c **** *
 107:Generated_Source\PSoC4/TIMER_PM.c **** *******************************************************************************/
 108:Generated_Source\PSoC4/TIMER_PM.c **** void TIMER_Wakeup(void)
 109:Generated_Source\PSoC4/TIMER_PM.c **** {
 104              		.loc 1 109 0
 105              		.cfi_startproc
 106              		@ args = 0, pretend = 0, frame = 0
 107              		@ frame_needed = 0, uses_anonymous_args = 0
 108 0000 10B5     		push	{r4, lr}
 109              		.cfi_def_cfa_offset 8
 110              		.cfi_offset 4, -8
 111              		.cfi_offset 14, -4
 110:Generated_Source\PSoC4/TIMER_PM.c ****     TIMER_RestoreConfig();
 111:Generated_Source\PSoC4/TIMER_PM.c **** 
 112:Generated_Source\PSoC4/TIMER_PM.c ****     if(0u != TIMER_backup.enableState)
 112              		.loc 1 112 0
 113 0002 034B     		ldr	r3, .L12
 114 0004 1B78     		ldrb	r3, [r3]
ARM GAS  C:\Users\ilya\AppData\Local\Temp\cc9OO4Sf.s 			page 5


 115 0006 002B     		cmp	r3, #0
 116 0008 01D0     		beq	.L6
 113:Generated_Source\PSoC4/TIMER_PM.c ****     {
 114:Generated_Source\PSoC4/TIMER_PM.c ****         TIMER_Enable();
 117              		.loc 1 114 0
 118 000a FFF7FEFF 		bl	TIMER_Enable
 119              	.LVL1:
 120              	.L6:
 115:Generated_Source\PSoC4/TIMER_PM.c ****     }
 116:Generated_Source\PSoC4/TIMER_PM.c **** }
 121              		.loc 1 116 0
 122              		@ sp needed
 123 000e 10BD     		pop	{r4, pc}
 124              	.L13:
 125              		.align	2
 126              	.L12:
 127 0010 00000000 		.word	.LANCHOR0
 128              		.cfi_endproc
 129              	.LFE4:
 130              		.size	TIMER_Wakeup, .-TIMER_Wakeup
 131              		.bss
 132              		.align	2
 133              		.set	.LANCHOR0,. + 0
 134              		.type	TIMER_backup, %object
 135              		.size	TIMER_backup, 1
 136              	TIMER_backup:
 137 0000 00       		.space	1
 138              		.text
 139              	.Letext0:
 140              		.file 2 "Generated_Source\\PSoC4\\cytypes.h"
 141              		.file 3 "Generated_Source\\PSoC4\\TIMER.h"
 142              		.section	.debug_info,"",%progbits
 143              	.Ldebug_info0:
 144 0000 5A010000 		.4byte	0x15a
 145 0004 0400     		.2byte	0x4
 146 0006 00000000 		.4byte	.Ldebug_abbrev0
 147 000a 04       		.byte	0x4
 148 000b 01       		.uleb128 0x1
 149 000c D7000000 		.4byte	.LASF24
 150 0010 0C       		.byte	0xc
 151 0011 71000000 		.4byte	.LASF25
 152 0015 99000000 		.4byte	.LASF26
 153 0019 00000000 		.4byte	.Ldebug_ranges0+0
 154 001d 00000000 		.4byte	0
 155 0021 00000000 		.4byte	.Ldebug_line0
 156 0025 02       		.uleb128 0x2
 157 0026 01       		.byte	0x1
 158 0027 06       		.byte	0x6
 159 0028 B9010000 		.4byte	.LASF0
 160 002c 02       		.uleb128 0x2
 161 002d 01       		.byte	0x1
 162 002e 08       		.byte	0x8
 163 002f C4000000 		.4byte	.LASF1
 164 0033 02       		.uleb128 0x2
 165 0034 02       		.byte	0x2
 166 0035 05       		.byte	0x5
 167 0036 D1010000 		.4byte	.LASF2
ARM GAS  C:\Users\ilya\AppData\Local\Temp\cc9OO4Sf.s 			page 6


 168 003a 02       		.uleb128 0x2
 169 003b 02       		.byte	0x2
 170 003c 07       		.byte	0x7
 171 003d A6010000 		.4byte	.LASF3
 172 0041 02       		.uleb128 0x2
 173 0042 04       		.byte	0x4
 174 0043 05       		.byte	0x5
 175 0044 65010000 		.4byte	.LASF4
 176 0048 02       		.uleb128 0x2
 177 0049 04       		.byte	0x4
 178 004a 07       		.byte	0x7
 179 004b 48000000 		.4byte	.LASF5
 180 004f 02       		.uleb128 0x2
 181 0050 08       		.byte	0x8
 182 0051 05       		.byte	0x5
 183 0052 00000000 		.4byte	.LASF6
 184 0056 02       		.uleb128 0x2
 185 0057 08       		.byte	0x8
 186 0058 07       		.byte	0x7
 187 0059 5A000000 		.4byte	.LASF7
 188 005d 03       		.uleb128 0x3
 189 005e 04       		.byte	0x4
 190 005f 05       		.byte	0x5
 191 0060 696E7400 		.ascii	"int\000"
 192 0064 02       		.uleb128 0x2
 193 0065 04       		.byte	0x4
 194 0066 07       		.byte	0x7
 195 0067 21000000 		.4byte	.LASF8
 196 006b 04       		.uleb128 0x4
 197 006c 42000000 		.4byte	.LASF9
 198 0070 02       		.byte	0x2
 199 0071 D201     		.2byte	0x1d2
 200 0073 2C000000 		.4byte	0x2c
 201 0077 04       		.uleb128 0x4
 202 0078 0E000000 		.4byte	.LASF10
 203 007c 02       		.byte	0x2
 204 007d D401     		.2byte	0x1d4
 205 007f 48000000 		.4byte	0x48
 206 0083 02       		.uleb128 0x2
 207 0084 04       		.byte	0x4
 208 0085 04       		.byte	0x4
 209 0086 93000000 		.4byte	.LASF11
 210 008a 02       		.uleb128 0x2
 211 008b 08       		.byte	0x8
 212 008c 04       		.byte	0x4
 213 008d 7B010000 		.4byte	.LASF12
 214 0091 02       		.uleb128 0x2
 215 0092 01       		.byte	0x1
 216 0093 08       		.byte	0x8
 217 0094 D2000000 		.4byte	.LASF13
 218 0098 04       		.uleb128 0x4
 219 0099 93010000 		.4byte	.LASF14
 220 009d 02       		.byte	0x2
 221 009e 7E02     		.2byte	0x27e
 222 00a0 A4000000 		.4byte	0xa4
 223 00a4 05       		.uleb128 0x5
 224 00a5 77000000 		.4byte	0x77
ARM GAS  C:\Users\ilya\AppData\Local\Temp\cc9OO4Sf.s 			page 7


 225 00a9 02       		.uleb128 0x2
 226 00aa 08       		.byte	0x8
 227 00ab 04       		.byte	0x4
 228 00ac C5010000 		.4byte	.LASF15
 229 00b0 02       		.uleb128 0x2
 230 00b1 04       		.byte	0x4
 231 00b2 07       		.byte	0x7
 232 00b3 F2010000 		.4byte	.LASF16
 233 00b7 06       		.uleb128 0x6
 234 00b8 01       		.byte	0x1
 235 00b9 03       		.byte	0x3
 236 00ba 21       		.byte	0x21
 237 00bb CC000000 		.4byte	0xcc
 238 00bf 07       		.uleb128 0x7
 239 00c0 15000000 		.4byte	.LASF27
 240 00c4 03       		.byte	0x3
 241 00c5 23       		.byte	0x23
 242 00c6 6B000000 		.4byte	0x6b
 243 00ca 00       		.byte	0
 244 00cb 00       		.byte	0
 245 00cc 08       		.uleb128 0x8
 246 00cd 2E000000 		.4byte	.LASF17
 247 00d1 03       		.byte	0x3
 248 00d2 24       		.byte	0x24
 249 00d3 B7000000 		.4byte	0xb7
 250 00d7 09       		.uleb128 0x9
 251 00d8 82010000 		.4byte	.LASF18
 252 00dc 01       		.byte	0x1
 253 00dd 26       		.byte	0x26
 254 00de 01       		.byte	0x1
 255 00df 09       		.uleb128 0x9
 256 00e0 FB010000 		.4byte	.LASF19
 257 00e4 01       		.byte	0x1
 258 00e5 58       		.byte	0x58
 259 00e6 01       		.byte	0x1
 260 00e7 0A       		.uleb128 0xa
 261 00e8 E6010000 		.4byte	.LASF20
 262 00ec 01       		.byte	0x1
 263 00ed 3A       		.byte	0x3a
 264 00ee 00000000 		.4byte	.LFB2
 265 00f2 1C000000 		.4byte	.LFE2-.LFB2
 266 00f6 01       		.uleb128 0x1
 267 00f7 9C       		.byte	0x9c
 268 00f8 06010000 		.4byte	0x106
 269 00fc 0B       		.uleb128 0xb
 270 00fd 12000000 		.4byte	.LVL0
 271 0101 45010000 		.4byte	0x145
 272 0105 00       		.byte	0
 273 0106 0C       		.uleb128 0xc
 274 0107 DF000000 		.4byte	0xdf
 275 010b 00000000 		.4byte	.LFB3
 276 010f 02000000 		.4byte	.LFE3-.LFB3
 277 0113 01       		.uleb128 0x1
 278 0114 9C       		.byte	0x9c
 279 0115 0A       		.uleb128 0xa
 280 0116 6E010000 		.4byte	.LASF21
 281 011a 01       		.byte	0x1
ARM GAS  C:\Users\ilya\AppData\Local\Temp\cc9OO4Sf.s 			page 8


 282 011b 6C       		.byte	0x6c
 283 011c 00000000 		.4byte	.LFB4
 284 0120 14000000 		.4byte	.LFE4-.LFB4
 285 0124 01       		.uleb128 0x1
 286 0125 9C       		.byte	0x9c
 287 0126 34010000 		.4byte	0x134
 288 012a 0B       		.uleb128 0xb
 289 012b 0E000000 		.4byte	.LVL1
 290 012f 51010000 		.4byte	0x151
 291 0133 00       		.byte	0
 292 0134 0D       		.uleb128 0xd
 293 0135 B7000000 		.4byte	.LASF28
 294 0139 01       		.byte	0x1
 295 013a 15       		.byte	0x15
 296 013b CC000000 		.4byte	0xcc
 297 013f 05       		.uleb128 0x5
 298 0140 03       		.byte	0x3
 299 0141 00000000 		.4byte	TIMER_backup
 300 0145 0E       		.uleb128 0xe
 301 0146 DB010000 		.4byte	.LASF22
 302 014a DB010000 		.4byte	.LASF22
 303 014e 03       		.byte	0x3
 304 014f 3301     		.2byte	0x133
 305 0151 0E       		.uleb128 0xe
 306 0152 99010000 		.4byte	.LASF23
 307 0156 99010000 		.4byte	.LASF23
 308 015a 03       		.byte	0x3
 309 015b 3101     		.2byte	0x131
 310 015d 00       		.byte	0
 311              		.section	.debug_abbrev,"",%progbits
 312              	.Ldebug_abbrev0:
 313 0000 01       		.uleb128 0x1
 314 0001 11       		.uleb128 0x11
 315 0002 01       		.byte	0x1
 316 0003 25       		.uleb128 0x25
 317 0004 0E       		.uleb128 0xe
 318 0005 13       		.uleb128 0x13
 319 0006 0B       		.uleb128 0xb
 320 0007 03       		.uleb128 0x3
 321 0008 0E       		.uleb128 0xe
 322 0009 1B       		.uleb128 0x1b
 323 000a 0E       		.uleb128 0xe
 324 000b 55       		.uleb128 0x55
 325 000c 17       		.uleb128 0x17
 326 000d 11       		.uleb128 0x11
 327 000e 01       		.uleb128 0x1
 328 000f 10       		.uleb128 0x10
 329 0010 17       		.uleb128 0x17
 330 0011 00       		.byte	0
 331 0012 00       		.byte	0
 332 0013 02       		.uleb128 0x2
 333 0014 24       		.uleb128 0x24
 334 0015 00       		.byte	0
 335 0016 0B       		.uleb128 0xb
 336 0017 0B       		.uleb128 0xb
 337 0018 3E       		.uleb128 0x3e
 338 0019 0B       		.uleb128 0xb
ARM GAS  C:\Users\ilya\AppData\Local\Temp\cc9OO4Sf.s 			page 9


 339 001a 03       		.uleb128 0x3
 340 001b 0E       		.uleb128 0xe
 341 001c 00       		.byte	0
 342 001d 00       		.byte	0
 343 001e 03       		.uleb128 0x3
 344 001f 24       		.uleb128 0x24
 345 0020 00       		.byte	0
 346 0021 0B       		.uleb128 0xb
 347 0022 0B       		.uleb128 0xb
 348 0023 3E       		.uleb128 0x3e
 349 0024 0B       		.uleb128 0xb
 350 0025 03       		.uleb128 0x3
 351 0026 08       		.uleb128 0x8
 352 0027 00       		.byte	0
 353 0028 00       		.byte	0
 354 0029 04       		.uleb128 0x4
 355 002a 16       		.uleb128 0x16
 356 002b 00       		.byte	0
 357 002c 03       		.uleb128 0x3
 358 002d 0E       		.uleb128 0xe
 359 002e 3A       		.uleb128 0x3a
 360 002f 0B       		.uleb128 0xb
 361 0030 3B       		.uleb128 0x3b
 362 0031 05       		.uleb128 0x5
 363 0032 49       		.uleb128 0x49
 364 0033 13       		.uleb128 0x13
 365 0034 00       		.byte	0
 366 0035 00       		.byte	0
 367 0036 05       		.uleb128 0x5
 368 0037 35       		.uleb128 0x35
 369 0038 00       		.byte	0
 370 0039 49       		.uleb128 0x49
 371 003a 13       		.uleb128 0x13
 372 003b 00       		.byte	0
 373 003c 00       		.byte	0
 374 003d 06       		.uleb128 0x6
 375 003e 13       		.uleb128 0x13
 376 003f 01       		.byte	0x1
 377 0040 0B       		.uleb128 0xb
 378 0041 0B       		.uleb128 0xb
 379 0042 3A       		.uleb128 0x3a
 380 0043 0B       		.uleb128 0xb
 381 0044 3B       		.uleb128 0x3b
 382 0045 0B       		.uleb128 0xb
 383 0046 01       		.uleb128 0x1
 384 0047 13       		.uleb128 0x13
 385 0048 00       		.byte	0
 386 0049 00       		.byte	0
 387 004a 07       		.uleb128 0x7
 388 004b 0D       		.uleb128 0xd
 389 004c 00       		.byte	0
 390 004d 03       		.uleb128 0x3
 391 004e 0E       		.uleb128 0xe
 392 004f 3A       		.uleb128 0x3a
 393 0050 0B       		.uleb128 0xb
 394 0051 3B       		.uleb128 0x3b
 395 0052 0B       		.uleb128 0xb
ARM GAS  C:\Users\ilya\AppData\Local\Temp\cc9OO4Sf.s 			page 10


 396 0053 49       		.uleb128 0x49
 397 0054 13       		.uleb128 0x13
 398 0055 38       		.uleb128 0x38
 399 0056 0B       		.uleb128 0xb
 400 0057 00       		.byte	0
 401 0058 00       		.byte	0
 402 0059 08       		.uleb128 0x8
 403 005a 16       		.uleb128 0x16
 404 005b 00       		.byte	0
 405 005c 03       		.uleb128 0x3
 406 005d 0E       		.uleb128 0xe
 407 005e 3A       		.uleb128 0x3a
 408 005f 0B       		.uleb128 0xb
 409 0060 3B       		.uleb128 0x3b
 410 0061 0B       		.uleb128 0xb
 411 0062 49       		.uleb128 0x49
 412 0063 13       		.uleb128 0x13
 413 0064 00       		.byte	0
 414 0065 00       		.byte	0
 415 0066 09       		.uleb128 0x9
 416 0067 2E       		.uleb128 0x2e
 417 0068 00       		.byte	0
 418 0069 3F       		.uleb128 0x3f
 419 006a 19       		.uleb128 0x19
 420 006b 03       		.uleb128 0x3
 421 006c 0E       		.uleb128 0xe
 422 006d 3A       		.uleb128 0x3a
 423 006e 0B       		.uleb128 0xb
 424 006f 3B       		.uleb128 0x3b
 425 0070 0B       		.uleb128 0xb
 426 0071 27       		.uleb128 0x27
 427 0072 19       		.uleb128 0x19
 428 0073 20       		.uleb128 0x20
 429 0074 0B       		.uleb128 0xb
 430 0075 00       		.byte	0
 431 0076 00       		.byte	0
 432 0077 0A       		.uleb128 0xa
 433 0078 2E       		.uleb128 0x2e
 434 0079 01       		.byte	0x1
 435 007a 3F       		.uleb128 0x3f
 436 007b 19       		.uleb128 0x19
 437 007c 03       		.uleb128 0x3
 438 007d 0E       		.uleb128 0xe
 439 007e 3A       		.uleb128 0x3a
 440 007f 0B       		.uleb128 0xb
 441 0080 3B       		.uleb128 0x3b
 442 0081 0B       		.uleb128 0xb
 443 0082 27       		.uleb128 0x27
 444 0083 19       		.uleb128 0x19
 445 0084 11       		.uleb128 0x11
 446 0085 01       		.uleb128 0x1
 447 0086 12       		.uleb128 0x12
 448 0087 06       		.uleb128 0x6
 449 0088 40       		.uleb128 0x40
 450 0089 18       		.uleb128 0x18
 451 008a 9742     		.uleb128 0x2117
 452 008c 19       		.uleb128 0x19
ARM GAS  C:\Users\ilya\AppData\Local\Temp\cc9OO4Sf.s 			page 11


 453 008d 01       		.uleb128 0x1
 454 008e 13       		.uleb128 0x13
 455 008f 00       		.byte	0
 456 0090 00       		.byte	0
 457 0091 0B       		.uleb128 0xb
 458 0092 898201   		.uleb128 0x4109
 459 0095 00       		.byte	0
 460 0096 11       		.uleb128 0x11
 461 0097 01       		.uleb128 0x1
 462 0098 31       		.uleb128 0x31
 463 0099 13       		.uleb128 0x13
 464 009a 00       		.byte	0
 465 009b 00       		.byte	0
 466 009c 0C       		.uleb128 0xc
 467 009d 2E       		.uleb128 0x2e
 468 009e 00       		.byte	0
 469 009f 31       		.uleb128 0x31
 470 00a0 13       		.uleb128 0x13
 471 00a1 11       		.uleb128 0x11
 472 00a2 01       		.uleb128 0x1
 473 00a3 12       		.uleb128 0x12
 474 00a4 06       		.uleb128 0x6
 475 00a5 40       		.uleb128 0x40
 476 00a6 18       		.uleb128 0x18
 477 00a7 9742     		.uleb128 0x2117
 478 00a9 19       		.uleb128 0x19
 479 00aa 00       		.byte	0
 480 00ab 00       		.byte	0
 481 00ac 0D       		.uleb128 0xd
 482 00ad 34       		.uleb128 0x34
 483 00ae 00       		.byte	0
 484 00af 03       		.uleb128 0x3
 485 00b0 0E       		.uleb128 0xe
 486 00b1 3A       		.uleb128 0x3a
 487 00b2 0B       		.uleb128 0xb
 488 00b3 3B       		.uleb128 0x3b
 489 00b4 0B       		.uleb128 0xb
 490 00b5 49       		.uleb128 0x49
 491 00b6 13       		.uleb128 0x13
 492 00b7 02       		.uleb128 0x2
 493 00b8 18       		.uleb128 0x18
 494 00b9 00       		.byte	0
 495 00ba 00       		.byte	0
 496 00bb 0E       		.uleb128 0xe
 497 00bc 2E       		.uleb128 0x2e
 498 00bd 00       		.byte	0
 499 00be 3F       		.uleb128 0x3f
 500 00bf 19       		.uleb128 0x19
 501 00c0 3C       		.uleb128 0x3c
 502 00c1 19       		.uleb128 0x19
 503 00c2 6E       		.uleb128 0x6e
 504 00c3 0E       		.uleb128 0xe
 505 00c4 03       		.uleb128 0x3
 506 00c5 0E       		.uleb128 0xe
 507 00c6 3A       		.uleb128 0x3a
 508 00c7 0B       		.uleb128 0xb
 509 00c8 3B       		.uleb128 0x3b
ARM GAS  C:\Users\ilya\AppData\Local\Temp\cc9OO4Sf.s 			page 12


 510 00c9 05       		.uleb128 0x5
 511 00ca 00       		.byte	0
 512 00cb 00       		.byte	0
 513 00cc 00       		.byte	0
 514              		.section	.debug_aranges,"",%progbits
 515 0000 2C000000 		.4byte	0x2c
 516 0004 0200     		.2byte	0x2
 517 0006 00000000 		.4byte	.Ldebug_info0
 518 000a 04       		.byte	0x4
 519 000b 00       		.byte	0
 520 000c 0000     		.2byte	0
 521 000e 0000     		.2byte	0
 522 0010 00000000 		.4byte	.LFB2
 523 0014 1C000000 		.4byte	.LFE2-.LFB2
 524 0018 00000000 		.4byte	.LFB3
 525 001c 02000000 		.4byte	.LFE3-.LFB3
 526 0020 00000000 		.4byte	.LFB4
 527 0024 14000000 		.4byte	.LFE4-.LFB4
 528 0028 00000000 		.4byte	0
 529 002c 00000000 		.4byte	0
 530              		.section	.debug_ranges,"",%progbits
 531              	.Ldebug_ranges0:
 532 0000 00000000 		.4byte	.LFB2
 533 0004 1C000000 		.4byte	.LFE2
 534 0008 00000000 		.4byte	.LFB3
 535 000c 02000000 		.4byte	.LFE3
 536 0010 00000000 		.4byte	.LFB4
 537 0014 14000000 		.4byte	.LFE4
 538 0018 00000000 		.4byte	0
 539 001c 00000000 		.4byte	0
 540              		.section	.debug_line,"",%progbits
 541              	.Ldebug_line0:
 542 0000 91000000 		.section	.debug_str,"MS",%progbits,1
 542      02005000 
 542      00000201 
 542      FB0E0D00 
 542      01010101 
 543              	.LASF6:
 544 0000 6C6F6E67 		.ascii	"long long int\000"
 544      206C6F6E 
 544      6720696E 
 544      7400
 545              	.LASF10:
 546 000e 75696E74 		.ascii	"uint32\000"
 546      333200
 547              	.LASF27:
 548 0015 656E6162 		.ascii	"enableState\000"
 548      6C655374 
 548      61746500 
 549              	.LASF8:
 550 0021 756E7369 		.ascii	"unsigned int\000"
 550      676E6564 
 550      20696E74 
 550      00
 551              	.LASF17:
 552 002e 54494D45 		.ascii	"TIMER_BACKUP_STRUCT\000"
 552      525F4241 
ARM GAS  C:\Users\ilya\AppData\Local\Temp\cc9OO4Sf.s 			page 13


 552      434B5550 
 552      5F535452 
 552      55435400 
 553              	.LASF9:
 554 0042 75696E74 		.ascii	"uint8\000"
 554      3800
 555              	.LASF5:
 556 0048 6C6F6E67 		.ascii	"long unsigned int\000"
 556      20756E73 
 556      69676E65 
 556      6420696E 
 556      7400
 557              	.LASF7:
 558 005a 6C6F6E67 		.ascii	"long long unsigned int\000"
 558      206C6F6E 
 558      6720756E 
 558      7369676E 
 558      65642069 
 559              	.LASF25:
 560 0071 47656E65 		.ascii	"Generated_Source\\PSoC4\\TIMER_PM.c\000"
 560      72617465 
 560      645F536F 
 560      75726365 
 560      5C50536F 
 561              	.LASF11:
 562 0093 666C6F61 		.ascii	"float\000"
 562      7400
 563              	.LASF26:
 564 0099 433A5C70 		.ascii	"C:\\psoc\\chamonix\\camera.cydsn\000"
 564      736F635C 
 564      6368616D 
 564      6F6E6978 
 564      5C63616D 
 565              	.LASF28:
 566 00b7 54494D45 		.ascii	"TIMER_backup\000"
 566      525F6261 
 566      636B7570 
 566      00
 567              	.LASF1:
 568 00c4 756E7369 		.ascii	"unsigned char\000"
 568      676E6564 
 568      20636861 
 568      7200
 569              	.LASF13:
 570 00d2 63686172 		.ascii	"char\000"
 570      00
 571              	.LASF24:
 572 00d7 474E5520 		.ascii	"GNU C11 5.4.1 20160609 (release) [ARM/embedded-5-br"
 572      43313120 
 572      352E342E 
 572      31203230 
 572      31363036 
 573 010a 616E6368 		.ascii	"anch revision 237715] -mcpu=cortex-m0 -mthumb -g -O"
 573      20726576 
 573      6973696F 
 573      6E203233 
 573      37373135 
ARM GAS  C:\Users\ilya\AppData\Local\Temp\cc9OO4Sf.s 			page 14


 574 013d 33202D66 		.ascii	"3 -ffunction-sections -ffat-lto-objects\000"
 574      66756E63 
 574      74696F6E 
 574      2D736563 
 574      74696F6E 
 575              	.LASF4:
 576 0165 6C6F6E67 		.ascii	"long int\000"
 576      20696E74 
 576      00
 577              	.LASF21:
 578 016e 54494D45 		.ascii	"TIMER_Wakeup\000"
 578      525F5761 
 578      6B657570 
 578      00
 579              	.LASF12:
 580 017b 646F7562 		.ascii	"double\000"
 580      6C6500
 581              	.LASF18:
 582 0182 54494D45 		.ascii	"TIMER_SaveConfig\000"
 582      525F5361 
 582      7665436F 
 582      6E666967 
 582      00
 583              	.LASF14:
 584 0193 72656733 		.ascii	"reg32\000"
 584      3200
 585              	.LASF23:
 586 0199 54494D45 		.ascii	"TIMER_Enable\000"
 586      525F456E 
 586      61626C65 
 586      00
 587              	.LASF3:
 588 01a6 73686F72 		.ascii	"short unsigned int\000"
 588      7420756E 
 588      7369676E 
 588      65642069 
 588      6E7400
 589              	.LASF0:
 590 01b9 7369676E 		.ascii	"signed char\000"
 590      65642063 
 590      68617200 
 591              	.LASF15:
 592 01c5 6C6F6E67 		.ascii	"long double\000"
 592      20646F75 
 592      626C6500 
 593              	.LASF2:
 594 01d1 73686F72 		.ascii	"short int\000"
 594      7420696E 
 594      7400
 595              	.LASF22:
 596 01db 54494D45 		.ascii	"TIMER_Stop\000"
 596      525F5374 
 596      6F7000
 597              	.LASF20:
 598 01e6 54494D45 		.ascii	"TIMER_Sleep\000"
 598      525F536C 
 598      65657000 
ARM GAS  C:\Users\ilya\AppData\Local\Temp\cc9OO4Sf.s 			page 15


 599              	.LASF16:
 600 01f2 73697A65 		.ascii	"sizetype\000"
 600      74797065 
 600      00
 601              	.LASF19:
 602 01fb 54494D45 		.ascii	"TIMER_RestoreConfig\000"
 602      525F5265 
 602      73746F72 
 602      65436F6E 
 602      66696700 
 603              		.ident	"GCC: (GNU Tools for ARM Embedded Processors) 5.4.1 20160609 (release) [ARM/embedded-5-bran
