ARM GAS  C:\Users\yqh\AppData\Local\Temp\ccOJE8nN.s 			page 1


   1              		.syntax unified
   2              		.cpu cortex-m3
   3              		.fpu softvfp
   4              		.eabi_attribute 20, 1
   5              		.eabi_attribute 21, 1
   6              		.eabi_attribute 23, 3
   7              		.eabi_attribute 24, 1
   8              		.eabi_attribute 25, 1
   9              		.eabi_attribute 26, 1
  10              		.eabi_attribute 30, 4
  11              		.eabi_attribute 34, 1
  12              		.eabi_attribute 18, 4
  13              		.thumb
  14              		.file	"i2cuart.c"
  15              		.text
  16              	.Ltext0:
  17              		.cfi_sections	.debug_frame
  18              		.section	.text.SendPAC,"ax",%progbits
  19              		.align	1
  20              		.global	SendPAC
  21              		.thumb
  22              		.thumb_func
  23              		.type	SendPAC, %function
  24              	SendPAC:
  25              	.LFB63:
  26              		.file 1 "i2cuart.c"
   1:i2cuart.c     **** /* =======================================
   2:i2cuart.c     ****  *
   3:i2cuart.c     ****  * Copyright YOUR COMPANY, THE YEAR
   4:i2cuart.c     ****  * All Rights Reserved
   5:i2cuart.c     ****  * UNPUBLISHED, LICENSED SOFTWARE.
   6:i2cuart.c     ****  *
   7:i2cuart.c     ****  * CONFIDENTIAL AND PROPRIETARY INFORMATION
   8:i2cuart.c     ****  * WHICH IS THE PROPERTY OF your company.
   9:i2cuart.c     ****  *
  10:i2cuart.c     ****  * ========================================
  11:i2cuart.c     **** */
  12:i2cuart.c     **** 
  13:i2cuart.c     **** 
  14:i2cuart.c     **** #include <project.h>
  15:i2cuart.c     **** #include "system.h"
  16:i2cuart.c     **** #include "LED_0.h"
  17:i2cuart.c     **** #include "LED_1.h"
  18:i2cuart.c     **** #include "LED_2.h"
  19:i2cuart.c     **** #include "i2cuart.h"
  20:i2cuart.c     **** #include "osdp.h"
  21:i2cuart.c     **** 
  22:i2cuart.c     **** void SendPAC(unsigned char *bufp)
  23:i2cuart.c     **** {
  27              		.loc 1 23 0
  28              		.cfi_startproc
  29              		@ args = 0, pretend = 0, frame = 0
  30              		@ frame_needed = 0, uses_anonymous_args = 0
  31              	.LVL0:
  32 0000 F8B5     		push	{r3, r4, r5, r6, r7, lr}
  33              		.cfi_def_cfa_offset 24
  34              		.cfi_offset 3, -24
ARM GAS  C:\Users\yqh\AppData\Local\Temp\ccOJE8nN.s 			page 2


  35              		.cfi_offset 4, -20
  36              		.cfi_offset 5, -16
  37              		.cfi_offset 6, -12
  38              		.cfi_offset 7, -8
  39              		.cfi_offset 14, -4
  40              		.loc 1 23 0
  41 0002 0646     		mov	r6, r0
  24:i2cuart.c     ****     int i,j;
  25:i2cuart.c     ****     LED_GRN_Write(ON);
  42              		.loc 1 25 0
  43 0004 0020     		movs	r0, #0
  44              	.LVL1:
  45 0006 FFF7FEFF 		bl	LED_GRN_Write
  46              	.LVL2:
  26:i2cuart.c     ****     LED_YEL_Write(ON);
  47              		.loc 1 26 0
  48 000a 0020     		movs	r0, #0
  49 000c FFF7FEFF 		bl	LED_YEL_Write
  50              	.LVL3:
  51 0010 1425     		movs	r5, #20
  52              	.LVL4:
  53              	.L2:
  54 0012 741E     		subs	r4, r6, #1
  55 0014 06F10B07 		add	r7, r6, #11
  56              	.LVL5:
  57              	.L3:
  27:i2cuart.c     ****   
  28:i2cuart.c     ****     for( i = 0; i < 20; i++)
  29:i2cuart.c     ****     {
  30:i2cuart.c     ****         for( j= 0; j < PAC_LENGTH ; j++)
  31:i2cuart.c     ****          UART_1_PutChar(bufp[j]);
  58              		.loc 1 31 0 discriminator 3
  59 0018 14F8010F 		ldrb	r0, [r4, #1]!	@ zero_extendqisi2
  60 001c FFF7FEFF 		bl	UART_1_PutChar
  61              	.LVL6:
  30:i2cuart.c     ****          UART_1_PutChar(bufp[j]);
  62              		.loc 1 30 0 discriminator 3
  63 0020 BC42     		cmp	r4, r7
  64 0022 F9D1     		bne	.L3
  65              	.LVL7:
  28:i2cuart.c     ****     {
  66              		.loc 1 28 0 discriminator 2
  67 0024 013D     		subs	r5, r5, #1
  68              	.LVL8:
  69 0026 F4D1     		bne	.L2
  32:i2cuart.c     ****     }
  33:i2cuart.c     **** 
  34:i2cuart.c     ****     LED_GRN_Write(OFF);
  70              		.loc 1 34 0
  71 0028 0120     		movs	r0, #1
  72 002a FFF7FEFF 		bl	LED_GRN_Write
  73              	.LVL9:
  35:i2cuart.c     ****     LED_YEL_Write(OFF);
  36:i2cuart.c     **** }
  74              		.loc 1 36 0
  75 002e BDE8F840 		pop	{r3, r4, r5, r6, r7, lr}
  76              		.cfi_restore 14
ARM GAS  C:\Users\yqh\AppData\Local\Temp\ccOJE8nN.s 			page 3


  77              		.cfi_restore 7
  78              		.cfi_restore 6
  79              		.cfi_restore 5
  80              		.cfi_restore 4
  81              		.cfi_restore 3
  82              		.cfi_def_cfa_offset 0
  83              	.LVL10:
  35:i2cuart.c     ****     LED_YEL_Write(OFF);
  84              		.loc 1 35 0
  85 0032 0120     		movs	r0, #1
  86 0034 FFF7FEBF 		b	LED_YEL_Write
  87              	.LVL11:
  88              		.cfi_endproc
  89              	.LFE63:
  90              		.size	SendPAC, .-SendPAC
  91              		.section	.text.ReadPAC,"ax",%progbits
  92              		.align	1
  93              		.global	ReadPAC
  94              		.thumb
  95              		.thumb_func
  96              		.type	ReadPAC, %function
  97              	ReadPAC:
  98              	.LFB64:
  37:i2cuart.c     **** 
  38:i2cuart.c     **** int ReadPAC(int passmode)
  39:i2cuart.c     **** {
  99              		.loc 1 39 0
 100              		.cfi_startproc
 101              		@ args = 0, pretend = 0, frame = 24
 102              		@ frame_needed = 0, uses_anonymous_args = 0
 103              	.LVL12:
 104 0000 F0B5     		push	{r4, r5, r6, r7, lr}
 105              		.cfi_def_cfa_offset 20
 106              		.cfi_offset 4, -20
 107              		.cfi_offset 5, -16
 108              		.cfi_offset 6, -12
 109              		.cfi_offset 7, -8
 110              		.cfi_offset 14, -4
 111 0002 87B0     		sub	sp, sp, #28
 112              		.cfi_def_cfa_offset 48
 113              		.loc 1 39 0
 114 0004 0646     		mov	r6, r0
  40:i2cuart.c     ****     int byteCount =0;
  41:i2cuart.c     ****     char tmp;
  42:i2cuart.c     ****     char ret = 0;
  43:i2cuart.c     ****     unsigned char buffer[BUFFER_LENGTH];  
  44:i2cuart.c     ****     int i;
  45:i2cuart.c     **** 
  46:i2cuart.c     ****     if(UART_1_ReadRxStatus() ==   UART_1_RX_STS_FIFO_NOTEMPTY)
 115              		.loc 1 46 0
 116 0006 FFF7FEFF 		bl	UART_1_ReadRxStatus
 117              	.LVL13:
 118 000a 2028     		cmp	r0, #32
 119 000c 4FF00004 		mov	r4, #0
 120 0010 3FD1     		bne	.L8
  47:i2cuart.c     ****     {
  48:i2cuart.c     ****         Timeout_Timer_Isr_Disable();
ARM GAS  C:\Users\yqh\AppData\Local\Temp\ccOJE8nN.s 			page 4


  49:i2cuart.c     ****         passmode_timeout = 0;
 121              		.loc 1 49 0
 122 0012 224F     		ldr	r7, .L23
  48:i2cuart.c     ****         passmode_timeout = 0;
 123              		.loc 1 48 0
 124 0014 FFF7FEFF 		bl	Timeout_Timer_Isr_Disable
 125              	.LVL14:
  40:i2cuart.c     ****     int byteCount =0;
 126              		.loc 1 40 0
 127 0018 2546     		mov	r5, r4
 128              		.loc 1 49 0
 129 001a 3C60     		str	r4, [r7]
  50:i2cuart.c     ****         Timeout_Timer_Isr_Enable();
 130              		.loc 1 50 0
 131 001c FFF7FEFF 		bl	Timeout_Timer_Isr_Enable
 132              	.LVL15:
 133              	.L12:
  51:i2cuart.c     ****         while(byteCount < PAC_LENGTH)
  52:i2cuart.c     ****         {
  53:i2cuart.c     ****             if(UART_1_ReadRxStatus() ==   UART_1_RX_STS_FIFO_NOTEMPTY)
 134              		.loc 1 53 0
 135 0020 FFF7FEFF 		bl	UART_1_ReadRxStatus
 136              	.LVL16:
 137 0024 2028     		cmp	r0, #32
 138 0026 09D1     		bne	.L9
  54:i2cuart.c     ****             {
  55:i2cuart.c     ****                 tmp = UART_1_GetChar();
 139              		.loc 1 55 0
 140 0028 FFF7FEFF 		bl	UART_1_GetChar
 141              	.LVL17:
  56:i2cuart.c     ****                 if(tmp == 0x02)
 142              		.loc 1 56 0
 143 002c 0228     		cmp	r0, #2
 144 002e 00D0     		beq	.L22
  57:i2cuart.c     ****                 {
  58:i2cuart.c     ****                     buffer[byteCount] = tmp;
  59:i2cuart.c     ****                     byteCount++;
  60:i2cuart.c     ****                 }
  61:i2cuart.c     ****                 else if(byteCount > 0)
 145              		.loc 1 61 0
 146 0030 25B1     		cbz	r5, .L9
 147              	.L22:
  62:i2cuart.c     ****                 {
  63:i2cuart.c     ****                     buffer[byteCount] = tmp;
 148              		.loc 1 63 0
 149 0032 06AB     		add	r3, sp, #24
 150 0034 2B44     		add	r3, r3, r5
 151 0036 03F8140C 		strb	r0, [r3, #-20]
  64:i2cuart.c     ****                     byteCount++;
 152              		.loc 1 64 0
 153 003a 0135     		adds	r5, r5, #1
 154              	.LVL18:
 155              	.L9:
  65:i2cuart.c     ****                 }
  66:i2cuart.c     ****             }
  67:i2cuart.c     ****             if (passmode_timeout > 2000) return(0);
 156              		.loc 1 67 0
ARM GAS  C:\Users\yqh\AppData\Local\Temp\ccOJE8nN.s 			page 5


 157 003c 3B68     		ldr	r3, [r7]
 158 003e B3F5FA6F 		cmp	r3, #2000
 159 0042 28DC     		bgt	.L15
  51:i2cuart.c     ****         {
 160              		.loc 1 51 0
 161 0044 0B2D     		cmp	r5, #11
 162 0046 EBDD     		ble	.L12
  68:i2cuart.c     ****         }
  69:i2cuart.c     ****         
  70:i2cuart.c     ****         
  71:i2cuart.c     ****         MyI2C_Regs.data_length[0] = 0;
 163              		.loc 1 71 0
 164 0048 154B     		ldr	r3, .L23+4
  72:i2cuart.c     ****         MyI2C_Regs.data_length[1] = byteCount<<3;
 165              		.loc 1 72 0
 166 004a ED00     		lsls	r5, r5, #3
 167              	.LVL19:
  71:i2cuart.c     ****         MyI2C_Regs.data_length[1] = byteCount<<3;
 168              		.loc 1 71 0
 169 004c 0024     		movs	r4, #0
 170              		.loc 1 72 0
 171 004e 1D72     		strb	r5, [r3, #8]
  71:i2cuart.c     ****         MyI2C_Regs.data_length[1] = byteCount<<3;
 172              		.loc 1 71 0
 173 0050 DC71     		strb	r4, [r3, #7]
 174 0052 1D46     		mov	r5, r3
 175 0054 01AF     		add	r7, sp, #4
  73:i2cuart.c     **** 
  74:i2cuart.c     ****         
  75:i2cuart.c     ****         if ( passmode)
 176              		.loc 1 75 0
 177 0056 1EB1     		cbz	r6, .L16
  76:i2cuart.c     ****         {
  77:i2cuart.c     ****             SendPAC(buffer);
 178              		.loc 1 77 0
 179 0058 3846     		mov	r0, r7
 180 005a FFF7FEFF 		bl	SendPAC
 181              	.LVL20:
 182 005e 18E0     		b	.L8
 183              	.L16:
 184 0060 3446     		mov	r4, r6
 185              	.LVL21:
 186              	.L13:
  78:i2cuart.c     ****         }
  79:i2cuart.c     ****         else
  80:i2cuart.c     ****         {
  81:i2cuart.c     ****             for (i=0; i<PAC_LENGTH; i++)
  82:i2cuart.c     ****             {
  83:i2cuart.c     ****                 MyI2C_Regs.buffer[i] = buffer[i];
 187              		.loc 1 83 0 discriminator 3
 188 0062 3A5D     		ldrb	r2, [r7, r4]	@ zero_extendqisi2
 189 0064 2B19     		adds	r3, r5, r4
 190 0066 83F84920 		strb	r2, [r3, #73]
  84:i2cuart.c     ****                 CyDelayUs(1u);  //add some delay for I2C
 191              		.loc 1 84 0 discriminator 3
 192 006a 0120     		movs	r0, #1
  81:i2cuart.c     ****             {
ARM GAS  C:\Users\yqh\AppData\Local\Temp\ccOJE8nN.s 			page 6


 193              		.loc 1 81 0 discriminator 3
 194 006c 0134     		adds	r4, r4, #1
 195              	.LVL22:
 196              		.loc 1 84 0 discriminator 3
 197 006e FFF7FEFF 		bl	CyDelayUs
 198              	.LVL23:
  81:i2cuart.c     ****             {
 199              		.loc 1 81 0 discriminator 3
 200 0072 0C2C     		cmp	r4, #12
 201 0074 0A4E     		ldr	r6, .L23+4
 202 0076 F4D1     		bne	.L13
  85:i2cuart.c     ****             }
  86:i2cuart.c     ****             UART_1_ClearRxBuffer();
 203              		.loc 1 86 0
 204 0078 FFF7FEFF 		bl	UART_1_ClearRxBuffer
 205              	.LVL24:
  87:i2cuart.c     ****             card_in_buf = 1;
 206              		.loc 1 87 0
 207 007c 094B     		ldr	r3, .L23+8
 208 007e 0124     		movs	r4, #1
 209              	.LVL25:
 210 0080 1C60     		str	r4, [r3]
  88:i2cuart.c     ****             card_ack = 0;
 211              		.loc 1 88 0
 212 0082 094B     		ldr	r3, .L23+12
 213 0084 0022     		movs	r2, #0
 214 0086 1A60     		str	r2, [r3]
  89:i2cuart.c     ****             MyI2C_Regs.status_out |= STAT_CHANGE | STAT_CARD_IN;
 215              		.loc 1 89 0
 216 0088 3378     		ldrb	r3, [r6]	@ zero_extendqisi2
  90:i2cuart.c     ****             MyI2C_Regs.cmd = CMD_NONE;
 217              		.loc 1 90 0
 218 008a B270     		strb	r2, [r6, #2]
 219              	.LVL26:
  89:i2cuart.c     ****             MyI2C_Regs.status_out |= STAT_CHANGE | STAT_CARD_IN;
 220              		.loc 1 89 0
 221 008c 43F00303 		orr	r3, r3, #3
 222 0090 3370     		strb	r3, [r6]
 223              	.LVL27:
 224              	.L8:
  91:i2cuart.c     ****             ret = 1;
  92:i2cuart.c     ****         }
  93:i2cuart.c     ****     }
  94:i2cuart.c     ****     return ret;
 225              		.loc 1 94 0
 226 0092 2046     		mov	r0, r4
 227 0094 00E0     		b	.L11
 228              	.LVL28:
 229              	.L15:
  67:i2cuart.c     ****         }
 230              		.loc 1 67 0
 231 0096 0020     		movs	r0, #0
 232              	.LVL29:
 233              	.L11:
  95:i2cuart.c     **** }
 234              		.loc 1 95 0
 235 0098 07B0     		add	sp, sp, #28
ARM GAS  C:\Users\yqh\AppData\Local\Temp\ccOJE8nN.s 			page 7


 236              		.cfi_def_cfa_offset 20
 237              		@ sp needed
 238 009a F0BD     		pop	{r4, r5, r6, r7, pc}
 239              	.L24:
 240              		.align	2
 241              	.L23:
 242 009c 00000000 		.word	passmode_timeout
 243 00a0 00000000 		.word	MyI2C_Regs
 244 00a4 00000000 		.word	card_in_buf
 245 00a8 00000000 		.word	card_ack
 246              		.cfi_endproc
 247              	.LFE64:
 248              		.size	ReadPAC, .-ReadPAC
 249              		.section	.text.SetupUART,"ax",%progbits
 250              		.align	1
 251              		.global	SetupUART
 252              		.thumb
 253              		.thumb_func
 254              		.type	SetupUART, %function
 255              	SetupUART:
 256              	.LFB65:
  96:i2cuart.c     **** 
  97:i2cuart.c     **** void SetupUART(char accessType)
  98:i2cuart.c     **** {
 257              		.loc 1 98 0
 258              		.cfi_startproc
 259              		@ args = 0, pretend = 0, frame = 0
 260              		@ frame_needed = 0, uses_anonymous_args = 0
 261              	.LVL30:
 262 0000 38B5     		push	{r3, r4, r5, lr}
 263              		.cfi_def_cfa_offset 16
 264              		.cfi_offset 3, -16
 265              		.cfi_offset 4, -12
 266              		.cfi_offset 5, -8
 267              		.cfi_offset 14, -4
  99:i2cuart.c     ****     if(currentAccessType != accessType)
 268              		.loc 1 99 0
 269 0002 084B     		ldr	r3, .L31
  98:i2cuart.c     ****     if(currentAccessType != accessType)
 270              		.loc 1 98 0
 271 0004 0546     		mov	r5, r0
 272              		.loc 1 99 0
 273 0006 1A78     		ldrb	r2, [r3]	@ zero_extendqisi2
 274 0008 1C46     		mov	r4, r3
 275 000a 8242     		cmp	r2, r0
 276 000c 09D0     		beq	.L25
 100:i2cuart.c     ****     {
 101:i2cuart.c     ****         switch(accessType)
 277              		.loc 1 101 0
 278 000e 0C28     		cmp	r0, #12
 279 0010 03D0     		beq	.L28
 280 0012 1A28     		cmp	r0, #26
 281 0014 04D1     		bne	.L27
 102:i2cuart.c     ****         {
 103:i2cuart.c     ****             case PAC:
 104:i2cuart.c     ****                OptSelect_Write(0);
 105:i2cuart.c     ****                 break;
ARM GAS  C:\Users\yqh\AppData\Local\Temp\ccOJE8nN.s 			page 8


 106:i2cuart.c     ****             case HID:
 107:i2cuart.c     ****                OptSelect_Write(1);
 282              		.loc 1 107 0
 283 0016 0120     		movs	r0, #1
 284              	.LVL31:
 285 0018 00E0     		b	.L30
 286              	.LVL32:
 287              	.L28:
 104:i2cuart.c     ****                 break;
 288              		.loc 1 104 0
 289 001a 0020     		movs	r0, #0
 290              	.LVL33:
 291              	.L30:
 292              		.loc 1 107 0
 293 001c FFF7FEFF 		bl	OptSelect_Write
 294              	.LVL34:
 295              	.L27:
 108:i2cuart.c     ****                 break;
 109:i2cuart.c     ****                 
 110:i2cuart.c     ****         }
 111:i2cuart.c     ****         currentAccessType = accessType;
 296              		.loc 1 111 0
 297 0020 2570     		strb	r5, [r4]
 298              	.L25:
 299 0022 38BD     		pop	{r3, r4, r5, pc}
 300              	.L32:
 301              		.align	2
 302              	.L31:
 303 0024 00000000 		.word	currentAccessType
 304              		.cfi_endproc
 305              	.LFE65:
 306              		.size	SetupUART, .-SetupUART
 307              		.comm	card_in_buf,4,4
 308              		.comm	card_ack,4,4
 309              		.comm	tamper_out_polarity,4,4
 310              		.comm	tamperCR_polarity,4,4
 311              		.comm	tp_old,1,1
 312              		.comm	hw_old,1,1
 313              		.comm	currentAccessType,1,1
 314              		.comm	s,40,4
 315              		.text
 316              	.Letext0:
 317              		.file 2 "c:\\program files (x86)\\cypress\\psoc creator\\4.0\\psoc creator\\import\\gnu\\arm\\4.9.
 318              		.file 3 "c:\\program files (x86)\\cypress\\psoc creator\\4.0\\psoc creator\\import\\gnu\\arm\\4.9.
 319              		.file 4 "Generated_Source\\PSoC5/cytypes.h"
 320              		.file 5 "softuart.h"
 321              		.file 6 "system.h"
 322              		.file 7 "Generated_Source\\PSoC5/core_cm3.h"
 323              		.file 8 "Generated_Source\\PSoC5/LED_0.h"
 324              		.file 9 "Generated_Source\\PSoC5/LED_1.h"
 325              		.file 10 "Generated_Source\\PSoC5/UART_1.h"
 326              		.file 11 "Generated_Source\\PSoC5/Timeout_Timer_Isr.h"
 327              		.file 12 "Generated_Source\\PSoC5/CyLib.h"
 328              		.file 13 "Generated_Source\\PSoC5/OptSelect.h"
 329              		.section	.debug_info,"",%progbits
 330              	.Ldebug_info0:
 331 0000 DA050000 		.4byte	0x5da
ARM GAS  C:\Users\yqh\AppData\Local\Temp\ccOJE8nN.s 			page 9


 332 0004 0400     		.2byte	0x4
 333 0006 00000000 		.4byte	.Ldebug_abbrev0
 334 000a 04       		.byte	0x4
 335 000b 01       		.uleb128 0x1
 336 000c 35010000 		.4byte	.LASF81
 337 0010 01       		.byte	0x1
 338 0011 3F040000 		.4byte	.LASF82
 339 0015 AF020000 		.4byte	.LASF83
 340 0019 00000000 		.4byte	.Ldebug_ranges0+0
 341 001d 00000000 		.4byte	0
 342 0021 00000000 		.4byte	.Ldebug_line0
 343 0025 02       		.uleb128 0x2
 344 0026 01       		.byte	0x1
 345 0027 06       		.byte	0x6
 346 0028 29010000 		.4byte	.LASF0
 347 002c 02       		.uleb128 0x2
 348 002d 01       		.byte	0x1
 349 002e 08       		.byte	0x8
 350 002f A1020000 		.4byte	.LASF1
 351 0033 02       		.uleb128 0x2
 352 0034 02       		.byte	0x2
 353 0035 05       		.byte	0x5
 354 0036 E6000000 		.4byte	.LASF2
 355 003a 02       		.uleb128 0x2
 356 003b 02       		.byte	0x2
 357 003c 07       		.byte	0x7
 358 003d A4030000 		.4byte	.LASF3
 359 0041 03       		.uleb128 0x3
 360 0042 04040000 		.4byte	.LASF9
 361 0046 02       		.byte	0x2
 362 0047 3F       		.byte	0x3f
 363 0048 4C000000 		.4byte	0x4c
 364 004c 02       		.uleb128 0x2
 365 004d 04       		.byte	0x4
 366 004e 05       		.byte	0x5
 367 004f 2C020000 		.4byte	.LASF4
 368 0053 02       		.uleb128 0x2
 369 0054 04       		.byte	0x4
 370 0055 07       		.byte	0x7
 371 0056 27030000 		.4byte	.LASF5
 372 005a 02       		.uleb128 0x2
 373 005b 08       		.byte	0x8
 374 005c 05       		.byte	0x5
 375 005d B7000000 		.4byte	.LASF6
 376 0061 02       		.uleb128 0x2
 377 0062 08       		.byte	0x8
 378 0063 07       		.byte	0x7
 379 0064 E8010000 		.4byte	.LASF7
 380 0068 04       		.uleb128 0x4
 381 0069 04       		.byte	0x4
 382 006a 05       		.byte	0x5
 383 006b 696E7400 		.ascii	"int\000"
 384 006f 02       		.uleb128 0x2
 385 0070 04       		.byte	0x4
 386 0071 07       		.byte	0x7
 387 0072 10030000 		.4byte	.LASF8
 388 0076 03       		.uleb128 0x3
ARM GAS  C:\Users\yqh\AppData\Local\Temp\ccOJE8nN.s 			page 10


 389 0077 81030000 		.4byte	.LASF10
 390 007b 03       		.byte	0x3
 391 007c 2C       		.byte	0x2c
 392 007d 41000000 		.4byte	0x41
 393 0081 05       		.uleb128 0x5
 394 0082 12010000 		.4byte	.LASF11
 395 0086 04       		.byte	0x4
 396 0087 9201     		.2byte	0x192
 397 0089 2C000000 		.4byte	0x2c
 398 008d 05       		.uleb128 0x5
 399 008e 00010000 		.4byte	.LASF12
 400 0092 04       		.byte	0x4
 401 0093 9301     		.2byte	0x193
 402 0095 3A000000 		.4byte	0x3a
 403 0099 02       		.uleb128 0x2
 404 009a 04       		.byte	0x4
 405 009b 04       		.byte	0x4
 406 009c CA010000 		.4byte	.LASF13
 407 00a0 02       		.uleb128 0x2
 408 00a1 08       		.byte	0x8
 409 00a2 04       		.byte	0x4
 410 00a3 49040000 		.4byte	.LASF14
 411 00a7 02       		.uleb128 0x2
 412 00a8 01       		.byte	0x1
 413 00a9 08       		.byte	0x8
 414 00aa 6E030000 		.4byte	.LASF15
 415 00ae 02       		.uleb128 0x2
 416 00af 04       		.byte	0x4
 417 00b0 07       		.byte	0x7
 418 00b1 72000000 		.4byte	.LASF16
 419 00b5 06       		.uleb128 0x6
 420 00b6 04       		.byte	0x4
 421 00b7 2C000000 		.4byte	0x2c
 422 00bb 07       		.uleb128 0x7
 423 00bc 28       		.byte	0x28
 424 00bd 05       		.byte	0x5
 425 00be 0D       		.byte	0xd
 426 00bf 54010000 		.4byte	0x154
 427 00c3 08       		.uleb128 0x8
 428 00c4 8B020000 		.4byte	.LASF17
 429 00c8 05       		.byte	0x5
 430 00c9 0F       		.byte	0xf
 431 00ca 68000000 		.4byte	0x68
 432 00ce 00       		.byte	0
 433 00cf 08       		.uleb128 0x8
 434 00d0 4A020000 		.4byte	.LASF18
 435 00d4 05       		.byte	0x5
 436 00d5 10       		.byte	0x10
 437 00d6 68000000 		.4byte	0x68
 438 00da 04       		.byte	0x4
 439 00db 08       		.uleb128 0x8
 440 00dc 1D030000 		.4byte	.LASF19
 441 00e0 05       		.byte	0x5
 442 00e1 11       		.byte	0x11
 443 00e2 68000000 		.4byte	0x68
 444 00e6 08       		.byte	0x8
 445 00e7 08       		.uleb128 0x8
ARM GAS  C:\Users\yqh\AppData\Local\Temp\ccOJE8nN.s 			page 11


 446 00e8 FF010000 		.4byte	.LASF20
 447 00ec 05       		.byte	0x5
 448 00ed 12       		.byte	0x12
 449 00ee 68000000 		.4byte	0x68
 450 00f2 0C       		.byte	0xc
 451 00f3 08       		.uleb128 0x8
 452 00f4 BF030000 		.4byte	.LASF21
 453 00f8 05       		.byte	0x5
 454 00f9 13       		.byte	0x13
 455 00fa 3A000000 		.4byte	0x3a
 456 00fe 10       		.byte	0x10
 457 00ff 08       		.uleb128 0x8
 458 0100 42020000 		.4byte	.LASF22
 459 0104 05       		.byte	0x5
 460 0105 14       		.byte	0x14
 461 0106 54010000 		.4byte	0x154
 462 010a 12       		.byte	0x12
 463 010b 08       		.uleb128 0x8
 464 010c 4C030000 		.4byte	.LASF23
 465 0110 05       		.byte	0x5
 466 0111 15       		.byte	0x15
 467 0112 54010000 		.4byte	0x154
 468 0116 14       		.byte	0x14
 469 0117 08       		.uleb128 0x8
 470 0118 F8000000 		.4byte	.LASF24
 471 011c 05       		.byte	0x5
 472 011d 16       		.byte	0x16
 473 011e 3A000000 		.4byte	0x3a
 474 0122 16       		.byte	0x16
 475 0123 08       		.uleb128 0x8
 476 0124 00030000 		.4byte	.LASF25
 477 0128 05       		.byte	0x5
 478 0129 17       		.byte	0x17
 479 012a 59010000 		.4byte	0x159
 480 012e 18       		.byte	0x18
 481 012f 08       		.uleb128 0x8
 482 0130 95040000 		.4byte	.LASF26
 483 0134 05       		.byte	0x5
 484 0135 18       		.byte	0x18
 485 0136 59010000 		.4byte	0x159
 486 013a 1C       		.byte	0x1c
 487 013b 08       		.uleb128 0x8
 488 013c 35020000 		.4byte	.LASF27
 489 0140 05       		.byte	0x5
 490 0141 19       		.byte	0x19
 491 0142 59010000 		.4byte	0x159
 492 0146 20       		.byte	0x20
 493 0147 08       		.uleb128 0x8
 494 0148 44030000 		.4byte	.LASF28
 495 014c 05       		.byte	0x5
 496 014d 1A       		.byte	0x1a
 497 014e 59010000 		.4byte	0x159
 498 0152 24       		.byte	0x24
 499 0153 00       		.byte	0
 500 0154 09       		.uleb128 0x9
 501 0155 3A000000 		.4byte	0x3a
 502 0159 09       		.uleb128 0x9
ARM GAS  C:\Users\yqh\AppData\Local\Temp\ccOJE8nN.s 			page 12


 503 015a 68000000 		.4byte	0x68
 504 015e 03       		.uleb128 0x3
 505 015f CA000000 		.4byte	.LASF29
 506 0163 05       		.byte	0x5
 507 0164 1B       		.byte	0x1b
 508 0165 BB000000 		.4byte	0xbb
 509 0169 0A       		.uleb128 0xa
 510 016a ED030000 		.4byte	.LASF55
 511 016e D418     		.2byte	0x18d4
 512 0170 06       		.byte	0x6
 513 0171 1E       		.byte	0x1e
 514 0172 BC020000 		.4byte	0x2bc
 515 0176 08       		.uleb128 0x8
 516 0177 17040000 		.4byte	.LASF30
 517 017b 06       		.byte	0x6
 518 017c 1F       		.byte	0x1f
 519 017d A7000000 		.4byte	0xa7
 520 0181 00       		.byte	0
 521 0182 08       		.uleb128 0x8
 522 0183 D3030000 		.4byte	.LASF31
 523 0187 06       		.byte	0x6
 524 0188 20       		.byte	0x20
 525 0189 A7000000 		.4byte	0xa7
 526 018d 01       		.byte	0x1
 527 018e 0B       		.uleb128 0xb
 528 018f 636D6400 		.ascii	"cmd\000"
 529 0193 06       		.byte	0x6
 530 0194 21       		.byte	0x21
 531 0195 A7000000 		.4byte	0xa7
 532 0199 02       		.byte	0x2
 533 019a 08       		.uleb128 0x8
 534 019b C5000000 		.4byte	.LASF32
 535 019f 06       		.byte	0x6
 536 01a0 22       		.byte	0x22
 537 01a1 2C000000 		.4byte	0x2c
 538 01a5 03       		.byte	0x3
 539 01a6 08       		.uleb128 0x8
 540 01a7 DC010000 		.4byte	.LASF33
 541 01ab 06       		.byte	0x6
 542 01ac 23       		.byte	0x23
 543 01ad A7000000 		.4byte	0xa7
 544 01b1 04       		.byte	0x4
 545 01b2 08       		.uleb128 0x8
 546 01b3 39030000 		.4byte	.LASF34
 547 01b7 06       		.byte	0x6
 548 01b8 24       		.byte	0x24
 549 01b9 A7000000 		.4byte	0xa7
 550 01bd 05       		.byte	0x5
 551 01be 08       		.uleb128 0x8
 552 01bf 91000000 		.4byte	.LASF35
 553 01c3 06       		.byte	0x6
 554 01c4 25       		.byte	0x25
 555 01c5 A7000000 		.4byte	0xa7
 556 01c9 06       		.byte	0x6
 557 01ca 08       		.uleb128 0x8
 558 01cb 9F000000 		.4byte	.LASF36
 559 01cf 06       		.byte	0x6
ARM GAS  C:\Users\yqh\AppData\Local\Temp\ccOJE8nN.s 			page 13


 560 01d0 26       		.byte	0x26
 561 01d1 BC020000 		.4byte	0x2bc
 562 01d5 07       		.byte	0x7
 563 01d6 08       		.uleb128 0x8
 564 01d7 FF010000 		.4byte	.LASF20
 565 01db 06       		.byte	0x6
 566 01dc 27       		.byte	0x27
 567 01dd 2C000000 		.4byte	0x2c
 568 01e1 09       		.byte	0x9
 569 01e2 08       		.uleb128 0x8
 570 01e3 6E020000 		.4byte	.LASF37
 571 01e7 06       		.byte	0x6
 572 01e8 28       		.byte	0x28
 573 01e9 2C000000 		.4byte	0x2c
 574 01ed 0A       		.byte	0xa
 575 01ee 08       		.uleb128 0x8
 576 01ef 07010000 		.4byte	.LASF38
 577 01f3 06       		.byte	0x6
 578 01f4 29       		.byte	0x29
 579 01f5 2C000000 		.4byte	0x2c
 580 01f9 0B       		.byte	0xb
 581 01fa 08       		.uleb128 0x8
 582 01fb 51020000 		.4byte	.LASF39
 583 01ff 06       		.byte	0x6
 584 0200 2A       		.byte	0x2a
 585 0201 2C000000 		.4byte	0x2c
 586 0205 0C       		.byte	0xc
 587 0206 08       		.uleb128 0x8
 588 0207 85000000 		.4byte	.LASF40
 589 020b 06       		.byte	0x6
 590 020c 2B       		.byte	0x2b
 591 020d 2C000000 		.4byte	0x2c
 592 0211 0D       		.byte	0xd
 593 0212 08       		.uleb128 0x8
 594 0213 F6030000 		.4byte	.LASF41
 595 0217 06       		.byte	0x6
 596 0218 2C       		.byte	0x2c
 597 0219 CC020000 		.4byte	0x2cc
 598 021d 0E       		.byte	0xe
 599 021e 08       		.uleb128 0x8
 600 021f 34040000 		.4byte	.LASF42
 601 0223 06       		.byte	0x6
 602 0224 2D       		.byte	0x2d
 603 0225 DC020000 		.4byte	0x2dc
 604 0229 43       		.byte	0x43
 605 022a 08       		.uleb128 0x8
 606 022b 5D040000 		.4byte	.LASF43
 607 022f 06       		.byte	0x6
 608 0230 2E       		.byte	0x2e
 609 0231 DC020000 		.4byte	0x2dc
 610 0235 46       		.byte	0x46
 611 0236 08       		.uleb128 0x8
 612 0237 C7030000 		.4byte	.LASF44
 613 023b 06       		.byte	0x6
 614 023c 2F       		.byte	0x2f
 615 023d EC020000 		.4byte	0x2ec
 616 0241 49       		.byte	0x49
ARM GAS  C:\Users\yqh\AppData\Local\Temp\ccOJE8nN.s 			page 14


 617 0242 08       		.uleb128 0x8
 618 0243 9B030000 		.4byte	.LASF45
 619 0247 06       		.byte	0x6
 620 0248 30       		.byte	0x30
 621 0249 2C000000 		.4byte	0x2c
 622 024d 5D       		.byte	0x5d
 623 024e 08       		.uleb128 0x8
 624 024f 2E000000 		.4byte	.LASF46
 625 0253 06       		.byte	0x6
 626 0254 31       		.byte	0x31
 627 0255 2C000000 		.4byte	0x2c
 628 0259 5E       		.byte	0x5e
 629 025a 08       		.uleb128 0x8
 630 025b 90020000 		.4byte	.LASF47
 631 025f 06       		.byte	0x6
 632 0260 32       		.byte	0x32
 633 0261 2C000000 		.4byte	0x2c
 634 0265 5F       		.byte	0x5f
 635 0266 08       		.uleb128 0x8
 636 0267 7B000000 		.4byte	.LASF48
 637 026b 06       		.byte	0x6
 638 026c 33       		.byte	0x33
 639 026d 2C000000 		.4byte	0x2c
 640 0271 60       		.byte	0x60
 641 0272 08       		.uleb128 0x8
 642 0273 AB000000 		.4byte	.LASF49
 643 0277 06       		.byte	0x6
 644 0278 34       		.byte	0x34
 645 0279 FC020000 		.4byte	0x2fc
 646 027d 61       		.byte	0x61
 647 027e 08       		.uleb128 0x8
 648 027f 3A000000 		.4byte	.LASF50
 649 0283 06       		.byte	0x6
 650 0284 35       		.byte	0x35
 651 0285 2C000000 		.4byte	0x2c
 652 0289 E1       		.byte	0xe1
 653 028a 08       		.uleb128 0x8
 654 028b 04020000 		.4byte	.LASF51
 655 028f 06       		.byte	0x6
 656 0290 36       		.byte	0x36
 657 0291 2C000000 		.4byte	0x2c
 658 0295 E2       		.byte	0xe2
 659 0296 08       		.uleb128 0x8
 660 0297 5D020000 		.4byte	.LASF52
 661 029b 06       		.byte	0x6
 662 029c 37       		.byte	0x37
 663 029d 2C000000 		.4byte	0x2c
 664 02a1 E3       		.byte	0xe3
 665 02a2 08       		.uleb128 0x8
 666 02a3 78020000 		.4byte	.LASF53
 667 02a7 06       		.byte	0x6
 668 02a8 38       		.byte	0x38
 669 02a9 FC020000 		.4byte	0x2fc
 670 02ad E4       		.byte	0xe4
 671 02ae 0C       		.uleb128 0xc
 672 02af FD030000 		.4byte	.LASF54
 673 02b3 06       		.byte	0x6
ARM GAS  C:\Users\yqh\AppData\Local\Temp\ccOJE8nN.s 			page 15


 674 02b4 39       		.byte	0x39
 675 02b5 0C030000 		.4byte	0x30c
 676 02b9 6401     		.2byte	0x164
 677 02bb 00       		.byte	0
 678 02bc 0D       		.uleb128 0xd
 679 02bd 2C000000 		.4byte	0x2c
 680 02c1 CC020000 		.4byte	0x2cc
 681 02c5 0E       		.uleb128 0xe
 682 02c6 AE000000 		.4byte	0xae
 683 02ca 01       		.byte	0x1
 684 02cb 00       		.byte	0
 685 02cc 0D       		.uleb128 0xd
 686 02cd 2C000000 		.4byte	0x2c
 687 02d1 DC020000 		.4byte	0x2dc
 688 02d5 0E       		.uleb128 0xe
 689 02d6 AE000000 		.4byte	0xae
 690 02da 34       		.byte	0x34
 691 02db 00       		.byte	0
 692 02dc 0D       		.uleb128 0xd
 693 02dd A7000000 		.4byte	0xa7
 694 02e1 EC020000 		.4byte	0x2ec
 695 02e5 0E       		.uleb128 0xe
 696 02e6 AE000000 		.4byte	0xae
 697 02ea 02       		.byte	0x2
 698 02eb 00       		.byte	0
 699 02ec 0D       		.uleb128 0xd
 700 02ed 2C000000 		.4byte	0x2c
 701 02f1 FC020000 		.4byte	0x2fc
 702 02f5 0E       		.uleb128 0xe
 703 02f6 AE000000 		.4byte	0xae
 704 02fa 13       		.byte	0x13
 705 02fb 00       		.byte	0
 706 02fc 0D       		.uleb128 0xd
 707 02fd 2C000000 		.4byte	0x2c
 708 0301 0C030000 		.4byte	0x30c
 709 0305 0E       		.uleb128 0xe
 710 0306 AE000000 		.4byte	0xae
 711 030a 7F       		.byte	0x7f
 712 030b 00       		.byte	0
 713 030c 0D       		.uleb128 0xd
 714 030d 2C000000 		.4byte	0x2c
 715 0311 1D030000 		.4byte	0x31d
 716 0315 0F       		.uleb128 0xf
 717 0316 AE000000 		.4byte	0xae
 718 031a 6F17     		.2byte	0x176f
 719 031c 00       		.byte	0
 720 031d 03       		.uleb128 0x3
 721 031e ED030000 		.4byte	.LASF55
 722 0322 06       		.byte	0x6
 723 0323 3A       		.byte	0x3a
 724 0324 69010000 		.4byte	0x169
 725 0328 10       		.uleb128 0x10
 726 0329 F0000000 		.4byte	.LASF59
 727 032d 01       		.byte	0x1
 728 032e 16       		.byte	0x16
 729 032f 00000000 		.4byte	.LFB63
 730 0333 38000000 		.4byte	.LFE63-.LFB63
ARM GAS  C:\Users\yqh\AppData\Local\Temp\ccOJE8nN.s 			page 16


 731 0337 01       		.uleb128 0x1
 732 0338 9C       		.byte	0x9c
 733 0339 B8030000 		.4byte	0x3b8
 734 033d 11       		.uleb128 0x11
 735 033e CE030000 		.4byte	.LASF56
 736 0342 01       		.byte	0x1
 737 0343 16       		.byte	0x16
 738 0344 B5000000 		.4byte	0xb5
 739 0348 00000000 		.4byte	.LLST0
 740 034c 12       		.uleb128 0x12
 741 034d 6900     		.ascii	"i\000"
 742 034f 01       		.byte	0x1
 743 0350 18       		.byte	0x18
 744 0351 68000000 		.4byte	0x68
 745 0355 2C000000 		.4byte	.LLST1
 746 0359 12       		.uleb128 0x12
 747 035a 6A00     		.ascii	"j\000"
 748 035c 01       		.byte	0x1
 749 035d 18       		.byte	0x18
 750 035e 68000000 		.4byte	0x68
 751 0362 6D000000 		.4byte	.LLST2
 752 0366 13       		.uleb128 0x13
 753 0367 0A000000 		.4byte	.LVL2
 754 036b 61050000 		.4byte	0x561
 755 036f 79030000 		.4byte	0x379
 756 0373 14       		.uleb128 0x14
 757 0374 01       		.uleb128 0x1
 758 0375 50       		.byte	0x50
 759 0376 01       		.uleb128 0x1
 760 0377 30       		.byte	0x30
 761 0378 00       		.byte	0
 762 0379 13       		.uleb128 0x13
 763 037a 10000000 		.4byte	.LVL3
 764 037e 72050000 		.4byte	0x572
 765 0382 8C030000 		.4byte	0x38c
 766 0386 14       		.uleb128 0x14
 767 0387 01       		.uleb128 0x1
 768 0388 50       		.byte	0x50
 769 0389 01       		.uleb128 0x1
 770 038a 30       		.byte	0x30
 771 038b 00       		.byte	0
 772 038c 15       		.uleb128 0x15
 773 038d 20000000 		.4byte	.LVL6
 774 0391 83050000 		.4byte	0x583
 775 0395 13       		.uleb128 0x13
 776 0396 2E000000 		.4byte	.LVL9
 777 039a 61050000 		.4byte	0x561
 778 039e A8030000 		.4byte	0x3a8
 779 03a2 14       		.uleb128 0x14
 780 03a3 01       		.uleb128 0x1
 781 03a4 50       		.byte	0x50
 782 03a5 01       		.uleb128 0x1
 783 03a6 31       		.byte	0x31
 784 03a7 00       		.byte	0
 785 03a8 16       		.uleb128 0x16
 786 03a9 38000000 		.4byte	.LVL11
 787 03ad 72050000 		.4byte	0x572
ARM GAS  C:\Users\yqh\AppData\Local\Temp\ccOJE8nN.s 			page 17


 788 03b1 14       		.uleb128 0x14
 789 03b2 01       		.uleb128 0x1
 790 03b3 50       		.byte	0x50
 791 03b4 01       		.uleb128 0x1
 792 03b5 31       		.byte	0x31
 793 03b6 00       		.byte	0
 794 03b7 00       		.byte	0
 795 03b8 17       		.uleb128 0x17
 796 03b9 B7030000 		.4byte	.LASF84
 797 03bd 01       		.byte	0x1
 798 03be 26       		.byte	0x26
 799 03bf 68000000 		.4byte	0x68
 800 03c3 00000000 		.4byte	.LFB64
 801 03c7 AC000000 		.4byte	.LFE64-.LFB64
 802 03cb 01       		.uleb128 0x1
 803 03cc 9C       		.byte	0x9c
 804 03cd 86040000 		.4byte	0x486
 805 03d1 11       		.uleb128 0x11
 806 03d2 0E040000 		.4byte	.LASF57
 807 03d6 01       		.byte	0x1
 808 03d7 26       		.byte	0x26
 809 03d8 68000000 		.4byte	0x68
 810 03dc 81000000 		.4byte	.LLST3
 811 03e0 18       		.uleb128 0x18
 812 03e1 F6020000 		.4byte	.LASF58
 813 03e5 01       		.byte	0x1
 814 03e6 28       		.byte	0x28
 815 03e7 68000000 		.4byte	0x68
 816 03eb C6000000 		.4byte	.LLST4
 817 03ef 12       		.uleb128 0x12
 818 03f0 746D7000 		.ascii	"tmp\000"
 819 03f4 01       		.byte	0x1
 820 03f5 29       		.byte	0x29
 821 03f6 A7000000 		.4byte	0xa7
 822 03fa F0000000 		.4byte	.LLST5
 823 03fe 12       		.uleb128 0x12
 824 03ff 72657400 		.ascii	"ret\000"
 825 0403 01       		.byte	0x1
 826 0404 2A       		.byte	0x2a
 827 0405 A7000000 		.4byte	0xa7
 828 0409 03010000 		.4byte	.LLST6
 829 040d 19       		.uleb128 0x19
 830 040e C7030000 		.4byte	.LASF44
 831 0412 01       		.byte	0x1
 832 0413 2B       		.byte	0x2b
 833 0414 EC020000 		.4byte	0x2ec
 834 0418 02       		.uleb128 0x2
 835 0419 91       		.byte	0x91
 836 041a 54       		.sleb128 -44
 837 041b 12       		.uleb128 0x12
 838 041c 6900     		.ascii	"i\000"
 839 041e 01       		.byte	0x1
 840 041f 2C       		.byte	0x2c
 841 0420 68000000 		.4byte	0x68
 842 0424 3A010000 		.4byte	.LLST7
 843 0428 15       		.uleb128 0x15
 844 0429 0A000000 		.4byte	.LVL13
ARM GAS  C:\Users\yqh\AppData\Local\Temp\ccOJE8nN.s 			page 18


 845 042d 94050000 		.4byte	0x594
 846 0431 15       		.uleb128 0x15
 847 0432 18000000 		.4byte	.LVL14
 848 0436 9F050000 		.4byte	0x59f
 849 043a 15       		.uleb128 0x15
 850 043b 20000000 		.4byte	.LVL15
 851 043f A6050000 		.4byte	0x5a6
 852 0443 15       		.uleb128 0x15
 853 0444 24000000 		.4byte	.LVL16
 854 0448 94050000 		.4byte	0x594
 855 044c 15       		.uleb128 0x15
 856 044d 2C000000 		.4byte	.LVL17
 857 0451 AD050000 		.4byte	0x5ad
 858 0455 13       		.uleb128 0x13
 859 0456 5E000000 		.4byte	.LVL20
 860 045a 28030000 		.4byte	0x328
 861 045e 69040000 		.4byte	0x469
 862 0462 14       		.uleb128 0x14
 863 0463 01       		.uleb128 0x1
 864 0464 50       		.byte	0x50
 865 0465 02       		.uleb128 0x2
 866 0466 77       		.byte	0x77
 867 0467 00       		.sleb128 0
 868 0468 00       		.byte	0
 869 0469 13       		.uleb128 0x13
 870 046a 72000000 		.4byte	.LVL23
 871 046e B8050000 		.4byte	0x5b8
 872 0472 7C040000 		.4byte	0x47c
 873 0476 14       		.uleb128 0x14
 874 0477 01       		.uleb128 0x1
 875 0478 50       		.byte	0x50
 876 0479 01       		.uleb128 0x1
 877 047a 31       		.byte	0x31
 878 047b 00       		.byte	0
 879 047c 15       		.uleb128 0x15
 880 047d 7C000000 		.4byte	.LVL24
 881 0481 C9050000 		.4byte	0x5c9
 882 0485 00       		.byte	0
 883 0486 10       		.uleb128 0x10
 884 0487 15000000 		.4byte	.LASF60
 885 048b 01       		.byte	0x1
 886 048c 61       		.byte	0x61
 887 048d 00000000 		.4byte	.LFB65
 888 0491 28000000 		.4byte	.LFE65-.LFB65
 889 0495 01       		.uleb128 0x1
 890 0496 9C       		.byte	0x9c
 891 0497 B4040000 		.4byte	0x4b4
 892 049b 11       		.uleb128 0x11
 893 049c DB000000 		.4byte	.LASF61
 894 04a0 01       		.byte	0x1
 895 04a1 61       		.byte	0x61
 896 04a2 A7000000 		.4byte	0xa7
 897 04a6 65010000 		.4byte	.LLST8
 898 04aa 15       		.uleb128 0x15
 899 04ab 20000000 		.4byte	.LVL34
 900 04af D0050000 		.4byte	0x5d0
 901 04b3 00       		.byte	0
ARM GAS  C:\Users\yqh\AppData\Local\Temp\ccOJE8nN.s 			page 19


 902 04b4 1A       		.uleb128 0x1a
 903 04b5 50040000 		.4byte	.LASF62
 904 04b9 07       		.byte	0x7
 905 04ba 9606     		.2byte	0x696
 906 04bc C0040000 		.4byte	0x4c0
 907 04c0 09       		.uleb128 0x9
 908 04c1 76000000 		.4byte	0x76
 909 04c5 1B       		.uleb128 0x1b
 910 04c6 58000000 		.4byte	.LASF63
 911 04ca 06       		.byte	0x6
 912 04cb 3C       		.byte	0x3c
 913 04cc 1D030000 		.4byte	0x31d
 914 04d0 1C       		.uleb128 0x1c
 915 04d1 7300     		.ascii	"s\000"
 916 04d3 06       		.byte	0x6
 917 04d4 3D       		.byte	0x3d
 918 04d5 5E010000 		.4byte	0x15e
 919 04d9 05       		.uleb128 0x5
 920 04da 03       		.byte	0x3
 921 04db 00000000 		.4byte	s
 922 04df 1D       		.uleb128 0x1d
 923 04e0 89030000 		.4byte	.LASF64
 924 04e4 06       		.byte	0x6
 925 04e5 46       		.byte	0x46
 926 04e6 A7000000 		.4byte	0xa7
 927 04ea 05       		.uleb128 0x5
 928 04eb 03       		.byte	0x3
 929 04ec 00000000 		.4byte	currentAccessType
 930 04f0 1D       		.uleb128 0x1d
 931 04f1 1C020000 		.4byte	.LASF65
 932 04f5 06       		.byte	0x6
 933 04f6 47       		.byte	0x47
 934 04f7 A7000000 		.4byte	0xa7
 935 04fb 05       		.uleb128 0x5
 936 04fc 03       		.byte	0x3
 937 04fd 00000000 		.4byte	hw_old
 938 0501 1D       		.uleb128 0x1d
 939 0502 C3010000 		.4byte	.LASF66
 940 0506 06       		.byte	0x6
 941 0507 48       		.byte	0x48
 942 0508 A7000000 		.4byte	0xa7
 943 050c 05       		.uleb128 0x5
 944 050d 03       		.byte	0x3
 945 050e 00000000 		.4byte	tp_old
 946 0512 1D       		.uleb128 0x1d
 947 0513 22040000 		.4byte	.LASF67
 948 0517 06       		.byte	0x6
 949 0518 49       		.byte	0x49
 950 0519 68000000 		.4byte	0x68
 951 051d 05       		.uleb128 0x5
 952 051e 03       		.byte	0x3
 953 051f 00000000 		.4byte	tamperCR_polarity
 954 0523 1D       		.uleb128 0x1d
 955 0524 A2040000 		.4byte	.LASF68
 956 0528 06       		.byte	0x6
 957 0529 4A       		.byte	0x4a
 958 052a 68000000 		.4byte	0x68
ARM GAS  C:\Users\yqh\AppData\Local\Temp\ccOJE8nN.s 			page 20


 959 052e 05       		.uleb128 0x5
 960 052f 03       		.byte	0x3
 961 0530 00000000 		.4byte	tamper_out_polarity
 962 0534 1D       		.uleb128 0x1d
 963 0535 23020000 		.4byte	.LASF69
 964 0539 06       		.byte	0x6
 965 053a 4D       		.byte	0x4d
 966 053b 68000000 		.4byte	0x68
 967 053f 05       		.uleb128 0x5
 968 0540 03       		.byte	0x3
 969 0541 00000000 		.4byte	card_ack
 970 0545 1D       		.uleb128 0x1d
 971 0546 D0010000 		.4byte	.LASF70
 972 054a 06       		.byte	0x6
 973 054b 4E       		.byte	0x4e
 974 054c 68000000 		.4byte	0x68
 975 0550 05       		.uleb128 0x5
 976 0551 03       		.byte	0x3
 977 0552 00000000 		.4byte	card_in_buf
 978 0556 1B       		.uleb128 0x1b
 979 0557 18010000 		.4byte	.LASF71
 980 055b 06       		.byte	0x6
 981 055c 61       		.byte	0x61
 982 055d 68000000 		.4byte	0x68
 983 0561 1E       		.uleb128 0x1e
 984 0562 4A000000 		.4byte	.LASF72
 985 0566 08       		.byte	0x8
 986 0567 28       		.byte	0x28
 987 0568 72050000 		.4byte	0x572
 988 056c 1F       		.uleb128 0x1f
 989 056d 81000000 		.4byte	0x81
 990 0571 00       		.byte	0
 991 0572 1E       		.uleb128 0x1e
 992 0573 73030000 		.4byte	.LASF73
 993 0577 09       		.byte	0x9
 994 0578 28       		.byte	0x28
 995 0579 83050000 		.4byte	0x583
 996 057d 1F       		.uleb128 0x1f
 997 057e 81000000 		.4byte	0x81
 998 0582 00       		.byte	0
 999 0583 1E       		.uleb128 0x1e
 1000 0584 63000000 		.4byte	.LASF74
 1001 0588 0A       		.byte	0xa
 1002 0589 8A       		.byte	0x8a
 1003 058a 94050000 		.4byte	0x594
 1004 058e 1F       		.uleb128 0x1f
 1005 058f 81000000 		.4byte	0x81
 1006 0593 00       		.byte	0
 1007 0594 20       		.uleb128 0x20
 1008 0595 81040000 		.4byte	.LASF77
 1009 0599 0A       		.byte	0xa
 1010 059a 70       		.byte	0x70
 1011 059b 81000000 		.4byte	0x81
 1012 059f 21       		.uleb128 0x21
 1013 05a0 54030000 		.4byte	.LASF75
 1014 05a4 0B       		.byte	0xb
 1015 05a5 25       		.byte	0x25
ARM GAS  C:\Users\yqh\AppData\Local\Temp\ccOJE8nN.s 			page 21


 1016 05a6 21       		.uleb128 0x21
 1017 05a7 68040000 		.4byte	.LASF76
 1018 05ab 0B       		.byte	0xb
 1019 05ac 23       		.byte	0x23
 1020 05ad 20       		.uleb128 0x20
 1021 05ae 1F000000 		.4byte	.LASF78
 1022 05b2 0A       		.byte	0xa
 1023 05b3 71       		.byte	0x71
 1024 05b4 81000000 		.4byte	0x81
 1025 05b8 1E       		.uleb128 0x1e
 1026 05b9 06030000 		.4byte	.LASF79
 1027 05bd 0C       		.byte	0xc
 1028 05be 77       		.byte	0x77
 1029 05bf C9050000 		.4byte	0x5c9
 1030 05c3 1F       		.uleb128 0x1f
 1031 05c4 8D000000 		.4byte	0x8d
 1032 05c8 00       		.byte	0
 1033 05c9 21       		.uleb128 0x21
 1034 05ca 00000000 		.4byte	.LASF80
 1035 05ce 0A       		.byte	0xa
 1036 05cf 75       		.byte	0x75
 1037 05d0 22       		.uleb128 0x22
 1038 05d1 DD030000 		.4byte	.LASF85
 1039 05d5 0D       		.byte	0xd
 1040 05d6 27       		.byte	0x27
 1041 05d7 1F       		.uleb128 0x1f
 1042 05d8 81000000 		.4byte	0x81
 1043 05dc 00       		.byte	0
 1044 05dd 00       		.byte	0
 1045              		.section	.debug_abbrev,"",%progbits
 1046              	.Ldebug_abbrev0:
 1047 0000 01       		.uleb128 0x1
 1048 0001 11       		.uleb128 0x11
 1049 0002 01       		.byte	0x1
 1050 0003 25       		.uleb128 0x25
 1051 0004 0E       		.uleb128 0xe
 1052 0005 13       		.uleb128 0x13
 1053 0006 0B       		.uleb128 0xb
 1054 0007 03       		.uleb128 0x3
 1055 0008 0E       		.uleb128 0xe
 1056 0009 1B       		.uleb128 0x1b
 1057 000a 0E       		.uleb128 0xe
 1058 000b 55       		.uleb128 0x55
 1059 000c 17       		.uleb128 0x17
 1060 000d 11       		.uleb128 0x11
 1061 000e 01       		.uleb128 0x1
 1062 000f 10       		.uleb128 0x10
 1063 0010 17       		.uleb128 0x17
 1064 0011 00       		.byte	0
 1065 0012 00       		.byte	0
 1066 0013 02       		.uleb128 0x2
 1067 0014 24       		.uleb128 0x24
 1068 0015 00       		.byte	0
 1069 0016 0B       		.uleb128 0xb
 1070 0017 0B       		.uleb128 0xb
 1071 0018 3E       		.uleb128 0x3e
 1072 0019 0B       		.uleb128 0xb
ARM GAS  C:\Users\yqh\AppData\Local\Temp\ccOJE8nN.s 			page 22


 1073 001a 03       		.uleb128 0x3
 1074 001b 0E       		.uleb128 0xe
 1075 001c 00       		.byte	0
 1076 001d 00       		.byte	0
 1077 001e 03       		.uleb128 0x3
 1078 001f 16       		.uleb128 0x16
 1079 0020 00       		.byte	0
 1080 0021 03       		.uleb128 0x3
 1081 0022 0E       		.uleb128 0xe
 1082 0023 3A       		.uleb128 0x3a
 1083 0024 0B       		.uleb128 0xb
 1084 0025 3B       		.uleb128 0x3b
 1085 0026 0B       		.uleb128 0xb
 1086 0027 49       		.uleb128 0x49
 1087 0028 13       		.uleb128 0x13
 1088 0029 00       		.byte	0
 1089 002a 00       		.byte	0
 1090 002b 04       		.uleb128 0x4
 1091 002c 24       		.uleb128 0x24
 1092 002d 00       		.byte	0
 1093 002e 0B       		.uleb128 0xb
 1094 002f 0B       		.uleb128 0xb
 1095 0030 3E       		.uleb128 0x3e
 1096 0031 0B       		.uleb128 0xb
 1097 0032 03       		.uleb128 0x3
 1098 0033 08       		.uleb128 0x8
 1099 0034 00       		.byte	0
 1100 0035 00       		.byte	0
 1101 0036 05       		.uleb128 0x5
 1102 0037 16       		.uleb128 0x16
 1103 0038 00       		.byte	0
 1104 0039 03       		.uleb128 0x3
 1105 003a 0E       		.uleb128 0xe
 1106 003b 3A       		.uleb128 0x3a
 1107 003c 0B       		.uleb128 0xb
 1108 003d 3B       		.uleb128 0x3b
 1109 003e 05       		.uleb128 0x5
 1110 003f 49       		.uleb128 0x49
 1111 0040 13       		.uleb128 0x13
 1112 0041 00       		.byte	0
 1113 0042 00       		.byte	0
 1114 0043 06       		.uleb128 0x6
 1115 0044 0F       		.uleb128 0xf
 1116 0045 00       		.byte	0
 1117 0046 0B       		.uleb128 0xb
 1118 0047 0B       		.uleb128 0xb
 1119 0048 49       		.uleb128 0x49
 1120 0049 13       		.uleb128 0x13
 1121 004a 00       		.byte	0
 1122 004b 00       		.byte	0
 1123 004c 07       		.uleb128 0x7
 1124 004d 13       		.uleb128 0x13
 1125 004e 01       		.byte	0x1
 1126 004f 0B       		.uleb128 0xb
 1127 0050 0B       		.uleb128 0xb
 1128 0051 3A       		.uleb128 0x3a
 1129 0052 0B       		.uleb128 0xb
ARM GAS  C:\Users\yqh\AppData\Local\Temp\ccOJE8nN.s 			page 23


 1130 0053 3B       		.uleb128 0x3b
 1131 0054 0B       		.uleb128 0xb
 1132 0055 01       		.uleb128 0x1
 1133 0056 13       		.uleb128 0x13
 1134 0057 00       		.byte	0
 1135 0058 00       		.byte	0
 1136 0059 08       		.uleb128 0x8
 1137 005a 0D       		.uleb128 0xd
 1138 005b 00       		.byte	0
 1139 005c 03       		.uleb128 0x3
 1140 005d 0E       		.uleb128 0xe
 1141 005e 3A       		.uleb128 0x3a
 1142 005f 0B       		.uleb128 0xb
 1143 0060 3B       		.uleb128 0x3b
 1144 0061 0B       		.uleb128 0xb
 1145 0062 49       		.uleb128 0x49
 1146 0063 13       		.uleb128 0x13
 1147 0064 38       		.uleb128 0x38
 1148 0065 0B       		.uleb128 0xb
 1149 0066 00       		.byte	0
 1150 0067 00       		.byte	0
 1151 0068 09       		.uleb128 0x9
 1152 0069 35       		.uleb128 0x35
 1153 006a 00       		.byte	0
 1154 006b 49       		.uleb128 0x49
 1155 006c 13       		.uleb128 0x13
 1156 006d 00       		.byte	0
 1157 006e 00       		.byte	0
 1158 006f 0A       		.uleb128 0xa
 1159 0070 13       		.uleb128 0x13
 1160 0071 01       		.byte	0x1
 1161 0072 03       		.uleb128 0x3
 1162 0073 0E       		.uleb128 0xe
 1163 0074 0B       		.uleb128 0xb
 1164 0075 05       		.uleb128 0x5
 1165 0076 3A       		.uleb128 0x3a
 1166 0077 0B       		.uleb128 0xb
 1167 0078 3B       		.uleb128 0x3b
 1168 0079 0B       		.uleb128 0xb
 1169 007a 01       		.uleb128 0x1
 1170 007b 13       		.uleb128 0x13
 1171 007c 00       		.byte	0
 1172 007d 00       		.byte	0
 1173 007e 0B       		.uleb128 0xb
 1174 007f 0D       		.uleb128 0xd
 1175 0080 00       		.byte	0
 1176 0081 03       		.uleb128 0x3
 1177 0082 08       		.uleb128 0x8
 1178 0083 3A       		.uleb128 0x3a
 1179 0084 0B       		.uleb128 0xb
 1180 0085 3B       		.uleb128 0x3b
 1181 0086 0B       		.uleb128 0xb
 1182 0087 49       		.uleb128 0x49
 1183 0088 13       		.uleb128 0x13
 1184 0089 38       		.uleb128 0x38
 1185 008a 0B       		.uleb128 0xb
 1186 008b 00       		.byte	0
ARM GAS  C:\Users\yqh\AppData\Local\Temp\ccOJE8nN.s 			page 24


 1187 008c 00       		.byte	0
 1188 008d 0C       		.uleb128 0xc
 1189 008e 0D       		.uleb128 0xd
 1190 008f 00       		.byte	0
 1191 0090 03       		.uleb128 0x3
 1192 0091 0E       		.uleb128 0xe
 1193 0092 3A       		.uleb128 0x3a
 1194 0093 0B       		.uleb128 0xb
 1195 0094 3B       		.uleb128 0x3b
 1196 0095 0B       		.uleb128 0xb
 1197 0096 49       		.uleb128 0x49
 1198 0097 13       		.uleb128 0x13
 1199 0098 38       		.uleb128 0x38
 1200 0099 05       		.uleb128 0x5
 1201 009a 00       		.byte	0
 1202 009b 00       		.byte	0
 1203 009c 0D       		.uleb128 0xd
 1204 009d 01       		.uleb128 0x1
 1205 009e 01       		.byte	0x1
 1206 009f 49       		.uleb128 0x49
 1207 00a0 13       		.uleb128 0x13
 1208 00a1 01       		.uleb128 0x1
 1209 00a2 13       		.uleb128 0x13
 1210 00a3 00       		.byte	0
 1211 00a4 00       		.byte	0
 1212 00a5 0E       		.uleb128 0xe
 1213 00a6 21       		.uleb128 0x21
 1214 00a7 00       		.byte	0
 1215 00a8 49       		.uleb128 0x49
 1216 00a9 13       		.uleb128 0x13
 1217 00aa 2F       		.uleb128 0x2f
 1218 00ab 0B       		.uleb128 0xb
 1219 00ac 00       		.byte	0
 1220 00ad 00       		.byte	0
 1221 00ae 0F       		.uleb128 0xf
 1222 00af 21       		.uleb128 0x21
 1223 00b0 00       		.byte	0
 1224 00b1 49       		.uleb128 0x49
 1225 00b2 13       		.uleb128 0x13
 1226 00b3 2F       		.uleb128 0x2f
 1227 00b4 05       		.uleb128 0x5
 1228 00b5 00       		.byte	0
 1229 00b6 00       		.byte	0
 1230 00b7 10       		.uleb128 0x10
 1231 00b8 2E       		.uleb128 0x2e
 1232 00b9 01       		.byte	0x1
 1233 00ba 3F       		.uleb128 0x3f
 1234 00bb 19       		.uleb128 0x19
 1235 00bc 03       		.uleb128 0x3
 1236 00bd 0E       		.uleb128 0xe
 1237 00be 3A       		.uleb128 0x3a
 1238 00bf 0B       		.uleb128 0xb
 1239 00c0 3B       		.uleb128 0x3b
 1240 00c1 0B       		.uleb128 0xb
 1241 00c2 27       		.uleb128 0x27
 1242 00c3 19       		.uleb128 0x19
 1243 00c4 11       		.uleb128 0x11
ARM GAS  C:\Users\yqh\AppData\Local\Temp\ccOJE8nN.s 			page 25


 1244 00c5 01       		.uleb128 0x1
 1245 00c6 12       		.uleb128 0x12
 1246 00c7 06       		.uleb128 0x6
 1247 00c8 40       		.uleb128 0x40
 1248 00c9 18       		.uleb128 0x18
 1249 00ca 9742     		.uleb128 0x2117
 1250 00cc 19       		.uleb128 0x19
 1251 00cd 01       		.uleb128 0x1
 1252 00ce 13       		.uleb128 0x13
 1253 00cf 00       		.byte	0
 1254 00d0 00       		.byte	0
 1255 00d1 11       		.uleb128 0x11
 1256 00d2 05       		.uleb128 0x5
 1257 00d3 00       		.byte	0
 1258 00d4 03       		.uleb128 0x3
 1259 00d5 0E       		.uleb128 0xe
 1260 00d6 3A       		.uleb128 0x3a
 1261 00d7 0B       		.uleb128 0xb
 1262 00d8 3B       		.uleb128 0x3b
 1263 00d9 0B       		.uleb128 0xb
 1264 00da 49       		.uleb128 0x49
 1265 00db 13       		.uleb128 0x13
 1266 00dc 02       		.uleb128 0x2
 1267 00dd 17       		.uleb128 0x17
 1268 00de 00       		.byte	0
 1269 00df 00       		.byte	0
 1270 00e0 12       		.uleb128 0x12
 1271 00e1 34       		.uleb128 0x34
 1272 00e2 00       		.byte	0
 1273 00e3 03       		.uleb128 0x3
 1274 00e4 08       		.uleb128 0x8
 1275 00e5 3A       		.uleb128 0x3a
 1276 00e6 0B       		.uleb128 0xb
 1277 00e7 3B       		.uleb128 0x3b
 1278 00e8 0B       		.uleb128 0xb
 1279 00e9 49       		.uleb128 0x49
 1280 00ea 13       		.uleb128 0x13
 1281 00eb 02       		.uleb128 0x2
 1282 00ec 17       		.uleb128 0x17
 1283 00ed 00       		.byte	0
 1284 00ee 00       		.byte	0
 1285 00ef 13       		.uleb128 0x13
 1286 00f0 898201   		.uleb128 0x4109
 1287 00f3 01       		.byte	0x1
 1288 00f4 11       		.uleb128 0x11
 1289 00f5 01       		.uleb128 0x1
 1290 00f6 31       		.uleb128 0x31
 1291 00f7 13       		.uleb128 0x13
 1292 00f8 01       		.uleb128 0x1
 1293 00f9 13       		.uleb128 0x13
 1294 00fa 00       		.byte	0
 1295 00fb 00       		.byte	0
 1296 00fc 14       		.uleb128 0x14
 1297 00fd 8A8201   		.uleb128 0x410a
 1298 0100 00       		.byte	0
 1299 0101 02       		.uleb128 0x2
 1300 0102 18       		.uleb128 0x18
ARM GAS  C:\Users\yqh\AppData\Local\Temp\ccOJE8nN.s 			page 26


 1301 0103 9142     		.uleb128 0x2111
 1302 0105 18       		.uleb128 0x18
 1303 0106 00       		.byte	0
 1304 0107 00       		.byte	0
 1305 0108 15       		.uleb128 0x15
 1306 0109 898201   		.uleb128 0x4109
 1307 010c 00       		.byte	0
 1308 010d 11       		.uleb128 0x11
 1309 010e 01       		.uleb128 0x1
 1310 010f 31       		.uleb128 0x31
 1311 0110 13       		.uleb128 0x13
 1312 0111 00       		.byte	0
 1313 0112 00       		.byte	0
 1314 0113 16       		.uleb128 0x16
 1315 0114 898201   		.uleb128 0x4109
 1316 0117 01       		.byte	0x1
 1317 0118 11       		.uleb128 0x11
 1318 0119 01       		.uleb128 0x1
 1319 011a 9542     		.uleb128 0x2115
 1320 011c 19       		.uleb128 0x19
 1321 011d 31       		.uleb128 0x31
 1322 011e 13       		.uleb128 0x13
 1323 011f 00       		.byte	0
 1324 0120 00       		.byte	0
 1325 0121 17       		.uleb128 0x17
 1326 0122 2E       		.uleb128 0x2e
 1327 0123 01       		.byte	0x1
 1328 0124 3F       		.uleb128 0x3f
 1329 0125 19       		.uleb128 0x19
 1330 0126 03       		.uleb128 0x3
 1331 0127 0E       		.uleb128 0xe
 1332 0128 3A       		.uleb128 0x3a
 1333 0129 0B       		.uleb128 0xb
 1334 012a 3B       		.uleb128 0x3b
 1335 012b 0B       		.uleb128 0xb
 1336 012c 27       		.uleb128 0x27
 1337 012d 19       		.uleb128 0x19
 1338 012e 49       		.uleb128 0x49
 1339 012f 13       		.uleb128 0x13
 1340 0130 11       		.uleb128 0x11
 1341 0131 01       		.uleb128 0x1
 1342 0132 12       		.uleb128 0x12
 1343 0133 06       		.uleb128 0x6
 1344 0134 40       		.uleb128 0x40
 1345 0135 18       		.uleb128 0x18
 1346 0136 9742     		.uleb128 0x2117
 1347 0138 19       		.uleb128 0x19
 1348 0139 01       		.uleb128 0x1
 1349 013a 13       		.uleb128 0x13
 1350 013b 00       		.byte	0
 1351 013c 00       		.byte	0
 1352 013d 18       		.uleb128 0x18
 1353 013e 34       		.uleb128 0x34
 1354 013f 00       		.byte	0
 1355 0140 03       		.uleb128 0x3
 1356 0141 0E       		.uleb128 0xe
 1357 0142 3A       		.uleb128 0x3a
ARM GAS  C:\Users\yqh\AppData\Local\Temp\ccOJE8nN.s 			page 27


 1358 0143 0B       		.uleb128 0xb
 1359 0144 3B       		.uleb128 0x3b
 1360 0145 0B       		.uleb128 0xb
 1361 0146 49       		.uleb128 0x49
 1362 0147 13       		.uleb128 0x13
 1363 0148 02       		.uleb128 0x2
 1364 0149 17       		.uleb128 0x17
 1365 014a 00       		.byte	0
 1366 014b 00       		.byte	0
 1367 014c 19       		.uleb128 0x19
 1368 014d 34       		.uleb128 0x34
 1369 014e 00       		.byte	0
 1370 014f 03       		.uleb128 0x3
 1371 0150 0E       		.uleb128 0xe
 1372 0151 3A       		.uleb128 0x3a
 1373 0152 0B       		.uleb128 0xb
 1374 0153 3B       		.uleb128 0x3b
 1375 0154 0B       		.uleb128 0xb
 1376 0155 49       		.uleb128 0x49
 1377 0156 13       		.uleb128 0x13
 1378 0157 02       		.uleb128 0x2
 1379 0158 18       		.uleb128 0x18
 1380 0159 00       		.byte	0
 1381 015a 00       		.byte	0
 1382 015b 1A       		.uleb128 0x1a
 1383 015c 34       		.uleb128 0x34
 1384 015d 00       		.byte	0
 1385 015e 03       		.uleb128 0x3
 1386 015f 0E       		.uleb128 0xe
 1387 0160 3A       		.uleb128 0x3a
 1388 0161 0B       		.uleb128 0xb
 1389 0162 3B       		.uleb128 0x3b
 1390 0163 05       		.uleb128 0x5
 1391 0164 49       		.uleb128 0x49
 1392 0165 13       		.uleb128 0x13
 1393 0166 3F       		.uleb128 0x3f
 1394 0167 19       		.uleb128 0x19
 1395 0168 3C       		.uleb128 0x3c
 1396 0169 19       		.uleb128 0x19
 1397 016a 00       		.byte	0
 1398 016b 00       		.byte	0
 1399 016c 1B       		.uleb128 0x1b
 1400 016d 34       		.uleb128 0x34
 1401 016e 00       		.byte	0
 1402 016f 03       		.uleb128 0x3
 1403 0170 0E       		.uleb128 0xe
 1404 0171 3A       		.uleb128 0x3a
 1405 0172 0B       		.uleb128 0xb
 1406 0173 3B       		.uleb128 0x3b
 1407 0174 0B       		.uleb128 0xb
 1408 0175 49       		.uleb128 0x49
 1409 0176 13       		.uleb128 0x13
 1410 0177 3F       		.uleb128 0x3f
 1411 0178 19       		.uleb128 0x19
 1412 0179 3C       		.uleb128 0x3c
 1413 017a 19       		.uleb128 0x19
 1414 017b 00       		.byte	0
ARM GAS  C:\Users\yqh\AppData\Local\Temp\ccOJE8nN.s 			page 28


 1415 017c 00       		.byte	0
 1416 017d 1C       		.uleb128 0x1c
 1417 017e 34       		.uleb128 0x34
 1418 017f 00       		.byte	0
 1419 0180 03       		.uleb128 0x3
 1420 0181 08       		.uleb128 0x8
 1421 0182 3A       		.uleb128 0x3a
 1422 0183 0B       		.uleb128 0xb
 1423 0184 3B       		.uleb128 0x3b
 1424 0185 0B       		.uleb128 0xb
 1425 0186 49       		.uleb128 0x49
 1426 0187 13       		.uleb128 0x13
 1427 0188 3F       		.uleb128 0x3f
 1428 0189 19       		.uleb128 0x19
 1429 018a 02       		.uleb128 0x2
 1430 018b 18       		.uleb128 0x18
 1431 018c 00       		.byte	0
 1432 018d 00       		.byte	0
 1433 018e 1D       		.uleb128 0x1d
 1434 018f 34       		.uleb128 0x34
 1435 0190 00       		.byte	0
 1436 0191 03       		.uleb128 0x3
 1437 0192 0E       		.uleb128 0xe
 1438 0193 3A       		.uleb128 0x3a
 1439 0194 0B       		.uleb128 0xb
 1440 0195 3B       		.uleb128 0x3b
 1441 0196 0B       		.uleb128 0xb
 1442 0197 49       		.uleb128 0x49
 1443 0198 13       		.uleb128 0x13
 1444 0199 3F       		.uleb128 0x3f
 1445 019a 19       		.uleb128 0x19
 1446 019b 02       		.uleb128 0x2
 1447 019c 18       		.uleb128 0x18
 1448 019d 00       		.byte	0
 1449 019e 00       		.byte	0
 1450 019f 1E       		.uleb128 0x1e
 1451 01a0 2E       		.uleb128 0x2e
 1452 01a1 01       		.byte	0x1
 1453 01a2 3F       		.uleb128 0x3f
 1454 01a3 19       		.uleb128 0x19
 1455 01a4 03       		.uleb128 0x3
 1456 01a5 0E       		.uleb128 0xe
 1457 01a6 3A       		.uleb128 0x3a
 1458 01a7 0B       		.uleb128 0xb
 1459 01a8 3B       		.uleb128 0x3b
 1460 01a9 0B       		.uleb128 0xb
 1461 01aa 27       		.uleb128 0x27
 1462 01ab 19       		.uleb128 0x19
 1463 01ac 3C       		.uleb128 0x3c
 1464 01ad 19       		.uleb128 0x19
 1465 01ae 01       		.uleb128 0x1
 1466 01af 13       		.uleb128 0x13
 1467 01b0 00       		.byte	0
 1468 01b1 00       		.byte	0
 1469 01b2 1F       		.uleb128 0x1f
 1470 01b3 05       		.uleb128 0x5
 1471 01b4 00       		.byte	0
ARM GAS  C:\Users\yqh\AppData\Local\Temp\ccOJE8nN.s 			page 29


 1472 01b5 49       		.uleb128 0x49
 1473 01b6 13       		.uleb128 0x13
 1474 01b7 00       		.byte	0
 1475 01b8 00       		.byte	0
 1476 01b9 20       		.uleb128 0x20
 1477 01ba 2E       		.uleb128 0x2e
 1478 01bb 00       		.byte	0
 1479 01bc 3F       		.uleb128 0x3f
 1480 01bd 19       		.uleb128 0x19
 1481 01be 03       		.uleb128 0x3
 1482 01bf 0E       		.uleb128 0xe
 1483 01c0 3A       		.uleb128 0x3a
 1484 01c1 0B       		.uleb128 0xb
 1485 01c2 3B       		.uleb128 0x3b
 1486 01c3 0B       		.uleb128 0xb
 1487 01c4 27       		.uleb128 0x27
 1488 01c5 19       		.uleb128 0x19
 1489 01c6 49       		.uleb128 0x49
 1490 01c7 13       		.uleb128 0x13
 1491 01c8 3C       		.uleb128 0x3c
 1492 01c9 19       		.uleb128 0x19
 1493 01ca 00       		.byte	0
 1494 01cb 00       		.byte	0
 1495 01cc 21       		.uleb128 0x21
 1496 01cd 2E       		.uleb128 0x2e
 1497 01ce 00       		.byte	0
 1498 01cf 3F       		.uleb128 0x3f
 1499 01d0 19       		.uleb128 0x19
 1500 01d1 03       		.uleb128 0x3
 1501 01d2 0E       		.uleb128 0xe
 1502 01d3 3A       		.uleb128 0x3a
 1503 01d4 0B       		.uleb128 0xb
 1504 01d5 3B       		.uleb128 0x3b
 1505 01d6 0B       		.uleb128 0xb
 1506 01d7 27       		.uleb128 0x27
 1507 01d8 19       		.uleb128 0x19
 1508 01d9 3C       		.uleb128 0x3c
 1509 01da 19       		.uleb128 0x19
 1510 01db 00       		.byte	0
 1511 01dc 00       		.byte	0
 1512 01dd 22       		.uleb128 0x22
 1513 01de 2E       		.uleb128 0x2e
 1514 01df 01       		.byte	0x1
 1515 01e0 3F       		.uleb128 0x3f
 1516 01e1 19       		.uleb128 0x19
 1517 01e2 03       		.uleb128 0x3
 1518 01e3 0E       		.uleb128 0xe
 1519 01e4 3A       		.uleb128 0x3a
 1520 01e5 0B       		.uleb128 0xb
 1521 01e6 3B       		.uleb128 0x3b
 1522 01e7 0B       		.uleb128 0xb
 1523 01e8 27       		.uleb128 0x27
 1524 01e9 19       		.uleb128 0x19
 1525 01ea 3C       		.uleb128 0x3c
 1526 01eb 19       		.uleb128 0x19
 1527 01ec 00       		.byte	0
 1528 01ed 00       		.byte	0
ARM GAS  C:\Users\yqh\AppData\Local\Temp\ccOJE8nN.s 			page 30


 1529 01ee 00       		.byte	0
 1530              		.section	.debug_loc,"",%progbits
 1531              	.Ldebug_loc0:
 1532              	.LLST0:
 1533 0000 00000000 		.4byte	.LVL0
 1534 0004 06000000 		.4byte	.LVL1
 1535 0008 0100     		.2byte	0x1
 1536 000a 50       		.byte	0x50
 1537 000b 06000000 		.4byte	.LVL1
 1538 000f 32000000 		.4byte	.LVL10
 1539 0013 0100     		.2byte	0x1
 1540 0015 56       		.byte	0x56
 1541 0016 32000000 		.4byte	.LVL10
 1542 001a 38000000 		.4byte	.LFE63
 1543 001e 0400     		.2byte	0x4
 1544 0020 F3       		.byte	0xf3
 1545 0021 01       		.uleb128 0x1
 1546 0022 50       		.byte	0x50
 1547 0023 9F       		.byte	0x9f
 1548 0024 00000000 		.4byte	0
 1549 0028 00000000 		.4byte	0
 1550              	.LLST1:
 1551 002c 10000000 		.4byte	.LVL3
 1552 0030 12000000 		.4byte	.LVL4
 1553 0034 0200     		.2byte	0x2
 1554 0036 30       		.byte	0x30
 1555 0037 9F       		.byte	0x9f
 1556 0038 12000000 		.4byte	.LVL4
 1557 003c 24000000 		.4byte	.LVL7
 1558 0040 0500     		.2byte	0x5
 1559 0042 44       		.byte	0x44
 1560 0043 75       		.byte	0x75
 1561 0044 00       		.sleb128 0
 1562 0045 1C       		.byte	0x1c
 1563 0046 9F       		.byte	0x9f
 1564 0047 24000000 		.4byte	.LVL7
 1565 004b 26000000 		.4byte	.LVL8
 1566 004f 0500     		.2byte	0x5
 1567 0051 45       		.byte	0x45
 1568 0052 75       		.byte	0x75
 1569 0053 00       		.sleb128 0
 1570 0054 1C       		.byte	0x1c
 1571 0055 9F       		.byte	0x9f
 1572 0056 26000000 		.4byte	.LVL8
 1573 005a 32000000 		.4byte	.LVL10
 1574 005e 0500     		.2byte	0x5
 1575 0060 44       		.byte	0x44
 1576 0061 75       		.byte	0x75
 1577 0062 00       		.sleb128 0
 1578 0063 1C       		.byte	0x1c
 1579 0064 9F       		.byte	0x9f
 1580 0065 00000000 		.4byte	0
 1581 0069 00000000 		.4byte	0
 1582              	.LLST2:
 1583 006d 12000000 		.4byte	.LVL4
 1584 0071 18000000 		.4byte	.LVL5
 1585 0075 0200     		.2byte	0x2
ARM GAS  C:\Users\yqh\AppData\Local\Temp\ccOJE8nN.s 			page 31


 1586 0077 30       		.byte	0x30
 1587 0078 9F       		.byte	0x9f
 1588 0079 00000000 		.4byte	0
 1589 007d 00000000 		.4byte	0
 1590              	.LLST3:
 1591 0081 00000000 		.4byte	.LVL12
 1592 0085 09000000 		.4byte	.LVL13-1
 1593 0089 0100     		.2byte	0x1
 1594 008b 50       		.byte	0x50
 1595 008c 09000000 		.4byte	.LVL13-1
 1596 0090 62000000 		.4byte	.LVL21
 1597 0094 0100     		.2byte	0x1
 1598 0096 56       		.byte	0x56
 1599 0097 62000000 		.4byte	.LVL21
 1600 009b 96000000 		.4byte	.LVL28
 1601 009f 0400     		.2byte	0x4
 1602 00a1 F3       		.byte	0xf3
 1603 00a2 01       		.uleb128 0x1
 1604 00a3 50       		.byte	0x50
 1605 00a4 9F       		.byte	0x9f
 1606 00a5 96000000 		.4byte	.LVL28
 1607 00a9 98000000 		.4byte	.LVL29
 1608 00ad 0100     		.2byte	0x1
 1609 00af 56       		.byte	0x56
 1610 00b0 98000000 		.4byte	.LVL29
 1611 00b4 AC000000 		.4byte	.LFE64
 1612 00b8 0400     		.2byte	0x4
 1613 00ba F3       		.byte	0xf3
 1614 00bb 01       		.uleb128 0x1
 1615 00bc 50       		.byte	0x50
 1616 00bd 9F       		.byte	0x9f
 1617 00be 00000000 		.4byte	0
 1618 00c2 00000000 		.4byte	0
 1619              	.LLST4:
 1620 00c6 00000000 		.4byte	.LVL12
 1621 00ca 20000000 		.4byte	.LVL15
 1622 00ce 0200     		.2byte	0x2
 1623 00d0 30       		.byte	0x30
 1624 00d1 9F       		.byte	0x9f
 1625 00d2 20000000 		.4byte	.LVL15
 1626 00d6 4C000000 		.4byte	.LVL19
 1627 00da 0100     		.2byte	0x1
 1628 00dc 55       		.byte	0x55
 1629 00dd 96000000 		.4byte	.LVL28
 1630 00e1 98000000 		.4byte	.LVL29
 1631 00e5 0100     		.2byte	0x1
 1632 00e7 55       		.byte	0x55
 1633 00e8 00000000 		.4byte	0
 1634 00ec 00000000 		.4byte	0
 1635              	.LLST5:
 1636 00f0 2C000000 		.4byte	.LVL17
 1637 00f4 3C000000 		.4byte	.LVL18
 1638 00f8 0100     		.2byte	0x1
 1639 00fa 50       		.byte	0x50
 1640 00fb 00000000 		.4byte	0
 1641 00ff 00000000 		.4byte	0
 1642              	.LLST6:
ARM GAS  C:\Users\yqh\AppData\Local\Temp\ccOJE8nN.s 			page 32


 1643 0103 00000000 		.4byte	.LVL12
 1644 0107 8C000000 		.4byte	.LVL26
 1645 010b 0200     		.2byte	0x2
 1646 010d 30       		.byte	0x30
 1647 010e 9F       		.byte	0x9f
 1648 010f 8C000000 		.4byte	.LVL26
 1649 0113 92000000 		.4byte	.LVL27
 1650 0117 0200     		.2byte	0x2
 1651 0119 31       		.byte	0x31
 1652 011a 9F       		.byte	0x9f
 1653 011b 92000000 		.4byte	.LVL27
 1654 011f 96000000 		.4byte	.LVL28
 1655 0123 0100     		.2byte	0x1
 1656 0125 54       		.byte	0x54
 1657 0126 96000000 		.4byte	.LVL28
 1658 012a 98000000 		.4byte	.LVL29
 1659 012e 0200     		.2byte	0x2
 1660 0130 30       		.byte	0x30
 1661 0131 9F       		.byte	0x9f
 1662 0132 00000000 		.4byte	0
 1663 0136 00000000 		.4byte	0
 1664              	.LLST7:
 1665 013a 62000000 		.4byte	.LVL21
 1666 013e 6E000000 		.4byte	.LVL22
 1667 0142 0100     		.2byte	0x1
 1668 0144 54       		.byte	0x54
 1669 0145 6E000000 		.4byte	.LVL22
 1670 0149 72000000 		.4byte	.LVL23
 1671 014d 0300     		.2byte	0x3
 1672 014f 74       		.byte	0x74
 1673 0150 7F       		.sleb128 -1
 1674 0151 9F       		.byte	0x9f
 1675 0152 72000000 		.4byte	.LVL23
 1676 0156 80000000 		.4byte	.LVL25
 1677 015a 0100     		.2byte	0x1
 1678 015c 54       		.byte	0x54
 1679 015d 00000000 		.4byte	0
 1680 0161 00000000 		.4byte	0
 1681              	.LLST8:
 1682 0165 00000000 		.4byte	.LVL30
 1683 0169 18000000 		.4byte	.LVL31
 1684 016d 0100     		.2byte	0x1
 1685 016f 50       		.byte	0x50
 1686 0170 18000000 		.4byte	.LVL31
 1687 0174 1A000000 		.4byte	.LVL32
 1688 0178 0400     		.2byte	0x4
 1689 017a F3       		.byte	0xf3
 1690 017b 01       		.uleb128 0x1
 1691 017c 50       		.byte	0x50
 1692 017d 9F       		.byte	0x9f
 1693 017e 1A000000 		.4byte	.LVL32
 1694 0182 1C000000 		.4byte	.LVL33
 1695 0186 0100     		.2byte	0x1
 1696 0188 50       		.byte	0x50
 1697 0189 1C000000 		.4byte	.LVL33
 1698 018d 28000000 		.4byte	.LFE65
 1699 0191 0400     		.2byte	0x4
ARM GAS  C:\Users\yqh\AppData\Local\Temp\ccOJE8nN.s 			page 33


 1700 0193 F3       		.byte	0xf3
 1701 0194 01       		.uleb128 0x1
 1702 0195 50       		.byte	0x50
 1703 0196 9F       		.byte	0x9f
 1704 0197 00000000 		.4byte	0
 1705 019b 00000000 		.4byte	0
 1706              		.section	.debug_aranges,"",%progbits
 1707 0000 2C000000 		.4byte	0x2c
 1708 0004 0200     		.2byte	0x2
 1709 0006 00000000 		.4byte	.Ldebug_info0
 1710 000a 04       		.byte	0x4
 1711 000b 00       		.byte	0
 1712 000c 0000     		.2byte	0
 1713 000e 0000     		.2byte	0
 1714 0010 00000000 		.4byte	.LFB63
 1715 0014 38000000 		.4byte	.LFE63-.LFB63
 1716 0018 00000000 		.4byte	.LFB64
 1717 001c AC000000 		.4byte	.LFE64-.LFB64
 1718 0020 00000000 		.4byte	.LFB65
 1719 0024 28000000 		.4byte	.LFE65-.LFB65
 1720 0028 00000000 		.4byte	0
 1721 002c 00000000 		.4byte	0
 1722              		.section	.debug_ranges,"",%progbits
 1723              	.Ldebug_ranges0:
 1724 0000 00000000 		.4byte	.LFB63
 1725 0004 38000000 		.4byte	.LFE63
 1726 0008 00000000 		.4byte	.LFB64
 1727 000c AC000000 		.4byte	.LFE64
 1728 0010 00000000 		.4byte	.LFB65
 1729 0014 28000000 		.4byte	.LFE65
 1730 0018 00000000 		.4byte	0
 1731 001c 00000000 		.4byte	0
 1732              		.section	.debug_line,"",%progbits
 1733              	.Ldebug_line0:
 1734 0000 4C020000 		.section	.debug_str,"MS",%progbits,1
 1734      0200B701 
 1734      00000201 
 1734      FB0E0D00 
 1734      01010101 
 1735              	.LASF80:
 1736 0000 55415254 		.ascii	"UART_1_ClearRxBuffer\000"
 1736      5F315F43 
 1736      6C656172 
 1736      52784275 
 1736      66666572 
 1737              	.LASF60:
 1738 0015 53657475 		.ascii	"SetupUART\000"
 1738      70554152 
 1738      5400
 1739              	.LASF78:
 1740 001f 55415254 		.ascii	"UART_1_GetChar\000"
 1740      5F315F47 
 1740      65744368 
 1740      617200
 1741              	.LASF46:
 1742 002e 6F736470 		.ascii	"osdp_status\000"
 1742      5F737461 
ARM GAS  C:\Users\yqh\AppData\Local\Temp\ccOJE8nN.s 			page 34


 1742      74757300 
 1743              	.LASF50:
 1744 003a 6F736470 		.ascii	"osdp_reader_cmd\000"
 1744      5F726561 
 1744      6465725F 
 1744      636D6400 
 1745              	.LASF72:
 1746 004a 4C45445F 		.ascii	"LED_GRN_Write\000"
 1746      47524E5F 
 1746      57726974 
 1746      6500
 1747              	.LASF63:
 1748 0058 4D794932 		.ascii	"MyI2C_Regs\000"
 1748      435F5265 
 1748      677300
 1749              	.LASF74:
 1750 0063 55415254 		.ascii	"UART_1_PutChar\000"
 1750      5F315F50 
 1750      75744368 
 1750      617200
 1751              	.LASF16:
 1752 0072 73697A65 		.ascii	"sizetype\000"
 1752      74797065 
 1752      00
 1753              	.LASF48:
 1754 007b 6F736470 		.ascii	"osdp_rate\000"
 1754      5F726174 
 1754      6500
 1755              	.LASF40:
 1756 0085 73656E64 		.ascii	"send_mobile\000"
 1756      5F6D6F62 
 1756      696C6500 
 1757              	.LASF35:
 1758 0091 66616374 		.ascii	"factory_reset\000"
 1758      6F72795F 
 1758      72657365 
 1758      7400
 1759              	.LASF36:
 1760 009f 64617461 		.ascii	"data_length\000"
 1760      5F6C656E 
 1760      67746800 
 1761              	.LASF49:
 1762 00ab 6F736470 		.ascii	"osdp_buffer\000"
 1762      5F627566 
 1762      66657200 
 1763              	.LASF6:
 1764 00b7 6C6F6E67 		.ascii	"long long int\000"
 1764      206C6F6E 
 1764      6720696E 
 1764      7400
 1765              	.LASF32:
 1766 00c5 6D6F6465 		.ascii	"mode\000"
 1766      00
 1767              	.LASF29:
 1768 00ca 534F4654 		.ascii	"SOFT_UART_STRUCT\000"
 1768      5F554152 
 1768      545F5354 
ARM GAS  C:\Users\yqh\AppData\Local\Temp\ccOJE8nN.s 			page 35


 1768      52554354 
 1768      00
 1769              	.LASF61:
 1770 00db 61636365 		.ascii	"accessType\000"
 1770      73735479 
 1770      706500
 1771              	.LASF2:
 1772 00e6 73686F72 		.ascii	"short int\000"
 1772      7420696E 
 1772      7400
 1773              	.LASF59:
 1774 00f0 53656E64 		.ascii	"SendPAC\000"
 1774      50414300 
 1775              	.LASF24:
 1776 00f8 72785F62 		.ascii	"rx_bits\000"
 1776      69747300 
 1777              	.LASF12:
 1778 0100 75696E74 		.ascii	"uint16\000"
 1778      313600
 1779              	.LASF38:
 1780 0107 70757368 		.ascii	"pushbtn_in\000"
 1780      62746E5F 
 1780      696E00
 1781              	.LASF11:
 1782 0112 75696E74 		.ascii	"uint8\000"
 1782      3800
 1783              	.LASF71:
 1784 0118 70617373 		.ascii	"passmode_timeout\000"
 1784      6D6F6465 
 1784      5F74696D 
 1784      656F7574 
 1784      00
 1785              	.LASF0:
 1786 0129 7369676E 		.ascii	"signed char\000"
 1786      65642063 
 1786      68617200 
 1787              	.LASF81:
 1788 0135 474E5520 		.ascii	"GNU C 4.9.3 20150303 (release) [ARM/embedded-4_9-br"
 1788      4320342E 
 1788      392E3320 
 1788      32303135 
 1788      30333033 
 1789 0168 616E6368 		.ascii	"anch revision 221220] -mcpu=cortex-m3 -mthumb -g -O"
 1789      20726576 
 1789      6973696F 
 1789      6E203232 
 1789      31323230 
 1790 019b 73202D66 		.ascii	"s -ffunction-sections -ffat-lto-objects\000"
 1790      66756E63 
 1790      74696F6E 
 1790      2D736563 
 1790      74696F6E 
 1791              	.LASF66:
 1792 01c3 74705F6F 		.ascii	"tp_old\000"
 1792      6C6400
 1793              	.LASF13:
 1794 01ca 666C6F61 		.ascii	"float\000"
ARM GAS  C:\Users\yqh\AppData\Local\Temp\ccOJE8nN.s 			page 36


 1794      7400
 1795              	.LASF70:
 1796 01d0 63617264 		.ascii	"card_in_buf\000"
 1796      5F696E5F 
 1796      62756600 
 1797              	.LASF33:
 1798 01dc 6163735F 		.ascii	"acs_outputs\000"
 1798      6F757470 
 1798      75747300 
 1799              	.LASF7:
 1800 01e8 6C6F6E67 		.ascii	"long long unsigned int\000"
 1800      206C6F6E 
 1800      6720756E 
 1800      7369676E 
 1800      65642069 
 1801              	.LASF20:
 1802 01ff 62697473 		.ascii	"bits\000"
 1802      00
 1803              	.LASF51:
 1804 0204 6F736470 		.ascii	"osdp_reader_data_length\000"
 1804      5F726561 
 1804      6465725F 
 1804      64617461 
 1804      5F6C656E 
 1805              	.LASF65:
 1806 021c 68775F6F 		.ascii	"hw_old\000"
 1806      6C6400
 1807              	.LASF69:
 1808 0223 63617264 		.ascii	"card_ack\000"
 1808      5F61636B 
 1808      00
 1809              	.LASF4:
 1810 022c 6C6F6E67 		.ascii	"long int\000"
 1810      20696E74 
 1810      00
 1811              	.LASF27:
 1812 0235 74696D65 		.ascii	"timer_rx_ctr\000"
 1812      725F7278 
 1812      5F637472 
 1812      00
 1813              	.LASF22:
 1814 0242 74785F62 		.ascii	"tx_byte\000"
 1814      79746500 
 1815              	.LASF18:
 1816 024a 70617269 		.ascii	"parity\000"
 1816      747900
 1817              	.LASF39:
 1818 0251 6D6F6269 		.ascii	"mobile_mode\000"
 1818      6C655F6D 
 1818      6F646500 
 1819              	.LASF52:
 1820 025d 6F736470 		.ascii	"osdp_reader_rate\000"
 1820      5F726561 
 1820      6465725F 
 1820      72617465 
 1820      00
 1821              	.LASF37:
ARM GAS  C:\Users\yqh\AppData\Local\Temp\ccOJE8nN.s 			page 37


 1822 026e 74616D70 		.ascii	"tamper_in\000"
 1822      65725F69 
 1822      6E00
 1823              	.LASF53:
 1824 0278 6F736470 		.ascii	"osdp_reader_buffer\000"
 1824      5F726561 
 1824      6465725F 
 1824      62756666 
 1824      657200
 1825              	.LASF17:
 1826 028b 62617564 		.ascii	"baud\000"
 1826      00
 1827              	.LASF47:
 1828 0290 6F736470 		.ascii	"osdp_data_length\000"
 1828      5F646174 
 1828      615F6C65 
 1828      6E677468 
 1828      00
 1829              	.LASF1:
 1830 02a1 756E7369 		.ascii	"unsigned char\000"
 1830      676E6564 
 1830      20636861 
 1830      7200
 1831              	.LASF83:
 1832 02af 433A5C55 		.ascii	"C:\\Users\\yqh\\Documents\\works\\NanoNXT\\Pass_TOC"
 1832      73657273 
 1832      5C797168 
 1832      5C446F63 
 1832      756D656E 
 1833 02dc 5C352E30 		.ascii	"\\5.0.3\\nanoNxt_ICM3.cydsn\000"
 1833      2E335C6E 
 1833      616E6F4E 
 1833      78745F49 
 1833      434D332E 
 1834              	.LASF58:
 1835 02f6 62797465 		.ascii	"byteCount\000"
 1835      436F756E 
 1835      7400
 1836              	.LASF25:
 1837 0300 666C6167 		.ascii	"flags\000"
 1837      7300
 1838              	.LASF79:
 1839 0306 43794465 		.ascii	"CyDelayUs\000"
 1839      6C617955 
 1839      7300
 1840              	.LASF8:
 1841 0310 756E7369 		.ascii	"unsigned int\000"
 1841      676E6564 
 1841      20696E74 
 1841      00
 1842              	.LASF19:
 1843 031d 73746F70 		.ascii	"stop_bits\000"
 1843      5F626974 
 1843      7300
 1844              	.LASF5:
 1845 0327 6C6F6E67 		.ascii	"long unsigned int\000"
 1845      20756E73 
ARM GAS  C:\Users\yqh\AppData\Local\Temp\ccOJE8nN.s 			page 38


 1845      69676E65 
 1845      6420696E 
 1845      7400
 1846              	.LASF34:
 1847 0339 6163735F 		.ascii	"acs_inputs\000"
 1847      696E7075 
 1847      747300
 1848              	.LASF28:
 1849 0344 72785F72 		.ascii	"rx_recv\000"
 1849      65637600 
 1850              	.LASF23:
 1851 034c 74785F62 		.ascii	"tx_bits\000"
 1851      69747300 
 1852              	.LASF75:
 1853 0354 54696D65 		.ascii	"Timeout_Timer_Isr_Disable\000"
 1853      6F75745F 
 1853      54696D65 
 1853      725F4973 
 1853      725F4469 
 1854              	.LASF15:
 1855 036e 63686172 		.ascii	"char\000"
 1855      00
 1856              	.LASF73:
 1857 0373 4C45445F 		.ascii	"LED_YEL_Write\000"
 1857      59454C5F 
 1857      57726974 
 1857      6500
 1858              	.LASF10:
 1859 0381 696E7433 		.ascii	"int32_t\000"
 1859      325F7400 
 1860              	.LASF64:
 1861 0389 63757272 		.ascii	"currentAccessType\000"
 1861      656E7441 
 1861      63636573 
 1861      73547970 
 1861      6500
 1862              	.LASF45:
 1863 039b 6F736470 		.ascii	"osdp_cmd\000"
 1863      5F636D64 
 1863      00
 1864              	.LASF3:
 1865 03a4 73686F72 		.ascii	"short unsigned int\000"
 1865      7420756E 
 1865      7369676E 
 1865      65642069 
 1865      6E7400
 1866              	.LASF84:
 1867 03b7 52656164 		.ascii	"ReadPAC\000"
 1867      50414300 
 1868              	.LASF21:
 1869 03bf 72785F62 		.ascii	"rx_byte\000"
 1869      79746500 
 1870              	.LASF44:
 1871 03c7 62756666 		.ascii	"buffer\000"
 1871      657200
 1872              	.LASF56:
 1873 03ce 62756670 		.ascii	"bufp\000"
ARM GAS  C:\Users\yqh\AppData\Local\Temp\ccOJE8nN.s 			page 39


 1873      00
 1874              	.LASF31:
 1875 03d3 73746174 		.ascii	"status_in\000"
 1875      75735F69 
 1875      6E00
 1876              	.LASF85:
 1877 03dd 4F707453 		.ascii	"OptSelect_Write\000"
 1877      656C6563 
 1877      745F5772 
 1877      69746500 
 1878              	.LASF55:
 1879 03ed 4932435F 		.ascii	"I2C_Regs\000"
 1879      52656773 
 1879      00
 1880              	.LASF41:
 1881 03f6 64756D6D 		.ascii	"dummy0\000"
 1881      793000
 1882              	.LASF54:
 1883 03fd 64756D6D 		.ascii	"dummy1\000"
 1883      793100
 1884              	.LASF9:
 1885 0404 5F5F696E 		.ascii	"__int32_t\000"
 1885      7433325F 
 1885      7400
 1886              	.LASF57:
 1887 040e 70617373 		.ascii	"passmode\000"
 1887      6D6F6465 
 1887      00
 1888              	.LASF30:
 1889 0417 73746174 		.ascii	"status_out\000"
 1889      75735F6F 
 1889      757400
 1890              	.LASF67:
 1891 0422 74616D70 		.ascii	"tamperCR_polarity\000"
 1891      65724352 
 1891      5F706F6C 
 1891      61726974 
 1891      7900
 1892              	.LASF42:
 1893 0434 73775F76 		.ascii	"sw_version\000"
 1893      65727369 
 1893      6F6E00
 1894              	.LASF82:
 1895 043f 69326375 		.ascii	"i2cuart.c\000"
 1895      6172742E 
 1895      6300
 1896              	.LASF14:
 1897 0449 646F7562 		.ascii	"double\000"
 1897      6C6500
 1898              	.LASF62:
 1899 0450 49544D5F 		.ascii	"ITM_RxBuffer\000"
 1899      52784275 
 1899      66666572 
 1899      00
 1900              	.LASF43:
 1901 045d 68775F76 		.ascii	"hw_version\000"
 1901      65727369 
ARM GAS  C:\Users\yqh\AppData\Local\Temp\ccOJE8nN.s 			page 40


 1901      6F6E00
 1902              	.LASF76:
 1903 0468 54696D65 		.ascii	"Timeout_Timer_Isr_Enable\000"
 1903      6F75745F 
 1903      54696D65 
 1903      725F4973 
 1903      725F456E 
 1904              	.LASF77:
 1905 0481 55415254 		.ascii	"UART_1_ReadRxStatus\000"
 1905      5F315F52 
 1905      65616452 
 1905      78537461 
 1905      74757300 
 1906              	.LASF26:
 1907 0495 74696D65 		.ascii	"timer_tx_ctr\000"
 1907      725F7478 
 1907      5F637472 
 1907      00
 1908              	.LASF68:
 1909 04a2 74616D70 		.ascii	"tamper_out_polarity\000"
 1909      65725F6F 
 1909      75745F70 
 1909      6F6C6172 
 1909      69747900 
 1910              		.ident	"GCC: (GNU Tools for ARM Embedded Processors) 4.9.3 20150303 (release) [ARM/embedded-4_9-br
