ARM GAS  C:\Users\ilya\AppData\Local\Temp\ccCwXuq2.s 			page 1


   1              		.syntax unified
   2              		.cpu cortex-m0
   3              		.fpu softvfp
   4              		.eabi_attribute 20, 1
   5              		.eabi_attribute 21, 1
   6              		.eabi_attribute 23, 3
   7              		.eabi_attribute 24, 1
   8              		.eabi_attribute 25, 1
   9              		.eabi_attribute 26, 1
  10              		.eabi_attribute 30, 6
  11              		.eabi_attribute 34, 0
  12              		.eabi_attribute 18, 4
  13              		.thumb
  14              		.syntax unified
  15              		.file	"IDAC_2.c"
  16              		.text
  17              	.Ltext0:
  18              		.cfi_sections	.debug_frame
  19              		.global	IDAC_2_initVar
  20              		.bss
  21              		.align	2
  22              		.type	IDAC_2_initVar, %object
  23              		.size	IDAC_2_initVar, 4
  24              	IDAC_2_initVar:
  25 0000 00000000 		.space	4
  26              		.section	.text.IDAC_2_Init,"ax",%progbits
  27              		.align	2
  28              		.global	IDAC_2_Init
  29              		.code	16
  30              		.thumb_func
  31              		.type	IDAC_2_Init, %function
  32              	IDAC_2_Init:
  33              	.LFB0:
  34              		.file 1 "Generated_Source\\PSoC4\\IDAC_2.c"
   1:Generated_Source\PSoC4/IDAC_2.c **** /*******************************************************************************
   2:Generated_Source\PSoC4/IDAC_2.c **** * File Name: IDAC_2.c
   3:Generated_Source\PSoC4/IDAC_2.c **** * Version 1.10
   4:Generated_Source\PSoC4/IDAC_2.c **** *
   5:Generated_Source\PSoC4/IDAC_2.c **** * Description:
   6:Generated_Source\PSoC4/IDAC_2.c **** *  This file provides the source code of APIs for the IDAC_P4 component.
   7:Generated_Source\PSoC4/IDAC_2.c **** *
   8:Generated_Source\PSoC4/IDAC_2.c **** *******************************************************************************
   9:Generated_Source\PSoC4/IDAC_2.c **** * Copyright 2013-2015, Cypress Semiconductor Corporation.  All rights reserved.
  10:Generated_Source\PSoC4/IDAC_2.c **** * You may use this file only in accordance with the license, terms, conditions,
  11:Generated_Source\PSoC4/IDAC_2.c **** * disclaimers, and limitations in the end user license agreement accompanying
  12:Generated_Source\PSoC4/IDAC_2.c **** * the software package with which this file was provided.
  13:Generated_Source\PSoC4/IDAC_2.c **** *******************************************************************************/
  14:Generated_Source\PSoC4/IDAC_2.c **** 
  15:Generated_Source\PSoC4/IDAC_2.c **** #include "IDAC_2.h"
  16:Generated_Source\PSoC4/IDAC_2.c **** 
  17:Generated_Source\PSoC4/IDAC_2.c **** uint32 IDAC_2_initVar = 0u;
  18:Generated_Source\PSoC4/IDAC_2.c **** 
  19:Generated_Source\PSoC4/IDAC_2.c **** 
  20:Generated_Source\PSoC4/IDAC_2.c **** /*******************************************************************************
  21:Generated_Source\PSoC4/IDAC_2.c **** * Function Name: IDAC_2_Init
  22:Generated_Source\PSoC4/IDAC_2.c **** ********************************************************************************
  23:Generated_Source\PSoC4/IDAC_2.c **** *
ARM GAS  C:\Users\ilya\AppData\Local\Temp\ccCwXuq2.s 			page 2


  24:Generated_Source\PSoC4/IDAC_2.c **** * Summary:
  25:Generated_Source\PSoC4/IDAC_2.c **** *  Initializes IDAC registers with initial values provided from customizer.
  26:Generated_Source\PSoC4/IDAC_2.c **** *
  27:Generated_Source\PSoC4/IDAC_2.c **** * Parameters:
  28:Generated_Source\PSoC4/IDAC_2.c **** *  None
  29:Generated_Source\PSoC4/IDAC_2.c **** *
  30:Generated_Source\PSoC4/IDAC_2.c **** * Return:
  31:Generated_Source\PSoC4/IDAC_2.c **** *  None
  32:Generated_Source\PSoC4/IDAC_2.c **** *
  33:Generated_Source\PSoC4/IDAC_2.c **** * Global variables:
  34:Generated_Source\PSoC4/IDAC_2.c **** *  None
  35:Generated_Source\PSoC4/IDAC_2.c **** *
  36:Generated_Source\PSoC4/IDAC_2.c **** *******************************************************************************/
  37:Generated_Source\PSoC4/IDAC_2.c **** void IDAC_2_Init(void)
  38:Generated_Source\PSoC4/IDAC_2.c **** {
  35              		.loc 1 38 0
  36              		.cfi_startproc
  37              		@ args = 0, pretend = 0, frame = 8
  38              		@ frame_needed = 1, uses_anonymous_args = 0
  39 0000 90B5     		push	{r4, r7, lr}
  40              		.cfi_def_cfa_offset 12
  41              		.cfi_offset 4, -12
  42              		.cfi_offset 7, -8
  43              		.cfi_offset 14, -4
  44 0002 83B0     		sub	sp, sp, #12
  45              		.cfi_def_cfa_offset 24
  46 0004 00AF     		add	r7, sp, #0
  47              		.cfi_def_cfa_register 7
  39:Generated_Source\PSoC4/IDAC_2.c ****     uint32 regVal;
  40:Generated_Source\PSoC4/IDAC_2.c ****     uint8 enableInterrupts;
  41:Generated_Source\PSoC4/IDAC_2.c **** 
  42:Generated_Source\PSoC4/IDAC_2.c ****     /* Set initial configuration */
  43:Generated_Source\PSoC4/IDAC_2.c ****     enableInterrupts = CyEnterCriticalSection();
  48              		.loc 1 43 0
  49 0006 FC1D     		adds	r4, r7, #7
  50 0008 FFF7FEFF 		bl	CyEnterCriticalSection
  51 000c 0300     		movs	r3, r0
  52 000e 2370     		strb	r3, [r4]
  44:Generated_Source\PSoC4/IDAC_2.c ****     
  45:Generated_Source\PSoC4/IDAC_2.c ****     #if(IDAC_2_MODE_SOURCE == IDAC_2_IDAC_POLARITY)
  46:Generated_Source\PSoC4/IDAC_2.c ****         regVal  = IDAC_2_CSD_TRIM1_REG & ~(IDAC_2_CSD_IDAC_TRIM1_MASK);
  53              		.loc 1 46 0
  54 0010 174B     		ldr	r3, .L2
  55 0012 1B68     		ldr	r3, [r3]
  56 0014 0F22     		movs	r2, #15
  57 0016 9343     		bics	r3, r2
  58 0018 3B60     		str	r3, [r7]
  47:Generated_Source\PSoC4/IDAC_2.c ****         regVal |=  (IDAC_2_SFLASH_TRIM1_REG & IDAC_2_CSD_IDAC_TRIM1_MASK);
  59              		.loc 1 47 0
  60 001a 164B     		ldr	r3, .L2+4
  61 001c 1B78     		ldrb	r3, [r3]
  62 001e DBB2     		uxtb	r3, r3
  63 0020 1A00     		movs	r2, r3
  64 0022 0F23     		movs	r3, #15
  65 0024 1340     		ands	r3, r2
  66 0026 3A68     		ldr	r2, [r7]
  67 0028 1343     		orrs	r3, r2
ARM GAS  C:\Users\ilya\AppData\Local\Temp\ccCwXuq2.s 			page 3


  68 002a 3B60     		str	r3, [r7]
  48:Generated_Source\PSoC4/IDAC_2.c ****         IDAC_2_CSD_TRIM1_REG = regVal;
  69              		.loc 1 48 0
  70 002c 104B     		ldr	r3, .L2
  71 002e 3A68     		ldr	r2, [r7]
  72 0030 1A60     		str	r2, [r3]
  49:Generated_Source\PSoC4/IDAC_2.c ****     #else
  50:Generated_Source\PSoC4/IDAC_2.c ****         regVal  = IDAC_2_CSD_TRIM2_REG & ~(IDAC_2_CSD_IDAC_TRIM2_MASK);
  51:Generated_Source\PSoC4/IDAC_2.c ****         regVal |=  (IDAC_2_SFLASH_TRIM2_REG & IDAC_2_CSD_IDAC_TRIM2_MASK);
  52:Generated_Source\PSoC4/IDAC_2.c ****         IDAC_2_CSD_TRIM2_REG = regVal;
  53:Generated_Source\PSoC4/IDAC_2.c ****     #endif /* (IDAC_2_MODE_SOURCE == IDAC_2_IDAC_POLARITY) */
  54:Generated_Source\PSoC4/IDAC_2.c **** 
  55:Generated_Source\PSoC4/IDAC_2.c ****     /* clear previous values */
  56:Generated_Source\PSoC4/IDAC_2.c ****     IDAC_2_IDAC_CONTROL_REG &= ((uint32)~((uint32)IDAC_2_IDAC_VALUE_MASK <<
  73              		.loc 1 56 0
  74 0032 114B     		ldr	r3, .L2+8
  75 0034 104A     		ldr	r2, .L2+8
  76 0036 1268     		ldr	r2, [r2]
  77 0038 1A60     		str	r2, [r3]
  57:Generated_Source\PSoC4/IDAC_2.c ****         IDAC_2_IDAC_VALUE_POSITION)) | ((uint32)~((uint32)IDAC_2_IDAC_MODE_MASK <<
  58:Generated_Source\PSoC4/IDAC_2.c ****         IDAC_2_IDAC_MODE_POSITION))  | ((uint32)~((uint32)IDAC_2_IDAC_RANGE_MASK  <<
  59:Generated_Source\PSoC4/IDAC_2.c ****         IDAC_2_IDAC_RANGE_POSITION));
  60:Generated_Source\PSoC4/IDAC_2.c **** 
  61:Generated_Source\PSoC4/IDAC_2.c ****     IDAC_2_IDAC_POLARITY_CONTROL_REG &= (~(uint32)((uint32)IDAC_2_IDAC_POLARITY_MASK <<
  78              		.loc 1 61 0
  79 003a 104B     		ldr	r3, .L2+12
  80 003c 0F4A     		ldr	r2, .L2+12
  81 003e 1268     		ldr	r2, [r2]
  82 0040 0F49     		ldr	r1, .L2+16
  83 0042 0A40     		ands	r2, r1
  84 0044 1A60     		str	r2, [r3]
  62:Generated_Source\PSoC4/IDAC_2.c ****         IDAC_2_IDAC_POLARITY_POSITION));
  63:Generated_Source\PSoC4/IDAC_2.c **** 
  64:Generated_Source\PSoC4/IDAC_2.c ****     /* set new configuration */
  65:Generated_Source\PSoC4/IDAC_2.c ****     IDAC_2_IDAC_CONTROL_REG |= (((uint32)IDAC_2_IDAC_INIT_VALUE <<
  85              		.loc 1 65 0
  86 0046 0C4B     		ldr	r3, .L2+8
  87 0048 0B4A     		ldr	r2, .L2+8
  88 004a 1268     		ldr	r2, [r2]
  89 004c 8F21     		movs	r1, #143
  90 004e C900     		lsls	r1, r1, #3
  91 0050 0A43     		orrs	r2, r1
  92 0052 1A60     		str	r2, [r3]
  66:Generated_Source\PSoC4/IDAC_2.c ****         IDAC_2_IDAC_VALUE_POSITION) | ((uint32)IDAC_2_IDAC_RANGE <<
  67:Generated_Source\PSoC4/IDAC_2.c ****         IDAC_2_IDAC_RANGE_POSITION));
  68:Generated_Source\PSoC4/IDAC_2.c **** 
  69:Generated_Source\PSoC4/IDAC_2.c ****     IDAC_2_IDAC_POLARITY_CONTROL_REG |= ((uint32)IDAC_2_IDAC_POLARITY <<
  93              		.loc 1 69 0
  94 0054 094B     		ldr	r3, .L2+12
  95 0056 094A     		ldr	r2, .L2+12
  96 0058 1268     		ldr	r2, [r2]
  97 005a 1A60     		str	r2, [r3]
  70:Generated_Source\PSoC4/IDAC_2.c ****                                                            IDAC_2_IDAC_POLARITY_POSITION);
  71:Generated_Source\PSoC4/IDAC_2.c **** 
  72:Generated_Source\PSoC4/IDAC_2.c ****     CyExitCriticalSection(enableInterrupts);
  98              		.loc 1 72 0
  99 005c FB1D     		adds	r3, r7, #7
ARM GAS  C:\Users\ilya\AppData\Local\Temp\ccCwXuq2.s 			page 4


 100 005e 1B78     		ldrb	r3, [r3]
 101 0060 1800     		movs	r0, r3
 102 0062 FFF7FEFF 		bl	CyExitCriticalSection
  73:Generated_Source\PSoC4/IDAC_2.c **** 
  74:Generated_Source\PSoC4/IDAC_2.c **** }
 103              		.loc 1 74 0
 104 0066 C046     		nop
 105 0068 BD46     		mov	sp, r7
 106 006a 03B0     		add	sp, sp, #12
 107              		@ sp needed
 108 006c 90BD     		pop	{r4, r7, pc}
 109              	.L3:
 110 006e C046     		.align	2
 111              	.L2:
 112 0070 00FF0840 		.word	1074331392
 113 0074 60F1FF0F 		.word	268431712
 114 0078 08000840 		.word	1074266120
 115 007c 04000840 		.word	1074266116
 116 0080 FFFFFEFF 		.word	-65537
 117              		.cfi_endproc
 118              	.LFE0:
 119              		.size	IDAC_2_Init, .-IDAC_2_Init
 120              		.section	.text.IDAC_2_Enable,"ax",%progbits
 121              		.align	2
 122              		.global	IDAC_2_Enable
 123              		.code	16
 124              		.thumb_func
 125              		.type	IDAC_2_Enable, %function
 126              	IDAC_2_Enable:
 127              	.LFB1:
  75:Generated_Source\PSoC4/IDAC_2.c **** 
  76:Generated_Source\PSoC4/IDAC_2.c **** 
  77:Generated_Source\PSoC4/IDAC_2.c **** /*******************************************************************************
  78:Generated_Source\PSoC4/IDAC_2.c **** * Function Name: IDAC_2_Enable
  79:Generated_Source\PSoC4/IDAC_2.c **** ********************************************************************************
  80:Generated_Source\PSoC4/IDAC_2.c **** *
  81:Generated_Source\PSoC4/IDAC_2.c **** * Summary:
  82:Generated_Source\PSoC4/IDAC_2.c **** *  Enables IDAC operations.
  83:Generated_Source\PSoC4/IDAC_2.c **** *
  84:Generated_Source\PSoC4/IDAC_2.c **** * Parameters:
  85:Generated_Source\PSoC4/IDAC_2.c **** *  None
  86:Generated_Source\PSoC4/IDAC_2.c **** *
  87:Generated_Source\PSoC4/IDAC_2.c **** * Return:
  88:Generated_Source\PSoC4/IDAC_2.c **** *  None
  89:Generated_Source\PSoC4/IDAC_2.c **** *
  90:Generated_Source\PSoC4/IDAC_2.c **** * Global variables:
  91:Generated_Source\PSoC4/IDAC_2.c **** *  None
  92:Generated_Source\PSoC4/IDAC_2.c **** *
  93:Generated_Source\PSoC4/IDAC_2.c **** *******************************************************************************/
  94:Generated_Source\PSoC4/IDAC_2.c **** void IDAC_2_Enable(void)
  95:Generated_Source\PSoC4/IDAC_2.c **** {
 128              		.loc 1 95 0
 129              		.cfi_startproc
 130              		@ args = 0, pretend = 0, frame = 8
 131              		@ frame_needed = 1, uses_anonymous_args = 0
 132 0000 90B5     		push	{r4, r7, lr}
 133              		.cfi_def_cfa_offset 12
ARM GAS  C:\Users\ilya\AppData\Local\Temp\ccCwXuq2.s 			page 5


 134              		.cfi_offset 4, -12
 135              		.cfi_offset 7, -8
 136              		.cfi_offset 14, -4
 137 0002 83B0     		sub	sp, sp, #12
 138              		.cfi_def_cfa_offset 24
 139 0004 00AF     		add	r7, sp, #0
 140              		.cfi_def_cfa_register 7
  96:Generated_Source\PSoC4/IDAC_2.c ****     uint8 enableInterrupts;
  97:Generated_Source\PSoC4/IDAC_2.c **** 
  98:Generated_Source\PSoC4/IDAC_2.c ****     enableInterrupts = CyEnterCriticalSection();
 141              		.loc 1 98 0
 142 0006 FC1D     		adds	r4, r7, #7
 143 0008 FFF7FEFF 		bl	CyEnterCriticalSection
 144 000c 0300     		movs	r3, r0
 145 000e 2370     		strb	r3, [r4]
  99:Generated_Source\PSoC4/IDAC_2.c **** 
 100:Generated_Source\PSoC4/IDAC_2.c ****     /* Enable the IDAC */
 101:Generated_Source\PSoC4/IDAC_2.c ****     IDAC_2_IDAC_CONTROL_REG |= ((uint32)IDAC_2_IDAC_EN_MODE <<
 146              		.loc 1 101 0
 147 0010 0B4B     		ldr	r3, .L5
 148 0012 0B4A     		ldr	r2, .L5
 149 0014 1268     		ldr	r2, [r2]
 150 0016 C021     		movs	r1, #192
 151 0018 8900     		lsls	r1, r1, #2
 152 001a 0A43     		orrs	r2, r1
 153 001c 1A60     		str	r2, [r3]
 102:Generated_Source\PSoC4/IDAC_2.c ****                                                   IDAC_2_IDAC_MODE_POSITION);
 103:Generated_Source\PSoC4/IDAC_2.c ****     IDAC_2_IDAC_POLARITY_CONTROL_REG |= ((uint32)IDAC_2_IDAC_CSD_EN <<
 154              		.loc 1 103 0
 155 001e 094B     		ldr	r3, .L5+4
 156 0020 084A     		ldr	r2, .L5+4
 157 0022 1268     		ldr	r2, [r2]
 158 0024 8021     		movs	r1, #128
 159 0026 0906     		lsls	r1, r1, #24
 160 0028 0A43     		orrs	r2, r1
 161 002a 1A60     		str	r2, [r3]
 104:Generated_Source\PSoC4/IDAC_2.c ****                                                            IDAC_2_IDAC_CSD_EN_POSITION);
 105:Generated_Source\PSoC4/IDAC_2.c ****     CyExitCriticalSection(enableInterrupts);
 162              		.loc 1 105 0
 163 002c FB1D     		adds	r3, r7, #7
 164 002e 1B78     		ldrb	r3, [r3]
 165 0030 1800     		movs	r0, r3
 166 0032 FFF7FEFF 		bl	CyExitCriticalSection
 106:Generated_Source\PSoC4/IDAC_2.c **** 
 107:Generated_Source\PSoC4/IDAC_2.c **** }
 167              		.loc 1 107 0
 168 0036 C046     		nop
 169 0038 BD46     		mov	sp, r7
 170 003a 03B0     		add	sp, sp, #12
 171              		@ sp needed
 172 003c 90BD     		pop	{r4, r7, pc}
 173              	.L6:
 174 003e C046     		.align	2
 175              	.L5:
 176 0040 08000840 		.word	1074266120
 177 0044 04000840 		.word	1074266116
 178              		.cfi_endproc
ARM GAS  C:\Users\ilya\AppData\Local\Temp\ccCwXuq2.s 			page 6


 179              	.LFE1:
 180              		.size	IDAC_2_Enable, .-IDAC_2_Enable
 181              		.section	.text.IDAC_2_Start,"ax",%progbits
 182              		.align	2
 183              		.global	IDAC_2_Start
 184              		.code	16
 185              		.thumb_func
 186              		.type	IDAC_2_Start, %function
 187              	IDAC_2_Start:
 188              	.LFB2:
 108:Generated_Source\PSoC4/IDAC_2.c **** 
 109:Generated_Source\PSoC4/IDAC_2.c **** 
 110:Generated_Source\PSoC4/IDAC_2.c **** /*******************************************************************************
 111:Generated_Source\PSoC4/IDAC_2.c **** * Function Name: IDAC_2_Start
 112:Generated_Source\PSoC4/IDAC_2.c **** ********************************************************************************
 113:Generated_Source\PSoC4/IDAC_2.c **** *
 114:Generated_Source\PSoC4/IDAC_2.c **** * Summary:
 115:Generated_Source\PSoC4/IDAC_2.c **** *  Starts the IDAC hardware.
 116:Generated_Source\PSoC4/IDAC_2.c **** *
 117:Generated_Source\PSoC4/IDAC_2.c **** * Parameters:
 118:Generated_Source\PSoC4/IDAC_2.c **** *  None
 119:Generated_Source\PSoC4/IDAC_2.c **** *
 120:Generated_Source\PSoC4/IDAC_2.c **** * Return:
 121:Generated_Source\PSoC4/IDAC_2.c **** *  None
 122:Generated_Source\PSoC4/IDAC_2.c **** *
 123:Generated_Source\PSoC4/IDAC_2.c **** * Global variables:
 124:Generated_Source\PSoC4/IDAC_2.c **** *  IDAC_2_initVar
 125:Generated_Source\PSoC4/IDAC_2.c **** *
 126:Generated_Source\PSoC4/IDAC_2.c **** *******************************************************************************/
 127:Generated_Source\PSoC4/IDAC_2.c **** void IDAC_2_Start(void)
 128:Generated_Source\PSoC4/IDAC_2.c **** {
 189              		.loc 1 128 0
 190              		.cfi_startproc
 191              		@ args = 0, pretend = 0, frame = 0
 192              		@ frame_needed = 1, uses_anonymous_args = 0
 193 0000 80B5     		push	{r7, lr}
 194              		.cfi_def_cfa_offset 8
 195              		.cfi_offset 7, -8
 196              		.cfi_offset 14, -4
 197 0002 00AF     		add	r7, sp, #0
 198              		.cfi_def_cfa_register 7
 129:Generated_Source\PSoC4/IDAC_2.c ****     if(0u == IDAC_2_initVar)
 199              		.loc 1 129 0
 200 0004 064B     		ldr	r3, .L9
 201 0006 1B68     		ldr	r3, [r3]
 202 0008 002B     		cmp	r3, #0
 203 000a 04D1     		bne	.L8
 130:Generated_Source\PSoC4/IDAC_2.c ****     {
 131:Generated_Source\PSoC4/IDAC_2.c ****         IDAC_2_Init();
 204              		.loc 1 131 0
 205 000c FFF7FEFF 		bl	IDAC_2_Init
 132:Generated_Source\PSoC4/IDAC_2.c ****         IDAC_2_initVar = 1u;
 206              		.loc 1 132 0
 207 0010 034B     		ldr	r3, .L9
 208 0012 0122     		movs	r2, #1
 209 0014 1A60     		str	r2, [r3]
 210              	.L8:
ARM GAS  C:\Users\ilya\AppData\Local\Temp\ccCwXuq2.s 			page 7


 133:Generated_Source\PSoC4/IDAC_2.c ****     }
 134:Generated_Source\PSoC4/IDAC_2.c **** 
 135:Generated_Source\PSoC4/IDAC_2.c ****     IDAC_2_Enable();
 211              		.loc 1 135 0
 212 0016 FFF7FEFF 		bl	IDAC_2_Enable
 136:Generated_Source\PSoC4/IDAC_2.c **** 
 137:Generated_Source\PSoC4/IDAC_2.c **** }
 213              		.loc 1 137 0
 214 001a C046     		nop
 215 001c BD46     		mov	sp, r7
 216              		@ sp needed
 217 001e 80BD     		pop	{r7, pc}
 218              	.L10:
 219              		.align	2
 220              	.L9:
 221 0020 00000000 		.word	IDAC_2_initVar
 222              		.cfi_endproc
 223              	.LFE2:
 224              		.size	IDAC_2_Start, .-IDAC_2_Start
 225              		.section	.text.IDAC_2_Stop,"ax",%progbits
 226              		.align	2
 227              		.global	IDAC_2_Stop
 228              		.code	16
 229              		.thumb_func
 230              		.type	IDAC_2_Stop, %function
 231              	IDAC_2_Stop:
 232              	.LFB3:
 138:Generated_Source\PSoC4/IDAC_2.c **** 
 139:Generated_Source\PSoC4/IDAC_2.c **** 
 140:Generated_Source\PSoC4/IDAC_2.c **** /*******************************************************************************
 141:Generated_Source\PSoC4/IDAC_2.c **** * Function Name: IDAC_2_Stop
 142:Generated_Source\PSoC4/IDAC_2.c **** ********************************************************************************
 143:Generated_Source\PSoC4/IDAC_2.c **** *
 144:Generated_Source\PSoC4/IDAC_2.c **** * Summary:
 145:Generated_Source\PSoC4/IDAC_2.c **** *  Stops the IDAC hardware.
 146:Generated_Source\PSoC4/IDAC_2.c **** *
 147:Generated_Source\PSoC4/IDAC_2.c **** * Parameters:
 148:Generated_Source\PSoC4/IDAC_2.c **** *  None
 149:Generated_Source\PSoC4/IDAC_2.c **** *
 150:Generated_Source\PSoC4/IDAC_2.c **** * Return:
 151:Generated_Source\PSoC4/IDAC_2.c **** *  None
 152:Generated_Source\PSoC4/IDAC_2.c **** *
 153:Generated_Source\PSoC4/IDAC_2.c **** * Global variables:
 154:Generated_Source\PSoC4/IDAC_2.c **** *  None
 155:Generated_Source\PSoC4/IDAC_2.c **** *
 156:Generated_Source\PSoC4/IDAC_2.c **** *******************************************************************************/
 157:Generated_Source\PSoC4/IDAC_2.c **** void IDAC_2_Stop(void)
 158:Generated_Source\PSoC4/IDAC_2.c **** {
 233              		.loc 1 158 0
 234              		.cfi_startproc
 235              		@ args = 0, pretend = 0, frame = 8
 236              		@ frame_needed = 1, uses_anonymous_args = 0
 237 0000 90B5     		push	{r4, r7, lr}
 238              		.cfi_def_cfa_offset 12
 239              		.cfi_offset 4, -12
 240              		.cfi_offset 7, -8
 241              		.cfi_offset 14, -4
ARM GAS  C:\Users\ilya\AppData\Local\Temp\ccCwXuq2.s 			page 8


 242 0002 83B0     		sub	sp, sp, #12
 243              		.cfi_def_cfa_offset 24
 244 0004 00AF     		add	r7, sp, #0
 245              		.cfi_def_cfa_register 7
 159:Generated_Source\PSoC4/IDAC_2.c ****     uint8 enableInterrupts;
 160:Generated_Source\PSoC4/IDAC_2.c **** 
 161:Generated_Source\PSoC4/IDAC_2.c ****     enableInterrupts = CyEnterCriticalSection();
 246              		.loc 1 161 0
 247 0006 FC1D     		adds	r4, r7, #7
 248 0008 FFF7FEFF 		bl	CyEnterCriticalSection
 249 000c 0300     		movs	r3, r0
 250 000e 2370     		strb	r3, [r4]
 162:Generated_Source\PSoC4/IDAC_2.c **** 
 163:Generated_Source\PSoC4/IDAC_2.c ****     /* Disable the IDAC */
 164:Generated_Source\PSoC4/IDAC_2.c ****     IDAC_2_IDAC_CONTROL_REG &= ((uint32)~((uint32)IDAC_2_IDAC_MODE_MASK <<
 251              		.loc 1 164 0
 252 0010 074B     		ldr	r3, .L12
 253 0012 074A     		ldr	r2, .L12
 254 0014 1268     		ldr	r2, [r2]
 255 0016 0749     		ldr	r1, .L12+4
 256 0018 0A40     		ands	r2, r1
 257 001a 1A60     		str	r2, [r3]
 165:Generated_Source\PSoC4/IDAC_2.c ****         IDAC_2_IDAC_MODE_POSITION));
 166:Generated_Source\PSoC4/IDAC_2.c ****     CyExitCriticalSection(enableInterrupts);
 258              		.loc 1 166 0
 259 001c FB1D     		adds	r3, r7, #7
 260 001e 1B78     		ldrb	r3, [r3]
 261 0020 1800     		movs	r0, r3
 262 0022 FFF7FEFF 		bl	CyExitCriticalSection
 167:Generated_Source\PSoC4/IDAC_2.c **** }
 263              		.loc 1 167 0
 264 0026 C046     		nop
 265 0028 BD46     		mov	sp, r7
 266 002a 03B0     		add	sp, sp, #12
 267              		@ sp needed
 268 002c 90BD     		pop	{r4, r7, pc}
 269              	.L13:
 270 002e C046     		.align	2
 271              	.L12:
 272 0030 08000840 		.word	1074266120
 273 0034 FFFCFFFF 		.word	-769
 274              		.cfi_endproc
 275              	.LFE3:
 276              		.size	IDAC_2_Stop, .-IDAC_2_Stop
 277              		.section	.text.IDAC_2_SetValue,"ax",%progbits
 278              		.align	2
 279              		.global	IDAC_2_SetValue
 280              		.code	16
 281              		.thumb_func
 282              		.type	IDAC_2_SetValue, %function
 283              	IDAC_2_SetValue:
 284              	.LFB4:
 168:Generated_Source\PSoC4/IDAC_2.c **** 
 169:Generated_Source\PSoC4/IDAC_2.c **** 
 170:Generated_Source\PSoC4/IDAC_2.c **** /*******************************************************************************
 171:Generated_Source\PSoC4/IDAC_2.c **** * Function Name: IDAC_2_SetValue
 172:Generated_Source\PSoC4/IDAC_2.c **** ********************************************************************************
ARM GAS  C:\Users\ilya\AppData\Local\Temp\ccCwXuq2.s 			page 9


 173:Generated_Source\PSoC4/IDAC_2.c **** *
 174:Generated_Source\PSoC4/IDAC_2.c **** * Summary:
 175:Generated_Source\PSoC4/IDAC_2.c **** *  Sets the IDAC value.
 176:Generated_Source\PSoC4/IDAC_2.c **** *
 177:Generated_Source\PSoC4/IDAC_2.c **** * Parameters:
 178:Generated_Source\PSoC4/IDAC_2.c **** *  uint32 value
 179:Generated_Source\PSoC4/IDAC_2.c **** *
 180:Generated_Source\PSoC4/IDAC_2.c **** * Return:
 181:Generated_Source\PSoC4/IDAC_2.c **** *  None
 182:Generated_Source\PSoC4/IDAC_2.c **** *
 183:Generated_Source\PSoC4/IDAC_2.c **** * Global variables:
 184:Generated_Source\PSoC4/IDAC_2.c **** *  None
 185:Generated_Source\PSoC4/IDAC_2.c **** *
 186:Generated_Source\PSoC4/IDAC_2.c **** *******************************************************************************/
 187:Generated_Source\PSoC4/IDAC_2.c **** void IDAC_2_SetValue(uint32 value)
 188:Generated_Source\PSoC4/IDAC_2.c **** {
 285              		.loc 1 188 0
 286              		.cfi_startproc
 287              		@ args = 0, pretend = 0, frame = 16
 288              		@ frame_needed = 1, uses_anonymous_args = 0
 289 0000 90B5     		push	{r4, r7, lr}
 290              		.cfi_def_cfa_offset 12
 291              		.cfi_offset 4, -12
 292              		.cfi_offset 7, -8
 293              		.cfi_offset 14, -4
 294 0002 85B0     		sub	sp, sp, #20
 295              		.cfi_def_cfa_offset 32
 296 0004 00AF     		add	r7, sp, #0
 297              		.cfi_def_cfa_register 7
 298 0006 7860     		str	r0, [r7, #4]
 189:Generated_Source\PSoC4/IDAC_2.c ****     uint8 enableInterrupts;
 190:Generated_Source\PSoC4/IDAC_2.c ****     uint32 newRegisterValue;
 191:Generated_Source\PSoC4/IDAC_2.c **** 
 192:Generated_Source\PSoC4/IDAC_2.c ****     enableInterrupts = CyEnterCriticalSection();
 299              		.loc 1 192 0
 300 0008 0F23     		movs	r3, #15
 301 000a FC18     		adds	r4, r7, r3
 302 000c FFF7FEFF 		bl	CyEnterCriticalSection
 303 0010 0300     		movs	r3, r0
 304 0012 2370     		strb	r3, [r4]
 193:Generated_Source\PSoC4/IDAC_2.c **** 
 194:Generated_Source\PSoC4/IDAC_2.c ****     #if(IDAC_2_IDAC_VALUE_POSITION != 0u)
 195:Generated_Source\PSoC4/IDAC_2.c ****         newRegisterValue = ((IDAC_2_IDAC_CONTROL_REG & (~(uint32)((uint32)IDAC_2_IDAC_VALUE_MASK <<
 196:Generated_Source\PSoC4/IDAC_2.c ****         IDAC_2_IDAC_VALUE_POSITION))) | (value << IDAC_2_IDAC_VALUE_POSITION));
 197:Generated_Source\PSoC4/IDAC_2.c ****     #else
 198:Generated_Source\PSoC4/IDAC_2.c ****         newRegisterValue = ((IDAC_2_IDAC_CONTROL_REG & (~(uint32)IDAC_2_IDAC_VALUE_MASK)) | value);
 305              		.loc 1 198 0
 306 0014 0A4B     		ldr	r3, .L15
 307 0016 1B68     		ldr	r3, [r3]
 308 0018 FF22     		movs	r2, #255
 309 001a 9343     		bics	r3, r2
 310 001c 1A00     		movs	r2, r3
 311 001e 7B68     		ldr	r3, [r7, #4]
 312 0020 1343     		orrs	r3, r2
 313 0022 BB60     		str	r3, [r7, #8]
 199:Generated_Source\PSoC4/IDAC_2.c ****     #endif /* IDAC_2_IDAC_VALUE_POSITION != 0u */
 200:Generated_Source\PSoC4/IDAC_2.c **** 
ARM GAS  C:\Users\ilya\AppData\Local\Temp\ccCwXuq2.s 			page 10


 201:Generated_Source\PSoC4/IDAC_2.c ****     IDAC_2_IDAC_CONTROL_REG = newRegisterValue;
 314              		.loc 1 201 0
 315 0024 064B     		ldr	r3, .L15
 316 0026 BA68     		ldr	r2, [r7, #8]
 317 0028 1A60     		str	r2, [r3]
 202:Generated_Source\PSoC4/IDAC_2.c **** 
 203:Generated_Source\PSoC4/IDAC_2.c ****     CyExitCriticalSection(enableInterrupts);
 318              		.loc 1 203 0
 319 002a 0F23     		movs	r3, #15
 320 002c FB18     		adds	r3, r7, r3
 321 002e 1B78     		ldrb	r3, [r3]
 322 0030 1800     		movs	r0, r3
 323 0032 FFF7FEFF 		bl	CyExitCriticalSection
 204:Generated_Source\PSoC4/IDAC_2.c **** }
 324              		.loc 1 204 0
 325 0036 C046     		nop
 326 0038 BD46     		mov	sp, r7
 327 003a 05B0     		add	sp, sp, #20
 328              		@ sp needed
 329 003c 90BD     		pop	{r4, r7, pc}
 330              	.L16:
 331 003e C046     		.align	2
 332              	.L15:
 333 0040 08000840 		.word	1074266120
 334              		.cfi_endproc
 335              	.LFE4:
 336              		.size	IDAC_2_SetValue, .-IDAC_2_SetValue
 337              		.text
 338              	.Letext0:
 339              		.file 2 "Generated_Source\\PSoC4\\cytypes.h"
 340              		.section	.debug_info,"",%progbits
 341              	.Ldebug_info0:
 342 0000 A1010000 		.4byte	0x1a1
 343 0004 0400     		.2byte	0x4
 344 0006 00000000 		.4byte	.Ldebug_abbrev0
 345 000a 04       		.byte	0x4
 346 000b 01       		.uleb128 0x1
 347 000c 7C000000 		.4byte	.LASF25
 348 0010 0C       		.byte	0xc
 349 0011 00000000 		.4byte	.LASF26
 350 0015 6E010000 		.4byte	.LASF27
 351 0019 00000000 		.4byte	.Ldebug_ranges0+0
 352 001d 00000000 		.4byte	0
 353 0021 00000000 		.4byte	.Ldebug_line0
 354 0025 02       		.uleb128 0x2
 355 0026 01       		.byte	0x1
 356 0027 06       		.byte	0x6
 357 0028 0F020000 		.4byte	.LASF0
 358 002c 02       		.uleb128 0x2
 359 002d 01       		.byte	0x1
 360 002e 08       		.byte	0x8
 361 002f 51000000 		.4byte	.LASF1
 362 0033 02       		.uleb128 0x2
 363 0034 02       		.byte	0x2
 364 0035 05       		.byte	0x5
 365 0036 E0010000 		.4byte	.LASF2
 366 003a 02       		.uleb128 0x2
ARM GAS  C:\Users\ilya\AppData\Local\Temp\ccCwXuq2.s 			page 11


 367 003b 02       		.byte	0x2
 368 003c 07       		.byte	0x7
 369 003d 32000000 		.4byte	.LASF3
 370 0041 02       		.uleb128 0x2
 371 0042 04       		.byte	0x4
 372 0043 05       		.byte	0x5
 373 0044 EA010000 		.4byte	.LASF4
 374 0048 02       		.uleb128 0x2
 375 0049 04       		.byte	0x4
 376 004a 07       		.byte	0x7
 377 004b 64000000 		.4byte	.LASF5
 378 004f 02       		.uleb128 0x2
 379 0050 08       		.byte	0x8
 380 0051 05       		.byte	0x5
 381 0052 CD010000 		.4byte	.LASF6
 382 0056 02       		.uleb128 0x2
 383 0057 08       		.byte	0x8
 384 0058 07       		.byte	0x7
 385 0059 4B010000 		.4byte	.LASF7
 386 005d 03       		.uleb128 0x3
 387 005e 04       		.byte	0x4
 388 005f 05       		.byte	0x5
 389 0060 696E7400 		.ascii	"int\000"
 390 0064 02       		.uleb128 0x2
 391 0065 04       		.byte	0x4
 392 0066 07       		.byte	0x7
 393 0067 3E010000 		.4byte	.LASF8
 394 006b 04       		.uleb128 0x4
 395 006c 76000000 		.4byte	.LASF9
 396 0070 02       		.byte	0x2
 397 0071 B901     		.2byte	0x1b9
 398 0073 2C000000 		.4byte	0x2c
 399 0077 04       		.uleb128 0x4
 400 0078 37010000 		.4byte	.LASF10
 401 007c 02       		.byte	0x2
 402 007d BB01     		.2byte	0x1bb
 403 007f 48000000 		.4byte	0x48
 404 0083 02       		.uleb128 0x2
 405 0084 04       		.byte	0x4
 406 0085 04       		.byte	0x4
 407 0086 26000000 		.4byte	.LASF11
 408 008a 02       		.uleb128 0x2
 409 008b 08       		.byte	0x8
 410 008c 04       		.byte	0x4
 411 008d 1B010000 		.4byte	.LASF12
 412 0091 02       		.uleb128 0x2
 413 0092 01       		.byte	0x1
 414 0093 08       		.byte	0x8
 415 0094 DB010000 		.4byte	.LASF13
 416 0098 04       		.uleb128 0x4
 417 0099 5F000000 		.4byte	.LASF14
 418 009d 02       		.byte	0x2
 419 009e 6302     		.2byte	0x263
 420 00a0 A4000000 		.4byte	0xa4
 421 00a4 05       		.uleb128 0x5
 422 00a5 6B000000 		.4byte	0x6b
 423 00a9 04       		.uleb128 0x4
ARM GAS  C:\Users\ilya\AppData\Local\Temp\ccCwXuq2.s 			page 12


 424 00aa 20000000 		.4byte	.LASF15
 425 00ae 02       		.byte	0x2
 426 00af 6502     		.2byte	0x265
 427 00b1 B5000000 		.4byte	0xb5
 428 00b5 05       		.uleb128 0x5
 429 00b6 77000000 		.4byte	0x77
 430 00ba 02       		.uleb128 0x2
 431 00bb 08       		.byte	0x8
 432 00bc 04       		.byte	0x4
 433 00bd F3010000 		.4byte	.LASF16
 434 00c1 02       		.uleb128 0x2
 435 00c2 04       		.byte	0x4
 436 00c3 07       		.byte	0x7
 437 00c4 C4010000 		.4byte	.LASF17
 438 00c8 06       		.uleb128 0x6
 439 00c9 45000000 		.4byte	.LASF20
 440 00cd 01       		.byte	0x1
 441 00ce 25       		.byte	0x25
 442 00cf 00000000 		.4byte	.LFB0
 443 00d3 84000000 		.4byte	.LFE0-.LFB0
 444 00d7 01       		.uleb128 0x1
 445 00d8 9C       		.byte	0x9c
 446 00d9 FA000000 		.4byte	0xfa
 447 00dd 07       		.uleb128 0x7
 448 00de 22010000 		.4byte	.LASF18
 449 00e2 01       		.byte	0x1
 450 00e3 27       		.byte	0x27
 451 00e4 77000000 		.4byte	0x77
 452 00e8 02       		.uleb128 0x2
 453 00e9 91       		.byte	0x91
 454 00ea 68       		.sleb128 -24
 455 00eb 07       		.uleb128 0x7
 456 00ec 0A010000 		.4byte	.LASF19
 457 00f0 01       		.byte	0x1
 458 00f1 28       		.byte	0x28
 459 00f2 6B000000 		.4byte	0x6b
 460 00f6 02       		.uleb128 0x2
 461 00f7 91       		.byte	0x91
 462 00f8 6F       		.sleb128 -17
 463 00f9 00       		.byte	0
 464 00fa 06       		.uleb128 0x6
 465 00fb 29010000 		.4byte	.LASF21
 466 00ff 01       		.byte	0x1
 467 0100 5E       		.byte	0x5e
 468 0101 00000000 		.4byte	.LFB1
 469 0105 48000000 		.4byte	.LFE1-.LFB1
 470 0109 01       		.uleb128 0x1
 471 010a 9C       		.byte	0x9c
 472 010b 1E010000 		.4byte	0x11e
 473 010f 07       		.uleb128 0x7
 474 0110 0A010000 		.4byte	.LASF19
 475 0114 01       		.byte	0x1
 476 0115 60       		.byte	0x60
 477 0116 6B000000 		.4byte	0x6b
 478 011a 02       		.uleb128 0x2
 479 011b 91       		.byte	0x91
 480 011c 6F       		.sleb128 -17
ARM GAS  C:\Users\ilya\AppData\Local\Temp\ccCwXuq2.s 			page 13


 481 011d 00       		.byte	0
 482 011e 08       		.uleb128 0x8
 483 011f 97010000 		.4byte	.LASF28
 484 0123 01       		.byte	0x1
 485 0124 7F       		.byte	0x7f
 486 0125 00000000 		.4byte	.LFB2
 487 0129 24000000 		.4byte	.LFE2-.LFB2
 488 012d 01       		.uleb128 0x1
 489 012e 9C       		.byte	0x9c
 490 012f 06       		.uleb128 0x6
 491 0130 62010000 		.4byte	.LASF22
 492 0134 01       		.byte	0x1
 493 0135 9D       		.byte	0x9d
 494 0136 00000000 		.4byte	.LFB3
 495 013a 38000000 		.4byte	.LFE3-.LFB3
 496 013e 01       		.uleb128 0x1
 497 013f 9C       		.byte	0x9c
 498 0140 53010000 		.4byte	0x153
 499 0144 07       		.uleb128 0x7
 500 0145 0A010000 		.4byte	.LASF19
 501 0149 01       		.byte	0x1
 502 014a 9F       		.byte	0x9f
 503 014b 6B000000 		.4byte	0x6b
 504 014f 02       		.uleb128 0x2
 505 0150 91       		.byte	0x91
 506 0151 6F       		.sleb128 -17
 507 0152 00       		.byte	0
 508 0153 06       		.uleb128 0x6
 509 0154 FF010000 		.4byte	.LASF23
 510 0158 01       		.byte	0x1
 511 0159 BB       		.byte	0xbb
 512 015a 00000000 		.4byte	.LFB4
 513 015e 44000000 		.4byte	.LFE4-.LFB4
 514 0162 01       		.uleb128 0x1
 515 0163 9C       		.byte	0x9c
 516 0164 93010000 		.4byte	0x193
 517 0168 09       		.uleb128 0x9
 518 0169 2C000000 		.4byte	.LASF29
 519 016d 01       		.byte	0x1
 520 016e BB       		.byte	0xbb
 521 016f 77000000 		.4byte	0x77
 522 0173 02       		.uleb128 0x2
 523 0174 91       		.byte	0x91
 524 0175 64       		.sleb128 -28
 525 0176 07       		.uleb128 0x7
 526 0177 0A010000 		.4byte	.LASF19
 527 017b 01       		.byte	0x1
 528 017c BD       		.byte	0xbd
 529 017d 6B000000 		.4byte	0x6b
 530 0181 02       		.uleb128 0x2
 531 0182 91       		.byte	0x91
 532 0183 6F       		.sleb128 -17
 533 0184 07       		.uleb128 0x7
 534 0185 A4010000 		.4byte	.LASF24
 535 0189 01       		.byte	0x1
 536 018a BE       		.byte	0xbe
 537 018b 77000000 		.4byte	0x77
ARM GAS  C:\Users\ilya\AppData\Local\Temp\ccCwXuq2.s 			page 14


 538 018f 02       		.uleb128 0x2
 539 0190 91       		.byte	0x91
 540 0191 68       		.sleb128 -24
 541 0192 00       		.byte	0
 542 0193 0A       		.uleb128 0xa
 543 0194 B5010000 		.4byte	.LASF30
 544 0198 01       		.byte	0x1
 545 0199 11       		.byte	0x11
 546 019a 77000000 		.4byte	0x77
 547 019e 05       		.uleb128 0x5
 548 019f 03       		.byte	0x3
 549 01a0 00000000 		.4byte	IDAC_2_initVar
 550 01a4 00       		.byte	0
 551              		.section	.debug_abbrev,"",%progbits
 552              	.Ldebug_abbrev0:
 553 0000 01       		.uleb128 0x1
 554 0001 11       		.uleb128 0x11
 555 0002 01       		.byte	0x1
 556 0003 25       		.uleb128 0x25
 557 0004 0E       		.uleb128 0xe
 558 0005 13       		.uleb128 0x13
 559 0006 0B       		.uleb128 0xb
 560 0007 03       		.uleb128 0x3
 561 0008 0E       		.uleb128 0xe
 562 0009 1B       		.uleb128 0x1b
 563 000a 0E       		.uleb128 0xe
 564 000b 55       		.uleb128 0x55
 565 000c 17       		.uleb128 0x17
 566 000d 11       		.uleb128 0x11
 567 000e 01       		.uleb128 0x1
 568 000f 10       		.uleb128 0x10
 569 0010 17       		.uleb128 0x17
 570 0011 00       		.byte	0
 571 0012 00       		.byte	0
 572 0013 02       		.uleb128 0x2
 573 0014 24       		.uleb128 0x24
 574 0015 00       		.byte	0
 575 0016 0B       		.uleb128 0xb
 576 0017 0B       		.uleb128 0xb
 577 0018 3E       		.uleb128 0x3e
 578 0019 0B       		.uleb128 0xb
 579 001a 03       		.uleb128 0x3
 580 001b 0E       		.uleb128 0xe
 581 001c 00       		.byte	0
 582 001d 00       		.byte	0
 583 001e 03       		.uleb128 0x3
 584 001f 24       		.uleb128 0x24
 585 0020 00       		.byte	0
 586 0021 0B       		.uleb128 0xb
 587 0022 0B       		.uleb128 0xb
 588 0023 3E       		.uleb128 0x3e
 589 0024 0B       		.uleb128 0xb
 590 0025 03       		.uleb128 0x3
 591 0026 08       		.uleb128 0x8
 592 0027 00       		.byte	0
 593 0028 00       		.byte	0
 594 0029 04       		.uleb128 0x4
ARM GAS  C:\Users\ilya\AppData\Local\Temp\ccCwXuq2.s 			page 15


 595 002a 16       		.uleb128 0x16
 596 002b 00       		.byte	0
 597 002c 03       		.uleb128 0x3
 598 002d 0E       		.uleb128 0xe
 599 002e 3A       		.uleb128 0x3a
 600 002f 0B       		.uleb128 0xb
 601 0030 3B       		.uleb128 0x3b
 602 0031 05       		.uleb128 0x5
 603 0032 49       		.uleb128 0x49
 604 0033 13       		.uleb128 0x13
 605 0034 00       		.byte	0
 606 0035 00       		.byte	0
 607 0036 05       		.uleb128 0x5
 608 0037 35       		.uleb128 0x35
 609 0038 00       		.byte	0
 610 0039 49       		.uleb128 0x49
 611 003a 13       		.uleb128 0x13
 612 003b 00       		.byte	0
 613 003c 00       		.byte	0
 614 003d 06       		.uleb128 0x6
 615 003e 2E       		.uleb128 0x2e
 616 003f 01       		.byte	0x1
 617 0040 3F       		.uleb128 0x3f
 618 0041 19       		.uleb128 0x19
 619 0042 03       		.uleb128 0x3
 620 0043 0E       		.uleb128 0xe
 621 0044 3A       		.uleb128 0x3a
 622 0045 0B       		.uleb128 0xb
 623 0046 3B       		.uleb128 0x3b
 624 0047 0B       		.uleb128 0xb
 625 0048 27       		.uleb128 0x27
 626 0049 19       		.uleb128 0x19
 627 004a 11       		.uleb128 0x11
 628 004b 01       		.uleb128 0x1
 629 004c 12       		.uleb128 0x12
 630 004d 06       		.uleb128 0x6
 631 004e 40       		.uleb128 0x40
 632 004f 18       		.uleb128 0x18
 633 0050 9642     		.uleb128 0x2116
 634 0052 19       		.uleb128 0x19
 635 0053 01       		.uleb128 0x1
 636 0054 13       		.uleb128 0x13
 637 0055 00       		.byte	0
 638 0056 00       		.byte	0
 639 0057 07       		.uleb128 0x7
 640 0058 34       		.uleb128 0x34
 641 0059 00       		.byte	0
 642 005a 03       		.uleb128 0x3
 643 005b 0E       		.uleb128 0xe
 644 005c 3A       		.uleb128 0x3a
 645 005d 0B       		.uleb128 0xb
 646 005e 3B       		.uleb128 0x3b
 647 005f 0B       		.uleb128 0xb
 648 0060 49       		.uleb128 0x49
 649 0061 13       		.uleb128 0x13
 650 0062 02       		.uleb128 0x2
 651 0063 18       		.uleb128 0x18
ARM GAS  C:\Users\ilya\AppData\Local\Temp\ccCwXuq2.s 			page 16


 652 0064 00       		.byte	0
 653 0065 00       		.byte	0
 654 0066 08       		.uleb128 0x8
 655 0067 2E       		.uleb128 0x2e
 656 0068 00       		.byte	0
 657 0069 3F       		.uleb128 0x3f
 658 006a 19       		.uleb128 0x19
 659 006b 03       		.uleb128 0x3
 660 006c 0E       		.uleb128 0xe
 661 006d 3A       		.uleb128 0x3a
 662 006e 0B       		.uleb128 0xb
 663 006f 3B       		.uleb128 0x3b
 664 0070 0B       		.uleb128 0xb
 665 0071 27       		.uleb128 0x27
 666 0072 19       		.uleb128 0x19
 667 0073 11       		.uleb128 0x11
 668 0074 01       		.uleb128 0x1
 669 0075 12       		.uleb128 0x12
 670 0076 06       		.uleb128 0x6
 671 0077 40       		.uleb128 0x40
 672 0078 18       		.uleb128 0x18
 673 0079 9642     		.uleb128 0x2116
 674 007b 19       		.uleb128 0x19
 675 007c 00       		.byte	0
 676 007d 00       		.byte	0
 677 007e 09       		.uleb128 0x9
 678 007f 05       		.uleb128 0x5
 679 0080 00       		.byte	0
 680 0081 03       		.uleb128 0x3
 681 0082 0E       		.uleb128 0xe
 682 0083 3A       		.uleb128 0x3a
 683 0084 0B       		.uleb128 0xb
 684 0085 3B       		.uleb128 0x3b
 685 0086 0B       		.uleb128 0xb
 686 0087 49       		.uleb128 0x49
 687 0088 13       		.uleb128 0x13
 688 0089 02       		.uleb128 0x2
 689 008a 18       		.uleb128 0x18
 690 008b 00       		.byte	0
 691 008c 00       		.byte	0
 692 008d 0A       		.uleb128 0xa
 693 008e 34       		.uleb128 0x34
 694 008f 00       		.byte	0
 695 0090 03       		.uleb128 0x3
 696 0091 0E       		.uleb128 0xe
 697 0092 3A       		.uleb128 0x3a
 698 0093 0B       		.uleb128 0xb
 699 0094 3B       		.uleb128 0x3b
 700 0095 0B       		.uleb128 0xb
 701 0096 49       		.uleb128 0x49
 702 0097 13       		.uleb128 0x13
 703 0098 3F       		.uleb128 0x3f
 704 0099 19       		.uleb128 0x19
 705 009a 02       		.uleb128 0x2
 706 009b 18       		.uleb128 0x18
 707 009c 00       		.byte	0
 708 009d 00       		.byte	0
ARM GAS  C:\Users\ilya\AppData\Local\Temp\ccCwXuq2.s 			page 17


 709 009e 00       		.byte	0
 710              		.section	.debug_aranges,"",%progbits
 711 0000 3C000000 		.4byte	0x3c
 712 0004 0200     		.2byte	0x2
 713 0006 00000000 		.4byte	.Ldebug_info0
 714 000a 04       		.byte	0x4
 715 000b 00       		.byte	0
 716 000c 0000     		.2byte	0
 717 000e 0000     		.2byte	0
 718 0010 00000000 		.4byte	.LFB0
 719 0014 84000000 		.4byte	.LFE0-.LFB0
 720 0018 00000000 		.4byte	.LFB1
 721 001c 48000000 		.4byte	.LFE1-.LFB1
 722 0020 00000000 		.4byte	.LFB2
 723 0024 24000000 		.4byte	.LFE2-.LFB2
 724 0028 00000000 		.4byte	.LFB3
 725 002c 38000000 		.4byte	.LFE3-.LFB3
 726 0030 00000000 		.4byte	.LFB4
 727 0034 44000000 		.4byte	.LFE4-.LFB4
 728 0038 00000000 		.4byte	0
 729 003c 00000000 		.4byte	0
 730              		.section	.debug_ranges,"",%progbits
 731              	.Ldebug_ranges0:
 732 0000 00000000 		.4byte	.LFB0
 733 0004 84000000 		.4byte	.LFE0
 734 0008 00000000 		.4byte	.LFB1
 735 000c 48000000 		.4byte	.LFE1
 736 0010 00000000 		.4byte	.LFB2
 737 0014 24000000 		.4byte	.LFE2
 738 0018 00000000 		.4byte	.LFB3
 739 001c 38000000 		.4byte	.LFE3
 740 0020 00000000 		.4byte	.LFB4
 741 0024 44000000 		.4byte	.LFE4
 742 0028 00000000 		.4byte	0
 743 002c 00000000 		.4byte	0
 744              		.section	.debug_line,"",%progbits
 745              	.Ldebug_line0:
 746 0000 B5000000 		.section	.debug_str,"MS",%progbits,1
 746      02004300 
 746      00000201 
 746      FB0E0D00 
 746      01010101 
 747              	.LASF26:
 748 0000 47656E65 		.ascii	"Generated_Source\\PSoC4\\IDAC_2.c\000"
 748      72617465 
 748      645F536F 
 748      75726365 
 748      5C50536F 
 749              	.LASF15:
 750 0020 72656733 		.ascii	"reg32\000"
 750      3200
 751              	.LASF11:
 752 0026 666C6F61 		.ascii	"float\000"
 752      7400
 753              	.LASF29:
 754 002c 76616C75 		.ascii	"value\000"
 754      6500
ARM GAS  C:\Users\ilya\AppData\Local\Temp\ccCwXuq2.s 			page 18


 755              	.LASF3:
 756 0032 73686F72 		.ascii	"short unsigned int\000"
 756      7420756E 
 756      7369676E 
 756      65642069 
 756      6E7400
 757              	.LASF20:
 758 0045 49444143 		.ascii	"IDAC_2_Init\000"
 758      5F325F49 
 758      6E697400 
 759              	.LASF1:
 760 0051 756E7369 		.ascii	"unsigned char\000"
 760      676E6564 
 760      20636861 
 760      7200
 761              	.LASF14:
 762 005f 72656738 		.ascii	"reg8\000"
 762      00
 763              	.LASF5:
 764 0064 6C6F6E67 		.ascii	"long unsigned int\000"
 764      20756E73 
 764      69676E65 
 764      6420696E 
 764      7400
 765              	.LASF9:
 766 0076 75696E74 		.ascii	"uint8\000"
 766      3800
 767              	.LASF25:
 768 007c 474E5520 		.ascii	"GNU C11 5.4.1 20160609 (release) [ARM/embedded-5-br"
 768      43313120 
 768      352E342E 
 768      31203230 
 768      31363036 
 769 00af 616E6368 		.ascii	"anch revision 237715] -mcpu=cortex-m0 -mthumb -g -O"
 769      20726576 
 769      6973696F 
 769      6E203233 
 769      37373135 
 770 00e2 30202D66 		.ascii	"0 -ffunction-sections -ffat-lto-objects\000"
 770      66756E63 
 770      74696F6E 
 770      2D736563 
 770      74696F6E 
 771              	.LASF19:
 772 010a 656E6162 		.ascii	"enableInterrupts\000"
 772      6C65496E 
 772      74657272 
 772      75707473 
 772      00
 773              	.LASF12:
 774 011b 646F7562 		.ascii	"double\000"
 774      6C6500
 775              	.LASF18:
 776 0122 72656756 		.ascii	"regVal\000"
 776      616C00
 777              	.LASF21:
 778 0129 49444143 		.ascii	"IDAC_2_Enable\000"
ARM GAS  C:\Users\ilya\AppData\Local\Temp\ccCwXuq2.s 			page 19


 778      5F325F45 
 778      6E61626C 
 778      6500
 779              	.LASF10:
 780 0137 75696E74 		.ascii	"uint32\000"
 780      333200
 781              	.LASF8:
 782 013e 756E7369 		.ascii	"unsigned int\000"
 782      676E6564 
 782      20696E74 
 782      00
 783              	.LASF7:
 784 014b 6C6F6E67 		.ascii	"long long unsigned int\000"
 784      206C6F6E 
 784      6720756E 
 784      7369676E 
 784      65642069 
 785              	.LASF22:
 786 0162 49444143 		.ascii	"IDAC_2_Stop\000"
 786      5F325F53 
 786      746F7000 
 787              	.LASF27:
 788 016e 433A5C70 		.ascii	"C:\\psoc\\chamonix\\fixed\\Fixed\\fixed.cydsn\000"
 788      736F635C 
 788      6368616D 
 788      6F6E6978 
 788      5C666978 
 789              	.LASF28:
 790 0197 49444143 		.ascii	"IDAC_2_Start\000"
 790      5F325F53 
 790      74617274 
 790      00
 791              	.LASF24:
 792 01a4 6E657752 		.ascii	"newRegisterValue\000"
 792      65676973 
 792      74657256 
 792      616C7565 
 792      00
 793              	.LASF30:
 794 01b5 49444143 		.ascii	"IDAC_2_initVar\000"
 794      5F325F69 
 794      6E697456 
 794      617200
 795              	.LASF17:
 796 01c4 73697A65 		.ascii	"sizetype\000"
 796      74797065 
 796      00
 797              	.LASF6:
 798 01cd 6C6F6E67 		.ascii	"long long int\000"
 798      206C6F6E 
 798      6720696E 
 798      7400
 799              	.LASF13:
 800 01db 63686172 		.ascii	"char\000"
 800      00
 801              	.LASF2:
 802 01e0 73686F72 		.ascii	"short int\000"
ARM GAS  C:\Users\ilya\AppData\Local\Temp\ccCwXuq2.s 			page 20


 802      7420696E 
 802      7400
 803              	.LASF4:
 804 01ea 6C6F6E67 		.ascii	"long int\000"
 804      20696E74 
 804      00
 805              	.LASF16:
 806 01f3 6C6F6E67 		.ascii	"long double\000"
 806      20646F75 
 806      626C6500 
 807              	.LASF23:
 808 01ff 49444143 		.ascii	"IDAC_2_SetValue\000"
 808      5F325F53 
 808      65745661 
 808      6C756500 
 809              	.LASF0:
 810 020f 7369676E 		.ascii	"signed char\000"
 810      65642063 
 810      68617200 
 811              		.ident	"GCC: (GNU Tools for ARM Embedded Processors) 5.4.1 20160609 (release) [ARM/embedded-5-bran
