ARM GAS  C:\Users\ilya\AppData\Local\Temp\ccrelNZV.s 			page 1


   1              		.syntax unified
   2              		.cpu cortex-m3
   3              		.fpu softvfp
   4              		.eabi_attribute 20, 1
   5              		.eabi_attribute 21, 1
   6              		.eabi_attribute 23, 3
   7              		.eabi_attribute 24, 1
   8              		.eabi_attribute 25, 1
   9              		.eabi_attribute 26, 1
  10              		.eabi_attribute 30, 1
  11              		.eabi_attribute 34, 1
  12              		.eabi_attribute 18, 4
  13              		.thumb
  14              		.syntax unified
  15              		.file	"Communication.c"
  16              		.text
  17              	.Ltext0:
  18              		.cfi_sections	.debug_frame
  19              		.section	.text.CyBtldrCommStart,"ax",%progbits
  20              		.align	2
  21              		.global	CyBtldrCommStart
  22              		.thumb
  23              		.thumb_func
  24              		.type	CyBtldrCommStart, %function
  25              	CyBtldrCommStart:
  26              	.LFB63:
  27              		.file 1 "Communication.c"
   1:Communication.c **** /* ========================================
   2:Communication.c ****  *
   3:Communication.c ****  * Copyright YOUR COMPANY, THE YEAR
   4:Communication.c ****  * All Rights Reserved
   5:Communication.c ****  * UNPUBLISHED, LICENSED SOFTWARE.
   6:Communication.c ****  *
   7:Communication.c ****  * CONFIDENTIAL AND PROPRIETARY INFORMATION
   8:Communication.c ****  * WHICH IS THE PROPERTY OF your company.
   9:Communication.c ****  *
  10:Communication.c ****  * ========================================
  11:Communication.c **** */
  12:Communication.c **** 
  13:Communication.c **** #include <project.h>
  14:Communication.c **** void CyBtldrCommStart(void);
  15:Communication.c **** void CyBtldrCommStop (void);
  16:Communication.c **** void CyBtldrCommReset(void);
  17:Communication.c **** cystatus CyBtldrCommWrite(uint8* buffer, uint16 size, uint16* count, uint8 timeOut);
  18:Communication.c **** cystatus CyBtldrCommRead (uint8* buffer, uint16 size, uint16* count, uint8 timeOut);
  19:Communication.c **** 
  20:Communication.c **** 
  21:Communication.c **** 
  22:Communication.c **** /***************************************
  23:Communication.c **** *    Bootloader Variables
  24:Communication.c **** ***************************************/
  25:Communication.c **** #define USBUART_BTLDR_OUT_EP_1 0x03
  26:Communication.c **** #define USBUART_BTLDR_IN_EP_1  0x02
  27:Communication.c **** 
  28:Communication.c **** static uint8  USBUART_started = 0u;
  29:Communication.c **** 
  30:Communication.c **** 
ARM GAS  C:\Users\ilya\AppData\Local\Temp\ccrelNZV.s 			page 2


  31:Communication.c **** /*******************************************************************************
  32:Communication.c **** * Function Name: CyBtldrCommStart
  33:Communication.c **** ********************************************************************************
  34:Communication.c **** *
  35:Communication.c **** * Summary:
  36:Communication.c **** *  Starts the component and enables the interrupt.
  37:Communication.c **** *
  38:Communication.c **** * Parameters:
  39:Communication.c **** *  None.
  40:Communication.c **** *
  41:Communication.c **** * Return:
  42:Communication.c **** *  None.
  43:Communication.c **** *
  44:Communication.c **** * Side Effects:
  45:Communication.c **** *  This function starts the USB with 3V or 5V operation.
  46:Communication.c **** *
  47:Communication.c **** * Reentrant:
  48:Communication.c **** *  No.
  49:Communication.c **** *
  50:Communication.c **** *******************************************************************************/
  51:Communication.c **** void CyBtldrCommStart(void) 
  52:Communication.c **** {
  28              		.loc 1 52 0
  29              		.cfi_startproc
  30              		@ args = 0, pretend = 0, frame = 0
  31              		@ frame_needed = 0, uses_anonymous_args = 0
  32 0000 08B5     		push	{r3, lr}
  33              		.cfi_def_cfa_offset 8
  34              		.cfi_offset 3, -8
  35              		.cfi_offset 14, -4
  53:Communication.c ****     CyGlobalIntEnable;      /* Enable Global Interrupts */
  36              		.loc 1 53 0
  37              		.syntax unified
  38              	@ 53 "Communication.c" 1
  39 0002 62B6     		CPSIE   i
  40              	@ 0 "" 2
  54:Communication.c **** 
  55:Communication.c ****     /*Start USB Operation/device 0 and with 5V or 3V operation depend on Voltage Configuration in D
  56:Communication.c ****     USBUART_Start(0u, USBUART_DWR_VDDD_OPERATION);
  41              		.loc 1 56 0
  42              		.thumb
  43              		.syntax unified
  44 0004 0221     		movs	r1, #2
  45 0006 0020     		movs	r0, #0
  46 0008 FFF7FEFF 		bl	USBUART_Start
  47              	.LVL0:
  57:Communication.c **** 
  58:Communication.c ****     /* USB component started, the correct enumeration will be checked in first Read operation */
  59:Communication.c ****     USBUART_started = 1u;
  48              		.loc 1 59 0
  49 000c 0122     		movs	r2, #1
  50 000e 014B     		ldr	r3, .L3
  51 0010 1A70     		strb	r2, [r3]
  52 0012 08BD     		pop	{r3, pc}
  53              	.L4:
  54              		.align	2
  55              	.L3:
ARM GAS  C:\Users\ilya\AppData\Local\Temp\ccrelNZV.s 			page 3


  56 0014 00000000 		.word	.LANCHOR0
  57              		.cfi_endproc
  58              	.LFE63:
  59              		.size	CyBtldrCommStart, .-CyBtldrCommStart
  60              		.section	.text.CyBtldrCommStop,"ax",%progbits
  61              		.align	2
  62              		.global	CyBtldrCommStop
  63              		.thumb
  64              		.thumb_func
  65              		.type	CyBtldrCommStop, %function
  66              	CyBtldrCommStop:
  67              	.LFB64:
  60:Communication.c **** }
  61:Communication.c **** 
  62:Communication.c **** 
  63:Communication.c **** /*******************************************************************************
  64:Communication.c **** * Function Name: CyBtldrCommStop.
  65:Communication.c **** ********************************************************************************
  66:Communication.c **** *
  67:Communication.c **** * Summary:
  68:Communication.c **** *  Disable the component and disable the interrupt.
  69:Communication.c **** *
  70:Communication.c **** * Parameters:
  71:Communication.c **** *  None.
  72:Communication.c **** *
  73:Communication.c **** * Return:
  74:Communication.c **** *  None.
  75:Communication.c **** *
  76:Communication.c **** *******************************************************************************/
  77:Communication.c **** void CyBtldrCommStop(void) 
  78:Communication.c **** {
  68              		.loc 1 78 0
  69              		.cfi_startproc
  70              		@ args = 0, pretend = 0, frame = 0
  71              		@ frame_needed = 0, uses_anonymous_args = 0
  72 0000 08B5     		push	{r3, lr}
  73              		.cfi_def_cfa_offset 8
  74              		.cfi_offset 3, -8
  75              		.cfi_offset 14, -4
  79:Communication.c ****     USBUART_Stop();
  76              		.loc 1 79 0
  77 0002 FFF7FEFF 		bl	USBUART_Stop
  78              	.LVL1:
  79 0006 08BD     		pop	{r3, pc}
  80              		.cfi_endproc
  81              	.LFE64:
  82              		.size	CyBtldrCommStop, .-CyBtldrCommStop
  83              		.section	.text.CyBtldrCommReset,"ax",%progbits
  84              		.align	2
  85              		.global	CyBtldrCommReset
  86              		.thumb
  87              		.thumb_func
  88              		.type	CyBtldrCommReset, %function
  89              	CyBtldrCommReset:
  90              	.LFB65:
  80:Communication.c **** }
  81:Communication.c **** 
ARM GAS  C:\Users\ilya\AppData\Local\Temp\ccrelNZV.s 			page 4


  82:Communication.c **** 
  83:Communication.c **** /*******************************************************************************
  84:Communication.c **** * Function Name: CyBtldrCommReset.
  85:Communication.c **** ********************************************************************************
  86:Communication.c **** *
  87:Communication.c **** * Summary:
  88:Communication.c **** *  Resets the receive and transmit communication Buffers.
  89:Communication.c **** *
  90:Communication.c **** * Parameters:
  91:Communication.c **** *  None
  92:Communication.c **** *
  93:Communication.c **** * Return:
  94:Communication.c **** *  None
  95:Communication.c **** *
  96:Communication.c **** * Reentrant:
  97:Communication.c **** *  No
  98:Communication.c **** *
  99:Communication.c **** *******************************************************************************/
 100:Communication.c **** void CyBtldrCommReset(void) 
 101:Communication.c **** {
  91              		.loc 1 101 0
  92              		.cfi_startproc
  93              		@ args = 0, pretend = 0, frame = 0
  94              		@ frame_needed = 0, uses_anonymous_args = 0
  95 0000 08B5     		push	{r3, lr}
  96              		.cfi_def_cfa_offset 8
  97              		.cfi_offset 3, -8
  98              		.cfi_offset 14, -4
 102:Communication.c ****     /* Enumeration is done, enable OUT endpoint for receive data from Host */
 103:Communication.c ****     USBUART_CDC_Init();
  99              		.loc 1 103 0
 100 0002 FFF7FEFF 		bl	USBUART_CDC_Init
 101              	.LVL2:
 102 0006 08BD     		pop	{r3, pc}
 103              		.cfi_endproc
 104              	.LFE65:
 105              		.size	CyBtldrCommReset, .-CyBtldrCommReset
 106              		.section	.text.CyBtldrCommWrite,"ax",%progbits
 107              		.align	2
 108              		.global	CyBtldrCommWrite
 109              		.thumb
 110              		.thumb_func
 111              		.type	CyBtldrCommWrite, %function
 112              	CyBtldrCommWrite:
 113              	.LFB66:
 104:Communication.c **** }
 105:Communication.c **** 
 106:Communication.c **** /*******************************************************************************
 107:Communication.c **** * Function Name: CyBtldrCommWrite.
 108:Communication.c **** ********************************************************************************
 109:Communication.c **** *
 110:Communication.c **** * Summary:
 111:Communication.c **** *  Allows the caller to write data to the boot loader host. The function will
 112:Communication.c **** *  handle polling to allow a block of data to be completely sent to the host
 113:Communication.c **** *  device.
 114:Communication.c **** *
 115:Communication.c **** * Parameters:
ARM GAS  C:\Users\ilya\AppData\Local\Temp\ccrelNZV.s 			page 5


 116:Communication.c **** *  pData:    A pointer to the block of data to send to the device
 117:Communication.c **** *  size:     The number of bytes to write.
 118:Communication.c **** *  count:    Pointer to an unsigned short variable to write the number of
 119:Communication.c **** *             bytes actually written.
 120:Communication.c **** *  timeOut:  Number of units to wait before returning because of a timeout.
 121:Communication.c **** *
 122:Communication.c **** * Return:
 123:Communication.c **** *  Returns the value that best describes the problem.
 124:Communication.c **** *
 125:Communication.c **** * Reentrant:
 126:Communication.c **** *  No
 127:Communication.c **** *
 128:Communication.c **** *******************************************************************************/
 129:Communication.c **** cystatus CyBtldrCommWrite(uint8* pData, uint16 size, uint16 *count, uint8 timeOut) CYSMALL         
 130:Communication.c **** {
 114              		.loc 1 130 0
 115              		.cfi_startproc
 116              		@ args = 0, pretend = 0, frame = 0
 117              		@ frame_needed = 0, uses_anonymous_args = 0
 118              	.LVL3:
 119 0000 2DE9F843 		push	{r3, r4, r5, r6, r7, r8, r9, lr}
 120              		.cfi_def_cfa_offset 32
 121              		.cfi_offset 3, -32
 122              		.cfi_offset 4, -28
 123              		.cfi_offset 5, -24
 124              		.cfi_offset 6, -20
 125              		.cfi_offset 7, -16
 126              		.cfi_offset 8, -12
 127              		.cfi_offset 9, -8
 128              		.cfi_offset 14, -4
 129 0004 8146     		mov	r9, r0
 130 0006 0F46     		mov	r7, r1
 131 0008 9046     		mov	r8, r2
 132              	.LVL4:
 131:Communication.c ****     cystatus retCode;
 132:Communication.c ****     uint16 timeoutMs;
 133:Communication.c **** 	uint16 bufIndex = 0;
 134:Communication.c **** 	uint8 transfer_Size;
 135:Communication.c **** 	*count = 0;
 133              		.loc 1 135 0
 134 000a 0026     		movs	r6, #0
 135 000c 1680     		strh	r6, [r2]	@ movhi
 136:Communication.c ****     timeoutMs = ((uint16) 10u * timeOut);  /* Convert from 10mS check to number 1mS checks */
 136              		.loc 1 136 0
 137 000e 03EB8303 		add	r3, r3, r3, lsl #2
 138              	.LVL5:
 139 0012 5C00     		lsls	r4, r3, #1
 140 0014 A4B2     		uxth	r4, r4
 141              	.LVL6:
 137:Communication.c ****     while(bufIndex < size)
 142              		.loc 1 137 0
 143 0016 23E0     		b	.L10
 144              	.LVL7:
 145              	.L16:
 138:Communication.c **** 	{
 139:Communication.c **** 		if ((size -bufIndex) >  USBUART_BTLDR_SIZEOF_READ_BUFFER)
 146              		.loc 1 139 0
ARM GAS  C:\Users\ilya\AppData\Local\Temp\ccrelNZV.s 			page 6


 147 0018 BB1B     		subs	r3, r7, r6
 148 001a 402B     		cmp	r3, #64
 149 001c 01D8     		bhi	.L17
 140:Communication.c **** 		{
 141:Communication.c **** 			transfer_Size = USBUART_BTLDR_SIZEOF_READ_BUFFER;
 142:Communication.c **** 		}
 143:Communication.c **** 		else 
 144:Communication.c **** 		{
 145:Communication.c **** 			transfer_Size = (size -bufIndex);
 150              		.loc 1 145 0
 151 001e DDB2     		uxtb	r5, r3
 152              	.LVL8:
 153 0020 00E0     		b	.L11
 154              	.LVL9:
 155              	.L17:
 141:Communication.c **** 		}
 156              		.loc 1 141 0
 157 0022 4025     		movs	r5, #64
 158              	.L11:
 159              	.LVL10:
 146:Communication.c **** 		}
 147:Communication.c **** 		/* Enable IN transfer */
 148:Communication.c ****     	USBUART_LoadInEP(USBUART_BTLDR_IN_EP_1, &pData[bufIndex], transfer_Size);
 160              		.loc 1 148 0
 161 0024 ADB2     		uxth	r5, r5
 162              	.LVL11:
 163 0026 2A46     		mov	r2, r5
 164 0028 09EB0601 		add	r1, r9, r6
 165 002c 0220     		movs	r0, #2
 166 002e FFF7FEFF 		bl	USBUART_LoadInEP
 167              	.LVL12:
 149:Communication.c **** 		/* Wait for the master to read it. */
 150:Communication.c ****    		while ((USBUART_GetEPState(USBUART_BTLDR_IN_EP_1) == USBUART_IN_BUFFER_FULL) &&
 168              		.loc 1 150 0
 169 0032 04E0     		b	.L12
 170              	.L14:
 151:Communication.c ****            (0u != timeoutMs))
 152:Communication.c ****     	{
 153:Communication.c ****         	CyDelay(1);
 171              		.loc 1 153 0
 172 0034 0120     		movs	r0, #1
 173 0036 FFF7FEFF 		bl	CyDelay
 174              	.LVL13:
 154:Communication.c ****         	timeoutMs--;
 175              		.loc 1 154 0
 176 003a 013C     		subs	r4, r4, #1
 177              	.LVL14:
 178 003c A4B2     		uxth	r4, r4
 179              	.LVL15:
 180              	.L12:
 150:Communication.c ****            (0u != timeoutMs))
 181              		.loc 1 150 0
 182 003e 0220     		movs	r0, #2
 183 0040 FFF7FEFF 		bl	USBUART_GetEPState
 184              	.LVL16:
 185 0044 08B9     		cbnz	r0, .L13
 150:Communication.c ****            (0u != timeoutMs))
ARM GAS  C:\Users\ilya\AppData\Local\Temp\ccrelNZV.s 			page 7


 186              		.loc 1 150 0 is_stmt 0 discriminator 1
 187 0046 002C     		cmp	r4, #0
 188 0048 F4D1     		bne	.L14
 189              	.L13:
 155:Communication.c ****     	}
 156:Communication.c **** 		if (USBUART_GetEPState(USBUART_BTLDR_IN_EP_1) == USBUART_IN_BUFFER_FULL)
 190              		.loc 1 156 0 is_stmt 1
 191 004a 0220     		movs	r0, #2
 192 004c FFF7FEFF 		bl	USBUART_GetEPState
 193              	.LVL17:
 194 0050 58B1     		cbz	r0, .L18
 157:Communication.c ****     	{
 158:Communication.c ****         	retCode = CYRET_TIMEOUT;
 159:Communication.c **** 			break; 
 160:Communication.c ****     	}
 161:Communication.c **** 	    else
 162:Communication.c **** 	    {
 163:Communication.c **** 	        *count += transfer_Size;
 195              		.loc 1 163 0
 196 0052 B8F80030 		ldrh	r3, [r8]
 197 0056 2B44     		add	r3, r3, r5
 198 0058 A8F80030 		strh	r3, [r8]	@ movhi
 164:Communication.c **** 	        retCode = CYRET_SUCCESS;
 165:Communication.c **** 			bufIndex  += transfer_Size;
 199              		.loc 1 165 0
 200 005c 2E44     		add	r6, r6, r5
 201              	.LVL18:
 202 005e B6B2     		uxth	r6, r6
 203              	.LVL19:
 204              	.L10:
 137:Communication.c **** 	{
 205              		.loc 1 137 0
 206 0060 BE42     		cmp	r6, r7
 207 0062 D9D3     		bcc	.L16
 208 0064 0020     		movs	r0, #0
 209 0066 BDE8F883 		pop	{r3, r4, r5, r6, r7, r8, r9, pc}
 210              	.LVL20:
 211              	.L18:
 158:Communication.c **** 			break; 
 212              		.loc 1 158 0
 213 006a 1020     		movs	r0, #16
 214              	.LVL21:
 166:Communication.c **** 	    }
 167:Communication.c **** 	}
 168:Communication.c **** 		
 169:Communication.c ****     return(retCode);
 170:Communication.c **** }
 215              		.loc 1 170 0
 216 006c BDE8F883 		pop	{r3, r4, r5, r6, r7, r8, r9, pc}
 217              		.cfi_endproc
 218              	.LFE66:
 219              		.size	CyBtldrCommWrite, .-CyBtldrCommWrite
 220              		.section	.text.CyBtldrCommRead,"ax",%progbits
 221              		.align	2
 222              		.global	CyBtldrCommRead
 223              		.thumb
 224              		.thumb_func
ARM GAS  C:\Users\ilya\AppData\Local\Temp\ccrelNZV.s 			page 8


 225              		.type	CyBtldrCommRead, %function
 226              	CyBtldrCommRead:
 227              	.LFB67:
 171:Communication.c **** 
 172:Communication.c **** /*******************************************************************************
 173:Communication.c **** * Function Name: CyBtldrCommRead.
 174:Communication.c **** ********************************************************************************
 175:Communication.c **** *
 176:Communication.c **** * Summary:
 177:Communication.c **** *  Allows the caller to read data from the boot loader host. The function will
 178:Communication.c **** *  handle polling to allow a block of data to be completely received from the
 179:Communication.c **** *  host device.
 180:Communication.c **** *
 181:Communication.c **** * Parameters:
 182:Communication.c **** *  pData:    A pointer to the area to store the block of data received
 183:Communication.c **** *             from the device.
 184:Communication.c **** *  size:     The number of bytes to read.
 185:Communication.c **** *  count:    Pointer to an unsigned short variable to write the number
 186:Communication.c **** *             of bytes actually read.
 187:Communication.c **** *  timeOut:  Number of units to wait before returning because of a timeOut.
 188:Communication.c **** *            Timeout is measured in 10s of ms.
 189:Communication.c **** *
 190:Communication.c **** * Return:
 191:Communication.c **** *  Returns the value that best describes the problem.
 192:Communication.c **** *
 193:Communication.c **** * Reentrant:
 194:Communication.c **** *  No
 195:Communication.c **** *
 196:Communication.c **** *******************************************************************************/
 197:Communication.c **** cystatus CyBtldrCommRead(uint8* pData, uint16 size, uint16 *count, uint8 timeOut) CYSMALL
 198:Communication.c ****                                                             
 199:Communication.c **** {
 228              		.loc 1 199 0
 229              		.cfi_startproc
 230              		@ args = 0, pretend = 0, frame = 0
 231              		@ frame_needed = 0, uses_anonymous_args = 0
 232              	.LVL22:
 233 0000 2DE9F041 		push	{r4, r5, r6, r7, r8, lr}
 234              		.cfi_def_cfa_offset 24
 235              		.cfi_offset 4, -24
 236              		.cfi_offset 5, -20
 237              		.cfi_offset 6, -16
 238              		.cfi_offset 7, -12
 239              		.cfi_offset 8, -8
 240              		.cfi_offset 14, -4
 241 0004 8046     		mov	r8, r0
 242 0006 0E46     		mov	r6, r1
 243 0008 1746     		mov	r7, r2
 200:Communication.c ****     cystatus retCode;
 201:Communication.c ****     uint16 timeoutMs;
 202:Communication.c **** 
 203:Communication.c ****     timeoutMs = ((uint16) 10u * timeOut);  /* Convert from 10mS check to number 1mS checks */
 244              		.loc 1 203 0
 245 000a 03EB8303 		add	r3, r3, r3, lsl #2
 246              	.LVL23:
 247 000e 5C00     		lsls	r4, r3, #1
 248 0010 A4B2     		uxth	r4, r4
ARM GAS  C:\Users\ilya\AppData\Local\Temp\ccrelNZV.s 			page 9


 249              	.LVL24:
 204:Communication.c ****     
 205:Communication.c ****     if (size > USBUART_BTLDR_SIZEOF_WRITE_BUFFER)
 250              		.loc 1 205 0
 251 0012 4029     		cmp	r1, #64
 252 0014 00D9     		bls	.L21
 206:Communication.c ****     {
 207:Communication.c ****         size = USBUART_BTLDR_SIZEOF_WRITE_BUFFER;
 253              		.loc 1 207 0
 254 0016 4026     		movs	r6, #64
 255              	.L21:
 256              	.LVL25:
 208:Communication.c ****     }
 209:Communication.c **** 
 210:Communication.c ****     /* Wait on enumeration in first time */
 211:Communication.c ****     if (0u != USBUART_started)
 257              		.loc 1 211 0
 258 0018 214B     		ldr	r3, .L36
 259 001a 1B78     		ldrb	r3, [r3]	@ zero_extendqisi2
 260 001c 33B9     		cbnz	r3, .L33
 261 001e 16E0     		b	.L34
 262              	.LVL26:
 263              	.L25:
 212:Communication.c ****     {
 213:Communication.c ****         /* Wait for Device to enumerate */
 214:Communication.c ****         while ((0u ==USBUART_GetConfiguration()) && (0u != timeoutMs))
 215:Communication.c ****         {
 216:Communication.c ****             CyDelay(1);
 264              		.loc 1 216 0
 265 0020 0120     		movs	r0, #1
 266 0022 FFF7FEFF 		bl	CyDelay
 267              	.LVL27:
 217:Communication.c ****             timeoutMs--;
 268              		.loc 1 217 0
 269 0026 013D     		subs	r5, r5, #1
 270              	.LVL28:
 271 0028 ADB2     		uxth	r5, r5
 272              	.LVL29:
 273 002a 00E0     		b	.L22
 274              	.LVL30:
 275              	.L33:
 276 002c 2546     		mov	r5, r4
 277              	.LVL31:
 278              	.L22:
 214:Communication.c ****         {
 279              		.loc 1 214 0
 280 002e FFF7FEFF 		bl	USBUART_GetConfiguration
 281              	.LVL32:
 282 0032 08B9     		cbnz	r0, .L24
 214:Communication.c ****         {
 283              		.loc 1 214 0 is_stmt 0 discriminator 1
 284 0034 002D     		cmp	r5, #0
 285 0036 F3D1     		bne	.L25
 286              	.L24:
 218:Communication.c ****         }
 219:Communication.c ****         
 220:Communication.c ****         /* Enable first OUT, if enumeration complete */
ARM GAS  C:\Users\ilya\AppData\Local\Temp\ccrelNZV.s 			page 10


 221:Communication.c ****         if (0u != USBUART_GetConfiguration())
 287              		.loc 1 221 0 is_stmt 1
 288 0038 FFF7FEFF 		bl	USBUART_GetConfiguration
 289              	.LVL33:
 290 003c A8B1     		cbz	r0, .L27
 222:Communication.c ****         {
 223:Communication.c ****             (void) USBUART_IsConfigurationChanged();  /* Clear configuration changes state status *
 291              		.loc 1 223 0
 292 003e FFF7FEFF 		bl	USBUART_IsConfigurationChanged
 293              	.LVL34:
 224:Communication.c ****             CyBtldrCommReset();
 294              		.loc 1 224 0
 295 0042 FFF7FEFF 		bl	CyBtldrCommReset
 296              	.LVL35:
 225:Communication.c ****             USBUART_started = 0u;
 297              		.loc 1 225 0
 298 0046 0022     		movs	r2, #0
 299 0048 154B     		ldr	r3, .L36
 300 004a 1A70     		strb	r2, [r3]
 301 004c 0DE0     		b	.L27
 302              	.LVL36:
 303              	.L34:
 226:Communication.c ****         }
 227:Communication.c ****     }
 228:Communication.c ****     else /* Check for configuration changes, has been done by Host */
 229:Communication.c ****     {
 230:Communication.c ****         if (0u != USBUART_IsConfigurationChanged()) /* Host could send double SET_INTERFACE request
 304              		.loc 1 230 0
 305 004e FFF7FEFF 		bl	USBUART_IsConfigurationChanged
 306              	.LVL37:
 307 0052 50B1     		cbz	r0, .L27
 231:Communication.c ****         {
 232:Communication.c ****             if (0u != USBUART_GetConfiguration())   /* Init OUT endpoints when device reconfigured 
 308              		.loc 1 232 0
 309 0054 FFF7FEFF 		bl	USBUART_GetConfiguration
 310              	.LVL38:
 311 0058 38B1     		cbz	r0, .L27
 233:Communication.c ****             {
 234:Communication.c ****                 CyBtldrCommReset();
 312              		.loc 1 234 0
 313 005a FFF7FEFF 		bl	CyBtldrCommReset
 314              	.LVL39:
 315 005e 04E0     		b	.L27
 316              	.L29:
 235:Communication.c ****             }
 236:Communication.c ****         }
 237:Communication.c ****     }
 238:Communication.c ****     
 239:Communication.c ****     timeoutMs = ((uint16) 10u * timeOut); /* Re-arm timeout */
 240:Communication.c ****     
 241:Communication.c ****     /* Wait on next packet */
 242:Communication.c ****     while((USBUART_GetEPState(USBUART_BTLDR_OUT_EP_1) != USBUART_OUT_BUFFER_FULL) && \
 243:Communication.c ****           (0u != timeoutMs))
 244:Communication.c ****     {
 245:Communication.c ****         CyDelay(1);
 317              		.loc 1 245 0
 318 0060 0120     		movs	r0, #1
ARM GAS  C:\Users\ilya\AppData\Local\Temp\ccrelNZV.s 			page 11


 319 0062 FFF7FEFF 		bl	CyDelay
 320              	.LVL40:
 246:Communication.c ****         timeoutMs--;
 321              		.loc 1 246 0
 322 0066 013C     		subs	r4, r4, #1
 323              	.LVL41:
 324 0068 A4B2     		uxth	r4, r4
 325              	.LVL42:
 326              	.L27:
 242:Communication.c ****           (0u != timeoutMs))
 327              		.loc 1 242 0
 328 006a 0320     		movs	r0, #3
 329 006c FFF7FEFF 		bl	USBUART_GetEPState
 330              	.LVL43:
 331 0070 0128     		cmp	r0, #1
 332 0072 01D0     		beq	.L28
 242:Communication.c ****           (0u != timeoutMs))
 333              		.loc 1 242 0 is_stmt 0 discriminator 1
 334 0074 002C     		cmp	r4, #0
 335 0076 F3D1     		bne	.L29
 336              	.L28:
 247:Communication.c ****     }
 248:Communication.c **** 
 249:Communication.c ****     /* OUT EP has completed */
 250:Communication.c ****     if (USBUART_GetEPState(USBUART_BTLDR_OUT_EP_1) == USBUART_OUT_BUFFER_FULL)
 337              		.loc 1 250 0 is_stmt 1
 338 0078 0320     		movs	r0, #3
 339 007a FFF7FEFF 		bl	USBUART_GetEPState
 340              	.LVL44:
 341 007e 0128     		cmp	r0, #1
 342 0080 08D1     		bne	.L30
 251:Communication.c ****     {
 252:Communication.c ****         *count = USBUART_ReadOutEP(USBUART_BTLDR_OUT_EP_1, pData, size);
 343              		.loc 1 252 0
 344 0082 3246     		mov	r2, r6
 345 0084 4146     		mov	r1, r8
 346 0086 0320     		movs	r0, #3
 347 0088 FFF7FEFF 		bl	USBUART_ReadOutEP
 348              	.LVL45:
 349 008c 3880     		strh	r0, [r7]	@ movhi
 350              	.LVL46:
 253:Communication.c ****         retCode = CYRET_SUCCESS;
 351              		.loc 1 253 0
 352 008e 0020     		movs	r0, #0
 353 0090 BDE8F081 		pop	{r4, r5, r6, r7, r8, pc}
 354              	.LVL47:
 355              	.L30:
 254:Communication.c ****     }
 255:Communication.c ****     else
 256:Communication.c ****     {
 257:Communication.c ****         *count = 0u;
 356              		.loc 1 257 0
 357 0094 0023     		movs	r3, #0
 358 0096 3B80     		strh	r3, [r7]	@ movhi
 359              	.LVL48:
 258:Communication.c ****         retCode = CYRET_TIMEOUT;
 360              		.loc 1 258 0
ARM GAS  C:\Users\ilya\AppData\Local\Temp\ccrelNZV.s 			page 12


 361 0098 1020     		movs	r0, #16
 362              	.LVL49:
 259:Communication.c ****     }
 260:Communication.c ****     
 261:Communication.c ****     return(retCode);
 262:Communication.c **** }
 363              		.loc 1 262 0
 364 009a BDE8F081 		pop	{r4, r5, r6, r7, r8, pc}
 365              	.LVL50:
 366              	.L37:
 367 009e 00BF     		.align	2
 368              	.L36:
 369 00a0 00000000 		.word	.LANCHOR0
 370              		.cfi_endproc
 371              	.LFE67:
 372              		.size	CyBtldrCommRead, .-CyBtldrCommRead
 373              		.bss
 374              		.set	.LANCHOR0,. + 0
 375              		.type	USBUART_started, %object
 376              		.size	USBUART_started, 1
 377              	USBUART_started:
 378 0000 00       		.space	1
 379              		.text
 380              	.Letext0:
 381              		.file 2 "c:\\program files (x86)\\cypress\\psoc creator\\4.2\\psoc creator\\import\\gnu\\arm\\5.4.
 382              		.file 3 "c:\\program files (x86)\\cypress\\psoc creator\\4.2\\psoc creator\\import\\gnu\\arm\\5.4.
 383              		.file 4 "Generated_Source\\PSoC5/cytypes.h"
 384              		.file 5 "Generated_Source\\PSoC5/USBUART.h"
 385              		.file 6 "Generated_Source\\PSoC5/USBUART_cdc.h"
 386              		.file 7 "Generated_Source\\PSoC5/CyLib.h"
 387              		.file 8 "Generated_Source\\PSoC5/core_cm3.h"
 388              		.section	.debug_info,"",%progbits
 389              	.Ldebug_info0:
 390 0000 C8030000 		.4byte	0x3c8
 391 0004 0400     		.2byte	0x4
 392 0006 00000000 		.4byte	.Ldebug_abbrev0
 393 000a 04       		.byte	0x4
 394 000b 01       		.uleb128 0x1
 395 000c E5000000 		.4byte	.LASF42
 396 0010 0C       		.byte	0xc
 397 0011 8F020000 		.4byte	.LASF43
 398 0015 6E000000 		.4byte	.LASF44
 399 0019 00000000 		.4byte	.Ldebug_ranges0+0
 400 001d 00000000 		.4byte	0
 401 0021 00000000 		.4byte	.Ldebug_line0
 402 0025 02       		.uleb128 0x2
 403 0026 01       		.byte	0x1
 404 0027 06       		.byte	0x6
 405 0028 EA020000 		.4byte	.LASF0
 406 002c 02       		.uleb128 0x2
 407 002d 01       		.byte	0x1
 408 002e 08       		.byte	0x8
 409 002f C6010000 		.4byte	.LASF1
 410 0033 02       		.uleb128 0x2
 411 0034 02       		.byte	0x2
 412 0035 05       		.byte	0x5
 413 0036 9F020000 		.4byte	.LASF2
ARM GAS  C:\Users\ilya\AppData\Local\Temp\ccrelNZV.s 			page 13


 414 003a 02       		.uleb128 0x2
 415 003b 02       		.byte	0x2
 416 003c 07       		.byte	0x7
 417 003d 95010000 		.4byte	.LASF3
 418 0041 03       		.uleb128 0x3
 419 0042 2E000000 		.4byte	.LASF9
 420 0046 02       		.byte	0x2
 421 0047 3F       		.byte	0x3f
 422 0048 4C000000 		.4byte	0x4c
 423 004c 02       		.uleb128 0x2
 424 004d 04       		.byte	0x4
 425 004e 05       		.byte	0x5
 426 004f C4020000 		.4byte	.LASF4
 427 0053 02       		.uleb128 0x2
 428 0054 04       		.byte	0x4
 429 0055 07       		.byte	0x7
 430 0056 83010000 		.4byte	.LASF5
 431 005a 02       		.uleb128 0x2
 432 005b 08       		.byte	0x8
 433 005c 05       		.byte	0x5
 434 005d 66020000 		.4byte	.LASF6
 435 0061 02       		.uleb128 0x2
 436 0062 08       		.byte	0x8
 437 0063 07       		.byte	0x7
 438 0064 2D020000 		.4byte	.LASF7
 439 0068 04       		.uleb128 0x4
 440 0069 04       		.byte	0x4
 441 006a 05       		.byte	0x5
 442 006b 696E7400 		.ascii	"int\000"
 443 006f 02       		.uleb128 0x2
 444 0070 04       		.byte	0x4
 445 0071 07       		.byte	0x7
 446 0072 0F020000 		.4byte	.LASF8
 447 0076 03       		.uleb128 0x3
 448 0077 55020000 		.4byte	.LASF10
 449 007b 03       		.byte	0x3
 450 007c 2C       		.byte	0x2c
 451 007d 41000000 		.4byte	0x41
 452 0081 05       		.uleb128 0x5
 453 0082 C8000000 		.4byte	.LASF11
 454 0086 04       		.byte	0x4
 455 0087 9201     		.2byte	0x192
 456 0089 2C000000 		.4byte	0x2c
 457 008d 05       		.uleb128 0x5
 458 008e FA010000 		.4byte	.LASF12
 459 0092 04       		.byte	0x4
 460 0093 9301     		.2byte	0x193
 461 0095 3A000000 		.4byte	0x3a
 462 0099 02       		.uleb128 0x2
 463 009a 04       		.byte	0x4
 464 009b 04       		.byte	0x4
 465 009c 68000000 		.4byte	.LASF13
 466 00a0 02       		.uleb128 0x2
 467 00a1 08       		.byte	0x8
 468 00a2 04       		.byte	0x4
 469 00a3 D4010000 		.4byte	.LASF14
 470 00a7 02       		.uleb128 0x2
ARM GAS  C:\Users\ilya\AppData\Local\Temp\ccrelNZV.s 			page 14


 471 00a8 01       		.byte	0x1
 472 00a9 08       		.byte	0x8
 473 00aa 84020000 		.4byte	.LASF15
 474 00ae 05       		.uleb128 0x5
 475 00af 0A000000 		.4byte	.LASF16
 476 00b3 04       		.byte	0x4
 477 00b4 3402     		.2byte	0x234
 478 00b6 53000000 		.4byte	0x53
 479 00ba 02       		.uleb128 0x2
 480 00bb 08       		.byte	0x8
 481 00bc 04       		.byte	0x4
 482 00bd DE020000 		.4byte	.LASF17
 483 00c1 02       		.uleb128 0x2
 484 00c2 04       		.byte	0x4
 485 00c3 07       		.byte	0x7
 486 00c4 5D020000 		.4byte	.LASF18
 487 00c8 06       		.uleb128 0x6
 488 00c9 04       		.byte	0x4
 489 00ca 81000000 		.4byte	0x81
 490 00ce 07       		.uleb128 0x7
 491 00cf 38000000 		.4byte	.LASF19
 492 00d3 01       		.byte	0x1
 493 00d4 33       		.byte	0x33
 494 00d5 00000000 		.4byte	.LFB63
 495 00d9 18000000 		.4byte	.LFE63-.LFB63
 496 00dd 01       		.uleb128 0x1
 497 00de 9C       		.byte	0x9c
 498 00df F8000000 		.4byte	0xf8
 499 00e3 08       		.uleb128 0x8
 500 00e4 0C000000 		.4byte	.LVL0
 501 00e8 61030000 		.4byte	0x361
 502 00ec 09       		.uleb128 0x9
 503 00ed 01       		.uleb128 0x1
 504 00ee 50       		.byte	0x50
 505 00ef 01       		.uleb128 0x1
 506 00f0 30       		.byte	0x30
 507 00f1 09       		.uleb128 0x9
 508 00f2 01       		.uleb128 0x1
 509 00f3 51       		.byte	0x51
 510 00f4 01       		.uleb128 0x1
 511 00f5 32       		.byte	0x32
 512 00f6 00       		.byte	0
 513 00f7 00       		.byte	0
 514 00f8 07       		.uleb128 0x7
 515 00f9 0F030000 		.4byte	.LASF20
 516 00fd 01       		.byte	0x1
 517 00fe 4D       		.byte	0x4d
 518 00ff 00000000 		.4byte	.LFB64
 519 0103 08000000 		.4byte	.LFE64-.LFB64
 520 0107 01       		.uleb128 0x1
 521 0108 9C       		.byte	0x9c
 522 0109 17010000 		.4byte	0x117
 523 010d 0A       		.uleb128 0xa
 524 010e 06000000 		.4byte	.LVL1
 525 0112 6D030000 		.4byte	0x36d
 526 0116 00       		.byte	0
 527 0117 07       		.uleb128 0x7
ARM GAS  C:\Users\ilya\AppData\Local\Temp\ccrelNZV.s 			page 15


 528 0118 CD020000 		.4byte	.LASF21
 529 011c 01       		.byte	0x1
 530 011d 64       		.byte	0x64
 531 011e 00000000 		.4byte	.LFB65
 532 0122 08000000 		.4byte	.LFE65-.LFB65
 533 0126 01       		.uleb128 0x1
 534 0127 9C       		.byte	0x9c
 535 0128 36010000 		.4byte	0x136
 536 012c 0A       		.uleb128 0xa
 537 012d 06000000 		.4byte	.LVL2
 538 0131 79030000 		.4byte	0x379
 539 0135 00       		.byte	0
 540 0136 0B       		.uleb128 0xb
 541 0137 B5010000 		.4byte	.LASF30
 542 013b 01       		.byte	0x1
 543 013c 81       		.byte	0x81
 544 013d AE000000 		.4byte	0xae
 545 0141 00000000 		.4byte	.LFB66
 546 0145 70000000 		.4byte	.LFE66-.LFB66
 547 0149 01       		.uleb128 0x1
 548 014a 9C       		.byte	0x9c
 549 014b 1F020000 		.4byte	0x21f
 550 014f 0C       		.uleb128 0xc
 551 0150 62000000 		.4byte	.LASF22
 552 0154 01       		.byte	0x1
 553 0155 81       		.byte	0x81
 554 0156 C8000000 		.4byte	0xc8
 555 015a 00000000 		.4byte	.LLST0
 556 015e 0C       		.uleb128 0xc
 557 015f E0000000 		.4byte	.LASF23
 558 0163 01       		.byte	0x1
 559 0164 81       		.byte	0x81
 560 0165 8D000000 		.4byte	0x8d
 561 0169 1E000000 		.4byte	.LLST1
 562 016d 0C       		.uleb128 0xc
 563 016e 89020000 		.4byte	.LASF24
 564 0172 01       		.byte	0x1
 565 0173 81       		.byte	0x81
 566 0174 1F020000 		.4byte	0x21f
 567 0178 3F000000 		.4byte	.LLST2
 568 017c 0C       		.uleb128 0xc
 569 017d BC020000 		.4byte	.LASF25
 570 0181 01       		.byte	0x1
 571 0182 81       		.byte	0x81
 572 0183 81000000 		.4byte	0x81
 573 0187 5D000000 		.4byte	.LLST3
 574 018b 0D       		.uleb128 0xd
 575 018c 4D020000 		.4byte	.LASF26
 576 0190 01       		.byte	0x1
 577 0191 83       		.byte	0x83
 578 0192 AE000000 		.4byte	0xae
 579 0196 7E000000 		.4byte	.LLST4
 580 019a 0D       		.uleb128 0xd
 581 019b 00000000 		.4byte	.LASF27
 582 019f 01       		.byte	0x1
 583 01a0 84       		.byte	0x84
 584 01a1 8D000000 		.4byte	0x8d
ARM GAS  C:\Users\ilya\AppData\Local\Temp\ccrelNZV.s 			page 16


 585 01a5 9D000000 		.4byte	.LLST5
 586 01a9 0D       		.uleb128 0xd
 587 01aa 44020000 		.4byte	.LASF28
 588 01ae 01       		.byte	0x1
 589 01af 85       		.byte	0x85
 590 01b0 8D000000 		.4byte	0x8d
 591 01b4 BB000000 		.4byte	.LLST6
 592 01b8 0D       		.uleb128 0xd
 593 01b9 20000000 		.4byte	.LASF29
 594 01bd 01       		.byte	0x1
 595 01be 86       		.byte	0x86
 596 01bf 81000000 		.4byte	0x81
 597 01c3 E5000000 		.4byte	.LLST7
 598 01c7 0E       		.uleb128 0xe
 599 01c8 32000000 		.4byte	.LVL12
 600 01cc 84030000 		.4byte	0x384
 601 01d0 E9010000 		.4byte	0x1e9
 602 01d4 09       		.uleb128 0x9
 603 01d5 01       		.uleb128 0x1
 604 01d6 50       		.byte	0x50
 605 01d7 01       		.uleb128 0x1
 606 01d8 32       		.byte	0x32
 607 01d9 09       		.uleb128 0x9
 608 01da 01       		.uleb128 0x1
 609 01db 51       		.byte	0x51
 610 01dc 05       		.uleb128 0x5
 611 01dd 79       		.byte	0x79
 612 01de 00       		.sleb128 0
 613 01df 76       		.byte	0x76
 614 01e0 00       		.sleb128 0
 615 01e1 22       		.byte	0x22
 616 01e2 09       		.uleb128 0x9
 617 01e3 01       		.uleb128 0x1
 618 01e4 52       		.byte	0x52
 619 01e5 02       		.uleb128 0x2
 620 01e6 75       		.byte	0x75
 621 01e7 00       		.sleb128 0
 622 01e8 00       		.byte	0
 623 01e9 0E       		.uleb128 0xe
 624 01ea 3A000000 		.4byte	.LVL13
 625 01ee 90030000 		.4byte	0x390
 626 01f2 FC010000 		.4byte	0x1fc
 627 01f6 09       		.uleb128 0x9
 628 01f7 01       		.uleb128 0x1
 629 01f8 50       		.byte	0x50
 630 01f9 01       		.uleb128 0x1
 631 01fa 31       		.byte	0x31
 632 01fb 00       		.byte	0
 633 01fc 0E       		.uleb128 0xe
 634 01fd 44000000 		.4byte	.LVL16
 635 0201 9B030000 		.4byte	0x39b
 636 0205 0F020000 		.4byte	0x20f
 637 0209 09       		.uleb128 0x9
 638 020a 01       		.uleb128 0x1
 639 020b 50       		.byte	0x50
 640 020c 01       		.uleb128 0x1
 641 020d 32       		.byte	0x32
ARM GAS  C:\Users\ilya\AppData\Local\Temp\ccrelNZV.s 			page 17


 642 020e 00       		.byte	0
 643 020f 08       		.uleb128 0x8
 644 0210 50000000 		.4byte	.LVL17
 645 0214 9B030000 		.4byte	0x39b
 646 0218 09       		.uleb128 0x9
 647 0219 01       		.uleb128 0x1
 648 021a 50       		.byte	0x50
 649 021b 01       		.uleb128 0x1
 650 021c 32       		.byte	0x32
 651 021d 00       		.byte	0
 652 021e 00       		.byte	0
 653 021f 06       		.uleb128 0x6
 654 0220 04       		.byte	0x4
 655 0221 8D000000 		.4byte	0x8d
 656 0225 0B       		.uleb128 0xb
 657 0226 73010000 		.4byte	.LASF31
 658 022a 01       		.byte	0x1
 659 022b C5       		.byte	0xc5
 660 022c AE000000 		.4byte	0xae
 661 0230 00000000 		.4byte	.LFB67
 662 0234 A4000000 		.4byte	.LFE67-.LFB67
 663 0238 01       		.uleb128 0x1
 664 0239 9C       		.byte	0x9c
 665 023a 3F030000 		.4byte	0x33f
 666 023e 0C       		.uleb128 0xc
 667 023f 62000000 		.4byte	.LASF22
 668 0243 01       		.byte	0x1
 669 0244 C5       		.byte	0xc5
 670 0245 C8000000 		.4byte	0xc8
 671 0249 03010000 		.4byte	.LLST8
 672 024d 0C       		.uleb128 0xc
 673 024e E0000000 		.4byte	.LASF23
 674 0252 01       		.byte	0x1
 675 0253 C5       		.byte	0xc5
 676 0254 8D000000 		.4byte	0x8d
 677 0258 5B010000 		.4byte	.LLST9
 678 025c 0C       		.uleb128 0xc
 679 025d 89020000 		.4byte	.LASF24
 680 0261 01       		.byte	0x1
 681 0262 C5       		.byte	0xc5
 682 0263 1F020000 		.4byte	0x21f
 683 0267 79010000 		.4byte	.LLST10
 684 026b 0C       		.uleb128 0xc
 685 026c BC020000 		.4byte	.LASF25
 686 0270 01       		.byte	0x1
 687 0271 C5       		.byte	0xc5
 688 0272 81000000 		.4byte	0x81
 689 0276 D1010000 		.4byte	.LLST11
 690 027a 0D       		.uleb128 0xd
 691 027b 4D020000 		.4byte	.LASF26
 692 027f 01       		.byte	0x1
 693 0280 C8       		.byte	0xc8
 694 0281 AE000000 		.4byte	0xae
 695 0285 F2010000 		.4byte	.LLST12
 696 0289 0D       		.uleb128 0xd
 697 028a 00000000 		.4byte	.LASF27
 698 028e 01       		.byte	0x1
ARM GAS  C:\Users\ilya\AppData\Local\Temp\ccrelNZV.s 			page 18


 699 028f C9       		.byte	0xc9
 700 0290 8D000000 		.4byte	0x8d
 701 0294 1D020000 		.4byte	.LLST13
 702 0298 0E       		.uleb128 0xe
 703 0299 26000000 		.4byte	.LVL27
 704 029d 90030000 		.4byte	0x390
 705 02a1 AB020000 		.4byte	0x2ab
 706 02a5 09       		.uleb128 0x9
 707 02a6 01       		.uleb128 0x1
 708 02a7 50       		.byte	0x50
 709 02a8 01       		.uleb128 0x1
 710 02a9 31       		.byte	0x31
 711 02aa 00       		.byte	0
 712 02ab 0A       		.uleb128 0xa
 713 02ac 32000000 		.4byte	.LVL32
 714 02b0 A7030000 		.4byte	0x3a7
 715 02b4 0A       		.uleb128 0xa
 716 02b5 3C000000 		.4byte	.LVL33
 717 02b9 A7030000 		.4byte	0x3a7
 718 02bd 0A       		.uleb128 0xa
 719 02be 42000000 		.4byte	.LVL34
 720 02c2 B3030000 		.4byte	0x3b3
 721 02c6 0A       		.uleb128 0xa
 722 02c7 46000000 		.4byte	.LVL35
 723 02cb 17010000 		.4byte	0x117
 724 02cf 0A       		.uleb128 0xa
 725 02d0 52000000 		.4byte	.LVL37
 726 02d4 B3030000 		.4byte	0x3b3
 727 02d8 0A       		.uleb128 0xa
 728 02d9 58000000 		.4byte	.LVL38
 729 02dd A7030000 		.4byte	0x3a7
 730 02e1 0A       		.uleb128 0xa
 731 02e2 5E000000 		.4byte	.LVL39
 732 02e6 17010000 		.4byte	0x117
 733 02ea 0E       		.uleb128 0xe
 734 02eb 66000000 		.4byte	.LVL40
 735 02ef 90030000 		.4byte	0x390
 736 02f3 FD020000 		.4byte	0x2fd
 737 02f7 09       		.uleb128 0x9
 738 02f8 01       		.uleb128 0x1
 739 02f9 50       		.byte	0x50
 740 02fa 01       		.uleb128 0x1
 741 02fb 31       		.byte	0x31
 742 02fc 00       		.byte	0
 743 02fd 0E       		.uleb128 0xe
 744 02fe 70000000 		.4byte	.LVL43
 745 0302 9B030000 		.4byte	0x39b
 746 0306 10030000 		.4byte	0x310
 747 030a 09       		.uleb128 0x9
 748 030b 01       		.uleb128 0x1
 749 030c 50       		.byte	0x50
 750 030d 01       		.uleb128 0x1
 751 030e 33       		.byte	0x33
 752 030f 00       		.byte	0
 753 0310 0E       		.uleb128 0xe
 754 0311 7E000000 		.4byte	.LVL44
 755 0315 9B030000 		.4byte	0x39b
ARM GAS  C:\Users\ilya\AppData\Local\Temp\ccrelNZV.s 			page 19


 756 0319 23030000 		.4byte	0x323
 757 031d 09       		.uleb128 0x9
 758 031e 01       		.uleb128 0x1
 759 031f 50       		.byte	0x50
 760 0320 01       		.uleb128 0x1
 761 0321 33       		.byte	0x33
 762 0322 00       		.byte	0
 763 0323 08       		.uleb128 0x8
 764 0324 8C000000 		.4byte	.LVL45
 765 0328 BF030000 		.4byte	0x3bf
 766 032c 09       		.uleb128 0x9
 767 032d 01       		.uleb128 0x1
 768 032e 50       		.byte	0x50
 769 032f 01       		.uleb128 0x1
 770 0330 33       		.byte	0x33
 771 0331 09       		.uleb128 0x9
 772 0332 01       		.uleb128 0x1
 773 0333 51       		.byte	0x51
 774 0334 02       		.uleb128 0x2
 775 0335 78       		.byte	0x78
 776 0336 00       		.sleb128 0
 777 0337 09       		.uleb128 0x9
 778 0338 01       		.uleb128 0x1
 779 0339 52       		.byte	0x52
 780 033a 02       		.uleb128 0x2
 781 033b 76       		.byte	0x76
 782 033c 00       		.sleb128 0
 783 033d 00       		.byte	0
 784 033e 00       		.byte	0
 785 033f 0F       		.uleb128 0xf
 786 0340 74020000 		.4byte	.LASF32
 787 0344 01       		.byte	0x1
 788 0345 1C       		.byte	0x1c
 789 0346 81000000 		.4byte	0x81
 790 034a 05       		.uleb128 0x5
 791 034b 03       		.byte	0x3
 792 034c 00000000 		.4byte	USBUART_started
 793 0350 10       		.uleb128 0x10
 794 0351 A8010000 		.4byte	.LASF45
 795 0355 08       		.byte	0x8
 796 0356 1207     		.2byte	0x712
 797 0358 5C030000 		.4byte	0x35c
 798 035c 11       		.uleb128 0x11
 799 035d 76000000 		.4byte	0x76
 800 0361 12       		.uleb128 0x12
 801 0362 01020000 		.4byte	.LASF33
 802 0366 01020000 		.4byte	.LASF33
 803 036a 05       		.byte	0x5
 804 036b 2A01     		.2byte	0x12a
 805 036d 12       		.uleb128 0x12
 806 036e 13000000 		.4byte	.LASF34
 807 0372 13000000 		.4byte	.LASF34
 808 0376 05       		.byte	0x5
 809 0377 2C01     		.2byte	0x12c
 810 0379 13       		.uleb128 0x13
 811 037a 1C020000 		.4byte	.LASF35
 812 037e 1C020000 		.4byte	.LASF35
ARM GAS  C:\Users\ilya\AppData\Local\Temp\ccrelNZV.s 			page 20


 813 0382 06       		.byte	0x6
 814 0383 22       		.byte	0x22
 815 0384 12       		.uleb128 0x12
 816 0385 F6020000 		.4byte	.LASF36
 817 0389 F6020000 		.4byte	.LASF36
 818 038d 05       		.byte	0x5
 819 038e 3201     		.2byte	0x132
 820 0390 13       		.uleb128 0x13
 821 0391 07030000 		.4byte	.LASF37
 822 0395 07030000 		.4byte	.LASF37
 823 0399 07       		.byte	0x7
 824 039a 76       		.byte	0x76
 825 039b 12       		.uleb128 0x12
 826 039c A9020000 		.4byte	.LASF38
 827 03a0 A9020000 		.4byte	.LASF38
 828 03a4 05       		.byte	0x5
 829 03a5 3001     		.2byte	0x130
 830 03a7 12       		.uleb128 0x12
 831 03a8 49000000 		.4byte	.LASF39
 832 03ac 49000000 		.4byte	.LASF39
 833 03b0 05       		.byte	0x5
 834 03b1 2D01     		.2byte	0x12d
 835 03b3 12       		.uleb128 0x12
 836 03b4 DB010000 		.4byte	.LASF40
 837 03b8 DB010000 		.4byte	.LASF40
 838 03bc 05       		.byte	0x5
 839 03bd 2E01     		.2byte	0x12e
 840 03bf 12       		.uleb128 0x12
 841 03c0 CE000000 		.4byte	.LASF41
 842 03c4 CE000000 		.4byte	.LASF41
 843 03c8 05       		.byte	0x5
 844 03c9 3401     		.2byte	0x134
 845 03cb 00       		.byte	0
 846              		.section	.debug_abbrev,"",%progbits
 847              	.Ldebug_abbrev0:
 848 0000 01       		.uleb128 0x1
 849 0001 11       		.uleb128 0x11
 850 0002 01       		.byte	0x1
 851 0003 25       		.uleb128 0x25
 852 0004 0E       		.uleb128 0xe
 853 0005 13       		.uleb128 0x13
 854 0006 0B       		.uleb128 0xb
 855 0007 03       		.uleb128 0x3
 856 0008 0E       		.uleb128 0xe
 857 0009 1B       		.uleb128 0x1b
 858 000a 0E       		.uleb128 0xe
 859 000b 55       		.uleb128 0x55
 860 000c 17       		.uleb128 0x17
 861 000d 11       		.uleb128 0x11
 862 000e 01       		.uleb128 0x1
 863 000f 10       		.uleb128 0x10
 864 0010 17       		.uleb128 0x17
 865 0011 00       		.byte	0
 866 0012 00       		.byte	0
 867 0013 02       		.uleb128 0x2
 868 0014 24       		.uleb128 0x24
 869 0015 00       		.byte	0
ARM GAS  C:\Users\ilya\AppData\Local\Temp\ccrelNZV.s 			page 21


 870 0016 0B       		.uleb128 0xb
 871 0017 0B       		.uleb128 0xb
 872 0018 3E       		.uleb128 0x3e
 873 0019 0B       		.uleb128 0xb
 874 001a 03       		.uleb128 0x3
 875 001b 0E       		.uleb128 0xe
 876 001c 00       		.byte	0
 877 001d 00       		.byte	0
 878 001e 03       		.uleb128 0x3
 879 001f 16       		.uleb128 0x16
 880 0020 00       		.byte	0
 881 0021 03       		.uleb128 0x3
 882 0022 0E       		.uleb128 0xe
 883 0023 3A       		.uleb128 0x3a
 884 0024 0B       		.uleb128 0xb
 885 0025 3B       		.uleb128 0x3b
 886 0026 0B       		.uleb128 0xb
 887 0027 49       		.uleb128 0x49
 888 0028 13       		.uleb128 0x13
 889 0029 00       		.byte	0
 890 002a 00       		.byte	0
 891 002b 04       		.uleb128 0x4
 892 002c 24       		.uleb128 0x24
 893 002d 00       		.byte	0
 894 002e 0B       		.uleb128 0xb
 895 002f 0B       		.uleb128 0xb
 896 0030 3E       		.uleb128 0x3e
 897 0031 0B       		.uleb128 0xb
 898 0032 03       		.uleb128 0x3
 899 0033 08       		.uleb128 0x8
 900 0034 00       		.byte	0
 901 0035 00       		.byte	0
 902 0036 05       		.uleb128 0x5
 903 0037 16       		.uleb128 0x16
 904 0038 00       		.byte	0
 905 0039 03       		.uleb128 0x3
 906 003a 0E       		.uleb128 0xe
 907 003b 3A       		.uleb128 0x3a
 908 003c 0B       		.uleb128 0xb
 909 003d 3B       		.uleb128 0x3b
 910 003e 05       		.uleb128 0x5
 911 003f 49       		.uleb128 0x49
 912 0040 13       		.uleb128 0x13
 913 0041 00       		.byte	0
 914 0042 00       		.byte	0
 915 0043 06       		.uleb128 0x6
 916 0044 0F       		.uleb128 0xf
 917 0045 00       		.byte	0
 918 0046 0B       		.uleb128 0xb
 919 0047 0B       		.uleb128 0xb
 920 0048 49       		.uleb128 0x49
 921 0049 13       		.uleb128 0x13
 922 004a 00       		.byte	0
 923 004b 00       		.byte	0
 924 004c 07       		.uleb128 0x7
 925 004d 2E       		.uleb128 0x2e
 926 004e 01       		.byte	0x1
ARM GAS  C:\Users\ilya\AppData\Local\Temp\ccrelNZV.s 			page 22


 927 004f 3F       		.uleb128 0x3f
 928 0050 19       		.uleb128 0x19
 929 0051 03       		.uleb128 0x3
 930 0052 0E       		.uleb128 0xe
 931 0053 3A       		.uleb128 0x3a
 932 0054 0B       		.uleb128 0xb
 933 0055 3B       		.uleb128 0x3b
 934 0056 0B       		.uleb128 0xb
 935 0057 27       		.uleb128 0x27
 936 0058 19       		.uleb128 0x19
 937 0059 11       		.uleb128 0x11
 938 005a 01       		.uleb128 0x1
 939 005b 12       		.uleb128 0x12
 940 005c 06       		.uleb128 0x6
 941 005d 40       		.uleb128 0x40
 942 005e 18       		.uleb128 0x18
 943 005f 9742     		.uleb128 0x2117
 944 0061 19       		.uleb128 0x19
 945 0062 01       		.uleb128 0x1
 946 0063 13       		.uleb128 0x13
 947 0064 00       		.byte	0
 948 0065 00       		.byte	0
 949 0066 08       		.uleb128 0x8
 950 0067 898201   		.uleb128 0x4109
 951 006a 01       		.byte	0x1
 952 006b 11       		.uleb128 0x11
 953 006c 01       		.uleb128 0x1
 954 006d 31       		.uleb128 0x31
 955 006e 13       		.uleb128 0x13
 956 006f 00       		.byte	0
 957 0070 00       		.byte	0
 958 0071 09       		.uleb128 0x9
 959 0072 8A8201   		.uleb128 0x410a
 960 0075 00       		.byte	0
 961 0076 02       		.uleb128 0x2
 962 0077 18       		.uleb128 0x18
 963 0078 9142     		.uleb128 0x2111
 964 007a 18       		.uleb128 0x18
 965 007b 00       		.byte	0
 966 007c 00       		.byte	0
 967 007d 0A       		.uleb128 0xa
 968 007e 898201   		.uleb128 0x4109
 969 0081 00       		.byte	0
 970 0082 11       		.uleb128 0x11
 971 0083 01       		.uleb128 0x1
 972 0084 31       		.uleb128 0x31
 973 0085 13       		.uleb128 0x13
 974 0086 00       		.byte	0
 975 0087 00       		.byte	0
 976 0088 0B       		.uleb128 0xb
 977 0089 2E       		.uleb128 0x2e
 978 008a 01       		.byte	0x1
 979 008b 3F       		.uleb128 0x3f
 980 008c 19       		.uleb128 0x19
 981 008d 03       		.uleb128 0x3
 982 008e 0E       		.uleb128 0xe
 983 008f 3A       		.uleb128 0x3a
ARM GAS  C:\Users\ilya\AppData\Local\Temp\ccrelNZV.s 			page 23


 984 0090 0B       		.uleb128 0xb
 985 0091 3B       		.uleb128 0x3b
 986 0092 0B       		.uleb128 0xb
 987 0093 27       		.uleb128 0x27
 988 0094 19       		.uleb128 0x19
 989 0095 49       		.uleb128 0x49
 990 0096 13       		.uleb128 0x13
 991 0097 11       		.uleb128 0x11
 992 0098 01       		.uleb128 0x1
 993 0099 12       		.uleb128 0x12
 994 009a 06       		.uleb128 0x6
 995 009b 40       		.uleb128 0x40
 996 009c 18       		.uleb128 0x18
 997 009d 9742     		.uleb128 0x2117
 998 009f 19       		.uleb128 0x19
 999 00a0 01       		.uleb128 0x1
 1000 00a1 13       		.uleb128 0x13
 1001 00a2 00       		.byte	0
 1002 00a3 00       		.byte	0
 1003 00a4 0C       		.uleb128 0xc
 1004 00a5 05       		.uleb128 0x5
 1005 00a6 00       		.byte	0
 1006 00a7 03       		.uleb128 0x3
 1007 00a8 0E       		.uleb128 0xe
 1008 00a9 3A       		.uleb128 0x3a
 1009 00aa 0B       		.uleb128 0xb
 1010 00ab 3B       		.uleb128 0x3b
 1011 00ac 0B       		.uleb128 0xb
 1012 00ad 49       		.uleb128 0x49
 1013 00ae 13       		.uleb128 0x13
 1014 00af 02       		.uleb128 0x2
 1015 00b0 17       		.uleb128 0x17
 1016 00b1 00       		.byte	0
 1017 00b2 00       		.byte	0
 1018 00b3 0D       		.uleb128 0xd
 1019 00b4 34       		.uleb128 0x34
 1020 00b5 00       		.byte	0
 1021 00b6 03       		.uleb128 0x3
 1022 00b7 0E       		.uleb128 0xe
 1023 00b8 3A       		.uleb128 0x3a
 1024 00b9 0B       		.uleb128 0xb
 1025 00ba 3B       		.uleb128 0x3b
 1026 00bb 0B       		.uleb128 0xb
 1027 00bc 49       		.uleb128 0x49
 1028 00bd 13       		.uleb128 0x13
 1029 00be 02       		.uleb128 0x2
 1030 00bf 17       		.uleb128 0x17
 1031 00c0 00       		.byte	0
 1032 00c1 00       		.byte	0
 1033 00c2 0E       		.uleb128 0xe
 1034 00c3 898201   		.uleb128 0x4109
 1035 00c6 01       		.byte	0x1
 1036 00c7 11       		.uleb128 0x11
 1037 00c8 01       		.uleb128 0x1
 1038 00c9 31       		.uleb128 0x31
 1039 00ca 13       		.uleb128 0x13
 1040 00cb 01       		.uleb128 0x1
ARM GAS  C:\Users\ilya\AppData\Local\Temp\ccrelNZV.s 			page 24


 1041 00cc 13       		.uleb128 0x13
 1042 00cd 00       		.byte	0
 1043 00ce 00       		.byte	0
 1044 00cf 0F       		.uleb128 0xf
 1045 00d0 34       		.uleb128 0x34
 1046 00d1 00       		.byte	0
 1047 00d2 03       		.uleb128 0x3
 1048 00d3 0E       		.uleb128 0xe
 1049 00d4 3A       		.uleb128 0x3a
 1050 00d5 0B       		.uleb128 0xb
 1051 00d6 3B       		.uleb128 0x3b
 1052 00d7 0B       		.uleb128 0xb
 1053 00d8 49       		.uleb128 0x49
 1054 00d9 13       		.uleb128 0x13
 1055 00da 02       		.uleb128 0x2
 1056 00db 18       		.uleb128 0x18
 1057 00dc 00       		.byte	0
 1058 00dd 00       		.byte	0
 1059 00de 10       		.uleb128 0x10
 1060 00df 34       		.uleb128 0x34
 1061 00e0 00       		.byte	0
 1062 00e1 03       		.uleb128 0x3
 1063 00e2 0E       		.uleb128 0xe
 1064 00e3 3A       		.uleb128 0x3a
 1065 00e4 0B       		.uleb128 0xb
 1066 00e5 3B       		.uleb128 0x3b
 1067 00e6 05       		.uleb128 0x5
 1068 00e7 49       		.uleb128 0x49
 1069 00e8 13       		.uleb128 0x13
 1070 00e9 3F       		.uleb128 0x3f
 1071 00ea 19       		.uleb128 0x19
 1072 00eb 3C       		.uleb128 0x3c
 1073 00ec 19       		.uleb128 0x19
 1074 00ed 00       		.byte	0
 1075 00ee 00       		.byte	0
 1076 00ef 11       		.uleb128 0x11
 1077 00f0 35       		.uleb128 0x35
 1078 00f1 00       		.byte	0
 1079 00f2 49       		.uleb128 0x49
 1080 00f3 13       		.uleb128 0x13
 1081 00f4 00       		.byte	0
 1082 00f5 00       		.byte	0
 1083 00f6 12       		.uleb128 0x12
 1084 00f7 2E       		.uleb128 0x2e
 1085 00f8 00       		.byte	0
 1086 00f9 3F       		.uleb128 0x3f
 1087 00fa 19       		.uleb128 0x19
 1088 00fb 3C       		.uleb128 0x3c
 1089 00fc 19       		.uleb128 0x19
 1090 00fd 6E       		.uleb128 0x6e
 1091 00fe 0E       		.uleb128 0xe
 1092 00ff 03       		.uleb128 0x3
 1093 0100 0E       		.uleb128 0xe
 1094 0101 3A       		.uleb128 0x3a
 1095 0102 0B       		.uleb128 0xb
 1096 0103 3B       		.uleb128 0x3b
 1097 0104 05       		.uleb128 0x5
ARM GAS  C:\Users\ilya\AppData\Local\Temp\ccrelNZV.s 			page 25


 1098 0105 00       		.byte	0
 1099 0106 00       		.byte	0
 1100 0107 13       		.uleb128 0x13
 1101 0108 2E       		.uleb128 0x2e
 1102 0109 00       		.byte	0
 1103 010a 3F       		.uleb128 0x3f
 1104 010b 19       		.uleb128 0x19
 1105 010c 3C       		.uleb128 0x3c
 1106 010d 19       		.uleb128 0x19
 1107 010e 6E       		.uleb128 0x6e
 1108 010f 0E       		.uleb128 0xe
 1109 0110 03       		.uleb128 0x3
 1110 0111 0E       		.uleb128 0xe
 1111 0112 3A       		.uleb128 0x3a
 1112 0113 0B       		.uleb128 0xb
 1113 0114 3B       		.uleb128 0x3b
 1114 0115 0B       		.uleb128 0xb
 1115 0116 00       		.byte	0
 1116 0117 00       		.byte	0
 1117 0118 00       		.byte	0
 1118              		.section	.debug_loc,"",%progbits
 1119              	.Ldebug_loc0:
 1120              	.LLST0:
 1121 0000 00000000 		.4byte	.LVL3
 1122 0004 18000000 		.4byte	.LVL7
 1123 0008 0100     		.2byte	0x1
 1124 000a 50       		.byte	0x50
 1125 000b 18000000 		.4byte	.LVL7
 1126 000f 70000000 		.4byte	.LFE66
 1127 0013 0100     		.2byte	0x1
 1128 0015 59       		.byte	0x59
 1129 0016 00000000 		.4byte	0
 1130 001a 00000000 		.4byte	0
 1131              	.LLST1:
 1132 001e 00000000 		.4byte	.LVL3
 1133 0022 18000000 		.4byte	.LVL7
 1134 0026 0100     		.2byte	0x1
 1135 0028 51       		.byte	0x51
 1136 0029 18000000 		.4byte	.LVL7
 1137 002d 70000000 		.4byte	.LFE66
 1138 0031 0400     		.2byte	0x4
 1139 0033 F3       		.byte	0xf3
 1140 0034 01       		.uleb128 0x1
 1141 0035 51       		.byte	0x51
 1142 0036 9F       		.byte	0x9f
 1143 0037 00000000 		.4byte	0
 1144 003b 00000000 		.4byte	0
 1145              	.LLST2:
 1146 003f 00000000 		.4byte	.LVL3
 1147 0043 18000000 		.4byte	.LVL7
 1148 0047 0100     		.2byte	0x1
 1149 0049 52       		.byte	0x52
 1150 004a 18000000 		.4byte	.LVL7
 1151 004e 70000000 		.4byte	.LFE66
 1152 0052 0100     		.2byte	0x1
 1153 0054 58       		.byte	0x58
 1154 0055 00000000 		.4byte	0
ARM GAS  C:\Users\ilya\AppData\Local\Temp\ccrelNZV.s 			page 26


 1155 0059 00000000 		.4byte	0
 1156              	.LLST3:
 1157 005d 00000000 		.4byte	.LVL3
 1158 0061 12000000 		.4byte	.LVL5
 1159 0065 0100     		.2byte	0x1
 1160 0067 53       		.byte	0x53
 1161 0068 12000000 		.4byte	.LVL5
 1162 006c 70000000 		.4byte	.LFE66
 1163 0070 0400     		.2byte	0x4
 1164 0072 F3       		.byte	0xf3
 1165 0073 01       		.uleb128 0x1
 1166 0074 53       		.byte	0x53
 1167 0075 9F       		.byte	0x9f
 1168 0076 00000000 		.4byte	0
 1169 007a 00000000 		.4byte	0
 1170              	.LLST4:
 1171 007e 18000000 		.4byte	.LVL7
 1172 0082 6C000000 		.4byte	.LVL21
 1173 0086 0200     		.2byte	0x2
 1174 0088 30       		.byte	0x30
 1175 0089 9F       		.byte	0x9f
 1176 008a 6C000000 		.4byte	.LVL21
 1177 008e 70000000 		.4byte	.LFE66
 1178 0092 0100     		.2byte	0x1
 1179 0094 50       		.byte	0x50
 1180 0095 00000000 		.4byte	0
 1181 0099 00000000 		.4byte	0
 1182              	.LLST5:
 1183 009d 16000000 		.4byte	.LVL6
 1184 00a1 3C000000 		.4byte	.LVL14
 1185 00a5 0100     		.2byte	0x1
 1186 00a7 54       		.byte	0x54
 1187 00a8 3E000000 		.4byte	.LVL15
 1188 00ac 70000000 		.4byte	.LFE66
 1189 00b0 0100     		.2byte	0x1
 1190 00b2 54       		.byte	0x54
 1191 00b3 00000000 		.4byte	0
 1192 00b7 00000000 		.4byte	0
 1193              	.LLST6:
 1194 00bb 0A000000 		.4byte	.LVL4
 1195 00bf 18000000 		.4byte	.LVL7
 1196 00c3 0200     		.2byte	0x2
 1197 00c5 30       		.byte	0x30
 1198 00c6 9F       		.byte	0x9f
 1199 00c7 18000000 		.4byte	.LVL7
 1200 00cb 5E000000 		.4byte	.LVL18
 1201 00cf 0100     		.2byte	0x1
 1202 00d1 56       		.byte	0x56
 1203 00d2 60000000 		.4byte	.LVL19
 1204 00d6 70000000 		.4byte	.LFE66
 1205 00da 0100     		.2byte	0x1
 1206 00dc 56       		.byte	0x56
 1207 00dd 00000000 		.4byte	0
 1208 00e1 00000000 		.4byte	0
 1209              	.LLST7:
 1210 00e5 20000000 		.4byte	.LVL8
 1211 00e9 22000000 		.4byte	.LVL9
ARM GAS  C:\Users\ilya\AppData\Local\Temp\ccrelNZV.s 			page 27


 1212 00ed 0100     		.2byte	0x1
 1213 00ef 55       		.byte	0x55
 1214 00f0 24000000 		.4byte	.LVL10
 1215 00f4 26000000 		.4byte	.LVL11
 1216 00f8 0100     		.2byte	0x1
 1217 00fa 55       		.byte	0x55
 1218 00fb 00000000 		.4byte	0
 1219 00ff 00000000 		.4byte	0
 1220              	.LLST8:
 1221 0103 00000000 		.4byte	.LVL22
 1222 0107 20000000 		.4byte	.LVL26
 1223 010b 0100     		.2byte	0x1
 1224 010d 50       		.byte	0x50
 1225 010e 20000000 		.4byte	.LVL26
 1226 0112 2C000000 		.4byte	.LVL30
 1227 0116 0100     		.2byte	0x1
 1228 0118 58       		.byte	0x58
 1229 0119 2C000000 		.4byte	.LVL30
 1230 011d 2E000000 		.4byte	.LVL31
 1231 0121 0100     		.2byte	0x1
 1232 0123 50       		.byte	0x50
 1233 0124 2E000000 		.4byte	.LVL31
 1234 0128 4E000000 		.4byte	.LVL36
 1235 012c 0100     		.2byte	0x1
 1236 012e 58       		.byte	0x58
 1237 012f 4E000000 		.4byte	.LVL36
 1238 0133 51000000 		.4byte	.LVL37-1
 1239 0137 0100     		.2byte	0x1
 1240 0139 50       		.byte	0x50
 1241 013a 51000000 		.4byte	.LVL37-1
 1242 013e 9E000000 		.4byte	.LVL50
 1243 0142 0100     		.2byte	0x1
 1244 0144 58       		.byte	0x58
 1245 0145 9E000000 		.4byte	.LVL50
 1246 0149 A4000000 		.4byte	.LFE67
 1247 014d 0400     		.2byte	0x4
 1248 014f F3       		.byte	0xf3
 1249 0150 01       		.uleb128 0x1
 1250 0151 50       		.byte	0x50
 1251 0152 9F       		.byte	0x9f
 1252 0153 00000000 		.4byte	0
 1253 0157 00000000 		.4byte	0
 1254              	.LLST9:
 1255 015b 00000000 		.4byte	.LVL22
 1256 015f 18000000 		.4byte	.LVL25
 1257 0163 0100     		.2byte	0x1
 1258 0165 51       		.byte	0x51
 1259 0166 18000000 		.4byte	.LVL25
 1260 016a 9E000000 		.4byte	.LVL50
 1261 016e 0100     		.2byte	0x1
 1262 0170 56       		.byte	0x56
 1263 0171 00000000 		.4byte	0
 1264 0175 00000000 		.4byte	0
 1265              	.LLST10:
 1266 0179 00000000 		.4byte	.LVL22
 1267 017d 20000000 		.4byte	.LVL26
 1268 0181 0100     		.2byte	0x1
ARM GAS  C:\Users\ilya\AppData\Local\Temp\ccrelNZV.s 			page 28


 1269 0183 52       		.byte	0x52
 1270 0184 20000000 		.4byte	.LVL26
 1271 0188 2C000000 		.4byte	.LVL30
 1272 018c 0100     		.2byte	0x1
 1273 018e 57       		.byte	0x57
 1274 018f 2C000000 		.4byte	.LVL30
 1275 0193 2E000000 		.4byte	.LVL31
 1276 0197 0100     		.2byte	0x1
 1277 0199 52       		.byte	0x52
 1278 019a 2E000000 		.4byte	.LVL31
 1279 019e 4E000000 		.4byte	.LVL36
 1280 01a2 0100     		.2byte	0x1
 1281 01a4 57       		.byte	0x57
 1282 01a5 4E000000 		.4byte	.LVL36
 1283 01a9 51000000 		.4byte	.LVL37-1
 1284 01ad 0100     		.2byte	0x1
 1285 01af 52       		.byte	0x52
 1286 01b0 51000000 		.4byte	.LVL37-1
 1287 01b4 9E000000 		.4byte	.LVL50
 1288 01b8 0100     		.2byte	0x1
 1289 01ba 57       		.byte	0x57
 1290 01bb 9E000000 		.4byte	.LVL50
 1291 01bf A4000000 		.4byte	.LFE67
 1292 01c3 0400     		.2byte	0x4
 1293 01c5 F3       		.byte	0xf3
 1294 01c6 01       		.uleb128 0x1
 1295 01c7 52       		.byte	0x52
 1296 01c8 9F       		.byte	0x9f
 1297 01c9 00000000 		.4byte	0
 1298 01cd 00000000 		.4byte	0
 1299              	.LLST11:
 1300 01d1 00000000 		.4byte	.LVL22
 1301 01d5 0E000000 		.4byte	.LVL23
 1302 01d9 0100     		.2byte	0x1
 1303 01db 53       		.byte	0x53
 1304 01dc 0E000000 		.4byte	.LVL23
 1305 01e0 A4000000 		.4byte	.LFE67
 1306 01e4 0400     		.2byte	0x4
 1307 01e6 F3       		.byte	0xf3
 1308 01e7 01       		.uleb128 0x1
 1309 01e8 53       		.byte	0x53
 1310 01e9 9F       		.byte	0x9f
 1311 01ea 00000000 		.4byte	0
 1312 01ee 00000000 		.4byte	0
 1313              	.LLST12:
 1314 01f2 8E000000 		.4byte	.LVL46
 1315 01f6 94000000 		.4byte	.LVL47
 1316 01fa 0200     		.2byte	0x2
 1317 01fc 30       		.byte	0x30
 1318 01fd 9F       		.byte	0x9f
 1319 01fe 98000000 		.4byte	.LVL48
 1320 0202 9A000000 		.4byte	.LVL49
 1321 0206 0200     		.2byte	0x2
 1322 0208 40       		.byte	0x40
 1323 0209 9F       		.byte	0x9f
 1324 020a 9A000000 		.4byte	.LVL49
 1325 020e A4000000 		.4byte	.LFE67
ARM GAS  C:\Users\ilya\AppData\Local\Temp\ccrelNZV.s 			page 29


 1326 0212 0100     		.2byte	0x1
 1327 0214 50       		.byte	0x50
 1328 0215 00000000 		.4byte	0
 1329 0219 00000000 		.4byte	0
 1330              	.LLST13:
 1331 021d 12000000 		.4byte	.LVL24
 1332 0221 20000000 		.4byte	.LVL26
 1333 0225 0100     		.2byte	0x1
 1334 0227 54       		.byte	0x54
 1335 0228 20000000 		.4byte	.LVL26
 1336 022c 28000000 		.4byte	.LVL28
 1337 0230 0100     		.2byte	0x1
 1338 0232 55       		.byte	0x55
 1339 0233 2A000000 		.4byte	.LVL29
 1340 0237 2C000000 		.4byte	.LVL30
 1341 023b 0100     		.2byte	0x1
 1342 023d 55       		.byte	0x55
 1343 023e 2C000000 		.4byte	.LVL30
 1344 0242 2E000000 		.4byte	.LVL31
 1345 0246 0100     		.2byte	0x1
 1346 0248 54       		.byte	0x54
 1347 0249 2E000000 		.4byte	.LVL31
 1348 024d 4E000000 		.4byte	.LVL36
 1349 0251 0100     		.2byte	0x1
 1350 0253 55       		.byte	0x55
 1351 0254 4E000000 		.4byte	.LVL36
 1352 0258 68000000 		.4byte	.LVL41
 1353 025c 0100     		.2byte	0x1
 1354 025e 54       		.byte	0x54
 1355 025f 6A000000 		.4byte	.LVL42
 1356 0263 9E000000 		.4byte	.LVL50
 1357 0267 0100     		.2byte	0x1
 1358 0269 54       		.byte	0x54
 1359 026a 00000000 		.4byte	0
 1360 026e 00000000 		.4byte	0
 1361              		.section	.debug_aranges,"",%progbits
 1362 0000 3C000000 		.4byte	0x3c
 1363 0004 0200     		.2byte	0x2
 1364 0006 00000000 		.4byte	.Ldebug_info0
 1365 000a 04       		.byte	0x4
 1366 000b 00       		.byte	0
 1367 000c 0000     		.2byte	0
 1368 000e 0000     		.2byte	0
 1369 0010 00000000 		.4byte	.LFB63
 1370 0014 18000000 		.4byte	.LFE63-.LFB63
 1371 0018 00000000 		.4byte	.LFB64
 1372 001c 08000000 		.4byte	.LFE64-.LFB64
 1373 0020 00000000 		.4byte	.LFB65
 1374 0024 08000000 		.4byte	.LFE65-.LFB65
 1375 0028 00000000 		.4byte	.LFB66
 1376 002c 70000000 		.4byte	.LFE66-.LFB66
 1377 0030 00000000 		.4byte	.LFB67
 1378 0034 A4000000 		.4byte	.LFE67-.LFB67
 1379 0038 00000000 		.4byte	0
 1380 003c 00000000 		.4byte	0
 1381              		.section	.debug_ranges,"",%progbits
 1382              	.Ldebug_ranges0:
ARM GAS  C:\Users\ilya\AppData\Local\Temp\ccrelNZV.s 			page 30


 1383 0000 00000000 		.4byte	.LFB63
 1384 0004 18000000 		.4byte	.LFE63
 1385 0008 00000000 		.4byte	.LFB64
 1386 000c 08000000 		.4byte	.LFE64
 1387 0010 00000000 		.4byte	.LFB65
 1388 0014 08000000 		.4byte	.LFE65
 1389 0018 00000000 		.4byte	.LFB66
 1390 001c 70000000 		.4byte	.LFE66
 1391 0020 00000000 		.4byte	.LFB67
 1392 0024 A4000000 		.4byte	.LFE67
 1393 0028 00000000 		.4byte	0
 1394 002c 00000000 		.4byte	0
 1395              		.section	.debug_line,"",%progbits
 1396              	.Ldebug_line0:
 1397 0000 1D020000 		.section	.debug_str,"MS",%progbits,1
 1397      02007E01 
 1397      00000201 
 1397      FB0E0D00 
 1397      01010101 
 1398              	.LASF27:
 1399 0000 74696D65 		.ascii	"timeoutMs\000"
 1399      6F75744D 
 1399      7300
 1400              	.LASF16:
 1401 000a 63797374 		.ascii	"cystatus\000"
 1401      61747573 
 1401      00
 1402              	.LASF34:
 1403 0013 55534255 		.ascii	"USBUART_Stop\000"
 1403      4152545F 
 1403      53746F70 
 1403      00
 1404              	.LASF29:
 1405 0020 7472616E 		.ascii	"transfer_Size\000"
 1405      73666572 
 1405      5F53697A 
 1405      6500
 1406              	.LASF9:
 1407 002e 5F5F696E 		.ascii	"__int32_t\000"
 1407      7433325F 
 1407      7400
 1408              	.LASF19:
 1409 0038 43794274 		.ascii	"CyBtldrCommStart\000"
 1409      6C647243 
 1409      6F6D6D53 
 1409      74617274 
 1409      00
 1410              	.LASF39:
 1411 0049 55534255 		.ascii	"USBUART_GetConfiguration\000"
 1411      4152545F 
 1411      47657443 
 1411      6F6E6669 
 1411      67757261 
 1412              	.LASF22:
 1413 0062 70446174 		.ascii	"pData\000"
 1413      6100
 1414              	.LASF13:
ARM GAS  C:\Users\ilya\AppData\Local\Temp\ccrelNZV.s 			page 31


 1415 0068 666C6F61 		.ascii	"float\000"
 1415      7400
 1416              	.LASF44:
 1417 006e 433A5C70 		.ascii	"C:\\psoc\\chamonix\\icm_stuff\\nanoNxt_ICM3_be_befo"
 1417      736F635C 
 1417      6368616D 
 1417      6F6E6978 
 1417      5C69636D 
 1418 009d 72655F72 		.ascii	"re_russian\\ext_usb_boot\\ext_usb_boot.cydsn\000"
 1418      75737369 
 1418      616E5C65 
 1418      78745F75 
 1418      73625F62 
 1419              	.LASF11:
 1420 00c8 75696E74 		.ascii	"uint8\000"
 1420      3800
 1421              	.LASF41:
 1422 00ce 55534255 		.ascii	"USBUART_ReadOutEP\000"
 1422      4152545F 
 1422      52656164 
 1422      4F757445 
 1422      5000
 1423              	.LASF23:
 1424 00e0 73697A65 		.ascii	"size\000"
 1424      00
 1425              	.LASF42:
 1426 00e5 474E5520 		.ascii	"GNU C11 5.4.1 20160609 (release) [ARM/embedded-5-br"
 1426      43313120 
 1426      352E342E 
 1426      31203230 
 1426      31363036 
 1427 0118 616E6368 		.ascii	"anch revision 237715] -mcpu=cortex-m3 -mthumb -g -O"
 1427      20726576 
 1427      6973696F 
 1427      6E203233 
 1427      37373135 
 1428 014b 67202D66 		.ascii	"g -ffunction-sections -ffat-lto-objects\000"
 1428      66756E63 
 1428      74696F6E 
 1428      2D736563 
 1428      74696F6E 
 1429              	.LASF31:
 1430 0173 43794274 		.ascii	"CyBtldrCommRead\000"
 1430      6C647243 
 1430      6F6D6D52 
 1430      65616400 
 1431              	.LASF5:
 1432 0183 6C6F6E67 		.ascii	"long unsigned int\000"
 1432      20756E73 
 1432      69676E65 
 1432      6420696E 
 1432      7400
 1433              	.LASF3:
 1434 0195 73686F72 		.ascii	"short unsigned int\000"
 1434      7420756E 
 1434      7369676E 
 1434      65642069 
ARM GAS  C:\Users\ilya\AppData\Local\Temp\ccrelNZV.s 			page 32


 1434      6E7400
 1435              	.LASF45:
 1436 01a8 49544D5F 		.ascii	"ITM_RxBuffer\000"
 1436      52784275 
 1436      66666572 
 1436      00
 1437              	.LASF30:
 1438 01b5 43794274 		.ascii	"CyBtldrCommWrite\000"
 1438      6C647243 
 1438      6F6D6D57 
 1438      72697465 
 1438      00
 1439              	.LASF1:
 1440 01c6 756E7369 		.ascii	"unsigned char\000"
 1440      676E6564 
 1440      20636861 
 1440      7200
 1441              	.LASF14:
 1442 01d4 646F7562 		.ascii	"double\000"
 1442      6C6500
 1443              	.LASF40:
 1444 01db 55534255 		.ascii	"USBUART_IsConfigurationChanged\000"
 1444      4152545F 
 1444      4973436F 
 1444      6E666967 
 1444      75726174 
 1445              	.LASF12:
 1446 01fa 75696E74 		.ascii	"uint16\000"
 1446      313600
 1447              	.LASF33:
 1448 0201 55534255 		.ascii	"USBUART_Start\000"
 1448      4152545F 
 1448      53746172 
 1448      7400
 1449              	.LASF8:
 1450 020f 756E7369 		.ascii	"unsigned int\000"
 1450      676E6564 
 1450      20696E74 
 1450      00
 1451              	.LASF35:
 1452 021c 55534255 		.ascii	"USBUART_CDC_Init\000"
 1452      4152545F 
 1452      4344435F 
 1452      496E6974 
 1452      00
 1453              	.LASF7:
 1454 022d 6C6F6E67 		.ascii	"long long unsigned int\000"
 1454      206C6F6E 
 1454      6720756E 
 1454      7369676E 
 1454      65642069 
 1455              	.LASF28:
 1456 0244 62756649 		.ascii	"bufIndex\000"
 1456      6E646578 
 1456      00
 1457              	.LASF26:
 1458 024d 72657443 		.ascii	"retCode\000"
ARM GAS  C:\Users\ilya\AppData\Local\Temp\ccrelNZV.s 			page 33


 1458      6F646500 
 1459              	.LASF10:
 1460 0255 696E7433 		.ascii	"int32_t\000"
 1460      325F7400 
 1461              	.LASF18:
 1462 025d 73697A65 		.ascii	"sizetype\000"
 1462      74797065 
 1462      00
 1463              	.LASF6:
 1464 0266 6C6F6E67 		.ascii	"long long int\000"
 1464      206C6F6E 
 1464      6720696E 
 1464      7400
 1465              	.LASF32:
 1466 0274 55534255 		.ascii	"USBUART_started\000"
 1466      4152545F 
 1466      73746172 
 1466      74656400 
 1467              	.LASF15:
 1468 0284 63686172 		.ascii	"char\000"
 1468      00
 1469              	.LASF24:
 1470 0289 636F756E 		.ascii	"count\000"
 1470      7400
 1471              	.LASF43:
 1472 028f 436F6D6D 		.ascii	"Communication.c\000"
 1472      756E6963 
 1472      6174696F 
 1472      6E2E6300 
 1473              	.LASF2:
 1474 029f 73686F72 		.ascii	"short int\000"
 1474      7420696E 
 1474      7400
 1475              	.LASF38:
 1476 02a9 55534255 		.ascii	"USBUART_GetEPState\000"
 1476      4152545F 
 1476      47657445 
 1476      50537461 
 1476      746500
 1477              	.LASF25:
 1478 02bc 74696D65 		.ascii	"timeOut\000"
 1478      4F757400 
 1479              	.LASF4:
 1480 02c4 6C6F6E67 		.ascii	"long int\000"
 1480      20696E74 
 1480      00
 1481              	.LASF21:
 1482 02cd 43794274 		.ascii	"CyBtldrCommReset\000"
 1482      6C647243 
 1482      6F6D6D52 
 1482      65736574 
 1482      00
 1483              	.LASF17:
 1484 02de 6C6F6E67 		.ascii	"long double\000"
 1484      20646F75 
 1484      626C6500 
 1485              	.LASF0:
ARM GAS  C:\Users\ilya\AppData\Local\Temp\ccrelNZV.s 			page 34


 1486 02ea 7369676E 		.ascii	"signed char\000"
 1486      65642063 
 1486      68617200 
 1487              	.LASF36:
 1488 02f6 55534255 		.ascii	"USBUART_LoadInEP\000"
 1488      4152545F 
 1488      4C6F6164 
 1488      496E4550 
 1488      00
 1489              	.LASF37:
 1490 0307 43794465 		.ascii	"CyDelay\000"
 1490      6C617900 
 1491              	.LASF20:
 1492 030f 43794274 		.ascii	"CyBtldrCommStop\000"
 1492      6C647243 
 1492      6F6D6D53 
 1492      746F7000 
 1493              		.ident	"GCC: (GNU Tools for ARM Embedded Processors) 5.4.1 20160609 (release) [ARM/embedded-5-bran
