ARM GAS  C:\Users\ilya\AppData\Local\Temp\ccd7qxFk.s 			page 1


   1              		.syntax unified
   2              		.cpu cortex-m3
   3              		.fpu softvfp
   4              		.eabi_attribute 20, 1
   5              		.eabi_attribute 21, 1
   6              		.eabi_attribute 23, 3
   7              		.eabi_attribute 24, 1
   8              		.eabi_attribute 25, 1
   9              		.eabi_attribute 26, 1
  10              		.eabi_attribute 30, 6
  11              		.eabi_attribute 34, 1
  12              		.eabi_attribute 18, 4
  13              		.thumb
  14              		.syntax unified
  15              		.file	"USBUART_descr.c"
  16              		.text
  17              	.Ltext0:
  18              		.cfi_sections	.debug_frame
  19              		.global	USBUART_DEVICE0_DESCR
  20              		.section	.rodata
  21              		.align	2
  22              		.type	USBUART_DEVICE0_DESCR, %object
  23              		.size	USBUART_DEVICE0_DESCR, 18
  24              	USBUART_DEVICE0_DESCR:
  25 0000 12       		.byte	18
  26 0001 01       		.byte	1
  27 0002 00       		.byte	0
  28 0003 02       		.byte	2
  29 0004 02       		.byte	2
  30 0005 00       		.byte	0
  31 0006 00       		.byte	0
  32 0007 08       		.byte	8
  33 0008 B4       		.byte	-76
  34 0009 04       		.byte	4
  35 000a 32       		.byte	50
  36 000b F2       		.byte	-14
  37 000c 01       		.byte	1
  38 000d 00       		.byte	0
  39 000e 01       		.byte	1
  40 000f 02       		.byte	2
  41 0010 80       		.byte	-128
  42 0011 01       		.byte	1
  43              		.global	USBUART_DEVICE0_CONFIGURATION0_DESCR
  44 0012 0000     		.align	2
  45              		.type	USBUART_DEVICE0_CONFIGURATION0_DESCR, %object
  46              		.size	USBUART_DEVICE0_CONFIGURATION0_DESCR, 62
  47              	USBUART_DEVICE0_CONFIGURATION0_DESCR:
  48 0014 09       		.byte	9
  49 0015 02       		.byte	2
  50 0016 3E       		.byte	62
  51 0017 00       		.byte	0
  52 0018 02       		.byte	2
  53 0019 01       		.byte	1
  54 001a 01       		.byte	1
  55 001b 80       		.byte	-128
  56 001c 32       		.byte	50
  57 001d 09       		.byte	9
ARM GAS  C:\Users\ilya\AppData\Local\Temp\ccd7qxFk.s 			page 2


  58 001e 04       		.byte	4
  59 001f 00       		.byte	0
  60 0020 00       		.byte	0
  61 0021 01       		.byte	1
  62 0022 02       		.byte	2
  63 0023 02       		.byte	2
  64 0024 01       		.byte	1
  65 0025 03       		.byte	3
  66 0026 05       		.byte	5
  67 0027 24       		.byte	36
  68 0028 00       		.byte	0
  69 0029 10       		.byte	16
  70 002a 01       		.byte	1
  71 002b 04       		.byte	4
  72 002c 24       		.byte	36
  73 002d 02       		.byte	2
  74 002e 02       		.byte	2
  75 002f 05       		.byte	5
  76 0030 24       		.byte	36
  77 0031 06       		.byte	6
  78 0032 00       		.byte	0
  79 0033 01       		.byte	1
  80 0034 07       		.byte	7
  81 0035 05       		.byte	5
  82 0036 81       		.byte	-127
  83 0037 03       		.byte	3
  84 0038 08       		.byte	8
  85 0039 00       		.byte	0
  86 003a 0A       		.byte	10
  87 003b 09       		.byte	9
  88 003c 04       		.byte	4
  89 003d 01       		.byte	1
  90 003e 00       		.byte	0
  91 003f 02       		.byte	2
  92 0040 0A       		.byte	10
  93 0041 00       		.byte	0
  94 0042 00       		.byte	0
  95 0043 04       		.byte	4
  96 0044 07       		.byte	7
  97 0045 05       		.byte	5
  98 0046 82       		.byte	-126
  99 0047 02       		.byte	2
 100 0048 40       		.byte	64
 101 0049 00       		.byte	0
 102 004a 00       		.byte	0
 103 004b 07       		.byte	7
 104 004c 05       		.byte	5
 105 004d 03       		.byte	3
 106 004e 02       		.byte	2
 107 004f 40       		.byte	64
 108 0050 00       		.byte	0
 109 0051 00       		.byte	0
 110              		.global	USBUART_STRING_DESCRIPTORS
 111 0052 0000     		.align	2
 112              		.type	USBUART_STRING_DESCRIPTORS, %object
 113              		.size	USBUART_STRING_DESCRIPTORS, 159
 114              	USBUART_STRING_DESCRIPTORS:
ARM GAS  C:\Users\ilya\AppData\Local\Temp\ccd7qxFk.s 			page 3


 115 0054 04       		.byte	4
 116 0055 03       		.byte	3
 117 0056 09       		.byte	9
 118 0057 04       		.byte	4
 119 0058 2C       		.byte	44
 120 0059 03       		.byte	3
 121 005a 43       		.byte	67
 122 005b 00       		.byte	0
 123 005c 79       		.byte	121
 124 005d 00       		.byte	0
 125 005e 70       		.byte	112
 126 005f 00       		.byte	0
 127 0060 72       		.byte	114
 128 0061 00       		.byte	0
 129 0062 65       		.byte	101
 130 0063 00       		.byte	0
 131 0064 73       		.byte	115
 132 0065 00       		.byte	0
 133 0066 73       		.byte	115
 134 0067 00       		.byte	0
 135 0068 20       		.byte	32
 136 0069 00       		.byte	0
 137 006a 53       		.byte	83
 138 006b 00       		.byte	0
 139 006c 65       		.byte	101
 140 006d 00       		.byte	0
 141 006e 6D       		.byte	109
 142 006f 00       		.byte	0
 143 0070 69       		.byte	105
 144 0071 00       		.byte	0
 145 0072 63       		.byte	99
 146 0073 00       		.byte	0
 147 0074 6F       		.byte	111
 148 0075 00       		.byte	0
 149 0076 6E       		.byte	110
 150 0077 00       		.byte	0
 151 0078 64       		.byte	100
 152 0079 00       		.byte	0
 153 007a 75       		.byte	117
 154 007b 00       		.byte	0
 155 007c 63       		.byte	99
 156 007d 00       		.byte	0
 157 007e 74       		.byte	116
 158 007f 00       		.byte	0
 159 0080 6F       		.byte	111
 160 0081 00       		.byte	0
 161 0082 72       		.byte	114
 162 0083 00       		.byte	0
 163 0084 10       		.byte	16
 164 0085 03       		.byte	3
 165 0086 55       		.byte	85
 166 0087 00       		.byte	0
 167 0088 53       		.byte	83
 168 0089 00       		.byte	0
 169 008a 42       		.byte	66
 170 008b 00       		.byte	0
 171 008c 55       		.byte	85
ARM GAS  C:\Users\ilya\AppData\Local\Temp\ccd7qxFk.s 			page 4


 172 008d 00       		.byte	0
 173 008e 41       		.byte	65
 174 008f 00       		.byte	0
 175 0090 52       		.byte	82
 176 0091 00       		.byte	0
 177 0092 54       		.byte	84
 178 0093 00       		.byte	0
 179 0094 38       		.byte	56
 180 0095 03       		.byte	3
 181 0096 43       		.byte	67
 182 0097 00       		.byte	0
 183 0098 44       		.byte	68
 184 0099 00       		.byte	0
 185 009a 43       		.byte	67
 186 009b 00       		.byte	0
 187 009c 20       		.byte	32
 188 009d 00       		.byte	0
 189 009e 43       		.byte	67
 190 009f 00       		.byte	0
 191 00a0 6F       		.byte	111
 192 00a1 00       		.byte	0
 193 00a2 6D       		.byte	109
 194 00a3 00       		.byte	0
 195 00a4 6D       		.byte	109
 196 00a5 00       		.byte	0
 197 00a6 75       		.byte	117
 198 00a7 00       		.byte	0
 199 00a8 6E       		.byte	110
 200 00a9 00       		.byte	0
 201 00aa 69       		.byte	105
 202 00ab 00       		.byte	0
 203 00ac 63       		.byte	99
 204 00ad 00       		.byte	0
 205 00ae 61       		.byte	97
 206 00af 00       		.byte	0
 207 00b0 74       		.byte	116
 208 00b1 00       		.byte	0
 209 00b2 69       		.byte	105
 210 00b3 00       		.byte	0
 211 00b4 6F       		.byte	111
 212 00b5 00       		.byte	0
 213 00b6 6E       		.byte	110
 214 00b7 00       		.byte	0
 215 00b8 20       		.byte	32
 216 00b9 00       		.byte	0
 217 00ba 49       		.byte	73
 218 00bb 00       		.byte	0
 219 00bc 6E       		.byte	110
 220 00bd 00       		.byte	0
 221 00be 74       		.byte	116
 222 00bf 00       		.byte	0
 223 00c0 65       		.byte	101
 224 00c1 00       		.byte	0
 225 00c2 72       		.byte	114
 226 00c3 00       		.byte	0
 227 00c4 66       		.byte	102
 228 00c5 00       		.byte	0
ARM GAS  C:\Users\ilya\AppData\Local\Temp\ccd7qxFk.s 			page 5


 229 00c6 61       		.byte	97
 230 00c7 00       		.byte	0
 231 00c8 63       		.byte	99
 232 00c9 00       		.byte	0
 233 00ca 65       		.byte	101
 234 00cb 00       		.byte	0
 235 00cc 26       		.byte	38
 236 00cd 03       		.byte	3
 237 00ce 43       		.byte	67
 238 00cf 00       		.byte	0
 239 00d0 44       		.byte	68
 240 00d1 00       		.byte	0
 241 00d2 43       		.byte	67
 242 00d3 00       		.byte	0
 243 00d4 20       		.byte	32
 244 00d5 00       		.byte	0
 245 00d6 44       		.byte	68
 246 00d7 00       		.byte	0
 247 00d8 61       		.byte	97
 248 00d9 00       		.byte	0
 249 00da 74       		.byte	116
 250 00db 00       		.byte	0
 251 00dc 61       		.byte	97
 252 00dd 00       		.byte	0
 253 00de 20       		.byte	32
 254 00df 00       		.byte	0
 255 00e0 49       		.byte	73
 256 00e1 00       		.byte	0
 257 00e2 6E       		.byte	110
 258 00e3 00       		.byte	0
 259 00e4 74       		.byte	116
 260 00e5 00       		.byte	0
 261 00e6 65       		.byte	101
 262 00e7 00       		.byte	0
 263 00e8 72       		.byte	114
 264 00e9 00       		.byte	0
 265 00ea 66       		.byte	102
 266 00eb 00       		.byte	0
 267 00ec 61       		.byte	97
 268 00ed 00       		.byte	0
 269 00ee 63       		.byte	99
 270 00ef 00       		.byte	0
 271 00f0 65       		.byte	101
 272 00f1 00       		.byte	0
 273 00f2 00       		.byte	0
 274              		.global	USBUART_SN_STRING_DESCRIPTOR
 275 00f3 00       		.align	2
 276              		.type	USBUART_SN_STRING_DESCRIPTOR, %object
 277              		.size	USBUART_SN_STRING_DESCRIPTOR, 2
 278              	USBUART_SN_STRING_DESCRIPTOR:
 279 00f4 02       		.byte	2
 280 00f5 03       		.byte	3
 281              		.global	USBUART_DEVICE0_CONFIGURATION0_EP_SETTINGS_TABLE
 282 00f6 0000     		.align	2
 283              		.type	USBUART_DEVICE0_CONFIGURATION0_EP_SETTINGS_TABLE, %object
 284              		.size	USBUART_DEVICE0_CONFIGURATION0_EP_SETTINGS_TABLE, 24
 285              	USBUART_DEVICE0_CONFIGURATION0_EP_SETTINGS_TABLE:
ARM GAS  C:\Users\ilya\AppData\Local\Temp\ccd7qxFk.s 			page 6


 286 00f8 00       		.byte	0
 287 00f9 00       		.byte	0
 288 00fa 81       		.byte	-127
 289 00fb 03       		.byte	3
 290 00fc 0800     		.short	8
 291 00fe 02       		.byte	2
 292 00ff 00       		.space	1
 293 0100 01       		.byte	1
 294 0101 00       		.byte	0
 295 0102 82       		.byte	-126
 296 0103 02       		.byte	2
 297 0104 4000     		.short	64
 298 0106 0A       		.byte	10
 299 0107 00       		.space	1
 300 0108 01       		.byte	1
 301 0109 00       		.byte	0
 302 010a 03       		.byte	3
 303 010b 02       		.byte	2
 304 010c 4000     		.short	64
 305 010e 0A       		.byte	10
 306 010f 00       		.space	1
 307              		.global	USBUART_DEVICE0_CONFIGURATION0_INTERFACE_CLASS
 308              		.align	2
 309              		.type	USBUART_DEVICE0_CONFIGURATION0_INTERFACE_CLASS, %object
 310              		.size	USBUART_DEVICE0_CONFIGURATION0_INTERFACE_CLASS, 2
 311              	USBUART_DEVICE0_CONFIGURATION0_INTERFACE_CLASS:
 312 0110 02       		.byte	2
 313 0111 0A       		.byte	10
 314              		.global	USBUART_DEVICE0_CONFIGURATION0_TABLE
 315 0112 0000     		.align	2
 316              		.type	USBUART_DEVICE0_CONFIGURATION0_TABLE, %object
 317              		.size	USBUART_DEVICE0_CONFIGURATION0_TABLE, 40
 318              	USBUART_DEVICE0_CONFIGURATION0_TABLE:
 319 0114 01       		.byte	1
 320 0115 000000   		.space	3
 321 0118 00000000 		.word	USBUART_DEVICE0_CONFIGURATION0_DESCR
 322 011c 03       		.byte	3
 323 011d 000000   		.space	3
 324 0120 00000000 		.word	USBUART_DEVICE0_CONFIGURATION0_EP_SETTINGS_TABLE
 325 0124 00       		.byte	0
 326 0125 000000   		.space	3
 327 0128 00000000 		.word	0
 328 012c 00       		.byte	0
 329 012d 000000   		.space	3
 330 0130 00000000 		.word	0
 331 0134 00       		.byte	0
 332 0135 000000   		.space	3
 333 0138 00000000 		.word	USBUART_DEVICE0_CONFIGURATION0_INTERFACE_CLASS
 334              		.global	USBUART_DEVICE0_TABLE
 335              		.align	2
 336              		.type	USBUART_DEVICE0_TABLE, %object
 337              		.size	USBUART_DEVICE0_TABLE, 24
 338              	USBUART_DEVICE0_TABLE:
 339 013c 01       		.byte	1
 340 013d 000000   		.space	3
 341 0140 00000000 		.word	USBUART_DEVICE0_DESCR
 342 0144 00       		.byte	0
ARM GAS  C:\Users\ilya\AppData\Local\Temp\ccd7qxFk.s 			page 7


 343 0145 000000   		.space	3
 344 0148 00000000 		.word	0
 345 014c 01       		.byte	1
 346 014d 000000   		.space	3
 347 0150 00000000 		.word	USBUART_DEVICE0_CONFIGURATION0_TABLE
 348              		.global	USBUART_TABLE
 349              		.align	2
 350              		.type	USBUART_TABLE, %object
 351              		.size	USBUART_TABLE, 8
 352              	USBUART_TABLE:
 353 0154 01       		.byte	1
 354 0155 000000   		.space	3
 355 0158 00000000 		.word	USBUART_DEVICE0_TABLE
 356              		.comm	USBUART_idSerialNumberStringDescriptor,34,4
 357              		.text
 358              	.Letext0:
 359              		.file 1 "Generated_Source\\PSoC5\\cytypes.h"
 360              		.file 2 "Generated_Source\\PSoC5\\USBUART.h"
 361              		.file 3 "Generated_Source\\PSoC5\\USBUART_descr.c"
 362              		.section	.debug_info,"",%progbits
 363              	.Ldebug_info0:
 364 0000 9F020000 		.4byte	0x29f
 365 0004 0400     		.2byte	0x4
 366 0006 00000000 		.4byte	.Ldebug_abbrev0
 367 000a 04       		.byte	0x4
 368 000b 01       		.uleb128 0x1
 369 000c 2F000000 		.4byte	.LASF35
 370 0010 0C       		.byte	0xc
 371 0011 09010000 		.4byte	.LASF36
 372 0015 4A020000 		.4byte	.LASF37
 373 0019 00000000 		.4byte	.Ldebug_line0
 374 001d 02       		.uleb128 0x2
 375 001e 01       		.byte	0x1
 376 001f 06       		.byte	0x6
 377 0020 0A030000 		.4byte	.LASF0
 378 0024 02       		.uleb128 0x2
 379 0025 01       		.byte	0x1
 380 0026 08       		.byte	0x8
 381 0027 74010000 		.4byte	.LASF1
 382 002b 02       		.uleb128 0x2
 383 002c 02       		.byte	0x2
 384 002d 05       		.byte	0x5
 385 002e DB020000 		.4byte	.LASF2
 386 0032 02       		.uleb128 0x2
 387 0033 02       		.byte	0x2
 388 0034 07       		.byte	0x7
 389 0035 16030000 		.4byte	.LASF3
 390 0039 02       		.uleb128 0x2
 391 003a 04       		.byte	0x4
 392 003b 05       		.byte	0x5
 393 003c F5020000 		.4byte	.LASF4
 394 0040 02       		.uleb128 0x2
 395 0041 04       		.byte	0x4
 396 0042 07       		.byte	0x7
 397 0043 A9010000 		.4byte	.LASF5
 398 0047 02       		.uleb128 0x2
 399 0048 08       		.byte	0x8
ARM GAS  C:\Users\ilya\AppData\Local\Temp\ccd7qxFk.s 			page 8


 400 0049 05       		.byte	0x5
 401 004a AF020000 		.4byte	.LASF6
 402 004e 02       		.uleb128 0x2
 403 004f 08       		.byte	0x8
 404 0050 07       		.byte	0x7
 405 0051 0E020000 		.4byte	.LASF7
 406 0055 03       		.uleb128 0x3
 407 0056 04       		.byte	0x4
 408 0057 05       		.byte	0x5
 409 0058 696E7400 		.ascii	"int\000"
 410 005c 02       		.uleb128 0x2
 411 005d 04       		.byte	0x4
 412 005e 07       		.byte	0x7
 413 005f F3010000 		.4byte	.LASF8
 414 0063 04       		.uleb128 0x4
 415 0064 E5020000 		.4byte	.LASF9
 416 0068 01       		.byte	0x1
 417 0069 9201     		.2byte	0x192
 418 006b 24000000 		.4byte	0x24
 419 006f 04       		.uleb128 0x4
 420 0070 EC010000 		.4byte	.LASF10
 421 0074 01       		.byte	0x1
 422 0075 9301     		.2byte	0x193
 423 0077 32000000 		.4byte	0x32
 424 007b 02       		.uleb128 0x2
 425 007c 04       		.byte	0x4
 426 007d 04       		.byte	0x4
 427 007e 46010000 		.4byte	.LASF11
 428 0082 02       		.uleb128 0x2
 429 0083 08       		.byte	0x8
 430 0084 04       		.byte	0x4
 431 0085 E5010000 		.4byte	.LASF12
 432 0089 02       		.uleb128 0x2
 433 008a 01       		.byte	0x1
 434 008b 08       		.byte	0x8
 435 008c BD020000 		.4byte	.LASF13
 436 0090 02       		.uleb128 0x2
 437 0091 08       		.byte	0x8
 438 0092 04       		.byte	0x4
 439 0093 FE020000 		.4byte	.LASF14
 440 0097 02       		.uleb128 0x2
 441 0098 04       		.byte	0x4
 442 0099 07       		.byte	0x7
 443 009a A6020000 		.4byte	.LASF15
 444 009e 05       		.uleb128 0x5
 445 009f 08       		.byte	0x8
 446 00a0 02       		.byte	0x2
 447 00a1 9A       		.byte	0x9a
 448 00a2 EF000000 		.4byte	0xef
 449 00a6 06       		.uleb128 0x6
 450 00a7 EB020000 		.4byte	.LASF16
 451 00ab 02       		.byte	0x2
 452 00ac 9C       		.byte	0x9c
 453 00ad 63000000 		.4byte	0x63
 454 00b1 00       		.byte	0
 455 00b2 06       		.uleb128 0x6
 456 00b3 69010000 		.4byte	.LASF17
ARM GAS  C:\Users\ilya\AppData\Local\Temp\ccd7qxFk.s 			page 9


 457 00b7 02       		.byte	0x2
 458 00b8 9D       		.byte	0x9d
 459 00b9 63000000 		.4byte	0x63
 460 00bd 01       		.byte	0x1
 461 00be 06       		.uleb128 0x6
 462 00bf BB010000 		.4byte	.LASF18
 463 00c3 02       		.byte	0x2
 464 00c4 9E       		.byte	0x9e
 465 00c5 63000000 		.4byte	0x63
 466 00c9 02       		.byte	0x2
 467 00ca 06       		.uleb128 0x6
 468 00cb 82010000 		.4byte	.LASF19
 469 00cf 02       		.byte	0x2
 470 00d0 9F       		.byte	0x9f
 471 00d1 63000000 		.4byte	0x63
 472 00d5 03       		.byte	0x3
 473 00d6 06       		.uleb128 0x6
 474 00d7 C2020000 		.4byte	.LASF20
 475 00db 02       		.byte	0x2
 476 00dc A0       		.byte	0xa0
 477 00dd 6F000000 		.4byte	0x6f
 478 00e1 04       		.byte	0x4
 479 00e2 06       		.uleb128 0x6
 480 00e3 3F030000 		.4byte	.LASF21
 481 00e7 02       		.byte	0x2
 482 00e8 A1       		.byte	0xa1
 483 00e9 63000000 		.4byte	0x63
 484 00ed 06       		.byte	0x6
 485 00ee 00       		.byte	0
 486 00ef 07       		.uleb128 0x7
 487 00f0 8D010000 		.4byte	.LASF22
 488 00f4 02       		.byte	0x2
 489 00f5 A2       		.byte	0xa2
 490 00f6 9E000000 		.4byte	0x9e
 491 00fa 05       		.uleb128 0x5
 492 00fb 08       		.byte	0x8
 493 00fc 02       		.byte	0x2
 494 00fd B1       		.byte	0xb1
 495 00fe 19010000 		.4byte	0x119
 496 0102 08       		.uleb128 0x8
 497 0103 6300     		.ascii	"c\000"
 498 0105 02       		.byte	0x2
 499 0106 B3       		.byte	0xb3
 500 0107 63000000 		.4byte	0x63
 501 010b 00       		.byte	0
 502 010c 06       		.uleb128 0x6
 503 010d 9F020000 		.4byte	.LASF23
 504 0111 02       		.byte	0x2
 505 0112 B4       		.byte	0xb4
 506 0113 19010000 		.4byte	0x119
 507 0117 04       		.byte	0x4
 508 0118 00       		.byte	0
 509 0119 09       		.uleb128 0x9
 510 011a 04       		.byte	0x4
 511 011b 1F010000 		.4byte	0x11f
 512 011f 0A       		.uleb128 0xa
 513 0120 07       		.uleb128 0x7
ARM GAS  C:\Users\ilya\AppData\Local\Temp\ccd7qxFk.s 			page 10


 514 0121 00020000 		.4byte	.LASF24
 515 0125 02       		.byte	0x2
 516 0126 B5       		.byte	0xb5
 517 0127 FA000000 		.4byte	0xfa
 518 012b 0B       		.uleb128 0xb
 519 012c 3B010000 		.4byte	0x13b
 520 0130 3B010000 		.4byte	0x13b
 521 0134 0C       		.uleb128 0xc
 522 0135 97000000 		.4byte	0x97
 523 0139 11       		.byte	0x11
 524 013a 00       		.byte	0
 525 013b 0D       		.uleb128 0xd
 526 013c 63000000 		.4byte	0x63
 527 0140 0E       		.uleb128 0xe
 528 0141 30010000 		.4byte	.LASF25
 529 0145 03       		.byte	0x3
 530 0146 24       		.byte	0x24
 531 0147 51010000 		.4byte	0x151
 532 014b 05       		.uleb128 0x5
 533 014c 03       		.byte	0x3
 534 014d 00000000 		.4byte	USBUART_DEVICE0_DESCR
 535 0151 0D       		.uleb128 0xd
 536 0152 2B010000 		.4byte	0x12b
 537 0156 0B       		.uleb128 0xb
 538 0157 3B010000 		.4byte	0x13b
 539 015b 66010000 		.4byte	0x166
 540 015f 0C       		.uleb128 0xc
 541 0160 97000000 		.4byte	0x97
 542 0164 3D       		.byte	0x3d
 543 0165 00       		.byte	0
 544 0166 0E       		.uleb128 0xe
 545 0167 25020000 		.4byte	.LASF26
 546 016b 03       		.byte	0x3
 547 016c 37       		.byte	0x37
 548 016d 77010000 		.4byte	0x177
 549 0171 05       		.uleb128 0x5
 550 0172 03       		.byte	0x3
 551 0173 00000000 		.4byte	USBUART_DEVICE0_CONFIGURATION0_DESCR
 552 0177 0D       		.uleb128 0xd
 553 0178 56010000 		.4byte	0x156
 554 017c 0B       		.uleb128 0xb
 555 017d 8C010000 		.4byte	0x18c
 556 0181 8C010000 		.4byte	0x18c
 557 0185 0C       		.uleb128 0xc
 558 0186 97000000 		.4byte	0x97
 559 018a 02       		.byte	0x2
 560 018b 00       		.byte	0
 561 018c 0D       		.uleb128 0xd
 562 018d EF000000 		.4byte	0xef
 563 0191 0E       		.uleb128 0xe
 564 0192 D8000000 		.4byte	.LASF27
 565 0196 03       		.byte	0x3
 566 0197 D0       		.byte	0xd0
 567 0198 A2010000 		.4byte	0x1a2
 568 019c 05       		.uleb128 0x5
 569 019d 03       		.byte	0x3
 570 019e 00000000 		.4byte	USBUART_DEVICE0_CONFIGURATION0_EP_SETTINGS_TABLE
ARM GAS  C:\Users\ilya\AppData\Local\Temp\ccd7qxFk.s 			page 11


 571 01a2 0D       		.uleb128 0xd
 572 01a3 7C010000 		.4byte	0x17c
 573 01a7 0B       		.uleb128 0xb
 574 01a8 3B010000 		.4byte	0x13b
 575 01ac B7010000 		.4byte	0x1b7
 576 01b0 0C       		.uleb128 0xc
 577 01b1 97000000 		.4byte	0x97
 578 01b5 01       		.byte	0x1
 579 01b6 00       		.byte	0
 580 01b7 0E       		.uleb128 0xe
 581 01b8 00000000 		.4byte	.LASF28
 582 01bc 03       		.byte	0x3
 583 01bd D6       		.byte	0xd6
 584 01be C8010000 		.4byte	0x1c8
 585 01c2 05       		.uleb128 0x5
 586 01c3 03       		.byte	0x3
 587 01c4 00000000 		.4byte	USBUART_DEVICE0_CONFIGURATION0_INTERFACE_CLASS
 588 01c8 0D       		.uleb128 0xd
 589 01c9 A7010000 		.4byte	0x1a7
 590 01cd 0B       		.uleb128 0xb
 591 01ce DD010000 		.4byte	0x1dd
 592 01d2 DD010000 		.4byte	0x1dd
 593 01d6 0C       		.uleb128 0xc
 594 01d7 97000000 		.4byte	0x97
 595 01db 04       		.byte	0x4
 596 01dc 00       		.byte	0
 597 01dd 0D       		.uleb128 0xd
 598 01de 20010000 		.4byte	0x120
 599 01e2 0E       		.uleb128 0xe
 600 01e3 C0010000 		.4byte	.LASF29
 601 01e7 03       		.byte	0x3
 602 01e8 DE       		.byte	0xde
 603 01e9 F3010000 		.4byte	0x1f3
 604 01ed 05       		.uleb128 0x5
 605 01ee 03       		.byte	0x3
 606 01ef 00000000 		.4byte	USBUART_DEVICE0_CONFIGURATION0_TABLE
 607 01f3 0D       		.uleb128 0xd
 608 01f4 CD010000 		.4byte	0x1cd
 609 01f8 0B       		.uleb128 0xb
 610 01f9 DD010000 		.4byte	0x1dd
 611 01fd 08020000 		.4byte	0x208
 612 0201 0C       		.uleb128 0xc
 613 0202 97000000 		.4byte	0x97
 614 0206 02       		.byte	0x2
 615 0207 00       		.byte	0
 616 0208 0E       		.uleb128 0xe
 617 0209 29030000 		.4byte	.LASF30
 618 020d 03       		.byte	0x3
 619 020e E9       		.byte	0xe9
 620 020f 19020000 		.4byte	0x219
 621 0213 05       		.uleb128 0x5
 622 0214 03       		.byte	0x3
 623 0215 00000000 		.4byte	USBUART_DEVICE0_TABLE
 624 0219 0D       		.uleb128 0xd
 625 021a F8010000 		.4byte	0x1f8
 626 021e 0B       		.uleb128 0xb
 627 021f DD010000 		.4byte	0x1dd
ARM GAS  C:\Users\ilya\AppData\Local\Temp\ccd7qxFk.s 			page 12


 628 0223 2E020000 		.4byte	0x22e
 629 0227 0C       		.uleb128 0xc
 630 0228 97000000 		.4byte	0x97
 631 022c 00       		.byte	0
 632 022d 00       		.byte	0
 633 022e 0E       		.uleb128 0xe
 634 022f CD020000 		.4byte	.LASF31
 635 0233 03       		.byte	0x3
 636 0234 F1       		.byte	0xf1
 637 0235 3F020000 		.4byte	0x23f
 638 0239 05       		.uleb128 0x5
 639 023a 03       		.byte	0x3
 640 023b 00000000 		.4byte	USBUART_TABLE
 641 023f 0D       		.uleb128 0xd
 642 0240 1E020000 		.4byte	0x21e
 643 0244 0E       		.uleb128 0xe
 644 0245 4C010000 		.4byte	.LASF32
 645 0249 03       		.byte	0x3
 646 024a C1       		.byte	0xc1
 647 024b 55020000 		.4byte	0x255
 648 024f 05       		.uleb128 0x5
 649 0250 03       		.byte	0x3
 650 0251 00000000 		.4byte	USBUART_SN_STRING_DESCRIPTOR
 651 0255 0D       		.uleb128 0xd
 652 0256 A7010000 		.4byte	0x1a7
 653 025a 0B       		.uleb128 0xb
 654 025b 3B010000 		.4byte	0x13b
 655 025f 6A020000 		.4byte	0x26a
 656 0263 0C       		.uleb128 0xc
 657 0264 97000000 		.4byte	0x97
 658 0268 9E       		.byte	0x9e
 659 0269 00       		.byte	0
 660 026a 0E       		.uleb128 0xe
 661 026b BD000000 		.4byte	.LASF33
 662 026f 03       		.byte	0x3
 663 0270 8E       		.byte	0x8e
 664 0271 7B020000 		.4byte	0x27b
 665 0275 05       		.uleb128 0x5
 666 0276 03       		.byte	0x3
 667 0277 00000000 		.4byte	USBUART_STRING_DESCRIPTORS
 668 027b 0D       		.uleb128 0xd
 669 027c 5A020000 		.4byte	0x25a
 670 0280 0B       		.uleb128 0xb
 671 0281 63000000 		.4byte	0x63
 672 0285 90020000 		.4byte	0x290
 673 0289 0C       		.uleb128 0xc
 674 028a 97000000 		.4byte	0x97
 675 028e 21       		.byte	0x21
 676 028f 00       		.byte	0
 677 0290 0F       		.uleb128 0xf
 678 0291 45030000 		.4byte	.LASF34
 679 0295 03       		.byte	0x3
 680 0296 1F01     		.2byte	0x11f
 681 0298 80020000 		.4byte	0x280
 682 029c 05       		.uleb128 0x5
 683 029d 03       		.byte	0x3
 684 029e 00000000 		.4byte	USBUART_idSerialNumberStringDescriptor
ARM GAS  C:\Users\ilya\AppData\Local\Temp\ccd7qxFk.s 			page 13


 685 02a2 00       		.byte	0
 686              		.section	.debug_abbrev,"",%progbits
 687              	.Ldebug_abbrev0:
 688 0000 01       		.uleb128 0x1
 689 0001 11       		.uleb128 0x11
 690 0002 01       		.byte	0x1
 691 0003 25       		.uleb128 0x25
 692 0004 0E       		.uleb128 0xe
 693 0005 13       		.uleb128 0x13
 694 0006 0B       		.uleb128 0xb
 695 0007 03       		.uleb128 0x3
 696 0008 0E       		.uleb128 0xe
 697 0009 1B       		.uleb128 0x1b
 698 000a 0E       		.uleb128 0xe
 699 000b 10       		.uleb128 0x10
 700 000c 17       		.uleb128 0x17
 701 000d 00       		.byte	0
 702 000e 00       		.byte	0
 703 000f 02       		.uleb128 0x2
 704 0010 24       		.uleb128 0x24
 705 0011 00       		.byte	0
 706 0012 0B       		.uleb128 0xb
 707 0013 0B       		.uleb128 0xb
 708 0014 3E       		.uleb128 0x3e
 709 0015 0B       		.uleb128 0xb
 710 0016 03       		.uleb128 0x3
 711 0017 0E       		.uleb128 0xe
 712 0018 00       		.byte	0
 713 0019 00       		.byte	0
 714 001a 03       		.uleb128 0x3
 715 001b 24       		.uleb128 0x24
 716 001c 00       		.byte	0
 717 001d 0B       		.uleb128 0xb
 718 001e 0B       		.uleb128 0xb
 719 001f 3E       		.uleb128 0x3e
 720 0020 0B       		.uleb128 0xb
 721 0021 03       		.uleb128 0x3
 722 0022 08       		.uleb128 0x8
 723 0023 00       		.byte	0
 724 0024 00       		.byte	0
 725 0025 04       		.uleb128 0x4
 726 0026 16       		.uleb128 0x16
 727 0027 00       		.byte	0
 728 0028 03       		.uleb128 0x3
 729 0029 0E       		.uleb128 0xe
 730 002a 3A       		.uleb128 0x3a
 731 002b 0B       		.uleb128 0xb
 732 002c 3B       		.uleb128 0x3b
 733 002d 05       		.uleb128 0x5
 734 002e 49       		.uleb128 0x49
 735 002f 13       		.uleb128 0x13
 736 0030 00       		.byte	0
 737 0031 00       		.byte	0
 738 0032 05       		.uleb128 0x5
 739 0033 13       		.uleb128 0x13
 740 0034 01       		.byte	0x1
 741 0035 0B       		.uleb128 0xb
ARM GAS  C:\Users\ilya\AppData\Local\Temp\ccd7qxFk.s 			page 14


 742 0036 0B       		.uleb128 0xb
 743 0037 3A       		.uleb128 0x3a
 744 0038 0B       		.uleb128 0xb
 745 0039 3B       		.uleb128 0x3b
 746 003a 0B       		.uleb128 0xb
 747 003b 01       		.uleb128 0x1
 748 003c 13       		.uleb128 0x13
 749 003d 00       		.byte	0
 750 003e 00       		.byte	0
 751 003f 06       		.uleb128 0x6
 752 0040 0D       		.uleb128 0xd
 753 0041 00       		.byte	0
 754 0042 03       		.uleb128 0x3
 755 0043 0E       		.uleb128 0xe
 756 0044 3A       		.uleb128 0x3a
 757 0045 0B       		.uleb128 0xb
 758 0046 3B       		.uleb128 0x3b
 759 0047 0B       		.uleb128 0xb
 760 0048 49       		.uleb128 0x49
 761 0049 13       		.uleb128 0x13
 762 004a 38       		.uleb128 0x38
 763 004b 0B       		.uleb128 0xb
 764 004c 00       		.byte	0
 765 004d 00       		.byte	0
 766 004e 07       		.uleb128 0x7
 767 004f 16       		.uleb128 0x16
 768 0050 00       		.byte	0
 769 0051 03       		.uleb128 0x3
 770 0052 0E       		.uleb128 0xe
 771 0053 3A       		.uleb128 0x3a
 772 0054 0B       		.uleb128 0xb
 773 0055 3B       		.uleb128 0x3b
 774 0056 0B       		.uleb128 0xb
 775 0057 49       		.uleb128 0x49
 776 0058 13       		.uleb128 0x13
 777 0059 00       		.byte	0
 778 005a 00       		.byte	0
 779 005b 08       		.uleb128 0x8
 780 005c 0D       		.uleb128 0xd
 781 005d 00       		.byte	0
 782 005e 03       		.uleb128 0x3
 783 005f 08       		.uleb128 0x8
 784 0060 3A       		.uleb128 0x3a
 785 0061 0B       		.uleb128 0xb
 786 0062 3B       		.uleb128 0x3b
 787 0063 0B       		.uleb128 0xb
 788 0064 49       		.uleb128 0x49
 789 0065 13       		.uleb128 0x13
 790 0066 38       		.uleb128 0x38
 791 0067 0B       		.uleb128 0xb
 792 0068 00       		.byte	0
 793 0069 00       		.byte	0
 794 006a 09       		.uleb128 0x9
 795 006b 0F       		.uleb128 0xf
 796 006c 00       		.byte	0
 797 006d 0B       		.uleb128 0xb
 798 006e 0B       		.uleb128 0xb
ARM GAS  C:\Users\ilya\AppData\Local\Temp\ccd7qxFk.s 			page 15


 799 006f 49       		.uleb128 0x49
 800 0070 13       		.uleb128 0x13
 801 0071 00       		.byte	0
 802 0072 00       		.byte	0
 803 0073 0A       		.uleb128 0xa
 804 0074 26       		.uleb128 0x26
 805 0075 00       		.byte	0
 806 0076 00       		.byte	0
 807 0077 00       		.byte	0
 808 0078 0B       		.uleb128 0xb
 809 0079 01       		.uleb128 0x1
 810 007a 01       		.byte	0x1
 811 007b 49       		.uleb128 0x49
 812 007c 13       		.uleb128 0x13
 813 007d 01       		.uleb128 0x1
 814 007e 13       		.uleb128 0x13
 815 007f 00       		.byte	0
 816 0080 00       		.byte	0
 817 0081 0C       		.uleb128 0xc
 818 0082 21       		.uleb128 0x21
 819 0083 00       		.byte	0
 820 0084 49       		.uleb128 0x49
 821 0085 13       		.uleb128 0x13
 822 0086 2F       		.uleb128 0x2f
 823 0087 0B       		.uleb128 0xb
 824 0088 00       		.byte	0
 825 0089 00       		.byte	0
 826 008a 0D       		.uleb128 0xd
 827 008b 26       		.uleb128 0x26
 828 008c 00       		.byte	0
 829 008d 49       		.uleb128 0x49
 830 008e 13       		.uleb128 0x13
 831 008f 00       		.byte	0
 832 0090 00       		.byte	0
 833 0091 0E       		.uleb128 0xe
 834 0092 34       		.uleb128 0x34
 835 0093 00       		.byte	0
 836 0094 03       		.uleb128 0x3
 837 0095 0E       		.uleb128 0xe
 838 0096 3A       		.uleb128 0x3a
 839 0097 0B       		.uleb128 0xb
 840 0098 3B       		.uleb128 0x3b
 841 0099 0B       		.uleb128 0xb
 842 009a 49       		.uleb128 0x49
 843 009b 13       		.uleb128 0x13
 844 009c 3F       		.uleb128 0x3f
 845 009d 19       		.uleb128 0x19
 846 009e 02       		.uleb128 0x2
 847 009f 18       		.uleb128 0x18
 848 00a0 00       		.byte	0
 849 00a1 00       		.byte	0
 850 00a2 0F       		.uleb128 0xf
 851 00a3 34       		.uleb128 0x34
 852 00a4 00       		.byte	0
 853 00a5 03       		.uleb128 0x3
 854 00a6 0E       		.uleb128 0xe
 855 00a7 3A       		.uleb128 0x3a
ARM GAS  C:\Users\ilya\AppData\Local\Temp\ccd7qxFk.s 			page 16


 856 00a8 0B       		.uleb128 0xb
 857 00a9 3B       		.uleb128 0x3b
 858 00aa 05       		.uleb128 0x5
 859 00ab 49       		.uleb128 0x49
 860 00ac 13       		.uleb128 0x13
 861 00ad 3F       		.uleb128 0x3f
 862 00ae 19       		.uleb128 0x19
 863 00af 02       		.uleb128 0x2
 864 00b0 18       		.uleb128 0x18
 865 00b1 00       		.byte	0
 866 00b2 00       		.byte	0
 867 00b3 00       		.byte	0
 868              		.section	.debug_aranges,"",%progbits
 869 0000 14000000 		.4byte	0x14
 870 0004 0200     		.2byte	0x2
 871 0006 00000000 		.4byte	.Ldebug_info0
 872 000a 04       		.byte	0x4
 873 000b 00       		.byte	0
 874 000c 0000     		.2byte	0
 875 000e 0000     		.2byte	0
 876 0010 00000000 		.4byte	0
 877 0014 00000000 		.4byte	0
 878              		.section	.debug_line,"",%progbits
 879              	.Ldebug_line0:
 880 0000 5D000000 		.section	.debug_str,"MS",%progbits,1
 880      02005700 
 880      00000201 
 880      FB0E0D00 
 880      01010101 
 881              	.LASF28:
 882 0000 55534255 		.ascii	"USBUART_DEVICE0_CONFIGURATION0_INTERFACE_CLASS\000"
 882      4152545F 
 882      44455649 
 882      4345305F 
 882      434F4E46 
 883              	.LASF35:
 884 002f 474E5520 		.ascii	"GNU C11 5.4.1 20160609 (release) [ARM/embedded-5-br"
 884      43313120 
 884      352E342E 
 884      31203230 
 884      31363036 
 885 0062 616E6368 		.ascii	"anch revision 237715] -mcpu=cortex-m3 -mthumb -g -O"
 885      20726576 
 885      6973696F 
 885      6E203233 
 885      37373135 
 886 0095 30202D66 		.ascii	"0 -ffunction-sections -ffat-lto-objects\000"
 886      66756E63 
 886      74696F6E 
 886      2D736563 
 886      74696F6E 
 887              	.LASF33:
 888 00bd 55534255 		.ascii	"USBUART_STRING_DESCRIPTORS\000"
 888      4152545F 
 888      53545249 
 888      4E475F44 
 888      45534352 
ARM GAS  C:\Users\ilya\AppData\Local\Temp\ccd7qxFk.s 			page 17


 889              	.LASF27:
 890 00d8 55534255 		.ascii	"USBUART_DEVICE0_CONFIGURATION0_EP_SETTINGS_TABLE\000"
 890      4152545F 
 890      44455649 
 890      4345305F 
 890      434F4E46 
 891              	.LASF36:
 892 0109 47656E65 		.ascii	"Generated_Source\\PSoC5\\USBUART_descr.c\000"
 892      72617465 
 892      645F536F 
 892      75726365 
 892      5C50536F 
 893              	.LASF25:
 894 0130 55534255 		.ascii	"USBUART_DEVICE0_DESCR\000"
 894      4152545F 
 894      44455649 
 894      4345305F 
 894      44455343 
 895              	.LASF11:
 896 0146 666C6F61 		.ascii	"float\000"
 896      7400
 897              	.LASF32:
 898 014c 55534255 		.ascii	"USBUART_SN_STRING_DESCRIPTOR\000"
 898      4152545F 
 898      534E5F53 
 898      5452494E 
 898      475F4445 
 899              	.LASF17:
 900 0169 616C7453 		.ascii	"altSetting\000"
 900      65747469 
 900      6E6700
 901              	.LASF1:
 902 0174 756E7369 		.ascii	"unsigned char\000"
 902      676E6564 
 902      20636861 
 902      7200
 903              	.LASF19:
 904 0182 61747472 		.ascii	"attributes\000"
 904      69627574 
 904      657300
 905              	.LASF22:
 906 018d 545F5553 		.ascii	"T_USBUART_EP_SETTINGS_BLOCK\000"
 906      42554152 
 906      545F4550 
 906      5F534554 
 906      54494E47 
 907              	.LASF5:
 908 01a9 6C6F6E67 		.ascii	"long unsigned int\000"
 908      20756E73 
 908      69676E65 
 908      6420696E 
 908      7400
 909              	.LASF18:
 910 01bb 61646472 		.ascii	"addr\000"
 910      00
 911              	.LASF29:
 912 01c0 55534255 		.ascii	"USBUART_DEVICE0_CONFIGURATION0_TABLE\000"
ARM GAS  C:\Users\ilya\AppData\Local\Temp\ccd7qxFk.s 			page 18


 912      4152545F 
 912      44455649 
 912      4345305F 
 912      434F4E46 
 913              	.LASF12:
 914 01e5 646F7562 		.ascii	"double\000"
 914      6C6500
 915              	.LASF10:
 916 01ec 75696E74 		.ascii	"uint16\000"
 916      313600
 917              	.LASF8:
 918 01f3 756E7369 		.ascii	"unsigned int\000"
 918      676E6564 
 918      20696E74 
 918      00
 919              	.LASF24:
 920 0200 545F5553 		.ascii	"T_USBUART_LUT\000"
 920      42554152 
 920      545F4C55 
 920      5400
 921              	.LASF7:
 922 020e 6C6F6E67 		.ascii	"long long unsigned int\000"
 922      206C6F6E 
 922      6720756E 
 922      7369676E 
 922      65642069 
 923              	.LASF26:
 924 0225 55534255 		.ascii	"USBUART_DEVICE0_CONFIGURATION0_DESCR\000"
 924      4152545F 
 924      44455649 
 924      4345305F 
 924      434F4E46 
 925              	.LASF37:
 926 024a 433A5C70 		.ascii	"C:\\psoc\\chamonix\\icm_stuff\\nanoNxt_ICM3_be_befo"
 926      736F635C 
 926      6368616D 
 926      6F6E6978 
 926      5C69636D 
 927 0279 72655F72 		.ascii	"re_russian\\nanoNxt_ICM3\\ext_pim.cydsn\000"
 927      75737369 
 927      616E5C6E 
 927      616E6F4E 
 927      78745F49 
 928              	.LASF23:
 929 029f 705F6C69 		.ascii	"p_list\000"
 929      737400
 930              	.LASF15:
 931 02a6 73697A65 		.ascii	"sizetype\000"
 931      74797065 
 931      00
 932              	.LASF6:
 933 02af 6C6F6E67 		.ascii	"long long int\000"
 933      206C6F6E 
 933      6720696E 
 933      7400
 934              	.LASF13:
 935 02bd 63686172 		.ascii	"char\000"
ARM GAS  C:\Users\ilya\AppData\Local\Temp\ccd7qxFk.s 			page 19


 935      00
 936              	.LASF20:
 937 02c2 62756666 		.ascii	"bufferSize\000"
 937      65725369 
 937      7A6500
 938              	.LASF31:
 939 02cd 55534255 		.ascii	"USBUART_TABLE\000"
 939      4152545F 
 939      5441424C 
 939      4500
 940              	.LASF2:
 941 02db 73686F72 		.ascii	"short int\000"
 941      7420696E 
 941      7400
 942              	.LASF9:
 943 02e5 75696E74 		.ascii	"uint8\000"
 943      3800
 944              	.LASF16:
 945 02eb 696E7465 		.ascii	"interface\000"
 945      72666163 
 945      6500
 946              	.LASF4:
 947 02f5 6C6F6E67 		.ascii	"long int\000"
 947      20696E74 
 947      00
 948              	.LASF14:
 949 02fe 6C6F6E67 		.ascii	"long double\000"
 949      20646F75 
 949      626C6500 
 950              	.LASF0:
 951 030a 7369676E 		.ascii	"signed char\000"
 951      65642063 
 951      68617200 
 952              	.LASF3:
 953 0316 73686F72 		.ascii	"short unsigned int\000"
 953      7420756E 
 953      7369676E 
 953      65642069 
 953      6E7400
 954              	.LASF30:
 955 0329 55534255 		.ascii	"USBUART_DEVICE0_TABLE\000"
 955      4152545F 
 955      44455649 
 955      4345305F 
 955      5441424C 
 956              	.LASF21:
 957 033f 624D6973 		.ascii	"bMisc\000"
 957      6300
 958              	.LASF34:
 959 0345 55534255 		.ascii	"USBUART_idSerialNumberStringDescriptor\000"
 959      4152545F 
 959      69645365 
 959      7269616C 
 959      4E756D62 
 960              		.ident	"GCC: (GNU Tools for ARM Embedded Processors) 5.4.1 20160609 (release) [ARM/embedded-5-bran
