--------------- Rebuild Started: 07/18/2016 15:40:11 Project: nanoNxt_ICM3, Configuration: ARM GCC 4.9-2015-q1-update Debug ---------------
Deleting file ".\CortexM3\ARM_GCC_493\Debug\main.o"
Deleting file ".\CortexM3\ARM_GCC_493\Debug\wiegand.o"
Deleting file ".\CortexM3\ARM_GCC_493\Debug\power.o"
Deleting file ".\CortexM3\ARM_GCC_493\Debug\inout.o"
Deleting file ".\CortexM3\ARM_GCC_493\Debug\i2cuart.o"
Deleting file ".\CortexM3\ARM_GCC_493\Debug\soft_uart.o"
Deleting file ".\CortexM3\ARM_GCC_493\Debug\osdp.o"
Deleting file ".\CortexM3\ARM_GCC_493\Debug\toc.o"
Deleting file ".\CortexM3\ARM_GCC_493\Debug\f2f.o"
Deleting file ".\CortexM3\ARM_GCC_493\Debug\cyfitter_cfg.o"
Deleting file ".\CortexM3\ARM_GCC_493\Debug\cymetadata.o"
Deleting file ".\CortexM3\ARM_GCC_493\Debug\RELAY_B.o"
Deleting file ".\CortexM3\ARM_GCC_493\Debug\SOUND_OUT.o"
Deleting file ".\CortexM3\ARM_GCC_493\Debug\Tamper_Timer_ISR.o"
Deleting file ".\CortexM3\ARM_GCC_493\Debug\PS_D0.o"
Deleting file ".\CortexM3\ARM_GCC_493\Debug\Pin_WD0.o"
Deleting file ".\CortexM3\ARM_GCC_493\Debug\Pin_WD1.o"
Deleting file ".\CortexM3\ARM_GCC_493\Debug\UART_1.o"
Deleting file ".\CortexM3\ARM_GCC_493\Debug\UART_1_PM.o"
Deleting file ".\CortexM3\ARM_GCC_493\Debug\UART_1_INT.o"
Deleting file ".\CortexM3\ARM_GCC_493\Debug\UART_1_BOOT.o"
Deleting file ".\CortexM3\ARM_GCC_493\Debug\TAMPER_OUT.o"
Deleting file ".\CortexM3\ARM_GCC_493\Debug\LEDG_OUT.o"
Deleting file ".\CortexM3\ARM_GCC_493\Debug\SOUND_IN.o"
Deleting file ".\CortexM3\ARM_GCC_493\Debug\LEDG_IN.o"
Deleting file ".\CortexM3\ARM_GCC_493\Debug\TAMPER_IN.o"
Deleting file ".\CortexM3\ARM_GCC_493\Debug\SW_Rst.o"
Deleting file ".\CortexM3\ARM_GCC_493\Debug\LEDR_IN.o"
Deleting file ".\CortexM3\ARM_GCC_493\Debug\LEDR_OUT.o"
Deleting file ".\CortexM3\ARM_GCC_493\Debug\REED_1.o"
Deleting file ".\CortexM3\ARM_GCC_493\Debug\REED_2.o"
Deleting file ".\CortexM3\ARM_GCC_493\Debug\RELAY_A.o"
Deleting file ".\CortexM3\ARM_GCC_493\Debug\Pin_VRef.o"
Deleting file ".\CortexM3\ARM_GCC_493\Debug\OptSelect.o"
Deleting file ".\CortexM3\ARM_GCC_493\Debug\OptSelect_PM.o"
Deleting file ".\CortexM3\ARM_GCC_493\Debug\Tamper_Timer.o"
Deleting file ".\CortexM3\ARM_GCC_493\Debug\Tamper_Timer_PM.o"
Deleting file ".\CortexM3\ARM_GCC_493\Debug\UART_TIMER.o"
Deleting file ".\CortexM3\ARM_GCC_493\Debug\UART_TIMER_PM.o"
Deleting file ".\CortexM3\ARM_GCC_493\Debug\UART_TIMER_ISR.o"
Deleting file ".\CortexM3\ARM_GCC_493\Debug\Cm3Start.o"
Deleting file ".\CortexM3\ARM_GCC_493\Debug\CyBootAsmGnu.o"
Deleting file ".\CortexM3\ARM_GCC_493\Debug\CyDmac.o"
Deleting file ".\CortexM3\ARM_GCC_493\Debug\CyFlash.o"
Deleting file ".\CortexM3\ARM_GCC_493\Debug\CyLib.o"
Deleting file ".\CortexM3\ARM_GCC_493\Debug\cyPm.o"
Deleting file ".\CortexM3\ARM_GCC_493\Debug\CySpc.o"
Deleting file ".\CortexM3\ARM_GCC_493\Debug\cyutils.o"
Deleting file ".\CortexM3\ARM_GCC_493\Debug\EZI2CPin.o"
Deleting file ".\CortexM3\ARM_GCC_493\Debug\EZI2Cs.o"
Deleting file ".\CortexM3\ARM_GCC_493\Debug\EZI2Cs_PM.o"
Deleting file ".\CortexM3\ARM_GCC_493\Debug\EZI2Cs_INT.o"
Deleting file ".\CortexM3\ARM_GCC_493\Debug\timer_clock.o"
Deleting file ".\CortexM3\ARM_GCC_493\Debug\cybootloader.o"
Deleting file ".\CortexM3\ARM_GCC_493\Debug\BootloadableI2C.o"
Deleting file ".\CortexM3\ARM_GCC_493\Debug\Clock_1.o"
Deleting file ".\CortexM3\ARM_GCC_493\Debug\Timeout_Timer.o"
Deleting file ".\CortexM3\ARM_GCC_493\Debug\Timeout_Timer_PM.o"
Deleting file ".\CortexM3\ARM_GCC_493\Debug\Timeout_Timer_Isr.o"
Deleting file ".\CortexM3\ARM_GCC_493\Debug\Clock_2.o"
Deleting file ".\CortexM3\ARM_GCC_493\Debug\BUS_CLK.o"
Deleting file ".\CortexM3\ARM_GCC_493\Debug\Clock_4.o"
Deleting file ".\CortexM3\ARM_GCC_493\Debug\Clock_5.o"
Deleting file ".\CortexM3\ARM_GCC_493\Debug\isr_F2F_edge.o"
Deleting file ".\CortexM3\ARM_GCC_493\Debug\FilterReg.o"
Deleting file ".\CortexM3\ARM_GCC_493\Debug\Mode_Sel_ACS.o"
Deleting file ".\CortexM3\ARM_GCC_493\Debug\TX_EN.o"
Deleting file ".\CortexM3\ARM_GCC_493\Debug\CR_DE.o"
Deleting file ".\CortexM3\ARM_GCC_493\Debug\Clock_6.o"
Deleting file ".\CortexM3\ARM_GCC_493\Debug\Mode_Sel_CR.o"
Deleting file ".\CortexM3\ARM_GCC_493\Debug\isr_keepalive.o"
Deleting file ".\CortexM3\ARM_GCC_493\Debug\OSDPReaderTimer.o"
Deleting file ".\CortexM3\ARM_GCC_493\Debug\OSDPReaderTimer_PM.o"
Deleting file ".\CortexM3\ARM_GCC_493\Debug\FltrReg.o"
Deleting file ".\CortexM3\ARM_GCC_493\Debug\isr_SW_Rst.o"
Deleting file ".\CortexM3\ARM_GCC_493\Debug\LED_GRN.o"
Deleting file ".\CortexM3\ARM_GCC_493\Debug\LED_RED.o"
Deleting file ".\CortexM3\ARM_GCC_493\Debug\LED_YEL.o"
Deleting file ".\CortexM3\ARM_GCC_493\Debug\UART_ACS.o"
Deleting file ".\CortexM3\ARM_GCC_493\Debug\UART_ACS_PM.o"
Deleting file ".\CortexM3\ARM_GCC_493\Debug\UART_ACS_INT.o"
Deleting file ".\CortexM3\ARM_GCC_493\Debug\UART_ACS_BOOT.o"
Deleting file ".\CortexM3\ARM_GCC_493\Debug\UART_READER.o"
Deleting file ".\CortexM3\ARM_GCC_493\Debug\UART_READER_PM.o"
Deleting file ".\CortexM3\ARM_GCC_493\Debug\UART_READER_INT.o"
Deleting file ".\CortexM3\ARM_GCC_493\Debug\UART_READER_BOOT.o"
Deleting file ".\CortexM3\ARM_GCC_493\Debug\isr_READER_rx.o"
Deleting file ".\CortexM3\ARM_GCC_493\Debug\Pulse_50us.o"
Deleting file ".\CortexM3\ARM_GCC_493\Debug\Pulse_50us_PM.o"
Deleting file ".\CortexM3\ARM_GCC_493\Debug\isr_50us.o"
Deleting file ".\CortexM3\ARM_GCC_493\Debug\PS_D1.o"
Deleting file ".\CortexM3\ARM_GCC_493\Debug\nanoNxt_ICM3.hex"
Deleting file ".\CortexM3\ARM_GCC_493\Debug\nanoNxt_ICM3.elf"
Deleting file ".\CortexM3\ARM_GCC_493\Debug\nanoNxt_ICM3.map"
Deleting file ".\CortexM3\ARM_GCC_493\Debug\nanoNxt_ICM3.cyacd"
Deleting file ".\nanoNxt_ICM3.cycdx"
Deleting file ".\nanoNxt_ICM3.svd"
Deleting file ".\nanoNxt_ICM3.rpt"
Deleting file ".\nanoNxt_ICM3_timing.html"
Deleting file ".\CortexM3\ARM_GCC_493\Debug\.deps\C_FILE.P"
Deleting file ".\CortexM3\ARM_GCC_493\Debug\.deps\ARM_C_FILE.P"
Deleting file ".\CortexM3\ARM_GCC_493\Debug\.deps\GNU_ARM_ASM_FILE.P"
cydsfit.exe -.appdatapath "C:\Users\yqh\AppData\Local\Cypress Semiconductor\PSoC Creator\3.3" -.fdsnotice -.fdswarpdepfile=warp_dependencies.txt -.fdselabdepfile=elab_dependencies.txt -.fdsbldfile=generated_files.txt -p C:\Users\yqh\Documents\works\NanoNXT\Pass_TOC\3.5.2\nanoNxt_ICM3.cydsn\nanoNxt_ICM3.cyprj -d CY8C5268LTI-LP030 -s C:\Users\yqh\Documents\works\NanoNXT\Pass_TOC\3.5.2\nanoNxt_ICM3.cydsn\Generated_Source\PSoC5 -- -yv2 -q10 -ygs -o2 -v3 -.fftcfgtype=LE
Elaborating Design...
HDL Generation ...
Synthesis ...
Place and Route ...
Tech mapping ...
Analog Placement ...
Analog Routing ...
Analog Code Generation ...
Digital Placement ...
Digital Routing ...
Bitstream Generation ...
Static timing analysis ...
API Generation ...
Dependency Generation ...
Clean Temporary Files ...
arm-none-eabi-gcc.exe -mcpu=cortex-m3 -mthumb -Wno-main -I. -IGenerated_Source\PSoC5 -Wa,-alh=.\CortexM3\ARM_GCC_493\Debug/main.lst -g -D DEBUG -Wall -ffunction-sections -O0 -ffat-lto-objects -c .\main.c -o .\CortexM3\ARM_GCC_493\Debug\main.o
.\main.c: In function 'HandleCommand':
.\main.c:338:17: warning: implicit declaration of function 'BootloadableI2C_Load' [-Wimplicit-function-declaration]
                 BootloadableI2C_Load();  //yqh debug mode
                 ^
arm-none-eabi-gcc.exe -mcpu=cortex-m3 -mthumb -Wno-main -I. -IGenerated_Source\PSoC5 -Wa,-alh=.\CortexM3\ARM_GCC_493\Debug/wiegand.lst -g -D DEBUG -Wall -ffunction-sections -O0 -ffat-lto-objects -c .\wiegand.c -o .\CortexM3\ARM_GCC_493\Debug\wiegand.o
arm-none-eabi-gcc.exe -mcpu=cortex-m3 -mthumb -Wno-main -I. -IGenerated_Source\PSoC5 -Wa,-alh=.\CortexM3\ARM_GCC_493\Debug/power.lst -g -D DEBUG -Wall -ffunction-sections -O0 -ffat-lto-objects -c .\power.c -o .\CortexM3\ARM_GCC_493\Debug\power.o
arm-none-eabi-gcc.exe -mcpu=cortex-m3 -mthumb -Wno-main -I. -IGenerated_Source\PSoC5 -Wa,-alh=.\CortexM3\ARM_GCC_493\Debug/inout.lst -g -D DEBUG -Wall -ffunction-sections -O0 -ffat-lto-objects -c .\inout.c -o .\CortexM3\ARM_GCC_493\Debug\inout.o
arm-none-eabi-gcc.exe -mcpu=cortex-m3 -mthumb -Wno-main -I. -IGenerated_Source\PSoC5 -Wa,-alh=.\CortexM3\ARM_GCC_493\Debug/i2cuart.lst -g -D DEBUG -Wall -ffunction-sections -O0 -ffat-lto-objects -c .\i2cuart.c -o .\CortexM3\ARM_GCC_493\Debug\i2cuart.o
arm-none-eabi-gcc.exe -mcpu=cortex-m3 -mthumb -Wno-main -I. -IGenerated_Source\PSoC5 -Wa,-alh=.\CortexM3\ARM_GCC_493\Debug/soft_uart.lst -g -D DEBUG -Wall -ffunction-sections -O0 -ffat-lto-objects -c .\soft_uart.c -o .\CortexM3\ARM_GCC_493\Debug\soft_uart.o
arm-none-eabi-gcc.exe -mcpu=cortex-m3 -mthumb -Wno-main -I. -IGenerated_Source\PSoC5 -Wa,-alh=.\CortexM3\ARM_GCC_493\Debug/osdp.lst -g -D DEBUG -Wall -ffunction-sections -O0 -ffat-lto-objects -c .\osdp.c -o .\CortexM3\ARM_GCC_493\Debug\osdp.o
arm-none-eabi-gcc.exe -mcpu=cortex-m3 -mthumb -Wno-main -I. -IGenerated_Source\PSoC5 -Wa,-alh=.\CortexM3\ARM_GCC_493\Debug/toc.lst -g -D DEBUG -Wall -ffunction-sections -O0 -ffat-lto-objects -c .\toc.c -o .\CortexM3\ARM_GCC_493\Debug\toc.o
arm-none-eabi-gcc.exe -mcpu=cortex-m3 -mthumb -Wno-main -I. -IGenerated_Source\PSoC5 -Wa,-alh=.\CortexM3\ARM_GCC_493\Debug/f2f.lst -g -D DEBUG -Wall -ffunction-sections -O0 -ffat-lto-objects -c .\f2f.c -o .\CortexM3\ARM_GCC_493\Debug\f2f.o
arm-none-eabi-gcc.exe -mcpu=cortex-m3 -mthumb -Wno-main -I. -IGenerated_Source\PSoC5 -Wa,-alh=.\CortexM3\ARM_GCC_493\Debug/cyfitter_cfg.lst -g -D DEBUG -Wall -ffunction-sections -O0 -ffat-lto-objects -c .\Generated_Source\PSoC5\cyfitter_cfg.c -o .\CortexM3\ARM_GCC_493\Debug\cyfitter_cfg.o
arm-none-eabi-gcc.exe -mcpu=cortex-m3 -mthumb -Wno-main -I. -IGenerated_Source\PSoC5 -Wa,-alh=.\CortexM3\ARM_GCC_493\Debug/cymetadata.lst -g -D DEBUG -Wall -ffunction-sections -O0 -ffat-lto-objects -c .\Generated_Source\PSoC5\cymetadata.c -o .\CortexM3\ARM_GCC_493\Debug\cymetadata.o
arm-none-eabi-gcc.exe -mcpu=cortex-m3 -mthumb -Wno-main -I. -IGenerated_Source\PSoC5 -Wa,-alh=.\CortexM3\ARM_GCC_493\Debug/RELAY_B.lst -g -D DEBUG -Wall -ffunction-sections -O0 -ffat-lto-objects -c .\Generated_Source\PSoC5\RELAY_B.c -o .\CortexM3\ARM_GCC_493\Debug\RELAY_B.o
arm-none-eabi-gcc.exe -mcpu=cortex-m3 -mthumb -Wno-main -I. -IGenerated_Source\PSoC5 -Wa,-alh=.\CortexM3\ARM_GCC_493\Debug/SOUND_OUT.lst -g -D DEBUG -Wall -ffunction-sections -O0 -ffat-lto-objects -c .\Generated_Source\PSoC5\SOUND_OUT.c -o .\CortexM3\ARM_GCC_493\Debug\SOUND_OUT.o
arm-none-eabi-gcc.exe -mcpu=cortex-m3 -mthumb -Wno-main -I. -IGenerated_Source\PSoC5 -Wa,-alh=.\CortexM3\ARM_GCC_493\Debug/Tamper_Timer_ISR.lst -g -D DEBUG -Wall -ffunction-sections -O0 -ffat-lto-objects -c .\Generated_Source\PSoC5\Tamper_Timer_ISR.c -o .\CortexM3\ARM_GCC_493\Debug\Tamper_Timer_ISR.o
arm-none-eabi-gcc.exe -mcpu=cortex-m3 -mthumb -Wno-main -I. -IGenerated_Source\PSoC5 -Wa,-alh=.\CortexM3\ARM_GCC_493\Debug/PS_D0.lst -g -D DEBUG -Wall -ffunction-sections -O0 -ffat-lto-objects -c .\Generated_Source\PSoC5\PS_D0.c -o .\CortexM3\ARM_GCC_493\Debug\PS_D0.o
arm-none-eabi-gcc.exe -mcpu=cortex-m3 -mthumb -Wno-main -I. -IGenerated_Source\PSoC5 -Wa,-alh=.\CortexM3\ARM_GCC_493\Debug/Pin_WD0.lst -g -D DEBUG -Wall -ffunction-sections -O0 -ffat-lto-objects -c .\Generated_Source\PSoC5\Pin_WD0.c -o .\CortexM3\ARM_GCC_493\Debug\Pin_WD0.o
arm-none-eabi-gcc.exe -mcpu=cortex-m3 -mthumb -Wno-main -I. -IGenerated_Source\PSoC5 -Wa,-alh=.\CortexM3\ARM_GCC_493\Debug/Pin_WD1.lst -g -D DEBUG -Wall -ffunction-sections -O0 -ffat-lto-objects -c .\Generated_Source\PSoC5\Pin_WD1.c -o .\CortexM3\ARM_GCC_493\Debug\Pin_WD1.o
arm-none-eabi-gcc.exe -mcpu=cortex-m3 -mthumb -Wno-main -I. -IGenerated_Source\PSoC5 -Wa,-alh=.\CortexM3\ARM_GCC_493\Debug/UART_1.lst -g -D DEBUG -Wall -ffunction-sections -O0 -ffat-lto-objects -c .\Generated_Source\PSoC5\UART_1.c -o .\CortexM3\ARM_GCC_493\Debug\UART_1.o
arm-none-eabi-gcc.exe -mcpu=cortex-m3 -mthumb -Wno-main -I. -IGenerated_Source\PSoC5 -Wa,-alh=.\CortexM3\ARM_GCC_493\Debug/UART_1_PM.lst -g -D DEBUG -Wall -ffunction-sections -O0 -ffat-lto-objects -c .\Generated_Source\PSoC5\UART_1_PM.c -o .\CortexM3\ARM_GCC_493\Debug\UART_1_PM.o
arm-none-eabi-gcc.exe -mcpu=cortex-m3 -mthumb -Wno-main -I. -IGenerated_Source\PSoC5 -Wa,-alh=.\CortexM3\ARM_GCC_493\Debug/UART_1_INT.lst -g -D DEBUG -Wall -ffunction-sections -O0 -ffat-lto-objects -c .\Generated_Source\PSoC5\UART_1_INT.c -o .\CortexM3\ARM_GCC_493\Debug\UART_1_INT.o
arm-none-eabi-gcc.exe -mcpu=cortex-m3 -mthumb -Wno-main -I. -IGenerated_Source\PSoC5 -Wa,-alh=.\CortexM3\ARM_GCC_493\Debug/UART_1_BOOT.lst -g -D DEBUG -Wall -ffunction-sections -O0 -ffat-lto-objects -c .\Generated_Source\PSoC5\UART_1_BOOT.c -o .\CortexM3\ARM_GCC_493\Debug\UART_1_BOOT.o
arm-none-eabi-gcc.exe -mcpu=cortex-m3 -mthumb -Wno-main -I. -IGenerated_Source\PSoC5 -Wa,-alh=.\CortexM3\ARM_GCC_493\Debug/TAMPER_OUT.lst -g -D DEBUG -Wall -ffunction-sections -O0 -ffat-lto-objects -c .\Generated_Source\PSoC5\TAMPER_OUT.c -o .\CortexM3\ARM_GCC_493\Debug\TAMPER_OUT.o
arm-none-eabi-gcc.exe -mcpu=cortex-m3 -mthumb -Wno-main -I. -IGenerated_Source\PSoC5 -Wa,-alh=.\CortexM3\ARM_GCC_493\Debug/LEDG_OUT.lst -g -D DEBUG -Wall -ffunction-sections -O0 -ffat-lto-objects -c .\Generated_Source\PSoC5\LEDG_OUT.c -o .\CortexM3\ARM_GCC_493\Debug\LEDG_OUT.o
arm-none-eabi-gcc.exe -mcpu=cortex-m3 -mthumb -Wno-main -I. -IGenerated_Source\PSoC5 -Wa,-alh=.\CortexM3\ARM_GCC_493\Debug/SOUND_IN.lst -g -D DEBUG -Wall -ffunction-sections -O0 -ffat-lto-objects -c .\Generated_Source\PSoC5\SOUND_IN.c -o .\CortexM3\ARM_GCC_493\Debug\SOUND_IN.o
arm-none-eabi-gcc.exe -mcpu=cortex-m3 -mthumb -Wno-main -I. -IGenerated_Source\PSoC5 -Wa,-alh=.\CortexM3\ARM_GCC_493\Debug/LEDG_IN.lst -g -D DEBUG -Wall -ffunction-sections -O0 -ffat-lto-objects -c .\Generated_Source\PSoC5\LEDG_IN.c -o .\CortexM3\ARM_GCC_493\Debug\LEDG_IN.o
arm-none-eabi-gcc.exe -mcpu=cortex-m3 -mthumb -Wno-main -I. -IGenerated_Source\PSoC5 -Wa,-alh=.\CortexM3\ARM_GCC_493\Debug/TAMPER_IN.lst -g -D DEBUG -Wall -ffunction-sections -O0 -ffat-lto-objects -c .\Generated_Source\PSoC5\TAMPER_IN.c -o .\CortexM3\ARM_GCC_493\Debug\TAMPER_IN.o
arm-none-eabi-gcc.exe -mcpu=cortex-m3 -mthumb -Wno-main -I. -IGenerated_Source\PSoC5 -Wa,-alh=.\CortexM3\ARM_GCC_493\Debug/SW_Rst.lst -g -D DEBUG -Wall -ffunction-sections -O0 -ffat-lto-objects -c .\Generated_Source\PSoC5\SW_Rst.c -o .\CortexM3\ARM_GCC_493\Debug\SW_Rst.o
arm-none-eabi-gcc.exe -mcpu=cortex-m3 -mthumb -Wno-main -I. -IGenerated_Source\PSoC5 -Wa,-alh=.\CortexM3\ARM_GCC_493\Debug/LEDR_IN.lst -g -D DEBUG -Wall -ffunction-sections -O0 -ffat-lto-objects -c .\Generated_Source\PSoC5\LEDR_IN.c -o .\CortexM3\ARM_GCC_493\Debug\LEDR_IN.o
arm-none-eabi-gcc.exe -mcpu=cortex-m3 -mthumb -Wno-main -I. -IGenerated_Source\PSoC5 -Wa,-alh=.\CortexM3\ARM_GCC_493\Debug/LEDR_OUT.lst -g -D DEBUG -Wall -ffunction-sections -O0 -ffat-lto-objects -c .\Generated_Source\PSoC5\LEDR_OUT.c -o .\CortexM3\ARM_GCC_493\Debug\LEDR_OUT.o
arm-none-eabi-gcc.exe -mcpu=cortex-m3 -mthumb -Wno-main -I. -IGenerated_Source\PSoC5 -Wa,-alh=.\CortexM3\ARM_GCC_493\Debug/REED_1.lst -g -D DEBUG -Wall -ffunction-sections -O0 -ffat-lto-objects -c .\Generated_Source\PSoC5\REED_1.c -o .\CortexM3\ARM_GCC_493\Debug\REED_1.o
arm-none-eabi-gcc.exe -mcpu=cortex-m3 -mthumb -Wno-main -I. -IGenerated_Source\PSoC5 -Wa,-alh=.\CortexM3\ARM_GCC_493\Debug/REED_2.lst -g -D DEBUG -Wall -ffunction-sections -O0 -ffat-lto-objects -c .\Generated_Source\PSoC5\REED_2.c -o .\CortexM3\ARM_GCC_493\Debug\REED_2.o
arm-none-eabi-gcc.exe -mcpu=cortex-m3 -mthumb -Wno-main -I. -IGenerated_Source\PSoC5 -Wa,-alh=.\CortexM3\ARM_GCC_493\Debug/RELAY_A.lst -g -D DEBUG -Wall -ffunction-sections -O0 -ffat-lto-objects -c .\Generated_Source\PSoC5\RELAY_A.c -o .\CortexM3\ARM_GCC_493\Debug\RELAY_A.o
arm-none-eabi-gcc.exe -mcpu=cortex-m3 -mthumb -Wno-main -I. -IGenerated_Source\PSoC5 -Wa,-alh=.\CortexM3\ARM_GCC_493\Debug/Pin_VRef.lst -g -D DEBUG -Wall -ffunction-sections -O0 -ffat-lto-objects -c .\Generated_Source\PSoC5\Pin_VRef.c -o .\CortexM3\ARM_GCC_493\Debug\Pin_VRef.o
arm-none-eabi-gcc.exe -mcpu=cortex-m3 -mthumb -Wno-main -I. -IGenerated_Source\PSoC5 -Wa,-alh=.\CortexM3\ARM_GCC_493\Debug/OptSelect.lst -g -D DEBUG -Wall -ffunction-sections -O0 -ffat-lto-objects -c .\Generated_Source\PSoC5\OptSelect.c -o .\CortexM3\ARM_GCC_493\Debug\OptSelect.o
arm-none-eabi-gcc.exe -mcpu=cortex-m3 -mthumb -Wno-main -I. -IGenerated_Source\PSoC5 -Wa,-alh=.\CortexM3\ARM_GCC_493\Debug/OptSelect_PM.lst -g -D DEBUG -Wall -ffunction-sections -O0 -ffat-lto-objects -c .\Generated_Source\PSoC5\OptSelect_PM.c -o .\CortexM3\ARM_GCC_493\Debug\OptSelect_PM.o
arm-none-eabi-gcc.exe -mcpu=cortex-m3 -mthumb -Wno-main -I. -IGenerated_Source\PSoC5 -Wa,-alh=.\CortexM3\ARM_GCC_493\Debug/Tamper_Timer.lst -g -D DEBUG -Wall -ffunction-sections -O0 -ffat-lto-objects -c .\Generated_Source\PSoC5\Tamper_Timer.c -o .\CortexM3\ARM_GCC_493\Debug\Tamper_Timer.o
arm-none-eabi-gcc.exe -mcpu=cortex-m3 -mthumb -Wno-main -I. -IGenerated_Source\PSoC5 -Wa,-alh=.\CortexM3\ARM_GCC_493\Debug/Tamper_Timer_PM.lst -g -D DEBUG -Wall -ffunction-sections -O0 -ffat-lto-objects -c .\Generated_Source\PSoC5\Tamper_Timer_PM.c -o .\CortexM3\ARM_GCC_493\Debug\Tamper_Timer_PM.o
arm-none-eabi-gcc.exe -mcpu=cortex-m3 -mthumb -Wno-main -I. -IGenerated_Source\PSoC5 -Wa,-alh=.\CortexM3\ARM_GCC_493\Debug/UART_TIMER.lst -g -D DEBUG -Wall -ffunction-sections -O0 -ffat-lto-objects -c .\Generated_Source\PSoC5\UART_TIMER.c -o .\CortexM3\ARM_GCC_493\Debug\UART_TIMER.o
arm-none-eabi-gcc.exe -mcpu=cortex-m3 -mthumb -Wno-main -I. -IGenerated_Source\PSoC5 -Wa,-alh=.\CortexM3\ARM_GCC_493\Debug/UART_TIMER_PM.lst -g -D DEBUG -Wall -ffunction-sections -O0 -ffat-lto-objects -c .\Generated_Source\PSoC5\UART_TIMER_PM.c -o .\CortexM3\ARM_GCC_493\Debug\UART_TIMER_PM.o
arm-none-eabi-gcc.exe -mcpu=cortex-m3 -mthumb -Wno-main -I. -IGenerated_Source\PSoC5 -Wa,-alh=.\CortexM3\ARM_GCC_493\Debug/UART_TIMER_ISR.lst -g -D DEBUG -Wall -ffunction-sections -O0 -ffat-lto-objects -c .\Generated_Source\PSoC5\UART_TIMER_ISR.c -o .\CortexM3\ARM_GCC_493\Debug\UART_TIMER_ISR.o
arm-none-eabi-gcc.exe -mcpu=cortex-m3 -mthumb -Wno-main -I. -IGenerated_Source\PSoC5 -Wa,-alh=.\CortexM3\ARM_GCC_493\Debug/Cm3Start.lst -g -D DEBUG -Wall -ffunction-sections -O0 -ffat-lto-objects -c .\Generated_Source\PSoC5\Cm3Start.c -o .\CortexM3\ARM_GCC_493\Debug\Cm3Start.o
arm-none-eabi-as.exe -mcpu=cortex-m3 -mthumb -I. -IGenerated_Source\PSoC5 -alh=.\CortexM3\ARM_GCC_493\Debug/CyBootAsmGnu.lst -g -o .\CortexM3\ARM_GCC_493\Debug\CyBootAsmGnu.o .\Generated_Source\PSoC5\CyBootAsmGnu.s
arm-none-eabi-gcc.exe -mcpu=cortex-m3 -mthumb -Wno-main -I. -IGenerated_Source\PSoC5 -Wa,-alh=.\CortexM3\ARM_GCC_493\Debug/CyDmac.lst -g -D DEBUG -Wall -ffunction-sections -O0 -ffat-lto-objects -c .\Generated_Source\PSoC5\CyDmac.c -o .\CortexM3\ARM_GCC_493\Debug\CyDmac.o
arm-none-eabi-gcc.exe -mcpu=cortex-m3 -mthumb -Wno-main -I. -IGenerated_Source\PSoC5 -Wa,-alh=.\CortexM3\ARM_GCC_493\Debug/CyFlash.lst -g -D DEBUG -Wall -ffunction-sections -O0 -ffat-lto-objects -c .\Generated_Source\PSoC5\CyFlash.c -o .\CortexM3\ARM_GCC_493\Debug\CyFlash.o
arm-none-eabi-gcc.exe -mcpu=cortex-m3 -mthumb -Wno-main -I. -IGenerated_Source\PSoC5 -Wa,-alh=.\CortexM3\ARM_GCC_493\Debug/CyLib.lst -g -D DEBUG -Wall -ffunction-sections -O0 -ffat-lto-objects -c .\Generated_Source\PSoC5\CyLib.c -o .\CortexM3\ARM_GCC_493\Debug\CyLib.o
arm-none-eabi-gcc.exe -mcpu=cortex-m3 -mthumb -Wno-main -I. -IGenerated_Source\PSoC5 -Wa,-alh=.\CortexM3\ARM_GCC_493\Debug/cyPm.lst -g -D DEBUG -Wall -ffunction-sections -O0 -ffat-lto-objects -c .\Generated_Source\PSoC5\cyPm.c -o .\CortexM3\ARM_GCC_493\Debug\cyPm.o
arm-none-eabi-gcc.exe -mcpu=cortex-m3 -mthumb -Wno-main -I. -IGenerated_Source\PSoC5 -Wa,-alh=.\CortexM3\ARM_GCC_493\Debug/CySpc.lst -g -D DEBUG -Wall -ffunction-sections -O0 -ffat-lto-objects -c .\Generated_Source\PSoC5\CySpc.c -o .\CortexM3\ARM_GCC_493\Debug\CySpc.o
arm-none-eabi-gcc.exe -mcpu=cortex-m3 -mthumb -Wno-main -I. -IGenerated_Source\PSoC5 -Wa,-alh=.\CortexM3\ARM_GCC_493\Debug/cyutils.lst -g -D DEBUG -Wall -ffunction-sections -O0 -ffat-lto-objects -c .\Generated_Source\PSoC5\cyutils.c -o .\CortexM3\ARM_GCC_493\Debug\cyutils.o
arm-none-eabi-gcc.exe -mcpu=cortex-m3 -mthumb -Wno-main -I. -IGenerated_Source\PSoC5 -Wa,-alh=.\CortexM3\ARM_GCC_493\Debug/EZI2CPin.lst -g -D DEBUG -Wall -ffunction-sections -O0 -ffat-lto-objects -c .\Generated_Source\PSoC5\EZI2CPin.c -o .\CortexM3\ARM_GCC_493\Debug\EZI2CPin.o
arm-none-eabi-gcc.exe -mcpu=cortex-m3 -mthumb -Wno-main -I. -IGenerated_Source\PSoC5 -Wa,-alh=.\CortexM3\ARM_GCC_493\Debug/EZI2Cs.lst -g -D DEBUG -Wall -ffunction-sections -O0 -ffat-lto-objects -c .\Generated_Source\PSoC5\EZI2Cs.c -o .\CortexM3\ARM_GCC_493\Debug\EZI2Cs.o
arm-none-eabi-gcc.exe -mcpu=cortex-m3 -mthumb -Wno-main -I. -IGenerated_Source\PSoC5 -Wa,-alh=.\CortexM3\ARM_GCC_493\Debug/EZI2Cs_PM.lst -g -D DEBUG -Wall -ffunction-sections -O0 -ffat-lto-objects -c .\Generated_Source\PSoC5\EZI2Cs_PM.c -o .\CortexM3\ARM_GCC_493\Debug\EZI2Cs_PM.o
arm-none-eabi-gcc.exe -mcpu=cortex-m3 -mthumb -Wno-main -I. -IGenerated_Source\PSoC5 -Wa,-alh=.\CortexM3\ARM_GCC_493\Debug/EZI2Cs_INT.lst -g -D DEBUG -Wall -ffunction-sections -O0 -ffat-lto-objects -c .\Generated_Source\PSoC5\EZI2Cs_INT.c -o .\CortexM3\ARM_GCC_493\Debug\EZI2Cs_INT.o
arm-none-eabi-gcc.exe -mcpu=cortex-m3 -mthumb -Wno-main -I. -IGenerated_Source\PSoC5 -Wa,-alh=.\CortexM3\ARM_GCC_493\Debug/timer_clock.lst -g -D DEBUG -Wall -ffunction-sections -O0 -ffat-lto-objects -c .\Generated_Source\PSoC5\timer_clock.c -o .\CortexM3\ARM_GCC_493\Debug\timer_clock.o
arm-none-eabi-gcc.exe -mcpu=cortex-m3 -mthumb -Wno-main -I. -IGenerated_Source\PSoC5 -Wa,-alh=.\CortexM3\ARM_GCC_493\Debug/Clock_1.lst -g -D DEBUG -Wall -ffunction-sections -O0 -ffat-lto-objects -c .\Generated_Source\PSoC5\Clock_1.c -o .\CortexM3\ARM_GCC_493\Debug\Clock_1.o
arm-none-eabi-gcc.exe -mcpu=cortex-m3 -mthumb -Wno-main -I. -IGenerated_Source\PSoC5 -Wa,-alh=.\CortexM3\ARM_GCC_493\Debug/Timeout_Timer.lst -g -D DEBUG -Wall -ffunction-sections -O0 -ffat-lto-objects -c .\Generated_Source\PSoC5\Timeout_Timer.c -o .\CortexM3\ARM_GCC_493\Debug\Timeout_Timer.o
arm-none-eabi-gcc.exe -mcpu=cortex-m3 -mthumb -Wno-main -I. -IGenerated_Source\PSoC5 -Wa,-alh=.\CortexM3\ARM_GCC_493\Debug/Timeout_Timer_PM.lst -g -D DEBUG -Wall -ffunction-sections -O0 -ffat-lto-objects -c .\Generated_Source\PSoC5\Timeout_Timer_PM.c -o .\CortexM3\ARM_GCC_493\Debug\Timeout_Timer_PM.o
arm-none-eabi-gcc.exe -mcpu=cortex-m3 -mthumb -Wno-main -I. -IGenerated_Source\PSoC5 -Wa,-alh=.\CortexM3\ARM_GCC_493\Debug/Timeout_Timer_Isr.lst -g -D DEBUG -Wall -ffunction-sections -O0 -ffat-lto-objects -c .\Generated_Source\PSoC5\Timeout_Timer_Isr.c -o .\CortexM3\ARM_GCC_493\Debug\Timeout_Timer_Isr.o
arm-none-eabi-gcc.exe -mcpu=cortex-m3 -mthumb -Wno-main -I. -IGenerated_Source\PSoC5 -Wa,-alh=.\CortexM3\ARM_GCC_493\Debug/Clock_2.lst -g -D DEBUG -Wall -ffunction-sections -O0 -ffat-lto-objects -c .\Generated_Source\PSoC5\Clock_2.c -o .\CortexM3\ARM_GCC_493\Debug\Clock_2.o
arm-none-eabi-gcc.exe -mcpu=cortex-m3 -mthumb -Wno-main -I. -IGenerated_Source\PSoC5 -Wa,-alh=.\CortexM3\ARM_GCC_493\Debug/BUS_CLK.lst -g -D DEBUG -Wall -ffunction-sections -O0 -ffat-lto-objects -c .\Generated_Source\PSoC5\BUS_CLK.c -o .\CortexM3\ARM_GCC_493\Debug\BUS_CLK.o
arm-none-eabi-gcc.exe -mcpu=cortex-m3 -mthumb -Wno-main -I. -IGenerated_Source\PSoC5 -Wa,-alh=.\CortexM3\ARM_GCC_493\Debug/Clock_4.lst -g -D DEBUG -Wall -ffunction-sections -O0 -ffat-lto-objects -c .\Generated_Source\PSoC5\Clock_4.c -o .\CortexM3\ARM_GCC_493\Debug\Clock_4.o
arm-none-eabi-gcc.exe -mcpu=cortex-m3 -mthumb -Wno-main -I. -IGenerated_Source\PSoC5 -Wa,-alh=.\CortexM3\ARM_GCC_493\Debug/Clock_5.lst -g -D DEBUG -Wall -ffunction-sections -O0 -ffat-lto-objects -c .\Generated_Source\PSoC5\Clock_5.c -o .\CortexM3\ARM_GCC_493\Debug\Clock_5.o
arm-none-eabi-gcc.exe -mcpu=cortex-m3 -mthumb -Wno-main -I. -IGenerated_Source\PSoC5 -Wa,-alh=.\CortexM3\ARM_GCC_493\Debug/isr_F2F_edge.lst -g -D DEBUG -Wall -ffunction-sections -O0 -ffat-lto-objects -c .\Generated_Source\PSoC5\isr_F2F_edge.c -o .\CortexM3\ARM_GCC_493\Debug\isr_F2F_edge.o
arm-none-eabi-gcc.exe -mcpu=cortex-m3 -mthumb -Wno-main -I. -IGenerated_Source\PSoC5 -Wa,-alh=.\CortexM3\ARM_GCC_493\Debug/FilterReg.lst -g -D DEBUG -Wall -ffunction-sections -O0 -ffat-lto-objects -c .\Generated_Source\PSoC5\FilterReg.c -o .\CortexM3\ARM_GCC_493\Debug\FilterReg.o
arm-none-eabi-gcc.exe -mcpu=cortex-m3 -mthumb -Wno-main -I. -IGenerated_Source\PSoC5 -Wa,-alh=.\CortexM3\ARM_GCC_493\Debug/Mode_Sel_ACS.lst -g -D DEBUG -Wall -ffunction-sections -O0 -ffat-lto-objects -c .\Generated_Source\PSoC5\Mode_Sel_ACS.c -o .\CortexM3\ARM_GCC_493\Debug\Mode_Sel_ACS.o
arm-none-eabi-gcc.exe -mcpu=cortex-m3 -mthumb -Wno-main -I. -IGenerated_Source\PSoC5 -Wa,-alh=.\CortexM3\ARM_GCC_493\Debug/TX_EN.lst -g -D DEBUG -Wall -ffunction-sections -O0 -ffat-lto-objects -c .\Generated_Source\PSoC5\TX_EN.c -o .\CortexM3\ARM_GCC_493\Debug\TX_EN.o
arm-none-eabi-gcc.exe -mcpu=cortex-m3 -mthumb -Wno-main -I. -IGenerated_Source\PSoC5 -Wa,-alh=.\CortexM3\ARM_GCC_493\Debug/CR_DE.lst -g -D DEBUG -Wall -ffunction-sections -O0 -ffat-lto-objects -c .\Generated_Source\PSoC5\CR_DE.c -o .\CortexM3\ARM_GCC_493\Debug\CR_DE.o
arm-none-eabi-gcc.exe -mcpu=cortex-m3 -mthumb -Wno-main -I. -IGenerated_Source\PSoC5 -Wa,-alh=.\CortexM3\ARM_GCC_493\Debug/Clock_6.lst -g -D DEBUG -Wall -ffunction-sections -O0 -ffat-lto-objects -c .\Generated_Source\PSoC5\Clock_6.c -o .\CortexM3\ARM_GCC_493\Debug\Clock_6.o
arm-none-eabi-gcc.exe -mcpu=cortex-m3 -mthumb -Wno-main -I. -IGenerated_Source\PSoC5 -Wa,-alh=.\CortexM3\ARM_GCC_493\Debug/Mode_Sel_CR.lst -g -D DEBUG -Wall -ffunction-sections -O0 -ffat-lto-objects -c .\Generated_Source\PSoC5\Mode_Sel_CR.c -o .\CortexM3\ARM_GCC_493\Debug\Mode_Sel_CR.o
arm-none-eabi-gcc.exe -mcpu=cortex-m3 -mthumb -Wno-main -I. -IGenerated_Source\PSoC5 -Wa,-alh=.\CortexM3\ARM_GCC_493\Debug/isr_keepalive.lst -g -D DEBUG -Wall -ffunction-sections -O0 -ffat-lto-objects -c .\Generated_Source\PSoC5\isr_keepalive.c -o .\CortexM3\ARM_GCC_493\Debug\isr_keepalive.o
arm-none-eabi-gcc.exe -mcpu=cortex-m3 -mthumb -Wno-main -I. -IGenerated_Source\PSoC5 -Wa,-alh=.\CortexM3\ARM_GCC_493\Debug/OSDPReaderTimer.lst -g -D DEBUG -Wall -ffunction-sections -O0 -ffat-lto-objects -c .\Generated_Source\PSoC5\OSDPReaderTimer.c -o .\CortexM3\ARM_GCC_493\Debug\OSDPReaderTimer.o
arm-none-eabi-gcc.exe -mcpu=cortex-m3 -mthumb -Wno-main -I. -IGenerated_Source\PSoC5 -Wa,-alh=.\CortexM3\ARM_GCC_493\Debug/OSDPReaderTimer_PM.lst -g -D DEBUG -Wall -ffunction-sections -O0 -ffat-lto-objects -c .\Generated_Source\PSoC5\OSDPReaderTimer_PM.c -o .\CortexM3\ARM_GCC_493\Debug\OSDPReaderTimer_PM.o
arm-none-eabi-gcc.exe -mcpu=cortex-m3 -mthumb -Wno-main -I. -IGenerated_Source\PSoC5 -Wa,-alh=.\CortexM3\ARM_GCC_493\Debug/FltrReg.lst -g -D DEBUG -Wall -ffunction-sections -O0 -ffat-lto-objects -c .\Generated_Source\PSoC5\FltrReg.c -o .\CortexM3\ARM_GCC_493\Debug\FltrReg.o
arm-none-eabi-gcc.exe -mcpu=cortex-m3 -mthumb -Wno-main -I. -IGenerated_Source\PSoC5 -Wa,-alh=.\CortexM3\ARM_GCC_493\Debug/isr_SW_Rst.lst -g -D DEBUG -Wall -ffunction-sections -O0 -ffat-lto-objects -c .\Generated_Source\PSoC5\isr_SW_Rst.c -o .\CortexM3\ARM_GCC_493\Debug\isr_SW_Rst.o
arm-none-eabi-gcc.exe -mcpu=cortex-m3 -mthumb -Wno-main -I. -IGenerated_Source\PSoC5 -Wa,-alh=.\CortexM3\ARM_GCC_493\Debug/LED_GRN.lst -g -D DEBUG -Wall -ffunction-sections -O0 -ffat-lto-objects -c .\Generated_Source\PSoC5\LED_GRN.c -o .\CortexM3\ARM_GCC_493\Debug\LED_GRN.o
arm-none-eabi-gcc.exe -mcpu=cortex-m3 -mthumb -Wno-main -I. -IGenerated_Source\PSoC5 -Wa,-alh=.\CortexM3\ARM_GCC_493\Debug/LED_RED.lst -g -D DEBUG -Wall -ffunction-sections -O0 -ffat-lto-objects -c .\Generated_Source\PSoC5\LED_RED.c -o .\CortexM3\ARM_GCC_493\Debug\LED_RED.o
arm-none-eabi-gcc.exe -mcpu=cortex-m3 -mthumb -Wno-main -I. -IGenerated_Source\PSoC5 -Wa,-alh=.\CortexM3\ARM_GCC_493\Debug/LED_YEL.lst -g -D DEBUG -Wall -ffunction-sections -O0 -ffat-lto-objects -c .\Generated_Source\PSoC5\LED_YEL.c -o .\CortexM3\ARM_GCC_493\Debug\LED_YEL.o
arm-none-eabi-gcc.exe -mcpu=cortex-m3 -mthumb -Wno-main -I. -IGenerated_Source\PSoC5 -Wa,-alh=.\CortexM3\ARM_GCC_493\Debug/UART_ACS.lst -g -D DEBUG -Wall -ffunction-sections -O0 -ffat-lto-objects -c .\Generated_Source\PSoC5\UART_ACS.c -o .\CortexM3\ARM_GCC_493\Debug\UART_ACS.o
arm-none-eabi-gcc.exe -mcpu=cortex-m3 -mthumb -Wno-main -I. -IGenerated_Source\PSoC5 -Wa,-alh=.\CortexM3\ARM_GCC_493\Debug/UART_ACS_PM.lst -g -D DEBUG -Wall -ffunction-sections -O0 -ffat-lto-objects -c .\Generated_Source\PSoC5\UART_ACS_PM.c -o .\CortexM3\ARM_GCC_493\Debug\UART_ACS_PM.o
arm-none-eabi-gcc.exe -mcpu=cortex-m3 -mthumb -Wno-main -I. -IGenerated_Source\PSoC5 -Wa,-alh=.\CortexM3\ARM_GCC_493\Debug/UART_ACS_INT.lst -g -D DEBUG -Wall -ffunction-sections -O0 -ffat-lto-objects -c .\Generated_Source\PSoC5\UART_ACS_INT.c -o .\CortexM3\ARM_GCC_493\Debug\UART_ACS_INT.o
arm-none-eabi-gcc.exe -mcpu=cortex-m3 -mthumb -Wno-main -I. -IGenerated_Source\PSoC5 -Wa,-alh=.\CortexM3\ARM_GCC_493\Debug/UART_ACS_BOOT.lst -g -D DEBUG -Wall -ffunction-sections -O0 -ffat-lto-objects -c .\Generated_Source\PSoC5\UART_ACS_BOOT.c -o .\CortexM3\ARM_GCC_493\Debug\UART_ACS_BOOT.o
arm-none-eabi-gcc.exe -mcpu=cortex-m3 -mthumb -Wno-main -I. -IGenerated_Source\PSoC5 -Wa,-alh=.\CortexM3\ARM_GCC_493\Debug/UART_READER.lst -g -D DEBUG -Wall -ffunction-sections -O0 -ffat-lto-objects -c .\Generated_Source\PSoC5\UART_READER.c -o .\CortexM3\ARM_GCC_493\Debug\UART_READER.o
arm-none-eabi-gcc.exe -mcpu=cortex-m3 -mthumb -Wno-main -I. -IGenerated_Source\PSoC5 -Wa,-alh=.\CortexM3\ARM_GCC_493\Debug/UART_READER_PM.lst -g -D DEBUG -Wall -ffunction-sections -O0 -ffat-lto-objects -c .\Generated_Source\PSoC5\UART_READER_PM.c -o .\CortexM3\ARM_GCC_493\Debug\UART_READER_PM.o
arm-none-eabi-gcc.exe -mcpu=cortex-m3 -mthumb -Wno-main -I. -IGenerated_Source\PSoC5 -Wa,-alh=.\CortexM3\ARM_GCC_493\Debug/UART_READER_INT.lst -g -D DEBUG -Wall -ffunction-sections -O0 -ffat-lto-objects -c .\Generated_Source\PSoC5\UART_READER_INT.c -o .\CortexM3\ARM_GCC_493\Debug\UART_READER_INT.o
arm-none-eabi-gcc.exe -mcpu=cortex-m3 -mthumb -Wno-main -I. -IGenerated_Source\PSoC5 -Wa,-alh=.\CortexM3\ARM_GCC_493\Debug/UART_READER_BOOT.lst -g -D DEBUG -Wall -ffunction-sections -O0 -ffat-lto-objects -c .\Generated_Source\PSoC5\UART_READER_BOOT.c -o .\CortexM3\ARM_GCC_493\Debug\UART_READER_BOOT.o
arm-none-eabi-gcc.exe -mcpu=cortex-m3 -mthumb -Wno-main -I. -IGenerated_Source\PSoC5 -Wa,-alh=.\CortexM3\ARM_GCC_493\Debug/isr_READER_rx.lst -g -D DEBUG -Wall -ffunction-sections -O0 -ffat-lto-objects -c .\Generated_Source\PSoC5\isr_READER_rx.c -o .\CortexM3\ARM_GCC_493\Debug\isr_READER_rx.o
arm-none-eabi-gcc.exe -mcpu=cortex-m3 -mthumb -Wno-main -I. -IGenerated_Source\PSoC5 -Wa,-alh=.\CortexM3\ARM_GCC_493\Debug/Pulse_50us.lst -g -D DEBUG -Wall -ffunction-sections -O0 -ffat-lto-objects -c .\Generated_Source\PSoC5\Pulse_50us.c -o .\CortexM3\ARM_GCC_493\Debug\Pulse_50us.o
arm-none-eabi-gcc.exe -mcpu=cortex-m3 -mthumb -Wno-main -I. -IGenerated_Source\PSoC5 -Wa,-alh=.\CortexM3\ARM_GCC_493\Debug/Pulse_50us_PM.lst -g -D DEBUG -Wall -ffunction-sections -O0 -ffat-lto-objects -c .\Generated_Source\PSoC5\Pulse_50us_PM.c -o .\CortexM3\ARM_GCC_493\Debug\Pulse_50us_PM.o
arm-none-eabi-gcc.exe -mcpu=cortex-m3 -mthumb -Wno-main -I. -IGenerated_Source\PSoC5 -Wa,-alh=.\CortexM3\ARM_GCC_493\Debug/isr_50us.lst -g -D DEBUG -Wall -ffunction-sections -O0 -ffat-lto-objects -c .\Generated_Source\PSoC5\isr_50us.c -o .\CortexM3\ARM_GCC_493\Debug\isr_50us.o
arm-none-eabi-gcc.exe -mcpu=cortex-m3 -mthumb -Wno-main -I. -IGenerated_Source\PSoC5 -Wa,-alh=.\CortexM3\ARM_GCC_493\Debug/PS_D1.lst -g -D DEBUG -Wall -ffunction-sections -O0 -ffat-lto-objects -c .\Generated_Source\PSoC5\PS_D1.c -o .\CortexM3\ARM_GCC_493\Debug\PS_D1.o
arm-none-eabi-ar.exe -rs .\CortexM3\ARM_GCC_493\Debug\nanoNxt_ICM3.a .\CortexM3\ARM_GCC_493\Debug\cyfitter_cfg.o .\CortexM3\ARM_GCC_493\Debug\RELAY_B.o .\CortexM3\ARM_GCC_493\Debug\SOUND_OUT.o .\CortexM3\ARM_GCC_493\Debug\Tamper_Timer_ISR.o .\CortexM3\ARM_GCC_493\Debug\PS_D0.o .\CortexM3\ARM_GCC_493\Debug\Pin_WD0.o .\CortexM3\ARM_GCC_493\Debug\Pin_WD1.o .\CortexM3\ARM_GCC_493\Debug\UART_1.o .\CortexM3\ARM_GCC_493\Debug\UART_1_PM.o .\CortexM3\ARM_GCC_493\Debug\UART_1_INT.o .\CortexM3\ARM_GCC_493\Debug\UART_1_BOOT.o .\CortexM3\ARM_GCC_493\Debug\TAMPER_OUT.o .\CortexM3\ARM_GCC_493\Debug\LEDG_OUT.o .\CortexM3\ARM_GCC_493\Debug\SOUND_IN.o .\CortexM3\ARM_GCC_493\Debug\LEDG_IN.o .\CortexM3\ARM_GCC_493\Debug\TAMPER_IN.o .\CortexM3\ARM_GCC_493\Debug\SW_Rst.o .\CortexM3\ARM_GCC_493\Debug\LEDR_IN.o .\CortexM3\ARM_GCC_493\Debug\LEDR_OUT.o .\CortexM3\ARM_GCC_493\Debug\REED_1.o .\CortexM3\ARM_GCC_493\Debug\REED_2.o .\CortexM3\ARM_GCC_493\Debug\RELAY_A.o .\CortexM3\ARM_GCC_493\Debug\Pin_VRef.o .\CortexM3\ARM_GCC_493\Debug\OptSelect.o .\CortexM3\ARM_GCC_493\Debug\OptSelect_PM.o .\CortexM3\ARM_GCC_493\Debug\Tamper_Timer.o .\CortexM3\ARM_GCC_493\Debug\Tamper_Timer_PM.o .\CortexM3\ARM_GCC_493\Debug\UART_TIMER.o .\CortexM3\ARM_GCC_493\Debug\UART_TIMER_PM.o .\CortexM3\ARM_GCC_493\Debug\UART_TIMER_ISR.o .\CortexM3\ARM_GCC_493\Debug\CyBootAsmGnu.o .\CortexM3\ARM_GCC_493\Debug\CyDmac.o .\CortexM3\ARM_GCC_493\Debug\CyFlash.o .\CortexM3\ARM_GCC_493\Debug\CyLib.o .\CortexM3\ARM_GCC_493\Debug\cyPm.o .\CortexM3\ARM_GCC_493\Debug\CySpc.o .\CortexM3\ARM_GCC_493\Debug\cyutils.o .\CortexM3\ARM_GCC_493\Debug\EZI2CPin.o .\CortexM3\ARM_GCC_493\Debug\EZI2Cs.o .\CortexM3\ARM_GCC_493\Debug\EZI2Cs_PM.o .\CortexM3\ARM_GCC_493\Debug\EZI2Cs_INT.o .\CortexM3\ARM_GCC_493\Debug\timer_clock.o .\CortexM3\ARM_GCC_493\Debug\Clock_1.o .\CortexM3\ARM_GCC_493\Debug\Timeout_Timer.o .\CortexM3\ARM_GCC_493\Debug\Timeout_Timer_PM.o .\CortexM3\ARM_GCC_493\Debug\Timeout_Timer_Isr.o .\CortexM3\ARM_GCC_493\Debug\Clock_2.o .\CortexM3\ARM_GCC_493\Debug\BUS_CLK.o .\CortexM3\ARM_GCC_493\Debug\Clock_4.o .\CortexM3\ARM_GCC_493\Debug\Clock_5.o .\CortexM3\ARM_GCC_493\Debug\isr_F2F_edge.o .\CortexM3\ARM_GCC_493\Debug\FilterReg.o .\CortexM3\ARM_GCC_493\Debug\Mode_Sel_ACS.o .\CortexM3\ARM_GCC_493\Debug\TX_EN.o .\CortexM3\ARM_GCC_493\Debug\CR_DE.o .\CortexM3\ARM_GCC_493\Debug\Clock_6.o .\CortexM3\ARM_GCC_493\Debug\Mode_Sel_CR.o .\CortexM3\ARM_GCC_493\Debug\isr_keepalive.o .\CortexM3\ARM_GCC_493\Debug\OSDPReaderTimer.o .\CortexM3\ARM_GCC_493\Debug\OSDPReaderTimer_PM.o .\CortexM3\ARM_GCC_493\Debug\FltrReg.o .\CortexM3\ARM_GCC_493\Debug\isr_SW_Rst.o .\CortexM3\ARM_GCC_493\Debug\LED_GRN.o .\CortexM3\ARM_GCC_493\Debug\LED_RED.o .\CortexM3\ARM_GCC_493\Debug\LED_YEL.o .\CortexM3\ARM_GCC_493\Debug\UART_ACS.o .\CortexM3\ARM_GCC_493\Debug\UART_ACS_PM.o .\CortexM3\ARM_GCC_493\Debug\UART_ACS_INT.o .\CortexM3\ARM_GCC_493\Debug\UART_ACS_BOOT.o .\CortexM3\ARM_GCC_493\Debug\UART_READER.o .\CortexM3\ARM_GCC_493\Debug\UART_READER_PM.o .\CortexM3\ARM_GCC_493\Debug\UART_READER_INT.o .\CortexM3\ARM_GCC_493\Debug\UART_READER_BOOT.o .\CortexM3\ARM_GCC_493\Debug\isr_READER_rx.o .\CortexM3\ARM_GCC_493\Debug\Pulse_50us.o .\CortexM3\ARM_GCC_493\Debug\Pulse_50us_PM.o .\CortexM3\ARM_GCC_493\Debug\isr_50us.o .\CortexM3\ARM_GCC_493\Debug\PS_D1.o
arm-none-eabi-ar.exe: creating .\CortexM3\ARM_GCC_493\Debug\nanoNxt_ICM3.a
arm-none-eabi-gcc.exe -Wl,--start-group -o .\CortexM3\ARM_GCC_493\Debug\nanoNxt_ICM3.elf .\CortexM3\ARM_GCC_493\Debug\main.o .\CortexM3\ARM_GCC_493\Debug\wiegand.o .\CortexM3\ARM_GCC_493\Debug\power.o .\CortexM3\ARM_GCC_493\Debug\inout.o .\CortexM3\ARM_GCC_493\Debug\i2cuart.o .\CortexM3\ARM_GCC_493\Debug\soft_uart.o .\CortexM3\ARM_GCC_493\Debug\osdp.o .\CortexM3\ARM_GCC_493\Debug\toc.o .\CortexM3\ARM_GCC_493\Debug\f2f.o .\CortexM3\ARM_GCC_493\Debug\cymetadata.o .\CortexM3\ARM_GCC_493\Debug\Cm3Start.o .\CortexM3\ARM_GCC_493\Debug\nanoNxt_ICM3.a "C:\Program Files (x86)\Cypress\PSoC Creator\3.3\PSoC Creator\psoc\content\cycomponentlibrary\CyComponentLibrary.cylib\CortexM3\ARM_GCC_493\Debug\CyComponentLibrary.a" -mcpu=cortex-m3 -mthumb -g -ffunction-sections -O0 -ffat-lto-objects -L Generated_Source\PSoC5 -Wl,-Map,.\CortexM3\ARM_GCC_493\Debug/nanoNxt_ICM3.map -T Generated_Source\PSoC5\cm3gcc.ld -specs=nano.specs -Wl,--gc-sections -Wl,--end-group
.\CortexM3\ARM_GCC_493\Debug\main.o: In function `HandleCommand':
C:\Users\yqh\Documents\works\NanoNXT\Pass_TOC\3.5.2\nanoNxt_ICM3.cydsn/.\main.c:338: undefined reference to `BootloadableI2C_Load'
collect2.exe: error: ld returned 1 exit status
The command 'arm-none-eabi-gcc.exe' failed with exit code '1'.
--------------- Rebuild Failed: 07/18/2016 15:40:43 ---------------
