ARM GAS  C:\Users\Yiquing\AppData\Local\Temp\ccLOi9NU.s 			page 1


   1              		.syntax unified
   2              		.cpu cortex-m3
   3              		.fpu softvfp
   4              		.eabi_attribute 20, 1
   5              		.eabi_attribute 21, 1
   6              		.eabi_attribute 23, 3
   7              		.eabi_attribute 24, 1
   8              		.eabi_attribute 25, 1
   9              		.eabi_attribute 26, 1
  10              		.eabi_attribute 30, 4
  11              		.eabi_attribute 34, 1
  12              		.eabi_attribute 18, 4
  13              		.thumb
  14              		.file	"OSDPReaderTimer_PM.c"
  15              		.text
  16              	.Ltext0:
  17              		.cfi_sections	.debug_frame
  18              		.section	.text.OSDPReaderTimer_SaveConfig,"ax",%progbits
  19              		.align	1
  20              		.global	OSDPReaderTimer_SaveConfig
  21              		.thumb
  22              		.thumb_func
  23              		.type	OSDPReaderTimer_SaveConfig, %function
  24              	OSDPReaderTimer_SaveConfig:
  25              	.LFB0:
  26              		.file 1 ".\\Generated_Source\\PSoC5\\OSDPReaderTimer_PM.c"
   1:.\Generated_Source\PSoC5/OSDPReaderTimer_PM.c **** /*******************************************************************************
   2:.\Generated_Source\PSoC5/OSDPReaderTimer_PM.c **** * File Name: OSDPReaderTimer_PM.c
   3:.\Generated_Source\PSoC5/OSDPReaderTimer_PM.c **** * Version 2.70
   4:.\Generated_Source\PSoC5/OSDPReaderTimer_PM.c **** *
   5:.\Generated_Source\PSoC5/OSDPReaderTimer_PM.c **** *  Description:
   6:.\Generated_Source\PSoC5/OSDPReaderTimer_PM.c **** *     This file provides the power management source code to API for the
   7:.\Generated_Source\PSoC5/OSDPReaderTimer_PM.c **** *     Timer.
   8:.\Generated_Source\PSoC5/OSDPReaderTimer_PM.c **** *
   9:.\Generated_Source\PSoC5/OSDPReaderTimer_PM.c **** *   Note:
  10:.\Generated_Source\PSoC5/OSDPReaderTimer_PM.c **** *     None
  11:.\Generated_Source\PSoC5/OSDPReaderTimer_PM.c **** *
  12:.\Generated_Source\PSoC5/OSDPReaderTimer_PM.c **** *******************************************************************************
  13:.\Generated_Source\PSoC5/OSDPReaderTimer_PM.c **** * Copyright 2008-2014, Cypress Semiconductor Corporation.  All rights reserved.
  14:.\Generated_Source\PSoC5/OSDPReaderTimer_PM.c **** * You may use this file only in accordance with the license, terms, conditions,
  15:.\Generated_Source\PSoC5/OSDPReaderTimer_PM.c **** * disclaimers, and limitations in the end user license agreement accompanying
  16:.\Generated_Source\PSoC5/OSDPReaderTimer_PM.c **** * the software package with which this file was provided.
  17:.\Generated_Source\PSoC5/OSDPReaderTimer_PM.c **** ********************************************************************************/
  18:.\Generated_Source\PSoC5/OSDPReaderTimer_PM.c **** 
  19:.\Generated_Source\PSoC5/OSDPReaderTimer_PM.c **** #include "OSDPReaderTimer.h"
  20:.\Generated_Source\PSoC5/OSDPReaderTimer_PM.c **** 
  21:.\Generated_Source\PSoC5/OSDPReaderTimer_PM.c **** static OSDPReaderTimer_backupStruct OSDPReaderTimer_backup;
  22:.\Generated_Source\PSoC5/OSDPReaderTimer_PM.c **** 
  23:.\Generated_Source\PSoC5/OSDPReaderTimer_PM.c **** 
  24:.\Generated_Source\PSoC5/OSDPReaderTimer_PM.c **** /*******************************************************************************
  25:.\Generated_Source\PSoC5/OSDPReaderTimer_PM.c **** * Function Name: OSDPReaderTimer_SaveConfig
  26:.\Generated_Source\PSoC5/OSDPReaderTimer_PM.c **** ********************************************************************************
  27:.\Generated_Source\PSoC5/OSDPReaderTimer_PM.c **** *
  28:.\Generated_Source\PSoC5/OSDPReaderTimer_PM.c **** * Summary:
  29:.\Generated_Source\PSoC5/OSDPReaderTimer_PM.c **** *     Save the current user configuration
  30:.\Generated_Source\PSoC5/OSDPReaderTimer_PM.c **** *
  31:.\Generated_Source\PSoC5/OSDPReaderTimer_PM.c **** * Parameters:
ARM GAS  C:\Users\Yiquing\AppData\Local\Temp\ccLOi9NU.s 			page 2


  32:.\Generated_Source\PSoC5/OSDPReaderTimer_PM.c **** *  void
  33:.\Generated_Source\PSoC5/OSDPReaderTimer_PM.c **** *
  34:.\Generated_Source\PSoC5/OSDPReaderTimer_PM.c **** * Return:
  35:.\Generated_Source\PSoC5/OSDPReaderTimer_PM.c **** *  void
  36:.\Generated_Source\PSoC5/OSDPReaderTimer_PM.c **** *
  37:.\Generated_Source\PSoC5/OSDPReaderTimer_PM.c **** * Global variables:
  38:.\Generated_Source\PSoC5/OSDPReaderTimer_PM.c **** *  OSDPReaderTimer_backup:  Variables of this global structure are modified to
  39:.\Generated_Source\PSoC5/OSDPReaderTimer_PM.c **** *  store the values of non retention configuration registers when Sleep() API is
  40:.\Generated_Source\PSoC5/OSDPReaderTimer_PM.c **** *  called.
  41:.\Generated_Source\PSoC5/OSDPReaderTimer_PM.c **** *
  42:.\Generated_Source\PSoC5/OSDPReaderTimer_PM.c **** *******************************************************************************/
  43:.\Generated_Source\PSoC5/OSDPReaderTimer_PM.c **** void OSDPReaderTimer_SaveConfig(void) 
  44:.\Generated_Source\PSoC5/OSDPReaderTimer_PM.c **** {
  27              		.loc 1 44 0
  28              		.cfi_startproc
  29              		@ args = 0, pretend = 0, frame = 0
  30              		@ frame_needed = 0, uses_anonymous_args = 0
  31 0000 10B5     		push	{r4, lr}
  32              		.cfi_def_cfa_offset 8
  33              		.cfi_offset 4, -8
  34              		.cfi_offset 14, -4
  45:.\Generated_Source\PSoC5/OSDPReaderTimer_PM.c ****     #if (!OSDPReaderTimer_UsingFixedFunction)
  46:.\Generated_Source\PSoC5/OSDPReaderTimer_PM.c ****         OSDPReaderTimer_backup.TimerUdb = OSDPReaderTimer_ReadCounter();
  35              		.loc 1 46 0
  36 0002 FFF7FEFF 		bl	OSDPReaderTimer_ReadCounter
  37              	.LVL0:
  38 0006 044C     		ldr	r4, .L2
  47:.\Generated_Source\PSoC5/OSDPReaderTimer_PM.c ****         OSDPReaderTimer_backup.InterruptMaskValue = OSDPReaderTimer_STATUS_MASK;
  39              		.loc 1 47 0
  40 0008 044B     		ldr	r3, .L2+4
  46:.\Generated_Source\PSoC5/OSDPReaderTimer_PM.c ****         OSDPReaderTimer_backup.TimerUdb = OSDPReaderTimer_ReadCounter();
  41              		.loc 1 46 0
  42 000a 6080     		strh	r0, [r4, #2]	@ movhi
  43              		.loc 1 47 0
  44 000c 1B78     		ldrb	r3, [r3]	@ zero_extendqisi2
  45 000e 2371     		strb	r3, [r4, #4]
  48:.\Generated_Source\PSoC5/OSDPReaderTimer_PM.c ****         #if (OSDPReaderTimer_UsingHWCaptureCounter)
  49:.\Generated_Source\PSoC5/OSDPReaderTimer_PM.c ****             OSDPReaderTimer_backup.TimerCaptureCounter = OSDPReaderTimer_ReadCaptureCount();
  50:.\Generated_Source\PSoC5/OSDPReaderTimer_PM.c ****         #endif /* Back Up capture counter register  */
  51:.\Generated_Source\PSoC5/OSDPReaderTimer_PM.c **** 
  52:.\Generated_Source\PSoC5/OSDPReaderTimer_PM.c ****         #if(!OSDPReaderTimer_UDB_CONTROL_REG_REMOVED)
  53:.\Generated_Source\PSoC5/OSDPReaderTimer_PM.c ****             OSDPReaderTimer_backup.TimerControlRegister = OSDPReaderTimer_ReadControlRegister();
  46              		.loc 1 53 0
  47 0010 FFF7FEFF 		bl	OSDPReaderTimer_ReadControlRegister
  48              	.LVL1:
  49 0014 6071     		strb	r0, [r4, #5]
  50 0016 10BD     		pop	{r4, pc}
  51              	.L3:
  52              		.align	2
  53              	.L2:
  54 0018 00000000 		.word	.LANCHOR0
  55 001c 84650040 		.word	1073767812
  56              		.cfi_endproc
  57              	.LFE0:
  58              		.size	OSDPReaderTimer_SaveConfig, .-OSDPReaderTimer_SaveConfig
  59              		.section	.text.OSDPReaderTimer_RestoreConfig,"ax",%progbits
  60              		.align	1
ARM GAS  C:\Users\Yiquing\AppData\Local\Temp\ccLOi9NU.s 			page 3


  61              		.global	OSDPReaderTimer_RestoreConfig
  62              		.thumb
  63              		.thumb_func
  64              		.type	OSDPReaderTimer_RestoreConfig, %function
  65              	OSDPReaderTimer_RestoreConfig:
  66              	.LFB1:
  54:.\Generated_Source\PSoC5/OSDPReaderTimer_PM.c ****         #endif /* Backup the enable state of the Timer component */
  55:.\Generated_Source\PSoC5/OSDPReaderTimer_PM.c ****     #endif /* Backup non retention registers in UDB implementation. All fixed function registers ar
  56:.\Generated_Source\PSoC5/OSDPReaderTimer_PM.c **** }
  57:.\Generated_Source\PSoC5/OSDPReaderTimer_PM.c **** 
  58:.\Generated_Source\PSoC5/OSDPReaderTimer_PM.c **** 
  59:.\Generated_Source\PSoC5/OSDPReaderTimer_PM.c **** /*******************************************************************************
  60:.\Generated_Source\PSoC5/OSDPReaderTimer_PM.c **** * Function Name: OSDPReaderTimer_RestoreConfig
  61:.\Generated_Source\PSoC5/OSDPReaderTimer_PM.c **** ********************************************************************************
  62:.\Generated_Source\PSoC5/OSDPReaderTimer_PM.c **** *
  63:.\Generated_Source\PSoC5/OSDPReaderTimer_PM.c **** * Summary:
  64:.\Generated_Source\PSoC5/OSDPReaderTimer_PM.c **** *  Restores the current user configuration.
  65:.\Generated_Source\PSoC5/OSDPReaderTimer_PM.c **** *
  66:.\Generated_Source\PSoC5/OSDPReaderTimer_PM.c **** * Parameters:
  67:.\Generated_Source\PSoC5/OSDPReaderTimer_PM.c **** *  void
  68:.\Generated_Source\PSoC5/OSDPReaderTimer_PM.c **** *
  69:.\Generated_Source\PSoC5/OSDPReaderTimer_PM.c **** * Return:
  70:.\Generated_Source\PSoC5/OSDPReaderTimer_PM.c **** *  void
  71:.\Generated_Source\PSoC5/OSDPReaderTimer_PM.c **** *
  72:.\Generated_Source\PSoC5/OSDPReaderTimer_PM.c **** * Global variables:
  73:.\Generated_Source\PSoC5/OSDPReaderTimer_PM.c **** *  OSDPReaderTimer_backup:  Variables of this global structure are used to
  74:.\Generated_Source\PSoC5/OSDPReaderTimer_PM.c **** *  restore the values of non retention registers on wakeup from sleep mode.
  75:.\Generated_Source\PSoC5/OSDPReaderTimer_PM.c **** *
  76:.\Generated_Source\PSoC5/OSDPReaderTimer_PM.c **** *******************************************************************************/
  77:.\Generated_Source\PSoC5/OSDPReaderTimer_PM.c **** void OSDPReaderTimer_RestoreConfig(void) 
  78:.\Generated_Source\PSoC5/OSDPReaderTimer_PM.c **** {   
  67              		.loc 1 78 0
  68              		.cfi_startproc
  69              		@ args = 0, pretend = 0, frame = 0
  70              		@ frame_needed = 0, uses_anonymous_args = 0
  71 0000 10B5     		push	{r4, lr}
  72              		.cfi_def_cfa_offset 8
  73              		.cfi_offset 4, -8
  74              		.cfi_offset 14, -4
  79:.\Generated_Source\PSoC5/OSDPReaderTimer_PM.c ****     #if (!OSDPReaderTimer_UsingFixedFunction)
  80:.\Generated_Source\PSoC5/OSDPReaderTimer_PM.c **** 
  81:.\Generated_Source\PSoC5/OSDPReaderTimer_PM.c ****         OSDPReaderTimer_WriteCounter(OSDPReaderTimer_backup.TimerUdb);
  75              		.loc 1 81 0
  76 0002 064C     		ldr	r4, .L5
  77 0004 6088     		ldrh	r0, [r4, #2]
  78 0006 FFF7FEFF 		bl	OSDPReaderTimer_WriteCounter
  79              	.LVL2:
  82:.\Generated_Source\PSoC5/OSDPReaderTimer_PM.c ****         OSDPReaderTimer_STATUS_MASK =OSDPReaderTimer_backup.InterruptMaskValue;
  80              		.loc 1 82 0
  81 000a 2279     		ldrb	r2, [r4, #4]	@ zero_extendqisi2
  82 000c 044B     		ldr	r3, .L5+4
  83 000e 1A70     		strb	r2, [r3]
  83:.\Generated_Source\PSoC5/OSDPReaderTimer_PM.c ****         #if (OSDPReaderTimer_UsingHWCaptureCounter)
  84:.\Generated_Source\PSoC5/OSDPReaderTimer_PM.c ****             OSDPReaderTimer_SetCaptureCount(OSDPReaderTimer_backup.TimerCaptureCounter);
  85:.\Generated_Source\PSoC5/OSDPReaderTimer_PM.c ****         #endif /* Restore Capture counter register*/
  86:.\Generated_Source\PSoC5/OSDPReaderTimer_PM.c **** 
  87:.\Generated_Source\PSoC5/OSDPReaderTimer_PM.c ****         #if(!OSDPReaderTimer_UDB_CONTROL_REG_REMOVED)
ARM GAS  C:\Users\Yiquing\AppData\Local\Temp\ccLOi9NU.s 			page 4


  88:.\Generated_Source\PSoC5/OSDPReaderTimer_PM.c ****             OSDPReaderTimer_WriteControlRegister(OSDPReaderTimer_backup.TimerControlRegister);
  84              		.loc 1 88 0
  85 0010 6079     		ldrb	r0, [r4, #5]	@ zero_extendqisi2
  89:.\Generated_Source\PSoC5/OSDPReaderTimer_PM.c ****         #endif /* Restore the enable state of the Timer component */
  90:.\Generated_Source\PSoC5/OSDPReaderTimer_PM.c ****     #endif /* Restore non retention registers in the UDB implementation only */
  91:.\Generated_Source\PSoC5/OSDPReaderTimer_PM.c **** }
  86              		.loc 1 91 0
  87 0012 BDE81040 		pop	{r4, lr}
  88:.\Generated_Source\PSoC5/OSDPReaderTimer_PM.c ****             OSDPReaderTimer_WriteControlRegister(OSDPReaderTimer_backup.TimerControlRegister);
  88              		.loc 1 88 0
  89 0016 FFF7FEBF 		b	OSDPReaderTimer_WriteControlRegister
  90              	.LVL3:
  91              	.L6:
  92 001a 00BF     		.align	2
  93              	.L5:
  94 001c 00000000 		.word	.LANCHOR0
  95 0020 84650040 		.word	1073767812
  96              		.cfi_endproc
  97              	.LFE1:
  98              		.size	OSDPReaderTimer_RestoreConfig, .-OSDPReaderTimer_RestoreConfig
  99              		.section	.text.OSDPReaderTimer_Sleep,"ax",%progbits
 100              		.align	1
 101              		.global	OSDPReaderTimer_Sleep
 102              		.thumb
 103              		.thumb_func
 104              		.type	OSDPReaderTimer_Sleep, %function
 105              	OSDPReaderTimer_Sleep:
 106              	.LFB2:
  92:.\Generated_Source\PSoC5/OSDPReaderTimer_PM.c **** 
  93:.\Generated_Source\PSoC5/OSDPReaderTimer_PM.c **** 
  94:.\Generated_Source\PSoC5/OSDPReaderTimer_PM.c **** /*******************************************************************************
  95:.\Generated_Source\PSoC5/OSDPReaderTimer_PM.c **** * Function Name: OSDPReaderTimer_Sleep
  96:.\Generated_Source\PSoC5/OSDPReaderTimer_PM.c **** ********************************************************************************
  97:.\Generated_Source\PSoC5/OSDPReaderTimer_PM.c **** *
  98:.\Generated_Source\PSoC5/OSDPReaderTimer_PM.c **** * Summary:
  99:.\Generated_Source\PSoC5/OSDPReaderTimer_PM.c **** *     Stop and Save the user configuration
 100:.\Generated_Source\PSoC5/OSDPReaderTimer_PM.c **** *
 101:.\Generated_Source\PSoC5/OSDPReaderTimer_PM.c **** * Parameters:
 102:.\Generated_Source\PSoC5/OSDPReaderTimer_PM.c **** *  void
 103:.\Generated_Source\PSoC5/OSDPReaderTimer_PM.c **** *
 104:.\Generated_Source\PSoC5/OSDPReaderTimer_PM.c **** * Return:
 105:.\Generated_Source\PSoC5/OSDPReaderTimer_PM.c **** *  void
 106:.\Generated_Source\PSoC5/OSDPReaderTimer_PM.c **** *
 107:.\Generated_Source\PSoC5/OSDPReaderTimer_PM.c **** * Global variables:
 108:.\Generated_Source\PSoC5/OSDPReaderTimer_PM.c **** *  OSDPReaderTimer_backup.TimerEnableState:  Is modified depending on the
 109:.\Generated_Source\PSoC5/OSDPReaderTimer_PM.c **** *  enable state of the block before entering sleep mode.
 110:.\Generated_Source\PSoC5/OSDPReaderTimer_PM.c **** *
 111:.\Generated_Source\PSoC5/OSDPReaderTimer_PM.c **** *******************************************************************************/
 112:.\Generated_Source\PSoC5/OSDPReaderTimer_PM.c **** void OSDPReaderTimer_Sleep(void) 
 113:.\Generated_Source\PSoC5/OSDPReaderTimer_PM.c **** {
 107              		.loc 1 113 0
 108              		.cfi_startproc
 109              		@ args = 0, pretend = 0, frame = 0
 110              		@ frame_needed = 0, uses_anonymous_args = 0
 111 0000 08B5     		push	{r3, lr}
 112              		.cfi_def_cfa_offset 8
 113              		.cfi_offset 3, -8
ARM GAS  C:\Users\Yiquing\AppData\Local\Temp\ccLOi9NU.s 			page 5


 114              		.cfi_offset 14, -4
 114:.\Generated_Source\PSoC5/OSDPReaderTimer_PM.c ****     #if(!OSDPReaderTimer_UDB_CONTROL_REG_REMOVED)
 115:.\Generated_Source\PSoC5/OSDPReaderTimer_PM.c ****         /* Save Counter's enable state */
 116:.\Generated_Source\PSoC5/OSDPReaderTimer_PM.c ****         if(OSDPReaderTimer_CTRL_ENABLE == (OSDPReaderTimer_CONTROL & OSDPReaderTimer_CTRL_ENABLE))
 115              		.loc 1 116 0
 116 0002 074B     		ldr	r3, .L11
 117 0004 1B78     		ldrb	r3, [r3]	@ zero_extendqisi2
 118 0006 13F0800F 		tst	r3, #128
 119 000a 064B     		ldr	r3, .L11+4
 117:.\Generated_Source\PSoC5/OSDPReaderTimer_PM.c ****         {
 118:.\Generated_Source\PSoC5/OSDPReaderTimer_PM.c ****             /* Timer is enabled */
 119:.\Generated_Source\PSoC5/OSDPReaderTimer_PM.c ****             OSDPReaderTimer_backup.TimerEnableState = 1u;
 120              		.loc 1 119 0
 121 000c 14BF     		ite	ne
 122 000e 0122     		movne	r2, #1
 120:.\Generated_Source\PSoC5/OSDPReaderTimer_PM.c ****         }
 121:.\Generated_Source\PSoC5/OSDPReaderTimer_PM.c ****         else
 122:.\Generated_Source\PSoC5/OSDPReaderTimer_PM.c ****         {
 123:.\Generated_Source\PSoC5/OSDPReaderTimer_PM.c ****             /* Timer is disabled */
 124:.\Generated_Source\PSoC5/OSDPReaderTimer_PM.c ****             OSDPReaderTimer_backup.TimerEnableState = 0u;
 123              		.loc 1 124 0
 124 0010 0022     		moveq	r2, #0
 125 0012 1A70     		strb	r2, [r3]
 125:.\Generated_Source\PSoC5/OSDPReaderTimer_PM.c ****         }
 126:.\Generated_Source\PSoC5/OSDPReaderTimer_PM.c ****     #endif /* Back up enable state from the Timer control register */
 127:.\Generated_Source\PSoC5/OSDPReaderTimer_PM.c ****     OSDPReaderTimer_Stop();
 126              		.loc 1 127 0
 127 0014 FFF7FEFF 		bl	OSDPReaderTimer_Stop
 128              	.LVL4:
 128:.\Generated_Source\PSoC5/OSDPReaderTimer_PM.c ****     OSDPReaderTimer_SaveConfig();
 129:.\Generated_Source\PSoC5/OSDPReaderTimer_PM.c **** }
 129              		.loc 1 129 0
 130 0018 BDE80840 		pop	{r3, lr}
 128:.\Generated_Source\PSoC5/OSDPReaderTimer_PM.c ****     OSDPReaderTimer_SaveConfig();
 131              		.loc 1 128 0
 132 001c FFF7FEBF 		b	OSDPReaderTimer_SaveConfig
 133              	.LVL5:
 134              	.L12:
 135              		.align	2
 136              	.L11:
 137 0020 77650040 		.word	1073767799
 138 0024 00000000 		.word	.LANCHOR0
 139              		.cfi_endproc
 140              	.LFE2:
 141              		.size	OSDPReaderTimer_Sleep, .-OSDPReaderTimer_Sleep
 142              		.section	.text.OSDPReaderTimer_Wakeup,"ax",%progbits
 143              		.align	1
 144              		.global	OSDPReaderTimer_Wakeup
 145              		.thumb
 146              		.thumb_func
 147              		.type	OSDPReaderTimer_Wakeup, %function
 148              	OSDPReaderTimer_Wakeup:
 149              	.LFB3:
 130:.\Generated_Source\PSoC5/OSDPReaderTimer_PM.c **** 
 131:.\Generated_Source\PSoC5/OSDPReaderTimer_PM.c **** 
 132:.\Generated_Source\PSoC5/OSDPReaderTimer_PM.c **** /*******************************************************************************
 133:.\Generated_Source\PSoC5/OSDPReaderTimer_PM.c **** * Function Name: OSDPReaderTimer_Wakeup
ARM GAS  C:\Users\Yiquing\AppData\Local\Temp\ccLOi9NU.s 			page 6


 134:.\Generated_Source\PSoC5/OSDPReaderTimer_PM.c **** ********************************************************************************
 135:.\Generated_Source\PSoC5/OSDPReaderTimer_PM.c **** *
 136:.\Generated_Source\PSoC5/OSDPReaderTimer_PM.c **** * Summary:
 137:.\Generated_Source\PSoC5/OSDPReaderTimer_PM.c **** *  Restores and enables the user configuration
 138:.\Generated_Source\PSoC5/OSDPReaderTimer_PM.c **** *
 139:.\Generated_Source\PSoC5/OSDPReaderTimer_PM.c **** * Parameters:
 140:.\Generated_Source\PSoC5/OSDPReaderTimer_PM.c **** *  void
 141:.\Generated_Source\PSoC5/OSDPReaderTimer_PM.c **** *
 142:.\Generated_Source\PSoC5/OSDPReaderTimer_PM.c **** * Return:
 143:.\Generated_Source\PSoC5/OSDPReaderTimer_PM.c **** *  void
 144:.\Generated_Source\PSoC5/OSDPReaderTimer_PM.c **** *
 145:.\Generated_Source\PSoC5/OSDPReaderTimer_PM.c **** * Global variables:
 146:.\Generated_Source\PSoC5/OSDPReaderTimer_PM.c **** *  OSDPReaderTimer_backup.enableState:  Is used to restore the enable state of
 147:.\Generated_Source\PSoC5/OSDPReaderTimer_PM.c **** *  block on wakeup from sleep mode.
 148:.\Generated_Source\PSoC5/OSDPReaderTimer_PM.c **** *
 149:.\Generated_Source\PSoC5/OSDPReaderTimer_PM.c **** *******************************************************************************/
 150:.\Generated_Source\PSoC5/OSDPReaderTimer_PM.c **** void OSDPReaderTimer_Wakeup(void) 
 151:.\Generated_Source\PSoC5/OSDPReaderTimer_PM.c **** {
 150              		.loc 1 151 0
 151              		.cfi_startproc
 152              		@ args = 0, pretend = 0, frame = 0
 153              		@ frame_needed = 0, uses_anonymous_args = 0
 154 0000 08B5     		push	{r3, lr}
 155              		.cfi_def_cfa_offset 8
 156              		.cfi_offset 3, -8
 157              		.cfi_offset 14, -4
 152:.\Generated_Source\PSoC5/OSDPReaderTimer_PM.c ****     OSDPReaderTimer_RestoreConfig();
 158              		.loc 1 152 0
 159 0002 FFF7FEFF 		bl	OSDPReaderTimer_RestoreConfig
 160              	.LVL6:
 153:.\Generated_Source\PSoC5/OSDPReaderTimer_PM.c ****     #if(!OSDPReaderTimer_UDB_CONTROL_REG_REMOVED)
 154:.\Generated_Source\PSoC5/OSDPReaderTimer_PM.c ****         if(OSDPReaderTimer_backup.TimerEnableState == 1u)
 161              		.loc 1 154 0
 162 0006 044B     		ldr	r3, .L16
 163 0008 1B78     		ldrb	r3, [r3]	@ zero_extendqisi2
 164 000a 012B     		cmp	r3, #1
 165 000c 03D1     		bne	.L13
 155:.\Generated_Source\PSoC5/OSDPReaderTimer_PM.c ****         {     /* Enable Timer's operation */
 156:.\Generated_Source\PSoC5/OSDPReaderTimer_PM.c ****                 OSDPReaderTimer_Enable();
 157:.\Generated_Source\PSoC5/OSDPReaderTimer_PM.c ****         } /* Do nothing if Timer was disabled before */
 158:.\Generated_Source\PSoC5/OSDPReaderTimer_PM.c ****     #endif /* Remove this code section if Control register is removed */
 159:.\Generated_Source\PSoC5/OSDPReaderTimer_PM.c **** }
 166              		.loc 1 159 0
 167 000e BDE80840 		pop	{r3, lr}
 156:.\Generated_Source\PSoC5/OSDPReaderTimer_PM.c ****                 OSDPReaderTimer_Enable();
 168              		.loc 1 156 0
 169 0012 FFF7FEBF 		b	OSDPReaderTimer_Enable
 170              	.LVL7:
 171              	.L13:
 172 0016 08BD     		pop	{r3, pc}
 173              	.L17:
 174              		.align	2
 175              	.L16:
 176 0018 00000000 		.word	.LANCHOR0
 177              		.cfi_endproc
 178              	.LFE3:
 179              		.size	OSDPReaderTimer_Wakeup, .-OSDPReaderTimer_Wakeup
ARM GAS  C:\Users\Yiquing\AppData\Local\Temp\ccLOi9NU.s 			page 7


 180              		.bss
 181              		.align	1
 182              		.set	.LANCHOR0,. + 0
 183              		.type	OSDPReaderTimer_backup, %object
 184              		.size	OSDPReaderTimer_backup, 6
 185              	OSDPReaderTimer_backup:
 186 0000 00000000 		.space	6
 186      0000
 187              		.text
 188              	.Letext0:
 189              		.file 2 ".\\Generated_Source\\PSoC5\\cytypes.h"
 190              		.file 3 ".\\Generated_Source\\PSoC5\\OSDPReaderTimer.h"
 191              		.section	.debug_info,"",%progbits
 192              	.Ldebug_info0:
 193 0000 E6010000 		.4byte	0x1e6
 194 0004 0400     		.2byte	0x4
 195 0006 00000000 		.4byte	.Ldebug_abbrev0
 196 000a 04       		.byte	0x4
 197 000b 01       		.uleb128 0x1
 198 000c 53000000 		.4byte	.LASF31
 199 0010 01       		.byte	0x1
 200 0011 05030000 		.4byte	.LASF32
 201 0015 C0010000 		.4byte	.LASF33
 202 0019 00000000 		.4byte	.Ldebug_ranges0+0
 203 001d 00000000 		.4byte	0
 204 0021 00000000 		.4byte	.Ldebug_line0
 205 0025 02       		.uleb128 0x2
 206 0026 01       		.byte	0x1
 207 0027 06       		.byte	0x6
 208 0028 C9020000 		.4byte	.LASF0
 209 002c 02       		.uleb128 0x2
 210 002d 01       		.byte	0x1
 211 002e 08       		.byte	0x8
 212 002f 26010000 		.4byte	.LASF1
 213 0033 02       		.uleb128 0x2
 214 0034 02       		.byte	0x2
 215 0035 05       		.byte	0x5
 216 0036 9F020000 		.4byte	.LASF2
 217 003a 02       		.uleb128 0x2
 218 003b 02       		.byte	0x2
 219 003c 07       		.byte	0x7
 220 003d CF000000 		.4byte	.LASF3
 221 0041 02       		.uleb128 0x2
 222 0042 04       		.byte	0x4
 223 0043 05       		.byte	0x5
 224 0044 C0020000 		.4byte	.LASF4
 225 0048 02       		.uleb128 0x2
 226 0049 04       		.byte	0x4
 227 004a 07       		.byte	0x7
 228 004b 39010000 		.4byte	.LASF5
 229 004f 02       		.uleb128 0x2
 230 0050 08       		.byte	0x8
 231 0051 05       		.byte	0x5
 232 0052 59020000 		.4byte	.LASF6
 233 0056 02       		.uleb128 0x2
 234 0057 08       		.byte	0x8
 235 0058 07       		.byte	0x7
ARM GAS  C:\Users\Yiquing\AppData\Local\Temp\ccLOi9NU.s 			page 8


 236 0059 0E020000 		.4byte	.LASF7
 237 005d 03       		.uleb128 0x3
 238 005e 04       		.byte	0x4
 239 005f 05       		.byte	0x5
 240 0060 696E7400 		.ascii	"int\000"
 241 0064 02       		.uleb128 0x2
 242 0065 04       		.byte	0x4
 243 0066 07       		.byte	0x7
 244 0067 B3010000 		.4byte	.LASF8
 245 006b 04       		.uleb128 0x4
 246 006c 4B010000 		.4byte	.LASF9
 247 0070 02       		.byte	0x2
 248 0071 B3       		.byte	0xb3
 249 0072 2C000000 		.4byte	0x2c
 250 0076 04       		.uleb128 0x4
 251 0077 7C010000 		.4byte	.LASF10
 252 007b 02       		.byte	0x2
 253 007c B4       		.byte	0xb4
 254 007d 3A000000 		.4byte	0x3a
 255 0081 02       		.uleb128 0x2
 256 0082 04       		.byte	0x4
 257 0083 04       		.byte	0x4
 258 0084 EB000000 		.4byte	.LASF11
 259 0088 02       		.uleb128 0x2
 260 0089 08       		.byte	0x8
 261 008a 04       		.byte	0x4
 262 008b 75010000 		.4byte	.LASF12
 263 008f 02       		.uleb128 0x2
 264 0090 01       		.byte	0x1
 265 0091 08       		.byte	0x8
 266 0092 7E020000 		.4byte	.LASF13
 267 0096 05       		.uleb128 0x5
 268 0097 34010000 		.4byte	.LASF14
 269 009b 02       		.byte	0x2
 270 009c 5D01     		.2byte	0x15d
 271 009e A2000000 		.4byte	0xa2
 272 00a2 06       		.uleb128 0x6
 273 00a3 6B000000 		.4byte	0x6b
 274 00a7 02       		.uleb128 0x2
 275 00a8 04       		.byte	0x4
 276 00a9 07       		.byte	0x7
 277 00aa 50020000 		.4byte	.LASF15
 278 00ae 07       		.uleb128 0x7
 279 00af 06       		.byte	0x6
 280 00b0 03       		.byte	0x3
 281 00b1 43       		.byte	0x43
 282 00b2 E7000000 		.4byte	0xe7
 283 00b6 08       		.uleb128 0x8
 284 00b7 00000000 		.4byte	.LASF16
 285 00bb 03       		.byte	0x3
 286 00bc 45       		.byte	0x45
 287 00bd 6B000000 		.4byte	0x6b
 288 00c1 00       		.byte	0
 289 00c2 08       		.uleb128 0x8
 290 00c3 E2000000 		.4byte	.LASF17
 291 00c7 03       		.byte	0x3
 292 00c8 48       		.byte	0x48
ARM GAS  C:\Users\Yiquing\AppData\Local\Temp\ccLOi9NU.s 			page 9


 293 00c9 76000000 		.4byte	0x76
 294 00cd 02       		.byte	0x2
 295 00ce 08       		.uleb128 0x8
 296 00cf 83010000 		.4byte	.LASF18
 297 00d3 03       		.byte	0x3
 298 00d4 49       		.byte	0x49
 299 00d5 6B000000 		.4byte	0x6b
 300 00d9 04       		.byte	0x4
 301 00da 08       		.uleb128 0x8
 302 00db F0020000 		.4byte	.LASF19
 303 00df 03       		.byte	0x3
 304 00e0 4F       		.byte	0x4f
 305 00e1 6B000000 		.4byte	0x6b
 306 00e5 05       		.byte	0x5
 307 00e6 00       		.byte	0
 308 00e7 04       		.uleb128 0x4
 309 00e8 11000000 		.4byte	.LASF20
 310 00ec 03       		.byte	0x3
 311 00ed 53       		.byte	0x53
 312 00ee AE000000 		.4byte	0xae
 313 00f2 09       		.uleb128 0x9
 314 00f3 D5020000 		.4byte	.LASF21
 315 00f7 01       		.byte	0x1
 316 00f8 2B       		.byte	0x2b
 317 00f9 00000000 		.4byte	.LFB0
 318 00fd 20000000 		.4byte	.LFE0-.LFB0
 319 0101 01       		.uleb128 0x1
 320 0102 9C       		.byte	0x9c
 321 0103 1A010000 		.4byte	0x11a
 322 0107 0A       		.uleb128 0xa
 323 0108 06000000 		.4byte	.LVL0
 324 010c A3010000 		.4byte	0x1a3
 325 0110 0A       		.uleb128 0xa
 326 0111 14000000 		.4byte	.LVL1
 327 0115 AE010000 		.4byte	0x1ae
 328 0119 00       		.byte	0
 329 011a 09       		.uleb128 0x9
 330 011b F1000000 		.4byte	.LASF22
 331 011f 01       		.byte	0x1
 332 0120 4D       		.byte	0x4d
 333 0121 00000000 		.4byte	.LFB1
 334 0125 24000000 		.4byte	.LFE1-.LFB1
 335 0129 01       		.uleb128 0x1
 336 012a 9C       		.byte	0x9c
 337 012b 42010000 		.4byte	0x142
 338 012f 0A       		.uleb128 0xa
 339 0130 0A000000 		.4byte	.LVL2
 340 0134 B9010000 		.4byte	0x1b9
 341 0138 0B       		.uleb128 0xb
 342 0139 1A000000 		.4byte	.LVL3
 343 013d CA010000 		.4byte	0x1ca
 344 0141 00       		.byte	0
 345 0142 09       		.uleb128 0x9
 346 0143 25020000 		.4byte	.LASF23
 347 0147 01       		.byte	0x1
 348 0148 70       		.byte	0x70
 349 0149 00000000 		.4byte	.LFB2
ARM GAS  C:\Users\Yiquing\AppData\Local\Temp\ccLOi9NU.s 			page 10


 350 014d 28000000 		.4byte	.LFE2-.LFB2
 351 0151 01       		.uleb128 0x1
 352 0152 9C       		.byte	0x9c
 353 0153 6A010000 		.4byte	0x16a
 354 0157 0A       		.uleb128 0xa
 355 0158 18000000 		.4byte	.LVL4
 356 015c DB010000 		.4byte	0x1db
 357 0160 0B       		.uleb128 0xb
 358 0161 20000000 		.4byte	.LVL5
 359 0165 F2000000 		.4byte	0xf2
 360 0169 00       		.byte	0
 361 016a 09       		.uleb128 0x9
 362 016b 0F010000 		.4byte	.LASF24
 363 016f 01       		.byte	0x1
 364 0170 96       		.byte	0x96
 365 0171 00000000 		.4byte	.LFB3
 366 0175 1C000000 		.4byte	.LFE3-.LFB3
 367 0179 01       		.uleb128 0x1
 368 017a 9C       		.byte	0x9c
 369 017b 92010000 		.4byte	0x192
 370 017f 0A       		.uleb128 0xa
 371 0180 06000000 		.4byte	.LVL6
 372 0184 1A010000 		.4byte	0x11a
 373 0188 0B       		.uleb128 0xb
 374 0189 16000000 		.4byte	.LVL7
 375 018d E2010000 		.4byte	0x1e2
 376 0191 00       		.byte	0
 377 0192 0C       		.uleb128 0xc
 378 0193 A9020000 		.4byte	.LASF34
 379 0197 01       		.byte	0x1
 380 0198 15       		.byte	0x15
 381 0199 E7000000 		.4byte	0xe7
 382 019d 05       		.uleb128 0x5
 383 019e 03       		.byte	0x3
 384 019f 00000000 		.4byte	OSDPReaderTimer_backup
 385 01a3 0D       		.uleb128 0xd
 386 01a4 83020000 		.4byte	.LASF25
 387 01a8 03       		.byte	0x3
 388 01a9 69       		.byte	0x69
 389 01aa 76000000 		.4byte	0x76
 390 01ae 0D       		.uleb128 0xd
 391 01af 51010000 		.4byte	.LASF26
 392 01b3 03       		.byte	0x3
 393 01b4 63       		.byte	0x63
 394 01b5 6B000000 		.4byte	0x6b
 395 01b9 0E       		.uleb128 0xe
 396 01ba 96010000 		.4byte	.LASF27
 397 01be 03       		.byte	0x3
 398 01bf 6A       		.byte	0x6a
 399 01c0 CA010000 		.4byte	0x1ca
 400 01c4 0F       		.uleb128 0xf
 401 01c5 76000000 		.4byte	0x76
 402 01c9 00       		.byte	0
 403 01ca 0E       		.uleb128 0xe
 404 01cb 2E000000 		.4byte	.LASF28
 405 01cf 03       		.byte	0x3
 406 01d0 64       		.byte	0x64
ARM GAS  C:\Users\Yiquing\AppData\Local\Temp\ccLOi9NU.s 			page 11


 407 01d1 DB010000 		.4byte	0x1db
 408 01d5 0F       		.uleb128 0xf
 409 01d6 6B000000 		.4byte	0x6b
 410 01da 00       		.byte	0
 411 01db 10       		.uleb128 0x10
 412 01dc 3B020000 		.4byte	.LASF29
 413 01e0 03       		.byte	0x3
 414 01e1 5B       		.byte	0x5b
 415 01e2 10       		.uleb128 0x10
 416 01e3 67020000 		.4byte	.LASF30
 417 01e7 03       		.byte	0x3
 418 01e8 8B       		.byte	0x8b
 419 01e9 00       		.byte	0
 420              		.section	.debug_abbrev,"",%progbits
 421              	.Ldebug_abbrev0:
 422 0000 01       		.uleb128 0x1
 423 0001 11       		.uleb128 0x11
 424 0002 01       		.byte	0x1
 425 0003 25       		.uleb128 0x25
 426 0004 0E       		.uleb128 0xe
 427 0005 13       		.uleb128 0x13
 428 0006 0B       		.uleb128 0xb
 429 0007 03       		.uleb128 0x3
 430 0008 0E       		.uleb128 0xe
 431 0009 1B       		.uleb128 0x1b
 432 000a 0E       		.uleb128 0xe
 433 000b 55       		.uleb128 0x55
 434 000c 17       		.uleb128 0x17
 435 000d 11       		.uleb128 0x11
 436 000e 01       		.uleb128 0x1
 437 000f 10       		.uleb128 0x10
 438 0010 17       		.uleb128 0x17
 439 0011 00       		.byte	0
 440 0012 00       		.byte	0
 441 0013 02       		.uleb128 0x2
 442 0014 24       		.uleb128 0x24
 443 0015 00       		.byte	0
 444 0016 0B       		.uleb128 0xb
 445 0017 0B       		.uleb128 0xb
 446 0018 3E       		.uleb128 0x3e
 447 0019 0B       		.uleb128 0xb
 448 001a 03       		.uleb128 0x3
 449 001b 0E       		.uleb128 0xe
 450 001c 00       		.byte	0
 451 001d 00       		.byte	0
 452 001e 03       		.uleb128 0x3
 453 001f 24       		.uleb128 0x24
 454 0020 00       		.byte	0
 455 0021 0B       		.uleb128 0xb
 456 0022 0B       		.uleb128 0xb
 457 0023 3E       		.uleb128 0x3e
 458 0024 0B       		.uleb128 0xb
 459 0025 03       		.uleb128 0x3
 460 0026 08       		.uleb128 0x8
 461 0027 00       		.byte	0
 462 0028 00       		.byte	0
 463 0029 04       		.uleb128 0x4
ARM GAS  C:\Users\Yiquing\AppData\Local\Temp\ccLOi9NU.s 			page 12


 464 002a 16       		.uleb128 0x16
 465 002b 00       		.byte	0
 466 002c 03       		.uleb128 0x3
 467 002d 0E       		.uleb128 0xe
 468 002e 3A       		.uleb128 0x3a
 469 002f 0B       		.uleb128 0xb
 470 0030 3B       		.uleb128 0x3b
 471 0031 0B       		.uleb128 0xb
 472 0032 49       		.uleb128 0x49
 473 0033 13       		.uleb128 0x13
 474 0034 00       		.byte	0
 475 0035 00       		.byte	0
 476 0036 05       		.uleb128 0x5
 477 0037 16       		.uleb128 0x16
 478 0038 00       		.byte	0
 479 0039 03       		.uleb128 0x3
 480 003a 0E       		.uleb128 0xe
 481 003b 3A       		.uleb128 0x3a
 482 003c 0B       		.uleb128 0xb
 483 003d 3B       		.uleb128 0x3b
 484 003e 05       		.uleb128 0x5
 485 003f 49       		.uleb128 0x49
 486 0040 13       		.uleb128 0x13
 487 0041 00       		.byte	0
 488 0042 00       		.byte	0
 489 0043 06       		.uleb128 0x6
 490 0044 35       		.uleb128 0x35
 491 0045 00       		.byte	0
 492 0046 49       		.uleb128 0x49
 493 0047 13       		.uleb128 0x13
 494 0048 00       		.byte	0
 495 0049 00       		.byte	0
 496 004a 07       		.uleb128 0x7
 497 004b 13       		.uleb128 0x13
 498 004c 01       		.byte	0x1
 499 004d 0B       		.uleb128 0xb
 500 004e 0B       		.uleb128 0xb
 501 004f 3A       		.uleb128 0x3a
 502 0050 0B       		.uleb128 0xb
 503 0051 3B       		.uleb128 0x3b
 504 0052 0B       		.uleb128 0xb
 505 0053 01       		.uleb128 0x1
 506 0054 13       		.uleb128 0x13
 507 0055 00       		.byte	0
 508 0056 00       		.byte	0
 509 0057 08       		.uleb128 0x8
 510 0058 0D       		.uleb128 0xd
 511 0059 00       		.byte	0
 512 005a 03       		.uleb128 0x3
 513 005b 0E       		.uleb128 0xe
 514 005c 3A       		.uleb128 0x3a
 515 005d 0B       		.uleb128 0xb
 516 005e 3B       		.uleb128 0x3b
 517 005f 0B       		.uleb128 0xb
 518 0060 49       		.uleb128 0x49
 519 0061 13       		.uleb128 0x13
 520 0062 38       		.uleb128 0x38
ARM GAS  C:\Users\Yiquing\AppData\Local\Temp\ccLOi9NU.s 			page 13


 521 0063 0B       		.uleb128 0xb
 522 0064 00       		.byte	0
 523 0065 00       		.byte	0
 524 0066 09       		.uleb128 0x9
 525 0067 2E       		.uleb128 0x2e
 526 0068 01       		.byte	0x1
 527 0069 3F       		.uleb128 0x3f
 528 006a 19       		.uleb128 0x19
 529 006b 03       		.uleb128 0x3
 530 006c 0E       		.uleb128 0xe
 531 006d 3A       		.uleb128 0x3a
 532 006e 0B       		.uleb128 0xb
 533 006f 3B       		.uleb128 0x3b
 534 0070 0B       		.uleb128 0xb
 535 0071 27       		.uleb128 0x27
 536 0072 19       		.uleb128 0x19
 537 0073 11       		.uleb128 0x11
 538 0074 01       		.uleb128 0x1
 539 0075 12       		.uleb128 0x12
 540 0076 06       		.uleb128 0x6
 541 0077 40       		.uleb128 0x40
 542 0078 18       		.uleb128 0x18
 543 0079 9742     		.uleb128 0x2117
 544 007b 19       		.uleb128 0x19
 545 007c 01       		.uleb128 0x1
 546 007d 13       		.uleb128 0x13
 547 007e 00       		.byte	0
 548 007f 00       		.byte	0
 549 0080 0A       		.uleb128 0xa
 550 0081 898201   		.uleb128 0x4109
 551 0084 00       		.byte	0
 552 0085 11       		.uleb128 0x11
 553 0086 01       		.uleb128 0x1
 554 0087 31       		.uleb128 0x31
 555 0088 13       		.uleb128 0x13
 556 0089 00       		.byte	0
 557 008a 00       		.byte	0
 558 008b 0B       		.uleb128 0xb
 559 008c 898201   		.uleb128 0x4109
 560 008f 00       		.byte	0
 561 0090 11       		.uleb128 0x11
 562 0091 01       		.uleb128 0x1
 563 0092 9542     		.uleb128 0x2115
 564 0094 19       		.uleb128 0x19
 565 0095 31       		.uleb128 0x31
 566 0096 13       		.uleb128 0x13
 567 0097 00       		.byte	0
 568 0098 00       		.byte	0
 569 0099 0C       		.uleb128 0xc
 570 009a 34       		.uleb128 0x34
 571 009b 00       		.byte	0
 572 009c 03       		.uleb128 0x3
 573 009d 0E       		.uleb128 0xe
 574 009e 3A       		.uleb128 0x3a
 575 009f 0B       		.uleb128 0xb
 576 00a0 3B       		.uleb128 0x3b
 577 00a1 0B       		.uleb128 0xb
ARM GAS  C:\Users\Yiquing\AppData\Local\Temp\ccLOi9NU.s 			page 14


 578 00a2 49       		.uleb128 0x49
 579 00a3 13       		.uleb128 0x13
 580 00a4 02       		.uleb128 0x2
 581 00a5 18       		.uleb128 0x18
 582 00a6 00       		.byte	0
 583 00a7 00       		.byte	0
 584 00a8 0D       		.uleb128 0xd
 585 00a9 2E       		.uleb128 0x2e
 586 00aa 00       		.byte	0
 587 00ab 3F       		.uleb128 0x3f
 588 00ac 19       		.uleb128 0x19
 589 00ad 03       		.uleb128 0x3
 590 00ae 0E       		.uleb128 0xe
 591 00af 3A       		.uleb128 0x3a
 592 00b0 0B       		.uleb128 0xb
 593 00b1 3B       		.uleb128 0x3b
 594 00b2 0B       		.uleb128 0xb
 595 00b3 27       		.uleb128 0x27
 596 00b4 19       		.uleb128 0x19
 597 00b5 49       		.uleb128 0x49
 598 00b6 13       		.uleb128 0x13
 599 00b7 3C       		.uleb128 0x3c
 600 00b8 19       		.uleb128 0x19
 601 00b9 00       		.byte	0
 602 00ba 00       		.byte	0
 603 00bb 0E       		.uleb128 0xe
 604 00bc 2E       		.uleb128 0x2e
 605 00bd 01       		.byte	0x1
 606 00be 3F       		.uleb128 0x3f
 607 00bf 19       		.uleb128 0x19
 608 00c0 03       		.uleb128 0x3
 609 00c1 0E       		.uleb128 0xe
 610 00c2 3A       		.uleb128 0x3a
 611 00c3 0B       		.uleb128 0xb
 612 00c4 3B       		.uleb128 0x3b
 613 00c5 0B       		.uleb128 0xb
 614 00c6 27       		.uleb128 0x27
 615 00c7 19       		.uleb128 0x19
 616 00c8 3C       		.uleb128 0x3c
 617 00c9 19       		.uleb128 0x19
 618 00ca 01       		.uleb128 0x1
 619 00cb 13       		.uleb128 0x13
 620 00cc 00       		.byte	0
 621 00cd 00       		.byte	0
 622 00ce 0F       		.uleb128 0xf
 623 00cf 05       		.uleb128 0x5
 624 00d0 00       		.byte	0
 625 00d1 49       		.uleb128 0x49
 626 00d2 13       		.uleb128 0x13
 627 00d3 00       		.byte	0
 628 00d4 00       		.byte	0
 629 00d5 10       		.uleb128 0x10
 630 00d6 2E       		.uleb128 0x2e
 631 00d7 00       		.byte	0
 632 00d8 3F       		.uleb128 0x3f
 633 00d9 19       		.uleb128 0x19
 634 00da 03       		.uleb128 0x3
ARM GAS  C:\Users\Yiquing\AppData\Local\Temp\ccLOi9NU.s 			page 15


 635 00db 0E       		.uleb128 0xe
 636 00dc 3A       		.uleb128 0x3a
 637 00dd 0B       		.uleb128 0xb
 638 00de 3B       		.uleb128 0x3b
 639 00df 0B       		.uleb128 0xb
 640 00e0 27       		.uleb128 0x27
 641 00e1 19       		.uleb128 0x19
 642 00e2 3C       		.uleb128 0x3c
 643 00e3 19       		.uleb128 0x19
 644 00e4 00       		.byte	0
 645 00e5 00       		.byte	0
 646 00e6 00       		.byte	0
 647              		.section	.debug_aranges,"",%progbits
 648 0000 34000000 		.4byte	0x34
 649 0004 0200     		.2byte	0x2
 650 0006 00000000 		.4byte	.Ldebug_info0
 651 000a 04       		.byte	0x4
 652 000b 00       		.byte	0
 653 000c 0000     		.2byte	0
 654 000e 0000     		.2byte	0
 655 0010 00000000 		.4byte	.LFB0
 656 0014 20000000 		.4byte	.LFE0-.LFB0
 657 0018 00000000 		.4byte	.LFB1
 658 001c 24000000 		.4byte	.LFE1-.LFB1
 659 0020 00000000 		.4byte	.LFB2
 660 0024 28000000 		.4byte	.LFE2-.LFB2
 661 0028 00000000 		.4byte	.LFB3
 662 002c 1C000000 		.4byte	.LFE3-.LFB3
 663 0030 00000000 		.4byte	0
 664 0034 00000000 		.4byte	0
 665              		.section	.debug_ranges,"",%progbits
 666              	.Ldebug_ranges0:
 667 0000 00000000 		.4byte	.LFB0
 668 0004 20000000 		.4byte	.LFE0
 669 0008 00000000 		.4byte	.LFB1
 670 000c 24000000 		.4byte	.LFE1
 671 0010 00000000 		.4byte	.LFB2
 672 0014 28000000 		.4byte	.LFE2
 673 0018 00000000 		.4byte	.LFB3
 674 001c 1C000000 		.4byte	.LFE3
 675 0020 00000000 		.4byte	0
 676 0024 00000000 		.4byte	0
 677              		.section	.debug_line,"",%progbits
 678              	.Ldebug_line0:
 679 0000 BF000000 		.section	.debug_str,"MS",%progbits,1
 679      02006600 
 679      00000201 
 679      FB0E0D00 
 679      01010101 
 680              	.LASF16:
 681 0000 54696D65 		.ascii	"TimerEnableState\000"
 681      72456E61 
 681      626C6553 
 681      74617465 
 681      00
 682              	.LASF20:
 683 0011 4F534450 		.ascii	"OSDPReaderTimer_backupStruct\000"
ARM GAS  C:\Users\Yiquing\AppData\Local\Temp\ccLOi9NU.s 			page 16


 683      52656164 
 683      65725469 
 683      6D65725F 
 683      6261636B 
 684              	.LASF28:
 685 002e 4F534450 		.ascii	"OSDPReaderTimer_WriteControlRegister\000"
 685      52656164 
 685      65725469 
 685      6D65725F 
 685      57726974 
 686              	.LASF31:
 687 0053 474E5520 		.ascii	"GNU C 4.8.4 20140526 (release) [ARM/embedded-4_8-br"
 687      4320342E 
 687      382E3420 
 687      32303134 
 687      30353236 
 688 0086 616E6368 		.ascii	"anch revision 211358] -mcpu=cortex-m3 -mthumb -g -O"
 688      20726576 
 688      6973696F 
 688      6E203231 
 688      31333538 
 689 00b9 73202D66 		.ascii	"s -ffunction-sections\000"
 689      66756E63 
 689      74696F6E 
 689      2D736563 
 689      74696F6E 
 690              	.LASF3:
 691 00cf 73686F72 		.ascii	"short unsigned int\000"
 691      7420756E 
 691      7369676E 
 691      65642069 
 691      6E7400
 692              	.LASF17:
 693 00e2 54696D65 		.ascii	"TimerUdb\000"
 693      72556462 
 693      00
 694              	.LASF11:
 695 00eb 666C6F61 		.ascii	"float\000"
 695      7400
 696              	.LASF22:
 697 00f1 4F534450 		.ascii	"OSDPReaderTimer_RestoreConfig\000"
 697      52656164 
 697      65725469 
 697      6D65725F 
 697      52657374 
 698              	.LASF24:
 699 010f 4F534450 		.ascii	"OSDPReaderTimer_Wakeup\000"
 699      52656164 
 699      65725469 
 699      6D65725F 
 699      57616B65 
 700              	.LASF1:
 701 0126 756E7369 		.ascii	"unsigned char\000"
 701      676E6564 
 701      20636861 
 701      7200
 702              	.LASF14:
ARM GAS  C:\Users\Yiquing\AppData\Local\Temp\ccLOi9NU.s 			page 17


 703 0134 72656738 		.ascii	"reg8\000"
 703      00
 704              	.LASF5:
 705 0139 6C6F6E67 		.ascii	"long unsigned int\000"
 705      20756E73 
 705      69676E65 
 705      6420696E 
 705      7400
 706              	.LASF9:
 707 014b 75696E74 		.ascii	"uint8\000"
 707      3800
 708              	.LASF26:
 709 0151 4F534450 		.ascii	"OSDPReaderTimer_ReadControlRegister\000"
 709      52656164 
 709      65725469 
 709      6D65725F 
 709      52656164 
 710              	.LASF12:
 711 0175 646F7562 		.ascii	"double\000"
 711      6C6500
 712              	.LASF10:
 713 017c 75696E74 		.ascii	"uint16\000"
 713      313600
 714              	.LASF18:
 715 0183 496E7465 		.ascii	"InterruptMaskValue\000"
 715      72727570 
 715      744D6173 
 715      6B56616C 
 715      756500
 716              	.LASF27:
 717 0196 4F534450 		.ascii	"OSDPReaderTimer_WriteCounter\000"
 717      52656164 
 717      65725469 
 717      6D65725F 
 717      57726974 
 718              	.LASF8:
 719 01b3 756E7369 		.ascii	"unsigned int\000"
 719      676E6564 
 719      20696E74 
 719      00
 720              	.LASF33:
 721 01c0 433A5C55 		.ascii	"C:\\Users\\Yiquing\\Documents\\works\\NanoNXT\\f2f "
 721      73657273 
 721      5C596971 
 721      75696E67 
 721      5C446F63 
 722 01ed 74657374 		.ascii	"testing\\3.2.0\\nanoNxt_ICM3.cydsn\000"
 722      696E675C 
 722      332E322E 
 722      305C6E61 
 722      6E6F4E78 
 723              	.LASF7:
 724 020e 6C6F6E67 		.ascii	"long long unsigned int\000"
 724      206C6F6E 
 724      6720756E 
 724      7369676E 
 724      65642069 
ARM GAS  C:\Users\Yiquing\AppData\Local\Temp\ccLOi9NU.s 			page 18


 725              	.LASF23:
 726 0225 4F534450 		.ascii	"OSDPReaderTimer_Sleep\000"
 726      52656164 
 726      65725469 
 726      6D65725F 
 726      536C6565 
 727              	.LASF29:
 728 023b 4F534450 		.ascii	"OSDPReaderTimer_Stop\000"
 728      52656164 
 728      65725469 
 728      6D65725F 
 728      53746F70 
 729              	.LASF15:
 730 0250 73697A65 		.ascii	"sizetype\000"
 730      74797065 
 730      00
 731              	.LASF6:
 732 0259 6C6F6E67 		.ascii	"long long int\000"
 732      206C6F6E 
 732      6720696E 
 732      7400
 733              	.LASF30:
 734 0267 4F534450 		.ascii	"OSDPReaderTimer_Enable\000"
 734      52656164 
 734      65725469 
 734      6D65725F 
 734      456E6162 
 735              	.LASF13:
 736 027e 63686172 		.ascii	"char\000"
 736      00
 737              	.LASF25:
 738 0283 4F534450 		.ascii	"OSDPReaderTimer_ReadCounter\000"
 738      52656164 
 738      65725469 
 738      6D65725F 
 738      52656164 
 739              	.LASF2:
 740 029f 73686F72 		.ascii	"short int\000"
 740      7420696E 
 740      7400
 741              	.LASF34:
 742 02a9 4F534450 		.ascii	"OSDPReaderTimer_backup\000"
 742      52656164 
 742      65725469 
 742      6D65725F 
 742      6261636B 
 743              	.LASF4:
 744 02c0 6C6F6E67 		.ascii	"long int\000"
 744      20696E74 
 744      00
 745              	.LASF0:
 746 02c9 7369676E 		.ascii	"signed char\000"
 746      65642063 
 746      68617200 
 747              	.LASF21:
 748 02d5 4F534450 		.ascii	"OSDPReaderTimer_SaveConfig\000"
 748      52656164 
ARM GAS  C:\Users\Yiquing\AppData\Local\Temp\ccLOi9NU.s 			page 19


 748      65725469 
 748      6D65725F 
 748      53617665 
 749              	.LASF19:
 750 02f0 54696D65 		.ascii	"TimerControlRegister\000"
 750      72436F6E 
 750      74726F6C 
 750      52656769 
 750      73746572 
 751              	.LASF32:
 752 0305 2E5C4765 		.ascii	".\\Generated_Source\\PSoC5\\OSDPReaderTimer_PM.c\000"
 752      6E657261 
 752      7465645F 
 752      536F7572 
 752      63655C50 
 753              		.ident	"GCC: (GNU Tools for ARM Embedded Processors) 4.8.4 20140526 (release) [ARM/embedded-4_8-br
