ARM GAS  C:\Users\Yiquing\AppData\Local\Temp\ccFvApDz.s 			page 1


   1              		.syntax unified
   2              		.cpu cortex-m3
   3              		.fpu softvfp
   4              		.eabi_attribute 20, 1
   5              		.eabi_attribute 21, 1
   6              		.eabi_attribute 23, 3
   7              		.eabi_attribute 24, 1
   8              		.eabi_attribute 25, 1
   9              		.eabi_attribute 26, 1
  10              		.eabi_attribute 30, 6
  11              		.eabi_attribute 34, 1
  12              		.eabi_attribute 18, 4
  13              		.thumb
  14              		.file	"BootloadableI2C.c"
  15              		.text
  16              	.Ltext0:
  17              		.cfi_sections	.debug_frame
  18              		.section	.text.BootloadableI2C_Load,"ax",%progbits
  19              		.align	2
  20              		.global	BootloadableI2C_Load
  21              		.thumb
  22              		.thumb_func
  23              		.type	BootloadableI2C_Load, %function
  24              	BootloadableI2C_Load:
  25              	.LFB0:
  26              		.file 1 ".\\Generated_Source\\PSoC5\\BootloadableI2C.c"
   1:.\Generated_Source\PSoC5/BootloadableI2C.c **** /*******************************************************************************
   2:.\Generated_Source\PSoC5/BootloadableI2C.c **** * File Name: BootloadableI2C.c
   3:.\Generated_Source\PSoC5/BootloadableI2C.c **** * Version 1.30
   4:.\Generated_Source\PSoC5/BootloadableI2C.c **** *
   5:.\Generated_Source\PSoC5/BootloadableI2C.c **** *  Description:
   6:.\Generated_Source\PSoC5/BootloadableI2C.c **** *   Provides an API for the Bootloadable application. The API includes a
   7:.\Generated_Source\PSoC5/BootloadableI2C.c **** *   single function for starting the bootloader.
   8:.\Generated_Source\PSoC5/BootloadableI2C.c **** *
   9:.\Generated_Source\PSoC5/BootloadableI2C.c **** ********************************************************************************
  10:.\Generated_Source\PSoC5/BootloadableI2C.c **** * Copyright 2008-2014, Cypress Semiconductor Corporation.  All rights reserved.
  11:.\Generated_Source\PSoC5/BootloadableI2C.c **** * You may use this file only in accordance with the license, terms, conditions,
  12:.\Generated_Source\PSoC5/BootloadableI2C.c **** * disclaimers, and limitations in the end user license agreement accompanying
  13:.\Generated_Source\PSoC5/BootloadableI2C.c **** * the software package with which this file was provided.
  14:.\Generated_Source\PSoC5/BootloadableI2C.c **** *******************************************************************************/
  15:.\Generated_Source\PSoC5/BootloadableI2C.c **** 
  16:.\Generated_Source\PSoC5/BootloadableI2C.c **** #include "BootloadableI2C.h"
  17:.\Generated_Source\PSoC5/BootloadableI2C.c **** 
  18:.\Generated_Source\PSoC5/BootloadableI2C.c **** 
  19:.\Generated_Source\PSoC5/BootloadableI2C.c **** /*******************************************************************************
  20:.\Generated_Source\PSoC5/BootloadableI2C.c **** * Function Name: BootloadableI2C_Load
  21:.\Generated_Source\PSoC5/BootloadableI2C.c **** ********************************************************************************
  22:.\Generated_Source\PSoC5/BootloadableI2C.c **** * Summary:
  23:.\Generated_Source\PSoC5/BootloadableI2C.c **** *  Begins the bootloading algorithm downloading a new ACD image from the host.
  24:.\Generated_Source\PSoC5/BootloadableI2C.c **** *
  25:.\Generated_Source\PSoC5/BootloadableI2C.c **** * Parameters:
  26:.\Generated_Source\PSoC5/BootloadableI2C.c **** *  None
  27:.\Generated_Source\PSoC5/BootloadableI2C.c **** *
  28:.\Generated_Source\PSoC5/BootloadableI2C.c **** * Returns:
  29:.\Generated_Source\PSoC5/BootloadableI2C.c **** *  This method will never return. It will load a new application and reset
  30:.\Generated_Source\PSoC5/BootloadableI2C.c **** *  the device.
  31:.\Generated_Source\PSoC5/BootloadableI2C.c **** *
ARM GAS  C:\Users\Yiquing\AppData\Local\Temp\ccFvApDz.s 			page 2


  32:.\Generated_Source\PSoC5/BootloadableI2C.c **** *******************************************************************************/
  33:.\Generated_Source\PSoC5/BootloadableI2C.c **** void BootloadableI2C_Load(void) 
  34:.\Generated_Source\PSoC5/BootloadableI2C.c **** {
  27              		.loc 1 34 0
  28              		.cfi_startproc
  29              		@ args = 0, pretend = 0, frame = 0
  30              		@ frame_needed = 1, uses_anonymous_args = 0
  31 0000 80B5     		push	{r7, lr}
  32              		.cfi_def_cfa_offset 8
  33              		.cfi_offset 7, -8
  34              		.cfi_offset 14, -4
  35 0002 00AF     		add	r7, sp, #0
  36              		.cfi_def_cfa_register 7
  35:.\Generated_Source\PSoC5/BootloadableI2C.c ****     /* Schedule Bootloader to start after reset */
  36:.\Generated_Source\PSoC5/BootloadableI2C.c ****     BootloadableI2C_SET_RUN_TYPE(BootloadableI2C_START_BTLDR);
  37              		.loc 1 36 0
  38 0004 024B     		ldr	r3, .L2
  39 0006 4022     		movs	r2, #64
  40 0008 1A70     		strb	r2, [r3]
  37:.\Generated_Source\PSoC5/BootloadableI2C.c **** 
  38:.\Generated_Source\PSoC5/BootloadableI2C.c ****     CySoftwareReset();
  41              		.loc 1 38 0
  42 000a FFF7FEFF 		bl	CySoftwareReset
  39:.\Generated_Source\PSoC5/BootloadableI2C.c **** }
  43              		.loc 1 39 0
  44 000e 80BD     		pop	{r7, pc}
  45              	.L3:
  46              		.align	2
  47              	.L2:
  48 0010 FA460040 		.word	1073759994
  49              		.cfi_endproc
  50              	.LFE0:
  51              		.size	BootloadableI2C_Load, .-BootloadableI2C_Load
  52              		.section	.text.BootloadableI2C_SetFlashByte,"ax",%progbits
  53              		.align	2
  54              		.global	BootloadableI2C_SetFlashByte
  55              		.thumb
  56              		.thumb_func
  57              		.type	BootloadableI2C_SetFlashByte, %function
  58              	BootloadableI2C_SetFlashByte:
  59              	.LFB1:
  40:.\Generated_Source\PSoC5/BootloadableI2C.c **** 
  41:.\Generated_Source\PSoC5/BootloadableI2C.c **** 
  42:.\Generated_Source\PSoC5/BootloadableI2C.c **** /*******************************************************************************
  43:.\Generated_Source\PSoC5/BootloadableI2C.c **** * The following code is OBSOLETE and must not be used.
  44:.\Generated_Source\PSoC5/BootloadableI2C.c **** *******************************************************************************/
  45:.\Generated_Source\PSoC5/BootloadableI2C.c **** void BootloadableI2C_SetFlashByte(uint32 address, uint8 runType) 
  46:.\Generated_Source\PSoC5/BootloadableI2C.c **** {
  60              		.loc 1 46 0
  61              		.cfi_startproc
  62              		@ args = 0, pretend = 0, frame = 280
  63              		@ frame_needed = 1, uses_anonymous_args = 0
  64 0000 80B5     		push	{r7, lr}
  65              		.cfi_def_cfa_offset 8
  66              		.cfi_offset 7, -8
  67              		.cfi_offset 14, -4
  68 0002 C6B0     		sub	sp, sp, #280
ARM GAS  C:\Users\Yiquing\AppData\Local\Temp\ccFvApDz.s 			page 3


  69              		.cfi_def_cfa_offset 288
  70 0004 00AF     		add	r7, sp, #0
  71              		.cfi_def_cfa_register 7
  72 0006 3B1D     		adds	r3, r7, #4
  73 0008 1860     		str	r0, [r3]
  74 000a 0A46     		mov	r2, r1
  75 000c FB1C     		adds	r3, r7, #3
  76 000e 1A70     		strb	r2, [r3]
  47:.\Generated_Source\PSoC5/BootloadableI2C.c ****     uint32 flsAddr = address - CYDEV_FLASH_BASE;
  77              		.loc 1 47 0
  78 0010 3B1D     		adds	r3, r7, #4
  79 0012 1B68     		ldr	r3, [r3]
  80 0014 C7F81031 		str	r3, [r7, #272]
  48:.\Generated_Source\PSoC5/BootloadableI2C.c ****     uint8  rowData[CYDEV_FLS_ROW_SIZE];
  49:.\Generated_Source\PSoC5/BootloadableI2C.c **** 
  50:.\Generated_Source\PSoC5/BootloadableI2C.c ****     #if !(CY_PSOC4)
  51:.\Generated_Source\PSoC5/BootloadableI2C.c ****         uint8 arrayId = ( uint8 )(flsAddr / CYDEV_FLS_SECTOR_SIZE);
  81              		.loc 1 51 0
  82 0018 D7F81031 		ldr	r3, [r7, #272]
  83 001c 1B0C     		lsrs	r3, r3, #16
  84 001e 87F80F31 		strb	r3, [r7, #271]
  52:.\Generated_Source\PSoC5/BootloadableI2C.c ****     #endif  /* !(CY_PSOC4) */
  53:.\Generated_Source\PSoC5/BootloadableI2C.c **** 
  54:.\Generated_Source\PSoC5/BootloadableI2C.c ****     #if (CY_PSOC4)
  55:.\Generated_Source\PSoC5/BootloadableI2C.c ****         uint16 rowNum = ( uint16 )(flsAddr / CYDEV_FLS_ROW_SIZE);
  56:.\Generated_Source\PSoC5/BootloadableI2C.c ****     #else
  57:.\Generated_Source\PSoC5/BootloadableI2C.c ****         uint16 rowNum = ( uint16 )((flsAddr % CYDEV_FLS_SECTOR_SIZE) / CYDEV_FLS_ROW_SIZE);
  85              		.loc 1 57 0
  86 0022 D7F81031 		ldr	r3, [r7, #272]
  87 0026 9BB2     		uxth	r3, r3
  88 0028 1B0A     		lsrs	r3, r3, #8
  89 002a A7F80C31 		strh	r3, [r7, #268]	@ movhi
  58:.\Generated_Source\PSoC5/BootloadableI2C.c ****     #endif  /* (CY_PSOC4) */
  59:.\Generated_Source\PSoC5/BootloadableI2C.c **** 
  60:.\Generated_Source\PSoC5/BootloadableI2C.c ****     uint32 baseAddr = address - (address % CYDEV_FLS_ROW_SIZE);
  90              		.loc 1 60 0
  91 002e 3B1D     		adds	r3, r7, #4
  92 0030 1B68     		ldr	r3, [r3]
  93 0032 23F0FF03 		bic	r3, r3, #255
  94 0036 C7F80831 		str	r3, [r7, #264]
  61:.\Generated_Source\PSoC5/BootloadableI2C.c ****     uint16 idx;
  62:.\Generated_Source\PSoC5/BootloadableI2C.c **** 
  63:.\Generated_Source\PSoC5/BootloadableI2C.c **** 
  64:.\Generated_Source\PSoC5/BootloadableI2C.c ****     for (idx = 0u; idx < CYDEV_FLS_ROW_SIZE; idx++)
  95              		.loc 1 64 0
  96 003a 0023     		movs	r3, #0
  97 003c A7F81631 		strh	r3, [r7, #278]	@ movhi
  98 0040 0FE0     		b	.L5
  99              	.L6:
  65:.\Generated_Source\PSoC5/BootloadableI2C.c ****     {
  66:.\Generated_Source\PSoC5/BootloadableI2C.c ****         rowData[idx] = BootloadableI2C_GET_CODE_DATA(baseAddr + idx);
 100              		.loc 1 66 0 discriminator 2
 101 0042 B7F81631 		ldrh	r3, [r7, #278]
 102 0046 B7F81611 		ldrh	r1, [r7, #278]
 103 004a D7F80821 		ldr	r2, [r7, #264]
 104 004e 0A44     		add	r2, r2, r1
 105 0050 1178     		ldrb	r1, [r2]	@ zero_extendqisi2
ARM GAS  C:\Users\Yiquing\AppData\Local\Temp\ccFvApDz.s 			page 4


 106 0052 07F10802 		add	r2, r7, #8
 107 0056 D154     		strb	r1, [r2, r3]
  64:.\Generated_Source\PSoC5/BootloadableI2C.c ****     for (idx = 0u; idx < CYDEV_FLS_ROW_SIZE; idx++)
 108              		.loc 1 64 0 discriminator 2
 109 0058 B7F81631 		ldrh	r3, [r7, #278]
 110 005c 0133     		adds	r3, r3, #1
 111 005e A7F81631 		strh	r3, [r7, #278]	@ movhi
 112              	.L5:
  64:.\Generated_Source\PSoC5/BootloadableI2C.c ****     for (idx = 0u; idx < CYDEV_FLS_ROW_SIZE; idx++)
 113              		.loc 1 64 0 is_stmt 0 discriminator 1
 114 0062 B7F81631 		ldrh	r3, [r7, #278]
 115 0066 FF2B     		cmp	r3, #255
 116 0068 EBD9     		bls	.L6
  67:.\Generated_Source\PSoC5/BootloadableI2C.c ****     }
  68:.\Generated_Source\PSoC5/BootloadableI2C.c ****     rowData[address % CYDEV_FLS_ROW_SIZE] = runType;
 117              		.loc 1 68 0 is_stmt 1
 118 006a 3B1D     		adds	r3, r7, #4
 119 006c 1B68     		ldr	r3, [r3]
 120 006e DBB2     		uxtb	r3, r3
 121 0070 07F10802 		add	r2, r7, #8
 122 0074 F91C     		adds	r1, r7, #3
 123 0076 0978     		ldrb	r1, [r1]
 124 0078 D154     		strb	r1, [r2, r3]
  69:.\Generated_Source\PSoC5/BootloadableI2C.c **** 
  70:.\Generated_Source\PSoC5/BootloadableI2C.c ****     #if(CY_PSOC4)
  71:.\Generated_Source\PSoC5/BootloadableI2C.c ****         (void) CySysFlashWriteRow((uint32) rowNum, rowData);
  72:.\Generated_Source\PSoC5/BootloadableI2C.c ****     #else
  73:.\Generated_Source\PSoC5/BootloadableI2C.c ****         (void) CyWriteRowData(arrayId, rowNum, rowData);
 125              		.loc 1 73 0
 126 007a 97F80F11 		ldrb	r1, [r7, #271]	@ zero_extendqisi2
 127 007e B7F80C21 		ldrh	r2, [r7, #268]
 128 0082 07F10803 		add	r3, r7, #8
 129 0086 0846     		mov	r0, r1
 130 0088 1146     		mov	r1, r2
 131 008a 1A46     		mov	r2, r3
 132 008c FFF7FEFF 		bl	CyWriteRowData
  74:.\Generated_Source\PSoC5/BootloadableI2C.c ****     #endif  /* (CY_PSOC4) */
  75:.\Generated_Source\PSoC5/BootloadableI2C.c **** 
  76:.\Generated_Source\PSoC5/BootloadableI2C.c ****     #if(CY_PSOC5)
  77:.\Generated_Source\PSoC5/BootloadableI2C.c ****         /***************************************************************************
  78:.\Generated_Source\PSoC5/BootloadableI2C.c ****         * When writing Flash, data in the instruction cache can become stale.
  79:.\Generated_Source\PSoC5/BootloadableI2C.c ****         * Therefore, the cache data does not correlate to the data just written to
  80:.\Generated_Source\PSoC5/BootloadableI2C.c ****         * Flash. A call to CyFlushCache() is required to invalidate the data in the
  81:.\Generated_Source\PSoC5/BootloadableI2C.c ****         * cache and force fresh information to be loaded from Flash.
  82:.\Generated_Source\PSoC5/BootloadableI2C.c ****         ***************************************************************************/
  83:.\Generated_Source\PSoC5/BootloadableI2C.c ****         CyFlushCache();
 133              		.loc 1 83 0
 134 0090 FFF7FEFF 		bl	CyFlushCache
  84:.\Generated_Source\PSoC5/BootloadableI2C.c ****     #endif /* (CY_PSOC5) */
  85:.\Generated_Source\PSoC5/BootloadableI2C.c **** }
 135              		.loc 1 85 0
 136 0094 07F58C77 		add	r7, r7, #280
 137 0098 BD46     		mov	sp, r7
 138              		@ sp needed
 139 009a 80BD     		pop	{r7, pc}
 140              		.cfi_endproc
 141              	.LFE1:
ARM GAS  C:\Users\Yiquing\AppData\Local\Temp\ccFvApDz.s 			page 5


 142              		.size	BootloadableI2C_SetFlashByte, .-BootloadableI2C_SetFlashByte
 143              		.text
 144              	.Letext0:
 145              		.file 2 ".\\Generated_Source\\PSoC5\\cytypes.h"
 146              		.section	.debug_info,"",%progbits
 147              	.Ldebug_info0:
 148 0000 5C010000 		.4byte	0x15c
 149 0004 0400     		.2byte	0x4
 150 0006 00000000 		.4byte	.Ldebug_abbrev0
 151 000a 04       		.byte	0x4
 152 000b 01       		.uleb128 0x1
 153 000c 22010000 		.4byte	.LASF24
 154 0010 01       		.byte	0x1
 155 0011 F7010000 		.4byte	.LASF25
 156 0015 58000000 		.4byte	.LASF26
 157 0019 00000000 		.4byte	.Ldebug_ranges0+0
 158 001d 00000000 		.4byte	0
 159 0021 00000000 		.4byte	.Ldebug_line0
 160 0025 02       		.uleb128 0x2
 161 0026 01       		.byte	0x1
 162 0027 06       		.byte	0x6
 163 0028 EB010000 		.4byte	.LASF0
 164 002c 02       		.uleb128 0x2
 165 002d 01       		.byte	0x1
 166 002e 08       		.byte	0x8
 167 002f 3D000000 		.4byte	.LASF1
 168 0033 02       		.uleb128 0x2
 169 0034 02       		.byte	0x2
 170 0035 05       		.byte	0x5
 171 0036 C3010000 		.4byte	.LASF2
 172 003a 02       		.uleb128 0x2
 173 003b 02       		.byte	0x2
 174 003c 07       		.byte	0x7
 175 003d 24000000 		.4byte	.LASF3
 176 0041 02       		.uleb128 0x2
 177 0042 04       		.byte	0x4
 178 0043 05       		.byte	0x5
 179 0044 CD010000 		.4byte	.LASF4
 180 0048 02       		.uleb128 0x2
 181 0049 04       		.byte	0x4
 182 004a 07       		.byte	0x7
 183 004b B1000000 		.4byte	.LASF5
 184 004f 02       		.uleb128 0x2
 185 0050 08       		.byte	0x8
 186 0051 05       		.byte	0x5
 187 0052 B0010000 		.4byte	.LASF6
 188 0056 02       		.uleb128 0x2
 189 0057 08       		.byte	0x8
 190 0058 07       		.byte	0x7
 191 0059 03010000 		.4byte	.LASF7
 192 005d 03       		.uleb128 0x3
 193 005e 04       		.byte	0x4
 194 005f 05       		.byte	0x5
 195 0060 696E7400 		.ascii	"int\000"
 196 0064 02       		.uleb128 0x2
 197 0065 04       		.byte	0x4
 198 0066 07       		.byte	0x7
ARM GAS  C:\Users\Yiquing\AppData\Local\Temp\ccFvApDz.s 			page 6


 199 0067 EE000000 		.4byte	.LASF8
 200 006b 04       		.uleb128 0x4
 201 006c C3000000 		.4byte	.LASF9
 202 0070 02       		.byte	0x2
 203 0071 B3       		.byte	0xb3
 204 0072 2C000000 		.4byte	0x2c
 205 0076 04       		.uleb128 0x4
 206 0077 E0000000 		.4byte	.LASF10
 207 007b 02       		.byte	0x2
 208 007c B4       		.byte	0xb4
 209 007d 3A000000 		.4byte	0x3a
 210 0081 04       		.uleb128 0x4
 211 0082 E7000000 		.4byte	.LASF11
 212 0086 02       		.byte	0x2
 213 0087 B5       		.byte	0xb5
 214 0088 48000000 		.4byte	0x48
 215 008c 02       		.uleb128 0x2
 216 008d 04       		.byte	0x4
 217 008e 04       		.byte	0x4
 218 008f 37000000 		.4byte	.LASF12
 219 0093 02       		.uleb128 0x2
 220 0094 08       		.byte	0x8
 221 0095 04       		.byte	0x4
 222 0096 D1000000 		.4byte	.LASF13
 223 009a 02       		.uleb128 0x2
 224 009b 01       		.byte	0x1
 225 009c 08       		.byte	0x8
 226 009d BE010000 		.4byte	.LASF14
 227 00a1 05       		.uleb128 0x5
 228 00a2 53000000 		.4byte	.LASF15
 229 00a6 02       		.byte	0x2
 230 00a7 5D01     		.2byte	0x15d
 231 00a9 AD000000 		.4byte	0xad
 232 00ad 06       		.uleb128 0x6
 233 00ae 6B000000 		.4byte	0x6b
 234 00b2 02       		.uleb128 0x2
 235 00b3 04       		.byte	0x4
 236 00b4 07       		.byte	0x7
 237 00b5 A7010000 		.4byte	.LASF16
 238 00b9 07       		.uleb128 0x7
 239 00ba D6010000 		.4byte	.LASF27
 240 00be 01       		.byte	0x1
 241 00bf 21       		.byte	0x21
 242 00c0 00000000 		.4byte	.LFB0
 243 00c4 14000000 		.4byte	.LFE0-.LFB0
 244 00c8 01       		.uleb128 0x1
 245 00c9 9C       		.byte	0x9c
 246 00ca 08       		.uleb128 0x8
 247 00cb 07000000 		.4byte	.LASF28
 248 00cf 01       		.byte	0x1
 249 00d0 2D       		.byte	0x2d
 250 00d1 00000000 		.4byte	.LFB1
 251 00d5 9C000000 		.4byte	.LFE1-.LFB1
 252 00d9 01       		.uleb128 0x1
 253 00da 9C       		.byte	0x9c
 254 00db 53010000 		.4byte	0x153
 255 00df 09       		.uleb128 0x9
ARM GAS  C:\Users\Yiquing\AppData\Local\Temp\ccFvApDz.s 			page 7


 256 00e0 FB000000 		.4byte	.LASF17
 257 00e4 01       		.byte	0x1
 258 00e5 2D       		.byte	0x2d
 259 00e6 81000000 		.4byte	0x81
 260 00ea 03       		.uleb128 0x3
 261 00eb 91       		.byte	0x91
 262 00ec E47D     		.sleb128 -284
 263 00ee 09       		.uleb128 0x9
 264 00ef 1A010000 		.4byte	.LASF18
 265 00f3 01       		.byte	0x1
 266 00f4 2D       		.byte	0x2d
 267 00f5 6B000000 		.4byte	0x6b
 268 00f9 03       		.uleb128 0x3
 269 00fa 91       		.byte	0x91
 270 00fb E37D     		.sleb128 -285
 271 00fd 0A       		.uleb128 0xa
 272 00fe D8000000 		.4byte	.LASF19
 273 0102 01       		.byte	0x1
 274 0103 2F       		.byte	0x2f
 275 0104 81000000 		.4byte	0x81
 276 0108 02       		.uleb128 0x2
 277 0109 91       		.byte	0x91
 278 010a 70       		.sleb128 -16
 279 010b 0A       		.uleb128 0xa
 280 010c 4B000000 		.4byte	.LASF20
 281 0110 01       		.byte	0x1
 282 0111 30       		.byte	0x30
 283 0112 53010000 		.4byte	0x153
 284 0116 03       		.uleb128 0x3
 285 0117 91       		.byte	0x91
 286 0118 E87D     		.sleb128 -280
 287 011a 0A       		.uleb128 0xa
 288 011b C9000000 		.4byte	.LASF21
 289 011f 01       		.byte	0x1
 290 0120 33       		.byte	0x33
 291 0121 6B000000 		.4byte	0x6b
 292 0125 02       		.uleb128 0x2
 293 0126 91       		.byte	0x91
 294 0127 6F       		.sleb128 -17
 295 0128 0A       		.uleb128 0xa
 296 0129 00000000 		.4byte	.LASF22
 297 012d 01       		.byte	0x1
 298 012e 39       		.byte	0x39
 299 012f 76000000 		.4byte	0x76
 300 0133 02       		.uleb128 0x2
 301 0134 91       		.byte	0x91
 302 0135 6C       		.sleb128 -20
 303 0136 0A       		.uleb128 0xa
 304 0137 9E010000 		.4byte	.LASF23
 305 013b 01       		.byte	0x1
 306 013c 3C       		.byte	0x3c
 307 013d 81000000 		.4byte	0x81
 308 0141 02       		.uleb128 0x2
 309 0142 91       		.byte	0x91
 310 0143 68       		.sleb128 -24
 311 0144 0B       		.uleb128 0xb
 312 0145 69647800 		.ascii	"idx\000"
ARM GAS  C:\Users\Yiquing\AppData\Local\Temp\ccFvApDz.s 			page 8


 313 0149 01       		.byte	0x1
 314 014a 3D       		.byte	0x3d
 315 014b 76000000 		.4byte	0x76
 316 014f 02       		.uleb128 0x2
 317 0150 91       		.byte	0x91
 318 0151 76       		.sleb128 -10
 319 0152 00       		.byte	0
 320 0153 0C       		.uleb128 0xc
 321 0154 6B000000 		.4byte	0x6b
 322 0158 0D       		.uleb128 0xd
 323 0159 B2000000 		.4byte	0xb2
 324 015d FF       		.byte	0xff
 325 015e 00       		.byte	0
 326 015f 00       		.byte	0
 327              		.section	.debug_abbrev,"",%progbits
 328              	.Ldebug_abbrev0:
 329 0000 01       		.uleb128 0x1
 330 0001 11       		.uleb128 0x11
 331 0002 01       		.byte	0x1
 332 0003 25       		.uleb128 0x25
 333 0004 0E       		.uleb128 0xe
 334 0005 13       		.uleb128 0x13
 335 0006 0B       		.uleb128 0xb
 336 0007 03       		.uleb128 0x3
 337 0008 0E       		.uleb128 0xe
 338 0009 1B       		.uleb128 0x1b
 339 000a 0E       		.uleb128 0xe
 340 000b 55       		.uleb128 0x55
 341 000c 17       		.uleb128 0x17
 342 000d 11       		.uleb128 0x11
 343 000e 01       		.uleb128 0x1
 344 000f 10       		.uleb128 0x10
 345 0010 17       		.uleb128 0x17
 346 0011 00       		.byte	0
 347 0012 00       		.byte	0
 348 0013 02       		.uleb128 0x2
 349 0014 24       		.uleb128 0x24
 350 0015 00       		.byte	0
 351 0016 0B       		.uleb128 0xb
 352 0017 0B       		.uleb128 0xb
 353 0018 3E       		.uleb128 0x3e
 354 0019 0B       		.uleb128 0xb
 355 001a 03       		.uleb128 0x3
 356 001b 0E       		.uleb128 0xe
 357 001c 00       		.byte	0
 358 001d 00       		.byte	0
 359 001e 03       		.uleb128 0x3
 360 001f 24       		.uleb128 0x24
 361 0020 00       		.byte	0
 362 0021 0B       		.uleb128 0xb
 363 0022 0B       		.uleb128 0xb
 364 0023 3E       		.uleb128 0x3e
 365 0024 0B       		.uleb128 0xb
 366 0025 03       		.uleb128 0x3
 367 0026 08       		.uleb128 0x8
 368 0027 00       		.byte	0
 369 0028 00       		.byte	0
ARM GAS  C:\Users\Yiquing\AppData\Local\Temp\ccFvApDz.s 			page 9


 370 0029 04       		.uleb128 0x4
 371 002a 16       		.uleb128 0x16
 372 002b 00       		.byte	0
 373 002c 03       		.uleb128 0x3
 374 002d 0E       		.uleb128 0xe
 375 002e 3A       		.uleb128 0x3a
 376 002f 0B       		.uleb128 0xb
 377 0030 3B       		.uleb128 0x3b
 378 0031 0B       		.uleb128 0xb
 379 0032 49       		.uleb128 0x49
 380 0033 13       		.uleb128 0x13
 381 0034 00       		.byte	0
 382 0035 00       		.byte	0
 383 0036 05       		.uleb128 0x5
 384 0037 16       		.uleb128 0x16
 385 0038 00       		.byte	0
 386 0039 03       		.uleb128 0x3
 387 003a 0E       		.uleb128 0xe
 388 003b 3A       		.uleb128 0x3a
 389 003c 0B       		.uleb128 0xb
 390 003d 3B       		.uleb128 0x3b
 391 003e 05       		.uleb128 0x5
 392 003f 49       		.uleb128 0x49
 393 0040 13       		.uleb128 0x13
 394 0041 00       		.byte	0
 395 0042 00       		.byte	0
 396 0043 06       		.uleb128 0x6
 397 0044 35       		.uleb128 0x35
 398 0045 00       		.byte	0
 399 0046 49       		.uleb128 0x49
 400 0047 13       		.uleb128 0x13
 401 0048 00       		.byte	0
 402 0049 00       		.byte	0
 403 004a 07       		.uleb128 0x7
 404 004b 2E       		.uleb128 0x2e
 405 004c 00       		.byte	0
 406 004d 3F       		.uleb128 0x3f
 407 004e 19       		.uleb128 0x19
 408 004f 03       		.uleb128 0x3
 409 0050 0E       		.uleb128 0xe
 410 0051 3A       		.uleb128 0x3a
 411 0052 0B       		.uleb128 0xb
 412 0053 3B       		.uleb128 0x3b
 413 0054 0B       		.uleb128 0xb
 414 0055 27       		.uleb128 0x27
 415 0056 19       		.uleb128 0x19
 416 0057 11       		.uleb128 0x11
 417 0058 01       		.uleb128 0x1
 418 0059 12       		.uleb128 0x12
 419 005a 06       		.uleb128 0x6
 420 005b 40       		.uleb128 0x40
 421 005c 18       		.uleb128 0x18
 422 005d 9642     		.uleb128 0x2116
 423 005f 19       		.uleb128 0x19
 424 0060 00       		.byte	0
 425 0061 00       		.byte	0
 426 0062 08       		.uleb128 0x8
ARM GAS  C:\Users\Yiquing\AppData\Local\Temp\ccFvApDz.s 			page 10


 427 0063 2E       		.uleb128 0x2e
 428 0064 01       		.byte	0x1
 429 0065 3F       		.uleb128 0x3f
 430 0066 19       		.uleb128 0x19
 431 0067 03       		.uleb128 0x3
 432 0068 0E       		.uleb128 0xe
 433 0069 3A       		.uleb128 0x3a
 434 006a 0B       		.uleb128 0xb
 435 006b 3B       		.uleb128 0x3b
 436 006c 0B       		.uleb128 0xb
 437 006d 27       		.uleb128 0x27
 438 006e 19       		.uleb128 0x19
 439 006f 11       		.uleb128 0x11
 440 0070 01       		.uleb128 0x1
 441 0071 12       		.uleb128 0x12
 442 0072 06       		.uleb128 0x6
 443 0073 40       		.uleb128 0x40
 444 0074 18       		.uleb128 0x18
 445 0075 9642     		.uleb128 0x2116
 446 0077 19       		.uleb128 0x19
 447 0078 01       		.uleb128 0x1
 448 0079 13       		.uleb128 0x13
 449 007a 00       		.byte	0
 450 007b 00       		.byte	0
 451 007c 09       		.uleb128 0x9
 452 007d 05       		.uleb128 0x5
 453 007e 00       		.byte	0
 454 007f 03       		.uleb128 0x3
 455 0080 0E       		.uleb128 0xe
 456 0081 3A       		.uleb128 0x3a
 457 0082 0B       		.uleb128 0xb
 458 0083 3B       		.uleb128 0x3b
 459 0084 0B       		.uleb128 0xb
 460 0085 49       		.uleb128 0x49
 461 0086 13       		.uleb128 0x13
 462 0087 02       		.uleb128 0x2
 463 0088 18       		.uleb128 0x18
 464 0089 00       		.byte	0
 465 008a 00       		.byte	0
 466 008b 0A       		.uleb128 0xa
 467 008c 34       		.uleb128 0x34
 468 008d 00       		.byte	0
 469 008e 03       		.uleb128 0x3
 470 008f 0E       		.uleb128 0xe
 471 0090 3A       		.uleb128 0x3a
 472 0091 0B       		.uleb128 0xb
 473 0092 3B       		.uleb128 0x3b
 474 0093 0B       		.uleb128 0xb
 475 0094 49       		.uleb128 0x49
 476 0095 13       		.uleb128 0x13
 477 0096 02       		.uleb128 0x2
 478 0097 18       		.uleb128 0x18
 479 0098 00       		.byte	0
 480 0099 00       		.byte	0
 481 009a 0B       		.uleb128 0xb
 482 009b 34       		.uleb128 0x34
 483 009c 00       		.byte	0
ARM GAS  C:\Users\Yiquing\AppData\Local\Temp\ccFvApDz.s 			page 11


 484 009d 03       		.uleb128 0x3
 485 009e 08       		.uleb128 0x8
 486 009f 3A       		.uleb128 0x3a
 487 00a0 0B       		.uleb128 0xb
 488 00a1 3B       		.uleb128 0x3b
 489 00a2 0B       		.uleb128 0xb
 490 00a3 49       		.uleb128 0x49
 491 00a4 13       		.uleb128 0x13
 492 00a5 02       		.uleb128 0x2
 493 00a6 18       		.uleb128 0x18
 494 00a7 00       		.byte	0
 495 00a8 00       		.byte	0
 496 00a9 0C       		.uleb128 0xc
 497 00aa 01       		.uleb128 0x1
 498 00ab 01       		.byte	0x1
 499 00ac 49       		.uleb128 0x49
 500 00ad 13       		.uleb128 0x13
 501 00ae 00       		.byte	0
 502 00af 00       		.byte	0
 503 00b0 0D       		.uleb128 0xd
 504 00b1 21       		.uleb128 0x21
 505 00b2 00       		.byte	0
 506 00b3 49       		.uleb128 0x49
 507 00b4 13       		.uleb128 0x13
 508 00b5 2F       		.uleb128 0x2f
 509 00b6 0B       		.uleb128 0xb
 510 00b7 00       		.byte	0
 511 00b8 00       		.byte	0
 512 00b9 00       		.byte	0
 513              		.section	.debug_aranges,"",%progbits
 514 0000 24000000 		.4byte	0x24
 515 0004 0200     		.2byte	0x2
 516 0006 00000000 		.4byte	.Ldebug_info0
 517 000a 04       		.byte	0x4
 518 000b 00       		.byte	0
 519 000c 0000     		.2byte	0
 520 000e 0000     		.2byte	0
 521 0010 00000000 		.4byte	.LFB0
 522 0014 14000000 		.4byte	.LFE0-.LFB0
 523 0018 00000000 		.4byte	.LFB1
 524 001c 9C000000 		.4byte	.LFE1-.LFB1
 525 0020 00000000 		.4byte	0
 526 0024 00000000 		.4byte	0
 527              		.section	.debug_ranges,"",%progbits
 528              	.Ldebug_ranges0:
 529 0000 00000000 		.4byte	.LFB0
 530 0004 14000000 		.4byte	.LFE0
 531 0008 00000000 		.4byte	.LFB1
 532 000c 9C000000 		.4byte	.LFE1
 533 0010 00000000 		.4byte	0
 534 0014 00000000 		.4byte	0
 535              		.section	.debug_line,"",%progbits
 536              	.Ldebug_line0:
 537 0000 91000000 		.section	.debug_str,"MS",%progbits,1
 537      02004E00 
 537      00000201 
 537      FB0E0D00 
ARM GAS  C:\Users\Yiquing\AppData\Local\Temp\ccFvApDz.s 			page 12


 537      01010101 
 538              	.LASF22:
 539 0000 726F774E 		.ascii	"rowNum\000"
 539      756D00
 540              	.LASF28:
 541 0007 426F6F74 		.ascii	"BootloadableI2C_SetFlashByte\000"
 541      6C6F6164 
 541      61626C65 
 541      4932435F 
 541      53657446 
 542              	.LASF3:
 543 0024 73686F72 		.ascii	"short unsigned int\000"
 543      7420756E 
 543      7369676E 
 543      65642069 
 543      6E7400
 544              	.LASF12:
 545 0037 666C6F61 		.ascii	"float\000"
 545      7400
 546              	.LASF1:
 547 003d 756E7369 		.ascii	"unsigned char\000"
 547      676E6564 
 547      20636861 
 547      7200
 548              	.LASF20:
 549 004b 726F7744 		.ascii	"rowData\000"
 549      61746100 
 550              	.LASF15:
 551 0053 72656738 		.ascii	"reg8\000"
 551      00
 552              	.LASF26:
 553 0058 433A5C55 		.ascii	"C:\\Users\\Yiquing\\Documents\\works\\NanoNXT\\osdp"
 553      73657273 
 553      5C596971 
 553      75696E67 
 553      5C446F63 
 554 0085 20746573 		.ascii	" testing\\YQ\\nanoNxt_ICM3\\nanoNxt_ICM3.cydsn\000"
 554      74696E67 
 554      5C59515C 
 554      6E616E6F 
 554      4E78745F 
 555              	.LASF5:
 556 00b1 6C6F6E67 		.ascii	"long unsigned int\000"
 556      20756E73 
 556      69676E65 
 556      6420696E 
 556      7400
 557              	.LASF9:
 558 00c3 75696E74 		.ascii	"uint8\000"
 558      3800
 559              	.LASF21:
 560 00c9 61727261 		.ascii	"arrayId\000"
 560      79496400 
 561              	.LASF13:
 562 00d1 646F7562 		.ascii	"double\000"
 562      6C6500
 563              	.LASF19:
ARM GAS  C:\Users\Yiquing\AppData\Local\Temp\ccFvApDz.s 			page 13


 564 00d8 666C7341 		.ascii	"flsAddr\000"
 564      64647200 
 565              	.LASF10:
 566 00e0 75696E74 		.ascii	"uint16\000"
 566      313600
 567              	.LASF11:
 568 00e7 75696E74 		.ascii	"uint32\000"
 568      333200
 569              	.LASF8:
 570 00ee 756E7369 		.ascii	"unsigned int\000"
 570      676E6564 
 570      20696E74 
 570      00
 571              	.LASF17:
 572 00fb 61646472 		.ascii	"address\000"
 572      65737300 
 573              	.LASF7:
 574 0103 6C6F6E67 		.ascii	"long long unsigned int\000"
 574      206C6F6E 
 574      6720756E 
 574      7369676E 
 574      65642069 
 575              	.LASF18:
 576 011a 72756E54 		.ascii	"runType\000"
 576      79706500 
 577              	.LASF24:
 578 0122 474E5520 		.ascii	"GNU C 4.8.4 20140526 (release) [ARM/embedded-4_8-br"
 578      4320342E 
 578      382E3420 
 578      32303134 
 578      30353236 
 579 0155 616E6368 		.ascii	"anch revision 211358] -mcpu=cortex-m3 -mthumb -g -O"
 579      20726576 
 579      6973696F 
 579      6E203231 
 579      31333538 
 580 0188 30202D66 		.ascii	"0 -ffunction-sections\000"
 580      66756E63 
 580      74696F6E 
 580      2D736563 
 580      74696F6E 
 581              	.LASF23:
 582 019e 62617365 		.ascii	"baseAddr\000"
 582      41646472 
 582      00
 583              	.LASF16:
 584 01a7 73697A65 		.ascii	"sizetype\000"
 584      74797065 
 584      00
 585              	.LASF6:
 586 01b0 6C6F6E67 		.ascii	"long long int\000"
 586      206C6F6E 
 586      6720696E 
 586      7400
 587              	.LASF14:
 588 01be 63686172 		.ascii	"char\000"
 588      00
ARM GAS  C:\Users\Yiquing\AppData\Local\Temp\ccFvApDz.s 			page 14


 589              	.LASF2:
 590 01c3 73686F72 		.ascii	"short int\000"
 590      7420696E 
 590      7400
 591              	.LASF4:
 592 01cd 6C6F6E67 		.ascii	"long int\000"
 592      20696E74 
 592      00
 593              	.LASF27:
 594 01d6 426F6F74 		.ascii	"BootloadableI2C_Load\000"
 594      6C6F6164 
 594      61626C65 
 594      4932435F 
 594      4C6F6164 
 595              	.LASF0:
 596 01eb 7369676E 		.ascii	"signed char\000"
 596      65642063 
 596      68617200 
 597              	.LASF25:
 598 01f7 2E5C4765 		.ascii	".\\Generated_Source\\PSoC5\\BootloadableI2C.c\000"
 598      6E657261 
 598      7465645F 
 598      536F7572 
 598      63655C50 
 599              		.ident	"GCC: (GNU Tools for ARM Embedded Processors) 4.8.4 20140526 (release) [ARM/embedded-4_8-br
