ARM GAS  C:\Users\Yiquing\AppData\Local\Temp\cciOLkYi.s 			page 1


   1              		.syntax unified
   2              		.cpu cortex-m3
   3              		.fpu softvfp
   4              		.eabi_attribute 20, 1
   5              		.eabi_attribute 21, 1
   6              		.eabi_attribute 23, 3
   7              		.eabi_attribute 24, 1
   8              		.eabi_attribute 25, 1
   9              		.eabi_attribute 26, 1
  10              		.eabi_attribute 30, 6
  11              		.eabi_attribute 34, 1
  12              		.eabi_attribute 18, 4
  13              		.thumb
  14              		.file	"EZI2CPin.c"
  15              		.text
  16              	.Ltext0:
  17              		.cfi_sections	.debug_frame
  18              		.section	.text.EZI2CPin_Write,"ax",%progbits
  19              		.align	2
  20              		.global	EZI2CPin_Write
  21              		.thumb
  22              		.thumb_func
  23              		.type	EZI2CPin_Write, %function
  24              	EZI2CPin_Write:
  25              	.LFB0:
  26              		.file 1 ".\\Generated_Source\\PSoC5\\EZI2CPin.c"
   1:.\Generated_Source\PSoC5/EZI2CPin.c **** /*******************************************************************************
   2:.\Generated_Source\PSoC5/EZI2CPin.c **** * File Name: EZI2CPin.c  
   3:.\Generated_Source\PSoC5/EZI2CPin.c **** * Version 2.10
   4:.\Generated_Source\PSoC5/EZI2CPin.c **** *
   5:.\Generated_Source\PSoC5/EZI2CPin.c **** * Description:
   6:.\Generated_Source\PSoC5/EZI2CPin.c **** *  This file contains API to enable firmware control of a Pins component.
   7:.\Generated_Source\PSoC5/EZI2CPin.c **** *
   8:.\Generated_Source\PSoC5/EZI2CPin.c **** * Note:
   9:.\Generated_Source\PSoC5/EZI2CPin.c **** *
  10:.\Generated_Source\PSoC5/EZI2CPin.c **** ********************************************************************************
  11:.\Generated_Source\PSoC5/EZI2CPin.c **** * Copyright 2008-2014, Cypress Semiconductor Corporation.  All rights reserved.
  12:.\Generated_Source\PSoC5/EZI2CPin.c **** * You may use this file only in accordance with the license, terms, conditions, 
  13:.\Generated_Source\PSoC5/EZI2CPin.c **** * disclaimers, and limitations in the end user license agreement accompanying 
  14:.\Generated_Source\PSoC5/EZI2CPin.c **** * the software package with which this file was provided.
  15:.\Generated_Source\PSoC5/EZI2CPin.c **** *******************************************************************************/
  16:.\Generated_Source\PSoC5/EZI2CPin.c **** 
  17:.\Generated_Source\PSoC5/EZI2CPin.c **** #include "cytypes.h"
  18:.\Generated_Source\PSoC5/EZI2CPin.c **** #include "EZI2CPin.h"
  19:.\Generated_Source\PSoC5/EZI2CPin.c **** 
  20:.\Generated_Source\PSoC5/EZI2CPin.c **** /* APIs are not generated for P15[7:6] on PSoC 5 */
  21:.\Generated_Source\PSoC5/EZI2CPin.c **** #if !(CY_PSOC5A &&\
  22:.\Generated_Source\PSoC5/EZI2CPin.c **** 	 EZI2CPin__PORT == 15 && ((EZI2CPin__MASK & 0xC0) != 0))
  23:.\Generated_Source\PSoC5/EZI2CPin.c **** 
  24:.\Generated_Source\PSoC5/EZI2CPin.c **** 
  25:.\Generated_Source\PSoC5/EZI2CPin.c **** /*******************************************************************************
  26:.\Generated_Source\PSoC5/EZI2CPin.c **** * Function Name: EZI2CPin_Write
  27:.\Generated_Source\PSoC5/EZI2CPin.c **** ********************************************************************************
  28:.\Generated_Source\PSoC5/EZI2CPin.c **** *
  29:.\Generated_Source\PSoC5/EZI2CPin.c **** * Summary:
  30:.\Generated_Source\PSoC5/EZI2CPin.c **** *  Assign a new value to the digital port's data output register.  
  31:.\Generated_Source\PSoC5/EZI2CPin.c **** *
ARM GAS  C:\Users\Yiquing\AppData\Local\Temp\cciOLkYi.s 			page 2


  32:.\Generated_Source\PSoC5/EZI2CPin.c **** * Parameters:  
  33:.\Generated_Source\PSoC5/EZI2CPin.c **** *  prtValue:  The value to be assigned to the Digital Port. 
  34:.\Generated_Source\PSoC5/EZI2CPin.c **** *
  35:.\Generated_Source\PSoC5/EZI2CPin.c **** * Return: 
  36:.\Generated_Source\PSoC5/EZI2CPin.c **** *  None
  37:.\Generated_Source\PSoC5/EZI2CPin.c **** *  
  38:.\Generated_Source\PSoC5/EZI2CPin.c **** *******************************************************************************/
  39:.\Generated_Source\PSoC5/EZI2CPin.c **** void EZI2CPin_Write(uint8 value) 
  40:.\Generated_Source\PSoC5/EZI2CPin.c **** {
  27              		.loc 1 40 0
  28              		.cfi_startproc
  29              		@ args = 0, pretend = 0, frame = 16
  30              		@ frame_needed = 1, uses_anonymous_args = 0
  31              		@ link register save eliminated.
  32 0000 80B4     		push	{r7}
  33              		.cfi_def_cfa_offset 4
  34              		.cfi_offset 7, -4
  35 0002 85B0     		sub	sp, sp, #20
  36              		.cfi_def_cfa_offset 24
  37 0004 00AF     		add	r7, sp, #0
  38              		.cfi_def_cfa_register 7
  39 0006 0346     		mov	r3, r0
  40 0008 FB71     		strb	r3, [r7, #7]
  41:.\Generated_Source\PSoC5/EZI2CPin.c ****     uint8 staticBits = (EZI2CPin_DR & (uint8)(~EZI2CPin_MASK));
  41              		.loc 1 41 0
  42 000a 0B4B     		ldr	r3, .L2
  43 000c 1B78     		ldrb	r3, [r3]
  44 000e DBB2     		uxtb	r3, r3
  45 0010 23F03003 		bic	r3, r3, #48
  46 0014 FB73     		strb	r3, [r7, #15]
  42:.\Generated_Source\PSoC5/EZI2CPin.c ****     EZI2CPin_DR = staticBits | ((uint8)(value << EZI2CPin_SHIFT) & EZI2CPin_MASK);
  47              		.loc 1 42 0
  48 0016 084B     		ldr	r3, .L2
  49 0018 FA79     		ldrb	r2, [r7, #7]
  50 001a 1201     		lsls	r2, r2, #4
  51 001c D2B2     		uxtb	r2, r2
  52 001e 02F03002 		and	r2, r2, #48
  53 0022 D1B2     		uxtb	r1, r2
  54 0024 FA7B     		ldrb	r2, [r7, #15]
  55 0026 0A43     		orrs	r2, r2, r1
  56 0028 D2B2     		uxtb	r2, r2
  57 002a 1A70     		strb	r2, [r3]
  43:.\Generated_Source\PSoC5/EZI2CPin.c **** }
  58              		.loc 1 43 0
  59 002c 1437     		adds	r7, r7, #20
  60 002e BD46     		mov	sp, r7
  61              		@ sp needed
  62 0030 5DF8047B 		ldr	r7, [sp], #4
  63 0034 7047     		bx	lr
  64              	.L3:
  65 0036 00BF     		.align	2
  66              	.L2:
  67 0038 C0510040 		.word	1073762752
  68              		.cfi_endproc
  69              	.LFE0:
  70              		.size	EZI2CPin_Write, .-EZI2CPin_Write
  71              		.section	.text.EZI2CPin_SetDriveMode,"ax",%progbits
ARM GAS  C:\Users\Yiquing\AppData\Local\Temp\cciOLkYi.s 			page 3


  72              		.align	2
  73              		.global	EZI2CPin_SetDriveMode
  74              		.thumb
  75              		.thumb_func
  76              		.type	EZI2CPin_SetDriveMode, %function
  77              	EZI2CPin_SetDriveMode:
  78              	.LFB1:
  44:.\Generated_Source\PSoC5/EZI2CPin.c **** 
  45:.\Generated_Source\PSoC5/EZI2CPin.c **** 
  46:.\Generated_Source\PSoC5/EZI2CPin.c **** /*******************************************************************************
  47:.\Generated_Source\PSoC5/EZI2CPin.c **** * Function Name: EZI2CPin_SetDriveMode
  48:.\Generated_Source\PSoC5/EZI2CPin.c **** ********************************************************************************
  49:.\Generated_Source\PSoC5/EZI2CPin.c **** *
  50:.\Generated_Source\PSoC5/EZI2CPin.c **** * Summary:
  51:.\Generated_Source\PSoC5/EZI2CPin.c **** *  Change the drive mode on the pins of the port.
  52:.\Generated_Source\PSoC5/EZI2CPin.c **** * 
  53:.\Generated_Source\PSoC5/EZI2CPin.c **** * Parameters:  
  54:.\Generated_Source\PSoC5/EZI2CPin.c **** *  mode:  Change the pins to one of the following drive modes.
  55:.\Generated_Source\PSoC5/EZI2CPin.c **** *
  56:.\Generated_Source\PSoC5/EZI2CPin.c **** *  EZI2CPin_DM_STRONG     Strong Drive 
  57:.\Generated_Source\PSoC5/EZI2CPin.c **** *  EZI2CPin_DM_OD_HI      Open Drain, Drives High 
  58:.\Generated_Source\PSoC5/EZI2CPin.c **** *  EZI2CPin_DM_OD_LO      Open Drain, Drives Low 
  59:.\Generated_Source\PSoC5/EZI2CPin.c **** *  EZI2CPin_DM_RES_UP     Resistive Pull Up 
  60:.\Generated_Source\PSoC5/EZI2CPin.c **** *  EZI2CPin_DM_RES_DWN    Resistive Pull Down 
  61:.\Generated_Source\PSoC5/EZI2CPin.c **** *  EZI2CPin_DM_RES_UPDWN  Resistive Pull Up/Down 
  62:.\Generated_Source\PSoC5/EZI2CPin.c **** *  EZI2CPin_DM_DIG_HIZ    High Impedance Digital 
  63:.\Generated_Source\PSoC5/EZI2CPin.c **** *  EZI2CPin_DM_ALG_HIZ    High Impedance Analog 
  64:.\Generated_Source\PSoC5/EZI2CPin.c **** *
  65:.\Generated_Source\PSoC5/EZI2CPin.c **** * Return: 
  66:.\Generated_Source\PSoC5/EZI2CPin.c **** *  None
  67:.\Generated_Source\PSoC5/EZI2CPin.c **** *
  68:.\Generated_Source\PSoC5/EZI2CPin.c **** *******************************************************************************/
  69:.\Generated_Source\PSoC5/EZI2CPin.c **** void EZI2CPin_SetDriveMode(uint8 mode) 
  70:.\Generated_Source\PSoC5/EZI2CPin.c **** {
  79              		.loc 1 70 0
  80              		.cfi_startproc
  81              		@ args = 0, pretend = 0, frame = 8
  82              		@ frame_needed = 1, uses_anonymous_args = 0
  83              		@ link register save eliminated.
  84 0000 80B4     		push	{r7}
  85              		.cfi_def_cfa_offset 4
  86              		.cfi_offset 7, -4
  87 0002 83B0     		sub	sp, sp, #12
  88              		.cfi_def_cfa_offset 16
  89 0004 00AF     		add	r7, sp, #0
  90              		.cfi_def_cfa_register 7
  91 0006 0346     		mov	r3, r0
  92 0008 FB71     		strb	r3, [r7, #7]
  71:.\Generated_Source\PSoC5/EZI2CPin.c **** 	CyPins_SetPinDriveMode(EZI2CPin_0, mode);
  93              		.loc 1 71 0
  94 000a 124B     		ldr	r3, .L5
  95 000c 114A     		ldr	r2, .L5
  96 000e 1278     		ldrb	r2, [r2]
  97 0010 D2B2     		uxtb	r2, r2
  98 0012 D2B2     		uxtb	r2, r2
  99 0014 22F00E02 		bic	r2, r2, #14
 100 0018 D1B2     		uxtb	r1, r2
ARM GAS  C:\Users\Yiquing\AppData\Local\Temp\cciOLkYi.s 			page 4


 101 001a FA79     		ldrb	r2, [r7, #7]	@ zero_extendqisi2
 102 001c 02F00E02 		and	r2, r2, #14
 103 0020 D2B2     		uxtb	r2, r2
 104 0022 0A43     		orrs	r2, r2, r1
 105 0024 D2B2     		uxtb	r2, r2
 106 0026 D2B2     		uxtb	r2, r2
 107 0028 1A70     		strb	r2, [r3]
  72:.\Generated_Source\PSoC5/EZI2CPin.c **** 	CyPins_SetPinDriveMode(EZI2CPin_1, mode);
 108              		.loc 1 72 0
 109 002a 0B4B     		ldr	r3, .L5+4
 110 002c 0A4A     		ldr	r2, .L5+4
 111 002e 1278     		ldrb	r2, [r2]
 112 0030 D2B2     		uxtb	r2, r2
 113 0032 D2B2     		uxtb	r2, r2
 114 0034 22F00E02 		bic	r2, r2, #14
 115 0038 D1B2     		uxtb	r1, r2
 116 003a FA79     		ldrb	r2, [r7, #7]	@ zero_extendqisi2
 117 003c 02F00E02 		and	r2, r2, #14
 118 0040 D2B2     		uxtb	r2, r2
 119 0042 0A43     		orrs	r2, r2, r1
 120 0044 D2B2     		uxtb	r2, r2
 121 0046 D2B2     		uxtb	r2, r2
 122 0048 1A70     		strb	r2, [r3]
  73:.\Generated_Source\PSoC5/EZI2CPin.c **** }
 123              		.loc 1 73 0
 124 004a 0C37     		adds	r7, r7, #12
 125 004c BD46     		mov	sp, r7
 126              		@ sp needed
 127 004e 5DF8047B 		ldr	r7, [sp], #4
 128 0052 7047     		bx	lr
 129              	.L6:
 130              		.align	2
 131              	.L5:
 132 0054 64500040 		.word	1073762404
 133 0058 65500040 		.word	1073762405
 134              		.cfi_endproc
 135              	.LFE1:
 136              		.size	EZI2CPin_SetDriveMode, .-EZI2CPin_SetDriveMode
 137              		.section	.text.EZI2CPin_Read,"ax",%progbits
 138              		.align	2
 139              		.global	EZI2CPin_Read
 140              		.thumb
 141              		.thumb_func
 142              		.type	EZI2CPin_Read, %function
 143              	EZI2CPin_Read:
 144              	.LFB2:
  74:.\Generated_Source\PSoC5/EZI2CPin.c **** 
  75:.\Generated_Source\PSoC5/EZI2CPin.c **** 
  76:.\Generated_Source\PSoC5/EZI2CPin.c **** /*******************************************************************************
  77:.\Generated_Source\PSoC5/EZI2CPin.c **** * Function Name: EZI2CPin_Read
  78:.\Generated_Source\PSoC5/EZI2CPin.c **** ********************************************************************************
  79:.\Generated_Source\PSoC5/EZI2CPin.c **** *
  80:.\Generated_Source\PSoC5/EZI2CPin.c **** * Summary:
  81:.\Generated_Source\PSoC5/EZI2CPin.c **** *  Read the current value on the pins of the Digital Port in right justified 
  82:.\Generated_Source\PSoC5/EZI2CPin.c **** *  form.
  83:.\Generated_Source\PSoC5/EZI2CPin.c **** *
  84:.\Generated_Source\PSoC5/EZI2CPin.c **** * Parameters:  
ARM GAS  C:\Users\Yiquing\AppData\Local\Temp\cciOLkYi.s 			page 5


  85:.\Generated_Source\PSoC5/EZI2CPin.c **** *  None
  86:.\Generated_Source\PSoC5/EZI2CPin.c **** *
  87:.\Generated_Source\PSoC5/EZI2CPin.c **** * Return: 
  88:.\Generated_Source\PSoC5/EZI2CPin.c **** *  Returns the current value of the Digital Port as a right justified number
  89:.\Generated_Source\PSoC5/EZI2CPin.c **** *  
  90:.\Generated_Source\PSoC5/EZI2CPin.c **** * Note:
  91:.\Generated_Source\PSoC5/EZI2CPin.c **** *  Macro EZI2CPin_ReadPS calls this function. 
  92:.\Generated_Source\PSoC5/EZI2CPin.c **** *  
  93:.\Generated_Source\PSoC5/EZI2CPin.c **** *******************************************************************************/
  94:.\Generated_Source\PSoC5/EZI2CPin.c **** uint8 EZI2CPin_Read(void) 
  95:.\Generated_Source\PSoC5/EZI2CPin.c **** {
 145              		.loc 1 95 0
 146              		.cfi_startproc
 147              		@ args = 0, pretend = 0, frame = 0
 148              		@ frame_needed = 1, uses_anonymous_args = 0
 149              		@ link register save eliminated.
 150 0000 80B4     		push	{r7}
 151              		.cfi_def_cfa_offset 4
 152              		.cfi_offset 7, -4
 153 0002 00AF     		add	r7, sp, #0
 154              		.cfi_def_cfa_register 7
  96:.\Generated_Source\PSoC5/EZI2CPin.c ****     return (EZI2CPin_PS & EZI2CPin_MASK) >> EZI2CPin_SHIFT;
 155              		.loc 1 96 0
 156 0004 054B     		ldr	r3, .L9
 157 0006 1B78     		ldrb	r3, [r3]
 158 0008 DBB2     		uxtb	r3, r3
 159 000a 03F03003 		and	r3, r3, #48
 160 000e 1B09     		lsrs	r3, r3, #4
 161 0010 DBB2     		uxtb	r3, r3
  97:.\Generated_Source\PSoC5/EZI2CPin.c **** }
 162              		.loc 1 97 0
 163 0012 1846     		mov	r0, r3
 164 0014 BD46     		mov	sp, r7
 165              		@ sp needed
 166 0016 5DF8047B 		ldr	r7, [sp], #4
 167 001a 7047     		bx	lr
 168              	.L10:
 169              		.align	2
 170              	.L9:
 171 001c C1510040 		.word	1073762753
 172              		.cfi_endproc
 173              	.LFE2:
 174              		.size	EZI2CPin_Read, .-EZI2CPin_Read
 175              		.section	.text.EZI2CPin_ReadDataReg,"ax",%progbits
 176              		.align	2
 177              		.global	EZI2CPin_ReadDataReg
 178              		.thumb
 179              		.thumb_func
 180              		.type	EZI2CPin_ReadDataReg, %function
 181              	EZI2CPin_ReadDataReg:
 182              	.LFB3:
  98:.\Generated_Source\PSoC5/EZI2CPin.c **** 
  99:.\Generated_Source\PSoC5/EZI2CPin.c **** 
 100:.\Generated_Source\PSoC5/EZI2CPin.c **** /*******************************************************************************
 101:.\Generated_Source\PSoC5/EZI2CPin.c **** * Function Name: EZI2CPin_ReadDataReg
 102:.\Generated_Source\PSoC5/EZI2CPin.c **** ********************************************************************************
 103:.\Generated_Source\PSoC5/EZI2CPin.c **** *
ARM GAS  C:\Users\Yiquing\AppData\Local\Temp\cciOLkYi.s 			page 6


 104:.\Generated_Source\PSoC5/EZI2CPin.c **** * Summary:
 105:.\Generated_Source\PSoC5/EZI2CPin.c **** *  Read the current value assigned to a Digital Port's data output register
 106:.\Generated_Source\PSoC5/EZI2CPin.c **** *
 107:.\Generated_Source\PSoC5/EZI2CPin.c **** * Parameters:  
 108:.\Generated_Source\PSoC5/EZI2CPin.c **** *  None 
 109:.\Generated_Source\PSoC5/EZI2CPin.c **** *
 110:.\Generated_Source\PSoC5/EZI2CPin.c **** * Return: 
 111:.\Generated_Source\PSoC5/EZI2CPin.c **** *  Returns the current value assigned to the Digital Port's data output register
 112:.\Generated_Source\PSoC5/EZI2CPin.c **** *  
 113:.\Generated_Source\PSoC5/EZI2CPin.c **** *******************************************************************************/
 114:.\Generated_Source\PSoC5/EZI2CPin.c **** uint8 EZI2CPin_ReadDataReg(void) 
 115:.\Generated_Source\PSoC5/EZI2CPin.c **** {
 183              		.loc 1 115 0
 184              		.cfi_startproc
 185              		@ args = 0, pretend = 0, frame = 0
 186              		@ frame_needed = 1, uses_anonymous_args = 0
 187              		@ link register save eliminated.
 188 0000 80B4     		push	{r7}
 189              		.cfi_def_cfa_offset 4
 190              		.cfi_offset 7, -4
 191 0002 00AF     		add	r7, sp, #0
 192              		.cfi_def_cfa_register 7
 116:.\Generated_Source\PSoC5/EZI2CPin.c ****     return (EZI2CPin_DR & EZI2CPin_MASK) >> EZI2CPin_SHIFT;
 193              		.loc 1 116 0
 194 0004 054B     		ldr	r3, .L13
 195 0006 1B78     		ldrb	r3, [r3]
 196 0008 DBB2     		uxtb	r3, r3
 197 000a 03F03003 		and	r3, r3, #48
 198 000e 1B09     		lsrs	r3, r3, #4
 199 0010 DBB2     		uxtb	r3, r3
 117:.\Generated_Source\PSoC5/EZI2CPin.c **** }
 200              		.loc 1 117 0
 201 0012 1846     		mov	r0, r3
 202 0014 BD46     		mov	sp, r7
 203              		@ sp needed
 204 0016 5DF8047B 		ldr	r7, [sp], #4
 205 001a 7047     		bx	lr
 206              	.L14:
 207              		.align	2
 208              	.L13:
 209 001c C0510040 		.word	1073762752
 210              		.cfi_endproc
 211              	.LFE3:
 212              		.size	EZI2CPin_ReadDataReg, .-EZI2CPin_ReadDataReg
 213              		.text
 214              	.Letext0:
 215              		.file 2 ".\\Generated_Source\\PSoC5\\cytypes.h"
 216              		.section	.debug_info,"",%progbits
 217              	.Ldebug_info0:
 218 0000 19010000 		.4byte	0x119
 219 0004 0400     		.2byte	0x4
 220 0006 00000000 		.4byte	.Ldebug_abbrev0
 221 000a 04       		.byte	0x4
 222 000b 01       		.uleb128 0x1
 223 000c 0A010000 		.4byte	.LASF20
 224 0010 01       		.byte	0x1
 225 0011 BF010000 		.4byte	.LASF21
ARM GAS  C:\Users\Yiquing\AppData\Local\Temp\cciOLkYi.s 			page 7


 226 0015 47000000 		.4byte	.LASF22
 227 0019 00000000 		.4byte	.Ldebug_ranges0+0
 228 001d 00000000 		.4byte	0
 229 0021 00000000 		.4byte	.Ldebug_line0
 230 0025 02       		.uleb128 0x2
 231 0026 01       		.byte	0x1
 232 0027 06       		.byte	0x6
 233 0028 EC010000 		.4byte	.LASF0
 234 002c 02       		.uleb128 0x2
 235 002d 01       		.byte	0x1
 236 002e 08       		.byte	0x8
 237 002f 34000000 		.4byte	.LASF1
 238 0033 02       		.uleb128 0x2
 239 0034 02       		.byte	0x2
 240 0035 05       		.byte	0x5
 241 0036 AF010000 		.4byte	.LASF2
 242 003a 02       		.uleb128 0x2
 243 003b 02       		.byte	0x2
 244 003c 07       		.byte	0x7
 245 003d B2000000 		.4byte	.LASF3
 246 0041 02       		.uleb128 0x2
 247 0042 04       		.byte	0x4
 248 0043 05       		.byte	0x5
 249 0044 E3010000 		.4byte	.LASF4
 250 0048 02       		.uleb128 0x2
 251 0049 04       		.byte	0x4
 252 004a 07       		.byte	0x7
 253 004b A0000000 		.4byte	.LASF5
 254 004f 02       		.uleb128 0x2
 255 0050 08       		.byte	0x8
 256 0051 05       		.byte	0x5
 257 0052 9C010000 		.4byte	.LASF6
 258 0056 02       		.uleb128 0x2
 259 0057 08       		.byte	0x8
 260 0058 07       		.byte	0x7
 261 0059 EE000000 		.4byte	.LASF7
 262 005d 03       		.uleb128 0x3
 263 005e 04       		.byte	0x4
 264 005f 05       		.byte	0x5
 265 0060 696E7400 		.ascii	"int\000"
 266 0064 02       		.uleb128 0x2
 267 0065 04       		.byte	0x4
 268 0066 07       		.byte	0x7
 269 0067 E1000000 		.4byte	.LASF8
 270 006b 04       		.uleb128 0x4
 271 006c B9010000 		.4byte	.LASF12
 272 0070 02       		.byte	0x2
 273 0071 B3       		.byte	0xb3
 274 0072 2C000000 		.4byte	0x2c
 275 0076 02       		.uleb128 0x2
 276 0077 04       		.byte	0x4
 277 0078 04       		.byte	0x4
 278 0079 2E000000 		.4byte	.LASF9
 279 007d 02       		.uleb128 0x2
 280 007e 08       		.byte	0x8
 281 007f 04       		.byte	0x4
 282 0080 DA000000 		.4byte	.LASF10
ARM GAS  C:\Users\Yiquing\AppData\Local\Temp\cciOLkYi.s 			page 8


 283 0084 02       		.uleb128 0x2
 284 0085 01       		.byte	0x1
 285 0086 08       		.byte	0x8
 286 0087 AA010000 		.4byte	.LASF11
 287 008b 05       		.uleb128 0x5
 288 008c 42000000 		.4byte	.LASF13
 289 0090 02       		.byte	0x2
 290 0091 5D01     		.2byte	0x15d
 291 0093 97000000 		.4byte	0x97
 292 0097 06       		.uleb128 0x6
 293 0098 6B000000 		.4byte	0x6b
 294 009c 07       		.uleb128 0x7
 295 009d 1F000000 		.4byte	.LASF14
 296 00a1 01       		.byte	0x1
 297 00a2 27       		.byte	0x27
 298 00a3 00000000 		.4byte	.LFB0
 299 00a7 3C000000 		.4byte	.LFE0-.LFB0
 300 00ab 01       		.uleb128 0x1
 301 00ac 9C       		.byte	0x9c
 302 00ad CE000000 		.4byte	0xce
 303 00b1 08       		.uleb128 0x8
 304 00b2 00000000 		.4byte	.LASF16
 305 00b6 01       		.byte	0x1
 306 00b7 27       		.byte	0x27
 307 00b8 6B000000 		.4byte	0x6b
 308 00bc 02       		.uleb128 0x2
 309 00bd 91       		.byte	0x91
 310 00be 6F       		.sleb128 -17
 311 00bf 09       		.uleb128 0x9
 312 00c0 06000000 		.4byte	.LASF23
 313 00c4 01       		.byte	0x1
 314 00c5 29       		.byte	0x29
 315 00c6 6B000000 		.4byte	0x6b
 316 00ca 02       		.uleb128 0x2
 317 00cb 91       		.byte	0x91
 318 00cc 77       		.sleb128 -9
 319 00cd 00       		.byte	0
 320 00ce 07       		.uleb128 0x7
 321 00cf 86010000 		.4byte	.LASF15
 322 00d3 01       		.byte	0x1
 323 00d4 45       		.byte	0x45
 324 00d5 00000000 		.4byte	.LFB1
 325 00d9 5C000000 		.4byte	.LFE1-.LFB1
 326 00dd 01       		.uleb128 0x1
 327 00de 9C       		.byte	0x9c
 328 00df F2000000 		.4byte	0xf2
 329 00e3 08       		.uleb128 0x8
 330 00e4 05010000 		.4byte	.LASF17
 331 00e8 01       		.byte	0x1
 332 00e9 45       		.byte	0x45
 333 00ea 6B000000 		.4byte	0x6b
 334 00ee 02       		.uleb128 0x2
 335 00ef 91       		.byte	0x91
 336 00f0 77       		.sleb128 -9
 337 00f1 00       		.byte	0
 338 00f2 0A       		.uleb128 0xa
 339 00f3 11000000 		.4byte	.LASF18
ARM GAS  C:\Users\Yiquing\AppData\Local\Temp\cciOLkYi.s 			page 9


 340 00f7 01       		.byte	0x1
 341 00f8 5E       		.byte	0x5e
 342 00f9 6B000000 		.4byte	0x6b
 343 00fd 00000000 		.4byte	.LFB2
 344 0101 20000000 		.4byte	.LFE2-.LFB2
 345 0105 01       		.uleb128 0x1
 346 0106 9C       		.byte	0x9c
 347 0107 0A       		.uleb128 0xa
 348 0108 C5000000 		.4byte	.LASF19
 349 010c 01       		.byte	0x1
 350 010d 72       		.byte	0x72
 351 010e 6B000000 		.4byte	0x6b
 352 0112 00000000 		.4byte	.LFB3
 353 0116 20000000 		.4byte	.LFE3-.LFB3
 354 011a 01       		.uleb128 0x1
 355 011b 9C       		.byte	0x9c
 356 011c 00       		.byte	0
 357              		.section	.debug_abbrev,"",%progbits
 358              	.Ldebug_abbrev0:
 359 0000 01       		.uleb128 0x1
 360 0001 11       		.uleb128 0x11
 361 0002 01       		.byte	0x1
 362 0003 25       		.uleb128 0x25
 363 0004 0E       		.uleb128 0xe
 364 0005 13       		.uleb128 0x13
 365 0006 0B       		.uleb128 0xb
 366 0007 03       		.uleb128 0x3
 367 0008 0E       		.uleb128 0xe
 368 0009 1B       		.uleb128 0x1b
 369 000a 0E       		.uleb128 0xe
 370 000b 55       		.uleb128 0x55
 371 000c 17       		.uleb128 0x17
 372 000d 11       		.uleb128 0x11
 373 000e 01       		.uleb128 0x1
 374 000f 10       		.uleb128 0x10
 375 0010 17       		.uleb128 0x17
 376 0011 00       		.byte	0
 377 0012 00       		.byte	0
 378 0013 02       		.uleb128 0x2
 379 0014 24       		.uleb128 0x24
 380 0015 00       		.byte	0
 381 0016 0B       		.uleb128 0xb
 382 0017 0B       		.uleb128 0xb
 383 0018 3E       		.uleb128 0x3e
 384 0019 0B       		.uleb128 0xb
 385 001a 03       		.uleb128 0x3
 386 001b 0E       		.uleb128 0xe
 387 001c 00       		.byte	0
 388 001d 00       		.byte	0
 389 001e 03       		.uleb128 0x3
 390 001f 24       		.uleb128 0x24
 391 0020 00       		.byte	0
 392 0021 0B       		.uleb128 0xb
 393 0022 0B       		.uleb128 0xb
 394 0023 3E       		.uleb128 0x3e
 395 0024 0B       		.uleb128 0xb
 396 0025 03       		.uleb128 0x3
ARM GAS  C:\Users\Yiquing\AppData\Local\Temp\cciOLkYi.s 			page 10


 397 0026 08       		.uleb128 0x8
 398 0027 00       		.byte	0
 399 0028 00       		.byte	0
 400 0029 04       		.uleb128 0x4
 401 002a 16       		.uleb128 0x16
 402 002b 00       		.byte	0
 403 002c 03       		.uleb128 0x3
 404 002d 0E       		.uleb128 0xe
 405 002e 3A       		.uleb128 0x3a
 406 002f 0B       		.uleb128 0xb
 407 0030 3B       		.uleb128 0x3b
 408 0031 0B       		.uleb128 0xb
 409 0032 49       		.uleb128 0x49
 410 0033 13       		.uleb128 0x13
 411 0034 00       		.byte	0
 412 0035 00       		.byte	0
 413 0036 05       		.uleb128 0x5
 414 0037 16       		.uleb128 0x16
 415 0038 00       		.byte	0
 416 0039 03       		.uleb128 0x3
 417 003a 0E       		.uleb128 0xe
 418 003b 3A       		.uleb128 0x3a
 419 003c 0B       		.uleb128 0xb
 420 003d 3B       		.uleb128 0x3b
 421 003e 05       		.uleb128 0x5
 422 003f 49       		.uleb128 0x49
 423 0040 13       		.uleb128 0x13
 424 0041 00       		.byte	0
 425 0042 00       		.byte	0
 426 0043 06       		.uleb128 0x6
 427 0044 35       		.uleb128 0x35
 428 0045 00       		.byte	0
 429 0046 49       		.uleb128 0x49
 430 0047 13       		.uleb128 0x13
 431 0048 00       		.byte	0
 432 0049 00       		.byte	0
 433 004a 07       		.uleb128 0x7
 434 004b 2E       		.uleb128 0x2e
 435 004c 01       		.byte	0x1
 436 004d 3F       		.uleb128 0x3f
 437 004e 19       		.uleb128 0x19
 438 004f 03       		.uleb128 0x3
 439 0050 0E       		.uleb128 0xe
 440 0051 3A       		.uleb128 0x3a
 441 0052 0B       		.uleb128 0xb
 442 0053 3B       		.uleb128 0x3b
 443 0054 0B       		.uleb128 0xb
 444 0055 27       		.uleb128 0x27
 445 0056 19       		.uleb128 0x19
 446 0057 11       		.uleb128 0x11
 447 0058 01       		.uleb128 0x1
 448 0059 12       		.uleb128 0x12
 449 005a 06       		.uleb128 0x6
 450 005b 40       		.uleb128 0x40
 451 005c 18       		.uleb128 0x18
 452 005d 9742     		.uleb128 0x2117
 453 005f 19       		.uleb128 0x19
ARM GAS  C:\Users\Yiquing\AppData\Local\Temp\cciOLkYi.s 			page 11


 454 0060 01       		.uleb128 0x1
 455 0061 13       		.uleb128 0x13
 456 0062 00       		.byte	0
 457 0063 00       		.byte	0
 458 0064 08       		.uleb128 0x8
 459 0065 05       		.uleb128 0x5
 460 0066 00       		.byte	0
 461 0067 03       		.uleb128 0x3
 462 0068 0E       		.uleb128 0xe
 463 0069 3A       		.uleb128 0x3a
 464 006a 0B       		.uleb128 0xb
 465 006b 3B       		.uleb128 0x3b
 466 006c 0B       		.uleb128 0xb
 467 006d 49       		.uleb128 0x49
 468 006e 13       		.uleb128 0x13
 469 006f 02       		.uleb128 0x2
 470 0070 18       		.uleb128 0x18
 471 0071 00       		.byte	0
 472 0072 00       		.byte	0
 473 0073 09       		.uleb128 0x9
 474 0074 34       		.uleb128 0x34
 475 0075 00       		.byte	0
 476 0076 03       		.uleb128 0x3
 477 0077 0E       		.uleb128 0xe
 478 0078 3A       		.uleb128 0x3a
 479 0079 0B       		.uleb128 0xb
 480 007a 3B       		.uleb128 0x3b
 481 007b 0B       		.uleb128 0xb
 482 007c 49       		.uleb128 0x49
 483 007d 13       		.uleb128 0x13
 484 007e 02       		.uleb128 0x2
 485 007f 18       		.uleb128 0x18
 486 0080 00       		.byte	0
 487 0081 00       		.byte	0
 488 0082 0A       		.uleb128 0xa
 489 0083 2E       		.uleb128 0x2e
 490 0084 00       		.byte	0
 491 0085 3F       		.uleb128 0x3f
 492 0086 19       		.uleb128 0x19
 493 0087 03       		.uleb128 0x3
 494 0088 0E       		.uleb128 0xe
 495 0089 3A       		.uleb128 0x3a
 496 008a 0B       		.uleb128 0xb
 497 008b 3B       		.uleb128 0x3b
 498 008c 0B       		.uleb128 0xb
 499 008d 27       		.uleb128 0x27
 500 008e 19       		.uleb128 0x19
 501 008f 49       		.uleb128 0x49
 502 0090 13       		.uleb128 0x13
 503 0091 11       		.uleb128 0x11
 504 0092 01       		.uleb128 0x1
 505 0093 12       		.uleb128 0x12
 506 0094 06       		.uleb128 0x6
 507 0095 40       		.uleb128 0x40
 508 0096 18       		.uleb128 0x18
 509 0097 9742     		.uleb128 0x2117
 510 0099 19       		.uleb128 0x19
ARM GAS  C:\Users\Yiquing\AppData\Local\Temp\cciOLkYi.s 			page 12


 511 009a 00       		.byte	0
 512 009b 00       		.byte	0
 513 009c 00       		.byte	0
 514              		.section	.debug_aranges,"",%progbits
 515 0000 34000000 		.4byte	0x34
 516 0004 0200     		.2byte	0x2
 517 0006 00000000 		.4byte	.Ldebug_info0
 518 000a 04       		.byte	0x4
 519 000b 00       		.byte	0
 520 000c 0000     		.2byte	0
 521 000e 0000     		.2byte	0
 522 0010 00000000 		.4byte	.LFB0
 523 0014 3C000000 		.4byte	.LFE0-.LFB0
 524 0018 00000000 		.4byte	.LFB1
 525 001c 5C000000 		.4byte	.LFE1-.LFB1
 526 0020 00000000 		.4byte	.LFB2
 527 0024 20000000 		.4byte	.LFE2-.LFB2
 528 0028 00000000 		.4byte	.LFB3
 529 002c 20000000 		.4byte	.LFE3-.LFB3
 530 0030 00000000 		.4byte	0
 531 0034 00000000 		.4byte	0
 532              		.section	.debug_ranges,"",%progbits
 533              	.Ldebug_ranges0:
 534 0000 00000000 		.4byte	.LFB0
 535 0004 3C000000 		.4byte	.LFE0
 536 0008 00000000 		.4byte	.LFB1
 537 000c 5C000000 		.4byte	.LFE1
 538 0010 00000000 		.4byte	.LFB2
 539 0014 20000000 		.4byte	.LFE2
 540 0018 00000000 		.4byte	.LFB3
 541 001c 20000000 		.4byte	.LFE3
 542 0020 00000000 		.4byte	0
 543 0024 00000000 		.4byte	0
 544              		.section	.debug_line,"",%progbits
 545              	.Ldebug_line0:
 546 0000 96000000 		.section	.debug_str,"MS",%progbits,1
 546      02004700 
 546      00000201 
 546      FB0E0D00 
 546      01010101 
 547              	.LASF16:
 548 0000 76616C75 		.ascii	"value\000"
 548      6500
 549              	.LASF23:
 550 0006 73746174 		.ascii	"staticBits\000"
 550      69634269 
 550      747300
 551              	.LASF18:
 552 0011 455A4932 		.ascii	"EZI2CPin_Read\000"
 552      4350696E 
 552      5F526561 
 552      6400
 553              	.LASF14:
 554 001f 455A4932 		.ascii	"EZI2CPin_Write\000"
 554      4350696E 
 554      5F577269 
 554      746500
ARM GAS  C:\Users\Yiquing\AppData\Local\Temp\cciOLkYi.s 			page 13


 555              	.LASF9:
 556 002e 666C6F61 		.ascii	"float\000"
 556      7400
 557              	.LASF1:
 558 0034 756E7369 		.ascii	"unsigned char\000"
 558      676E6564 
 558      20636861 
 558      7200
 559              	.LASF13:
 560 0042 72656738 		.ascii	"reg8\000"
 560      00
 561              	.LASF22:
 562 0047 433A5C55 		.ascii	"C:\\Users\\Yiquing\\Documents\\works\\NanoNXT\\osdp"
 562      73657273 
 562      5C596971 
 562      75696E67 
 562      5C446F63 
 563 0074 20746573 		.ascii	" testing\\YQ\\nanoNxt_ICM3\\nanoNxt_ICM3.cydsn\000"
 563      74696E67 
 563      5C59515C 
 563      6E616E6F 
 563      4E78745F 
 564              	.LASF5:
 565 00a0 6C6F6E67 		.ascii	"long unsigned int\000"
 565      20756E73 
 565      69676E65 
 565      6420696E 
 565      7400
 566              	.LASF3:
 567 00b2 73686F72 		.ascii	"short unsigned int\000"
 567      7420756E 
 567      7369676E 
 567      65642069 
 567      6E7400
 568              	.LASF19:
 569 00c5 455A4932 		.ascii	"EZI2CPin_ReadDataReg\000"
 569      4350696E 
 569      5F526561 
 569      64446174 
 569      61526567 
 570              	.LASF10:
 571 00da 646F7562 		.ascii	"double\000"
 571      6C6500
 572              	.LASF8:
 573 00e1 756E7369 		.ascii	"unsigned int\000"
 573      676E6564 
 573      20696E74 
 573      00
 574              	.LASF7:
 575 00ee 6C6F6E67 		.ascii	"long long unsigned int\000"
 575      206C6F6E 
 575      6720756E 
 575      7369676E 
 575      65642069 
 576              	.LASF17:
 577 0105 6D6F6465 		.ascii	"mode\000"
 577      00
ARM GAS  C:\Users\Yiquing\AppData\Local\Temp\cciOLkYi.s 			page 14


 578              	.LASF20:
 579 010a 474E5520 		.ascii	"GNU C 4.8.4 20140526 (release) [ARM/embedded-4_8-br"
 579      4320342E 
 579      382E3420 
 579      32303134 
 579      30353236 
 580 013d 616E6368 		.ascii	"anch revision 211358] -mcpu=cortex-m3 -mthumb -g -O"
 580      20726576 
 580      6973696F 
 580      6E203231 
 580      31333538 
 581 0170 30202D66 		.ascii	"0 -ffunction-sections\000"
 581      66756E63 
 581      74696F6E 
 581      2D736563 
 581      74696F6E 
 582              	.LASF15:
 583 0186 455A4932 		.ascii	"EZI2CPin_SetDriveMode\000"
 583      4350696E 
 583      5F536574 
 583      44726976 
 583      654D6F64 
 584              	.LASF6:
 585 019c 6C6F6E67 		.ascii	"long long int\000"
 585      206C6F6E 
 585      6720696E 
 585      7400
 586              	.LASF11:
 587 01aa 63686172 		.ascii	"char\000"
 587      00
 588              	.LASF2:
 589 01af 73686F72 		.ascii	"short int\000"
 589      7420696E 
 589      7400
 590              	.LASF12:
 591 01b9 75696E74 		.ascii	"uint8\000"
 591      3800
 592              	.LASF21:
 593 01bf 2E5C4765 		.ascii	".\\Generated_Source\\PSoC5\\EZI2CPin.c\000"
 593      6E657261 
 593      7465645F 
 593      536F7572 
 593      63655C50 
 594              	.LASF4:
 595 01e3 6C6F6E67 		.ascii	"long int\000"
 595      20696E74 
 595      00
 596              	.LASF0:
 597 01ec 7369676E 		.ascii	"signed char\000"
 597      65642063 
 597      68617200 
 598              		.ident	"GCC: (GNU Tools for ARM Embedded Processors) 4.8.4 20140526 (release) [ARM/embedded-4_8-br
