ARM GAS  C:\Users\Yiquing\AppData\Local\Temp\ccokmqca.s 			page 1


   1              		.syntax unified
   2              		.cpu cortex-m3
   3              		.fpu softvfp
   4              		.eabi_attribute 20, 1
   5              		.eabi_attribute 21, 1
   6              		.eabi_attribute 23, 3
   7              		.eabi_attribute 24, 1
   8              		.eabi_attribute 25, 1
   9              		.eabi_attribute 26, 1
  10              		.eabi_attribute 30, 6
  11              		.eabi_attribute 34, 1
  12              		.eabi_attribute 18, 4
  13              		.thumb
  14              		.file	"UART_READER_PM.c"
  15              		.text
  16              	.Ltext0:
  17              		.cfi_sections	.debug_frame
  18              		.bss
  19              		.align	2
  20              	UART_READER_backup:
  21 0000 0000     		.space	2
  22 0002 0000     		.section	.text.UART_READER_SaveConfig,"ax",%progbits
  23              		.align	2
  24              		.global	UART_READER_SaveConfig
  25              		.thumb
  26              		.thumb_func
  27              		.type	UART_READER_SaveConfig, %function
  28              	UART_READER_SaveConfig:
  29              	.LFB0:
  30              		.file 1 ".\\Generated_Source\\PSoC5\\UART_READER_PM.c"
   1:.\Generated_Source\PSoC5/UART_READER_PM.c **** /*******************************************************************************
   2:.\Generated_Source\PSoC5/UART_READER_PM.c **** * File Name: UART_READER_PM.c
   3:.\Generated_Source\PSoC5/UART_READER_PM.c **** * Version 2.50
   4:.\Generated_Source\PSoC5/UART_READER_PM.c **** *
   5:.\Generated_Source\PSoC5/UART_READER_PM.c **** * Description:
   6:.\Generated_Source\PSoC5/UART_READER_PM.c **** *  This file provides Sleep/WakeUp APIs functionality.
   7:.\Generated_Source\PSoC5/UART_READER_PM.c **** *
   8:.\Generated_Source\PSoC5/UART_READER_PM.c **** * Note:
   9:.\Generated_Source\PSoC5/UART_READER_PM.c **** *
  10:.\Generated_Source\PSoC5/UART_READER_PM.c **** ********************************************************************************
  11:.\Generated_Source\PSoC5/UART_READER_PM.c **** * Copyright 2008-2015, Cypress Semiconductor Corporation.  All rights reserved.
  12:.\Generated_Source\PSoC5/UART_READER_PM.c **** * You may use this file only in accordance with the license, terms, conditions,
  13:.\Generated_Source\PSoC5/UART_READER_PM.c **** * disclaimers, and limitations in the end user license agreement accompanying
  14:.\Generated_Source\PSoC5/UART_READER_PM.c **** * the software package with which this file was provided.
  15:.\Generated_Source\PSoC5/UART_READER_PM.c **** *******************************************************************************/
  16:.\Generated_Source\PSoC5/UART_READER_PM.c **** 
  17:.\Generated_Source\PSoC5/UART_READER_PM.c **** #include "UART_READER.h"
  18:.\Generated_Source\PSoC5/UART_READER_PM.c **** 
  19:.\Generated_Source\PSoC5/UART_READER_PM.c **** 
  20:.\Generated_Source\PSoC5/UART_READER_PM.c **** /***************************************
  21:.\Generated_Source\PSoC5/UART_READER_PM.c **** * Local data allocation
  22:.\Generated_Source\PSoC5/UART_READER_PM.c **** ***************************************/
  23:.\Generated_Source\PSoC5/UART_READER_PM.c **** 
  24:.\Generated_Source\PSoC5/UART_READER_PM.c **** static UART_READER_BACKUP_STRUCT  UART_READER_backup =
  25:.\Generated_Source\PSoC5/UART_READER_PM.c **** {
  26:.\Generated_Source\PSoC5/UART_READER_PM.c ****     /* enableState - disabled */
  27:.\Generated_Source\PSoC5/UART_READER_PM.c ****     0u,
ARM GAS  C:\Users\Yiquing\AppData\Local\Temp\ccokmqca.s 			page 2


  28:.\Generated_Source\PSoC5/UART_READER_PM.c **** };
  29:.\Generated_Source\PSoC5/UART_READER_PM.c **** 
  30:.\Generated_Source\PSoC5/UART_READER_PM.c **** 
  31:.\Generated_Source\PSoC5/UART_READER_PM.c **** 
  32:.\Generated_Source\PSoC5/UART_READER_PM.c **** /*******************************************************************************
  33:.\Generated_Source\PSoC5/UART_READER_PM.c **** * Function Name: UART_READER_SaveConfig
  34:.\Generated_Source\PSoC5/UART_READER_PM.c **** ********************************************************************************
  35:.\Generated_Source\PSoC5/UART_READER_PM.c **** *
  36:.\Generated_Source\PSoC5/UART_READER_PM.c **** * Summary:
  37:.\Generated_Source\PSoC5/UART_READER_PM.c **** *  This function saves the component nonretention control register.
  38:.\Generated_Source\PSoC5/UART_READER_PM.c **** *  Does not save the FIFO which is a set of nonretention registers.
  39:.\Generated_Source\PSoC5/UART_READER_PM.c **** *  This function is called by the UART_READER_Sleep() function.
  40:.\Generated_Source\PSoC5/UART_READER_PM.c **** *
  41:.\Generated_Source\PSoC5/UART_READER_PM.c **** * Parameters:
  42:.\Generated_Source\PSoC5/UART_READER_PM.c **** *  None.
  43:.\Generated_Source\PSoC5/UART_READER_PM.c **** *
  44:.\Generated_Source\PSoC5/UART_READER_PM.c **** * Return:
  45:.\Generated_Source\PSoC5/UART_READER_PM.c **** *  None.
  46:.\Generated_Source\PSoC5/UART_READER_PM.c **** *
  47:.\Generated_Source\PSoC5/UART_READER_PM.c **** * Global Variables:
  48:.\Generated_Source\PSoC5/UART_READER_PM.c **** *  UART_READER_backup - modified when non-retention registers are saved.
  49:.\Generated_Source\PSoC5/UART_READER_PM.c **** *
  50:.\Generated_Source\PSoC5/UART_READER_PM.c **** * Reentrant:
  51:.\Generated_Source\PSoC5/UART_READER_PM.c **** *  No.
  52:.\Generated_Source\PSoC5/UART_READER_PM.c **** *
  53:.\Generated_Source\PSoC5/UART_READER_PM.c **** *******************************************************************************/
  54:.\Generated_Source\PSoC5/UART_READER_PM.c **** void UART_READER_SaveConfig(void)
  55:.\Generated_Source\PSoC5/UART_READER_PM.c **** {
  31              		.loc 1 55 0
  32              		.cfi_startproc
  33              		@ args = 0, pretend = 0, frame = 0
  34              		@ frame_needed = 1, uses_anonymous_args = 0
  35              		@ link register save eliminated.
  36 0000 80B4     		push	{r7}
  37              		.cfi_def_cfa_offset 4
  38              		.cfi_offset 7, -4
  39 0002 00AF     		add	r7, sp, #0
  40              		.cfi_def_cfa_register 7
  56:.\Generated_Source\PSoC5/UART_READER_PM.c ****     #if(UART_READER_CONTROL_REG_REMOVED == 0u)
  57:.\Generated_Source\PSoC5/UART_READER_PM.c ****         UART_READER_backup.cr = UART_READER_CONTROL_REG;
  41              		.loc 1 57 0
  42 0004 044B     		ldr	r3, .L2
  43 0006 1B78     		ldrb	r3, [r3]
  44 0008 DAB2     		uxtb	r2, r3
  45 000a 044B     		ldr	r3, .L2+4
  46 000c 5A70     		strb	r2, [r3, #1]
  58:.\Generated_Source\PSoC5/UART_READER_PM.c ****     #endif /* End UART_READER_CONTROL_REG_REMOVED */
  59:.\Generated_Source\PSoC5/UART_READER_PM.c **** }
  47              		.loc 1 59 0
  48 000e BD46     		mov	sp, r7
  49              		@ sp needed
  50 0010 5DF8047B 		ldr	r7, [sp], #4
  51 0014 7047     		bx	lr
  52              	.L3:
  53 0016 00BF     		.align	2
  54              	.L2:
  55 0018 78650040 		.word	1073767800
ARM GAS  C:\Users\Yiquing\AppData\Local\Temp\ccokmqca.s 			page 3


  56 001c 00000000 		.word	UART_READER_backup
  57              		.cfi_endproc
  58              	.LFE0:
  59              		.size	UART_READER_SaveConfig, .-UART_READER_SaveConfig
  60              		.section	.text.UART_READER_RestoreConfig,"ax",%progbits
  61              		.align	2
  62              		.global	UART_READER_RestoreConfig
  63              		.thumb
  64              		.thumb_func
  65              		.type	UART_READER_RestoreConfig, %function
  66              	UART_READER_RestoreConfig:
  67              	.LFB1:
  60:.\Generated_Source\PSoC5/UART_READER_PM.c **** 
  61:.\Generated_Source\PSoC5/UART_READER_PM.c **** 
  62:.\Generated_Source\PSoC5/UART_READER_PM.c **** /*******************************************************************************
  63:.\Generated_Source\PSoC5/UART_READER_PM.c **** * Function Name: UART_READER_RestoreConfig
  64:.\Generated_Source\PSoC5/UART_READER_PM.c **** ********************************************************************************
  65:.\Generated_Source\PSoC5/UART_READER_PM.c **** *
  66:.\Generated_Source\PSoC5/UART_READER_PM.c **** * Summary:
  67:.\Generated_Source\PSoC5/UART_READER_PM.c **** *  Restores the nonretention control register except FIFO.
  68:.\Generated_Source\PSoC5/UART_READER_PM.c **** *  Does not restore the FIFO which is a set of nonretention registers.
  69:.\Generated_Source\PSoC5/UART_READER_PM.c **** *
  70:.\Generated_Source\PSoC5/UART_READER_PM.c **** * Parameters:
  71:.\Generated_Source\PSoC5/UART_READER_PM.c **** *  None.
  72:.\Generated_Source\PSoC5/UART_READER_PM.c **** *
  73:.\Generated_Source\PSoC5/UART_READER_PM.c **** * Return:
  74:.\Generated_Source\PSoC5/UART_READER_PM.c **** *  None.
  75:.\Generated_Source\PSoC5/UART_READER_PM.c **** *
  76:.\Generated_Source\PSoC5/UART_READER_PM.c **** * Global Variables:
  77:.\Generated_Source\PSoC5/UART_READER_PM.c **** *  UART_READER_backup - used when non-retention registers are restored.
  78:.\Generated_Source\PSoC5/UART_READER_PM.c **** *
  79:.\Generated_Source\PSoC5/UART_READER_PM.c **** * Reentrant:
  80:.\Generated_Source\PSoC5/UART_READER_PM.c **** *  No.
  81:.\Generated_Source\PSoC5/UART_READER_PM.c **** *
  82:.\Generated_Source\PSoC5/UART_READER_PM.c **** * Notes:
  83:.\Generated_Source\PSoC5/UART_READER_PM.c **** *  If this function is called without calling UART_READER_SaveConfig() 
  84:.\Generated_Source\PSoC5/UART_READER_PM.c **** *  first, the data loaded may be incorrect.
  85:.\Generated_Source\PSoC5/UART_READER_PM.c **** *
  86:.\Generated_Source\PSoC5/UART_READER_PM.c **** *******************************************************************************/
  87:.\Generated_Source\PSoC5/UART_READER_PM.c **** void UART_READER_RestoreConfig(void)
  88:.\Generated_Source\PSoC5/UART_READER_PM.c **** {
  68              		.loc 1 88 0
  69              		.cfi_startproc
  70              		@ args = 0, pretend = 0, frame = 0
  71              		@ frame_needed = 1, uses_anonymous_args = 0
  72              		@ link register save eliminated.
  73 0000 80B4     		push	{r7}
  74              		.cfi_def_cfa_offset 4
  75              		.cfi_offset 7, -4
  76 0002 00AF     		add	r7, sp, #0
  77              		.cfi_def_cfa_register 7
  89:.\Generated_Source\PSoC5/UART_READER_PM.c ****     #if(UART_READER_CONTROL_REG_REMOVED == 0u)
  90:.\Generated_Source\PSoC5/UART_READER_PM.c ****         UART_READER_CONTROL_REG = UART_READER_backup.cr;
  78              		.loc 1 90 0
  79 0004 034B     		ldr	r3, .L5
  80 0006 044A     		ldr	r2, .L5+4
  81 0008 5278     		ldrb	r2, [r2, #1]	@ zero_extendqisi2
ARM GAS  C:\Users\Yiquing\AppData\Local\Temp\ccokmqca.s 			page 4


  82 000a 1A70     		strb	r2, [r3]
  91:.\Generated_Source\PSoC5/UART_READER_PM.c ****     #endif /* End UART_READER_CONTROL_REG_REMOVED */
  92:.\Generated_Source\PSoC5/UART_READER_PM.c **** }
  83              		.loc 1 92 0
  84 000c BD46     		mov	sp, r7
  85              		@ sp needed
  86 000e 5DF8047B 		ldr	r7, [sp], #4
  87 0012 7047     		bx	lr
  88              	.L6:
  89              		.align	2
  90              	.L5:
  91 0014 78650040 		.word	1073767800
  92 0018 00000000 		.word	UART_READER_backup
  93              		.cfi_endproc
  94              	.LFE1:
  95              		.size	UART_READER_RestoreConfig, .-UART_READER_RestoreConfig
  96              		.section	.text.UART_READER_Sleep,"ax",%progbits
  97              		.align	2
  98              		.global	UART_READER_Sleep
  99              		.thumb
 100              		.thumb_func
 101              		.type	UART_READER_Sleep, %function
 102              	UART_READER_Sleep:
 103              	.LFB2:
  93:.\Generated_Source\PSoC5/UART_READER_PM.c **** 
  94:.\Generated_Source\PSoC5/UART_READER_PM.c **** 
  95:.\Generated_Source\PSoC5/UART_READER_PM.c **** /*******************************************************************************
  96:.\Generated_Source\PSoC5/UART_READER_PM.c **** * Function Name: UART_READER_Sleep
  97:.\Generated_Source\PSoC5/UART_READER_PM.c **** ********************************************************************************
  98:.\Generated_Source\PSoC5/UART_READER_PM.c **** *
  99:.\Generated_Source\PSoC5/UART_READER_PM.c **** * Summary:
 100:.\Generated_Source\PSoC5/UART_READER_PM.c **** *  This is the preferred API to prepare the component for sleep. 
 101:.\Generated_Source\PSoC5/UART_READER_PM.c **** *  The UART_READER_Sleep() API saves the current component state. Then it
 102:.\Generated_Source\PSoC5/UART_READER_PM.c **** *  calls the UART_READER_Stop() function and calls 
 103:.\Generated_Source\PSoC5/UART_READER_PM.c **** *  UART_READER_SaveConfig() to save the hardware configuration.
 104:.\Generated_Source\PSoC5/UART_READER_PM.c **** *  Call the UART_READER_Sleep() function before calling the CyPmSleep() 
 105:.\Generated_Source\PSoC5/UART_READER_PM.c **** *  or the CyPmHibernate() function. 
 106:.\Generated_Source\PSoC5/UART_READER_PM.c **** *
 107:.\Generated_Source\PSoC5/UART_READER_PM.c **** * Parameters:
 108:.\Generated_Source\PSoC5/UART_READER_PM.c **** *  None.
 109:.\Generated_Source\PSoC5/UART_READER_PM.c **** *
 110:.\Generated_Source\PSoC5/UART_READER_PM.c **** * Return:
 111:.\Generated_Source\PSoC5/UART_READER_PM.c **** *  None.
 112:.\Generated_Source\PSoC5/UART_READER_PM.c **** *
 113:.\Generated_Source\PSoC5/UART_READER_PM.c **** * Global Variables:
 114:.\Generated_Source\PSoC5/UART_READER_PM.c **** *  UART_READER_backup - modified when non-retention registers are saved.
 115:.\Generated_Source\PSoC5/UART_READER_PM.c **** *
 116:.\Generated_Source\PSoC5/UART_READER_PM.c **** * Reentrant:
 117:.\Generated_Source\PSoC5/UART_READER_PM.c **** *  No.
 118:.\Generated_Source\PSoC5/UART_READER_PM.c **** *
 119:.\Generated_Source\PSoC5/UART_READER_PM.c **** *******************************************************************************/
 120:.\Generated_Source\PSoC5/UART_READER_PM.c **** void UART_READER_Sleep(void)
 121:.\Generated_Source\PSoC5/UART_READER_PM.c **** {
 104              		.loc 1 121 0
 105              		.cfi_startproc
 106              		@ args = 0, pretend = 0, frame = 0
 107              		@ frame_needed = 1, uses_anonymous_args = 0
ARM GAS  C:\Users\Yiquing\AppData\Local\Temp\ccokmqca.s 			page 5


 108 0000 80B5     		push	{r7, lr}
 109              		.cfi_def_cfa_offset 8
 110              		.cfi_offset 7, -8
 111              		.cfi_offset 14, -4
 112 0002 00AF     		add	r7, sp, #0
 113              		.cfi_def_cfa_register 7
 122:.\Generated_Source\PSoC5/UART_READER_PM.c ****     #if(UART_READER_RX_ENABLED || UART_READER_HD_ENABLED)
 123:.\Generated_Source\PSoC5/UART_READER_PM.c ****         if((UART_READER_RXSTATUS_ACTL_REG  & UART_READER_INT_ENABLE) != 0u)
 114              		.loc 1 123 0
 115 0004 094B     		ldr	r3, .L10
 116 0006 1B78     		ldrb	r3, [r3]
 117 0008 DBB2     		uxtb	r3, r3
 118 000a 03F01003 		and	r3, r3, #16
 119 000e 002B     		cmp	r3, #0
 120 0010 03D0     		beq	.L8
 124:.\Generated_Source\PSoC5/UART_READER_PM.c ****         {
 125:.\Generated_Source\PSoC5/UART_READER_PM.c ****             UART_READER_backup.enableState = 1u;
 121              		.loc 1 125 0
 122 0012 074B     		ldr	r3, .L10+4
 123 0014 0122     		movs	r2, #1
 124 0016 1A70     		strb	r2, [r3]
 125 0018 02E0     		b	.L9
 126              	.L8:
 126:.\Generated_Source\PSoC5/UART_READER_PM.c ****         }
 127:.\Generated_Source\PSoC5/UART_READER_PM.c ****         else
 128:.\Generated_Source\PSoC5/UART_READER_PM.c ****         {
 129:.\Generated_Source\PSoC5/UART_READER_PM.c ****             UART_READER_backup.enableState = 0u;
 127              		.loc 1 129 0
 128 001a 054B     		ldr	r3, .L10+4
 129 001c 0022     		movs	r2, #0
 130 001e 1A70     		strb	r2, [r3]
 131              	.L9:
 130:.\Generated_Source\PSoC5/UART_READER_PM.c ****         }
 131:.\Generated_Source\PSoC5/UART_READER_PM.c ****     #else
 132:.\Generated_Source\PSoC5/UART_READER_PM.c ****         if((UART_READER_TXSTATUS_ACTL_REG  & UART_READER_INT_ENABLE) !=0u)
 133:.\Generated_Source\PSoC5/UART_READER_PM.c ****         {
 134:.\Generated_Source\PSoC5/UART_READER_PM.c ****             UART_READER_backup.enableState = 1u;
 135:.\Generated_Source\PSoC5/UART_READER_PM.c ****         }
 136:.\Generated_Source\PSoC5/UART_READER_PM.c ****         else
 137:.\Generated_Source\PSoC5/UART_READER_PM.c ****         {
 138:.\Generated_Source\PSoC5/UART_READER_PM.c ****             UART_READER_backup.enableState = 0u;
 139:.\Generated_Source\PSoC5/UART_READER_PM.c ****         }
 140:.\Generated_Source\PSoC5/UART_READER_PM.c ****     #endif /* End UART_READER_RX_ENABLED || UART_READER_HD_ENABLED*/
 141:.\Generated_Source\PSoC5/UART_READER_PM.c **** 
 142:.\Generated_Source\PSoC5/UART_READER_PM.c ****     UART_READER_Stop();
 132              		.loc 1 142 0
 133 0020 FFF7FEFF 		bl	UART_READER_Stop
 143:.\Generated_Source\PSoC5/UART_READER_PM.c ****     UART_READER_SaveConfig();
 134              		.loc 1 143 0
 135 0024 FFF7FEFF 		bl	UART_READER_SaveConfig
 144:.\Generated_Source\PSoC5/UART_READER_PM.c **** }
 136              		.loc 1 144 0
 137 0028 80BD     		pop	{r7, pc}
 138              	.L11:
 139 002a 00BF     		.align	2
 140              	.L10:
 141 002c 97640040 		.word	1073767575
ARM GAS  C:\Users\Yiquing\AppData\Local\Temp\ccokmqca.s 			page 6


 142 0030 00000000 		.word	UART_READER_backup
 143              		.cfi_endproc
 144              	.LFE2:
 145              		.size	UART_READER_Sleep, .-UART_READER_Sleep
 146              		.section	.text.UART_READER_Wakeup,"ax",%progbits
 147              		.align	2
 148              		.global	UART_READER_Wakeup
 149              		.thumb
 150              		.thumb_func
 151              		.type	UART_READER_Wakeup, %function
 152              	UART_READER_Wakeup:
 153              	.LFB3:
 145:.\Generated_Source\PSoC5/UART_READER_PM.c **** 
 146:.\Generated_Source\PSoC5/UART_READER_PM.c **** 
 147:.\Generated_Source\PSoC5/UART_READER_PM.c **** /*******************************************************************************
 148:.\Generated_Source\PSoC5/UART_READER_PM.c **** * Function Name: UART_READER_Wakeup
 149:.\Generated_Source\PSoC5/UART_READER_PM.c **** ********************************************************************************
 150:.\Generated_Source\PSoC5/UART_READER_PM.c **** *
 151:.\Generated_Source\PSoC5/UART_READER_PM.c **** * Summary:
 152:.\Generated_Source\PSoC5/UART_READER_PM.c **** *  This is the preferred API to restore the component to the state when 
 153:.\Generated_Source\PSoC5/UART_READER_PM.c **** *  UART_READER_Sleep() was called. The UART_READER_Wakeup() function
 154:.\Generated_Source\PSoC5/UART_READER_PM.c **** *  calls the UART_READER_RestoreConfig() function to restore the 
 155:.\Generated_Source\PSoC5/UART_READER_PM.c **** *  configuration. If the component was enabled before the 
 156:.\Generated_Source\PSoC5/UART_READER_PM.c **** *  UART_READER_Sleep() function was called, the UART_READER_Wakeup()
 157:.\Generated_Source\PSoC5/UART_READER_PM.c **** *  function will also re-enable the component.
 158:.\Generated_Source\PSoC5/UART_READER_PM.c **** *
 159:.\Generated_Source\PSoC5/UART_READER_PM.c **** * Parameters:
 160:.\Generated_Source\PSoC5/UART_READER_PM.c **** *  None.
 161:.\Generated_Source\PSoC5/UART_READER_PM.c **** *
 162:.\Generated_Source\PSoC5/UART_READER_PM.c **** * Return:
 163:.\Generated_Source\PSoC5/UART_READER_PM.c **** *  None.
 164:.\Generated_Source\PSoC5/UART_READER_PM.c **** *
 165:.\Generated_Source\PSoC5/UART_READER_PM.c **** * Global Variables:
 166:.\Generated_Source\PSoC5/UART_READER_PM.c **** *  UART_READER_backup - used when non-retention registers are restored.
 167:.\Generated_Source\PSoC5/UART_READER_PM.c **** *
 168:.\Generated_Source\PSoC5/UART_READER_PM.c **** * Reentrant:
 169:.\Generated_Source\PSoC5/UART_READER_PM.c **** *  No.
 170:.\Generated_Source\PSoC5/UART_READER_PM.c **** *
 171:.\Generated_Source\PSoC5/UART_READER_PM.c **** *******************************************************************************/
 172:.\Generated_Source\PSoC5/UART_READER_PM.c **** void UART_READER_Wakeup(void)
 173:.\Generated_Source\PSoC5/UART_READER_PM.c **** {
 154              		.loc 1 173 0
 155              		.cfi_startproc
 156              		@ args = 0, pretend = 0, frame = 0
 157              		@ frame_needed = 1, uses_anonymous_args = 0
 158 0000 80B5     		push	{r7, lr}
 159              		.cfi_def_cfa_offset 8
 160              		.cfi_offset 7, -8
 161              		.cfi_offset 14, -4
 162 0002 00AF     		add	r7, sp, #0
 163              		.cfi_def_cfa_register 7
 174:.\Generated_Source\PSoC5/UART_READER_PM.c ****     UART_READER_RestoreConfig();
 164              		.loc 1 174 0
 165 0004 FFF7FEFF 		bl	UART_READER_RestoreConfig
 175:.\Generated_Source\PSoC5/UART_READER_PM.c ****     #if( (UART_READER_RX_ENABLED) || (UART_READER_HD_ENABLED) )
 176:.\Generated_Source\PSoC5/UART_READER_PM.c ****         UART_READER_ClearRxBuffer();
 166              		.loc 1 176 0
ARM GAS  C:\Users\Yiquing\AppData\Local\Temp\ccokmqca.s 			page 7


 167 0008 FFF7FEFF 		bl	UART_READER_ClearRxBuffer
 177:.\Generated_Source\PSoC5/UART_READER_PM.c ****     #endif /* End (UART_READER_RX_ENABLED) || (UART_READER_HD_ENABLED) */
 178:.\Generated_Source\PSoC5/UART_READER_PM.c ****     #if(UART_READER_TX_ENABLED || UART_READER_HD_ENABLED)
 179:.\Generated_Source\PSoC5/UART_READER_PM.c ****         UART_READER_ClearTxBuffer();
 168              		.loc 1 179 0
 169 000c FFF7FEFF 		bl	UART_READER_ClearTxBuffer
 180:.\Generated_Source\PSoC5/UART_READER_PM.c ****     #endif /* End UART_READER_TX_ENABLED || UART_READER_HD_ENABLED */
 181:.\Generated_Source\PSoC5/UART_READER_PM.c **** 
 182:.\Generated_Source\PSoC5/UART_READER_PM.c ****     if(UART_READER_backup.enableState != 0u)
 170              		.loc 1 182 0
 171 0010 034B     		ldr	r3, .L14
 172 0012 1B78     		ldrb	r3, [r3]	@ zero_extendqisi2
 173 0014 002B     		cmp	r3, #0
 174 0016 01D0     		beq	.L12
 183:.\Generated_Source\PSoC5/UART_READER_PM.c ****     {
 184:.\Generated_Source\PSoC5/UART_READER_PM.c ****         UART_READER_Enable();
 175              		.loc 1 184 0
 176 0018 FFF7FEFF 		bl	UART_READER_Enable
 177              	.L12:
 185:.\Generated_Source\PSoC5/UART_READER_PM.c ****     }
 186:.\Generated_Source\PSoC5/UART_READER_PM.c **** }
 178              		.loc 1 186 0
 179 001c 80BD     		pop	{r7, pc}
 180              	.L15:
 181 001e 00BF     		.align	2
 182              	.L14:
 183 0020 00000000 		.word	UART_READER_backup
 184              		.cfi_endproc
 185              	.LFE3:
 186              		.size	UART_READER_Wakeup, .-UART_READER_Wakeup
 187              		.text
 188              	.Letext0:
 189              		.file 2 ".\\Generated_Source\\PSoC5\\cytypes.h"
 190              		.file 3 ".\\Generated_Source\\PSoC5\\UART_READER.h"
 191              		.section	.debug_info,"",%progbits
 192              	.Ldebug_info0:
 193 0000 24010000 		.4byte	0x124
 194 0004 0400     		.2byte	0x4
 195 0006 00000000 		.4byte	.Ldebug_abbrev0
 196 000a 04       		.byte	0x4
 197 000b 01       		.uleb128 0x1
 198 000c C0010000 		.4byte	.LASF21
 199 0010 01       		.byte	0x1
 200 0011 28010000 		.4byte	.LASF22
 201 0015 31000000 		.4byte	.LASF23
 202 0019 00000000 		.4byte	.Ldebug_ranges0+0
 203 001d 00000000 		.4byte	0
 204 0021 00000000 		.4byte	.Ldebug_line0
 205 0025 02       		.uleb128 0x2
 206 0026 01       		.byte	0x1
 207 0027 06       		.byte	0x6
 208 0028 65010000 		.4byte	.LASF0
 209 002c 02       		.uleb128 0x2
 210 002d 01       		.byte	0x1
 211 002e 08       		.byte	0x8
 212 002f 05010000 		.4byte	.LASF1
 213 0033 02       		.uleb128 0x2
ARM GAS  C:\Users\Yiquing\AppData\Local\Temp\ccokmqca.s 			page 8


 214 0034 02       		.byte	0x2
 215 0035 05       		.byte	0x5
 216 0036 B6010000 		.4byte	.LASF2
 217 003a 02       		.uleb128 0x2
 218 003b 02       		.byte	0x2
 219 003c 07       		.byte	0x7
 220 003d 52010000 		.4byte	.LASF3
 221 0041 02       		.uleb128 0x2
 222 0042 04       		.byte	0x4
 223 0043 05       		.byte	0x5
 224 0044 18010000 		.4byte	.LASF4
 225 0048 02       		.uleb128 0x2
 226 0049 04       		.byte	0x4
 227 004a 07       		.byte	0x7
 228 004b C9000000 		.4byte	.LASF5
 229 004f 02       		.uleb128 0x2
 230 0050 08       		.byte	0x8
 231 0051 05       		.byte	0x5
 232 0052 00000000 		.4byte	.LASF6
 233 0056 02       		.uleb128 0x2
 234 0057 08       		.byte	0x8
 235 0058 07       		.byte	0x7
 236 0059 DB000000 		.4byte	.LASF7
 237 005d 03       		.uleb128 0x3
 238 005e 04       		.byte	0x4
 239 005f 05       		.byte	0x5
 240 0060 696E7400 		.ascii	"int\000"
 241 0064 02       		.uleb128 0x2
 242 0065 04       		.byte	0x4
 243 0066 07       		.byte	0x7
 244 0067 3C020000 		.4byte	.LASF8
 245 006b 04       		.uleb128 0x4
 246 006c C3000000 		.4byte	.LASF12
 247 0070 02       		.byte	0x2
 248 0071 B3       		.byte	0xb3
 249 0072 2C000000 		.4byte	0x2c
 250 0076 02       		.uleb128 0x2
 251 0077 04       		.byte	0x4
 252 0078 04       		.byte	0x4
 253 0079 9E010000 		.4byte	.LASF9
 254 007d 02       		.uleb128 0x2
 255 007e 08       		.byte	0x8
 256 007f 04       		.byte	0x4
 257 0080 21010000 		.4byte	.LASF10
 258 0084 02       		.uleb128 0x2
 259 0085 01       		.byte	0x1
 260 0086 08       		.byte	0x8
 261 0087 13010000 		.4byte	.LASF11
 262 008b 05       		.uleb128 0x5
 263 008c BE000000 		.4byte	.LASF13
 264 0090 02       		.byte	0x2
 265 0091 5D01     		.2byte	0x15d
 266 0093 97000000 		.4byte	0x97
 267 0097 06       		.uleb128 0x6
 268 0098 6B000000 		.4byte	0x6b
 269 009c 02       		.uleb128 0x2
 270 009d 04       		.byte	0x4
ARM GAS  C:\Users\Yiquing\AppData\Local\Temp\ccokmqca.s 			page 9


 271 009e 07       		.byte	0x7
 272 009f 49020000 		.4byte	.LASF14
 273 00a3 07       		.uleb128 0x7
 274 00a4 84010000 		.4byte	.LASF24
 275 00a8 02       		.byte	0x2
 276 00a9 03       		.byte	0x3
 277 00aa 45       		.byte	0x45
 278 00ab C7000000 		.4byte	0xc7
 279 00af 08       		.uleb128 0x8
 280 00b0 0E000000 		.4byte	.LASF15
 281 00b4 03       		.byte	0x3
 282 00b5 47       		.byte	0x47
 283 00b6 6B000000 		.4byte	0x6b
 284 00ba 00       		.byte	0
 285 00bb 09       		.uleb128 0x9
 286 00bc 637200   		.ascii	"cr\000"
 287 00bf 03       		.byte	0x3
 288 00c0 4A       		.byte	0x4a
 289 00c1 6B000000 		.4byte	0x6b
 290 00c5 01       		.byte	0x1
 291 00c6 00       		.byte	0
 292 00c7 04       		.uleb128 0x4
 293 00c8 8A000000 		.4byte	.LASF16
 294 00cc 03       		.byte	0x3
 295 00cd 4D       		.byte	0x4d
 296 00ce A3000000 		.4byte	0xa3
 297 00d2 0A       		.uleb128 0xa
 298 00d3 1A000000 		.4byte	.LASF17
 299 00d7 01       		.byte	0x1
 300 00d8 36       		.byte	0x36
 301 00d9 00000000 		.4byte	.LFB0
 302 00dd 20000000 		.4byte	.LFE0-.LFB0
 303 00e1 01       		.uleb128 0x1
 304 00e2 9C       		.byte	0x9c
 305 00e3 0A       		.uleb128 0xa
 306 00e4 A4000000 		.4byte	.LASF18
 307 00e8 01       		.byte	0x1
 308 00e9 57       		.byte	0x57
 309 00ea 00000000 		.4byte	.LFB1
 310 00ee 1C000000 		.4byte	.LFE1-.LFB1
 311 00f2 01       		.uleb128 0x1
 312 00f3 9C       		.byte	0x9c
 313 00f4 0B       		.uleb128 0xb
 314 00f5 A4010000 		.4byte	.LASF19
 315 00f9 01       		.byte	0x1
 316 00fa 78       		.byte	0x78
 317 00fb 00000000 		.4byte	.LFB2
 318 00ff 34000000 		.4byte	.LFE2-.LFB2
 319 0103 01       		.uleb128 0x1
 320 0104 9C       		.byte	0x9c
 321 0105 0B       		.uleb128 0xb
 322 0106 71010000 		.4byte	.LASF20
 323 010a 01       		.byte	0x1
 324 010b AC       		.byte	0xac
 325 010c 00000000 		.4byte	.LFB3
 326 0110 24000000 		.4byte	.LFE3-.LFB3
 327 0114 01       		.uleb128 0x1
ARM GAS  C:\Users\Yiquing\AppData\Local\Temp\ccokmqca.s 			page 10


 328 0115 9C       		.byte	0x9c
 329 0116 0C       		.uleb128 0xc
 330 0117 F2000000 		.4byte	.LASF25
 331 011b 01       		.byte	0x1
 332 011c 18       		.byte	0x18
 333 011d C7000000 		.4byte	0xc7
 334 0121 05       		.uleb128 0x5
 335 0122 03       		.byte	0x3
 336 0123 00000000 		.4byte	UART_READER_backup
 337 0127 00       		.byte	0
 338              		.section	.debug_abbrev,"",%progbits
 339              	.Ldebug_abbrev0:
 340 0000 01       		.uleb128 0x1
 341 0001 11       		.uleb128 0x11
 342 0002 01       		.byte	0x1
 343 0003 25       		.uleb128 0x25
 344 0004 0E       		.uleb128 0xe
 345 0005 13       		.uleb128 0x13
 346 0006 0B       		.uleb128 0xb
 347 0007 03       		.uleb128 0x3
 348 0008 0E       		.uleb128 0xe
 349 0009 1B       		.uleb128 0x1b
 350 000a 0E       		.uleb128 0xe
 351 000b 55       		.uleb128 0x55
 352 000c 17       		.uleb128 0x17
 353 000d 11       		.uleb128 0x11
 354 000e 01       		.uleb128 0x1
 355 000f 10       		.uleb128 0x10
 356 0010 17       		.uleb128 0x17
 357 0011 00       		.byte	0
 358 0012 00       		.byte	0
 359 0013 02       		.uleb128 0x2
 360 0014 24       		.uleb128 0x24
 361 0015 00       		.byte	0
 362 0016 0B       		.uleb128 0xb
 363 0017 0B       		.uleb128 0xb
 364 0018 3E       		.uleb128 0x3e
 365 0019 0B       		.uleb128 0xb
 366 001a 03       		.uleb128 0x3
 367 001b 0E       		.uleb128 0xe
 368 001c 00       		.byte	0
 369 001d 00       		.byte	0
 370 001e 03       		.uleb128 0x3
 371 001f 24       		.uleb128 0x24
 372 0020 00       		.byte	0
 373 0021 0B       		.uleb128 0xb
 374 0022 0B       		.uleb128 0xb
 375 0023 3E       		.uleb128 0x3e
 376 0024 0B       		.uleb128 0xb
 377 0025 03       		.uleb128 0x3
 378 0026 08       		.uleb128 0x8
 379 0027 00       		.byte	0
 380 0028 00       		.byte	0
 381 0029 04       		.uleb128 0x4
 382 002a 16       		.uleb128 0x16
 383 002b 00       		.byte	0
 384 002c 03       		.uleb128 0x3
ARM GAS  C:\Users\Yiquing\AppData\Local\Temp\ccokmqca.s 			page 11


 385 002d 0E       		.uleb128 0xe
 386 002e 3A       		.uleb128 0x3a
 387 002f 0B       		.uleb128 0xb
 388 0030 3B       		.uleb128 0x3b
 389 0031 0B       		.uleb128 0xb
 390 0032 49       		.uleb128 0x49
 391 0033 13       		.uleb128 0x13
 392 0034 00       		.byte	0
 393 0035 00       		.byte	0
 394 0036 05       		.uleb128 0x5
 395 0037 16       		.uleb128 0x16
 396 0038 00       		.byte	0
 397 0039 03       		.uleb128 0x3
 398 003a 0E       		.uleb128 0xe
 399 003b 3A       		.uleb128 0x3a
 400 003c 0B       		.uleb128 0xb
 401 003d 3B       		.uleb128 0x3b
 402 003e 05       		.uleb128 0x5
 403 003f 49       		.uleb128 0x49
 404 0040 13       		.uleb128 0x13
 405 0041 00       		.byte	0
 406 0042 00       		.byte	0
 407 0043 06       		.uleb128 0x6
 408 0044 35       		.uleb128 0x35
 409 0045 00       		.byte	0
 410 0046 49       		.uleb128 0x49
 411 0047 13       		.uleb128 0x13
 412 0048 00       		.byte	0
 413 0049 00       		.byte	0
 414 004a 07       		.uleb128 0x7
 415 004b 13       		.uleb128 0x13
 416 004c 01       		.byte	0x1
 417 004d 03       		.uleb128 0x3
 418 004e 0E       		.uleb128 0xe
 419 004f 0B       		.uleb128 0xb
 420 0050 0B       		.uleb128 0xb
 421 0051 3A       		.uleb128 0x3a
 422 0052 0B       		.uleb128 0xb
 423 0053 3B       		.uleb128 0x3b
 424 0054 0B       		.uleb128 0xb
 425 0055 01       		.uleb128 0x1
 426 0056 13       		.uleb128 0x13
 427 0057 00       		.byte	0
 428 0058 00       		.byte	0
 429 0059 08       		.uleb128 0x8
 430 005a 0D       		.uleb128 0xd
 431 005b 00       		.byte	0
 432 005c 03       		.uleb128 0x3
 433 005d 0E       		.uleb128 0xe
 434 005e 3A       		.uleb128 0x3a
 435 005f 0B       		.uleb128 0xb
 436 0060 3B       		.uleb128 0x3b
 437 0061 0B       		.uleb128 0xb
 438 0062 49       		.uleb128 0x49
 439 0063 13       		.uleb128 0x13
 440 0064 38       		.uleb128 0x38
 441 0065 0B       		.uleb128 0xb
ARM GAS  C:\Users\Yiquing\AppData\Local\Temp\ccokmqca.s 			page 12


 442 0066 00       		.byte	0
 443 0067 00       		.byte	0
 444 0068 09       		.uleb128 0x9
 445 0069 0D       		.uleb128 0xd
 446 006a 00       		.byte	0
 447 006b 03       		.uleb128 0x3
 448 006c 08       		.uleb128 0x8
 449 006d 3A       		.uleb128 0x3a
 450 006e 0B       		.uleb128 0xb
 451 006f 3B       		.uleb128 0x3b
 452 0070 0B       		.uleb128 0xb
 453 0071 49       		.uleb128 0x49
 454 0072 13       		.uleb128 0x13
 455 0073 38       		.uleb128 0x38
 456 0074 0B       		.uleb128 0xb
 457 0075 00       		.byte	0
 458 0076 00       		.byte	0
 459 0077 0A       		.uleb128 0xa
 460 0078 2E       		.uleb128 0x2e
 461 0079 00       		.byte	0
 462 007a 3F       		.uleb128 0x3f
 463 007b 19       		.uleb128 0x19
 464 007c 03       		.uleb128 0x3
 465 007d 0E       		.uleb128 0xe
 466 007e 3A       		.uleb128 0x3a
 467 007f 0B       		.uleb128 0xb
 468 0080 3B       		.uleb128 0x3b
 469 0081 0B       		.uleb128 0xb
 470 0082 27       		.uleb128 0x27
 471 0083 19       		.uleb128 0x19
 472 0084 11       		.uleb128 0x11
 473 0085 01       		.uleb128 0x1
 474 0086 12       		.uleb128 0x12
 475 0087 06       		.uleb128 0x6
 476 0088 40       		.uleb128 0x40
 477 0089 18       		.uleb128 0x18
 478 008a 9742     		.uleb128 0x2117
 479 008c 19       		.uleb128 0x19
 480 008d 00       		.byte	0
 481 008e 00       		.byte	0
 482 008f 0B       		.uleb128 0xb
 483 0090 2E       		.uleb128 0x2e
 484 0091 00       		.byte	0
 485 0092 3F       		.uleb128 0x3f
 486 0093 19       		.uleb128 0x19
 487 0094 03       		.uleb128 0x3
 488 0095 0E       		.uleb128 0xe
 489 0096 3A       		.uleb128 0x3a
 490 0097 0B       		.uleb128 0xb
 491 0098 3B       		.uleb128 0x3b
 492 0099 0B       		.uleb128 0xb
 493 009a 27       		.uleb128 0x27
 494 009b 19       		.uleb128 0x19
 495 009c 11       		.uleb128 0x11
 496 009d 01       		.uleb128 0x1
 497 009e 12       		.uleb128 0x12
 498 009f 06       		.uleb128 0x6
ARM GAS  C:\Users\Yiquing\AppData\Local\Temp\ccokmqca.s 			page 13


 499 00a0 40       		.uleb128 0x40
 500 00a1 18       		.uleb128 0x18
 501 00a2 9642     		.uleb128 0x2116
 502 00a4 19       		.uleb128 0x19
 503 00a5 00       		.byte	0
 504 00a6 00       		.byte	0
 505 00a7 0C       		.uleb128 0xc
 506 00a8 34       		.uleb128 0x34
 507 00a9 00       		.byte	0
 508 00aa 03       		.uleb128 0x3
 509 00ab 0E       		.uleb128 0xe
 510 00ac 3A       		.uleb128 0x3a
 511 00ad 0B       		.uleb128 0xb
 512 00ae 3B       		.uleb128 0x3b
 513 00af 0B       		.uleb128 0xb
 514 00b0 49       		.uleb128 0x49
 515 00b1 13       		.uleb128 0x13
 516 00b2 02       		.uleb128 0x2
 517 00b3 18       		.uleb128 0x18
 518 00b4 00       		.byte	0
 519 00b5 00       		.byte	0
 520 00b6 00       		.byte	0
 521              		.section	.debug_aranges,"",%progbits
 522 0000 34000000 		.4byte	0x34
 523 0004 0200     		.2byte	0x2
 524 0006 00000000 		.4byte	.Ldebug_info0
 525 000a 04       		.byte	0x4
 526 000b 00       		.byte	0
 527 000c 0000     		.2byte	0
 528 000e 0000     		.2byte	0
 529 0010 00000000 		.4byte	.LFB0
 530 0014 20000000 		.4byte	.LFE0-.LFB0
 531 0018 00000000 		.4byte	.LFB1
 532 001c 1C000000 		.4byte	.LFE1-.LFB1
 533 0020 00000000 		.4byte	.LFB2
 534 0024 34000000 		.4byte	.LFE2-.LFB2
 535 0028 00000000 		.4byte	.LFB3
 536 002c 24000000 		.4byte	.LFE3-.LFB3
 537 0030 00000000 		.4byte	0
 538 0034 00000000 		.4byte	0
 539              		.section	.debug_ranges,"",%progbits
 540              	.Ldebug_ranges0:
 541 0000 00000000 		.4byte	.LFB0
 542 0004 20000000 		.4byte	.LFE0
 543 0008 00000000 		.4byte	.LFB1
 544 000c 1C000000 		.4byte	.LFE1
 545 0010 00000000 		.4byte	.LFB2
 546 0014 34000000 		.4byte	.LFE2
 547 0018 00000000 		.4byte	.LFB3
 548 001c 24000000 		.4byte	.LFE3
 549 0020 00000000 		.4byte	0
 550 0024 00000000 		.4byte	0
 551              		.section	.debug_line,"",%progbits
 552              	.Ldebug_line0:
 553 0000 B5000000 		.section	.debug_str,"MS",%progbits,1
 553      02005E00 
 553      00000201 
ARM GAS  C:\Users\Yiquing\AppData\Local\Temp\ccokmqca.s 			page 14


 553      FB0E0D00 
 553      01010101 
 554              	.LASF6:
 555 0000 6C6F6E67 		.ascii	"long long int\000"
 555      206C6F6E 
 555      6720696E 
 555      7400
 556              	.LASF15:
 557 000e 656E6162 		.ascii	"enableState\000"
 557      6C655374 
 557      61746500 
 558              	.LASF17:
 559 001a 55415254 		.ascii	"UART_READER_SaveConfig\000"
 559      5F524541 
 559      4445525F 
 559      53617665 
 559      436F6E66 
 560              	.LASF23:
 561 0031 433A5C55 		.ascii	"C:\\Users\\Yiquing\\Documents\\works\\NanoNXT\\osdp"
 561      73657273 
 561      5C596971 
 561      75696E67 
 561      5C446F63 
 562 005e 20746573 		.ascii	" testing\\YQ\\nanoNxt_ICM3\\nanoNxt_ICM3.cydsn\000"
 562      74696E67 
 562      5C59515C 
 562      6E616E6F 
 562      4E78745F 
 563              	.LASF16:
 564 008a 55415254 		.ascii	"UART_READER_BACKUP_STRUCT\000"
 564      5F524541 
 564      4445525F 
 564      4241434B 
 564      55505F53 
 565              	.LASF18:
 566 00a4 55415254 		.ascii	"UART_READER_RestoreConfig\000"
 566      5F524541 
 566      4445525F 
 566      52657374 
 566      6F726543 
 567              	.LASF13:
 568 00be 72656738 		.ascii	"reg8\000"
 568      00
 569              	.LASF12:
 570 00c3 75696E74 		.ascii	"uint8\000"
 570      3800
 571              	.LASF5:
 572 00c9 6C6F6E67 		.ascii	"long unsigned int\000"
 572      20756E73 
 572      69676E65 
 572      6420696E 
 572      7400
 573              	.LASF7:
 574 00db 6C6F6E67 		.ascii	"long long unsigned int\000"
 574      206C6F6E 
 574      6720756E 
 574      7369676E 
ARM GAS  C:\Users\Yiquing\AppData\Local\Temp\ccokmqca.s 			page 15


 574      65642069 
 575              	.LASF25:
 576 00f2 55415254 		.ascii	"UART_READER_backup\000"
 576      5F524541 
 576      4445525F 
 576      6261636B 
 576      757000
 577              	.LASF1:
 578 0105 756E7369 		.ascii	"unsigned char\000"
 578      676E6564 
 578      20636861 
 578      7200
 579              	.LASF11:
 580 0113 63686172 		.ascii	"char\000"
 580      00
 581              	.LASF4:
 582 0118 6C6F6E67 		.ascii	"long int\000"
 582      20696E74 
 582      00
 583              	.LASF10:
 584 0121 646F7562 		.ascii	"double\000"
 584      6C6500
 585              	.LASF22:
 586 0128 2E5C4765 		.ascii	".\\Generated_Source\\PSoC5\\UART_READER_PM.c\000"
 586      6E657261 
 586      7465645F 
 586      536F7572 
 586      63655C50 
 587              	.LASF3:
 588 0152 73686F72 		.ascii	"short unsigned int\000"
 588      7420756E 
 588      7369676E 
 588      65642069 
 588      6E7400
 589              	.LASF0:
 590 0165 7369676E 		.ascii	"signed char\000"
 590      65642063 
 590      68617200 
 591              	.LASF20:
 592 0171 55415254 		.ascii	"UART_READER_Wakeup\000"
 592      5F524541 
 592      4445525F 
 592      57616B65 
 592      757000
 593              	.LASF24:
 594 0184 55415254 		.ascii	"UART_READER_backupStruct_\000"
 594      5F524541 
 594      4445525F 
 594      6261636B 
 594      75705374 
 595              	.LASF9:
 596 019e 666C6F61 		.ascii	"float\000"
 596      7400
 597              	.LASF19:
 598 01a4 55415254 		.ascii	"UART_READER_Sleep\000"
 598      5F524541 
 598      4445525F 
ARM GAS  C:\Users\Yiquing\AppData\Local\Temp\ccokmqca.s 			page 16


 598      536C6565 
 598      7000
 599              	.LASF2:
 600 01b6 73686F72 		.ascii	"short int\000"
 600      7420696E 
 600      7400
 601              	.LASF21:
 602 01c0 474E5520 		.ascii	"GNU C 4.8.4 20140526 (release) [ARM/embedded-4_8-br"
 602      4320342E 
 602      382E3420 
 602      32303134 
 602      30353236 
 603 01f3 616E6368 		.ascii	"anch revision 211358] -mcpu=cortex-m3 -mthumb -g -O"
 603      20726576 
 603      6973696F 
 603      6E203231 
 603      31333538 
 604 0226 30202D66 		.ascii	"0 -ffunction-sections\000"
 604      66756E63 
 604      74696F6E 
 604      2D736563 
 604      74696F6E 
 605              	.LASF8:
 606 023c 756E7369 		.ascii	"unsigned int\000"
 606      676E6564 
 606      20696E74 
 606      00
 607              	.LASF14:
 608 0249 73697A65 		.ascii	"sizetype\000"
 608      74797065 
 608      00
 609              		.ident	"GCC: (GNU Tools for ARM Embedded Processors) 4.8.4 20140526 (release) [ARM/embedded-4_8-br
