ARM GAS  C:\Users\Yiquing\AppData\Local\Temp\ccWsezBq.s 			page 1


   1              		.syntax unified
   2              		.cpu cortex-m3
   3              		.fpu softvfp
   4              		.eabi_attribute 20, 1
   5              		.eabi_attribute 21, 1
   6              		.eabi_attribute 23, 3
   7              		.eabi_attribute 24, 1
   8              		.eabi_attribute 25, 1
   9              		.eabi_attribute 26, 1
  10              		.eabi_attribute 30, 6
  11              		.eabi_attribute 34, 1
  12              		.eabi_attribute 18, 4
  13              		.thumb
  14              		.file	"UART_OSDP_READER_INT.c"
  15              		.text
  16              	.Ltext0:
  17              		.cfi_sections	.debug_frame
  18              		.section	.text.UART_OSDP_READER_RXISR,"ax",%progbits
  19              		.align	2
  20              		.global	UART_OSDP_READER_RXISR
  21              		.thumb
  22              		.thumb_func
  23              		.type	UART_OSDP_READER_RXISR, %function
  24              	UART_OSDP_READER_RXISR:
  25              	.LFB0:
  26              		.file 1 ".\\Generated_Source\\PSoC5\\UART_OSDP_READER_INT.c"
   1:.\Generated_Source\PSoC5/UART_OSDP_READER_INT.c **** /*******************************************************************************
   2:.\Generated_Source\PSoC5/UART_OSDP_READER_INT.c **** * File Name: UART_OSDP_READERINT.c
   3:.\Generated_Source\PSoC5/UART_OSDP_READER_INT.c **** * Version 2.50
   4:.\Generated_Source\PSoC5/UART_OSDP_READER_INT.c **** *
   5:.\Generated_Source\PSoC5/UART_OSDP_READER_INT.c **** * Description:
   6:.\Generated_Source\PSoC5/UART_OSDP_READER_INT.c **** *  This file provides all Interrupt Service functionality of the UART component
   7:.\Generated_Source\PSoC5/UART_OSDP_READER_INT.c **** *
   8:.\Generated_Source\PSoC5/UART_OSDP_READER_INT.c **** ********************************************************************************
   9:.\Generated_Source\PSoC5/UART_OSDP_READER_INT.c **** * Copyright 2008-2015, Cypress Semiconductor Corporation.  All rights reserved.
  10:.\Generated_Source\PSoC5/UART_OSDP_READER_INT.c **** * You may use this file only in accordance with the license, terms, conditions,
  11:.\Generated_Source\PSoC5/UART_OSDP_READER_INT.c **** * disclaimers, and limitations in the end user license agreement accompanying
  12:.\Generated_Source\PSoC5/UART_OSDP_READER_INT.c **** * the software package with which this file was provided.
  13:.\Generated_Source\PSoC5/UART_OSDP_READER_INT.c **** *******************************************************************************/
  14:.\Generated_Source\PSoC5/UART_OSDP_READER_INT.c **** 
  15:.\Generated_Source\PSoC5/UART_OSDP_READER_INT.c **** #include "UART_OSDP_READER.h"
  16:.\Generated_Source\PSoC5/UART_OSDP_READER_INT.c **** 
  17:.\Generated_Source\PSoC5/UART_OSDP_READER_INT.c **** 
  18:.\Generated_Source\PSoC5/UART_OSDP_READER_INT.c **** /***************************************
  19:.\Generated_Source\PSoC5/UART_OSDP_READER_INT.c **** * Custom Declarations
  20:.\Generated_Source\PSoC5/UART_OSDP_READER_INT.c **** ***************************************/
  21:.\Generated_Source\PSoC5/UART_OSDP_READER_INT.c **** /* `#START CUSTOM_DECLARATIONS` Place your declaration here */
  22:.\Generated_Source\PSoC5/UART_OSDP_READER_INT.c **** 
  23:.\Generated_Source\PSoC5/UART_OSDP_READER_INT.c **** /* `#END` */
  24:.\Generated_Source\PSoC5/UART_OSDP_READER_INT.c **** 
  25:.\Generated_Source\PSoC5/UART_OSDP_READER_INT.c **** #if (UART_OSDP_READER_RX_INTERRUPT_ENABLED && (UART_OSDP_READER_RX_ENABLED || UART_OSDP_READER_HD_E
  26:.\Generated_Source\PSoC5/UART_OSDP_READER_INT.c ****     /*******************************************************************************
  27:.\Generated_Source\PSoC5/UART_OSDP_READER_INT.c ****     * Function Name: UART_OSDP_READER_RXISR
  28:.\Generated_Source\PSoC5/UART_OSDP_READER_INT.c ****     ********************************************************************************
  29:.\Generated_Source\PSoC5/UART_OSDP_READER_INT.c ****     *
  30:.\Generated_Source\PSoC5/UART_OSDP_READER_INT.c ****     * Summary:
  31:.\Generated_Source\PSoC5/UART_OSDP_READER_INT.c ****     *  Interrupt Service Routine for RX portion of the UART
ARM GAS  C:\Users\Yiquing\AppData\Local\Temp\ccWsezBq.s 			page 2


  32:.\Generated_Source\PSoC5/UART_OSDP_READER_INT.c ****     *
  33:.\Generated_Source\PSoC5/UART_OSDP_READER_INT.c ****     * Parameters:
  34:.\Generated_Source\PSoC5/UART_OSDP_READER_INT.c ****     *  None.
  35:.\Generated_Source\PSoC5/UART_OSDP_READER_INT.c ****     *
  36:.\Generated_Source\PSoC5/UART_OSDP_READER_INT.c ****     * Return:
  37:.\Generated_Source\PSoC5/UART_OSDP_READER_INT.c ****     *  None.
  38:.\Generated_Source\PSoC5/UART_OSDP_READER_INT.c ****     *
  39:.\Generated_Source\PSoC5/UART_OSDP_READER_INT.c ****     * Global Variables:
  40:.\Generated_Source\PSoC5/UART_OSDP_READER_INT.c ****     *  UART_OSDP_READER_rxBuffer - RAM buffer pointer for save received data.
  41:.\Generated_Source\PSoC5/UART_OSDP_READER_INT.c ****     *  UART_OSDP_READER_rxBufferWrite - cyclic index for write to rxBuffer,
  42:.\Generated_Source\PSoC5/UART_OSDP_READER_INT.c ****     *     increments after each byte saved to buffer.
  43:.\Generated_Source\PSoC5/UART_OSDP_READER_INT.c ****     *  UART_OSDP_READER_rxBufferRead - cyclic index for read from rxBuffer,
  44:.\Generated_Source\PSoC5/UART_OSDP_READER_INT.c ****     *     checked to detect overflow condition.
  45:.\Generated_Source\PSoC5/UART_OSDP_READER_INT.c ****     *  UART_OSDP_READER_rxBufferOverflow - software overflow flag. Set to one
  46:.\Generated_Source\PSoC5/UART_OSDP_READER_INT.c ****     *     when UART_OSDP_READER_rxBufferWrite index overtakes
  47:.\Generated_Source\PSoC5/UART_OSDP_READER_INT.c ****     *     UART_OSDP_READER_rxBufferRead index.
  48:.\Generated_Source\PSoC5/UART_OSDP_READER_INT.c ****     *  UART_OSDP_READER_rxBufferLoopDetect - additional variable to detect overflow.
  49:.\Generated_Source\PSoC5/UART_OSDP_READER_INT.c ****     *     Set to one when UART_OSDP_READER_rxBufferWrite is equal to
  50:.\Generated_Source\PSoC5/UART_OSDP_READER_INT.c ****     *    UART_OSDP_READER_rxBufferRead
  51:.\Generated_Source\PSoC5/UART_OSDP_READER_INT.c ****     *  UART_OSDP_READER_rxAddressMode - this variable contains the Address mode,
  52:.\Generated_Source\PSoC5/UART_OSDP_READER_INT.c ****     *     selected in customizer or set by UART_SetRxAddressMode() API.
  53:.\Generated_Source\PSoC5/UART_OSDP_READER_INT.c ****     *  UART_OSDP_READER_rxAddressDetected - set to 1 when correct address received,
  54:.\Generated_Source\PSoC5/UART_OSDP_READER_INT.c ****     *     and analysed to store following addressed data bytes to the buffer.
  55:.\Generated_Source\PSoC5/UART_OSDP_READER_INT.c ****     *     When not correct address received, set to 0 to skip following data bytes.
  56:.\Generated_Source\PSoC5/UART_OSDP_READER_INT.c ****     *
  57:.\Generated_Source\PSoC5/UART_OSDP_READER_INT.c ****     *******************************************************************************/
  58:.\Generated_Source\PSoC5/UART_OSDP_READER_INT.c ****     CY_ISR(UART_OSDP_READER_RXISR)
  59:.\Generated_Source\PSoC5/UART_OSDP_READER_INT.c ****     {
  27              		.loc 1 59 0
  28              		.cfi_startproc
  29              		@ args = 0, pretend = 0, frame = 8
  30              		@ frame_needed = 1, uses_anonymous_args = 0
  31              		@ link register save eliminated.
  32 0000 80B4     		push	{r7}
  33              		.cfi_def_cfa_offset 4
  34              		.cfi_offset 7, -4
  35 0002 83B0     		sub	sp, sp, #12
  36              		.cfi_def_cfa_offset 16
  37 0004 00AF     		add	r7, sp, #0
  38              		.cfi_def_cfa_register 7
  60:.\Generated_Source\PSoC5/UART_OSDP_READER_INT.c ****         uint8 readData;
  61:.\Generated_Source\PSoC5/UART_OSDP_READER_INT.c ****         uint8 readStatus;
  62:.\Generated_Source\PSoC5/UART_OSDP_READER_INT.c ****         uint8 increment_pointer = 0u;
  39              		.loc 1 62 0
  40 0006 0023     		movs	r3, #0
  41 0008 FB71     		strb	r3, [r7, #7]
  42              	.L6:
  63:.\Generated_Source\PSoC5/UART_OSDP_READER_INT.c **** 
  64:.\Generated_Source\PSoC5/UART_OSDP_READER_INT.c ****     #if(CY_PSOC3)
  65:.\Generated_Source\PSoC5/UART_OSDP_READER_INT.c ****         uint8 int_en;
  66:.\Generated_Source\PSoC5/UART_OSDP_READER_INT.c ****     #endif /* (CY_PSOC3) */
  67:.\Generated_Source\PSoC5/UART_OSDP_READER_INT.c **** 
  68:.\Generated_Source\PSoC5/UART_OSDP_READER_INT.c ****         /* User code required at start of ISR */
  69:.\Generated_Source\PSoC5/UART_OSDP_READER_INT.c ****         /* `#START UART_OSDP_READER_RXISR_START` */
  70:.\Generated_Source\PSoC5/UART_OSDP_READER_INT.c **** 
  71:.\Generated_Source\PSoC5/UART_OSDP_READER_INT.c ****         /* `#END` */
  72:.\Generated_Source\PSoC5/UART_OSDP_READER_INT.c **** 
ARM GAS  C:\Users\Yiquing\AppData\Local\Temp\ccWsezBq.s 			page 3


  73:.\Generated_Source\PSoC5/UART_OSDP_READER_INT.c ****     #if(CY_PSOC3)   /* Make sure nested interrupt is enabled */
  74:.\Generated_Source\PSoC5/UART_OSDP_READER_INT.c ****         int_en = EA;
  75:.\Generated_Source\PSoC5/UART_OSDP_READER_INT.c ****         CyGlobalIntEnable;
  76:.\Generated_Source\PSoC5/UART_OSDP_READER_INT.c ****     #endif /* (CY_PSOC3) */
  77:.\Generated_Source\PSoC5/UART_OSDP_READER_INT.c **** 
  78:.\Generated_Source\PSoC5/UART_OSDP_READER_INT.c ****         do
  79:.\Generated_Source\PSoC5/UART_OSDP_READER_INT.c ****         {
  80:.\Generated_Source\PSoC5/UART_OSDP_READER_INT.c ****             /* Read receiver status register */
  81:.\Generated_Source\PSoC5/UART_OSDP_READER_INT.c ****             readStatus = UART_OSDP_READER_RXSTATUS_REG;
  43              		.loc 1 81 0
  44 000a 2B4B     		ldr	r3, .L7
  45 000c 1B78     		ldrb	r3, [r3]
  46 000e BB71     		strb	r3, [r7, #6]
  82:.\Generated_Source\PSoC5/UART_OSDP_READER_INT.c ****             /* Copy the same status to readData variable for backward compatibility support 
  83:.\Generated_Source\PSoC5/UART_OSDP_READER_INT.c ****             *  of the user code in UART_OSDP_READER_RXISR_ERROR` section. 
  84:.\Generated_Source\PSoC5/UART_OSDP_READER_INT.c ****             */
  85:.\Generated_Source\PSoC5/UART_OSDP_READER_INT.c ****             readData = readStatus;
  47              		.loc 1 85 0
  48 0010 BB79     		ldrb	r3, [r7, #6]
  49 0012 7B71     		strb	r3, [r7, #5]
  86:.\Generated_Source\PSoC5/UART_OSDP_READER_INT.c **** 
  87:.\Generated_Source\PSoC5/UART_OSDP_READER_INT.c ****             if((readStatus & (UART_OSDP_READER_RX_STS_BREAK | 
  88:.\Generated_Source\PSoC5/UART_OSDP_READER_INT.c ****                             UART_OSDP_READER_RX_STS_PAR_ERROR |
  89:.\Generated_Source\PSoC5/UART_OSDP_READER_INT.c ****                             UART_OSDP_READER_RX_STS_STOP_ERROR | 
  90:.\Generated_Source\PSoC5/UART_OSDP_READER_INT.c ****                             UART_OSDP_READER_RX_STS_OVERRUN)) != 0u)
  50              		.loc 1 90 0
  51 0014 BB79     		ldrb	r3, [r7, #6]	@ zero_extendqisi2
  52 0016 03F01E03 		and	r3, r3, #30
  87:.\Generated_Source\PSoC5/UART_OSDP_READER_INT.c ****             if((readStatus & (UART_OSDP_READER_RX_STS_BREAK | 
  53              		.loc 1 87 0
  54 001a 002B     		cmp	r3, #0
  55 001c 0BD0     		beq	.L2
  91:.\Generated_Source\PSoC5/UART_OSDP_READER_INT.c ****             {
  92:.\Generated_Source\PSoC5/UART_OSDP_READER_INT.c ****                 /* ERROR handling. */
  93:.\Generated_Source\PSoC5/UART_OSDP_READER_INT.c ****                 UART_OSDP_READER_errorStatus |= readStatus & ( UART_OSDP_READER_RX_STS_BREAK | 
  56              		.loc 1 93 0
  57 001e BB79     		ldrb	r3, [r7, #6]	@ zero_extendqisi2
  58 0020 03F01E03 		and	r3, r3, #30
  59 0024 DAB2     		uxtb	r2, r3
  60 0026 254B     		ldr	r3, .L7+4
  61 0028 1B78     		ldrb	r3, [r3]	@ zero_extendqisi2
  62 002a DBB2     		uxtb	r3, r3
  63 002c 1343     		orrs	r3, r3, r2
  64 002e DBB2     		uxtb	r3, r3
  65 0030 DAB2     		uxtb	r2, r3
  66 0032 224B     		ldr	r3, .L7+4
  67 0034 1A70     		strb	r2, [r3]
  68              	.L2:
  94:.\Generated_Source\PSoC5/UART_OSDP_READER_INT.c ****                                                             UART_OSDP_READER_RX_STS_PAR_ERROR | 
  95:.\Generated_Source\PSoC5/UART_OSDP_READER_INT.c ****                                                             UART_OSDP_READER_RX_STS_STOP_ERROR | 
  96:.\Generated_Source\PSoC5/UART_OSDP_READER_INT.c ****                                                             UART_OSDP_READER_RX_STS_OVERRUN);
  97:.\Generated_Source\PSoC5/UART_OSDP_READER_INT.c ****                 /* `#START UART_OSDP_READER_RXISR_ERROR` */
  98:.\Generated_Source\PSoC5/UART_OSDP_READER_INT.c **** 
  99:.\Generated_Source\PSoC5/UART_OSDP_READER_INT.c ****                 /* `#END` */
 100:.\Generated_Source\PSoC5/UART_OSDP_READER_INT.c ****             }
 101:.\Generated_Source\PSoC5/UART_OSDP_READER_INT.c ****             
 102:.\Generated_Source\PSoC5/UART_OSDP_READER_INT.c ****             if((readStatus & UART_OSDP_READER_RX_STS_FIFO_NOTEMPTY) != 0u)
ARM GAS  C:\Users\Yiquing\AppData\Local\Temp\ccWsezBq.s 			page 4


  69              		.loc 1 102 0
  70 0036 BB79     		ldrb	r3, [r7, #6]	@ zero_extendqisi2
  71 0038 03F02003 		and	r3, r3, #32
  72 003c 002B     		cmp	r3, #0
  73 003e 31D0     		beq	.L3
 103:.\Generated_Source\PSoC5/UART_OSDP_READER_INT.c ****             {
 104:.\Generated_Source\PSoC5/UART_OSDP_READER_INT.c ****                 /* Read data from the RX data register */
 105:.\Generated_Source\PSoC5/UART_OSDP_READER_INT.c ****                 readData = UART_OSDP_READER_RXDATA_REG;
  74              		.loc 1 105 0
  75 0040 1F4B     		ldr	r3, .L7+8
  76 0042 1B78     		ldrb	r3, [r3]
  77 0044 7B71     		strb	r3, [r7, #5]
 106:.\Generated_Source\PSoC5/UART_OSDP_READER_INT.c ****             #if (UART_OSDP_READER_RXHW_ADDRESS_ENABLED)
 107:.\Generated_Source\PSoC5/UART_OSDP_READER_INT.c ****                 if(UART_OSDP_READER_rxAddressMode == (uint8)UART_OSDP_READER__B_UART__AM_SW_DETECT_
 108:.\Generated_Source\PSoC5/UART_OSDP_READER_INT.c ****                 {
 109:.\Generated_Source\PSoC5/UART_OSDP_READER_INT.c ****                     if((readStatus & UART_OSDP_READER_RX_STS_MRKSPC) != 0u)
 110:.\Generated_Source\PSoC5/UART_OSDP_READER_INT.c ****                     {
 111:.\Generated_Source\PSoC5/UART_OSDP_READER_INT.c ****                         if ((readStatus & UART_OSDP_READER_RX_STS_ADDR_MATCH) != 0u)
 112:.\Generated_Source\PSoC5/UART_OSDP_READER_INT.c ****                         {
 113:.\Generated_Source\PSoC5/UART_OSDP_READER_INT.c ****                             UART_OSDP_READER_rxAddressDetected = 1u;
 114:.\Generated_Source\PSoC5/UART_OSDP_READER_INT.c ****                         }
 115:.\Generated_Source\PSoC5/UART_OSDP_READER_INT.c ****                         else
 116:.\Generated_Source\PSoC5/UART_OSDP_READER_INT.c ****                         {
 117:.\Generated_Source\PSoC5/UART_OSDP_READER_INT.c ****                             UART_OSDP_READER_rxAddressDetected = 0u;
 118:.\Generated_Source\PSoC5/UART_OSDP_READER_INT.c ****                         }
 119:.\Generated_Source\PSoC5/UART_OSDP_READER_INT.c ****                     }
 120:.\Generated_Source\PSoC5/UART_OSDP_READER_INT.c ****                     if(UART_OSDP_READER_rxAddressDetected != 0u)
 121:.\Generated_Source\PSoC5/UART_OSDP_READER_INT.c ****                     {   /* Store only addressed data */
 122:.\Generated_Source\PSoC5/UART_OSDP_READER_INT.c ****                         UART_OSDP_READER_rxBuffer[UART_OSDP_READER_rxBufferWrite] = readData;
 123:.\Generated_Source\PSoC5/UART_OSDP_READER_INT.c ****                         increment_pointer = 1u;
 124:.\Generated_Source\PSoC5/UART_OSDP_READER_INT.c ****                     }
 125:.\Generated_Source\PSoC5/UART_OSDP_READER_INT.c ****                 }
 126:.\Generated_Source\PSoC5/UART_OSDP_READER_INT.c ****                 else /* Without software addressing */
 127:.\Generated_Source\PSoC5/UART_OSDP_READER_INT.c ****                 {
 128:.\Generated_Source\PSoC5/UART_OSDP_READER_INT.c ****                     UART_OSDP_READER_rxBuffer[UART_OSDP_READER_rxBufferWrite] = readData;
 129:.\Generated_Source\PSoC5/UART_OSDP_READER_INT.c ****                     increment_pointer = 1u;
 130:.\Generated_Source\PSoC5/UART_OSDP_READER_INT.c ****                 }
 131:.\Generated_Source\PSoC5/UART_OSDP_READER_INT.c ****             #else  /* Without addressing */
 132:.\Generated_Source\PSoC5/UART_OSDP_READER_INT.c ****                 UART_OSDP_READER_rxBuffer[UART_OSDP_READER_rxBufferWrite] = readData;
  78              		.loc 1 132 0
  79 0046 1F4B     		ldr	r3, .L7+12
  80 0048 1B78     		ldrb	r3, [r3]
  81 004a DBB2     		uxtb	r3, r3
  82 004c 1E4A     		ldr	r2, .L7+16
  83 004e 7979     		ldrb	r1, [r7, #5]
  84 0050 D154     		strb	r1, [r2, r3]
 133:.\Generated_Source\PSoC5/UART_OSDP_READER_INT.c ****                 increment_pointer = 1u;
  85              		.loc 1 133 0
  86 0052 0123     		movs	r3, #1
  87 0054 FB71     		strb	r3, [r7, #7]
 134:.\Generated_Source\PSoC5/UART_OSDP_READER_INT.c ****             #endif /* (UART_OSDP_READER_RXHW_ADDRESS_ENABLED) */
 135:.\Generated_Source\PSoC5/UART_OSDP_READER_INT.c **** 
 136:.\Generated_Source\PSoC5/UART_OSDP_READER_INT.c ****                 /* Do not increment buffer pointer when skip not addressed data */
 137:.\Generated_Source\PSoC5/UART_OSDP_READER_INT.c ****                 if(increment_pointer != 0u)
  88              		.loc 1 137 0
  89 0056 FB79     		ldrb	r3, [r7, #7]	@ zero_extendqisi2
  90 0058 002B     		cmp	r3, #0
ARM GAS  C:\Users\Yiquing\AppData\Local\Temp\ccWsezBq.s 			page 5


  91 005a 23D0     		beq	.L3
 138:.\Generated_Source\PSoC5/UART_OSDP_READER_INT.c ****                 {
 139:.\Generated_Source\PSoC5/UART_OSDP_READER_INT.c ****                     if(UART_OSDP_READER_rxBufferLoopDetect != 0u)
  92              		.loc 1 139 0
  93 005c 1B4B     		ldr	r3, .L7+20
  94 005e 1B78     		ldrb	r3, [r3]
  95 0060 DBB2     		uxtb	r3, r3
  96 0062 002B     		cmp	r3, #0
  97 0064 02D0     		beq	.L4
 140:.\Generated_Source\PSoC5/UART_OSDP_READER_INT.c ****                     {   /* Set Software Buffer status Overflow */
 141:.\Generated_Source\PSoC5/UART_OSDP_READER_INT.c ****                         UART_OSDP_READER_rxBufferOverflow = 1u;
  98              		.loc 1 141 0
  99 0066 1A4B     		ldr	r3, .L7+24
 100 0068 0122     		movs	r2, #1
 101 006a 1A70     		strb	r2, [r3]
 102              	.L4:
 142:.\Generated_Source\PSoC5/UART_OSDP_READER_INT.c ****                     }
 143:.\Generated_Source\PSoC5/UART_OSDP_READER_INT.c ****                     /* Set next pointer. */
 144:.\Generated_Source\PSoC5/UART_OSDP_READER_INT.c ****                     UART_OSDP_READER_rxBufferWrite++;
 103              		.loc 1 144 0
 104 006c 154B     		ldr	r3, .L7+12
 105 006e 1B78     		ldrb	r3, [r3]
 106 0070 DBB2     		uxtb	r3, r3
 107 0072 0133     		adds	r3, r3, #1
 108 0074 DAB2     		uxtb	r2, r3
 109 0076 134B     		ldr	r3, .L7+12
 110 0078 1A70     		strb	r2, [r3]
 145:.\Generated_Source\PSoC5/UART_OSDP_READER_INT.c **** 
 146:.\Generated_Source\PSoC5/UART_OSDP_READER_INT.c ****                     /* Check pointer for a loop condition */
 147:.\Generated_Source\PSoC5/UART_OSDP_READER_INT.c ****                     if(UART_OSDP_READER_rxBufferWrite >= UART_OSDP_READER_RX_BUFFER_SIZE)
 111              		.loc 1 147 0
 112 007a 124B     		ldr	r3, .L7+12
 113 007c 1B78     		ldrb	r3, [r3]
 114 007e DBB2     		uxtb	r3, r3
 115 0080 DBB2     		uxtb	r3, r3
 116 0082 5BB2     		sxtb	r3, r3
 117 0084 002B     		cmp	r3, #0
 118 0086 02DA     		bge	.L5
 148:.\Generated_Source\PSoC5/UART_OSDP_READER_INT.c ****                     {
 149:.\Generated_Source\PSoC5/UART_OSDP_READER_INT.c ****                         UART_OSDP_READER_rxBufferWrite = 0u;
 119              		.loc 1 149 0
 120 0088 0E4B     		ldr	r3, .L7+12
 121 008a 0022     		movs	r2, #0
 122 008c 1A70     		strb	r2, [r3]
 123              	.L5:
 150:.\Generated_Source\PSoC5/UART_OSDP_READER_INT.c ****                     }
 151:.\Generated_Source\PSoC5/UART_OSDP_READER_INT.c **** 
 152:.\Generated_Source\PSoC5/UART_OSDP_READER_INT.c ****                     /* Detect pre-overload condition and set flag */
 153:.\Generated_Source\PSoC5/UART_OSDP_READER_INT.c ****                     if(UART_OSDP_READER_rxBufferWrite == UART_OSDP_READER_rxBufferRead)
 124              		.loc 1 153 0
 125 008e 0D4B     		ldr	r3, .L7+12
 126 0090 1B78     		ldrb	r3, [r3]
 127 0092 DAB2     		uxtb	r2, r3
 128 0094 0F4B     		ldr	r3, .L7+28
 129 0096 1B78     		ldrb	r3, [r3]
 130 0098 DBB2     		uxtb	r3, r3
 131 009a 9A42     		cmp	r2, r3
ARM GAS  C:\Users\Yiquing\AppData\Local\Temp\ccWsezBq.s 			page 6


 132 009c 02D1     		bne	.L3
 154:.\Generated_Source\PSoC5/UART_OSDP_READER_INT.c ****                     {
 155:.\Generated_Source\PSoC5/UART_OSDP_READER_INT.c ****                         UART_OSDP_READER_rxBufferLoopDetect = 1u;
 133              		.loc 1 155 0
 134 009e 0B4B     		ldr	r3, .L7+20
 135 00a0 0122     		movs	r2, #1
 136 00a2 1A70     		strb	r2, [r3]
 137              	.L3:
 156:.\Generated_Source\PSoC5/UART_OSDP_READER_INT.c ****                         /* When Hardware Flow Control selected */
 157:.\Generated_Source\PSoC5/UART_OSDP_READER_INT.c ****                         #if (UART_OSDP_READER_FLOW_CONTROL != 0u)
 158:.\Generated_Source\PSoC5/UART_OSDP_READER_INT.c ****                             /* Disable RX interrupt mask, it is enabled when user read data from th
 159:.\Generated_Source\PSoC5/UART_OSDP_READER_INT.c ****                             UART_OSDP_READER_RXSTATUS_MASK_REG  &= (uint8)~UART_OSDP_READER_RX_STS_
 160:.\Generated_Source\PSoC5/UART_OSDP_READER_INT.c ****                             CyIntClearPending(UART_OSDP_READER_RX_VECT_NUM);
 161:.\Generated_Source\PSoC5/UART_OSDP_READER_INT.c ****                             break; /* Break the reading of the FIFO loop, leave the data there for 
 162:.\Generated_Source\PSoC5/UART_OSDP_READER_INT.c ****                         #endif /* (UART_OSDP_READER_FLOW_CONTROL != 0u) */
 163:.\Generated_Source\PSoC5/UART_OSDP_READER_INT.c ****                     }
 164:.\Generated_Source\PSoC5/UART_OSDP_READER_INT.c ****                 }
 165:.\Generated_Source\PSoC5/UART_OSDP_READER_INT.c ****             }
 166:.\Generated_Source\PSoC5/UART_OSDP_READER_INT.c ****         }while((readStatus & UART_OSDP_READER_RX_STS_FIFO_NOTEMPTY) != 0u);
 138              		.loc 1 166 0
 139 00a4 BB79     		ldrb	r3, [r7, #6]	@ zero_extendqisi2
 140 00a6 03F02003 		and	r3, r3, #32
 141 00aa 002B     		cmp	r3, #0
 142 00ac ADD1     		bne	.L6
 167:.\Generated_Source\PSoC5/UART_OSDP_READER_INT.c **** 
 168:.\Generated_Source\PSoC5/UART_OSDP_READER_INT.c ****         /* User code required at end of ISR (Optional) */
 169:.\Generated_Source\PSoC5/UART_OSDP_READER_INT.c ****         /* `#START UART_OSDP_READER_RXISR_END` */
 170:.\Generated_Source\PSoC5/UART_OSDP_READER_INT.c **** 
 171:.\Generated_Source\PSoC5/UART_OSDP_READER_INT.c ****         /* `#END` */
 172:.\Generated_Source\PSoC5/UART_OSDP_READER_INT.c **** 
 173:.\Generated_Source\PSoC5/UART_OSDP_READER_INT.c ****     #if(CY_PSOC3)
 174:.\Generated_Source\PSoC5/UART_OSDP_READER_INT.c ****         EA = int_en;
 175:.\Generated_Source\PSoC5/UART_OSDP_READER_INT.c ****     #endif /* (CY_PSOC3) */
 176:.\Generated_Source\PSoC5/UART_OSDP_READER_INT.c ****     }
 143              		.loc 1 176 0
 144 00ae 0C37     		adds	r7, r7, #12
 145 00b0 BD46     		mov	sp, r7
 146              		@ sp needed
 147 00b2 5DF8047B 		ldr	r7, [sp], #4
 148 00b6 7047     		bx	lr
 149              	.L8:
 150              		.align	2
 151              	.L7:
 152 00b8 67640040 		.word	1073767527
 153 00bc 00000000 		.word	UART_OSDP_READER_errorStatus
 154 00c0 47640040 		.word	1073767495
 155 00c4 00000000 		.word	UART_OSDP_READER_rxBufferWrite
 156 00c8 00000000 		.word	UART_OSDP_READER_rxBuffer
 157 00cc 00000000 		.word	UART_OSDP_READER_rxBufferLoopDetect
 158 00d0 00000000 		.word	UART_OSDP_READER_rxBufferOverflow
 159 00d4 00000000 		.word	UART_OSDP_READER_rxBufferRead
 160              		.cfi_endproc
 161              	.LFE0:
 162              		.size	UART_OSDP_READER_RXISR, .-UART_OSDP_READER_RXISR
 163              		.text
 164              	.Letext0:
 165              		.file 2 ".\\Generated_Source\\PSoC5\\cytypes.h"
ARM GAS  C:\Users\Yiquing\AppData\Local\Temp\ccWsezBq.s 			page 7


 166              		.file 3 ".\\Generated_Source\\PSoC5\\UART_OSDP_READER.h"
 167              		.section	.debug_info,"",%progbits
 168              	.Ldebug_info0:
 169 0000 3D010000 		.4byte	0x13d
 170 0004 0400     		.2byte	0x4
 171 0006 00000000 		.4byte	.Ldebug_abbrev0
 172 000a 04       		.byte	0x4
 173 000b 01       		.uleb128 0x1
 174 000c 18020000 		.4byte	.LASF24
 175 0010 01       		.byte	0x1
 176 0011 0E000000 		.4byte	.LASF25
 177 0015 81000000 		.4byte	.LASF26
 178 0019 00000000 		.4byte	.Ldebug_ranges0+0
 179 001d 00000000 		.4byte	0
 180 0021 00000000 		.4byte	.Ldebug_line0
 181 0025 02       		.uleb128 0x2
 182 0026 01       		.byte	0x1
 183 0027 06       		.byte	0x6
 184 0028 D4010000 		.4byte	.LASF0
 185 002c 02       		.uleb128 0x2
 186 002d 01       		.byte	0x1
 187 002e 08       		.byte	0x8
 188 002f 7A010000 		.4byte	.LASF1
 189 0033 02       		.uleb128 0x2
 190 0034 02       		.byte	0x2
 191 0035 05       		.byte	0x5
 192 0036 0E020000 		.4byte	.LASF2
 193 003a 02       		.uleb128 0x2
 194 003b 02       		.byte	0x2
 195 003c 07       		.byte	0x7
 196 003d C1010000 		.4byte	.LASF3
 197 0041 02       		.uleb128 0x2
 198 0042 04       		.byte	0x4
 199 0043 05       		.byte	0x5
 200 0044 AC010000 		.4byte	.LASF4
 201 0048 02       		.uleb128 0x2
 202 0049 04       		.byte	0x4
 203 004a 07       		.byte	0x7
 204 004b FA000000 		.4byte	.LASF5
 205 004f 02       		.uleb128 0x2
 206 0050 08       		.byte	0x8
 207 0051 05       		.byte	0x5
 208 0052 00000000 		.4byte	.LASF6
 209 0056 02       		.uleb128 0x2
 210 0057 08       		.byte	0x8
 211 0058 07       		.byte	0x7
 212 0059 2A010000 		.4byte	.LASF7
 213 005d 03       		.uleb128 0x3
 214 005e 04       		.byte	0x4
 215 005f 05       		.byte	0x5
 216 0060 696E7400 		.ascii	"int\000"
 217 0064 02       		.uleb128 0x2
 218 0065 04       		.byte	0x4
 219 0066 07       		.byte	0x7
 220 0067 3E000000 		.4byte	.LASF8
 221 006b 04       		.uleb128 0x4
 222 006c F4000000 		.4byte	.LASF12
ARM GAS  C:\Users\Yiquing\AppData\Local\Temp\ccWsezBq.s 			page 8


 223 0070 02       		.byte	0x2
 224 0071 B3       		.byte	0xb3
 225 0072 2C000000 		.4byte	0x2c
 226 0076 02       		.uleb128 0x2
 227 0077 04       		.byte	0x4
 228 0078 04       		.byte	0x4
 229 0079 08020000 		.4byte	.LASF9
 230 007d 02       		.uleb128 0x2
 231 007e 08       		.byte	0x8
 232 007f 04       		.byte	0x4
 233 0080 BA010000 		.4byte	.LASF10
 234 0084 02       		.uleb128 0x2
 235 0085 01       		.byte	0x1
 236 0086 08       		.byte	0x8
 237 0087 88010000 		.4byte	.LASF11
 238 008b 05       		.uleb128 0x5
 239 008c B5010000 		.4byte	.LASF13
 240 0090 02       		.byte	0x2
 241 0091 5D01     		.2byte	0x15d
 242 0093 97000000 		.4byte	0x97
 243 0097 06       		.uleb128 0x6
 244 0098 6B000000 		.4byte	0x6b
 245 009c 02       		.uleb128 0x2
 246 009d 04       		.byte	0x4
 247 009e 07       		.byte	0x7
 248 009f 9D020000 		.4byte	.LASF14
 249 00a3 07       		.uleb128 0x7
 250 00a4 63010000 		.4byte	.LASF27
 251 00a8 01       		.byte	0x1
 252 00a9 3A       		.byte	0x3a
 253 00aa 00000000 		.4byte	.LFB0
 254 00ae D8000000 		.4byte	.LFE0-.LFB0
 255 00b2 01       		.uleb128 0x1
 256 00b3 9C       		.byte	0x9c
 257 00b4 E3000000 		.4byte	0xe3
 258 00b8 08       		.uleb128 0x8
 259 00b9 94020000 		.4byte	.LASF15
 260 00bd 01       		.byte	0x1
 261 00be 3C       		.byte	0x3c
 262 00bf 6B000000 		.4byte	0x6b
 263 00c3 02       		.uleb128 0x2
 264 00c4 91       		.byte	0x91
 265 00c5 75       		.sleb128 -11
 266 00c6 08       		.uleb128 0x8
 267 00c7 E0010000 		.4byte	.LASF16
 268 00cb 01       		.byte	0x1
 269 00cc 3D       		.byte	0x3d
 270 00cd 6B000000 		.4byte	0x6b
 271 00d1 02       		.uleb128 0x2
 272 00d2 91       		.byte	0x91
 273 00d3 76       		.sleb128 -10
 274 00d4 08       		.uleb128 0x8
 275 00d5 6F000000 		.4byte	.LASF17
 276 00d9 01       		.byte	0x1
 277 00da 3E       		.byte	0x3e
 278 00db 6B000000 		.4byte	0x6b
 279 00df 02       		.uleb128 0x2
ARM GAS  C:\Users\Yiquing\AppData\Local\Temp\ccWsezBq.s 			page 9


 280 00e0 91       		.byte	0x91
 281 00e1 77       		.sleb128 -9
 282 00e2 00       		.byte	0
 283 00e3 09       		.uleb128 0x9
 284 00e4 EB010000 		.4byte	.LASF18
 285 00e8 03       		.byte	0x3
 286 00e9 3D01     		.2byte	0x13d
 287 00eb 6B000000 		.4byte	0x6b
 288 00ef 0A       		.uleb128 0xa
 289 00f0 6B000000 		.4byte	0x6b
 290 00f4 FF000000 		.4byte	0xff
 291 00f8 0B       		.uleb128 0xb
 292 00f9 9C000000 		.4byte	0x9c
 293 00fd 7F       		.byte	0x7f
 294 00fe 00       		.byte	0
 295 00ff 09       		.uleb128 0x9
 296 0100 DA000000 		.4byte	.LASF19
 297 0104 03       		.byte	0x3
 298 0105 3E01     		.2byte	0x13e
 299 0107 0B010000 		.4byte	0x10b
 300 010b 06       		.uleb128 0x6
 301 010c EF000000 		.4byte	0xef
 302 0110 09       		.uleb128 0x9
 303 0111 0C010000 		.4byte	.LASF20
 304 0115 03       		.byte	0x3
 305 0116 3F01     		.2byte	0x13f
 306 0118 97000000 		.4byte	0x97
 307 011c 09       		.uleb128 0x9
 308 011d 8D010000 		.4byte	.LASF21
 309 0121 03       		.byte	0x3
 310 0122 4001     		.2byte	0x140
 311 0124 97000000 		.4byte	0x97
 312 0128 09       		.uleb128 0x9
 313 0129 4B000000 		.4byte	.LASF22
 314 012d 03       		.byte	0x3
 315 012e 4101     		.2byte	0x141
 316 0130 97000000 		.4byte	0x97
 317 0134 09       		.uleb128 0x9
 318 0135 41010000 		.4byte	.LASF23
 319 0139 03       		.byte	0x3
 320 013a 4201     		.2byte	0x142
 321 013c 97000000 		.4byte	0x97
 322 0140 00       		.byte	0
 323              		.section	.debug_abbrev,"",%progbits
 324              	.Ldebug_abbrev0:
 325 0000 01       		.uleb128 0x1
 326 0001 11       		.uleb128 0x11
 327 0002 01       		.byte	0x1
 328 0003 25       		.uleb128 0x25
 329 0004 0E       		.uleb128 0xe
 330 0005 13       		.uleb128 0x13
 331 0006 0B       		.uleb128 0xb
 332 0007 03       		.uleb128 0x3
 333 0008 0E       		.uleb128 0xe
 334 0009 1B       		.uleb128 0x1b
 335 000a 0E       		.uleb128 0xe
 336 000b 55       		.uleb128 0x55
ARM GAS  C:\Users\Yiquing\AppData\Local\Temp\ccWsezBq.s 			page 10


 337 000c 17       		.uleb128 0x17
 338 000d 11       		.uleb128 0x11
 339 000e 01       		.uleb128 0x1
 340 000f 10       		.uleb128 0x10
 341 0010 17       		.uleb128 0x17
 342 0011 00       		.byte	0
 343 0012 00       		.byte	0
 344 0013 02       		.uleb128 0x2
 345 0014 24       		.uleb128 0x24
 346 0015 00       		.byte	0
 347 0016 0B       		.uleb128 0xb
 348 0017 0B       		.uleb128 0xb
 349 0018 3E       		.uleb128 0x3e
 350 0019 0B       		.uleb128 0xb
 351 001a 03       		.uleb128 0x3
 352 001b 0E       		.uleb128 0xe
 353 001c 00       		.byte	0
 354 001d 00       		.byte	0
 355 001e 03       		.uleb128 0x3
 356 001f 24       		.uleb128 0x24
 357 0020 00       		.byte	0
 358 0021 0B       		.uleb128 0xb
 359 0022 0B       		.uleb128 0xb
 360 0023 3E       		.uleb128 0x3e
 361 0024 0B       		.uleb128 0xb
 362 0025 03       		.uleb128 0x3
 363 0026 08       		.uleb128 0x8
 364 0027 00       		.byte	0
 365 0028 00       		.byte	0
 366 0029 04       		.uleb128 0x4
 367 002a 16       		.uleb128 0x16
 368 002b 00       		.byte	0
 369 002c 03       		.uleb128 0x3
 370 002d 0E       		.uleb128 0xe
 371 002e 3A       		.uleb128 0x3a
 372 002f 0B       		.uleb128 0xb
 373 0030 3B       		.uleb128 0x3b
 374 0031 0B       		.uleb128 0xb
 375 0032 49       		.uleb128 0x49
 376 0033 13       		.uleb128 0x13
 377 0034 00       		.byte	0
 378 0035 00       		.byte	0
 379 0036 05       		.uleb128 0x5
 380 0037 16       		.uleb128 0x16
 381 0038 00       		.byte	0
 382 0039 03       		.uleb128 0x3
 383 003a 0E       		.uleb128 0xe
 384 003b 3A       		.uleb128 0x3a
 385 003c 0B       		.uleb128 0xb
 386 003d 3B       		.uleb128 0x3b
 387 003e 05       		.uleb128 0x5
 388 003f 49       		.uleb128 0x49
 389 0040 13       		.uleb128 0x13
 390 0041 00       		.byte	0
 391 0042 00       		.byte	0
 392 0043 06       		.uleb128 0x6
 393 0044 35       		.uleb128 0x35
ARM GAS  C:\Users\Yiquing\AppData\Local\Temp\ccWsezBq.s 			page 11


 394 0045 00       		.byte	0
 395 0046 49       		.uleb128 0x49
 396 0047 13       		.uleb128 0x13
 397 0048 00       		.byte	0
 398 0049 00       		.byte	0
 399 004a 07       		.uleb128 0x7
 400 004b 2E       		.uleb128 0x2e
 401 004c 01       		.byte	0x1
 402 004d 3F       		.uleb128 0x3f
 403 004e 19       		.uleb128 0x19
 404 004f 03       		.uleb128 0x3
 405 0050 0E       		.uleb128 0xe
 406 0051 3A       		.uleb128 0x3a
 407 0052 0B       		.uleb128 0xb
 408 0053 3B       		.uleb128 0x3b
 409 0054 0B       		.uleb128 0xb
 410 0055 27       		.uleb128 0x27
 411 0056 19       		.uleb128 0x19
 412 0057 11       		.uleb128 0x11
 413 0058 01       		.uleb128 0x1
 414 0059 12       		.uleb128 0x12
 415 005a 06       		.uleb128 0x6
 416 005b 40       		.uleb128 0x40
 417 005c 18       		.uleb128 0x18
 418 005d 9742     		.uleb128 0x2117
 419 005f 19       		.uleb128 0x19
 420 0060 01       		.uleb128 0x1
 421 0061 13       		.uleb128 0x13
 422 0062 00       		.byte	0
 423 0063 00       		.byte	0
 424 0064 08       		.uleb128 0x8
 425 0065 34       		.uleb128 0x34
 426 0066 00       		.byte	0
 427 0067 03       		.uleb128 0x3
 428 0068 0E       		.uleb128 0xe
 429 0069 3A       		.uleb128 0x3a
 430 006a 0B       		.uleb128 0xb
 431 006b 3B       		.uleb128 0x3b
 432 006c 0B       		.uleb128 0xb
 433 006d 49       		.uleb128 0x49
 434 006e 13       		.uleb128 0x13
 435 006f 02       		.uleb128 0x2
 436 0070 18       		.uleb128 0x18
 437 0071 00       		.byte	0
 438 0072 00       		.byte	0
 439 0073 09       		.uleb128 0x9
 440 0074 34       		.uleb128 0x34
 441 0075 00       		.byte	0
 442 0076 03       		.uleb128 0x3
 443 0077 0E       		.uleb128 0xe
 444 0078 3A       		.uleb128 0x3a
 445 0079 0B       		.uleb128 0xb
 446 007a 3B       		.uleb128 0x3b
 447 007b 05       		.uleb128 0x5
 448 007c 49       		.uleb128 0x49
 449 007d 13       		.uleb128 0x13
 450 007e 3F       		.uleb128 0x3f
ARM GAS  C:\Users\Yiquing\AppData\Local\Temp\ccWsezBq.s 			page 12


 451 007f 19       		.uleb128 0x19
 452 0080 3C       		.uleb128 0x3c
 453 0081 19       		.uleb128 0x19
 454 0082 00       		.byte	0
 455 0083 00       		.byte	0
 456 0084 0A       		.uleb128 0xa
 457 0085 01       		.uleb128 0x1
 458 0086 01       		.byte	0x1
 459 0087 49       		.uleb128 0x49
 460 0088 13       		.uleb128 0x13
 461 0089 01       		.uleb128 0x1
 462 008a 13       		.uleb128 0x13
 463 008b 00       		.byte	0
 464 008c 00       		.byte	0
 465 008d 0B       		.uleb128 0xb
 466 008e 21       		.uleb128 0x21
 467 008f 00       		.byte	0
 468 0090 49       		.uleb128 0x49
 469 0091 13       		.uleb128 0x13
 470 0092 2F       		.uleb128 0x2f
 471 0093 0B       		.uleb128 0xb
 472 0094 00       		.byte	0
 473 0095 00       		.byte	0
 474 0096 00       		.byte	0
 475              		.section	.debug_aranges,"",%progbits
 476 0000 1C000000 		.4byte	0x1c
 477 0004 0200     		.2byte	0x2
 478 0006 00000000 		.4byte	.Ldebug_info0
 479 000a 04       		.byte	0x4
 480 000b 00       		.byte	0
 481 000c 0000     		.2byte	0
 482 000e 0000     		.2byte	0
 483 0010 00000000 		.4byte	.LFB0
 484 0014 D8000000 		.4byte	.LFE0-.LFB0
 485 0018 00000000 		.4byte	0
 486 001c 00000000 		.4byte	0
 487              		.section	.debug_ranges,"",%progbits
 488              	.Ldebug_ranges0:
 489 0000 00000000 		.4byte	.LFB0
 490 0004 D8000000 		.4byte	.LFE0
 491 0008 00000000 		.4byte	0
 492 000c 00000000 		.4byte	0
 493              		.section	.debug_line,"",%progbits
 494              	.Ldebug_line0:
 495 0000 9C000000 		.section	.debug_str,"MS",%progbits,1
 495      02006900 
 495      00000201 
 495      FB0E0D00 
 495      01010101 
 496              	.LASF6:
 497 0000 6C6F6E67 		.ascii	"long long int\000"
 497      206C6F6E 
 497      6720696E 
 497      7400
 498              	.LASF25:
 499 000e 2E5C4765 		.ascii	".\\Generated_Source\\PSoC5\\UART_OSDP_READER_INT.c\000"
 499      6E657261 
ARM GAS  C:\Users\Yiquing\AppData\Local\Temp\ccWsezBq.s 			page 13


 499      7465645F 
 499      536F7572 
 499      63655C50 
 500              	.LASF8:
 501 003e 756E7369 		.ascii	"unsigned int\000"
 501      676E6564 
 501      20696E74 
 501      00
 502              	.LASF22:
 503 004b 55415254 		.ascii	"UART_OSDP_READER_rxBufferLoopDetect\000"
 503      5F4F5344 
 503      505F5245 
 503      41444552 
 503      5F727842 
 504              	.LASF17:
 505 006f 696E6372 		.ascii	"increment_pointer\000"
 505      656D656E 
 505      745F706F 
 505      696E7465 
 505      7200
 506              	.LASF26:
 507 0081 433A5C55 		.ascii	"C:\\Users\\Yiquing\\Documents\\works\\NanoNXT\\osdp"
 507      73657273 
 507      5C596971 
 507      75696E67 
 507      5C446F63 
 508 00ae 20746573 		.ascii	" testing\\YQ\\nanoNxt_ICM3\\nanoNxt_ICM3.cydsn\000"
 508      74696E67 
 508      5C59515C 
 508      6E616E6F 
 508      4E78745F 
 509              	.LASF19:
 510 00da 55415254 		.ascii	"UART_OSDP_READER_rxBuffer\000"
 510      5F4F5344 
 510      505F5245 
 510      41444552 
 510      5F727842 
 511              	.LASF12:
 512 00f4 75696E74 		.ascii	"uint8\000"
 512      3800
 513              	.LASF5:
 514 00fa 6C6F6E67 		.ascii	"long unsigned int\000"
 514      20756E73 
 514      69676E65 
 514      6420696E 
 514      7400
 515              	.LASF20:
 516 010c 55415254 		.ascii	"UART_OSDP_READER_rxBufferRead\000"
 516      5F4F5344 
 516      505F5245 
 516      41444552 
 516      5F727842 
 517              	.LASF7:
 518 012a 6C6F6E67 		.ascii	"long long unsigned int\000"
 518      206C6F6E 
 518      6720756E 
 518      7369676E 
ARM GAS  C:\Users\Yiquing\AppData\Local\Temp\ccWsezBq.s 			page 14


 518      65642069 
 519              	.LASF23:
 520 0141 55415254 		.ascii	"UART_OSDP_READER_rxBufferOverflow\000"
 520      5F4F5344 
 520      505F5245 
 520      41444552 
 520      5F727842 
 521              	.LASF27:
 522 0163 55415254 		.ascii	"UART_OSDP_READER_RXISR\000"
 522      5F4F5344 
 522      505F5245 
 522      41444552 
 522      5F525849 
 523              	.LASF1:
 524 017a 756E7369 		.ascii	"unsigned char\000"
 524      676E6564 
 524      20636861 
 524      7200
 525              	.LASF11:
 526 0188 63686172 		.ascii	"char\000"
 526      00
 527              	.LASF21:
 528 018d 55415254 		.ascii	"UART_OSDP_READER_rxBufferWrite\000"
 528      5F4F5344 
 528      505F5245 
 528      41444552 
 528      5F727842 
 529              	.LASF4:
 530 01ac 6C6F6E67 		.ascii	"long int\000"
 530      20696E74 
 530      00
 531              	.LASF13:
 532 01b5 72656738 		.ascii	"reg8\000"
 532      00
 533              	.LASF10:
 534 01ba 646F7562 		.ascii	"double\000"
 534      6C6500
 535              	.LASF3:
 536 01c1 73686F72 		.ascii	"short unsigned int\000"
 536      7420756E 
 536      7369676E 
 536      65642069 
 536      6E7400
 537              	.LASF0:
 538 01d4 7369676E 		.ascii	"signed char\000"
 538      65642063 
 538      68617200 
 539              	.LASF16:
 540 01e0 72656164 		.ascii	"readStatus\000"
 540      53746174 
 540      757300
 541              	.LASF18:
 542 01eb 55415254 		.ascii	"UART_OSDP_READER_errorStatus\000"
 542      5F4F5344 
 542      505F5245 
 542      41444552 
 542      5F657272 
ARM GAS  C:\Users\Yiquing\AppData\Local\Temp\ccWsezBq.s 			page 15


 543              	.LASF9:
 544 0208 666C6F61 		.ascii	"float\000"
 544      7400
 545              	.LASF2:
 546 020e 73686F72 		.ascii	"short int\000"
 546      7420696E 
 546      7400
 547              	.LASF24:
 548 0218 474E5520 		.ascii	"GNU C 4.8.4 20140526 (release) [ARM/embedded-4_8-br"
 548      4320342E 
 548      382E3420 
 548      32303134 
 548      30353236 
 549 024b 616E6368 		.ascii	"anch revision 211358] -mcpu=cortex-m3 -mthumb -g -O"
 549      20726576 
 549      6973696F 
 549      6E203231 
 549      31333538 
 550 027e 30202D66 		.ascii	"0 -ffunction-sections\000"
 550      66756E63 
 550      74696F6E 
 550      2D736563 
 550      74696F6E 
 551              	.LASF15:
 552 0294 72656164 		.ascii	"readData\000"
 552      44617461 
 552      00
 553              	.LASF14:
 554 029d 73697A65 		.ascii	"sizetype\000"
 554      74797065 
 554      00
 555              		.ident	"GCC: (GNU Tools for ARM Embedded Processors) 4.8.4 20140526 (release) [ARM/embedded-4_8-br
