ARM GAS  C:\Users\Rajesh\AppData\Local\Temp\ccNfgTwS.s 			page 1


   1              		.syntax unified
   2              		.cpu cortex-m0
   3              		.fpu softvfp
   4              		.eabi_attribute 20, 1
   5              		.eabi_attribute 21, 1
   6              		.eabi_attribute 23, 3
   7              		.eabi_attribute 24, 1
   8              		.eabi_attribute 25, 1
   9              		.eabi_attribute 26, 1
  10              		.eabi_attribute 30, 2
  11              		.eabi_attribute 34, 0
  12              		.eabi_attribute 18, 4
  13              		.thumb
  14              		.syntax unified
  15              		.file	"Control_Trig.c"
  16              		.text
  17              	.Ltext0:
  18              		.cfi_sections	.debug_frame
  19              		.section	.text.Control_Trig_Write,"ax",%progbits
  20              		.align	2
  21              		.global	Control_Trig_Write
  22              		.code	16
  23              		.thumb_func
  24              		.type	Control_Trig_Write, %function
  25              	Control_Trig_Write:
  26              	.LFB0:
  27              		.file 1 "Generated_Source\\PSoC4\\Control_Trig.c"
   1:Generated_Source\PSoC4/Control_Trig.c **** /*******************************************************************************
   2:Generated_Source\PSoC4/Control_Trig.c **** * File Name: Control_Trig.c  
   3:Generated_Source\PSoC4/Control_Trig.c **** * Version 1.80
   4:Generated_Source\PSoC4/Control_Trig.c **** *
   5:Generated_Source\PSoC4/Control_Trig.c **** * Description:
   6:Generated_Source\PSoC4/Control_Trig.c **** *  This file contains API to enable firmware control of a Control Register.
   7:Generated_Source\PSoC4/Control_Trig.c **** *
   8:Generated_Source\PSoC4/Control_Trig.c **** * Note:
   9:Generated_Source\PSoC4/Control_Trig.c **** *
  10:Generated_Source\PSoC4/Control_Trig.c **** ********************************************************************************
  11:Generated_Source\PSoC4/Control_Trig.c **** * Copyright 2008-2015, Cypress Semiconductor Corporation.  All rights reserved.
  12:Generated_Source\PSoC4/Control_Trig.c **** * You may use this file only in accordance with the license, terms, conditions, 
  13:Generated_Source\PSoC4/Control_Trig.c **** * disclaimers, and limitations in the end user license agreement accompanying 
  14:Generated_Source\PSoC4/Control_Trig.c **** * the software package with which this file was provided.
  15:Generated_Source\PSoC4/Control_Trig.c **** *******************************************************************************/
  16:Generated_Source\PSoC4/Control_Trig.c **** 
  17:Generated_Source\PSoC4/Control_Trig.c **** #include "Control_Trig.h"
  18:Generated_Source\PSoC4/Control_Trig.c **** 
  19:Generated_Source\PSoC4/Control_Trig.c **** /* Check for removal by optimization */
  20:Generated_Source\PSoC4/Control_Trig.c **** #if !defined(Control_Trig_Sync_ctrl_reg__REMOVED)
  21:Generated_Source\PSoC4/Control_Trig.c **** 
  22:Generated_Source\PSoC4/Control_Trig.c ****     
  23:Generated_Source\PSoC4/Control_Trig.c **** /*******************************************************************************
  24:Generated_Source\PSoC4/Control_Trig.c **** * Function Name: Control_Trig_Write
  25:Generated_Source\PSoC4/Control_Trig.c **** ********************************************************************************
  26:Generated_Source\PSoC4/Control_Trig.c **** *
  27:Generated_Source\PSoC4/Control_Trig.c **** * Summary:
  28:Generated_Source\PSoC4/Control_Trig.c **** *  Write a byte to the Control Register.
  29:Generated_Source\PSoC4/Control_Trig.c **** *
  30:Generated_Source\PSoC4/Control_Trig.c **** * Parameters:
ARM GAS  C:\Users\Rajesh\AppData\Local\Temp\ccNfgTwS.s 			page 2


  31:Generated_Source\PSoC4/Control_Trig.c **** *  control:  The value to be assigned to the Control Register.
  32:Generated_Source\PSoC4/Control_Trig.c **** *
  33:Generated_Source\PSoC4/Control_Trig.c **** * Return:
  34:Generated_Source\PSoC4/Control_Trig.c **** *  None.
  35:Generated_Source\PSoC4/Control_Trig.c **** *
  36:Generated_Source\PSoC4/Control_Trig.c **** *******************************************************************************/
  37:Generated_Source\PSoC4/Control_Trig.c **** void Control_Trig_Write(uint8 control) 
  38:Generated_Source\PSoC4/Control_Trig.c **** {
  28              		.loc 1 38 0
  29              		.cfi_startproc
  30              		@ args = 0, pretend = 0, frame = 0
  31              		@ frame_needed = 0, uses_anonymous_args = 0
  32              		@ link register save eliminated.
  33              	.LVL0:
  39:Generated_Source\PSoC4/Control_Trig.c ****     Control_Trig_Control = control;
  34              		.loc 1 39 0
  35 0000 014B     		ldr	r3, .L2
  40:Generated_Source\PSoC4/Control_Trig.c **** }
  36              		.loc 1 40 0
  37              		@ sp needed
  39:Generated_Source\PSoC4/Control_Trig.c ****     Control_Trig_Control = control;
  38              		.loc 1 39 0
  39 0002 1870     		strb	r0, [r3]
  40              		.loc 1 40 0
  41 0004 7047     		bx	lr
  42              	.L3:
  43 0006 C046     		.align	2
  44              	.L2:
  45 0008 70000F40 		.word	1074724976
  46              		.cfi_endproc
  47              	.LFE0:
  48              		.size	Control_Trig_Write, .-Control_Trig_Write
  49              		.section	.text.Control_Trig_Read,"ax",%progbits
  50              		.align	2
  51              		.global	Control_Trig_Read
  52              		.code	16
  53              		.thumb_func
  54              		.type	Control_Trig_Read, %function
  55              	Control_Trig_Read:
  56              	.LFB1:
  41:Generated_Source\PSoC4/Control_Trig.c **** 
  42:Generated_Source\PSoC4/Control_Trig.c **** 
  43:Generated_Source\PSoC4/Control_Trig.c **** /*******************************************************************************
  44:Generated_Source\PSoC4/Control_Trig.c **** * Function Name: Control_Trig_Read
  45:Generated_Source\PSoC4/Control_Trig.c **** ********************************************************************************
  46:Generated_Source\PSoC4/Control_Trig.c **** *
  47:Generated_Source\PSoC4/Control_Trig.c **** * Summary:
  48:Generated_Source\PSoC4/Control_Trig.c **** *  Reads the current value assigned to the Control Register.
  49:Generated_Source\PSoC4/Control_Trig.c **** *
  50:Generated_Source\PSoC4/Control_Trig.c **** * Parameters:
  51:Generated_Source\PSoC4/Control_Trig.c **** *  None.
  52:Generated_Source\PSoC4/Control_Trig.c **** *
  53:Generated_Source\PSoC4/Control_Trig.c **** * Return:
  54:Generated_Source\PSoC4/Control_Trig.c **** *  Returns the current value in the Control Register.
  55:Generated_Source\PSoC4/Control_Trig.c **** *
  56:Generated_Source\PSoC4/Control_Trig.c **** *******************************************************************************/
  57:Generated_Source\PSoC4/Control_Trig.c **** uint8 Control_Trig_Read(void) 
ARM GAS  C:\Users\Rajesh\AppData\Local\Temp\ccNfgTwS.s 			page 3


  58:Generated_Source\PSoC4/Control_Trig.c **** {
  57              		.loc 1 58 0
  58              		.cfi_startproc
  59              		@ args = 0, pretend = 0, frame = 0
  60              		@ frame_needed = 0, uses_anonymous_args = 0
  61              		@ link register save eliminated.
  59:Generated_Source\PSoC4/Control_Trig.c ****     return Control_Trig_Control;
  62              		.loc 1 59 0
  63 0000 014B     		ldr	r3, .L5
  60:Generated_Source\PSoC4/Control_Trig.c **** }
  64              		.loc 1 60 0
  65              		@ sp needed
  59:Generated_Source\PSoC4/Control_Trig.c ****     return Control_Trig_Control;
  66              		.loc 1 59 0
  67 0002 1878     		ldrb	r0, [r3]
  68 0004 C0B2     		uxtb	r0, r0
  69              		.loc 1 60 0
  70 0006 7047     		bx	lr
  71              	.L6:
  72              		.align	2
  73              	.L5:
  74 0008 70000F40 		.word	1074724976
  75              		.cfi_endproc
  76              	.LFE1:
  77              		.size	Control_Trig_Read, .-Control_Trig_Read
  78              		.text
  79              	.Letext0:
  80              		.file 2 "Generated_Source\\PSoC4\\cytypes.h"
  81              		.section	.debug_info,"",%progbits
  82              	.Ldebug_info0:
  83 0000 D2000000 		.4byte	0xd2
  84 0004 0400     		.2byte	0x4
  85 0006 00000000 		.4byte	.Ldebug_abbrev0
  86 000a 04       		.byte	0x4
  87 000b 01       		.uleb128 0x1
  88 000c 73000000 		.4byte	.LASF14
  89 0010 0C       		.byte	0xc
  90 0011 07000000 		.4byte	.LASF15
  91 0015 01010000 		.4byte	.LASF16
  92 0019 00000000 		.4byte	.Ldebug_ranges0+0
  93 001d 00000000 		.4byte	0
  94 0021 00000000 		.4byte	.Ldebug_line0
  95 0025 02       		.uleb128 0x2
  96 0026 01       		.byte	0x1
  97 0027 06       		.byte	0x6
  98 0028 7F010000 		.4byte	.LASF0
  99 002c 02       		.uleb128 0x2
 100 002d 01       		.byte	0x1
 101 002e 08       		.byte	0x8
 102 002f 33000000 		.4byte	.LASF1
 103 0033 02       		.uleb128 0x2
 104 0034 02       		.byte	0x2
 105 0035 05       		.byte	0x5
 106 0036 66010000 		.4byte	.LASF2
 107 003a 02       		.uleb128 0x2
 108 003b 02       		.byte	0x2
 109 003c 07       		.byte	0x7
ARM GAS  C:\Users\Rajesh\AppData\Local\Temp\ccNfgTwS.s 			page 4


 110 003d 58000000 		.4byte	.LASF3
 111 0041 02       		.uleb128 0x2
 112 0042 04       		.byte	0x4
 113 0043 05       		.byte	0x5
 114 0044 76010000 		.4byte	.LASF4
 115 0048 02       		.uleb128 0x2
 116 0049 04       		.byte	0x4
 117 004a 07       		.byte	0x7
 118 004b 46000000 		.4byte	.LASF5
 119 004f 02       		.uleb128 0x2
 120 0050 08       		.byte	0x8
 121 0051 05       		.byte	0x5
 122 0052 41010000 		.4byte	.LASF6
 123 0056 02       		.uleb128 0x2
 124 0057 08       		.byte	0x8
 125 0058 07       		.byte	0x7
 126 0059 2A010000 		.4byte	.LASF7
 127 005d 03       		.uleb128 0x3
 128 005e 04       		.byte	0x4
 129 005f 05       		.byte	0x5
 130 0060 696E7400 		.ascii	"int\000"
 131 0064 02       		.uleb128 0x2
 132 0065 04       		.byte	0x4
 133 0066 07       		.byte	0x7
 134 0067 1D010000 		.4byte	.LASF8
 135 006b 04       		.uleb128 0x4
 136 006c 70010000 		.4byte	.LASF12
 137 0070 02       		.byte	0x2
 138 0071 D201     		.2byte	0x1d2
 139 0073 2C000000 		.4byte	0x2c
 140 0077 02       		.uleb128 0x2
 141 0078 04       		.byte	0x4
 142 0079 04       		.byte	0x4
 143 007a 2D000000 		.4byte	.LASF9
 144 007e 02       		.uleb128 0x2
 145 007f 08       		.byte	0x8
 146 0080 04       		.byte	0x4
 147 0081 00000000 		.4byte	.LASF10
 148 0085 02       		.uleb128 0x2
 149 0086 01       		.byte	0x1
 150 0087 08       		.byte	0x8
 151 0088 61010000 		.4byte	.LASF11
 152 008c 04       		.uleb128 0x4
 153 008d 41000000 		.4byte	.LASF13
 154 0091 02       		.byte	0x2
 155 0092 7C02     		.2byte	0x27c
 156 0094 98000000 		.4byte	0x98
 157 0098 05       		.uleb128 0x5
 158 0099 6B000000 		.4byte	0x6b
 159 009d 06       		.uleb128 0x6
 160 009e 8B010000 		.4byte	.LASF17
 161 00a2 01       		.byte	0x1
 162 00a3 25       		.byte	0x25
 163 00a4 00000000 		.4byte	.LFB0
 164 00a8 0C000000 		.4byte	.LFE0-.LFB0
 165 00ac 01       		.uleb128 0x1
 166 00ad 9C       		.byte	0x9c
ARM GAS  C:\Users\Rajesh\AppData\Local\Temp\ccNfgTwS.s 			page 5


 167 00ae C0000000 		.4byte	0xc0
 168 00b2 07       		.uleb128 0x7
 169 00b3 6B000000 		.4byte	.LASF18
 170 00b7 01       		.byte	0x1
 171 00b8 25       		.byte	0x25
 172 00b9 6B000000 		.4byte	0x6b
 173 00bd 01       		.uleb128 0x1
 174 00be 50       		.byte	0x50
 175 00bf 00       		.byte	0
 176 00c0 08       		.uleb128 0x8
 177 00c1 4F010000 		.4byte	.LASF19
 178 00c5 01       		.byte	0x1
 179 00c6 39       		.byte	0x39
 180 00c7 6B000000 		.4byte	0x6b
 181 00cb 00000000 		.4byte	.LFB1
 182 00cf 0C000000 		.4byte	.LFE1-.LFB1
 183 00d3 01       		.uleb128 0x1
 184 00d4 9C       		.byte	0x9c
 185 00d5 00       		.byte	0
 186              		.section	.debug_abbrev,"",%progbits
 187              	.Ldebug_abbrev0:
 188 0000 01       		.uleb128 0x1
 189 0001 11       		.uleb128 0x11
 190 0002 01       		.byte	0x1
 191 0003 25       		.uleb128 0x25
 192 0004 0E       		.uleb128 0xe
 193 0005 13       		.uleb128 0x13
 194 0006 0B       		.uleb128 0xb
 195 0007 03       		.uleb128 0x3
 196 0008 0E       		.uleb128 0xe
 197 0009 1B       		.uleb128 0x1b
 198 000a 0E       		.uleb128 0xe
 199 000b 55       		.uleb128 0x55
 200 000c 17       		.uleb128 0x17
 201 000d 11       		.uleb128 0x11
 202 000e 01       		.uleb128 0x1
 203 000f 10       		.uleb128 0x10
 204 0010 17       		.uleb128 0x17
 205 0011 00       		.byte	0
 206 0012 00       		.byte	0
 207 0013 02       		.uleb128 0x2
 208 0014 24       		.uleb128 0x24
 209 0015 00       		.byte	0
 210 0016 0B       		.uleb128 0xb
 211 0017 0B       		.uleb128 0xb
 212 0018 3E       		.uleb128 0x3e
 213 0019 0B       		.uleb128 0xb
 214 001a 03       		.uleb128 0x3
 215 001b 0E       		.uleb128 0xe
 216 001c 00       		.byte	0
 217 001d 00       		.byte	0
 218 001e 03       		.uleb128 0x3
 219 001f 24       		.uleb128 0x24
 220 0020 00       		.byte	0
 221 0021 0B       		.uleb128 0xb
 222 0022 0B       		.uleb128 0xb
 223 0023 3E       		.uleb128 0x3e
ARM GAS  C:\Users\Rajesh\AppData\Local\Temp\ccNfgTwS.s 			page 6


 224 0024 0B       		.uleb128 0xb
 225 0025 03       		.uleb128 0x3
 226 0026 08       		.uleb128 0x8
 227 0027 00       		.byte	0
 228 0028 00       		.byte	0
 229 0029 04       		.uleb128 0x4
 230 002a 16       		.uleb128 0x16
 231 002b 00       		.byte	0
 232 002c 03       		.uleb128 0x3
 233 002d 0E       		.uleb128 0xe
 234 002e 3A       		.uleb128 0x3a
 235 002f 0B       		.uleb128 0xb
 236 0030 3B       		.uleb128 0x3b
 237 0031 05       		.uleb128 0x5
 238 0032 49       		.uleb128 0x49
 239 0033 13       		.uleb128 0x13
 240 0034 00       		.byte	0
 241 0035 00       		.byte	0
 242 0036 05       		.uleb128 0x5
 243 0037 35       		.uleb128 0x35
 244 0038 00       		.byte	0
 245 0039 49       		.uleb128 0x49
 246 003a 13       		.uleb128 0x13
 247 003b 00       		.byte	0
 248 003c 00       		.byte	0
 249 003d 06       		.uleb128 0x6
 250 003e 2E       		.uleb128 0x2e
 251 003f 01       		.byte	0x1
 252 0040 3F       		.uleb128 0x3f
 253 0041 19       		.uleb128 0x19
 254 0042 03       		.uleb128 0x3
 255 0043 0E       		.uleb128 0xe
 256 0044 3A       		.uleb128 0x3a
 257 0045 0B       		.uleb128 0xb
 258 0046 3B       		.uleb128 0x3b
 259 0047 0B       		.uleb128 0xb
 260 0048 27       		.uleb128 0x27
 261 0049 19       		.uleb128 0x19
 262 004a 11       		.uleb128 0x11
 263 004b 01       		.uleb128 0x1
 264 004c 12       		.uleb128 0x12
 265 004d 06       		.uleb128 0x6
 266 004e 40       		.uleb128 0x40
 267 004f 18       		.uleb128 0x18
 268 0050 9742     		.uleb128 0x2117
 269 0052 19       		.uleb128 0x19
 270 0053 01       		.uleb128 0x1
 271 0054 13       		.uleb128 0x13
 272 0055 00       		.byte	0
 273 0056 00       		.byte	0
 274 0057 07       		.uleb128 0x7
 275 0058 05       		.uleb128 0x5
 276 0059 00       		.byte	0
 277 005a 03       		.uleb128 0x3
 278 005b 0E       		.uleb128 0xe
 279 005c 3A       		.uleb128 0x3a
 280 005d 0B       		.uleb128 0xb
ARM GAS  C:\Users\Rajesh\AppData\Local\Temp\ccNfgTwS.s 			page 7


 281 005e 3B       		.uleb128 0x3b
 282 005f 0B       		.uleb128 0xb
 283 0060 49       		.uleb128 0x49
 284 0061 13       		.uleb128 0x13
 285 0062 02       		.uleb128 0x2
 286 0063 18       		.uleb128 0x18
 287 0064 00       		.byte	0
 288 0065 00       		.byte	0
 289 0066 08       		.uleb128 0x8
 290 0067 2E       		.uleb128 0x2e
 291 0068 00       		.byte	0
 292 0069 3F       		.uleb128 0x3f
 293 006a 19       		.uleb128 0x19
 294 006b 03       		.uleb128 0x3
 295 006c 0E       		.uleb128 0xe
 296 006d 3A       		.uleb128 0x3a
 297 006e 0B       		.uleb128 0xb
 298 006f 3B       		.uleb128 0x3b
 299 0070 0B       		.uleb128 0xb
 300 0071 27       		.uleb128 0x27
 301 0072 19       		.uleb128 0x19
 302 0073 49       		.uleb128 0x49
 303 0074 13       		.uleb128 0x13
 304 0075 11       		.uleb128 0x11
 305 0076 01       		.uleb128 0x1
 306 0077 12       		.uleb128 0x12
 307 0078 06       		.uleb128 0x6
 308 0079 40       		.uleb128 0x40
 309 007a 18       		.uleb128 0x18
 310 007b 9742     		.uleb128 0x2117
 311 007d 19       		.uleb128 0x19
 312 007e 00       		.byte	0
 313 007f 00       		.byte	0
 314 0080 00       		.byte	0
 315              		.section	.debug_aranges,"",%progbits
 316 0000 24000000 		.4byte	0x24
 317 0004 0200     		.2byte	0x2
 318 0006 00000000 		.4byte	.Ldebug_info0
 319 000a 04       		.byte	0x4
 320 000b 00       		.byte	0
 321 000c 0000     		.2byte	0
 322 000e 0000     		.2byte	0
 323 0010 00000000 		.4byte	.LFB0
 324 0014 0C000000 		.4byte	.LFE0-.LFB0
 325 0018 00000000 		.4byte	.LFB1
 326 001c 0C000000 		.4byte	.LFE1-.LFB1
 327 0020 00000000 		.4byte	0
 328 0024 00000000 		.4byte	0
 329              		.section	.debug_ranges,"",%progbits
 330              	.Ldebug_ranges0:
 331 0000 00000000 		.4byte	.LFB0
 332 0004 0C000000 		.4byte	.LFE0
 333 0008 00000000 		.4byte	.LFB1
 334 000c 0C000000 		.4byte	.LFE1
 335 0010 00000000 		.4byte	0
 336 0014 00000000 		.4byte	0
 337              		.section	.debug_line,"",%progbits
ARM GAS  C:\Users\Rajesh\AppData\Local\Temp\ccNfgTwS.s 			page 8


 338              	.Ldebug_line0:
 339 0000 75000000 		.section	.debug_str,"MS",%progbits,1
 339      02004900 
 339      00000201 
 339      FB0E0D00 
 339      01010101 
 340              	.LASF10:
 341 0000 646F7562 		.ascii	"double\000"
 341      6C6500
 342              	.LASF15:
 343 0007 47656E65 		.ascii	"Generated_Source\\PSoC4\\Control_Trig.c\000"
 343      72617465 
 343      645F536F 
 343      75726365 
 343      5C50536F 
 344              	.LASF9:
 345 002d 666C6F61 		.ascii	"float\000"
 345      7400
 346              	.LASF1:
 347 0033 756E7369 		.ascii	"unsigned char\000"
 347      676E6564 
 347      20636861 
 347      7200
 348              	.LASF13:
 349 0041 72656738 		.ascii	"reg8\000"
 349      00
 350              	.LASF5:
 351 0046 6C6F6E67 		.ascii	"long unsigned int\000"
 351      20756E73 
 351      69676E65 
 351      6420696E 
 351      7400
 352              	.LASF3:
 353 0058 73686F72 		.ascii	"short unsigned int\000"
 353      7420756E 
 353      7369676E 
 353      65642069 
 353      6E7400
 354              	.LASF18:
 355 006b 636F6E74 		.ascii	"control\000"
 355      726F6C00 
 356              	.LASF14:
 357 0073 474E5520 		.ascii	"GNU C11 5.4.1 20160609 (release) [ARM/embedded-5-br"
 357      43313120 
 357      352E342E 
 357      31203230 
 357      31363036 
 358 00a6 616E6368 		.ascii	"anch revision 237715] -mcpu=cortex-m0 -mthumb -g -O"
 358      20726576 
 358      6973696F 
 358      6E203233 
 358      37373135 
 359 00d9 33202D66 		.ascii	"3 -ffunction-sections -ffat-lto-objects\000"
 359      66756E63 
 359      74696F6E 
 359      2D736563 
 359      74696F6E 
ARM GAS  C:\Users\Rajesh\AppData\Local\Temp\ccNfgTwS.s 			page 9


 360              	.LASF16:
 361 0101 443A5C65 		.ascii	"D:\\ext\\EXTPSOC\\camera.cydsn\000"
 361      78745C45 
 361      58545053 
 361      4F435C63 
 361      616D6572 
 362              	.LASF8:
 363 011d 756E7369 		.ascii	"unsigned int\000"
 363      676E6564 
 363      20696E74 
 363      00
 364              	.LASF7:
 365 012a 6C6F6E67 		.ascii	"long long unsigned int\000"
 365      206C6F6E 
 365      6720756E 
 365      7369676E 
 365      65642069 
 366              	.LASF6:
 367 0141 6C6F6E67 		.ascii	"long long int\000"
 367      206C6F6E 
 367      6720696E 
 367      7400
 368              	.LASF19:
 369 014f 436F6E74 		.ascii	"Control_Trig_Read\000"
 369      726F6C5F 
 369      54726967 
 369      5F526561 
 369      6400
 370              	.LASF11:
 371 0161 63686172 		.ascii	"char\000"
 371      00
 372              	.LASF2:
 373 0166 73686F72 		.ascii	"short int\000"
 373      7420696E 
 373      7400
 374              	.LASF12:
 375 0170 75696E74 		.ascii	"uint8\000"
 375      3800
 376              	.LASF4:
 377 0176 6C6F6E67 		.ascii	"long int\000"
 377      20696E74 
 377      00
 378              	.LASF0:
 379 017f 7369676E 		.ascii	"signed char\000"
 379      65642063 
 379      68617200 
 380              	.LASF17:
 381 018b 436F6E74 		.ascii	"Control_Trig_Write\000"
 381      726F6C5F 
 381      54726967 
 381      5F577269 
 381      746500
 382              		.ident	"GCC: (GNU Tools for ARM Embedded Processors) 5.4.1 20160609 (release) [ARM/embedded-5-bran
