ARM GAS  C:\Users\yqh\AppData\Local\Temp\ccBpoJsS.s 			page 1


   1              		.syntax unified
   2              		.cpu cortex-m3
   3              		.fpu softvfp
   4              		.eabi_attribute 20, 1
   5              		.eabi_attribute 21, 1
   6              		.eabi_attribute 23, 3
   7              		.eabi_attribute 24, 1
   8              		.eabi_attribute 25, 1
   9              		.eabi_attribute 26, 1
  10              		.eabi_attribute 30, 6
  11              		.eabi_attribute 34, 1
  12              		.eabi_attribute 18, 4
  13              		.thumb
  14              		.file	"UART_READER_PM.c"
  15              		.text
  16              	.Ltext0:
  17              		.cfi_sections	.debug_frame
  18              		.bss
  19              		.align	2
  20              	UART_READER_backup:
  21 0000 0000     		.space	2
  22 0002 0000     		.section	.text.UART_READER_SaveConfig,"ax",%progbits
  23              		.align	2
  24              		.global	UART_READER_SaveConfig
  25              		.thumb
  26              		.thumb_func
  27              		.type	UART_READER_SaveConfig, %function
  28              	UART_READER_SaveConfig:
  29              	.LFB0:
  30              		.file 1 ".\\Generated_Source\\PSoC5\\UART_READER_PM.c"
   1:.\Generated_Source\PSoC5/UART_READER_PM.c **** /*******************************************************************************
   2:.\Generated_Source\PSoC5/UART_READER_PM.c **** * File Name: UART_READER_PM.c
   3:.\Generated_Source\PSoC5/UART_READER_PM.c **** * Version 2.50
   4:.\Generated_Source\PSoC5/UART_READER_PM.c **** *
   5:.\Generated_Source\PSoC5/UART_READER_PM.c **** * Description:
   6:.\Generated_Source\PSoC5/UART_READER_PM.c **** *  This file provides Sleep/WakeUp APIs functionality.
   7:.\Generated_Source\PSoC5/UART_READER_PM.c **** *
   8:.\Generated_Source\PSoC5/UART_READER_PM.c **** * Note:
   9:.\Generated_Source\PSoC5/UART_READER_PM.c **** *
  10:.\Generated_Source\PSoC5/UART_READER_PM.c **** ********************************************************************************
  11:.\Generated_Source\PSoC5/UART_READER_PM.c **** * Copyright 2008-2015, Cypress Semiconductor Corporation.  All rights reserved.
  12:.\Generated_Source\PSoC5/UART_READER_PM.c **** * You may use this file only in accordance with the license, terms, conditions,
  13:.\Generated_Source\PSoC5/UART_READER_PM.c **** * disclaimers, and limitations in the end user license agreement accompanying
  14:.\Generated_Source\PSoC5/UART_READER_PM.c **** * the software package with which this file was provided.
  15:.\Generated_Source\PSoC5/UART_READER_PM.c **** *******************************************************************************/
  16:.\Generated_Source\PSoC5/UART_READER_PM.c **** 
  17:.\Generated_Source\PSoC5/UART_READER_PM.c **** #include "UART_READER.h"
  18:.\Generated_Source\PSoC5/UART_READER_PM.c **** 
  19:.\Generated_Source\PSoC5/UART_READER_PM.c **** 
  20:.\Generated_Source\PSoC5/UART_READER_PM.c **** /***************************************
  21:.\Generated_Source\PSoC5/UART_READER_PM.c **** * Local data allocation
  22:.\Generated_Source\PSoC5/UART_READER_PM.c **** ***************************************/
  23:.\Generated_Source\PSoC5/UART_READER_PM.c **** 
  24:.\Generated_Source\PSoC5/UART_READER_PM.c **** static UART_READER_BACKUP_STRUCT  UART_READER_backup =
  25:.\Generated_Source\PSoC5/UART_READER_PM.c **** {
  26:.\Generated_Source\PSoC5/UART_READER_PM.c ****     /* enableState - disabled */
  27:.\Generated_Source\PSoC5/UART_READER_PM.c ****     0u,
ARM GAS  C:\Users\yqh\AppData\Local\Temp\ccBpoJsS.s 			page 2


  28:.\Generated_Source\PSoC5/UART_READER_PM.c **** };
  29:.\Generated_Source\PSoC5/UART_READER_PM.c **** 
  30:.\Generated_Source\PSoC5/UART_READER_PM.c **** 
  31:.\Generated_Source\PSoC5/UART_READER_PM.c **** 
  32:.\Generated_Source\PSoC5/UART_READER_PM.c **** /*******************************************************************************
  33:.\Generated_Source\PSoC5/UART_READER_PM.c **** * Function Name: UART_READER_SaveConfig
  34:.\Generated_Source\PSoC5/UART_READER_PM.c **** ********************************************************************************
  35:.\Generated_Source\PSoC5/UART_READER_PM.c **** *
  36:.\Generated_Source\PSoC5/UART_READER_PM.c **** * Summary:
  37:.\Generated_Source\PSoC5/UART_READER_PM.c **** *  This function saves the component nonretention control register.
  38:.\Generated_Source\PSoC5/UART_READER_PM.c **** *  Does not save the FIFO which is a set of nonretention registers.
  39:.\Generated_Source\PSoC5/UART_READER_PM.c **** *  This function is called by the UART_READER_Sleep() function.
  40:.\Generated_Source\PSoC5/UART_READER_PM.c **** *
  41:.\Generated_Source\PSoC5/UART_READER_PM.c **** * Parameters:
  42:.\Generated_Source\PSoC5/UART_READER_PM.c **** *  None.
  43:.\Generated_Source\PSoC5/UART_READER_PM.c **** *
  44:.\Generated_Source\PSoC5/UART_READER_PM.c **** * Return:
  45:.\Generated_Source\PSoC5/UART_READER_PM.c **** *  None.
  46:.\Generated_Source\PSoC5/UART_READER_PM.c **** *
  47:.\Generated_Source\PSoC5/UART_READER_PM.c **** * Global Variables:
  48:.\Generated_Source\PSoC5/UART_READER_PM.c **** *  UART_READER_backup - modified when non-retention registers are saved.
  49:.\Generated_Source\PSoC5/UART_READER_PM.c **** *
  50:.\Generated_Source\PSoC5/UART_READER_PM.c **** * Reentrant:
  51:.\Generated_Source\PSoC5/UART_READER_PM.c **** *  No.
  52:.\Generated_Source\PSoC5/UART_READER_PM.c **** *
  53:.\Generated_Source\PSoC5/UART_READER_PM.c **** *******************************************************************************/
  54:.\Generated_Source\PSoC5/UART_READER_PM.c **** void UART_READER_SaveConfig(void)
  55:.\Generated_Source\PSoC5/UART_READER_PM.c **** {
  31              		.loc 1 55 0
  32              		.cfi_startproc
  33              		@ args = 0, pretend = 0, frame = 0
  34              		@ frame_needed = 1, uses_anonymous_args = 0
  35              		@ link register save eliminated.
  36 0000 80B4     		push	{r7}
  37              		.cfi_def_cfa_offset 4
  38              		.cfi_offset 7, -4
  39 0002 00AF     		add	r7, sp, #0
  40              		.cfi_def_cfa_register 7
  56:.\Generated_Source\PSoC5/UART_READER_PM.c ****     #if(UART_READER_CONTROL_REG_REMOVED == 0u)
  57:.\Generated_Source\PSoC5/UART_READER_PM.c ****         UART_READER_backup.cr = UART_READER_CONTROL_REG;
  41              		.loc 1 57 0
  42 0004 044B     		ldr	r3, .L2
  43 0006 1B78     		ldrb	r3, [r3]
  44 0008 DAB2     		uxtb	r2, r3
  45 000a 044B     		ldr	r3, .L2+4
  46 000c 5A70     		strb	r2, [r3, #1]
  58:.\Generated_Source\PSoC5/UART_READER_PM.c ****     #endif /* End UART_READER_CONTROL_REG_REMOVED */
  59:.\Generated_Source\PSoC5/UART_READER_PM.c **** }
  47              		.loc 1 59 0
  48 000e BD46     		mov	sp, r7
  49              		.cfi_def_cfa_register 13
  50              		@ sp needed
  51 0010 5DF8047B 		ldr	r7, [sp], #4
  52              		.cfi_restore 7
  53              		.cfi_def_cfa_offset 0
  54 0014 7047     		bx	lr
  55              	.L3:
ARM GAS  C:\Users\yqh\AppData\Local\Temp\ccBpoJsS.s 			page 3


  56 0016 00BF     		.align	2
  57              	.L2:
  58 0018 72640040 		.word	1073767538
  59 001c 00000000 		.word	UART_READER_backup
  60              		.cfi_endproc
  61              	.LFE0:
  62              		.size	UART_READER_SaveConfig, .-UART_READER_SaveConfig
  63              		.section	.text.UART_READER_RestoreConfig,"ax",%progbits
  64              		.align	2
  65              		.global	UART_READER_RestoreConfig
  66              		.thumb
  67              		.thumb_func
  68              		.type	UART_READER_RestoreConfig, %function
  69              	UART_READER_RestoreConfig:
  70              	.LFB1:
  60:.\Generated_Source\PSoC5/UART_READER_PM.c **** 
  61:.\Generated_Source\PSoC5/UART_READER_PM.c **** 
  62:.\Generated_Source\PSoC5/UART_READER_PM.c **** /*******************************************************************************
  63:.\Generated_Source\PSoC5/UART_READER_PM.c **** * Function Name: UART_READER_RestoreConfig
  64:.\Generated_Source\PSoC5/UART_READER_PM.c **** ********************************************************************************
  65:.\Generated_Source\PSoC5/UART_READER_PM.c **** *
  66:.\Generated_Source\PSoC5/UART_READER_PM.c **** * Summary:
  67:.\Generated_Source\PSoC5/UART_READER_PM.c **** *  Restores the nonretention control register except FIFO.
  68:.\Generated_Source\PSoC5/UART_READER_PM.c **** *  Does not restore the FIFO which is a set of nonretention registers.
  69:.\Generated_Source\PSoC5/UART_READER_PM.c **** *
  70:.\Generated_Source\PSoC5/UART_READER_PM.c **** * Parameters:
  71:.\Generated_Source\PSoC5/UART_READER_PM.c **** *  None.
  72:.\Generated_Source\PSoC5/UART_READER_PM.c **** *
  73:.\Generated_Source\PSoC5/UART_READER_PM.c **** * Return:
  74:.\Generated_Source\PSoC5/UART_READER_PM.c **** *  None.
  75:.\Generated_Source\PSoC5/UART_READER_PM.c **** *
  76:.\Generated_Source\PSoC5/UART_READER_PM.c **** * Global Variables:
  77:.\Generated_Source\PSoC5/UART_READER_PM.c **** *  UART_READER_backup - used when non-retention registers are restored.
  78:.\Generated_Source\PSoC5/UART_READER_PM.c **** *
  79:.\Generated_Source\PSoC5/UART_READER_PM.c **** * Reentrant:
  80:.\Generated_Source\PSoC5/UART_READER_PM.c **** *  No.
  81:.\Generated_Source\PSoC5/UART_READER_PM.c **** *
  82:.\Generated_Source\PSoC5/UART_READER_PM.c **** * Notes:
  83:.\Generated_Source\PSoC5/UART_READER_PM.c **** *  If this function is called without calling UART_READER_SaveConfig() 
  84:.\Generated_Source\PSoC5/UART_READER_PM.c **** *  first, the data loaded may be incorrect.
  85:.\Generated_Source\PSoC5/UART_READER_PM.c **** *
  86:.\Generated_Source\PSoC5/UART_READER_PM.c **** *******************************************************************************/
  87:.\Generated_Source\PSoC5/UART_READER_PM.c **** void UART_READER_RestoreConfig(void)
  88:.\Generated_Source\PSoC5/UART_READER_PM.c **** {
  71              		.loc 1 88 0
  72              		.cfi_startproc
  73              		@ args = 0, pretend = 0, frame = 0
  74              		@ frame_needed = 1, uses_anonymous_args = 0
  75              		@ link register save eliminated.
  76 0000 80B4     		push	{r7}
  77              		.cfi_def_cfa_offset 4
  78              		.cfi_offset 7, -4
  79 0002 00AF     		add	r7, sp, #0
  80              		.cfi_def_cfa_register 7
  89:.\Generated_Source\PSoC5/UART_READER_PM.c ****     #if(UART_READER_CONTROL_REG_REMOVED == 0u)
  90:.\Generated_Source\PSoC5/UART_READER_PM.c ****         UART_READER_CONTROL_REG = UART_READER_backup.cr;
  81              		.loc 1 90 0
ARM GAS  C:\Users\yqh\AppData\Local\Temp\ccBpoJsS.s 			page 4


  82 0004 034B     		ldr	r3, .L5
  83 0006 044A     		ldr	r2, .L5+4
  84 0008 5278     		ldrb	r2, [r2, #1]	@ zero_extendqisi2
  85 000a 1A70     		strb	r2, [r3]
  91:.\Generated_Source\PSoC5/UART_READER_PM.c ****     #endif /* End UART_READER_CONTROL_REG_REMOVED */
  92:.\Generated_Source\PSoC5/UART_READER_PM.c **** }
  86              		.loc 1 92 0
  87 000c BD46     		mov	sp, r7
  88              		.cfi_def_cfa_register 13
  89              		@ sp needed
  90 000e 5DF8047B 		ldr	r7, [sp], #4
  91              		.cfi_restore 7
  92              		.cfi_def_cfa_offset 0
  93 0012 7047     		bx	lr
  94              	.L6:
  95              		.align	2
  96              	.L5:
  97 0014 72640040 		.word	1073767538
  98 0018 00000000 		.word	UART_READER_backup
  99              		.cfi_endproc
 100              	.LFE1:
 101              		.size	UART_READER_RestoreConfig, .-UART_READER_RestoreConfig
 102              		.section	.text.UART_READER_Sleep,"ax",%progbits
 103              		.align	2
 104              		.global	UART_READER_Sleep
 105              		.thumb
 106              		.thumb_func
 107              		.type	UART_READER_Sleep, %function
 108              	UART_READER_Sleep:
 109              	.LFB2:
  93:.\Generated_Source\PSoC5/UART_READER_PM.c **** 
  94:.\Generated_Source\PSoC5/UART_READER_PM.c **** 
  95:.\Generated_Source\PSoC5/UART_READER_PM.c **** /*******************************************************************************
  96:.\Generated_Source\PSoC5/UART_READER_PM.c **** * Function Name: UART_READER_Sleep
  97:.\Generated_Source\PSoC5/UART_READER_PM.c **** ********************************************************************************
  98:.\Generated_Source\PSoC5/UART_READER_PM.c **** *
  99:.\Generated_Source\PSoC5/UART_READER_PM.c **** * Summary:
 100:.\Generated_Source\PSoC5/UART_READER_PM.c **** *  This is the preferred API to prepare the component for sleep. 
 101:.\Generated_Source\PSoC5/UART_READER_PM.c **** *  The UART_READER_Sleep() API saves the current component state. Then it
 102:.\Generated_Source\PSoC5/UART_READER_PM.c **** *  calls the UART_READER_Stop() function and calls 
 103:.\Generated_Source\PSoC5/UART_READER_PM.c **** *  UART_READER_SaveConfig() to save the hardware configuration.
 104:.\Generated_Source\PSoC5/UART_READER_PM.c **** *  Call the UART_READER_Sleep() function before calling the CyPmSleep() 
 105:.\Generated_Source\PSoC5/UART_READER_PM.c **** *  or the CyPmHibernate() function. 
 106:.\Generated_Source\PSoC5/UART_READER_PM.c **** *
 107:.\Generated_Source\PSoC5/UART_READER_PM.c **** * Parameters:
 108:.\Generated_Source\PSoC5/UART_READER_PM.c **** *  None.
 109:.\Generated_Source\PSoC5/UART_READER_PM.c **** *
 110:.\Generated_Source\PSoC5/UART_READER_PM.c **** * Return:
 111:.\Generated_Source\PSoC5/UART_READER_PM.c **** *  None.
 112:.\Generated_Source\PSoC5/UART_READER_PM.c **** *
 113:.\Generated_Source\PSoC5/UART_READER_PM.c **** * Global Variables:
 114:.\Generated_Source\PSoC5/UART_READER_PM.c **** *  UART_READER_backup - modified when non-retention registers are saved.
 115:.\Generated_Source\PSoC5/UART_READER_PM.c **** *
 116:.\Generated_Source\PSoC5/UART_READER_PM.c **** * Reentrant:
 117:.\Generated_Source\PSoC5/UART_READER_PM.c **** *  No.
 118:.\Generated_Source\PSoC5/UART_READER_PM.c **** *
 119:.\Generated_Source\PSoC5/UART_READER_PM.c **** *******************************************************************************/
ARM GAS  C:\Users\yqh\AppData\Local\Temp\ccBpoJsS.s 			page 5


 120:.\Generated_Source\PSoC5/UART_READER_PM.c **** void UART_READER_Sleep(void)
 121:.\Generated_Source\PSoC5/UART_READER_PM.c **** {
 110              		.loc 1 121 0
 111              		.cfi_startproc
 112              		@ args = 0, pretend = 0, frame = 0
 113              		@ frame_needed = 1, uses_anonymous_args = 0
 114 0000 80B5     		push	{r7, lr}
 115              		.cfi_def_cfa_offset 8
 116              		.cfi_offset 7, -8
 117              		.cfi_offset 14, -4
 118 0002 00AF     		add	r7, sp, #0
 119              		.cfi_def_cfa_register 7
 122:.\Generated_Source\PSoC5/UART_READER_PM.c ****     #if(UART_READER_RX_ENABLED || UART_READER_HD_ENABLED)
 123:.\Generated_Source\PSoC5/UART_READER_PM.c ****         if((UART_READER_RXSTATUS_ACTL_REG  & UART_READER_INT_ENABLE) != 0u)
 120              		.loc 1 123 0
 121 0004 094B     		ldr	r3, .L10
 122 0006 1B78     		ldrb	r3, [r3]
 123 0008 DBB2     		uxtb	r3, r3
 124 000a 03F01003 		and	r3, r3, #16
 125 000e 002B     		cmp	r3, #0
 126 0010 03D0     		beq	.L8
 124:.\Generated_Source\PSoC5/UART_READER_PM.c ****         {
 125:.\Generated_Source\PSoC5/UART_READER_PM.c ****             UART_READER_backup.enableState = 1u;
 127              		.loc 1 125 0
 128 0012 074B     		ldr	r3, .L10+4
 129 0014 0122     		movs	r2, #1
 130 0016 1A70     		strb	r2, [r3]
 131 0018 02E0     		b	.L9
 132              	.L8:
 126:.\Generated_Source\PSoC5/UART_READER_PM.c ****         }
 127:.\Generated_Source\PSoC5/UART_READER_PM.c ****         else
 128:.\Generated_Source\PSoC5/UART_READER_PM.c ****         {
 129:.\Generated_Source\PSoC5/UART_READER_PM.c ****             UART_READER_backup.enableState = 0u;
 133              		.loc 1 129 0
 134 001a 054B     		ldr	r3, .L10+4
 135 001c 0022     		movs	r2, #0
 136 001e 1A70     		strb	r2, [r3]
 137              	.L9:
 130:.\Generated_Source\PSoC5/UART_READER_PM.c ****         }
 131:.\Generated_Source\PSoC5/UART_READER_PM.c ****     #else
 132:.\Generated_Source\PSoC5/UART_READER_PM.c ****         if((UART_READER_TXSTATUS_ACTL_REG  & UART_READER_INT_ENABLE) !=0u)
 133:.\Generated_Source\PSoC5/UART_READER_PM.c ****         {
 134:.\Generated_Source\PSoC5/UART_READER_PM.c ****             UART_READER_backup.enableState = 1u;
 135:.\Generated_Source\PSoC5/UART_READER_PM.c ****         }
 136:.\Generated_Source\PSoC5/UART_READER_PM.c ****         else
 137:.\Generated_Source\PSoC5/UART_READER_PM.c ****         {
 138:.\Generated_Source\PSoC5/UART_READER_PM.c ****             UART_READER_backup.enableState = 0u;
 139:.\Generated_Source\PSoC5/UART_READER_PM.c ****         }
 140:.\Generated_Source\PSoC5/UART_READER_PM.c ****     #endif /* End UART_READER_RX_ENABLED || UART_READER_HD_ENABLED*/
 141:.\Generated_Source\PSoC5/UART_READER_PM.c **** 
 142:.\Generated_Source\PSoC5/UART_READER_PM.c ****     UART_READER_Stop();
 138              		.loc 1 142 0
 139 0020 FFF7FEFF 		bl	UART_READER_Stop
 143:.\Generated_Source\PSoC5/UART_READER_PM.c ****     UART_READER_SaveConfig();
 140              		.loc 1 143 0
 141 0024 FFF7FEFF 		bl	UART_READER_SaveConfig
 144:.\Generated_Source\PSoC5/UART_READER_PM.c **** }
ARM GAS  C:\Users\yqh\AppData\Local\Temp\ccBpoJsS.s 			page 6


 142              		.loc 1 144 0
 143 0028 80BD     		pop	{r7, pc}
 144              	.L11:
 145 002a 00BF     		.align	2
 146              	.L10:
 147 002c 98650040 		.word	1073767832
 148 0030 00000000 		.word	UART_READER_backup
 149              		.cfi_endproc
 150              	.LFE2:
 151              		.size	UART_READER_Sleep, .-UART_READER_Sleep
 152              		.section	.text.UART_READER_Wakeup,"ax",%progbits
 153              		.align	2
 154              		.global	UART_READER_Wakeup
 155              		.thumb
 156              		.thumb_func
 157              		.type	UART_READER_Wakeup, %function
 158              	UART_READER_Wakeup:
 159              	.LFB3:
 145:.\Generated_Source\PSoC5/UART_READER_PM.c **** 
 146:.\Generated_Source\PSoC5/UART_READER_PM.c **** 
 147:.\Generated_Source\PSoC5/UART_READER_PM.c **** /*******************************************************************************
 148:.\Generated_Source\PSoC5/UART_READER_PM.c **** * Function Name: UART_READER_Wakeup
 149:.\Generated_Source\PSoC5/UART_READER_PM.c **** ********************************************************************************
 150:.\Generated_Source\PSoC5/UART_READER_PM.c **** *
 151:.\Generated_Source\PSoC5/UART_READER_PM.c **** * Summary:
 152:.\Generated_Source\PSoC5/UART_READER_PM.c **** *  This is the preferred API to restore the component to the state when 
 153:.\Generated_Source\PSoC5/UART_READER_PM.c **** *  UART_READER_Sleep() was called. The UART_READER_Wakeup() function
 154:.\Generated_Source\PSoC5/UART_READER_PM.c **** *  calls the UART_READER_RestoreConfig() function to restore the 
 155:.\Generated_Source\PSoC5/UART_READER_PM.c **** *  configuration. If the component was enabled before the 
 156:.\Generated_Source\PSoC5/UART_READER_PM.c **** *  UART_READER_Sleep() function was called, the UART_READER_Wakeup()
 157:.\Generated_Source\PSoC5/UART_READER_PM.c **** *  function will also re-enable the component.
 158:.\Generated_Source\PSoC5/UART_READER_PM.c **** *
 159:.\Generated_Source\PSoC5/UART_READER_PM.c **** * Parameters:
 160:.\Generated_Source\PSoC5/UART_READER_PM.c **** *  None.
 161:.\Generated_Source\PSoC5/UART_READER_PM.c **** *
 162:.\Generated_Source\PSoC5/UART_READER_PM.c **** * Return:
 163:.\Generated_Source\PSoC5/UART_READER_PM.c **** *  None.
 164:.\Generated_Source\PSoC5/UART_READER_PM.c **** *
 165:.\Generated_Source\PSoC5/UART_READER_PM.c **** * Global Variables:
 166:.\Generated_Source\PSoC5/UART_READER_PM.c **** *  UART_READER_backup - used when non-retention registers are restored.
 167:.\Generated_Source\PSoC5/UART_READER_PM.c **** *
 168:.\Generated_Source\PSoC5/UART_READER_PM.c **** * Reentrant:
 169:.\Generated_Source\PSoC5/UART_READER_PM.c **** *  No.
 170:.\Generated_Source\PSoC5/UART_READER_PM.c **** *
 171:.\Generated_Source\PSoC5/UART_READER_PM.c **** *******************************************************************************/
 172:.\Generated_Source\PSoC5/UART_READER_PM.c **** void UART_READER_Wakeup(void)
 173:.\Generated_Source\PSoC5/UART_READER_PM.c **** {
 160              		.loc 1 173 0
 161              		.cfi_startproc
 162              		@ args = 0, pretend = 0, frame = 0
 163              		@ frame_needed = 1, uses_anonymous_args = 0
 164 0000 80B5     		push	{r7, lr}
 165              		.cfi_def_cfa_offset 8
 166              		.cfi_offset 7, -8
 167              		.cfi_offset 14, -4
 168 0002 00AF     		add	r7, sp, #0
 169              		.cfi_def_cfa_register 7
ARM GAS  C:\Users\yqh\AppData\Local\Temp\ccBpoJsS.s 			page 7


 174:.\Generated_Source\PSoC5/UART_READER_PM.c ****     UART_READER_RestoreConfig();
 170              		.loc 1 174 0
 171 0004 FFF7FEFF 		bl	UART_READER_RestoreConfig
 175:.\Generated_Source\PSoC5/UART_READER_PM.c ****     #if( (UART_READER_RX_ENABLED) || (UART_READER_HD_ENABLED) )
 176:.\Generated_Source\PSoC5/UART_READER_PM.c ****         UART_READER_ClearRxBuffer();
 172              		.loc 1 176 0
 173 0008 FFF7FEFF 		bl	UART_READER_ClearRxBuffer
 177:.\Generated_Source\PSoC5/UART_READER_PM.c ****     #endif /* End (UART_READER_RX_ENABLED) || (UART_READER_HD_ENABLED) */
 178:.\Generated_Source\PSoC5/UART_READER_PM.c ****     #if(UART_READER_TX_ENABLED || UART_READER_HD_ENABLED)
 179:.\Generated_Source\PSoC5/UART_READER_PM.c ****         UART_READER_ClearTxBuffer();
 174              		.loc 1 179 0
 175 000c FFF7FEFF 		bl	UART_READER_ClearTxBuffer
 180:.\Generated_Source\PSoC5/UART_READER_PM.c ****     #endif /* End UART_READER_TX_ENABLED || UART_READER_HD_ENABLED */
 181:.\Generated_Source\PSoC5/UART_READER_PM.c **** 
 182:.\Generated_Source\PSoC5/UART_READER_PM.c ****     if(UART_READER_backup.enableState != 0u)
 176              		.loc 1 182 0
 177 0010 034B     		ldr	r3, .L14
 178 0012 1B78     		ldrb	r3, [r3]	@ zero_extendqisi2
 179 0014 002B     		cmp	r3, #0
 180 0016 01D0     		beq	.L12
 183:.\Generated_Source\PSoC5/UART_READER_PM.c ****     {
 184:.\Generated_Source\PSoC5/UART_READER_PM.c ****         UART_READER_Enable();
 181              		.loc 1 184 0
 182 0018 FFF7FEFF 		bl	UART_READER_Enable
 183              	.L12:
 185:.\Generated_Source\PSoC5/UART_READER_PM.c ****     }
 186:.\Generated_Source\PSoC5/UART_READER_PM.c **** }
 184              		.loc 1 186 0
 185 001c 80BD     		pop	{r7, pc}
 186              	.L15:
 187 001e 00BF     		.align	2
 188              	.L14:
 189 0020 00000000 		.word	UART_READER_backup
 190              		.cfi_endproc
 191              	.LFE3:
 192              		.size	UART_READER_Wakeup, .-UART_READER_Wakeup
 193              		.text
 194              	.Letext0:
 195              		.file 2 ".\\Generated_Source\\PSoC5\\cytypes.h"
 196              		.file 3 ".\\Generated_Source\\PSoC5\\UART_READER.h"
 197              		.section	.debug_info,"",%progbits
 198              	.Ldebug_info0:
 199 0000 25010000 		.4byte	0x125
 200 0004 0400     		.2byte	0x4
 201 0006 00000000 		.4byte	.Ldebug_abbrev0
 202 000a 04       		.byte	0x4
 203 000b 01       		.uleb128 0x1
 204 000c FE000000 		.4byte	.LASF21
 205 0010 01       		.byte	0x1
 206 0011 9F010000 		.4byte	.LASF22
 207 0015 0E000000 		.4byte	.LASF23
 208 0019 00000000 		.4byte	.Ldebug_ranges0+0
 209 001d 00000000 		.4byte	0
 210 0021 00000000 		.4byte	.Ldebug_line0
 211 0025 02       		.uleb128 0x2
 212 0026 01       		.byte	0x1
 213 0027 06       		.byte	0x6
ARM GAS  C:\Users\yqh\AppData\Local\Temp\ccBpoJsS.s 			page 8


 214 0028 DC010000 		.4byte	.LASF0
 215 002c 02       		.uleb128 0x2
 216 002d 01       		.byte	0x1
 217 002e 08       		.byte	0x8
 218 002f E2000000 		.4byte	.LASF1
 219 0033 02       		.uleb128 0x2
 220 0034 02       		.byte	0x2
 221 0035 05       		.byte	0x5
 222 0036 2D020000 		.4byte	.LASF2
 223 003a 02       		.uleb128 0x2
 224 003b 02       		.byte	0x2
 225 003c 07       		.byte	0x7
 226 003d C9010000 		.4byte	.LASF3
 227 0041 02       		.uleb128 0x2
 228 0042 04       		.byte	0x4
 229 0043 05       		.byte	0x5
 230 0044 F5000000 		.4byte	.LASF4
 231 0048 02       		.uleb128 0x2
 232 0049 04       		.byte	0x4
 233 004a 07       		.byte	0x7
 234 004b A6000000 		.4byte	.LASF5
 235 004f 02       		.uleb128 0x2
 236 0050 08       		.byte	0x8
 237 0051 05       		.byte	0x5
 238 0052 00000000 		.4byte	.LASF6
 239 0056 02       		.uleb128 0x2
 240 0057 08       		.byte	0x8
 241 0058 07       		.byte	0x7
 242 0059 B8000000 		.4byte	.LASF7
 243 005d 03       		.uleb128 0x3
 244 005e 04       		.byte	0x4
 245 005f 05       		.byte	0x5
 246 0060 696E7400 		.ascii	"int\000"
 247 0064 02       		.uleb128 0x2
 248 0065 04       		.byte	0x4
 249 0066 07       		.byte	0x7
 250 0067 3C020000 		.4byte	.LASF8
 251 006b 04       		.uleb128 0x4
 252 006c A0000000 		.4byte	.LASF12
 253 0070 02       		.byte	0x2
 254 0071 9201     		.2byte	0x192
 255 0073 2C000000 		.4byte	0x2c
 256 0077 02       		.uleb128 0x2
 257 0078 04       		.byte	0x4
 258 0079 04       		.byte	0x4
 259 007a 15020000 		.4byte	.LASF9
 260 007e 02       		.uleb128 0x2
 261 007f 08       		.byte	0x8
 262 0080 04       		.byte	0x4
 263 0081 98010000 		.4byte	.LASF10
 264 0085 02       		.uleb128 0x2
 265 0086 01       		.byte	0x1
 266 0087 08       		.byte	0x8
 267 0088 F0000000 		.4byte	.LASF11
 268 008c 04       		.uleb128 0x4
 269 008d 37020000 		.4byte	.LASF13
 270 0091 02       		.byte	0x2
ARM GAS  C:\Users\yqh\AppData\Local\Temp\ccBpoJsS.s 			page 9


 271 0092 3C02     		.2byte	0x23c
 272 0094 98000000 		.4byte	0x98
 273 0098 05       		.uleb128 0x5
 274 0099 6B000000 		.4byte	0x6b
 275 009d 02       		.uleb128 0x2
 276 009e 04       		.byte	0x4
 277 009f 07       		.byte	0x7
 278 00a0 49020000 		.4byte	.LASF14
 279 00a4 06       		.uleb128 0x6
 280 00a5 FB010000 		.4byte	.LASF24
 281 00a9 02       		.byte	0x2
 282 00aa 03       		.byte	0x3
 283 00ab 45       		.byte	0x45
 284 00ac C8000000 		.4byte	0xc8
 285 00b0 07       		.uleb128 0x7
 286 00b1 8C010000 		.4byte	.LASF15
 287 00b5 03       		.byte	0x3
 288 00b6 47       		.byte	0x47
 289 00b7 6B000000 		.4byte	0x6b
 290 00bb 00       		.byte	0
 291 00bc 08       		.uleb128 0x8
 292 00bd 637200   		.ascii	"cr\000"
 293 00c0 03       		.byte	0x3
 294 00c1 4A       		.byte	0x4a
 295 00c2 6B000000 		.4byte	0x6b
 296 00c6 01       		.byte	0x1
 297 00c7 00       		.byte	0
 298 00c8 09       		.uleb128 0x9
 299 00c9 6C000000 		.4byte	.LASF16
 300 00cd 03       		.byte	0x3
 301 00ce 4D       		.byte	0x4d
 302 00cf A4000000 		.4byte	0xa4
 303 00d3 0A       		.uleb128 0xa
 304 00d4 55000000 		.4byte	.LASF17
 305 00d8 01       		.byte	0x1
 306 00d9 36       		.byte	0x36
 307 00da 00000000 		.4byte	.LFB0
 308 00de 20000000 		.4byte	.LFE0-.LFB0
 309 00e2 01       		.uleb128 0x1
 310 00e3 9C       		.byte	0x9c
 311 00e4 0A       		.uleb128 0xa
 312 00e5 86000000 		.4byte	.LASF18
 313 00e9 01       		.byte	0x1
 314 00ea 57       		.byte	0x57
 315 00eb 00000000 		.4byte	.LFB1
 316 00ef 1C000000 		.4byte	.LFE1-.LFB1
 317 00f3 01       		.uleb128 0x1
 318 00f4 9C       		.byte	0x9c
 319 00f5 0B       		.uleb128 0xb
 320 00f6 1B020000 		.4byte	.LASF19
 321 00fa 01       		.byte	0x1
 322 00fb 78       		.byte	0x78
 323 00fc 00000000 		.4byte	.LFB2
 324 0100 34000000 		.4byte	.LFE2-.LFB2
 325 0104 01       		.uleb128 0x1
 326 0105 9C       		.byte	0x9c
 327 0106 0B       		.uleb128 0xb
ARM GAS  C:\Users\yqh\AppData\Local\Temp\ccBpoJsS.s 			page 10


 328 0107 E8010000 		.4byte	.LASF20
 329 010b 01       		.byte	0x1
 330 010c AC       		.byte	0xac
 331 010d 00000000 		.4byte	.LFB3
 332 0111 24000000 		.4byte	.LFE3-.LFB3
 333 0115 01       		.uleb128 0x1
 334 0116 9C       		.byte	0x9c
 335 0117 0C       		.uleb128 0xc
 336 0118 CF000000 		.4byte	.LASF25
 337 011c 01       		.byte	0x1
 338 011d 18       		.byte	0x18
 339 011e C8000000 		.4byte	0xc8
 340 0122 05       		.uleb128 0x5
 341 0123 03       		.byte	0x3
 342 0124 00000000 		.4byte	UART_READER_backup
 343 0128 00       		.byte	0
 344              		.section	.debug_abbrev,"",%progbits
 345              	.Ldebug_abbrev0:
 346 0000 01       		.uleb128 0x1
 347 0001 11       		.uleb128 0x11
 348 0002 01       		.byte	0x1
 349 0003 25       		.uleb128 0x25
 350 0004 0E       		.uleb128 0xe
 351 0005 13       		.uleb128 0x13
 352 0006 0B       		.uleb128 0xb
 353 0007 03       		.uleb128 0x3
 354 0008 0E       		.uleb128 0xe
 355 0009 1B       		.uleb128 0x1b
 356 000a 0E       		.uleb128 0xe
 357 000b 55       		.uleb128 0x55
 358 000c 17       		.uleb128 0x17
 359 000d 11       		.uleb128 0x11
 360 000e 01       		.uleb128 0x1
 361 000f 10       		.uleb128 0x10
 362 0010 17       		.uleb128 0x17
 363 0011 00       		.byte	0
 364 0012 00       		.byte	0
 365 0013 02       		.uleb128 0x2
 366 0014 24       		.uleb128 0x24
 367 0015 00       		.byte	0
 368 0016 0B       		.uleb128 0xb
 369 0017 0B       		.uleb128 0xb
 370 0018 3E       		.uleb128 0x3e
 371 0019 0B       		.uleb128 0xb
 372 001a 03       		.uleb128 0x3
 373 001b 0E       		.uleb128 0xe
 374 001c 00       		.byte	0
 375 001d 00       		.byte	0
 376 001e 03       		.uleb128 0x3
 377 001f 24       		.uleb128 0x24
 378 0020 00       		.byte	0
 379 0021 0B       		.uleb128 0xb
 380 0022 0B       		.uleb128 0xb
 381 0023 3E       		.uleb128 0x3e
 382 0024 0B       		.uleb128 0xb
 383 0025 03       		.uleb128 0x3
 384 0026 08       		.uleb128 0x8
ARM GAS  C:\Users\yqh\AppData\Local\Temp\ccBpoJsS.s 			page 11


 385 0027 00       		.byte	0
 386 0028 00       		.byte	0
 387 0029 04       		.uleb128 0x4
 388 002a 16       		.uleb128 0x16
 389 002b 00       		.byte	0
 390 002c 03       		.uleb128 0x3
 391 002d 0E       		.uleb128 0xe
 392 002e 3A       		.uleb128 0x3a
 393 002f 0B       		.uleb128 0xb
 394 0030 3B       		.uleb128 0x3b
 395 0031 05       		.uleb128 0x5
 396 0032 49       		.uleb128 0x49
 397 0033 13       		.uleb128 0x13
 398 0034 00       		.byte	0
 399 0035 00       		.byte	0
 400 0036 05       		.uleb128 0x5
 401 0037 35       		.uleb128 0x35
 402 0038 00       		.byte	0
 403 0039 49       		.uleb128 0x49
 404 003a 13       		.uleb128 0x13
 405 003b 00       		.byte	0
 406 003c 00       		.byte	0
 407 003d 06       		.uleb128 0x6
 408 003e 13       		.uleb128 0x13
 409 003f 01       		.byte	0x1
 410 0040 03       		.uleb128 0x3
 411 0041 0E       		.uleb128 0xe
 412 0042 0B       		.uleb128 0xb
 413 0043 0B       		.uleb128 0xb
 414 0044 3A       		.uleb128 0x3a
 415 0045 0B       		.uleb128 0xb
 416 0046 3B       		.uleb128 0x3b
 417 0047 0B       		.uleb128 0xb
 418 0048 01       		.uleb128 0x1
 419 0049 13       		.uleb128 0x13
 420 004a 00       		.byte	0
 421 004b 00       		.byte	0
 422 004c 07       		.uleb128 0x7
 423 004d 0D       		.uleb128 0xd
 424 004e 00       		.byte	0
 425 004f 03       		.uleb128 0x3
 426 0050 0E       		.uleb128 0xe
 427 0051 3A       		.uleb128 0x3a
 428 0052 0B       		.uleb128 0xb
 429 0053 3B       		.uleb128 0x3b
 430 0054 0B       		.uleb128 0xb
 431 0055 49       		.uleb128 0x49
 432 0056 13       		.uleb128 0x13
 433 0057 38       		.uleb128 0x38
 434 0058 0B       		.uleb128 0xb
 435 0059 00       		.byte	0
 436 005a 00       		.byte	0
 437 005b 08       		.uleb128 0x8
 438 005c 0D       		.uleb128 0xd
 439 005d 00       		.byte	0
 440 005e 03       		.uleb128 0x3
 441 005f 08       		.uleb128 0x8
ARM GAS  C:\Users\yqh\AppData\Local\Temp\ccBpoJsS.s 			page 12


 442 0060 3A       		.uleb128 0x3a
 443 0061 0B       		.uleb128 0xb
 444 0062 3B       		.uleb128 0x3b
 445 0063 0B       		.uleb128 0xb
 446 0064 49       		.uleb128 0x49
 447 0065 13       		.uleb128 0x13
 448 0066 38       		.uleb128 0x38
 449 0067 0B       		.uleb128 0xb
 450 0068 00       		.byte	0
 451 0069 00       		.byte	0
 452 006a 09       		.uleb128 0x9
 453 006b 16       		.uleb128 0x16
 454 006c 00       		.byte	0
 455 006d 03       		.uleb128 0x3
 456 006e 0E       		.uleb128 0xe
 457 006f 3A       		.uleb128 0x3a
 458 0070 0B       		.uleb128 0xb
 459 0071 3B       		.uleb128 0x3b
 460 0072 0B       		.uleb128 0xb
 461 0073 49       		.uleb128 0x49
 462 0074 13       		.uleb128 0x13
 463 0075 00       		.byte	0
 464 0076 00       		.byte	0
 465 0077 0A       		.uleb128 0xa
 466 0078 2E       		.uleb128 0x2e
 467 0079 00       		.byte	0
 468 007a 3F       		.uleb128 0x3f
 469 007b 19       		.uleb128 0x19
 470 007c 03       		.uleb128 0x3
 471 007d 0E       		.uleb128 0xe
 472 007e 3A       		.uleb128 0x3a
 473 007f 0B       		.uleb128 0xb
 474 0080 3B       		.uleb128 0x3b
 475 0081 0B       		.uleb128 0xb
 476 0082 27       		.uleb128 0x27
 477 0083 19       		.uleb128 0x19
 478 0084 11       		.uleb128 0x11
 479 0085 01       		.uleb128 0x1
 480 0086 12       		.uleb128 0x12
 481 0087 06       		.uleb128 0x6
 482 0088 40       		.uleb128 0x40
 483 0089 18       		.uleb128 0x18
 484 008a 9742     		.uleb128 0x2117
 485 008c 19       		.uleb128 0x19
 486 008d 00       		.byte	0
 487 008e 00       		.byte	0
 488 008f 0B       		.uleb128 0xb
 489 0090 2E       		.uleb128 0x2e
 490 0091 00       		.byte	0
 491 0092 3F       		.uleb128 0x3f
 492 0093 19       		.uleb128 0x19
 493 0094 03       		.uleb128 0x3
 494 0095 0E       		.uleb128 0xe
 495 0096 3A       		.uleb128 0x3a
 496 0097 0B       		.uleb128 0xb
 497 0098 3B       		.uleb128 0x3b
 498 0099 0B       		.uleb128 0xb
ARM GAS  C:\Users\yqh\AppData\Local\Temp\ccBpoJsS.s 			page 13


 499 009a 27       		.uleb128 0x27
 500 009b 19       		.uleb128 0x19
 501 009c 11       		.uleb128 0x11
 502 009d 01       		.uleb128 0x1
 503 009e 12       		.uleb128 0x12
 504 009f 06       		.uleb128 0x6
 505 00a0 40       		.uleb128 0x40
 506 00a1 18       		.uleb128 0x18
 507 00a2 9642     		.uleb128 0x2116
 508 00a4 19       		.uleb128 0x19
 509 00a5 00       		.byte	0
 510 00a6 00       		.byte	0
 511 00a7 0C       		.uleb128 0xc
 512 00a8 34       		.uleb128 0x34
 513 00a9 00       		.byte	0
 514 00aa 03       		.uleb128 0x3
 515 00ab 0E       		.uleb128 0xe
 516 00ac 3A       		.uleb128 0x3a
 517 00ad 0B       		.uleb128 0xb
 518 00ae 3B       		.uleb128 0x3b
 519 00af 0B       		.uleb128 0xb
 520 00b0 49       		.uleb128 0x49
 521 00b1 13       		.uleb128 0x13
 522 00b2 02       		.uleb128 0x2
 523 00b3 18       		.uleb128 0x18
 524 00b4 00       		.byte	0
 525 00b5 00       		.byte	0
 526 00b6 00       		.byte	0
 527              		.section	.debug_aranges,"",%progbits
 528 0000 34000000 		.4byte	0x34
 529 0004 0200     		.2byte	0x2
 530 0006 00000000 		.4byte	.Ldebug_info0
 531 000a 04       		.byte	0x4
 532 000b 00       		.byte	0
 533 000c 0000     		.2byte	0
 534 000e 0000     		.2byte	0
 535 0010 00000000 		.4byte	.LFB0
 536 0014 20000000 		.4byte	.LFE0-.LFB0
 537 0018 00000000 		.4byte	.LFB1
 538 001c 1C000000 		.4byte	.LFE1-.LFB1
 539 0020 00000000 		.4byte	.LFB2
 540 0024 34000000 		.4byte	.LFE2-.LFB2
 541 0028 00000000 		.4byte	.LFB3
 542 002c 24000000 		.4byte	.LFE3-.LFB3
 543 0030 00000000 		.4byte	0
 544 0034 00000000 		.4byte	0
 545              		.section	.debug_ranges,"",%progbits
 546              	.Ldebug_ranges0:
 547 0000 00000000 		.4byte	.LFB0
 548 0004 20000000 		.4byte	.LFE0
 549 0008 00000000 		.4byte	.LFB1
 550 000c 1C000000 		.4byte	.LFE1
 551 0010 00000000 		.4byte	.LFB2
 552 0014 34000000 		.4byte	.LFE2
 553 0018 00000000 		.4byte	.LFB3
 554 001c 24000000 		.4byte	.LFE3
 555 0020 00000000 		.4byte	0
ARM GAS  C:\Users\yqh\AppData\Local\Temp\ccBpoJsS.s 			page 14


 556 0024 00000000 		.4byte	0
 557              		.section	.debug_line,"",%progbits
 558              	.Ldebug_line0:
 559 0000 B5000000 		.section	.debug_str,"MS",%progbits,1
 559      02005E00 
 559      00000201 
 559      FB0E0D00 
 559      01010101 
 560              	.LASF6:
 561 0000 6C6F6E67 		.ascii	"long long int\000"
 561      206C6F6E 
 561      6720696E 
 561      7400
 562              	.LASF23:
 563 000e 433A5C55 		.ascii	"C:\\Users\\yqh\\Documents\\works\\NanoNXT\\Pass_TOC"
 563      73657273 
 563      5C797168 
 563      5C446F63 
 563      756D656E 
 564 003b 5C332E35 		.ascii	"\\3.5.2\\nanoNxt_ICM3.cydsn\000"
 564      2E325C6E 
 564      616E6F4E 
 564      78745F49 
 564      434D332E 
 565              	.LASF17:
 566 0055 55415254 		.ascii	"UART_READER_SaveConfig\000"
 566      5F524541 
 566      4445525F 
 566      53617665 
 566      436F6E66 
 567              	.LASF16:
 568 006c 55415254 		.ascii	"UART_READER_BACKUP_STRUCT\000"
 568      5F524541 
 568      4445525F 
 568      4241434B 
 568      55505F53 
 569              	.LASF18:
 570 0086 55415254 		.ascii	"UART_READER_RestoreConfig\000"
 570      5F524541 
 570      4445525F 
 570      52657374 
 570      6F726543 
 571              	.LASF12:
 572 00a0 75696E74 		.ascii	"uint8\000"
 572      3800
 573              	.LASF5:
 574 00a6 6C6F6E67 		.ascii	"long unsigned int\000"
 574      20756E73 
 574      69676E65 
 574      6420696E 
 574      7400
 575              	.LASF7:
 576 00b8 6C6F6E67 		.ascii	"long long unsigned int\000"
 576      206C6F6E 
 576      6720756E 
 576      7369676E 
 576      65642069 
ARM GAS  C:\Users\yqh\AppData\Local\Temp\ccBpoJsS.s 			page 15


 577              	.LASF25:
 578 00cf 55415254 		.ascii	"UART_READER_backup\000"
 578      5F524541 
 578      4445525F 
 578      6261636B 
 578      757000
 579              	.LASF1:
 580 00e2 756E7369 		.ascii	"unsigned char\000"
 580      676E6564 
 580      20636861 
 580      7200
 581              	.LASF11:
 582 00f0 63686172 		.ascii	"char\000"
 582      00
 583              	.LASF4:
 584 00f5 6C6F6E67 		.ascii	"long int\000"
 584      20696E74 
 584      00
 585              	.LASF21:
 586 00fe 474E5520 		.ascii	"GNU C 4.9.3 20150303 (release) [ARM/embedded-4_9-br"
 586      4320342E 
 586      392E3320 
 586      32303135 
 586      30333033 
 587 0131 616E6368 		.ascii	"anch revision 221220] -mcpu=cortex-m3 -mthumb -g -O"
 587      20726576 
 587      6973696F 
 587      6E203232 
 587      31323230 
 588 0164 30202D66 		.ascii	"0 -ffunction-sections -ffat-lto-objects\000"
 588      66756E63 
 588      74696F6E 
 588      2D736563 
 588      74696F6E 
 589              	.LASF15:
 590 018c 656E6162 		.ascii	"enableState\000"
 590      6C655374 
 590      61746500 
 591              	.LASF10:
 592 0198 646F7562 		.ascii	"double\000"
 592      6C6500
 593              	.LASF22:
 594 019f 2E5C4765 		.ascii	".\\Generated_Source\\PSoC5\\UART_READER_PM.c\000"
 594      6E657261 
 594      7465645F 
 594      536F7572 
 594      63655C50 
 595              	.LASF3:
 596 01c9 73686F72 		.ascii	"short unsigned int\000"
 596      7420756E 
 596      7369676E 
 596      65642069 
 596      6E7400
 597              	.LASF0:
 598 01dc 7369676E 		.ascii	"signed char\000"
 598      65642063 
 598      68617200 
ARM GAS  C:\Users\yqh\AppData\Local\Temp\ccBpoJsS.s 			page 16


 599              	.LASF20:
 600 01e8 55415254 		.ascii	"UART_READER_Wakeup\000"
 600      5F524541 
 600      4445525F 
 600      57616B65 
 600      757000
 601              	.LASF24:
 602 01fb 55415254 		.ascii	"UART_READER_backupStruct_\000"
 602      5F524541 
 602      4445525F 
 602      6261636B 
 602      75705374 
 603              	.LASF9:
 604 0215 666C6F61 		.ascii	"float\000"
 604      7400
 605              	.LASF19:
 606 021b 55415254 		.ascii	"UART_READER_Sleep\000"
 606      5F524541 
 606      4445525F 
 606      536C6565 
 606      7000
 607              	.LASF2:
 608 022d 73686F72 		.ascii	"short int\000"
 608      7420696E 
 608      7400
 609              	.LASF13:
 610 0237 72656738 		.ascii	"reg8\000"
 610      00
 611              	.LASF8:
 612 023c 756E7369 		.ascii	"unsigned int\000"
 612      676E6564 
 612      20696E74 
 612      00
 613              	.LASF14:
 614 0249 73697A65 		.ascii	"sizetype\000"
 614      74797065 
 614      00
 615              		.ident	"GCC: (GNU Tools for ARM Embedded Processors) 4.9.3 20150303 (release) [ARM/embedded-4_9-br
