ARM GAS  C:\Users\Rajesh\AppData\Local\Temp\cckZzhsh.s 			page 1


   1              		.syntax unified
   2              		.cpu cortex-m0
   3              		.fpu softvfp
   4              		.eabi_attribute 20, 1
   5              		.eabi_attribute 21, 1
   6              		.eabi_attribute 23, 3
   7              		.eabi_attribute 24, 1
   8              		.eabi_attribute 25, 1
   9              		.eabi_attribute 26, 1
  10              		.eabi_attribute 30, 1
  11              		.eabi_attribute 34, 0
  12              		.eabi_attribute 18, 4
  13              		.thumb
  14              		.syntax unified
  15              		.file	"IDAC_2.c"
  16              		.text
  17              	.Ltext0:
  18              		.cfi_sections	.debug_frame
  19              		.section	.text.IDAC_2_Init,"ax",%progbits
  20              		.align	2
  21              		.global	IDAC_2_Init
  22              		.code	16
  23              		.thumb_func
  24              		.type	IDAC_2_Init, %function
  25              	IDAC_2_Init:
  26              	.LFB0:
  27              		.file 1 "Generated_Source\\PSoC4\\IDAC_2.c"
   1:Generated_Source\PSoC4/IDAC_2.c **** /*******************************************************************************
   2:Generated_Source\PSoC4/IDAC_2.c **** * File Name: IDAC_2.c
   3:Generated_Source\PSoC4/IDAC_2.c **** * Version 1.10
   4:Generated_Source\PSoC4/IDAC_2.c **** *
   5:Generated_Source\PSoC4/IDAC_2.c **** * Description:
   6:Generated_Source\PSoC4/IDAC_2.c **** *  This file provides the source code of APIs for the IDAC_P4 component.
   7:Generated_Source\PSoC4/IDAC_2.c **** *
   8:Generated_Source\PSoC4/IDAC_2.c **** *******************************************************************************
   9:Generated_Source\PSoC4/IDAC_2.c **** * Copyright 2013-2015, Cypress Semiconductor Corporation.  All rights reserved.
  10:Generated_Source\PSoC4/IDAC_2.c **** * You may use this file only in accordance with the license, terms, conditions,
  11:Generated_Source\PSoC4/IDAC_2.c **** * disclaimers, and limitations in the end user license agreement accompanying
  12:Generated_Source\PSoC4/IDAC_2.c **** * the software package with which this file was provided.
  13:Generated_Source\PSoC4/IDAC_2.c **** *******************************************************************************/
  14:Generated_Source\PSoC4/IDAC_2.c **** 
  15:Generated_Source\PSoC4/IDAC_2.c **** #include "IDAC_2.h"
  16:Generated_Source\PSoC4/IDAC_2.c **** 
  17:Generated_Source\PSoC4/IDAC_2.c **** uint32 IDAC_2_initVar = 0u;
  18:Generated_Source\PSoC4/IDAC_2.c **** 
  19:Generated_Source\PSoC4/IDAC_2.c **** 
  20:Generated_Source\PSoC4/IDAC_2.c **** /*******************************************************************************
  21:Generated_Source\PSoC4/IDAC_2.c **** * Function Name: IDAC_2_Init
  22:Generated_Source\PSoC4/IDAC_2.c **** ********************************************************************************
  23:Generated_Source\PSoC4/IDAC_2.c **** *
  24:Generated_Source\PSoC4/IDAC_2.c **** * Summary:
  25:Generated_Source\PSoC4/IDAC_2.c **** *  Initializes IDAC registers with initial values provided from customizer.
  26:Generated_Source\PSoC4/IDAC_2.c **** *
  27:Generated_Source\PSoC4/IDAC_2.c **** * Parameters:
  28:Generated_Source\PSoC4/IDAC_2.c **** *  None
  29:Generated_Source\PSoC4/IDAC_2.c **** *
  30:Generated_Source\PSoC4/IDAC_2.c **** * Return:
ARM GAS  C:\Users\Rajesh\AppData\Local\Temp\cckZzhsh.s 			page 2


  31:Generated_Source\PSoC4/IDAC_2.c **** *  None
  32:Generated_Source\PSoC4/IDAC_2.c **** *
  33:Generated_Source\PSoC4/IDAC_2.c **** * Global variables:
  34:Generated_Source\PSoC4/IDAC_2.c **** *  None
  35:Generated_Source\PSoC4/IDAC_2.c **** *
  36:Generated_Source\PSoC4/IDAC_2.c **** *******************************************************************************/
  37:Generated_Source\PSoC4/IDAC_2.c **** void IDAC_2_Init(void)
  38:Generated_Source\PSoC4/IDAC_2.c **** {
  28              		.loc 1 38 0
  29              		.cfi_startproc
  30              		@ args = 0, pretend = 0, frame = 0
  31              		@ frame_needed = 0, uses_anonymous_args = 0
  32 0000 10B5     		push	{r4, lr}
  33              		.cfi_def_cfa_offset 8
  34              		.cfi_offset 4, -8
  35              		.cfi_offset 14, -4
  39:Generated_Source\PSoC4/IDAC_2.c ****     uint32 regVal;
  40:Generated_Source\PSoC4/IDAC_2.c ****     uint8 enableInterrupts;
  41:Generated_Source\PSoC4/IDAC_2.c **** 
  42:Generated_Source\PSoC4/IDAC_2.c ****     /* Set initial configuration */
  43:Generated_Source\PSoC4/IDAC_2.c ****     enableInterrupts = CyEnterCriticalSection();
  36              		.loc 1 43 0
  37 0002 FFF7FEFF 		bl	CyEnterCriticalSection
  38              	.LVL0:
  44:Generated_Source\PSoC4/IDAC_2.c ****     
  45:Generated_Source\PSoC4/IDAC_2.c ****     #if(IDAC_2_MODE_SOURCE == IDAC_2_IDAC_POLARITY)
  46:Generated_Source\PSoC4/IDAC_2.c ****         regVal  = IDAC_2_CSD_TRIM1_REG & ~(IDAC_2_CSD_IDAC_TRIM1_MASK);
  39              		.loc 1 46 0
  40 0006 0E49     		ldr	r1, .L2
  41 0008 0B68     		ldr	r3, [r1]
  42 000a F022     		movs	r2, #240
  43 000c 9343     		bics	r3, r2
  44 000e 1A00     		movs	r2, r3
  45              	.LVL1:
  47:Generated_Source\PSoC4/IDAC_2.c ****         regVal |=  (IDAC_2_SFLASH_TRIM1_REG & IDAC_2_CSD_IDAC_TRIM1_MASK);
  46              		.loc 1 47 0
  47 0010 0C4B     		ldr	r3, .L2+4
  48 0012 1B78     		ldrb	r3, [r3]
  49 0014 0F24     		movs	r4, #15
  50 0016 A343     		bics	r3, r4
  51 0018 1343     		orrs	r3, r2
  52              	.LVL2:
  48:Generated_Source\PSoC4/IDAC_2.c ****         IDAC_2_CSD_TRIM1_REG = regVal;
  53              		.loc 1 48 0
  54 001a 0B60     		str	r3, [r1]
  49:Generated_Source\PSoC4/IDAC_2.c ****     #else
  50:Generated_Source\PSoC4/IDAC_2.c ****         regVal  = IDAC_2_CSD_TRIM2_REG & ~(IDAC_2_CSD_IDAC_TRIM2_MASK);
  51:Generated_Source\PSoC4/IDAC_2.c ****         regVal |=  (IDAC_2_SFLASH_TRIM2_REG & IDAC_2_CSD_IDAC_TRIM2_MASK);
  52:Generated_Source\PSoC4/IDAC_2.c ****         IDAC_2_CSD_TRIM2_REG = regVal;
  53:Generated_Source\PSoC4/IDAC_2.c ****     #endif /* (IDAC_2_MODE_SOURCE == IDAC_2_IDAC_POLARITY) */
  54:Generated_Source\PSoC4/IDAC_2.c **** 
  55:Generated_Source\PSoC4/IDAC_2.c ****     /* clear previous values */
  56:Generated_Source\PSoC4/IDAC_2.c ****     IDAC_2_IDAC_CONTROL_REG &= ((uint32)~((uint32)IDAC_2_IDAC_VALUE_MASK <<
  55              		.loc 1 56 0
  56 001c 0A4A     		ldr	r2, .L2+8
  57 001e 1368     		ldr	r3, [r2]
  58              	.LVL3:
ARM GAS  C:\Users\Rajesh\AppData\Local\Temp\cckZzhsh.s 			page 3


  59 0020 1360     		str	r3, [r2]
  60              	.LVL4:
  57:Generated_Source\PSoC4/IDAC_2.c ****         IDAC_2_IDAC_VALUE_POSITION)) | ((uint32)~((uint32)IDAC_2_IDAC_MODE_MASK <<
  58:Generated_Source\PSoC4/IDAC_2.c ****         IDAC_2_IDAC_MODE_POSITION))  | ((uint32)~((uint32)IDAC_2_IDAC_RANGE_MASK  <<
  59:Generated_Source\PSoC4/IDAC_2.c ****         IDAC_2_IDAC_RANGE_POSITION));
  60:Generated_Source\PSoC4/IDAC_2.c **** 
  61:Generated_Source\PSoC4/IDAC_2.c ****     IDAC_2_IDAC_POLARITY_CONTROL_REG &= (~(uint32)((uint32)IDAC_2_IDAC_POLARITY_MASK <<
  61              		.loc 1 61 0
  62 0022 0A4B     		ldr	r3, .L2+12
  63 0024 1C68     		ldr	r4, [r3]
  64 0026 0A49     		ldr	r1, .L2+16
  65 0028 2140     		ands	r1, r4
  66 002a 1960     		str	r1, [r3]
  62:Generated_Source\PSoC4/IDAC_2.c ****         IDAC_2_IDAC_POLARITY_POSITION));
  63:Generated_Source\PSoC4/IDAC_2.c **** 
  64:Generated_Source\PSoC4/IDAC_2.c ****     /* set new configuration */
  65:Generated_Source\PSoC4/IDAC_2.c ****     IDAC_2_IDAC_CONTROL_REG |= (((uint32)IDAC_2_IDAC_INIT_VALUE <<
  67              		.loc 1 65 0
  68 002c 1168     		ldr	r1, [r2]
  69 002e 8F24     		movs	r4, #143
  70 0030 E404     		lsls	r4, r4, #19
  71 0032 2143     		orrs	r1, r4
  72 0034 1160     		str	r1, [r2]
  66:Generated_Source\PSoC4/IDAC_2.c ****         IDAC_2_IDAC_VALUE_POSITION) | ((uint32)IDAC_2_IDAC_RANGE <<
  67:Generated_Source\PSoC4/IDAC_2.c ****         IDAC_2_IDAC_RANGE_POSITION));
  68:Generated_Source\PSoC4/IDAC_2.c **** 
  69:Generated_Source\PSoC4/IDAC_2.c ****     IDAC_2_IDAC_POLARITY_CONTROL_REG |= ((uint32)IDAC_2_IDAC_POLARITY <<
  73              		.loc 1 69 0
  74 0036 1A68     		ldr	r2, [r3]
  75 0038 1A60     		str	r2, [r3]
  70:Generated_Source\PSoC4/IDAC_2.c ****                                                            IDAC_2_IDAC_POLARITY_POSITION);
  71:Generated_Source\PSoC4/IDAC_2.c **** 
  72:Generated_Source\PSoC4/IDAC_2.c ****     CyExitCriticalSection(enableInterrupts);
  76              		.loc 1 72 0
  77 003a FFF7FEFF 		bl	CyExitCriticalSection
  78              	.LVL5:
  73:Generated_Source\PSoC4/IDAC_2.c **** 
  74:Generated_Source\PSoC4/IDAC_2.c **** }
  79              		.loc 1 74 0
  80              		@ sp needed
  81 003e 10BD     		pop	{r4, pc}
  82              	.L3:
  83              		.align	2
  84              	.L2:
  85 0040 00FF0840 		.word	1074331392
  86 0044 60F1FF0F 		.word	268431712
  87 0048 08000840 		.word	1074266120
  88 004c 04000840 		.word	1074266116
  89 0050 FFFFFDFF 		.word	-131073
  90              		.cfi_endproc
  91              	.LFE0:
  92              		.size	IDAC_2_Init, .-IDAC_2_Init
  93              		.section	.text.IDAC_2_Enable,"ax",%progbits
  94              		.align	2
  95              		.global	IDAC_2_Enable
  96              		.code	16
  97              		.thumb_func
ARM GAS  C:\Users\Rajesh\AppData\Local\Temp\cckZzhsh.s 			page 4


  98              		.type	IDAC_2_Enable, %function
  99              	IDAC_2_Enable:
 100              	.LFB1:
  75:Generated_Source\PSoC4/IDAC_2.c **** 
  76:Generated_Source\PSoC4/IDAC_2.c **** 
  77:Generated_Source\PSoC4/IDAC_2.c **** /*******************************************************************************
  78:Generated_Source\PSoC4/IDAC_2.c **** * Function Name: IDAC_2_Enable
  79:Generated_Source\PSoC4/IDAC_2.c **** ********************************************************************************
  80:Generated_Source\PSoC4/IDAC_2.c **** *
  81:Generated_Source\PSoC4/IDAC_2.c **** * Summary:
  82:Generated_Source\PSoC4/IDAC_2.c **** *  Enables IDAC operations.
  83:Generated_Source\PSoC4/IDAC_2.c **** *
  84:Generated_Source\PSoC4/IDAC_2.c **** * Parameters:
  85:Generated_Source\PSoC4/IDAC_2.c **** *  None
  86:Generated_Source\PSoC4/IDAC_2.c **** *
  87:Generated_Source\PSoC4/IDAC_2.c **** * Return:
  88:Generated_Source\PSoC4/IDAC_2.c **** *  None
  89:Generated_Source\PSoC4/IDAC_2.c **** *
  90:Generated_Source\PSoC4/IDAC_2.c **** * Global variables:
  91:Generated_Source\PSoC4/IDAC_2.c **** *  None
  92:Generated_Source\PSoC4/IDAC_2.c **** *
  93:Generated_Source\PSoC4/IDAC_2.c **** *******************************************************************************/
  94:Generated_Source\PSoC4/IDAC_2.c **** void IDAC_2_Enable(void)
  95:Generated_Source\PSoC4/IDAC_2.c **** {
 101              		.loc 1 95 0
 102              		.cfi_startproc
 103              		@ args = 0, pretend = 0, frame = 0
 104              		@ frame_needed = 0, uses_anonymous_args = 0
 105 0000 10B5     		push	{r4, lr}
 106              		.cfi_def_cfa_offset 8
 107              		.cfi_offset 4, -8
 108              		.cfi_offset 14, -4
  96:Generated_Source\PSoC4/IDAC_2.c ****     uint8 enableInterrupts;
  97:Generated_Source\PSoC4/IDAC_2.c **** 
  98:Generated_Source\PSoC4/IDAC_2.c ****     enableInterrupts = CyEnterCriticalSection();
 109              		.loc 1 98 0
 110 0002 FFF7FEFF 		bl	CyEnterCriticalSection
 111              	.LVL6:
  99:Generated_Source\PSoC4/IDAC_2.c **** 
 100:Generated_Source\PSoC4/IDAC_2.c ****     /* Enable the IDAC */
 101:Generated_Source\PSoC4/IDAC_2.c ****     IDAC_2_IDAC_CONTROL_REG |= ((uint32)IDAC_2_IDAC_EN_MODE <<
 112              		.loc 1 101 0
 113 0006 074A     		ldr	r2, .L5
 114 0008 1368     		ldr	r3, [r2]
 115 000a C021     		movs	r1, #192
 116 000c 8904     		lsls	r1, r1, #18
 117 000e 0B43     		orrs	r3, r1
 118 0010 1360     		str	r3, [r2]
 102:Generated_Source\PSoC4/IDAC_2.c ****                                                   IDAC_2_IDAC_MODE_POSITION);
 103:Generated_Source\PSoC4/IDAC_2.c ****     IDAC_2_IDAC_POLARITY_CONTROL_REG |= ((uint32)IDAC_2_IDAC_CSD_EN <<
 119              		.loc 1 103 0
 120 0012 054A     		ldr	r2, .L5+4
 121 0014 1368     		ldr	r3, [r2]
 122 0016 8021     		movs	r1, #128
 123 0018 0906     		lsls	r1, r1, #24
 124 001a 0B43     		orrs	r3, r1
 125 001c 1360     		str	r3, [r2]
ARM GAS  C:\Users\Rajesh\AppData\Local\Temp\cckZzhsh.s 			page 5


 104:Generated_Source\PSoC4/IDAC_2.c ****                                                            IDAC_2_IDAC_CSD_EN_POSITION);
 105:Generated_Source\PSoC4/IDAC_2.c ****     CyExitCriticalSection(enableInterrupts);
 126              		.loc 1 105 0
 127 001e FFF7FEFF 		bl	CyExitCriticalSection
 128              	.LVL7:
 106:Generated_Source\PSoC4/IDAC_2.c **** 
 107:Generated_Source\PSoC4/IDAC_2.c **** }
 129              		.loc 1 107 0
 130              		@ sp needed
 131 0022 10BD     		pop	{r4, pc}
 132              	.L6:
 133              		.align	2
 134              	.L5:
 135 0024 08000840 		.word	1074266120
 136 0028 04000840 		.word	1074266116
 137              		.cfi_endproc
 138              	.LFE1:
 139              		.size	IDAC_2_Enable, .-IDAC_2_Enable
 140              		.section	.text.IDAC_2_Start,"ax",%progbits
 141              		.align	2
 142              		.global	IDAC_2_Start
 143              		.code	16
 144              		.thumb_func
 145              		.type	IDAC_2_Start, %function
 146              	IDAC_2_Start:
 147              	.LFB2:
 108:Generated_Source\PSoC4/IDAC_2.c **** 
 109:Generated_Source\PSoC4/IDAC_2.c **** 
 110:Generated_Source\PSoC4/IDAC_2.c **** /*******************************************************************************
 111:Generated_Source\PSoC4/IDAC_2.c **** * Function Name: IDAC_2_Start
 112:Generated_Source\PSoC4/IDAC_2.c **** ********************************************************************************
 113:Generated_Source\PSoC4/IDAC_2.c **** *
 114:Generated_Source\PSoC4/IDAC_2.c **** * Summary:
 115:Generated_Source\PSoC4/IDAC_2.c **** *  Starts the IDAC hardware.
 116:Generated_Source\PSoC4/IDAC_2.c **** *
 117:Generated_Source\PSoC4/IDAC_2.c **** * Parameters:
 118:Generated_Source\PSoC4/IDAC_2.c **** *  None
 119:Generated_Source\PSoC4/IDAC_2.c **** *
 120:Generated_Source\PSoC4/IDAC_2.c **** * Return:
 121:Generated_Source\PSoC4/IDAC_2.c **** *  None
 122:Generated_Source\PSoC4/IDAC_2.c **** *
 123:Generated_Source\PSoC4/IDAC_2.c **** * Global variables:
 124:Generated_Source\PSoC4/IDAC_2.c **** *  IDAC_2_initVar
 125:Generated_Source\PSoC4/IDAC_2.c **** *
 126:Generated_Source\PSoC4/IDAC_2.c **** *******************************************************************************/
 127:Generated_Source\PSoC4/IDAC_2.c **** void IDAC_2_Start(void)
 128:Generated_Source\PSoC4/IDAC_2.c **** {
 148              		.loc 1 128 0
 149              		.cfi_startproc
 150              		@ args = 0, pretend = 0, frame = 0
 151              		@ frame_needed = 0, uses_anonymous_args = 0
 152 0000 10B5     		push	{r4, lr}
 153              		.cfi_def_cfa_offset 8
 154              		.cfi_offset 4, -8
 155              		.cfi_offset 14, -4
 129:Generated_Source\PSoC4/IDAC_2.c ****     if(0u == IDAC_2_initVar)
 156              		.loc 1 129 0
ARM GAS  C:\Users\Rajesh\AppData\Local\Temp\cckZzhsh.s 			page 6


 157 0002 064B     		ldr	r3, .L9
 158 0004 1B68     		ldr	r3, [r3]
 159 0006 002B     		cmp	r3, #0
 160 0008 04D1     		bne	.L8
 130:Generated_Source\PSoC4/IDAC_2.c ****     {
 131:Generated_Source\PSoC4/IDAC_2.c ****         IDAC_2_Init();
 161              		.loc 1 131 0
 162 000a FFF7FEFF 		bl	IDAC_2_Init
 163              	.LVL8:
 132:Generated_Source\PSoC4/IDAC_2.c ****         IDAC_2_initVar = 1u;
 164              		.loc 1 132 0
 165 000e 0122     		movs	r2, #1
 166 0010 024B     		ldr	r3, .L9
 167 0012 1A60     		str	r2, [r3]
 168              	.L8:
 133:Generated_Source\PSoC4/IDAC_2.c ****     }
 134:Generated_Source\PSoC4/IDAC_2.c **** 
 135:Generated_Source\PSoC4/IDAC_2.c ****     IDAC_2_Enable();
 169              		.loc 1 135 0
 170 0014 FFF7FEFF 		bl	IDAC_2_Enable
 171              	.LVL9:
 136:Generated_Source\PSoC4/IDAC_2.c **** 
 137:Generated_Source\PSoC4/IDAC_2.c **** }
 172              		.loc 1 137 0
 173              		@ sp needed
 174 0018 10BD     		pop	{r4, pc}
 175              	.L10:
 176 001a C046     		.align	2
 177              	.L9:
 178 001c 00000000 		.word	.LANCHOR0
 179              		.cfi_endproc
 180              	.LFE2:
 181              		.size	IDAC_2_Start, .-IDAC_2_Start
 182              		.section	.text.IDAC_2_Stop,"ax",%progbits
 183              		.align	2
 184              		.global	IDAC_2_Stop
 185              		.code	16
 186              		.thumb_func
 187              		.type	IDAC_2_Stop, %function
 188              	IDAC_2_Stop:
 189              	.LFB3:
 138:Generated_Source\PSoC4/IDAC_2.c **** 
 139:Generated_Source\PSoC4/IDAC_2.c **** 
 140:Generated_Source\PSoC4/IDAC_2.c **** /*******************************************************************************
 141:Generated_Source\PSoC4/IDAC_2.c **** * Function Name: IDAC_2_Stop
 142:Generated_Source\PSoC4/IDAC_2.c **** ********************************************************************************
 143:Generated_Source\PSoC4/IDAC_2.c **** *
 144:Generated_Source\PSoC4/IDAC_2.c **** * Summary:
 145:Generated_Source\PSoC4/IDAC_2.c **** *  Stops the IDAC hardware.
 146:Generated_Source\PSoC4/IDAC_2.c **** *
 147:Generated_Source\PSoC4/IDAC_2.c **** * Parameters:
 148:Generated_Source\PSoC4/IDAC_2.c **** *  None
 149:Generated_Source\PSoC4/IDAC_2.c **** *
 150:Generated_Source\PSoC4/IDAC_2.c **** * Return:
 151:Generated_Source\PSoC4/IDAC_2.c **** *  None
 152:Generated_Source\PSoC4/IDAC_2.c **** *
 153:Generated_Source\PSoC4/IDAC_2.c **** * Global variables:
ARM GAS  C:\Users\Rajesh\AppData\Local\Temp\cckZzhsh.s 			page 7


 154:Generated_Source\PSoC4/IDAC_2.c **** *  None
 155:Generated_Source\PSoC4/IDAC_2.c **** *
 156:Generated_Source\PSoC4/IDAC_2.c **** *******************************************************************************/
 157:Generated_Source\PSoC4/IDAC_2.c **** void IDAC_2_Stop(void)
 158:Generated_Source\PSoC4/IDAC_2.c **** {
 190              		.loc 1 158 0
 191              		.cfi_startproc
 192              		@ args = 0, pretend = 0, frame = 0
 193              		@ frame_needed = 0, uses_anonymous_args = 0
 194 0000 10B5     		push	{r4, lr}
 195              		.cfi_def_cfa_offset 8
 196              		.cfi_offset 4, -8
 197              		.cfi_offset 14, -4
 159:Generated_Source\PSoC4/IDAC_2.c ****     uint8 enableInterrupts;
 160:Generated_Source\PSoC4/IDAC_2.c **** 
 161:Generated_Source\PSoC4/IDAC_2.c ****     enableInterrupts = CyEnterCriticalSection();
 198              		.loc 1 161 0
 199 0002 FFF7FEFF 		bl	CyEnterCriticalSection
 200              	.LVL10:
 162:Generated_Source\PSoC4/IDAC_2.c **** 
 163:Generated_Source\PSoC4/IDAC_2.c ****     /* Disable the IDAC */
 164:Generated_Source\PSoC4/IDAC_2.c ****     IDAC_2_IDAC_CONTROL_REG &= ((uint32)~((uint32)IDAC_2_IDAC_MODE_MASK <<
 201              		.loc 1 164 0
 202 0006 044A     		ldr	r2, .L12
 203 0008 1168     		ldr	r1, [r2]
 204 000a 044B     		ldr	r3, .L12+4
 205 000c 0B40     		ands	r3, r1
 206 000e 1360     		str	r3, [r2]
 165:Generated_Source\PSoC4/IDAC_2.c ****         IDAC_2_IDAC_MODE_POSITION));
 166:Generated_Source\PSoC4/IDAC_2.c ****     CyExitCriticalSection(enableInterrupts);
 207              		.loc 1 166 0
 208 0010 FFF7FEFF 		bl	CyExitCriticalSection
 209              	.LVL11:
 167:Generated_Source\PSoC4/IDAC_2.c **** }
 210              		.loc 1 167 0
 211              		@ sp needed
 212 0014 10BD     		pop	{r4, pc}
 213              	.L13:
 214 0016 C046     		.align	2
 215              	.L12:
 216 0018 08000840 		.word	1074266120
 217 001c FFFFFFFC 		.word	-50331649
 218              		.cfi_endproc
 219              	.LFE3:
 220              		.size	IDAC_2_Stop, .-IDAC_2_Stop
 221              		.section	.text.IDAC_2_SetValue,"ax",%progbits
 222              		.align	2
 223              		.global	IDAC_2_SetValue
 224              		.code	16
 225              		.thumb_func
 226              		.type	IDAC_2_SetValue, %function
 227              	IDAC_2_SetValue:
 228              	.LFB4:
 168:Generated_Source\PSoC4/IDAC_2.c **** 
 169:Generated_Source\PSoC4/IDAC_2.c **** 
 170:Generated_Source\PSoC4/IDAC_2.c **** /*******************************************************************************
 171:Generated_Source\PSoC4/IDAC_2.c **** * Function Name: IDAC_2_SetValue
ARM GAS  C:\Users\Rajesh\AppData\Local\Temp\cckZzhsh.s 			page 8


 172:Generated_Source\PSoC4/IDAC_2.c **** ********************************************************************************
 173:Generated_Source\PSoC4/IDAC_2.c **** *
 174:Generated_Source\PSoC4/IDAC_2.c **** * Summary:
 175:Generated_Source\PSoC4/IDAC_2.c **** *  Sets the IDAC value.
 176:Generated_Source\PSoC4/IDAC_2.c **** *
 177:Generated_Source\PSoC4/IDAC_2.c **** * Parameters:
 178:Generated_Source\PSoC4/IDAC_2.c **** *  uint32 value
 179:Generated_Source\PSoC4/IDAC_2.c **** *
 180:Generated_Source\PSoC4/IDAC_2.c **** * Return:
 181:Generated_Source\PSoC4/IDAC_2.c **** *  None
 182:Generated_Source\PSoC4/IDAC_2.c **** *
 183:Generated_Source\PSoC4/IDAC_2.c **** * Global variables:
 184:Generated_Source\PSoC4/IDAC_2.c **** *  None
 185:Generated_Source\PSoC4/IDAC_2.c **** *
 186:Generated_Source\PSoC4/IDAC_2.c **** *******************************************************************************/
 187:Generated_Source\PSoC4/IDAC_2.c **** void IDAC_2_SetValue(uint32 value)
 188:Generated_Source\PSoC4/IDAC_2.c **** {
 229              		.loc 1 188 0
 230              		.cfi_startproc
 231              		@ args = 0, pretend = 0, frame = 0
 232              		@ frame_needed = 0, uses_anonymous_args = 0
 233              	.LVL12:
 234 0000 10B5     		push	{r4, lr}
 235              		.cfi_def_cfa_offset 8
 236              		.cfi_offset 4, -8
 237              		.cfi_offset 14, -4
 238 0002 0400     		movs	r4, r0
 189:Generated_Source\PSoC4/IDAC_2.c ****     uint8 enableInterrupts;
 190:Generated_Source\PSoC4/IDAC_2.c ****     uint32 newRegisterValue;
 191:Generated_Source\PSoC4/IDAC_2.c **** 
 192:Generated_Source\PSoC4/IDAC_2.c ****     enableInterrupts = CyEnterCriticalSection();
 239              		.loc 1 192 0
 240 0004 FFF7FEFF 		bl	CyEnterCriticalSection
 241              	.LVL13:
 193:Generated_Source\PSoC4/IDAC_2.c **** 
 194:Generated_Source\PSoC4/IDAC_2.c ****     #if(IDAC_2_IDAC_VALUE_POSITION != 0u)
 195:Generated_Source\PSoC4/IDAC_2.c ****         newRegisterValue = ((IDAC_2_IDAC_CONTROL_REG & (~(uint32)((uint32)IDAC_2_IDAC_VALUE_MASK <<
 242              		.loc 1 195 0
 243 0008 044A     		ldr	r2, .L15
 244 000a 1168     		ldr	r1, [r2]
 245 000c 044B     		ldr	r3, .L15+4
 246 000e 0B40     		ands	r3, r1
 196:Generated_Source\PSoC4/IDAC_2.c ****         IDAC_2_IDAC_VALUE_POSITION))) | (value << IDAC_2_IDAC_VALUE_POSITION));
 247              		.loc 1 196 0
 248 0010 2404     		lsls	r4, r4, #16
 249              	.LVL14:
 195:Generated_Source\PSoC4/IDAC_2.c ****         IDAC_2_IDAC_VALUE_POSITION))) | (value << IDAC_2_IDAC_VALUE_POSITION));
 250              		.loc 1 195 0
 251 0012 1C43     		orrs	r4, r3
 252              	.LVL15:
 197:Generated_Source\PSoC4/IDAC_2.c ****     #else
 198:Generated_Source\PSoC4/IDAC_2.c ****         newRegisterValue = ((IDAC_2_IDAC_CONTROL_REG & (~(uint32)IDAC_2_IDAC_VALUE_MASK)) | value);
 199:Generated_Source\PSoC4/IDAC_2.c ****     #endif /* IDAC_2_IDAC_VALUE_POSITION != 0u */
 200:Generated_Source\PSoC4/IDAC_2.c **** 
 201:Generated_Source\PSoC4/IDAC_2.c ****     IDAC_2_IDAC_CONTROL_REG = newRegisterValue;
 253              		.loc 1 201 0
 254 0014 1460     		str	r4, [r2]
ARM GAS  C:\Users\Rajesh\AppData\Local\Temp\cckZzhsh.s 			page 9


 202:Generated_Source\PSoC4/IDAC_2.c **** 
 203:Generated_Source\PSoC4/IDAC_2.c ****     CyExitCriticalSection(enableInterrupts);
 255              		.loc 1 203 0
 256 0016 FFF7FEFF 		bl	CyExitCriticalSection
 257              	.LVL16:
 204:Generated_Source\PSoC4/IDAC_2.c **** }
 258              		.loc 1 204 0
 259              		@ sp needed
 260              	.LVL17:
 261 001a 10BD     		pop	{r4, pc}
 262              	.L16:
 263              		.align	2
 264              	.L15:
 265 001c 08000840 		.word	1074266120
 266 0020 FFFF80FF 		.word	-8323073
 267              		.cfi_endproc
 268              	.LFE4:
 269              		.size	IDAC_2_SetValue, .-IDAC_2_SetValue
 270              		.global	IDAC_2_initVar
 271              		.bss
 272              		.align	2
 273              		.set	.LANCHOR0,. + 0
 274              		.type	IDAC_2_initVar, %object
 275              		.size	IDAC_2_initVar, 4
 276              	IDAC_2_initVar:
 277 0000 00000000 		.space	4
 278              		.text
 279              	.Letext0:
 280              		.file 2 "Generated_Source\\PSoC4\\cytypes.h"
 281              		.file 3 "Generated_Source\\PSoC4\\CyLib.h"
 282              		.section	.debug_info,"",%progbits
 283              	.Ldebug_info0:
 284 0000 1D020000 		.4byte	0x21d
 285 0004 0400     		.2byte	0x4
 286 0006 00000000 		.4byte	.Ldebug_abbrev0
 287 000a 04       		.byte	0x4
 288 000b 01       		.uleb128 0x1
 289 000c 3B010000 		.4byte	.LASF28
 290 0010 0C       		.byte	0xc
 291 0011 00000000 		.4byte	.LASF29
 292 0015 20000000 		.4byte	.LASF30
 293 0019 00000000 		.4byte	.Ldebug_ranges0+0
 294 001d 00000000 		.4byte	0
 295 0021 00000000 		.4byte	.Ldebug_line0
 296 0025 02       		.uleb128 0x2
 297 0026 01       		.byte	0x1
 298 0027 06       		.byte	0x6
 299 0028 3A020000 		.4byte	.LASF0
 300 002c 02       		.uleb128 0x2
 301 002d 01       		.byte	0x1
 302 002e 08       		.byte	0x8
 303 002f 89000000 		.4byte	.LASF1
 304 0033 02       		.uleb128 0x2
 305 0034 02       		.byte	0x2
 306 0035 05       		.byte	0x5
 307 0036 05020000 		.4byte	.LASF2
 308 003a 02       		.uleb128 0x2
ARM GAS  C:\Users\Rajesh\AppData\Local\Temp\cckZzhsh.s 			page 10


 309 003b 02       		.byte	0x2
 310 003c 07       		.byte	0x7
 311 003d 53000000 		.4byte	.LASF3
 312 0041 02       		.uleb128 0x2
 313 0042 04       		.byte	0x4
 314 0043 05       		.byte	0x5
 315 0044 0F020000 		.4byte	.LASF4
 316 0048 02       		.uleb128 0x2
 317 0049 04       		.byte	0x4
 318 004a 07       		.byte	0x7
 319 004b 9C000000 		.4byte	.LASF5
 320 004f 02       		.uleb128 0x2
 321 0050 08       		.byte	0x8
 322 0051 05       		.byte	0x5
 323 0052 F2010000 		.4byte	.LASF6
 324 0056 02       		.uleb128 0x2
 325 0057 08       		.byte	0x8
 326 0058 07       		.byte	0x7
 327 0059 72000000 		.4byte	.LASF7
 328 005d 03       		.uleb128 0x3
 329 005e 04       		.byte	0x4
 330 005f 05       		.byte	0x5
 331 0060 696E7400 		.ascii	"int\000"
 332 0064 02       		.uleb128 0x2
 333 0065 04       		.byte	0x4
 334 0066 07       		.byte	0x7
 335 0067 FF000000 		.4byte	.LASF8
 336 006b 04       		.uleb128 0x4
 337 006c AE000000 		.4byte	.LASF9
 338 0070 02       		.byte	0x2
 339 0071 B901     		.2byte	0x1b9
 340 0073 2C000000 		.4byte	0x2c
 341 0077 04       		.uleb128 0x4
 342 0078 E1000000 		.4byte	.LASF10
 343 007c 02       		.byte	0x2
 344 007d BB01     		.2byte	0x1bb
 345 007f 48000000 		.4byte	0x48
 346 0083 02       		.uleb128 0x2
 347 0084 04       		.byte	0x4
 348 0085 04       		.byte	0x4
 349 0086 47000000 		.4byte	.LASF11
 350 008a 02       		.uleb128 0x2
 351 008b 08       		.byte	0x8
 352 008c 04       		.byte	0x4
 353 008d C5000000 		.4byte	.LASF12
 354 0091 02       		.uleb128 0x2
 355 0092 01       		.byte	0x1
 356 0093 08       		.byte	0x8
 357 0094 00020000 		.4byte	.LASF13
 358 0098 04       		.uleb128 0x4
 359 0099 97000000 		.4byte	.LASF14
 360 009d 02       		.byte	0x2
 361 009e 6302     		.2byte	0x263
 362 00a0 A4000000 		.4byte	0xa4
 363 00a4 05       		.uleb128 0x5
 364 00a5 6B000000 		.4byte	0x6b
 365 00a9 04       		.uleb128 0x4
ARM GAS  C:\Users\Rajesh\AppData\Local\Temp\cckZzhsh.s 			page 11


 366 00aa 18020000 		.4byte	.LASF15
 367 00ae 02       		.byte	0x2
 368 00af 6502     		.2byte	0x265
 369 00b1 B5000000 		.4byte	0xb5
 370 00b5 05       		.uleb128 0x5
 371 00b6 77000000 		.4byte	0x77
 372 00ba 02       		.uleb128 0x2
 373 00bb 08       		.byte	0x8
 374 00bc 04       		.byte	0x4
 375 00bd 1E020000 		.4byte	.LASF16
 376 00c1 02       		.uleb128 0x2
 377 00c2 04       		.byte	0x4
 378 00c3 07       		.byte	0x7
 379 00c4 E9010000 		.4byte	.LASF17
 380 00c8 06       		.uleb128 0x6
 381 00c9 66000000 		.4byte	.LASF20
 382 00cd 01       		.byte	0x1
 383 00ce 25       		.byte	0x25
 384 00cf 00000000 		.4byte	.LFB0
 385 00d3 54000000 		.4byte	.LFE0-.LFB0
 386 00d7 01       		.uleb128 0x1
 387 00d8 9C       		.byte	0x9c
 388 00d9 0E010000 		.4byte	0x10e
 389 00dd 07       		.uleb128 0x7
 390 00de CC000000 		.4byte	.LASF18
 391 00e2 01       		.byte	0x1
 392 00e3 27       		.byte	0x27
 393 00e4 77000000 		.4byte	0x77
 394 00e8 00000000 		.4byte	.LLST0
 395 00ec 07       		.uleb128 0x7
 396 00ed B4000000 		.4byte	.LASF19
 397 00f1 01       		.byte	0x1
 398 00f2 28       		.byte	0x28
 399 00f3 6B000000 		.4byte	0x6b
 400 00f7 2A000000 		.4byte	.LLST1
 401 00fb 08       		.uleb128 0x8
 402 00fc 06000000 		.4byte	.LVL0
 403 0100 0A020000 		.4byte	0x20a
 404 0104 08       		.uleb128 0x8
 405 0105 3E000000 		.4byte	.LVL5
 406 0109 15020000 		.4byte	0x215
 407 010d 00       		.byte	0
 408 010e 06       		.uleb128 0x6
 409 010f D3000000 		.4byte	.LASF21
 410 0113 01       		.byte	0x1
 411 0114 5E       		.byte	0x5e
 412 0115 00000000 		.4byte	.LFB1
 413 0119 2C000000 		.4byte	.LFE1-.LFB1
 414 011d 01       		.uleb128 0x1
 415 011e 9C       		.byte	0x9c
 416 011f 45010000 		.4byte	0x145
 417 0123 07       		.uleb128 0x7
 418 0124 B4000000 		.4byte	.LASF19
 419 0128 01       		.byte	0x1
 420 0129 60       		.byte	0x60
 421 012a 6B000000 		.4byte	0x6b
 422 012e 3D000000 		.4byte	.LLST2
ARM GAS  C:\Users\Rajesh\AppData\Local\Temp\cckZzhsh.s 			page 12


 423 0132 08       		.uleb128 0x8
 424 0133 06000000 		.4byte	.LVL6
 425 0137 0A020000 		.4byte	0x20a
 426 013b 08       		.uleb128 0x8
 427 013c 22000000 		.4byte	.LVL7
 428 0140 15020000 		.4byte	0x215
 429 0144 00       		.byte	0
 430 0145 06       		.uleb128 0x6
 431 0146 2E010000 		.4byte	.LASF22
 432 014a 01       		.byte	0x1
 433 014b 7F       		.byte	0x7f
 434 014c 00000000 		.4byte	.LFB2
 435 0150 20000000 		.4byte	.LFE2-.LFB2
 436 0154 01       		.uleb128 0x1
 437 0155 9C       		.byte	0x9c
 438 0156 6D010000 		.4byte	0x16d
 439 015a 08       		.uleb128 0x8
 440 015b 0E000000 		.4byte	.LVL8
 441 015f C8000000 		.4byte	0xc8
 442 0163 08       		.uleb128 0x8
 443 0164 18000000 		.4byte	.LVL9
 444 0168 0E010000 		.4byte	0x10e
 445 016c 00       		.byte	0
 446 016d 06       		.uleb128 0x6
 447 016e 22010000 		.4byte	.LASF23
 448 0172 01       		.byte	0x1
 449 0173 9D       		.byte	0x9d
 450 0174 00000000 		.4byte	.LFB3
 451 0178 20000000 		.4byte	.LFE3-.LFB3
 452 017c 01       		.uleb128 0x1
 453 017d 9C       		.byte	0x9c
 454 017e A4010000 		.4byte	0x1a4
 455 0182 07       		.uleb128 0x7
 456 0183 B4000000 		.4byte	.LASF19
 457 0187 01       		.byte	0x1
 458 0188 9F       		.byte	0x9f
 459 0189 6B000000 		.4byte	0x6b
 460 018d 50000000 		.4byte	.LLST3
 461 0191 08       		.uleb128 0x8
 462 0192 06000000 		.4byte	.LVL10
 463 0196 0A020000 		.4byte	0x20a
 464 019a 08       		.uleb128 0x8
 465 019b 14000000 		.4byte	.LVL11
 466 019f 15020000 		.4byte	0x215
 467 01a3 00       		.byte	0
 468 01a4 06       		.uleb128 0x6
 469 01a5 2A020000 		.4byte	.LASF24
 470 01a9 01       		.byte	0x1
 471 01aa BB       		.byte	0xbb
 472 01ab 00000000 		.4byte	.LFB4
 473 01af 24000000 		.4byte	.LFE4-.LFB4
 474 01b3 01       		.uleb128 0x1
 475 01b4 9C       		.byte	0x9c
 476 01b5 F9010000 		.4byte	0x1f9
 477 01b9 09       		.uleb128 0x9
 478 01ba 4D000000 		.4byte	.LASF31
 479 01be 01       		.byte	0x1
ARM GAS  C:\Users\Rajesh\AppData\Local\Temp\cckZzhsh.s 			page 13


 480 01bf BB       		.byte	0xbb
 481 01c0 77000000 		.4byte	0x77
 482 01c4 63000000 		.4byte	.LLST4
 483 01c8 07       		.uleb128 0x7
 484 01c9 B4000000 		.4byte	.LASF19
 485 01cd 01       		.byte	0x1
 486 01ce BD       		.byte	0xbd
 487 01cf 6B000000 		.4byte	0x6b
 488 01d3 8F000000 		.4byte	.LLST5
 489 01d7 07       		.uleb128 0x7
 490 01d8 C9010000 		.4byte	.LASF25
 491 01dc 01       		.byte	0x1
 492 01dd BE       		.byte	0xbe
 493 01de 77000000 		.4byte	0x77
 494 01e2 A2000000 		.4byte	.LLST6
 495 01e6 08       		.uleb128 0x8
 496 01e7 08000000 		.4byte	.LVL13
 497 01eb 0A020000 		.4byte	0x20a
 498 01ef 08       		.uleb128 0x8
 499 01f0 1A000000 		.4byte	.LVL16
 500 01f4 15020000 		.4byte	0x215
 501 01f8 00       		.byte	0
 502 01f9 0A       		.uleb128 0xa
 503 01fa DA010000 		.4byte	.LASF32
 504 01fe 01       		.byte	0x1
 505 01ff 11       		.byte	0x11
 506 0200 77000000 		.4byte	0x77
 507 0204 05       		.uleb128 0x5
 508 0205 03       		.byte	0x3
 509 0206 00000000 		.4byte	IDAC_2_initVar
 510 020a 0B       		.uleb128 0xb
 511 020b E8000000 		.4byte	.LASF26
 512 020f E8000000 		.4byte	.LASF26
 513 0213 03       		.byte	0x3
 514 0214 E5       		.byte	0xe5
 515 0215 0B       		.uleb128 0xb
 516 0216 0C010000 		.4byte	.LASF27
 517 021a 0C010000 		.4byte	.LASF27
 518 021e 03       		.byte	0x3
 519 021f E6       		.byte	0xe6
 520 0220 00       		.byte	0
 521              		.section	.debug_abbrev,"",%progbits
 522              	.Ldebug_abbrev0:
 523 0000 01       		.uleb128 0x1
 524 0001 11       		.uleb128 0x11
 525 0002 01       		.byte	0x1
 526 0003 25       		.uleb128 0x25
 527 0004 0E       		.uleb128 0xe
 528 0005 13       		.uleb128 0x13
 529 0006 0B       		.uleb128 0xb
 530 0007 03       		.uleb128 0x3
 531 0008 0E       		.uleb128 0xe
 532 0009 1B       		.uleb128 0x1b
 533 000a 0E       		.uleb128 0xe
 534 000b 55       		.uleb128 0x55
 535 000c 17       		.uleb128 0x17
 536 000d 11       		.uleb128 0x11
ARM GAS  C:\Users\Rajesh\AppData\Local\Temp\cckZzhsh.s 			page 14


 537 000e 01       		.uleb128 0x1
 538 000f 10       		.uleb128 0x10
 539 0010 17       		.uleb128 0x17
 540 0011 00       		.byte	0
 541 0012 00       		.byte	0
 542 0013 02       		.uleb128 0x2
 543 0014 24       		.uleb128 0x24
 544 0015 00       		.byte	0
 545 0016 0B       		.uleb128 0xb
 546 0017 0B       		.uleb128 0xb
 547 0018 3E       		.uleb128 0x3e
 548 0019 0B       		.uleb128 0xb
 549 001a 03       		.uleb128 0x3
 550 001b 0E       		.uleb128 0xe
 551 001c 00       		.byte	0
 552 001d 00       		.byte	0
 553 001e 03       		.uleb128 0x3
 554 001f 24       		.uleb128 0x24
 555 0020 00       		.byte	0
 556 0021 0B       		.uleb128 0xb
 557 0022 0B       		.uleb128 0xb
 558 0023 3E       		.uleb128 0x3e
 559 0024 0B       		.uleb128 0xb
 560 0025 03       		.uleb128 0x3
 561 0026 08       		.uleb128 0x8
 562 0027 00       		.byte	0
 563 0028 00       		.byte	0
 564 0029 04       		.uleb128 0x4
 565 002a 16       		.uleb128 0x16
 566 002b 00       		.byte	0
 567 002c 03       		.uleb128 0x3
 568 002d 0E       		.uleb128 0xe
 569 002e 3A       		.uleb128 0x3a
 570 002f 0B       		.uleb128 0xb
 571 0030 3B       		.uleb128 0x3b
 572 0031 05       		.uleb128 0x5
 573 0032 49       		.uleb128 0x49
 574 0033 13       		.uleb128 0x13
 575 0034 00       		.byte	0
 576 0035 00       		.byte	0
 577 0036 05       		.uleb128 0x5
 578 0037 35       		.uleb128 0x35
 579 0038 00       		.byte	0
 580 0039 49       		.uleb128 0x49
 581 003a 13       		.uleb128 0x13
 582 003b 00       		.byte	0
 583 003c 00       		.byte	0
 584 003d 06       		.uleb128 0x6
 585 003e 2E       		.uleb128 0x2e
 586 003f 01       		.byte	0x1
 587 0040 3F       		.uleb128 0x3f
 588 0041 19       		.uleb128 0x19
 589 0042 03       		.uleb128 0x3
 590 0043 0E       		.uleb128 0xe
 591 0044 3A       		.uleb128 0x3a
 592 0045 0B       		.uleb128 0xb
 593 0046 3B       		.uleb128 0x3b
ARM GAS  C:\Users\Rajesh\AppData\Local\Temp\cckZzhsh.s 			page 15


 594 0047 0B       		.uleb128 0xb
 595 0048 27       		.uleb128 0x27
 596 0049 19       		.uleb128 0x19
 597 004a 11       		.uleb128 0x11
 598 004b 01       		.uleb128 0x1
 599 004c 12       		.uleb128 0x12
 600 004d 06       		.uleb128 0x6
 601 004e 40       		.uleb128 0x40
 602 004f 18       		.uleb128 0x18
 603 0050 9742     		.uleb128 0x2117
 604 0052 19       		.uleb128 0x19
 605 0053 01       		.uleb128 0x1
 606 0054 13       		.uleb128 0x13
 607 0055 00       		.byte	0
 608 0056 00       		.byte	0
 609 0057 07       		.uleb128 0x7
 610 0058 34       		.uleb128 0x34
 611 0059 00       		.byte	0
 612 005a 03       		.uleb128 0x3
 613 005b 0E       		.uleb128 0xe
 614 005c 3A       		.uleb128 0x3a
 615 005d 0B       		.uleb128 0xb
 616 005e 3B       		.uleb128 0x3b
 617 005f 0B       		.uleb128 0xb
 618 0060 49       		.uleb128 0x49
 619 0061 13       		.uleb128 0x13
 620 0062 02       		.uleb128 0x2
 621 0063 17       		.uleb128 0x17
 622 0064 00       		.byte	0
 623 0065 00       		.byte	0
 624 0066 08       		.uleb128 0x8
 625 0067 898201   		.uleb128 0x4109
 626 006a 00       		.byte	0
 627 006b 11       		.uleb128 0x11
 628 006c 01       		.uleb128 0x1
 629 006d 31       		.uleb128 0x31
 630 006e 13       		.uleb128 0x13
 631 006f 00       		.byte	0
 632 0070 00       		.byte	0
 633 0071 09       		.uleb128 0x9
 634 0072 05       		.uleb128 0x5
 635 0073 00       		.byte	0
 636 0074 03       		.uleb128 0x3
 637 0075 0E       		.uleb128 0xe
 638 0076 3A       		.uleb128 0x3a
 639 0077 0B       		.uleb128 0xb
 640 0078 3B       		.uleb128 0x3b
 641 0079 0B       		.uleb128 0xb
 642 007a 49       		.uleb128 0x49
 643 007b 13       		.uleb128 0x13
 644 007c 02       		.uleb128 0x2
 645 007d 17       		.uleb128 0x17
 646 007e 00       		.byte	0
 647 007f 00       		.byte	0
 648 0080 0A       		.uleb128 0xa
 649 0081 34       		.uleb128 0x34
 650 0082 00       		.byte	0
ARM GAS  C:\Users\Rajesh\AppData\Local\Temp\cckZzhsh.s 			page 16


 651 0083 03       		.uleb128 0x3
 652 0084 0E       		.uleb128 0xe
 653 0085 3A       		.uleb128 0x3a
 654 0086 0B       		.uleb128 0xb
 655 0087 3B       		.uleb128 0x3b
 656 0088 0B       		.uleb128 0xb
 657 0089 49       		.uleb128 0x49
 658 008a 13       		.uleb128 0x13
 659 008b 3F       		.uleb128 0x3f
 660 008c 19       		.uleb128 0x19
 661 008d 02       		.uleb128 0x2
 662 008e 18       		.uleb128 0x18
 663 008f 00       		.byte	0
 664 0090 00       		.byte	0
 665 0091 0B       		.uleb128 0xb
 666 0092 2E       		.uleb128 0x2e
 667 0093 00       		.byte	0
 668 0094 3F       		.uleb128 0x3f
 669 0095 19       		.uleb128 0x19
 670 0096 3C       		.uleb128 0x3c
 671 0097 19       		.uleb128 0x19
 672 0098 6E       		.uleb128 0x6e
 673 0099 0E       		.uleb128 0xe
 674 009a 03       		.uleb128 0x3
 675 009b 0E       		.uleb128 0xe
 676 009c 3A       		.uleb128 0x3a
 677 009d 0B       		.uleb128 0xb
 678 009e 3B       		.uleb128 0x3b
 679 009f 0B       		.uleb128 0xb
 680 00a0 00       		.byte	0
 681 00a1 00       		.byte	0
 682 00a2 00       		.byte	0
 683              		.section	.debug_loc,"",%progbits
 684              	.Ldebug_loc0:
 685              	.LLST0:
 686 0000 10000000 		.4byte	.LVL1
 687 0004 1A000000 		.4byte	.LVL2
 688 0008 0100     		.2byte	0x1
 689 000a 52       		.byte	0x52
 690 000b 1A000000 		.4byte	.LVL2
 691 000f 20000000 		.4byte	.LVL3
 692 0013 0100     		.2byte	0x1
 693 0015 53       		.byte	0x53
 694 0016 20000000 		.4byte	.LVL3
 695 001a 22000000 		.4byte	.LVL4
 696 001e 0200     		.2byte	0x2
 697 0020 71       		.byte	0x71
 698 0021 00       		.sleb128 0
 699 0022 00000000 		.4byte	0
 700 0026 00000000 		.4byte	0
 701              	.LLST1:
 702 002a 06000000 		.4byte	.LVL0
 703 002e 3D000000 		.4byte	.LVL5-1
 704 0032 0100     		.2byte	0x1
 705 0034 50       		.byte	0x50
 706 0035 00000000 		.4byte	0
 707 0039 00000000 		.4byte	0
ARM GAS  C:\Users\Rajesh\AppData\Local\Temp\cckZzhsh.s 			page 17


 708              	.LLST2:
 709 003d 06000000 		.4byte	.LVL6
 710 0041 21000000 		.4byte	.LVL7-1
 711 0045 0100     		.2byte	0x1
 712 0047 50       		.byte	0x50
 713 0048 00000000 		.4byte	0
 714 004c 00000000 		.4byte	0
 715              	.LLST3:
 716 0050 06000000 		.4byte	.LVL10
 717 0054 13000000 		.4byte	.LVL11-1
 718 0058 0100     		.2byte	0x1
 719 005a 50       		.byte	0x50
 720 005b 00000000 		.4byte	0
 721 005f 00000000 		.4byte	0
 722              	.LLST4:
 723 0063 00000000 		.4byte	.LVL12
 724 0067 07000000 		.4byte	.LVL13-1
 725 006b 0100     		.2byte	0x1
 726 006d 50       		.byte	0x50
 727 006e 07000000 		.4byte	.LVL13-1
 728 0072 12000000 		.4byte	.LVL14
 729 0076 0100     		.2byte	0x1
 730 0078 54       		.byte	0x54
 731 0079 12000000 		.4byte	.LVL14
 732 007d 24000000 		.4byte	.LFE4
 733 0081 0400     		.2byte	0x4
 734 0083 F3       		.byte	0xf3
 735 0084 01       		.uleb128 0x1
 736 0085 50       		.byte	0x50
 737 0086 9F       		.byte	0x9f
 738 0087 00000000 		.4byte	0
 739 008b 00000000 		.4byte	0
 740              	.LLST5:
 741 008f 08000000 		.4byte	.LVL13
 742 0093 19000000 		.4byte	.LVL16-1
 743 0097 0100     		.2byte	0x1
 744 0099 50       		.byte	0x50
 745 009a 00000000 		.4byte	0
 746 009e 00000000 		.4byte	0
 747              	.LLST6:
 748 00a2 14000000 		.4byte	.LVL15
 749 00a6 1A000000 		.4byte	.LVL17
 750 00aa 0100     		.2byte	0x1
 751 00ac 54       		.byte	0x54
 752 00ad 00000000 		.4byte	0
 753 00b1 00000000 		.4byte	0
 754              		.section	.debug_aranges,"",%progbits
 755 0000 3C000000 		.4byte	0x3c
 756 0004 0200     		.2byte	0x2
 757 0006 00000000 		.4byte	.Ldebug_info0
 758 000a 04       		.byte	0x4
 759 000b 00       		.byte	0
 760 000c 0000     		.2byte	0
 761 000e 0000     		.2byte	0
 762 0010 00000000 		.4byte	.LFB0
 763 0014 54000000 		.4byte	.LFE0-.LFB0
 764 0018 00000000 		.4byte	.LFB1
ARM GAS  C:\Users\Rajesh\AppData\Local\Temp\cckZzhsh.s 			page 18


 765 001c 2C000000 		.4byte	.LFE1-.LFB1
 766 0020 00000000 		.4byte	.LFB2
 767 0024 20000000 		.4byte	.LFE2-.LFB2
 768 0028 00000000 		.4byte	.LFB3
 769 002c 20000000 		.4byte	.LFE3-.LFB3
 770 0030 00000000 		.4byte	.LFB4
 771 0034 24000000 		.4byte	.LFE4-.LFB4
 772 0038 00000000 		.4byte	0
 773 003c 00000000 		.4byte	0
 774              		.section	.debug_ranges,"",%progbits
 775              	.Ldebug_ranges0:
 776 0000 00000000 		.4byte	.LFB0
 777 0004 54000000 		.4byte	.LFE0
 778 0008 00000000 		.4byte	.LFB1
 779 000c 2C000000 		.4byte	.LFE1
 780 0010 00000000 		.4byte	.LFB2
 781 0014 20000000 		.4byte	.LFE2
 782 0018 00000000 		.4byte	.LFB3
 783 001c 20000000 		.4byte	.LFE3
 784 0020 00000000 		.4byte	.LFB4
 785 0024 24000000 		.4byte	.LFE4
 786 0028 00000000 		.4byte	0
 787 002c 00000000 		.4byte	0
 788              		.section	.debug_line,"",%progbits
 789              	.Ldebug_line0:
 790 0000 C2000000 		.section	.debug_str,"MS",%progbits,1
 790      02004E00 
 790      00000201 
 790      FB0E0D00 
 790      01010101 
 791              	.LASF29:
 792 0000 47656E65 		.ascii	"Generated_Source\\PSoC4\\IDAC_2.c\000"
 792      72617465 
 792      645F536F 
 792      75726365 
 792      5C50536F 
 793              	.LASF30:
 794 0020 443A5C65 		.ascii	"D:\\ext\\EXTPSOC\\fixed\\Fixed\\fixed.cydsn\000"
 794      78745C45 
 794      58545053 
 794      4F435C66 
 794      69786564 
 795              	.LASF11:
 796 0047 666C6F61 		.ascii	"float\000"
 796      7400
 797              	.LASF31:
 798 004d 76616C75 		.ascii	"value\000"
 798      6500
 799              	.LASF3:
 800 0053 73686F72 		.ascii	"short unsigned int\000"
 800      7420756E 
 800      7369676E 
 800      65642069 
 800      6E7400
 801              	.LASF20:
 802 0066 49444143 		.ascii	"IDAC_2_Init\000"
 802      5F325F49 
ARM GAS  C:\Users\Rajesh\AppData\Local\Temp\cckZzhsh.s 			page 19


 802      6E697400 
 803              	.LASF7:
 804 0072 6C6F6E67 		.ascii	"long long unsigned int\000"
 804      206C6F6E 
 804      6720756E 
 804      7369676E 
 804      65642069 
 805              	.LASF1:
 806 0089 756E7369 		.ascii	"unsigned char\000"
 806      676E6564 
 806      20636861 
 806      7200
 807              	.LASF14:
 808 0097 72656738 		.ascii	"reg8\000"
 808      00
 809              	.LASF5:
 810 009c 6C6F6E67 		.ascii	"long unsigned int\000"
 810      20756E73 
 810      69676E65 
 810      6420696E 
 810      7400
 811              	.LASF9:
 812 00ae 75696E74 		.ascii	"uint8\000"
 812      3800
 813              	.LASF19:
 814 00b4 656E6162 		.ascii	"enableInterrupts\000"
 814      6C65496E 
 814      74657272 
 814      75707473 
 814      00
 815              	.LASF12:
 816 00c5 646F7562 		.ascii	"double\000"
 816      6C6500
 817              	.LASF18:
 818 00cc 72656756 		.ascii	"regVal\000"
 818      616C00
 819              	.LASF21:
 820 00d3 49444143 		.ascii	"IDAC_2_Enable\000"
 820      5F325F45 
 820      6E61626C 
 820      6500
 821              	.LASF10:
 822 00e1 75696E74 		.ascii	"uint32\000"
 822      333200
 823              	.LASF26:
 824 00e8 4379456E 		.ascii	"CyEnterCriticalSection\000"
 824      74657243 
 824      72697469 
 824      63616C53 
 824      65637469 
 825              	.LASF8:
 826 00ff 756E7369 		.ascii	"unsigned int\000"
 826      676E6564 
 826      20696E74 
 826      00
 827              	.LASF27:
 828 010c 43794578 		.ascii	"CyExitCriticalSection\000"
ARM GAS  C:\Users\Rajesh\AppData\Local\Temp\cckZzhsh.s 			page 20


 828      69744372 
 828      69746963 
 828      616C5365 
 828      6374696F 
 829              	.LASF23:
 830 0122 49444143 		.ascii	"IDAC_2_Stop\000"
 830      5F325F53 
 830      746F7000 
 831              	.LASF22:
 832 012e 49444143 		.ascii	"IDAC_2_Start\000"
 832      5F325F53 
 832      74617274 
 832      00
 833              	.LASF28:
 834 013b 474E5520 		.ascii	"GNU C11 5.4.1 20160609 (release) [ARM/embedded-5-br"
 834      43313120 
 834      352E342E 
 834      31203230 
 834      31363036 
 835 016e 616E6368 		.ascii	"anch revision 237715] -mcpu=cortex-m0 -mthumb -g -O"
 835      20726576 
 835      6973696F 
 835      6E203233 
 835      37373135 
 836 01a1 67202D66 		.ascii	"g -ffunction-sections -ffat-lto-objects\000"
 836      66756E63 
 836      74696F6E 
 836      2D736563 
 836      74696F6E 
 837              	.LASF25:
 838 01c9 6E657752 		.ascii	"newRegisterValue\000"
 838      65676973 
 838      74657256 
 838      616C7565 
 838      00
 839              	.LASF32:
 840 01da 49444143 		.ascii	"IDAC_2_initVar\000"
 840      5F325F69 
 840      6E697456 
 840      617200
 841              	.LASF17:
 842 01e9 73697A65 		.ascii	"sizetype\000"
 842      74797065 
 842      00
 843              	.LASF6:
 844 01f2 6C6F6E67 		.ascii	"long long int\000"
 844      206C6F6E 
 844      6720696E 
 844      7400
 845              	.LASF13:
 846 0200 63686172 		.ascii	"char\000"
 846      00
 847              	.LASF2:
 848 0205 73686F72 		.ascii	"short int\000"
 848      7420696E 
 848      7400
 849              	.LASF4:
ARM GAS  C:\Users\Rajesh\AppData\Local\Temp\cckZzhsh.s 			page 21


 850 020f 6C6F6E67 		.ascii	"long int\000"
 850      20696E74 
 850      00
 851              	.LASF15:
 852 0218 72656733 		.ascii	"reg32\000"
 852      3200
 853              	.LASF16:
 854 021e 6C6F6E67 		.ascii	"long double\000"
 854      20646F75 
 854      626C6500 
 855              	.LASF24:
 856 022a 49444143 		.ascii	"IDAC_2_SetValue\000"
 856      5F325F53 
 856      65745661 
 856      6C756500 
 857              	.LASF0:
 858 023a 7369676E 		.ascii	"signed char\000"
 858      65642063 
 858      68617200 
 859              		.ident	"GCC: (GNU Tools for ARM Embedded Processors) 5.4.1 20160609 (release) [ARM/embedded-5-bran
