ARM GAS  C:\Users\ilya\AppData\Local\Temp\ccxscu3U.s 			page 1


   1              		.syntax unified
   2              		.cpu cortex-m0
   3              		.fpu softvfp
   4              		.eabi_attribute 20, 1
   5              		.eabi_attribute 21, 1
   6              		.eabi_attribute 23, 3
   7              		.eabi_attribute 24, 1
   8              		.eabi_attribute 25, 1
   9              		.eabi_attribute 26, 1
  10              		.eabi_attribute 30, 2
  11              		.eabi_attribute 34, 0
  12              		.eabi_attribute 18, 4
  13              		.thumb
  14              		.syntax unified
  15              		.file	"Opamp_FACE_PM.c"
  16              		.text
  17              	.Ltext0:
  18              		.cfi_sections	.debug_frame
  19              		.section	.text.Opamp_FACE_SaveConfig,"ax",%progbits
  20              		.align	2
  21              		.global	Opamp_FACE_SaveConfig
  22              		.code	16
  23              		.thumb_func
  24              		.type	Opamp_FACE_SaveConfig, %function
  25              	Opamp_FACE_SaveConfig:
  26              	.LFB5:
  27              		.cfi_startproc
  28              		@ args = 0, pretend = 0, frame = 0
  29              		@ frame_needed = 0, uses_anonymous_args = 0
  30              		@ link register save eliminated.
  31              		@ sp needed
  32 0000 7047     		bx	lr
  33              		.cfi_endproc
  34              	.LFE5:
  35              		.size	Opamp_FACE_SaveConfig, .-Opamp_FACE_SaveConfig
  36 0002 C046     		.section	.text.Opamp_FACE_RestoreConfig,"ax",%progbits
  37              		.align	2
  38              		.global	Opamp_FACE_RestoreConfig
  39              		.code	16
  40              		.thumb_func
  41              		.type	Opamp_FACE_RestoreConfig, %function
  42              	Opamp_FACE_RestoreConfig:
  43              	.LFB1:
  44              		.file 1 "Generated_Source\\PSoC4\\Opamp_FACE_PM.c"
   1:Generated_Source\PSoC4/Opamp_FACE_PM.c **** /*******************************************************************************
   2:Generated_Source\PSoC4/Opamp_FACE_PM.c **** * File Name: Opamp_FACE_PM.c
   3:Generated_Source\PSoC4/Opamp_FACE_PM.c **** * Version 1.20
   4:Generated_Source\PSoC4/Opamp_FACE_PM.c **** *
   5:Generated_Source\PSoC4/Opamp_FACE_PM.c **** * Description:
   6:Generated_Source\PSoC4/Opamp_FACE_PM.c **** *  This file provides the power management source code to the API for the
   7:Generated_Source\PSoC4/Opamp_FACE_PM.c **** *  Opamp (Analog Buffer) component.
   8:Generated_Source\PSoC4/Opamp_FACE_PM.c **** *
   9:Generated_Source\PSoC4/Opamp_FACE_PM.c **** *
  10:Generated_Source\PSoC4/Opamp_FACE_PM.c **** ********************************************************************************
  11:Generated_Source\PSoC4/Opamp_FACE_PM.c **** * Copyright 2013-2015, Cypress Semiconductor Corporation.  All rights reserved.
  12:Generated_Source\PSoC4/Opamp_FACE_PM.c **** * You may use this file only in accordance with the license, terms, conditions,
  13:Generated_Source\PSoC4/Opamp_FACE_PM.c **** * disclaimers, and limitations in the end user license agreement accompanying
ARM GAS  C:\Users\ilya\AppData\Local\Temp\ccxscu3U.s 			page 2


  14:Generated_Source\PSoC4/Opamp_FACE_PM.c **** * the software package with which this file was provided.
  15:Generated_Source\PSoC4/Opamp_FACE_PM.c **** *******************************************************************************/
  16:Generated_Source\PSoC4/Opamp_FACE_PM.c **** 
  17:Generated_Source\PSoC4/Opamp_FACE_PM.c **** #include "Opamp_FACE.h"
  18:Generated_Source\PSoC4/Opamp_FACE_PM.c **** 
  19:Generated_Source\PSoC4/Opamp_FACE_PM.c **** #if(!Opamp_FACE_CHECK_DEEPSLEEP_SUPPORT)
  20:Generated_Source\PSoC4/Opamp_FACE_PM.c ****     static Opamp_FACE_BACKUP_STRUCT Opamp_FACE_backup =
  21:Generated_Source\PSoC4/Opamp_FACE_PM.c ****     {
  22:Generated_Source\PSoC4/Opamp_FACE_PM.c ****         0u, /* enableState */
  23:Generated_Source\PSoC4/Opamp_FACE_PM.c ****     };
  24:Generated_Source\PSoC4/Opamp_FACE_PM.c **** #endif /* (Opamp_FACE_CHECK_DEEPSLEEP_SUPPORT) */
  25:Generated_Source\PSoC4/Opamp_FACE_PM.c **** 
  26:Generated_Source\PSoC4/Opamp_FACE_PM.c **** 
  27:Generated_Source\PSoC4/Opamp_FACE_PM.c **** /*******************************************************************************
  28:Generated_Source\PSoC4/Opamp_FACE_PM.c **** * Function Name: Opamp_FACE_SaveConfig
  29:Generated_Source\PSoC4/Opamp_FACE_PM.c **** ********************************************************************************
  30:Generated_Source\PSoC4/Opamp_FACE_PM.c **** *
  31:Generated_Source\PSoC4/Opamp_FACE_PM.c **** * Summary:
  32:Generated_Source\PSoC4/Opamp_FACE_PM.c **** *  Empty function. Included for consistency with other components.
  33:Generated_Source\PSoC4/Opamp_FACE_PM.c **** *
  34:Generated_Source\PSoC4/Opamp_FACE_PM.c **** * Parameters:
  35:Generated_Source\PSoC4/Opamp_FACE_PM.c **** *  None
  36:Generated_Source\PSoC4/Opamp_FACE_PM.c **** *
  37:Generated_Source\PSoC4/Opamp_FACE_PM.c **** * Return:
  38:Generated_Source\PSoC4/Opamp_FACE_PM.c **** *  None
  39:Generated_Source\PSoC4/Opamp_FACE_PM.c **** *
  40:Generated_Source\PSoC4/Opamp_FACE_PM.c **** *******************************************************************************/
  41:Generated_Source\PSoC4/Opamp_FACE_PM.c **** void Opamp_FACE_SaveConfig(void)
  42:Generated_Source\PSoC4/Opamp_FACE_PM.c **** {
  43:Generated_Source\PSoC4/Opamp_FACE_PM.c **** 
  44:Generated_Source\PSoC4/Opamp_FACE_PM.c **** }
  45:Generated_Source\PSoC4/Opamp_FACE_PM.c **** 
  46:Generated_Source\PSoC4/Opamp_FACE_PM.c **** 
  47:Generated_Source\PSoC4/Opamp_FACE_PM.c **** /*******************************************************************************
  48:Generated_Source\PSoC4/Opamp_FACE_PM.c **** * Function Name: Opamp_FACE_RestoreConfig
  49:Generated_Source\PSoC4/Opamp_FACE_PM.c **** ********************************************************************************
  50:Generated_Source\PSoC4/Opamp_FACE_PM.c **** *
  51:Generated_Source\PSoC4/Opamp_FACE_PM.c **** * Summary:
  52:Generated_Source\PSoC4/Opamp_FACE_PM.c **** *  Empty function. Included for consistency with other components.
  53:Generated_Source\PSoC4/Opamp_FACE_PM.c **** *
  54:Generated_Source\PSoC4/Opamp_FACE_PM.c **** * Parameters:
  55:Generated_Source\PSoC4/Opamp_FACE_PM.c **** *  None
  56:Generated_Source\PSoC4/Opamp_FACE_PM.c **** *
  57:Generated_Source\PSoC4/Opamp_FACE_PM.c **** * Return:
  58:Generated_Source\PSoC4/Opamp_FACE_PM.c **** *  None
  59:Generated_Source\PSoC4/Opamp_FACE_PM.c **** *
  60:Generated_Source\PSoC4/Opamp_FACE_PM.c **** *******************************************************************************/
  61:Generated_Source\PSoC4/Opamp_FACE_PM.c **** void Opamp_FACE_RestoreConfig(void)
  62:Generated_Source\PSoC4/Opamp_FACE_PM.c **** {
  45              		.loc 1 62 0
  46              		.cfi_startproc
  47              		@ args = 0, pretend = 0, frame = 0
  48              		@ frame_needed = 0, uses_anonymous_args = 0
  49              		@ link register save eliminated.
  63:Generated_Source\PSoC4/Opamp_FACE_PM.c ****     
  64:Generated_Source\PSoC4/Opamp_FACE_PM.c **** }
  50              		.loc 1 64 0
ARM GAS  C:\Users\ilya\AppData\Local\Temp\ccxscu3U.s 			page 3


  51              		@ sp needed
  52 0000 7047     		bx	lr
  53              		.cfi_endproc
  54              	.LFE1:
  55              		.size	Opamp_FACE_RestoreConfig, .-Opamp_FACE_RestoreConfig
  56 0002 C046     		.section	.text.Opamp_FACE_Sleep,"ax",%progbits
  57              		.align	2
  58              		.global	Opamp_FACE_Sleep
  59              		.code	16
  60              		.thumb_func
  61              		.type	Opamp_FACE_Sleep, %function
  62              	Opamp_FACE_Sleep:
  63              	.LFB2:
  65:Generated_Source\PSoC4/Opamp_FACE_PM.c **** 
  66:Generated_Source\PSoC4/Opamp_FACE_PM.c **** 
  67:Generated_Source\PSoC4/Opamp_FACE_PM.c **** /*******************************************************************************
  68:Generated_Source\PSoC4/Opamp_FACE_PM.c **** * Function Name: Opamp_FACE_Sleep
  69:Generated_Source\PSoC4/Opamp_FACE_PM.c **** ********************************************************************************
  70:Generated_Source\PSoC4/Opamp_FACE_PM.c **** *
  71:Generated_Source\PSoC4/Opamp_FACE_PM.c **** * Summary:
  72:Generated_Source\PSoC4/Opamp_FACE_PM.c **** *  This is the preferred API to prepare the component for sleep. The Sleep() API 
  73:Generated_Source\PSoC4/Opamp_FACE_PM.c **** *  saves the current component state. Call the Sleep() function before calling the 
  74:Generated_Source\PSoC4/Opamp_FACE_PM.c **** *  CySysPmDeepSleep() or the CySysPmHibernate() functions. The "Deep sleep operation" 
  75:Generated_Source\PSoC4/Opamp_FACE_PM.c **** *  option has an influence on this function implementation.
  76:Generated_Source\PSoC4/Opamp_FACE_PM.c **** *
  77:Generated_Source\PSoC4/Opamp_FACE_PM.c **** * Parameters:
  78:Generated_Source\PSoC4/Opamp_FACE_PM.c **** *  None
  79:Generated_Source\PSoC4/Opamp_FACE_PM.c **** *
  80:Generated_Source\PSoC4/Opamp_FACE_PM.c **** * Return:
  81:Generated_Source\PSoC4/Opamp_FACE_PM.c **** *  None
  82:Generated_Source\PSoC4/Opamp_FACE_PM.c **** *
  83:Generated_Source\PSoC4/Opamp_FACE_PM.c **** * Global variables:
  84:Generated_Source\PSoC4/Opamp_FACE_PM.c **** *  Opamp_FACE_backup: The structure field 'enableState' is modified
  85:Generated_Source\PSoC4/Opamp_FACE_PM.c **** *  depending on the enable state of the block before entering the sleep mode.
  86:Generated_Source\PSoC4/Opamp_FACE_PM.c **** *
  87:Generated_Source\PSoC4/Opamp_FACE_PM.c **** *******************************************************************************/
  88:Generated_Source\PSoC4/Opamp_FACE_PM.c **** void Opamp_FACE_Sleep(void)
  89:Generated_Source\PSoC4/Opamp_FACE_PM.c **** {
  64              		.loc 1 89 0
  65              		.cfi_startproc
  66              		@ args = 0, pretend = 0, frame = 0
  67              		@ frame_needed = 0, uses_anonymous_args = 0
  90:Generated_Source\PSoC4/Opamp_FACE_PM.c **** #if(!Opamp_FACE_CHECK_DEEPSLEEP_SUPPORT)
  91:Generated_Source\PSoC4/Opamp_FACE_PM.c ****     if(Opamp_FACE_CHECK_PWR_MODE_OFF)
  68              		.loc 1 91 0
  69 0000 0322     		movs	r2, #3
  70 0002 074B     		ldr	r3, .L8
  89:Generated_Source\PSoC4/Opamp_FACE_PM.c **** #if(!Opamp_FACE_CHECK_DEEPSLEEP_SUPPORT)
  71              		.loc 1 89 0
  72 0004 10B5     		push	{r4, lr}
  73              		.cfi_def_cfa_offset 8
  74              		.cfi_offset 4, -8
  75              		.cfi_offset 14, -4
  76              		.loc 1 91 0
  77 0006 1B68     		ldr	r3, [r3]
  78 0008 1340     		ands	r3, r2
  79 000a 02D1     		bne	.L7
ARM GAS  C:\Users\ilya\AppData\Local\Temp\ccxscu3U.s 			page 4


  92:Generated_Source\PSoC4/Opamp_FACE_PM.c ****     {
  93:Generated_Source\PSoC4/Opamp_FACE_PM.c ****         Opamp_FACE_backup.enableState = 1u;
  94:Generated_Source\PSoC4/Opamp_FACE_PM.c ****         Opamp_FACE_Stop();
  95:Generated_Source\PSoC4/Opamp_FACE_PM.c ****     }
  96:Generated_Source\PSoC4/Opamp_FACE_PM.c ****     else /* The component is disabled */
  97:Generated_Source\PSoC4/Opamp_FACE_PM.c ****     {
  98:Generated_Source\PSoC4/Opamp_FACE_PM.c ****         Opamp_FACE_backup.enableState = 0u;
  80              		.loc 1 98 0
  81 000c 054A     		ldr	r2, .L8+4
  82 000e 1370     		strb	r3, [r2]
  83              	.L3:
  99:Generated_Source\PSoC4/Opamp_FACE_PM.c ****     }
 100:Generated_Source\PSoC4/Opamp_FACE_PM.c **** #endif /* (Opamp_FACE_CHECK_DEEPSLEEP_SUPPORT) */
 101:Generated_Source\PSoC4/Opamp_FACE_PM.c **** }
  84              		.loc 1 101 0
  85              		@ sp needed
  86 0010 10BD     		pop	{r4, pc}
  87              	.L7:
  93:Generated_Source\PSoC4/Opamp_FACE_PM.c ****         Opamp_FACE_Stop();
  88              		.loc 1 93 0
  89 0012 044B     		ldr	r3, .L8+4
  90 0014 023A     		subs	r2, r2, #2
  91 0016 1A70     		strb	r2, [r3]
  94:Generated_Source\PSoC4/Opamp_FACE_PM.c ****     }
  92              		.loc 1 94 0
  93 0018 FFF7FEFF 		bl	Opamp_FACE_Stop
  94              	.LVL0:
  95 001c F8E7     		b	.L3
  96              	.L9:
  97 001e C046     		.align	2
  98              	.L8:
  99 0020 04003140 		.word	1076953092
 100 0024 00000000 		.word	.LANCHOR0
 101              		.cfi_endproc
 102              	.LFE2:
 103              		.size	Opamp_FACE_Sleep, .-Opamp_FACE_Sleep
 104              		.section	.text.Opamp_FACE_Wakeup,"ax",%progbits
 105              		.align	2
 106              		.global	Opamp_FACE_Wakeup
 107              		.code	16
 108              		.thumb_func
 109              		.type	Opamp_FACE_Wakeup, %function
 110              	Opamp_FACE_Wakeup:
 111              	.LFB3:
 102:Generated_Source\PSoC4/Opamp_FACE_PM.c **** 
 103:Generated_Source\PSoC4/Opamp_FACE_PM.c **** 
 104:Generated_Source\PSoC4/Opamp_FACE_PM.c **** /*******************************************************************************
 105:Generated_Source\PSoC4/Opamp_FACE_PM.c **** * Function Name: Opamp_FACE_Wakeup
 106:Generated_Source\PSoC4/Opamp_FACE_PM.c **** ********************************************************************************
 107:Generated_Source\PSoC4/Opamp_FACE_PM.c **** *
 108:Generated_Source\PSoC4/Opamp_FACE_PM.c **** * Summary:
 109:Generated_Source\PSoC4/Opamp_FACE_PM.c **** *  This is the preferred API to restore the component to the state when Sleep() 
 110:Generated_Source\PSoC4/Opamp_FACE_PM.c **** *  is called. If the component has been enabled before the Sleep() function is 
 111:Generated_Source\PSoC4/Opamp_FACE_PM.c **** *  called, the Wakeup() function will also re-enable the component.
 112:Generated_Source\PSoC4/Opamp_FACE_PM.c **** *  The "Deep sleep operation" option has an influence on this function
 113:Generated_Source\PSoC4/Opamp_FACE_PM.c **** *  implementation.
 114:Generated_Source\PSoC4/Opamp_FACE_PM.c **** *
ARM GAS  C:\Users\ilya\AppData\Local\Temp\ccxscu3U.s 			page 5


 115:Generated_Source\PSoC4/Opamp_FACE_PM.c **** * Parameters:
 116:Generated_Source\PSoC4/Opamp_FACE_PM.c **** *  None
 117:Generated_Source\PSoC4/Opamp_FACE_PM.c **** *
 118:Generated_Source\PSoC4/Opamp_FACE_PM.c **** * Return:
 119:Generated_Source\PSoC4/Opamp_FACE_PM.c **** *  None
 120:Generated_Source\PSoC4/Opamp_FACE_PM.c **** *
 121:Generated_Source\PSoC4/Opamp_FACE_PM.c **** * Global variables:
 122:Generated_Source\PSoC4/Opamp_FACE_PM.c **** *  Opamp_FACE_backup: The structure field 'enableState' is used to
 123:Generated_Source\PSoC4/Opamp_FACE_PM.c **** *  restore the enable state of block after wakeup from sleep mode.
 124:Generated_Source\PSoC4/Opamp_FACE_PM.c **** *
 125:Generated_Source\PSoC4/Opamp_FACE_PM.c **** *******************************************************************************/
 126:Generated_Source\PSoC4/Opamp_FACE_PM.c **** void Opamp_FACE_Wakeup(void)
 127:Generated_Source\PSoC4/Opamp_FACE_PM.c **** {
 112              		.loc 1 127 0
 113              		.cfi_startproc
 114              		@ args = 0, pretend = 0, frame = 0
 115              		@ frame_needed = 0, uses_anonymous_args = 0
 116 0000 10B5     		push	{r4, lr}
 117              		.cfi_def_cfa_offset 8
 118              		.cfi_offset 4, -8
 119              		.cfi_offset 14, -4
 128:Generated_Source\PSoC4/Opamp_FACE_PM.c **** #if(!Opamp_FACE_CHECK_DEEPSLEEP_SUPPORT)
 129:Generated_Source\PSoC4/Opamp_FACE_PM.c ****     if(0u != Opamp_FACE_backup.enableState)
 120              		.loc 1 129 0
 121 0002 034B     		ldr	r3, .L15
 122 0004 1B78     		ldrb	r3, [r3]
 123 0006 002B     		cmp	r3, #0
 124 0008 01D0     		beq	.L10
 130:Generated_Source\PSoC4/Opamp_FACE_PM.c ****     {
 131:Generated_Source\PSoC4/Opamp_FACE_PM.c ****         /* Enable Opamp's operation */
 132:Generated_Source\PSoC4/Opamp_FACE_PM.c ****         Opamp_FACE_Enable();
 125              		.loc 1 132 0
 126 000a FFF7FEFF 		bl	Opamp_FACE_Enable
 127              	.LVL1:
 128              	.L10:
 133:Generated_Source\PSoC4/Opamp_FACE_PM.c ****     } /* Do nothing if Opamp was disabled before */
 134:Generated_Source\PSoC4/Opamp_FACE_PM.c **** #endif /* (Opamp_FACE_CHECK_DEEPSLEEP_SUPPORT) */
 135:Generated_Source\PSoC4/Opamp_FACE_PM.c **** }
 129              		.loc 1 135 0
 130              		@ sp needed
 131 000e 10BD     		pop	{r4, pc}
 132              	.L16:
 133              		.align	2
 134              	.L15:
 135 0010 00000000 		.word	.LANCHOR0
 136              		.cfi_endproc
 137              	.LFE3:
 138              		.size	Opamp_FACE_Wakeup, .-Opamp_FACE_Wakeup
 139              		.bss
 140              		.align	2
 141              		.set	.LANCHOR0,. + 0
 142              		.type	Opamp_FACE_backup, %object
 143              		.size	Opamp_FACE_backup, 1
 144              	Opamp_FACE_backup:
 145 0000 00       		.space	1
 146              		.text
 147              	.Letext0:
ARM GAS  C:\Users\ilya\AppData\Local\Temp\ccxscu3U.s 			page 6


 148              		.file 2 "Generated_Source\\PSoC4\\cytypes.h"
 149              		.file 3 "Generated_Source\\PSoC4\\Opamp_FACE.h"
 150              		.section	.debug_info,"",%progbits
 151              	.Ldebug_info0:
 152 0000 42010000 		.4byte	0x142
 153 0004 0400     		.2byte	0x4
 154 0006 00000000 		.4byte	.Ldebug_abbrev0
 155 000a 04       		.byte	0x4
 156 000b 01       		.uleb128 0x1
 157 000c B2000000 		.4byte	.LASF20
 158 0010 0C       		.byte	0xc
 159 0011 1F000000 		.4byte	.LASF21
 160 0015 D2010000 		.4byte	.LASF22
 161 0019 00000000 		.4byte	.Ldebug_ranges0+0
 162 001d 00000000 		.4byte	0
 163 0021 00000000 		.4byte	.Ldebug_line0
 164 0025 02       		.uleb128 0x2
 165 0026 01       		.byte	0x1
 166 0027 06       		.byte	0x6
 167 0028 05020000 		.4byte	.LASF0
 168 002c 02       		.uleb128 0x2
 169 002d 01       		.byte	0x1
 170 002e 08       		.byte	0x8
 171 002f 4C000000 		.4byte	.LASF1
 172 0033 02       		.uleb128 0x2
 173 0034 02       		.byte	0x2
 174 0035 05       		.byte	0x5
 175 0036 97010000 		.4byte	.LASF2
 176 003a 02       		.uleb128 0x2
 177 003b 02       		.byte	0x2
 178 003c 07       		.byte	0x7
 179 003d 7C000000 		.4byte	.LASF3
 180 0041 02       		.uleb128 0x2
 181 0042 04       		.byte	0x4
 182 0043 05       		.byte	0x5
 183 0044 F0010000 		.4byte	.LASF4
 184 0048 02       		.uleb128 0x2
 185 0049 04       		.byte	0x4
 186 004a 07       		.byte	0x7
 187 004b 6A000000 		.4byte	.LASF5
 188 004f 02       		.uleb128 0x2
 189 0050 08       		.byte	0x8
 190 0051 05       		.byte	0x5
 191 0052 84010000 		.4byte	.LASF6
 192 0056 02       		.uleb128 0x2
 193 0057 08       		.byte	0x8
 194 0058 07       		.byte	0x7
 195 0059 6D010000 		.4byte	.LASF7
 196 005d 03       		.uleb128 0x3
 197 005e 04       		.byte	0x4
 198 005f 05       		.byte	0x5
 199 0060 696E7400 		.ascii	"int\000"
 200 0064 02       		.uleb128 0x2
 201 0065 04       		.byte	0x4
 202 0066 07       		.byte	0x7
 203 0067 60010000 		.4byte	.LASF8
 204 006b 04       		.uleb128 0x4
ARM GAS  C:\Users\ilya\AppData\Local\Temp\ccxscu3U.s 			page 7


 205 006c A1010000 		.4byte	.LASF9
 206 0070 02       		.byte	0x2
 207 0071 D201     		.2byte	0x1d2
 208 0073 2C000000 		.4byte	0x2c
 209 0077 04       		.uleb128 0x4
 210 0078 59010000 		.4byte	.LASF10
 211 007c 02       		.byte	0x2
 212 007d D401     		.2byte	0x1d4
 213 007f 48000000 		.4byte	0x48
 214 0083 02       		.uleb128 0x2
 215 0084 04       		.byte	0x4
 216 0085 04       		.byte	0x4
 217 0086 46000000 		.4byte	.LASF11
 218 008a 02       		.uleb128 0x2
 219 008b 08       		.byte	0x8
 220 008c 04       		.byte	0x4
 221 008d 52010000 		.4byte	.LASF12
 222 0091 02       		.uleb128 0x2
 223 0092 01       		.byte	0x1
 224 0093 08       		.byte	0x8
 225 0094 92010000 		.4byte	.LASF13
 226 0098 04       		.uleb128 0x4
 227 0099 19000000 		.4byte	.LASF14
 228 009d 02       		.byte	0x2
 229 009e 7E02     		.2byte	0x27e
 230 00a0 A4000000 		.4byte	0xa4
 231 00a4 05       		.uleb128 0x5
 232 00a5 77000000 		.4byte	0x77
 233 00a9 06       		.uleb128 0x6
 234 00aa 01       		.byte	0x1
 235 00ab 03       		.byte	0x3
 236 00ac 1E       		.byte	0x1e
 237 00ad BE000000 		.4byte	0xbe
 238 00b1 07       		.uleb128 0x7
 239 00b2 F9010000 		.4byte	.LASF23
 240 00b6 03       		.byte	0x3
 241 00b7 20       		.byte	0x20
 242 00b8 6B000000 		.4byte	0x6b
 243 00bc 00       		.byte	0
 244 00bd 00       		.byte	0
 245 00be 08       		.uleb128 0x8
 246 00bf B9010000 		.4byte	.LASF15
 247 00c3 03       		.byte	0x3
 248 00c4 21       		.byte	0x21
 249 00c5 A9000000 		.4byte	0xa9
 250 00c9 09       		.uleb128 0x9
 251 00ca 00000000 		.4byte	.LASF24
 252 00ce 01       		.byte	0x1
 253 00cf 3D       		.byte	0x3d
 254 00d0 01       		.byte	0x1
 255 00d1 0A       		.uleb128 0xa
 256 00d2 C9000000 		.4byte	0xc9
 257 00d6 00000000 		.4byte	.LFB1
 258 00da 02000000 		.4byte	.LFE1-.LFB1
 259 00de 01       		.uleb128 0x1
 260 00df 9C       		.byte	0x9c
 261 00e0 0B       		.uleb128 0xb
ARM GAS  C:\Users\ilya\AppData\Local\Temp\ccxscu3U.s 			page 8


 262 00e1 A1000000 		.4byte	.LASF16
 263 00e5 01       		.byte	0x1
 264 00e6 58       		.byte	0x58
 265 00e7 00000000 		.4byte	.LFB2
 266 00eb 28000000 		.4byte	.LFE2-.LFB2
 267 00ef 01       		.uleb128 0x1
 268 00f0 9C       		.byte	0x9c
 269 00f1 FF000000 		.4byte	0xff
 270 00f5 0C       		.uleb128 0xc
 271 00f6 1C000000 		.4byte	.LVL0
 272 00fa 2F010000 		.4byte	0x12f
 273 00fe 00       		.byte	0
 274 00ff 0B       		.uleb128 0xb
 275 0100 A7010000 		.4byte	.LASF17
 276 0104 01       		.byte	0x1
 277 0105 7E       		.byte	0x7e
 278 0106 00000000 		.4byte	.LFB3
 279 010a 14000000 		.4byte	.LFE3-.LFB3
 280 010e 01       		.uleb128 0x1
 281 010f 9C       		.byte	0x9c
 282 0110 1E010000 		.4byte	0x11e
 283 0114 0C       		.uleb128 0xc
 284 0115 0E000000 		.4byte	.LVL1
 285 0119 3A010000 		.4byte	0x13a
 286 011d 00       		.byte	0
 287 011e 0D       		.uleb128 0xd
 288 011f 40010000 		.4byte	.LASF25
 289 0123 01       		.byte	0x1
 290 0124 14       		.byte	0x14
 291 0125 BE000000 		.4byte	0xbe
 292 0129 05       		.uleb128 0x5
 293 012a 03       		.byte	0x3
 294 012b 00000000 		.4byte	Opamp_FACE_backup
 295 012f 0E       		.uleb128 0xe
 296 0130 5A000000 		.4byte	.LASF18
 297 0134 5A000000 		.4byte	.LASF18
 298 0138 03       		.byte	0x3
 299 0139 2A       		.byte	0x2a
 300 013a 0E       		.uleb128 0xe
 301 013b 8F000000 		.4byte	.LASF19
 302 013f 8F000000 		.4byte	.LASF19
 303 0143 03       		.byte	0x3
 304 0144 28       		.byte	0x28
 305 0145 00       		.byte	0
 306              		.section	.debug_abbrev,"",%progbits
 307              	.Ldebug_abbrev0:
 308 0000 01       		.uleb128 0x1
 309 0001 11       		.uleb128 0x11
 310 0002 01       		.byte	0x1
 311 0003 25       		.uleb128 0x25
 312 0004 0E       		.uleb128 0xe
 313 0005 13       		.uleb128 0x13
 314 0006 0B       		.uleb128 0xb
 315 0007 03       		.uleb128 0x3
 316 0008 0E       		.uleb128 0xe
 317 0009 1B       		.uleb128 0x1b
 318 000a 0E       		.uleb128 0xe
ARM GAS  C:\Users\ilya\AppData\Local\Temp\ccxscu3U.s 			page 9


 319 000b 55       		.uleb128 0x55
 320 000c 17       		.uleb128 0x17
 321 000d 11       		.uleb128 0x11
 322 000e 01       		.uleb128 0x1
 323 000f 10       		.uleb128 0x10
 324 0010 17       		.uleb128 0x17
 325 0011 00       		.byte	0
 326 0012 00       		.byte	0
 327 0013 02       		.uleb128 0x2
 328 0014 24       		.uleb128 0x24
 329 0015 00       		.byte	0
 330 0016 0B       		.uleb128 0xb
 331 0017 0B       		.uleb128 0xb
 332 0018 3E       		.uleb128 0x3e
 333 0019 0B       		.uleb128 0xb
 334 001a 03       		.uleb128 0x3
 335 001b 0E       		.uleb128 0xe
 336 001c 00       		.byte	0
 337 001d 00       		.byte	0
 338 001e 03       		.uleb128 0x3
 339 001f 24       		.uleb128 0x24
 340 0020 00       		.byte	0
 341 0021 0B       		.uleb128 0xb
 342 0022 0B       		.uleb128 0xb
 343 0023 3E       		.uleb128 0x3e
 344 0024 0B       		.uleb128 0xb
 345 0025 03       		.uleb128 0x3
 346 0026 08       		.uleb128 0x8
 347 0027 00       		.byte	0
 348 0028 00       		.byte	0
 349 0029 04       		.uleb128 0x4
 350 002a 16       		.uleb128 0x16
 351 002b 00       		.byte	0
 352 002c 03       		.uleb128 0x3
 353 002d 0E       		.uleb128 0xe
 354 002e 3A       		.uleb128 0x3a
 355 002f 0B       		.uleb128 0xb
 356 0030 3B       		.uleb128 0x3b
 357 0031 05       		.uleb128 0x5
 358 0032 49       		.uleb128 0x49
 359 0033 13       		.uleb128 0x13
 360 0034 00       		.byte	0
 361 0035 00       		.byte	0
 362 0036 05       		.uleb128 0x5
 363 0037 35       		.uleb128 0x35
 364 0038 00       		.byte	0
 365 0039 49       		.uleb128 0x49
 366 003a 13       		.uleb128 0x13
 367 003b 00       		.byte	0
 368 003c 00       		.byte	0
 369 003d 06       		.uleb128 0x6
 370 003e 13       		.uleb128 0x13
 371 003f 01       		.byte	0x1
 372 0040 0B       		.uleb128 0xb
 373 0041 0B       		.uleb128 0xb
 374 0042 3A       		.uleb128 0x3a
 375 0043 0B       		.uleb128 0xb
ARM GAS  C:\Users\ilya\AppData\Local\Temp\ccxscu3U.s 			page 10


 376 0044 3B       		.uleb128 0x3b
 377 0045 0B       		.uleb128 0xb
 378 0046 01       		.uleb128 0x1
 379 0047 13       		.uleb128 0x13
 380 0048 00       		.byte	0
 381 0049 00       		.byte	0
 382 004a 07       		.uleb128 0x7
 383 004b 0D       		.uleb128 0xd
 384 004c 00       		.byte	0
 385 004d 03       		.uleb128 0x3
 386 004e 0E       		.uleb128 0xe
 387 004f 3A       		.uleb128 0x3a
 388 0050 0B       		.uleb128 0xb
 389 0051 3B       		.uleb128 0x3b
 390 0052 0B       		.uleb128 0xb
 391 0053 49       		.uleb128 0x49
 392 0054 13       		.uleb128 0x13
 393 0055 38       		.uleb128 0x38
 394 0056 0B       		.uleb128 0xb
 395 0057 00       		.byte	0
 396 0058 00       		.byte	0
 397 0059 08       		.uleb128 0x8
 398 005a 16       		.uleb128 0x16
 399 005b 00       		.byte	0
 400 005c 03       		.uleb128 0x3
 401 005d 0E       		.uleb128 0xe
 402 005e 3A       		.uleb128 0x3a
 403 005f 0B       		.uleb128 0xb
 404 0060 3B       		.uleb128 0x3b
 405 0061 0B       		.uleb128 0xb
 406 0062 49       		.uleb128 0x49
 407 0063 13       		.uleb128 0x13
 408 0064 00       		.byte	0
 409 0065 00       		.byte	0
 410 0066 09       		.uleb128 0x9
 411 0067 2E       		.uleb128 0x2e
 412 0068 00       		.byte	0
 413 0069 3F       		.uleb128 0x3f
 414 006a 19       		.uleb128 0x19
 415 006b 03       		.uleb128 0x3
 416 006c 0E       		.uleb128 0xe
 417 006d 3A       		.uleb128 0x3a
 418 006e 0B       		.uleb128 0xb
 419 006f 3B       		.uleb128 0x3b
 420 0070 0B       		.uleb128 0xb
 421 0071 27       		.uleb128 0x27
 422 0072 19       		.uleb128 0x19
 423 0073 20       		.uleb128 0x20
 424 0074 0B       		.uleb128 0xb
 425 0075 00       		.byte	0
 426 0076 00       		.byte	0
 427 0077 0A       		.uleb128 0xa
 428 0078 2E       		.uleb128 0x2e
 429 0079 00       		.byte	0
 430 007a 31       		.uleb128 0x31
 431 007b 13       		.uleb128 0x13
 432 007c 11       		.uleb128 0x11
ARM GAS  C:\Users\ilya\AppData\Local\Temp\ccxscu3U.s 			page 11


 433 007d 01       		.uleb128 0x1
 434 007e 12       		.uleb128 0x12
 435 007f 06       		.uleb128 0x6
 436 0080 40       		.uleb128 0x40
 437 0081 18       		.uleb128 0x18
 438 0082 9742     		.uleb128 0x2117
 439 0084 19       		.uleb128 0x19
 440 0085 00       		.byte	0
 441 0086 00       		.byte	0
 442 0087 0B       		.uleb128 0xb
 443 0088 2E       		.uleb128 0x2e
 444 0089 01       		.byte	0x1
 445 008a 3F       		.uleb128 0x3f
 446 008b 19       		.uleb128 0x19
 447 008c 03       		.uleb128 0x3
 448 008d 0E       		.uleb128 0xe
 449 008e 3A       		.uleb128 0x3a
 450 008f 0B       		.uleb128 0xb
 451 0090 3B       		.uleb128 0x3b
 452 0091 0B       		.uleb128 0xb
 453 0092 27       		.uleb128 0x27
 454 0093 19       		.uleb128 0x19
 455 0094 11       		.uleb128 0x11
 456 0095 01       		.uleb128 0x1
 457 0096 12       		.uleb128 0x12
 458 0097 06       		.uleb128 0x6
 459 0098 40       		.uleb128 0x40
 460 0099 18       		.uleb128 0x18
 461 009a 9742     		.uleb128 0x2117
 462 009c 19       		.uleb128 0x19
 463 009d 01       		.uleb128 0x1
 464 009e 13       		.uleb128 0x13
 465 009f 00       		.byte	0
 466 00a0 00       		.byte	0
 467 00a1 0C       		.uleb128 0xc
 468 00a2 898201   		.uleb128 0x4109
 469 00a5 00       		.byte	0
 470 00a6 11       		.uleb128 0x11
 471 00a7 01       		.uleb128 0x1
 472 00a8 31       		.uleb128 0x31
 473 00a9 13       		.uleb128 0x13
 474 00aa 00       		.byte	0
 475 00ab 00       		.byte	0
 476 00ac 0D       		.uleb128 0xd
 477 00ad 34       		.uleb128 0x34
 478 00ae 00       		.byte	0
 479 00af 03       		.uleb128 0x3
 480 00b0 0E       		.uleb128 0xe
 481 00b1 3A       		.uleb128 0x3a
 482 00b2 0B       		.uleb128 0xb
 483 00b3 3B       		.uleb128 0x3b
 484 00b4 0B       		.uleb128 0xb
 485 00b5 49       		.uleb128 0x49
 486 00b6 13       		.uleb128 0x13
 487 00b7 02       		.uleb128 0x2
 488 00b8 18       		.uleb128 0x18
 489 00b9 00       		.byte	0
ARM GAS  C:\Users\ilya\AppData\Local\Temp\ccxscu3U.s 			page 12


 490 00ba 00       		.byte	0
 491 00bb 0E       		.uleb128 0xe
 492 00bc 2E       		.uleb128 0x2e
 493 00bd 00       		.byte	0
 494 00be 3F       		.uleb128 0x3f
 495 00bf 19       		.uleb128 0x19
 496 00c0 3C       		.uleb128 0x3c
 497 00c1 19       		.uleb128 0x19
 498 00c2 6E       		.uleb128 0x6e
 499 00c3 0E       		.uleb128 0xe
 500 00c4 03       		.uleb128 0x3
 501 00c5 0E       		.uleb128 0xe
 502 00c6 3A       		.uleb128 0x3a
 503 00c7 0B       		.uleb128 0xb
 504 00c8 3B       		.uleb128 0x3b
 505 00c9 0B       		.uleb128 0xb
 506 00ca 00       		.byte	0
 507 00cb 00       		.byte	0
 508 00cc 00       		.byte	0
 509              		.section	.debug_aranges,"",%progbits
 510 0000 2C000000 		.4byte	0x2c
 511 0004 0200     		.2byte	0x2
 512 0006 00000000 		.4byte	.Ldebug_info0
 513 000a 04       		.byte	0x4
 514 000b 00       		.byte	0
 515 000c 0000     		.2byte	0
 516 000e 0000     		.2byte	0
 517 0010 00000000 		.4byte	.LFB1
 518 0014 02000000 		.4byte	.LFE1-.LFB1
 519 0018 00000000 		.4byte	.LFB2
 520 001c 28000000 		.4byte	.LFE2-.LFB2
 521 0020 00000000 		.4byte	.LFB3
 522 0024 14000000 		.4byte	.LFE3-.LFB3
 523 0028 00000000 		.4byte	0
 524 002c 00000000 		.4byte	0
 525              		.section	.debug_ranges,"",%progbits
 526              	.Ldebug_ranges0:
 527 0000 00000000 		.4byte	.LFB1
 528 0004 02000000 		.4byte	.LFE1
 529 0008 00000000 		.4byte	.LFB2
 530 000c 28000000 		.4byte	.LFE2
 531 0010 00000000 		.4byte	.LFB3
 532 0014 14000000 		.4byte	.LFE3
 533 0018 00000000 		.4byte	0
 534 001c 00000000 		.4byte	0
 535              		.section	.debug_line,"",%progbits
 536              	.Ldebug_line0:
 537 0000 9C000000 		.section	.debug_str,"MS",%progbits,1
 537      02005A00 
 537      00000201 
 537      FB0E0D00 
 537      01010101 
 538              	.LASF24:
 539 0000 4F70616D 		.ascii	"Opamp_FACE_RestoreConfig\000"
 539      705F4641 
 539      43455F52 
 539      6573746F 
ARM GAS  C:\Users\ilya\AppData\Local\Temp\ccxscu3U.s 			page 13


 539      7265436F 
 540              	.LASF14:
 541 0019 72656733 		.ascii	"reg32\000"
 541      3200
 542              	.LASF21:
 543 001f 47656E65 		.ascii	"Generated_Source\\PSoC4\\Opamp_FACE_PM.c\000"
 543      72617465 
 543      645F536F 
 543      75726365 
 543      5C50536F 
 544              	.LASF11:
 545 0046 666C6F61 		.ascii	"float\000"
 545      7400
 546              	.LASF1:
 547 004c 756E7369 		.ascii	"unsigned char\000"
 547      676E6564 
 547      20636861 
 547      7200
 548              	.LASF18:
 549 005a 4F70616D 		.ascii	"Opamp_FACE_Stop\000"
 549      705F4641 
 549      43455F53 
 549      746F7000 
 550              	.LASF5:
 551 006a 6C6F6E67 		.ascii	"long unsigned int\000"
 551      20756E73 
 551      69676E65 
 551      6420696E 
 551      7400
 552              	.LASF3:
 553 007c 73686F72 		.ascii	"short unsigned int\000"
 553      7420756E 
 553      7369676E 
 553      65642069 
 553      6E7400
 554              	.LASF19:
 555 008f 4F70616D 		.ascii	"Opamp_FACE_Enable\000"
 555      705F4641 
 555      43455F45 
 555      6E61626C 
 555      6500
 556              	.LASF16:
 557 00a1 4F70616D 		.ascii	"Opamp_FACE_Sleep\000"
 557      705F4641 
 557      43455F53 
 557      6C656570 
 557      00
 558              	.LASF20:
 559 00b2 474E5520 		.ascii	"GNU C11 5.4.1 20160609 (release) [ARM/embedded-5-br"
 559      43313120 
 559      352E342E 
 559      31203230 
 559      31363036 
 560 00e5 616E6368 		.ascii	"anch revision 237715] -mcpu=cortex-m0 -mthumb -g -O"
 560      20726576 
 560      6973696F 
 560      6E203233 
ARM GAS  C:\Users\ilya\AppData\Local\Temp\ccxscu3U.s 			page 14


 560      37373135 
 561 0118 33202D66 		.ascii	"3 -ffunction-sections -ffat-lto-objects\000"
 561      66756E63 
 561      74696F6E 
 561      2D736563 
 561      74696F6E 
 562              	.LASF25:
 563 0140 4F70616D 		.ascii	"Opamp_FACE_backup\000"
 563      705F4641 
 563      43455F62 
 563      61636B75 
 563      7000
 564              	.LASF12:
 565 0152 646F7562 		.ascii	"double\000"
 565      6C6500
 566              	.LASF10:
 567 0159 75696E74 		.ascii	"uint32\000"
 567      333200
 568              	.LASF8:
 569 0160 756E7369 		.ascii	"unsigned int\000"
 569      676E6564 
 569      20696E74 
 569      00
 570              	.LASF7:
 571 016d 6C6F6E67 		.ascii	"long long unsigned int\000"
 571      206C6F6E 
 571      6720756E 
 571      7369676E 
 571      65642069 
 572              	.LASF6:
 573 0184 6C6F6E67 		.ascii	"long long int\000"
 573      206C6F6E 
 573      6720696E 
 573      7400
 574              	.LASF13:
 575 0192 63686172 		.ascii	"char\000"
 575      00
 576              	.LASF2:
 577 0197 73686F72 		.ascii	"short int\000"
 577      7420696E 
 577      7400
 578              	.LASF9:
 579 01a1 75696E74 		.ascii	"uint8\000"
 579      3800
 580              	.LASF17:
 581 01a7 4F70616D 		.ascii	"Opamp_FACE_Wakeup\000"
 581      705F4641 
 581      43455F57 
 581      616B6575 
 581      7000
 582              	.LASF15:
 583 01b9 4F70616D 		.ascii	"Opamp_FACE_BACKUP_STRUCT\000"
 583      705F4641 
 583      43455F42 
 583      41434B55 
 583      505F5354 
 584              	.LASF22:
ARM GAS  C:\Users\ilya\AppData\Local\Temp\ccxscu3U.s 			page 15


 585 01d2 433A5C70 		.ascii	"C:\\psoc\\chamonix\\camera.cydsn\000"
 585      736F635C 
 585      6368616D 
 585      6F6E6978 
 585      5C63616D 
 586              	.LASF4:
 587 01f0 6C6F6E67 		.ascii	"long int\000"
 587      20696E74 
 587      00
 588              	.LASF23:
 589 01f9 656E6162 		.ascii	"enableState\000"
 589      6C655374 
 589      61746500 
 590              	.LASF0:
 591 0205 7369676E 		.ascii	"signed char\000"
 591      65642063 
 591      68617200 
 592              		.ident	"GCC: (GNU Tools for ARM Embedded Processors) 5.4.1 20160609 (release) [ARM/embedded-5-bran
