ARM GAS  C:\Users\ilya\AppData\Local\Temp\ccjZzTFW.s 			page 1


   1              		.syntax unified
   2              		.cpu cortex-m0
   3              		.fpu softvfp
   4              		.eabi_attribute 20, 1
   5              		.eabi_attribute 21, 1
   6              		.eabi_attribute 23, 3
   7              		.eabi_attribute 24, 1
   8              		.eabi_attribute 25, 1
   9              		.eabi_attribute 26, 1
  10              		.eabi_attribute 30, 2
  11              		.eabi_attribute 34, 0
  12              		.eabi_attribute 18, 4
  13              		.thumb
  14              		.syntax unified
  15              		.file	"TRIG_RIGHT.c"
  16              		.text
  17              	.Ltext0:
  18              		.cfi_sections	.debug_frame
  19              		.section	.text.TRIG_RIGHT_SetDriveMode,"ax",%progbits
  20              		.align	2
  21              		.global	TRIG_RIGHT_SetDriveMode
  22              		.code	16
  23              		.thumb_func
  24              		.type	TRIG_RIGHT_SetDriveMode, %function
  25              	TRIG_RIGHT_SetDriveMode:
  26              	.LFB0:
  27              		.file 1 "Generated_Source\\PSoC4\\TRIG_RIGHT.c"
   1:Generated_Source\PSoC4/TRIG_RIGHT.c **** /*******************************************************************************
   2:Generated_Source\PSoC4/TRIG_RIGHT.c **** * File Name: TRIG_RIGHT.c  
   3:Generated_Source\PSoC4/TRIG_RIGHT.c **** * Version 2.20
   4:Generated_Source\PSoC4/TRIG_RIGHT.c **** *
   5:Generated_Source\PSoC4/TRIG_RIGHT.c **** * Description:
   6:Generated_Source\PSoC4/TRIG_RIGHT.c **** *  This file contains API to enable firmware control of a Pins component.
   7:Generated_Source\PSoC4/TRIG_RIGHT.c **** *
   8:Generated_Source\PSoC4/TRIG_RIGHT.c **** ********************************************************************************
   9:Generated_Source\PSoC4/TRIG_RIGHT.c **** * Copyright 2008-2015, Cypress Semiconductor Corporation.  All rights reserved.
  10:Generated_Source\PSoC4/TRIG_RIGHT.c **** * You may use this file only in accordance with the license, terms, conditions, 
  11:Generated_Source\PSoC4/TRIG_RIGHT.c **** * disclaimers, and limitations in the end user license agreement accompanying 
  12:Generated_Source\PSoC4/TRIG_RIGHT.c **** * the software package with which this file was provided.
  13:Generated_Source\PSoC4/TRIG_RIGHT.c **** *******************************************************************************/
  14:Generated_Source\PSoC4/TRIG_RIGHT.c **** 
  15:Generated_Source\PSoC4/TRIG_RIGHT.c **** #include "cytypes.h"
  16:Generated_Source\PSoC4/TRIG_RIGHT.c **** #include "TRIG_RIGHT.h"
  17:Generated_Source\PSoC4/TRIG_RIGHT.c **** 
  18:Generated_Source\PSoC4/TRIG_RIGHT.c **** 
  19:Generated_Source\PSoC4/TRIG_RIGHT.c **** #if defined(TRIG_RIGHT__PC)
  20:Generated_Source\PSoC4/TRIG_RIGHT.c ****     #define TRIG_RIGHT_SetP4PinDriveMode(shift, mode)  \
  21:Generated_Source\PSoC4/TRIG_RIGHT.c ****     do { \
  22:Generated_Source\PSoC4/TRIG_RIGHT.c ****         TRIG_RIGHT_PC =   (TRIG_RIGHT_PC & \
  23:Generated_Source\PSoC4/TRIG_RIGHT.c ****                                 (uint32)(~(uint32)(TRIG_RIGHT_DRIVE_MODE_IND_MASK << \
  24:Generated_Source\PSoC4/TRIG_RIGHT.c ****                                 (TRIG_RIGHT_DRIVE_MODE_BITS * (shift))))) | \
  25:Generated_Source\PSoC4/TRIG_RIGHT.c ****                                 (uint32)((uint32)(mode) << \
  26:Generated_Source\PSoC4/TRIG_RIGHT.c ****                                 (TRIG_RIGHT_DRIVE_MODE_BITS * (shift))); \
  27:Generated_Source\PSoC4/TRIG_RIGHT.c ****     } while (0)
  28:Generated_Source\PSoC4/TRIG_RIGHT.c **** #else
  29:Generated_Source\PSoC4/TRIG_RIGHT.c ****     #if (CY_PSOC4_4200L)
  30:Generated_Source\PSoC4/TRIG_RIGHT.c ****         #define TRIG_RIGHT_SetP4PinDriveMode(shift, mode)  \
ARM GAS  C:\Users\ilya\AppData\Local\Temp\ccjZzTFW.s 			page 2


  31:Generated_Source\PSoC4/TRIG_RIGHT.c ****         do { \
  32:Generated_Source\PSoC4/TRIG_RIGHT.c ****             TRIG_RIGHT_USBIO_CTRL_REG = (TRIG_RIGHT_USBIO_CTRL_REG & \
  33:Generated_Source\PSoC4/TRIG_RIGHT.c ****                                     (uint32)(~(uint32)(TRIG_RIGHT_DRIVE_MODE_IND_MASK << \
  34:Generated_Source\PSoC4/TRIG_RIGHT.c ****                                     (TRIG_RIGHT_DRIVE_MODE_BITS * (shift))))) | \
  35:Generated_Source\PSoC4/TRIG_RIGHT.c ****                                     (uint32)((uint32)(mode) << \
  36:Generated_Source\PSoC4/TRIG_RIGHT.c ****                                     (TRIG_RIGHT_DRIVE_MODE_BITS * (shift))); \
  37:Generated_Source\PSoC4/TRIG_RIGHT.c ****         } while (0)
  38:Generated_Source\PSoC4/TRIG_RIGHT.c ****     #endif
  39:Generated_Source\PSoC4/TRIG_RIGHT.c **** #endif
  40:Generated_Source\PSoC4/TRIG_RIGHT.c ****   
  41:Generated_Source\PSoC4/TRIG_RIGHT.c **** 
  42:Generated_Source\PSoC4/TRIG_RIGHT.c **** #if defined(TRIG_RIGHT__PC) || (CY_PSOC4_4200L) 
  43:Generated_Source\PSoC4/TRIG_RIGHT.c ****     /*******************************************************************************
  44:Generated_Source\PSoC4/TRIG_RIGHT.c ****     * Function Name: TRIG_RIGHT_SetDriveMode
  45:Generated_Source\PSoC4/TRIG_RIGHT.c ****     ****************************************************************************//**
  46:Generated_Source\PSoC4/TRIG_RIGHT.c ****     *
  47:Generated_Source\PSoC4/TRIG_RIGHT.c ****     * \brief Sets the drive mode for each of the Pins component's pins.
  48:Generated_Source\PSoC4/TRIG_RIGHT.c ****     * 
  49:Generated_Source\PSoC4/TRIG_RIGHT.c ****     * <b>Note</b> This affects all pins in the Pins component instance. Use the
  50:Generated_Source\PSoC4/TRIG_RIGHT.c ****     * Per-Pin APIs if you wish to control individual pin's drive modes.
  51:Generated_Source\PSoC4/TRIG_RIGHT.c ****     *
  52:Generated_Source\PSoC4/TRIG_RIGHT.c ****     * <b>Note</b> USBIOs have limited drive functionality. Refer to the Drive Mode
  53:Generated_Source\PSoC4/TRIG_RIGHT.c ****     * parameter for more information.
  54:Generated_Source\PSoC4/TRIG_RIGHT.c ****     *
  55:Generated_Source\PSoC4/TRIG_RIGHT.c ****     * \param mode
  56:Generated_Source\PSoC4/TRIG_RIGHT.c ****     *  Mode for the selected signals. Valid options are documented in 
  57:Generated_Source\PSoC4/TRIG_RIGHT.c ****     *  \ref driveMode.
  58:Generated_Source\PSoC4/TRIG_RIGHT.c ****     *
  59:Generated_Source\PSoC4/TRIG_RIGHT.c ****     * \return
  60:Generated_Source\PSoC4/TRIG_RIGHT.c ****     *  None
  61:Generated_Source\PSoC4/TRIG_RIGHT.c ****     *
  62:Generated_Source\PSoC4/TRIG_RIGHT.c ****     * \sideeffect
  63:Generated_Source\PSoC4/TRIG_RIGHT.c ****     *  If you use read-modify-write operations that are not atomic, the ISR can
  64:Generated_Source\PSoC4/TRIG_RIGHT.c ****     *  cause corruption of this function. An ISR that interrupts this function 
  65:Generated_Source\PSoC4/TRIG_RIGHT.c ****     *  and performs writes to the Pins component Drive Mode registers can cause 
  66:Generated_Source\PSoC4/TRIG_RIGHT.c ****     *  corrupted port data. To avoid this issue, you should either use the Per-Pin
  67:Generated_Source\PSoC4/TRIG_RIGHT.c ****     *  APIs (primary method) or disable interrupts around this function.
  68:Generated_Source\PSoC4/TRIG_RIGHT.c ****     *
  69:Generated_Source\PSoC4/TRIG_RIGHT.c ****     * \funcusage
  70:Generated_Source\PSoC4/TRIG_RIGHT.c ****     *  \snippet TRIG_RIGHT_SUT.c usage_TRIG_RIGHT_SetDriveMode
  71:Generated_Source\PSoC4/TRIG_RIGHT.c ****     *******************************************************************************/
  72:Generated_Source\PSoC4/TRIG_RIGHT.c ****     void TRIG_RIGHT_SetDriveMode(uint8 mode)
  73:Generated_Source\PSoC4/TRIG_RIGHT.c ****     {
  28              		.loc 1 73 0
  29              		.cfi_startproc
  30              		@ args = 0, pretend = 0, frame = 0
  31              		@ frame_needed = 0, uses_anonymous_args = 0
  32              		@ link register save eliminated.
  33              	.LVL0:
  74:Generated_Source\PSoC4/TRIG_RIGHT.c **** 		TRIG_RIGHT_SetP4PinDriveMode(TRIG_RIGHT__0__SHIFT, mode);
  34              		.loc 1 74 0
  35 0000 3821     		movs	r1, #56
  36 0002 034A     		ldr	r2, .L2
  37 0004 C000     		lsls	r0, r0, #3
  38              	.LVL1:
  39 0006 1368     		ldr	r3, [r2]
  75:Generated_Source\PSoC4/TRIG_RIGHT.c ****     }
ARM GAS  C:\Users\ilya\AppData\Local\Temp\ccjZzTFW.s 			page 3


  40              		.loc 1 75 0
  41              		@ sp needed
  74:Generated_Source\PSoC4/TRIG_RIGHT.c **** 		TRIG_RIGHT_SetP4PinDriveMode(TRIG_RIGHT__0__SHIFT, mode);
  42              		.loc 1 74 0
  43 0008 8B43     		bics	r3, r1
  44 000a 1843     		orrs	r0, r3
  45 000c 1060     		str	r0, [r2]
  46              		.loc 1 75 0
  47 000e 7047     		bx	lr
  48              	.L3:
  49              		.align	2
  50              	.L2:
  51 0010 08020440 		.word	1074004488
  52              		.cfi_endproc
  53              	.LFE0:
  54              		.size	TRIG_RIGHT_SetDriveMode, .-TRIG_RIGHT_SetDriveMode
  55              		.section	.text.TRIG_RIGHT_Write,"ax",%progbits
  56              		.align	2
  57              		.global	TRIG_RIGHT_Write
  58              		.code	16
  59              		.thumb_func
  60              		.type	TRIG_RIGHT_Write, %function
  61              	TRIG_RIGHT_Write:
  62              	.LFB1:
  76:Generated_Source\PSoC4/TRIG_RIGHT.c **** #endif
  77:Generated_Source\PSoC4/TRIG_RIGHT.c **** 
  78:Generated_Source\PSoC4/TRIG_RIGHT.c **** 
  79:Generated_Source\PSoC4/TRIG_RIGHT.c **** /*******************************************************************************
  80:Generated_Source\PSoC4/TRIG_RIGHT.c **** * Function Name: TRIG_RIGHT_Write
  81:Generated_Source\PSoC4/TRIG_RIGHT.c **** ****************************************************************************//**
  82:Generated_Source\PSoC4/TRIG_RIGHT.c **** *
  83:Generated_Source\PSoC4/TRIG_RIGHT.c **** * \brief Writes the value to the physical port (data output register), masking
  84:Generated_Source\PSoC4/TRIG_RIGHT.c **** *  and shifting the bits appropriately. 
  85:Generated_Source\PSoC4/TRIG_RIGHT.c **** *
  86:Generated_Source\PSoC4/TRIG_RIGHT.c **** * The data output register controls the signal applied to the physical pin in 
  87:Generated_Source\PSoC4/TRIG_RIGHT.c **** * conjunction with the drive mode parameter. This function avoids changing 
  88:Generated_Source\PSoC4/TRIG_RIGHT.c **** * other bits in the port by using the appropriate method (read-modify-write or
  89:Generated_Source\PSoC4/TRIG_RIGHT.c **** * bit banding).
  90:Generated_Source\PSoC4/TRIG_RIGHT.c **** *
  91:Generated_Source\PSoC4/TRIG_RIGHT.c **** * <b>Note</b> This function should not be used on a hardware digital output pin 
  92:Generated_Source\PSoC4/TRIG_RIGHT.c **** * as it is driven by the hardware signal attached to it.
  93:Generated_Source\PSoC4/TRIG_RIGHT.c **** *
  94:Generated_Source\PSoC4/TRIG_RIGHT.c **** * \param value
  95:Generated_Source\PSoC4/TRIG_RIGHT.c **** *  Value to write to the component instance.
  96:Generated_Source\PSoC4/TRIG_RIGHT.c **** *
  97:Generated_Source\PSoC4/TRIG_RIGHT.c **** * \return 
  98:Generated_Source\PSoC4/TRIG_RIGHT.c **** *  None 
  99:Generated_Source\PSoC4/TRIG_RIGHT.c **** *
 100:Generated_Source\PSoC4/TRIG_RIGHT.c **** * \sideeffect
 101:Generated_Source\PSoC4/TRIG_RIGHT.c **** *  If you use read-modify-write operations that are not atomic; the Interrupt 
 102:Generated_Source\PSoC4/TRIG_RIGHT.c **** *  Service Routines (ISR) can cause corruption of this function. An ISR that 
 103:Generated_Source\PSoC4/TRIG_RIGHT.c **** *  interrupts this function and performs writes to the Pins component data 
 104:Generated_Source\PSoC4/TRIG_RIGHT.c **** *  register can cause corrupted port data. To avoid this issue, you should 
 105:Generated_Source\PSoC4/TRIG_RIGHT.c **** *  either use the Per-Pin APIs (primary method) or disable interrupts around 
 106:Generated_Source\PSoC4/TRIG_RIGHT.c **** *  this function.
 107:Generated_Source\PSoC4/TRIG_RIGHT.c **** *
 108:Generated_Source\PSoC4/TRIG_RIGHT.c **** * \funcusage
ARM GAS  C:\Users\ilya\AppData\Local\Temp\ccjZzTFW.s 			page 4


 109:Generated_Source\PSoC4/TRIG_RIGHT.c **** *  \snippet TRIG_RIGHT_SUT.c usage_TRIG_RIGHT_Write
 110:Generated_Source\PSoC4/TRIG_RIGHT.c **** *******************************************************************************/
 111:Generated_Source\PSoC4/TRIG_RIGHT.c **** void TRIG_RIGHT_Write(uint8 value)
 112:Generated_Source\PSoC4/TRIG_RIGHT.c **** {
  63              		.loc 1 112 0
  64              		.cfi_startproc
  65              		@ args = 0, pretend = 0, frame = 0
  66              		@ frame_needed = 0, uses_anonymous_args = 0
  67              		@ link register save eliminated.
  68              	.LVL2:
  69              		.loc 1 112 0
  70 0000 0300     		movs	r3, r0
 113:Generated_Source\PSoC4/TRIG_RIGHT.c ****     uint8 drVal = (uint8)(TRIG_RIGHT_DR & (uint8)(~TRIG_RIGHT_MASK));
  71              		.loc 1 113 0
  72 0002 0220     		movs	r0, #2
  73              	.LVL3:
  74 0004 0449     		ldr	r1, .L5
 114:Generated_Source\PSoC4/TRIG_RIGHT.c ****     drVal = (drVal | ((uint8)(value << TRIG_RIGHT_SHIFT) & TRIG_RIGHT_MASK));
 115:Generated_Source\PSoC4/TRIG_RIGHT.c ****     TRIG_RIGHT_DR = (uint32)drVal;
  75              		.loc 1 115 0
  76 0006 5B00     		lsls	r3, r3, #1
 113:Generated_Source\PSoC4/TRIG_RIGHT.c ****     uint8 drVal = (uint8)(TRIG_RIGHT_DR & (uint8)(~TRIG_RIGHT_MASK));
  77              		.loc 1 113 0
  78 0008 0A68     		ldr	r2, [r1]
 116:Generated_Source\PSoC4/TRIG_RIGHT.c **** }
  79              		.loc 1 116 0
  80              		@ sp needed
 113:Generated_Source\PSoC4/TRIG_RIGHT.c ****     uint8 drVal = (uint8)(TRIG_RIGHT_DR & (uint8)(~TRIG_RIGHT_MASK));
  81              		.loc 1 113 0
  82 000a 8243     		bics	r2, r0
  83 000c D2B2     		uxtb	r2, r2
 115:Generated_Source\PSoC4/TRIG_RIGHT.c **** }
  84              		.loc 1 115 0
  85 000e 1840     		ands	r0, r3
  86 0010 1043     		orrs	r0, r2
  87 0012 0860     		str	r0, [r1]
  88              		.loc 1 116 0
  89 0014 7047     		bx	lr
  90              	.L6:
  91 0016 C046     		.align	2
  92              	.L5:
  93 0018 00020440 		.word	1074004480
  94              		.cfi_endproc
  95              	.LFE1:
  96              		.size	TRIG_RIGHT_Write, .-TRIG_RIGHT_Write
  97              		.section	.text.TRIG_RIGHT_Read,"ax",%progbits
  98              		.align	2
  99              		.global	TRIG_RIGHT_Read
 100              		.code	16
 101              		.thumb_func
 102              		.type	TRIG_RIGHT_Read, %function
 103              	TRIG_RIGHT_Read:
 104              	.LFB2:
 117:Generated_Source\PSoC4/TRIG_RIGHT.c **** 
 118:Generated_Source\PSoC4/TRIG_RIGHT.c **** 
 119:Generated_Source\PSoC4/TRIG_RIGHT.c **** /*******************************************************************************
 120:Generated_Source\PSoC4/TRIG_RIGHT.c **** * Function Name: TRIG_RIGHT_Read
ARM GAS  C:\Users\ilya\AppData\Local\Temp\ccjZzTFW.s 			page 5


 121:Generated_Source\PSoC4/TRIG_RIGHT.c **** ****************************************************************************//**
 122:Generated_Source\PSoC4/TRIG_RIGHT.c **** *
 123:Generated_Source\PSoC4/TRIG_RIGHT.c **** * \brief Reads the associated physical port (pin status register) and masks 
 124:Generated_Source\PSoC4/TRIG_RIGHT.c **** *  the required bits according to the width and bit position of the component
 125:Generated_Source\PSoC4/TRIG_RIGHT.c **** *  instance. 
 126:Generated_Source\PSoC4/TRIG_RIGHT.c **** *
 127:Generated_Source\PSoC4/TRIG_RIGHT.c **** * The pin's status register returns the current logic level present on the 
 128:Generated_Source\PSoC4/TRIG_RIGHT.c **** * physical pin.
 129:Generated_Source\PSoC4/TRIG_RIGHT.c **** *
 130:Generated_Source\PSoC4/TRIG_RIGHT.c **** * \return 
 131:Generated_Source\PSoC4/TRIG_RIGHT.c **** *  The current value for the pins in the component as a right justified number.
 132:Generated_Source\PSoC4/TRIG_RIGHT.c **** *
 133:Generated_Source\PSoC4/TRIG_RIGHT.c **** * \funcusage
 134:Generated_Source\PSoC4/TRIG_RIGHT.c **** *  \snippet TRIG_RIGHT_SUT.c usage_TRIG_RIGHT_Read  
 135:Generated_Source\PSoC4/TRIG_RIGHT.c **** *******************************************************************************/
 136:Generated_Source\PSoC4/TRIG_RIGHT.c **** uint8 TRIG_RIGHT_Read(void)
 137:Generated_Source\PSoC4/TRIG_RIGHT.c **** {
 105              		.loc 1 137 0
 106              		.cfi_startproc
 107              		@ args = 0, pretend = 0, frame = 0
 108              		@ frame_needed = 0, uses_anonymous_args = 0
 109              		@ link register save eliminated.
 138:Generated_Source\PSoC4/TRIG_RIGHT.c ****     return (uint8)((TRIG_RIGHT_PS & TRIG_RIGHT_MASK) >> TRIG_RIGHT_SHIFT);
 110              		.loc 1 138 0
 111 0000 024B     		ldr	r3, .L8
 139:Generated_Source\PSoC4/TRIG_RIGHT.c **** }
 112              		.loc 1 139 0
 113              		@ sp needed
 138:Generated_Source\PSoC4/TRIG_RIGHT.c ****     return (uint8)((TRIG_RIGHT_PS & TRIG_RIGHT_MASK) >> TRIG_RIGHT_SHIFT);
 114              		.loc 1 138 0
 115 0002 1868     		ldr	r0, [r3]
 116 0004 8007     		lsls	r0, r0, #30
 117 0006 C00F     		lsrs	r0, r0, #31
 118              		.loc 1 139 0
 119 0008 7047     		bx	lr
 120              	.L9:
 121 000a C046     		.align	2
 122              	.L8:
 123 000c 04020440 		.word	1074004484
 124              		.cfi_endproc
 125              	.LFE2:
 126              		.size	TRIG_RIGHT_Read, .-TRIG_RIGHT_Read
 127              		.section	.text.TRIG_RIGHT_ReadDataReg,"ax",%progbits
 128              		.align	2
 129              		.global	TRIG_RIGHT_ReadDataReg
 130              		.code	16
 131              		.thumb_func
 132              		.type	TRIG_RIGHT_ReadDataReg, %function
 133              	TRIG_RIGHT_ReadDataReg:
 134              	.LFB3:
 140:Generated_Source\PSoC4/TRIG_RIGHT.c **** 
 141:Generated_Source\PSoC4/TRIG_RIGHT.c **** 
 142:Generated_Source\PSoC4/TRIG_RIGHT.c **** /*******************************************************************************
 143:Generated_Source\PSoC4/TRIG_RIGHT.c **** * Function Name: TRIG_RIGHT_ReadDataReg
 144:Generated_Source\PSoC4/TRIG_RIGHT.c **** ****************************************************************************//**
 145:Generated_Source\PSoC4/TRIG_RIGHT.c **** *
 146:Generated_Source\PSoC4/TRIG_RIGHT.c **** * \brief Reads the associated physical port's data output register and masks 
ARM GAS  C:\Users\ilya\AppData\Local\Temp\ccjZzTFW.s 			page 6


 147:Generated_Source\PSoC4/TRIG_RIGHT.c **** *  the correct bits according to the width and bit position of the component 
 148:Generated_Source\PSoC4/TRIG_RIGHT.c **** *  instance. 
 149:Generated_Source\PSoC4/TRIG_RIGHT.c **** *
 150:Generated_Source\PSoC4/TRIG_RIGHT.c **** * The data output register controls the signal applied to the physical pin in 
 151:Generated_Source\PSoC4/TRIG_RIGHT.c **** * conjunction with the drive mode parameter. This is not the same as the 
 152:Generated_Source\PSoC4/TRIG_RIGHT.c **** * preferred TRIG_RIGHT_Read() API because the 
 153:Generated_Source\PSoC4/TRIG_RIGHT.c **** * TRIG_RIGHT_ReadDataReg() reads the data register instead of the status 
 154:Generated_Source\PSoC4/TRIG_RIGHT.c **** * register. For output pins this is a useful function to determine the value 
 155:Generated_Source\PSoC4/TRIG_RIGHT.c **** * just written to the pin.
 156:Generated_Source\PSoC4/TRIG_RIGHT.c **** *
 157:Generated_Source\PSoC4/TRIG_RIGHT.c **** * \return 
 158:Generated_Source\PSoC4/TRIG_RIGHT.c **** *  The current value of the data register masked and shifted into a right 
 159:Generated_Source\PSoC4/TRIG_RIGHT.c **** *  justified number for the component instance.
 160:Generated_Source\PSoC4/TRIG_RIGHT.c **** *
 161:Generated_Source\PSoC4/TRIG_RIGHT.c **** * \funcusage
 162:Generated_Source\PSoC4/TRIG_RIGHT.c **** *  \snippet TRIG_RIGHT_SUT.c usage_TRIG_RIGHT_ReadDataReg 
 163:Generated_Source\PSoC4/TRIG_RIGHT.c **** *******************************************************************************/
 164:Generated_Source\PSoC4/TRIG_RIGHT.c **** uint8 TRIG_RIGHT_ReadDataReg(void)
 165:Generated_Source\PSoC4/TRIG_RIGHT.c **** {
 135              		.loc 1 165 0
 136              		.cfi_startproc
 137              		@ args = 0, pretend = 0, frame = 0
 138              		@ frame_needed = 0, uses_anonymous_args = 0
 139              		@ link register save eliminated.
 166:Generated_Source\PSoC4/TRIG_RIGHT.c ****     return (uint8)((TRIG_RIGHT_DR & TRIG_RIGHT_MASK) >> TRIG_RIGHT_SHIFT);
 140              		.loc 1 166 0
 141 0000 024B     		ldr	r3, .L11
 167:Generated_Source\PSoC4/TRIG_RIGHT.c **** }
 142              		.loc 1 167 0
 143              		@ sp needed
 166:Generated_Source\PSoC4/TRIG_RIGHT.c ****     return (uint8)((TRIG_RIGHT_DR & TRIG_RIGHT_MASK) >> TRIG_RIGHT_SHIFT);
 144              		.loc 1 166 0
 145 0002 1868     		ldr	r0, [r3]
 146 0004 8007     		lsls	r0, r0, #30
 147 0006 C00F     		lsrs	r0, r0, #31
 148              		.loc 1 167 0
 149 0008 7047     		bx	lr
 150              	.L12:
 151 000a C046     		.align	2
 152              	.L11:
 153 000c 00020440 		.word	1074004480
 154              		.cfi_endproc
 155              	.LFE3:
 156              		.size	TRIG_RIGHT_ReadDataReg, .-TRIG_RIGHT_ReadDataReg
 157              		.section	.text.TRIG_RIGHT_SetInterruptMode,"ax",%progbits
 158              		.align	2
 159              		.global	TRIG_RIGHT_SetInterruptMode
 160              		.code	16
 161              		.thumb_func
 162              		.type	TRIG_RIGHT_SetInterruptMode, %function
 163              	TRIG_RIGHT_SetInterruptMode:
 164              	.LFB4:
 168:Generated_Source\PSoC4/TRIG_RIGHT.c **** 
 169:Generated_Source\PSoC4/TRIG_RIGHT.c **** 
 170:Generated_Source\PSoC4/TRIG_RIGHT.c **** /*******************************************************************************
 171:Generated_Source\PSoC4/TRIG_RIGHT.c **** * Function Name: TRIG_RIGHT_SetInterruptMode
 172:Generated_Source\PSoC4/TRIG_RIGHT.c **** ****************************************************************************//**
ARM GAS  C:\Users\ilya\AppData\Local\Temp\ccjZzTFW.s 			page 7


 173:Generated_Source\PSoC4/TRIG_RIGHT.c **** *
 174:Generated_Source\PSoC4/TRIG_RIGHT.c **** * \brief Configures the interrupt mode for each of the Pins component's
 175:Generated_Source\PSoC4/TRIG_RIGHT.c **** *  pins. Alternatively you may set the interrupt mode for all the pins
 176:Generated_Source\PSoC4/TRIG_RIGHT.c **** *  specified in the Pins component.
 177:Generated_Source\PSoC4/TRIG_RIGHT.c **** *
 178:Generated_Source\PSoC4/TRIG_RIGHT.c **** *  <b>Note</b> The interrupt is port-wide and therefore any enabled pin
 179:Generated_Source\PSoC4/TRIG_RIGHT.c **** *  interrupt may trigger it.
 180:Generated_Source\PSoC4/TRIG_RIGHT.c **** *
 181:Generated_Source\PSoC4/TRIG_RIGHT.c **** * \param position
 182:Generated_Source\PSoC4/TRIG_RIGHT.c **** *  The pin position as listed in the Pins component. You may OR these to be 
 183:Generated_Source\PSoC4/TRIG_RIGHT.c **** *  able to configure the interrupt mode of multiple pins within a Pins 
 184:Generated_Source\PSoC4/TRIG_RIGHT.c **** *  component. Or you may use TRIG_RIGHT_INTR_ALL to configure the
 185:Generated_Source\PSoC4/TRIG_RIGHT.c **** *  interrupt mode of all the pins in the Pins component.       
 186:Generated_Source\PSoC4/TRIG_RIGHT.c **** *  - TRIG_RIGHT_0_INTR       (First pin in the list)
 187:Generated_Source\PSoC4/TRIG_RIGHT.c **** *  - TRIG_RIGHT_1_INTR       (Second pin in the list)
 188:Generated_Source\PSoC4/TRIG_RIGHT.c **** *  - ...
 189:Generated_Source\PSoC4/TRIG_RIGHT.c **** *  - TRIG_RIGHT_INTR_ALL     (All pins in Pins component)
 190:Generated_Source\PSoC4/TRIG_RIGHT.c **** *
 191:Generated_Source\PSoC4/TRIG_RIGHT.c **** * \param mode
 192:Generated_Source\PSoC4/TRIG_RIGHT.c **** *  Interrupt mode for the selected pins. Valid options are documented in
 193:Generated_Source\PSoC4/TRIG_RIGHT.c **** *  \ref intrMode.
 194:Generated_Source\PSoC4/TRIG_RIGHT.c **** *
 195:Generated_Source\PSoC4/TRIG_RIGHT.c **** * \return 
 196:Generated_Source\PSoC4/TRIG_RIGHT.c **** *  None
 197:Generated_Source\PSoC4/TRIG_RIGHT.c **** *  
 198:Generated_Source\PSoC4/TRIG_RIGHT.c **** * \sideeffect
 199:Generated_Source\PSoC4/TRIG_RIGHT.c **** *  It is recommended that the interrupt be disabled before calling this 
 200:Generated_Source\PSoC4/TRIG_RIGHT.c **** *  function to avoid unintended interrupt requests. Note that the interrupt
 201:Generated_Source\PSoC4/TRIG_RIGHT.c **** *  type is port wide, and therefore will trigger for any enabled pin on the 
 202:Generated_Source\PSoC4/TRIG_RIGHT.c **** *  port.
 203:Generated_Source\PSoC4/TRIG_RIGHT.c **** *
 204:Generated_Source\PSoC4/TRIG_RIGHT.c **** * \funcusage
 205:Generated_Source\PSoC4/TRIG_RIGHT.c **** *  \snippet TRIG_RIGHT_SUT.c usage_TRIG_RIGHT_SetInterruptMode
 206:Generated_Source\PSoC4/TRIG_RIGHT.c **** *******************************************************************************/
 207:Generated_Source\PSoC4/TRIG_RIGHT.c **** void TRIG_RIGHT_SetInterruptMode(uint16 position, uint16 mode)
 208:Generated_Source\PSoC4/TRIG_RIGHT.c **** {
 165              		.loc 1 208 0
 166              		.cfi_startproc
 167              		@ args = 0, pretend = 0, frame = 0
 168              		@ frame_needed = 0, uses_anonymous_args = 0
 169              		@ link register save eliminated.
 170              	.LVL4:
 209:Generated_Source\PSoC4/TRIG_RIGHT.c ****     uint32 intrCfg;
 210:Generated_Source\PSoC4/TRIG_RIGHT.c ****     
 211:Generated_Source\PSoC4/TRIG_RIGHT.c ****     intrCfg =  TRIG_RIGHT_INTCFG & (uint32)(~(uint32)position);
 171              		.loc 1 211 0
 172 0000 034A     		ldr	r2, .L14
 212:Generated_Source\PSoC4/TRIG_RIGHT.c ****     TRIG_RIGHT_INTCFG = intrCfg | ((uint32)position & (uint32)mode);
 213:Generated_Source\PSoC4/TRIG_RIGHT.c **** }
 173              		.loc 1 213 0
 174              		@ sp needed
 211:Generated_Source\PSoC4/TRIG_RIGHT.c ****     TRIG_RIGHT_INTCFG = intrCfg | ((uint32)position & (uint32)mode);
 175              		.loc 1 211 0
 176 0002 1368     		ldr	r3, [r2]
 177              	.LVL5:
 212:Generated_Source\PSoC4/TRIG_RIGHT.c ****     TRIG_RIGHT_INTCFG = intrCfg | ((uint32)position & (uint32)mode);
 178              		.loc 1 212 0
ARM GAS  C:\Users\ilya\AppData\Local\Temp\ccjZzTFW.s 			page 8


 179 0004 8343     		bics	r3, r0
 180              	.LVL6:
 181 0006 0840     		ands	r0, r1
 182              	.LVL7:
 183 0008 1843     		orrs	r0, r3
 184 000a 1060     		str	r0, [r2]
 185              		.loc 1 213 0
 186 000c 7047     		bx	lr
 187              	.L15:
 188 000e C046     		.align	2
 189              	.L14:
 190 0010 0C020440 		.word	1074004492
 191              		.cfi_endproc
 192              	.LFE4:
 193              		.size	TRIG_RIGHT_SetInterruptMode, .-TRIG_RIGHT_SetInterruptMode
 194              		.section	.text.TRIG_RIGHT_ClearInterrupt,"ax",%progbits
 195              		.align	2
 196              		.global	TRIG_RIGHT_ClearInterrupt
 197              		.code	16
 198              		.thumb_func
 199              		.type	TRIG_RIGHT_ClearInterrupt, %function
 200              	TRIG_RIGHT_ClearInterrupt:
 201              	.LFB5:
 214:Generated_Source\PSoC4/TRIG_RIGHT.c **** 
 215:Generated_Source\PSoC4/TRIG_RIGHT.c **** 
 216:Generated_Source\PSoC4/TRIG_RIGHT.c **** /*******************************************************************************
 217:Generated_Source\PSoC4/TRIG_RIGHT.c **** * Function Name: TRIG_RIGHT_ClearInterrupt
 218:Generated_Source\PSoC4/TRIG_RIGHT.c **** ****************************************************************************//**
 219:Generated_Source\PSoC4/TRIG_RIGHT.c **** *
 220:Generated_Source\PSoC4/TRIG_RIGHT.c **** * \brief Clears any active interrupts attached with the component and returns 
 221:Generated_Source\PSoC4/TRIG_RIGHT.c **** *  the value of the interrupt status register allowing determination of which
 222:Generated_Source\PSoC4/TRIG_RIGHT.c **** *  pins generated an interrupt event.
 223:Generated_Source\PSoC4/TRIG_RIGHT.c **** *
 224:Generated_Source\PSoC4/TRIG_RIGHT.c **** * \return 
 225:Generated_Source\PSoC4/TRIG_RIGHT.c **** *  The right-shifted current value of the interrupt status register. Each pin 
 226:Generated_Source\PSoC4/TRIG_RIGHT.c **** *  has one bit set if it generated an interrupt event. For example, bit 0 is 
 227:Generated_Source\PSoC4/TRIG_RIGHT.c **** *  for pin 0 and bit 1 is for pin 1 of the Pins component.
 228:Generated_Source\PSoC4/TRIG_RIGHT.c **** *  
 229:Generated_Source\PSoC4/TRIG_RIGHT.c **** * \sideeffect
 230:Generated_Source\PSoC4/TRIG_RIGHT.c **** *  Clears all bits of the physical port's interrupt status register, not just
 231:Generated_Source\PSoC4/TRIG_RIGHT.c **** *  those associated with the Pins component.
 232:Generated_Source\PSoC4/TRIG_RIGHT.c **** *
 233:Generated_Source\PSoC4/TRIG_RIGHT.c **** * \funcusage
 234:Generated_Source\PSoC4/TRIG_RIGHT.c **** *  \snippet TRIG_RIGHT_SUT.c usage_TRIG_RIGHT_ClearInterrupt
 235:Generated_Source\PSoC4/TRIG_RIGHT.c **** *******************************************************************************/
 236:Generated_Source\PSoC4/TRIG_RIGHT.c **** uint8 TRIG_RIGHT_ClearInterrupt(void)
 237:Generated_Source\PSoC4/TRIG_RIGHT.c **** {
 202              		.loc 1 237 0
 203              		.cfi_startproc
 204              		@ args = 0, pretend = 0, frame = 0
 205              		@ frame_needed = 0, uses_anonymous_args = 0
 206              		@ link register save eliminated.
 238:Generated_Source\PSoC4/TRIG_RIGHT.c **** 	uint8 maskedStatus = (uint8)(TRIG_RIGHT_INTSTAT & TRIG_RIGHT_MASK);
 207              		.loc 1 238 0
 208 0000 0220     		movs	r0, #2
 209 0002 034A     		ldr	r2, .L17
 239:Generated_Source\PSoC4/TRIG_RIGHT.c **** 	TRIG_RIGHT_INTSTAT = maskedStatus;
ARM GAS  C:\Users\ilya\AppData\Local\Temp\ccjZzTFW.s 			page 9


 240:Generated_Source\PSoC4/TRIG_RIGHT.c ****     return maskedStatus >> TRIG_RIGHT_SHIFT;
 241:Generated_Source\PSoC4/TRIG_RIGHT.c **** }
 210              		.loc 1 241 0
 211              		@ sp needed
 238:Generated_Source\PSoC4/TRIG_RIGHT.c **** 	uint8 maskedStatus = (uint8)(TRIG_RIGHT_INTSTAT & TRIG_RIGHT_MASK);
 212              		.loc 1 238 0
 213 0004 1368     		ldr	r3, [r2]
 214 0006 1840     		ands	r0, r3
 215              	.LVL8:
 239:Generated_Source\PSoC4/TRIG_RIGHT.c **** 	TRIG_RIGHT_INTSTAT = maskedStatus;
 216              		.loc 1 239 0
 217 0008 1060     		str	r0, [r2]
 240:Generated_Source\PSoC4/TRIG_RIGHT.c **** }
 218              		.loc 1 240 0
 219 000a 4008     		lsrs	r0, r0, #1
 220              	.LVL9:
 221 000c C0B2     		uxtb	r0, r0
 222              		.loc 1 241 0
 223 000e 7047     		bx	lr
 224              	.L18:
 225              		.align	2
 226              	.L17:
 227 0010 10020440 		.word	1074004496
 228              		.cfi_endproc
 229              	.LFE5:
 230              		.size	TRIG_RIGHT_ClearInterrupt, .-TRIG_RIGHT_ClearInterrupt
 231              		.text
 232              	.Letext0:
 233              		.file 2 "Generated_Source\\PSoC4\\cytypes.h"
 234              		.section	.debug_info,"",%progbits
 235              	.Ldebug_info0:
 236 0000 97010000 		.4byte	0x197
 237 0004 0400     		.2byte	0x4
 238 0006 00000000 		.4byte	.Ldebug_abbrev0
 239 000a 04       		.byte	0x4
 240 000b 01       		.uleb128 0x1
 241 000c C6000000 		.4byte	.LASF27
 242 0010 0C       		.byte	0xc
 243 0011 06000000 		.4byte	.LASF28
 244 0015 02020000 		.4byte	.LASF29
 245 0019 00000000 		.4byte	.Ldebug_ranges0+0
 246 001d 00000000 		.4byte	0
 247 0021 00000000 		.4byte	.Ldebug_line0
 248 0025 02       		.uleb128 0x2
 249 0026 01       		.byte	0x1
 250 0027 06       		.byte	0x6
 251 0028 29020000 		.4byte	.LASF0
 252 002c 02       		.uleb128 0x2
 253 002d 01       		.byte	0x1
 254 002e 08       		.byte	0x8
 255 002f 7D000000 		.4byte	.LASF1
 256 0033 02       		.uleb128 0x2
 257 0034 02       		.byte	0x2
 258 0035 05       		.byte	0x5
 259 0036 DB010000 		.4byte	.LASF2
 260 003a 02       		.uleb128 0x2
 261 003b 02       		.byte	0x2
ARM GAS  C:\Users\ilya\AppData\Local\Temp\ccjZzTFW.s 			page 10


 262 003c 07       		.byte	0x7
 263 003d A3000000 		.4byte	.LASF3
 264 0041 02       		.uleb128 0x2
 265 0042 04       		.byte	0x4
 266 0043 05       		.byte	0x5
 267 0044 20020000 		.4byte	.LASF4
 268 0048 02       		.uleb128 0x2
 269 0049 04       		.byte	0x4
 270 004a 07       		.byte	0x7
 271 004b 91000000 		.4byte	.LASF5
 272 004f 02       		.uleb128 0x2
 273 0050 08       		.byte	0x8
 274 0051 05       		.byte	0x5
 275 0052 BB010000 		.4byte	.LASF6
 276 0056 02       		.uleb128 0x2
 277 0057 08       		.byte	0x8
 278 0058 07       		.byte	0x7
 279 0059 87010000 		.4byte	.LASF7
 280 005d 03       		.uleb128 0x3
 281 005e 04       		.byte	0x4
 282 005f 05       		.byte	0x5
 283 0060 696E7400 		.ascii	"int\000"
 284 0064 02       		.uleb128 0x2
 285 0065 04       		.byte	0x4
 286 0066 07       		.byte	0x7
 287 0067 7A010000 		.4byte	.LASF8
 288 006b 04       		.uleb128 0x4
 289 006c FC010000 		.4byte	.LASF9
 290 0070 02       		.byte	0x2
 291 0071 D201     		.2byte	0x1d2
 292 0073 2C000000 		.4byte	0x2c
 293 0077 04       		.uleb128 0x4
 294 0078 5B010000 		.4byte	.LASF10
 295 007c 02       		.byte	0x2
 296 007d D301     		.2byte	0x1d3
 297 007f 3A000000 		.4byte	0x3a
 298 0083 04       		.uleb128 0x4
 299 0084 6B010000 		.4byte	.LASF11
 300 0088 02       		.byte	0x2
 301 0089 D401     		.2byte	0x1d4
 302 008b 48000000 		.4byte	0x48
 303 008f 02       		.uleb128 0x2
 304 0090 04       		.byte	0x4
 305 0091 04       		.byte	0x4
 306 0092 5B000000 		.4byte	.LASF12
 307 0096 02       		.uleb128 0x2
 308 0097 08       		.byte	0x8
 309 0098 04       		.byte	0x4
 310 0099 54010000 		.4byte	.LASF13
 311 009d 02       		.uleb128 0x2
 312 009e 01       		.byte	0x1
 313 009f 08       		.byte	0x8
 314 00a0 D6010000 		.4byte	.LASF14
 315 00a4 04       		.uleb128 0x4
 316 00a5 00000000 		.4byte	.LASF15
 317 00a9 02       		.byte	0x2
 318 00aa 7E02     		.2byte	0x27e
ARM GAS  C:\Users\ilya\AppData\Local\Temp\ccjZzTFW.s 			page 11


 319 00ac B0000000 		.4byte	0xb0
 320 00b0 05       		.uleb128 0x5
 321 00b1 83000000 		.4byte	0x83
 322 00b5 06       		.uleb128 0x6
 323 00b6 A3010000 		.4byte	.LASF16
 324 00ba 01       		.byte	0x1
 325 00bb 48       		.byte	0x48
 326 00bc 00000000 		.4byte	.LFB0
 327 00c0 14000000 		.4byte	.LFE0-.LFB0
 328 00c4 01       		.uleb128 0x1
 329 00c5 9C       		.byte	0x9c
 330 00c6 DA000000 		.4byte	0xda
 331 00ca 07       		.uleb128 0x7
 332 00cb 9E010000 		.4byte	.LASF18
 333 00cf 01       		.byte	0x1
 334 00d0 48       		.byte	0x48
 335 00d1 6B000000 		.4byte	0x6b
 336 00d5 00000000 		.4byte	.LLST0
 337 00d9 00       		.byte	0
 338 00da 06       		.uleb128 0x6
 339 00db 30000000 		.4byte	.LASF17
 340 00df 01       		.byte	0x1
 341 00e0 6F       		.byte	0x6f
 342 00e1 00000000 		.4byte	.LFB1
 343 00e5 1C000000 		.4byte	.LFE1-.LFB1
 344 00e9 01       		.uleb128 0x1
 345 00ea 9C       		.byte	0x9c
 346 00eb 0A010000 		.4byte	0x10a
 347 00ef 07       		.uleb128 0x7
 348 00f0 2A000000 		.4byte	.LASF19
 349 00f4 01       		.byte	0x1
 350 00f5 6F       		.byte	0x6f
 351 00f6 6B000000 		.4byte	0x6b
 352 00fa 21000000 		.4byte	.LLST1
 353 00fe 08       		.uleb128 0x8
 354 00ff 8B000000 		.4byte	.LASF30
 355 0103 01       		.byte	0x1
 356 0104 71       		.byte	0x71
 357 0105 6B000000 		.4byte	0x6b
 358 0109 00       		.byte	0
 359 010a 09       		.uleb128 0x9
 360 010b B6000000 		.4byte	.LASF20
 361 010f 01       		.byte	0x1
 362 0110 88       		.byte	0x88
 363 0111 6B000000 		.4byte	0x6b
 364 0115 00000000 		.4byte	.LFB2
 365 0119 10000000 		.4byte	.LFE2-.LFB2
 366 011d 01       		.uleb128 0x1
 367 011e 9C       		.byte	0x9c
 368 011f 09       		.uleb128 0x9
 369 0120 E5010000 		.4byte	.LASF21
 370 0124 01       		.byte	0x1
 371 0125 A4       		.byte	0xa4
 372 0126 6B000000 		.4byte	0x6b
 373 012a 00000000 		.4byte	.LFB3
 374 012e 10000000 		.4byte	.LFE3-.LFB3
 375 0132 01       		.uleb128 0x1
ARM GAS  C:\Users\ilya\AppData\Local\Temp\ccjZzTFW.s 			page 12


 376 0133 9C       		.byte	0x9c
 377 0134 06       		.uleb128 0x6
 378 0135 61000000 		.4byte	.LASF22
 379 0139 01       		.byte	0x1
 380 013a CF       		.byte	0xcf
 381 013b 00000000 		.4byte	.LFB4
 382 013f 14000000 		.4byte	.LFE4-.LFB4
 383 0143 01       		.uleb128 0x1
 384 0144 9C       		.byte	0x9c
 385 0145 75010000 		.4byte	0x175
 386 0149 07       		.uleb128 0x7
 387 014a 62010000 		.4byte	.LASF23
 388 014e 01       		.byte	0x1
 389 014f CF       		.byte	0xcf
 390 0150 77000000 		.4byte	0x77
 391 0154 42000000 		.4byte	.LLST2
 392 0158 0A       		.uleb128 0xa
 393 0159 9E010000 		.4byte	.LASF18
 394 015d 01       		.byte	0x1
 395 015e CF       		.byte	0xcf
 396 015f 77000000 		.4byte	0x77
 397 0163 01       		.uleb128 0x1
 398 0164 51       		.byte	0x51
 399 0165 0B       		.uleb128 0xb
 400 0166 72010000 		.4byte	.LASF25
 401 016a 01       		.byte	0x1
 402 016b D1       		.byte	0xd1
 403 016c 83000000 		.4byte	0x83
 404 0170 63000000 		.4byte	.LLST3
 405 0174 00       		.byte	0
 406 0175 0C       		.uleb128 0xc
 407 0176 41000000 		.4byte	.LASF24
 408 017a 01       		.byte	0x1
 409 017b EC       		.byte	0xec
 410 017c 6B000000 		.4byte	0x6b
 411 0180 00000000 		.4byte	.LFB5
 412 0184 14000000 		.4byte	.LFE5-.LFB5
 413 0188 01       		.uleb128 0x1
 414 0189 9C       		.byte	0x9c
 415 018a 0B       		.uleb128 0xb
 416 018b C9010000 		.4byte	.LASF26
 417 018f 01       		.byte	0x1
 418 0190 EE       		.byte	0xee
 419 0191 6B000000 		.4byte	0x6b
 420 0195 80000000 		.4byte	.LLST4
 421 0199 00       		.byte	0
 422 019a 00       		.byte	0
 423              		.section	.debug_abbrev,"",%progbits
 424              	.Ldebug_abbrev0:
 425 0000 01       		.uleb128 0x1
 426 0001 11       		.uleb128 0x11
 427 0002 01       		.byte	0x1
 428 0003 25       		.uleb128 0x25
 429 0004 0E       		.uleb128 0xe
 430 0005 13       		.uleb128 0x13
 431 0006 0B       		.uleb128 0xb
 432 0007 03       		.uleb128 0x3
ARM GAS  C:\Users\ilya\AppData\Local\Temp\ccjZzTFW.s 			page 13


 433 0008 0E       		.uleb128 0xe
 434 0009 1B       		.uleb128 0x1b
 435 000a 0E       		.uleb128 0xe
 436 000b 55       		.uleb128 0x55
 437 000c 17       		.uleb128 0x17
 438 000d 11       		.uleb128 0x11
 439 000e 01       		.uleb128 0x1
 440 000f 10       		.uleb128 0x10
 441 0010 17       		.uleb128 0x17
 442 0011 00       		.byte	0
 443 0012 00       		.byte	0
 444 0013 02       		.uleb128 0x2
 445 0014 24       		.uleb128 0x24
 446 0015 00       		.byte	0
 447 0016 0B       		.uleb128 0xb
 448 0017 0B       		.uleb128 0xb
 449 0018 3E       		.uleb128 0x3e
 450 0019 0B       		.uleb128 0xb
 451 001a 03       		.uleb128 0x3
 452 001b 0E       		.uleb128 0xe
 453 001c 00       		.byte	0
 454 001d 00       		.byte	0
 455 001e 03       		.uleb128 0x3
 456 001f 24       		.uleb128 0x24
 457 0020 00       		.byte	0
 458 0021 0B       		.uleb128 0xb
 459 0022 0B       		.uleb128 0xb
 460 0023 3E       		.uleb128 0x3e
 461 0024 0B       		.uleb128 0xb
 462 0025 03       		.uleb128 0x3
 463 0026 08       		.uleb128 0x8
 464 0027 00       		.byte	0
 465 0028 00       		.byte	0
 466 0029 04       		.uleb128 0x4
 467 002a 16       		.uleb128 0x16
 468 002b 00       		.byte	0
 469 002c 03       		.uleb128 0x3
 470 002d 0E       		.uleb128 0xe
 471 002e 3A       		.uleb128 0x3a
 472 002f 0B       		.uleb128 0xb
 473 0030 3B       		.uleb128 0x3b
 474 0031 05       		.uleb128 0x5
 475 0032 49       		.uleb128 0x49
 476 0033 13       		.uleb128 0x13
 477 0034 00       		.byte	0
 478 0035 00       		.byte	0
 479 0036 05       		.uleb128 0x5
 480 0037 35       		.uleb128 0x35
 481 0038 00       		.byte	0
 482 0039 49       		.uleb128 0x49
 483 003a 13       		.uleb128 0x13
 484 003b 00       		.byte	0
 485 003c 00       		.byte	0
 486 003d 06       		.uleb128 0x6
 487 003e 2E       		.uleb128 0x2e
 488 003f 01       		.byte	0x1
 489 0040 3F       		.uleb128 0x3f
ARM GAS  C:\Users\ilya\AppData\Local\Temp\ccjZzTFW.s 			page 14


 490 0041 19       		.uleb128 0x19
 491 0042 03       		.uleb128 0x3
 492 0043 0E       		.uleb128 0xe
 493 0044 3A       		.uleb128 0x3a
 494 0045 0B       		.uleb128 0xb
 495 0046 3B       		.uleb128 0x3b
 496 0047 0B       		.uleb128 0xb
 497 0048 27       		.uleb128 0x27
 498 0049 19       		.uleb128 0x19
 499 004a 11       		.uleb128 0x11
 500 004b 01       		.uleb128 0x1
 501 004c 12       		.uleb128 0x12
 502 004d 06       		.uleb128 0x6
 503 004e 40       		.uleb128 0x40
 504 004f 18       		.uleb128 0x18
 505 0050 9742     		.uleb128 0x2117
 506 0052 19       		.uleb128 0x19
 507 0053 01       		.uleb128 0x1
 508 0054 13       		.uleb128 0x13
 509 0055 00       		.byte	0
 510 0056 00       		.byte	0
 511 0057 07       		.uleb128 0x7
 512 0058 05       		.uleb128 0x5
 513 0059 00       		.byte	0
 514 005a 03       		.uleb128 0x3
 515 005b 0E       		.uleb128 0xe
 516 005c 3A       		.uleb128 0x3a
 517 005d 0B       		.uleb128 0xb
 518 005e 3B       		.uleb128 0x3b
 519 005f 0B       		.uleb128 0xb
 520 0060 49       		.uleb128 0x49
 521 0061 13       		.uleb128 0x13
 522 0062 02       		.uleb128 0x2
 523 0063 17       		.uleb128 0x17
 524 0064 00       		.byte	0
 525 0065 00       		.byte	0
 526 0066 08       		.uleb128 0x8
 527 0067 34       		.uleb128 0x34
 528 0068 00       		.byte	0
 529 0069 03       		.uleb128 0x3
 530 006a 0E       		.uleb128 0xe
 531 006b 3A       		.uleb128 0x3a
 532 006c 0B       		.uleb128 0xb
 533 006d 3B       		.uleb128 0x3b
 534 006e 0B       		.uleb128 0xb
 535 006f 49       		.uleb128 0x49
 536 0070 13       		.uleb128 0x13
 537 0071 00       		.byte	0
 538 0072 00       		.byte	0
 539 0073 09       		.uleb128 0x9
 540 0074 2E       		.uleb128 0x2e
 541 0075 00       		.byte	0
 542 0076 3F       		.uleb128 0x3f
 543 0077 19       		.uleb128 0x19
 544 0078 03       		.uleb128 0x3
 545 0079 0E       		.uleb128 0xe
 546 007a 3A       		.uleb128 0x3a
ARM GAS  C:\Users\ilya\AppData\Local\Temp\ccjZzTFW.s 			page 15


 547 007b 0B       		.uleb128 0xb
 548 007c 3B       		.uleb128 0x3b
 549 007d 0B       		.uleb128 0xb
 550 007e 27       		.uleb128 0x27
 551 007f 19       		.uleb128 0x19
 552 0080 49       		.uleb128 0x49
 553 0081 13       		.uleb128 0x13
 554 0082 11       		.uleb128 0x11
 555 0083 01       		.uleb128 0x1
 556 0084 12       		.uleb128 0x12
 557 0085 06       		.uleb128 0x6
 558 0086 40       		.uleb128 0x40
 559 0087 18       		.uleb128 0x18
 560 0088 9742     		.uleb128 0x2117
 561 008a 19       		.uleb128 0x19
 562 008b 00       		.byte	0
 563 008c 00       		.byte	0
 564 008d 0A       		.uleb128 0xa
 565 008e 05       		.uleb128 0x5
 566 008f 00       		.byte	0
 567 0090 03       		.uleb128 0x3
 568 0091 0E       		.uleb128 0xe
 569 0092 3A       		.uleb128 0x3a
 570 0093 0B       		.uleb128 0xb
 571 0094 3B       		.uleb128 0x3b
 572 0095 0B       		.uleb128 0xb
 573 0096 49       		.uleb128 0x49
 574 0097 13       		.uleb128 0x13
 575 0098 02       		.uleb128 0x2
 576 0099 18       		.uleb128 0x18
 577 009a 00       		.byte	0
 578 009b 00       		.byte	0
 579 009c 0B       		.uleb128 0xb
 580 009d 34       		.uleb128 0x34
 581 009e 00       		.byte	0
 582 009f 03       		.uleb128 0x3
 583 00a0 0E       		.uleb128 0xe
 584 00a1 3A       		.uleb128 0x3a
 585 00a2 0B       		.uleb128 0xb
 586 00a3 3B       		.uleb128 0x3b
 587 00a4 0B       		.uleb128 0xb
 588 00a5 49       		.uleb128 0x49
 589 00a6 13       		.uleb128 0x13
 590 00a7 02       		.uleb128 0x2
 591 00a8 17       		.uleb128 0x17
 592 00a9 00       		.byte	0
 593 00aa 00       		.byte	0
 594 00ab 0C       		.uleb128 0xc
 595 00ac 2E       		.uleb128 0x2e
 596 00ad 01       		.byte	0x1
 597 00ae 3F       		.uleb128 0x3f
 598 00af 19       		.uleb128 0x19
 599 00b0 03       		.uleb128 0x3
 600 00b1 0E       		.uleb128 0xe
 601 00b2 3A       		.uleb128 0x3a
 602 00b3 0B       		.uleb128 0xb
 603 00b4 3B       		.uleb128 0x3b
ARM GAS  C:\Users\ilya\AppData\Local\Temp\ccjZzTFW.s 			page 16


 604 00b5 0B       		.uleb128 0xb
 605 00b6 27       		.uleb128 0x27
 606 00b7 19       		.uleb128 0x19
 607 00b8 49       		.uleb128 0x49
 608 00b9 13       		.uleb128 0x13
 609 00ba 11       		.uleb128 0x11
 610 00bb 01       		.uleb128 0x1
 611 00bc 12       		.uleb128 0x12
 612 00bd 06       		.uleb128 0x6
 613 00be 40       		.uleb128 0x40
 614 00bf 18       		.uleb128 0x18
 615 00c0 9742     		.uleb128 0x2117
 616 00c2 19       		.uleb128 0x19
 617 00c3 00       		.byte	0
 618 00c4 00       		.byte	0
 619 00c5 00       		.byte	0
 620              		.section	.debug_loc,"",%progbits
 621              	.Ldebug_loc0:
 622              	.LLST0:
 623 0000 00000000 		.4byte	.LVL0
 624 0004 06000000 		.4byte	.LVL1
 625 0008 0100     		.2byte	0x1
 626 000a 50       		.byte	0x50
 627 000b 06000000 		.4byte	.LVL1
 628 000f 14000000 		.4byte	.LFE0
 629 0013 0400     		.2byte	0x4
 630 0015 F3       		.byte	0xf3
 631 0016 01       		.uleb128 0x1
 632 0017 50       		.byte	0x50
 633 0018 9F       		.byte	0x9f
 634 0019 00000000 		.4byte	0
 635 001d 00000000 		.4byte	0
 636              	.LLST1:
 637 0021 00000000 		.4byte	.LVL2
 638 0025 04000000 		.4byte	.LVL3
 639 0029 0100     		.2byte	0x1
 640 002b 50       		.byte	0x50
 641 002c 04000000 		.4byte	.LVL3
 642 0030 1C000000 		.4byte	.LFE1
 643 0034 0400     		.2byte	0x4
 644 0036 F3       		.byte	0xf3
 645 0037 01       		.uleb128 0x1
 646 0038 50       		.byte	0x50
 647 0039 9F       		.byte	0x9f
 648 003a 00000000 		.4byte	0
 649 003e 00000000 		.4byte	0
 650              	.LLST2:
 651 0042 00000000 		.4byte	.LVL4
 652 0046 08000000 		.4byte	.LVL7
 653 004a 0100     		.2byte	0x1
 654 004c 50       		.byte	0x50
 655 004d 08000000 		.4byte	.LVL7
 656 0051 14000000 		.4byte	.LFE4
 657 0055 0400     		.2byte	0x4
 658 0057 F3       		.byte	0xf3
 659 0058 01       		.uleb128 0x1
 660 0059 50       		.byte	0x50
ARM GAS  C:\Users\ilya\AppData\Local\Temp\ccjZzTFW.s 			page 17


 661 005a 9F       		.byte	0x9f
 662 005b 00000000 		.4byte	0
 663 005f 00000000 		.4byte	0
 664              	.LLST3:
 665 0063 04000000 		.4byte	.LVL5
 666 0067 06000000 		.4byte	.LVL6
 667 006b 0B00     		.2byte	0xb
 668 006d 70       		.byte	0x70
 669 006e 00       		.sleb128 0
 670 006f 0A       		.byte	0xa
 671 0070 FFFF     		.2byte	0xffff
 672 0072 1A       		.byte	0x1a
 673 0073 20       		.byte	0x20
 674 0074 73       		.byte	0x73
 675 0075 00       		.sleb128 0
 676 0076 1A       		.byte	0x1a
 677 0077 9F       		.byte	0x9f
 678 0078 00000000 		.4byte	0
 679 007c 00000000 		.4byte	0
 680              	.LLST4:
 681 0080 08000000 		.4byte	.LVL8
 682 0084 0C000000 		.4byte	.LVL9
 683 0088 0100     		.2byte	0x1
 684 008a 50       		.byte	0x50
 685 008b 0C000000 		.4byte	.LVL9
 686 008f 14000000 		.4byte	.LFE5
 687 0093 0400     		.2byte	0x4
 688 0095 72       		.byte	0x72
 689 0096 00       		.sleb128 0
 690 0097 06       		.byte	0x6
 691 0098 9F       		.byte	0x9f
 692 0099 00000000 		.4byte	0
 693 009d 00000000 		.4byte	0
 694              		.section	.debug_aranges,"",%progbits
 695 0000 44000000 		.4byte	0x44
 696 0004 0200     		.2byte	0x2
 697 0006 00000000 		.4byte	.Ldebug_info0
 698 000a 04       		.byte	0x4
 699 000b 00       		.byte	0
 700 000c 0000     		.2byte	0
 701 000e 0000     		.2byte	0
 702 0010 00000000 		.4byte	.LFB0
 703 0014 14000000 		.4byte	.LFE0-.LFB0
 704 0018 00000000 		.4byte	.LFB1
 705 001c 1C000000 		.4byte	.LFE1-.LFB1
 706 0020 00000000 		.4byte	.LFB2
 707 0024 10000000 		.4byte	.LFE2-.LFB2
 708 0028 00000000 		.4byte	.LFB3
 709 002c 10000000 		.4byte	.LFE3-.LFB3
 710 0030 00000000 		.4byte	.LFB4
 711 0034 14000000 		.4byte	.LFE4-.LFB4
 712 0038 00000000 		.4byte	.LFB5
 713 003c 14000000 		.4byte	.LFE5-.LFB5
 714 0040 00000000 		.4byte	0
 715 0044 00000000 		.4byte	0
 716              		.section	.debug_ranges,"",%progbits
 717              	.Ldebug_ranges0:
ARM GAS  C:\Users\ilya\AppData\Local\Temp\ccjZzTFW.s 			page 18


 718 0000 00000000 		.4byte	.LFB0
 719 0004 14000000 		.4byte	.LFE0
 720 0008 00000000 		.4byte	.LFB1
 721 000c 1C000000 		.4byte	.LFE1
 722 0010 00000000 		.4byte	.LFB2
 723 0014 10000000 		.4byte	.LFE2
 724 0018 00000000 		.4byte	.LFB3
 725 001c 10000000 		.4byte	.LFE3
 726 0020 00000000 		.4byte	.LFB4
 727 0024 14000000 		.4byte	.LFE4
 728 0028 00000000 		.4byte	.LFB5
 729 002c 14000000 		.4byte	.LFE5
 730 0030 00000000 		.4byte	0
 731 0034 00000000 		.4byte	0
 732              		.section	.debug_line,"",%progbits
 733              	.Ldebug_line0:
 734 0000 CC000000 		.section	.debug_str,"MS",%progbits,1
 734      02004700 
 734      00000201 
 734      FB0E0D00 
 734      01010101 
 735              	.LASF15:
 736 0000 72656733 		.ascii	"reg32\000"
 736      3200
 737              	.LASF28:
 738 0006 47656E65 		.ascii	"Generated_Source\\PSoC4\\TRIG_RIGHT.c\000"
 738      72617465 
 738      645F536F 
 738      75726365 
 738      5C50536F 
 739              	.LASF19:
 740 002a 76616C75 		.ascii	"value\000"
 740      6500
 741              	.LASF17:
 742 0030 54524947 		.ascii	"TRIG_RIGHT_Write\000"
 742      5F524947 
 742      48545F57 
 742      72697465 
 742      00
 743              	.LASF24:
 744 0041 54524947 		.ascii	"TRIG_RIGHT_ClearInterrupt\000"
 744      5F524947 
 744      48545F43 
 744      6C656172 
 744      496E7465 
 745              	.LASF12:
 746 005b 666C6F61 		.ascii	"float\000"
 746      7400
 747              	.LASF22:
 748 0061 54524947 		.ascii	"TRIG_RIGHT_SetInterruptMode\000"
 748      5F524947 
 748      48545F53 
 748      6574496E 
 748      74657272 
 749              	.LASF1:
 750 007d 756E7369 		.ascii	"unsigned char\000"
 750      676E6564 
ARM GAS  C:\Users\ilya\AppData\Local\Temp\ccjZzTFW.s 			page 19


 750      20636861 
 750      7200
 751              	.LASF30:
 752 008b 64725661 		.ascii	"drVal\000"
 752      6C00
 753              	.LASF5:
 754 0091 6C6F6E67 		.ascii	"long unsigned int\000"
 754      20756E73 
 754      69676E65 
 754      6420696E 
 754      7400
 755              	.LASF3:
 756 00a3 73686F72 		.ascii	"short unsigned int\000"
 756      7420756E 
 756      7369676E 
 756      65642069 
 756      6E7400
 757              	.LASF20:
 758 00b6 54524947 		.ascii	"TRIG_RIGHT_Read\000"
 758      5F524947 
 758      48545F52 
 758      65616400 
 759              	.LASF27:
 760 00c6 474E5520 		.ascii	"GNU C11 5.4.1 20160609 (release) [ARM/embedded-5-br"
 760      43313120 
 760      352E342E 
 760      31203230 
 760      31363036 
 761 00f9 616E6368 		.ascii	"anch revision 237715] -mcpu=cortex-m0 -mthumb -g -O"
 761      20726576 
 761      6973696F 
 761      6E203233 
 761      37373135 
 762 012c 33202D66 		.ascii	"3 -ffunction-sections -ffat-lto-objects\000"
 762      66756E63 
 762      74696F6E 
 762      2D736563 
 762      74696F6E 
 763              	.LASF13:
 764 0154 646F7562 		.ascii	"double\000"
 764      6C6500
 765              	.LASF10:
 766 015b 75696E74 		.ascii	"uint16\000"
 766      313600
 767              	.LASF23:
 768 0162 706F7369 		.ascii	"position\000"
 768      74696F6E 
 768      00
 769              	.LASF11:
 770 016b 75696E74 		.ascii	"uint32\000"
 770      333200
 771              	.LASF25:
 772 0172 696E7472 		.ascii	"intrCfg\000"
 772      43666700 
 773              	.LASF8:
 774 017a 756E7369 		.ascii	"unsigned int\000"
 774      676E6564 
ARM GAS  C:\Users\ilya\AppData\Local\Temp\ccjZzTFW.s 			page 20


 774      20696E74 
 774      00
 775              	.LASF7:
 776 0187 6C6F6E67 		.ascii	"long long unsigned int\000"
 776      206C6F6E 
 776      6720756E 
 776      7369676E 
 776      65642069 
 777              	.LASF18:
 778 019e 6D6F6465 		.ascii	"mode\000"
 778      00
 779              	.LASF16:
 780 01a3 54524947 		.ascii	"TRIG_RIGHT_SetDriveMode\000"
 780      5F524947 
 780      48545F53 
 780      65744472 
 780      6976654D 
 781              	.LASF6:
 782 01bb 6C6F6E67 		.ascii	"long long int\000"
 782      206C6F6E 
 782      6720696E 
 782      7400
 783              	.LASF26:
 784 01c9 6D61736B 		.ascii	"maskedStatus\000"
 784      65645374 
 784      61747573 
 784      00
 785              	.LASF14:
 786 01d6 63686172 		.ascii	"char\000"
 786      00
 787              	.LASF2:
 788 01db 73686F72 		.ascii	"short int\000"
 788      7420696E 
 788      7400
 789              	.LASF21:
 790 01e5 54524947 		.ascii	"TRIG_RIGHT_ReadDataReg\000"
 790      5F524947 
 790      48545F52 
 790      65616444 
 790      61746152 
 791              	.LASF9:
 792 01fc 75696E74 		.ascii	"uint8\000"
 792      3800
 793              	.LASF29:
 794 0202 433A5C70 		.ascii	"C:\\psoc\\chamonix\\camera.cydsn\000"
 794      736F635C 
 794      6368616D 
 794      6F6E6978 
 794      5C63616D 
 795              	.LASF4:
 796 0220 6C6F6E67 		.ascii	"long int\000"
 796      20696E74 
 796      00
 797              	.LASF0:
 798 0229 7369676E 		.ascii	"signed char\000"
 798      65642063 
 798      68617200 
ARM GAS  C:\Users\ilya\AppData\Local\Temp\ccjZzTFW.s 			page 21


 799              		.ident	"GCC: (GNU Tools for ARM Embedded Processors) 5.4.1 20160609 (release) [ARM/embedded-5-bran
