ARM GAS  C:\Users\Yiquing\AppData\Local\Temp\cca3Rtzx.s 			page 1


   1              		.syntax unified
   2              		.cpu cortex-m3
   3              		.fpu softvfp
   4              		.eabi_attribute 20, 1
   5              		.eabi_attribute 21, 1
   6              		.eabi_attribute 23, 3
   7              		.eabi_attribute 24, 1
   8              		.eabi_attribute 25, 1
   9              		.eabi_attribute 26, 1
  10              		.eabi_attribute 30, 4
  11              		.eabi_attribute 34, 1
  12              		.eabi_attribute 18, 4
  13              		.thumb
  14              		.file	"UART_OSDP_INT.c"
  15              		.text
  16              	.Ltext0:
  17              		.cfi_sections	.debug_frame
  18              		.section	.text.UART_OSDP_RXISR,"ax",%progbits
  19              		.align	1
  20              		.global	UART_OSDP_RXISR
  21              		.thumb
  22              		.thumb_func
  23              		.type	UART_OSDP_RXISR, %function
  24              	UART_OSDP_RXISR:
  25              	.LFB0:
  26              		.file 1 ".\\Generated_Source\\PSoC5\\UART_OSDP_INT.c"
   1:.\Generated_Source\PSoC5/UART_OSDP_INT.c **** /*******************************************************************************
   2:.\Generated_Source\PSoC5/UART_OSDP_INT.c **** * File Name: UART_OSDPINT.c
   3:.\Generated_Source\PSoC5/UART_OSDP_INT.c **** * Version 2.50
   4:.\Generated_Source\PSoC5/UART_OSDP_INT.c **** *
   5:.\Generated_Source\PSoC5/UART_OSDP_INT.c **** * Description:
   6:.\Generated_Source\PSoC5/UART_OSDP_INT.c **** *  This file provides all Interrupt Service functionality of the UART component
   7:.\Generated_Source\PSoC5/UART_OSDP_INT.c **** *
   8:.\Generated_Source\PSoC5/UART_OSDP_INT.c **** ********************************************************************************
   9:.\Generated_Source\PSoC5/UART_OSDP_INT.c **** * Copyright 2008-2015, Cypress Semiconductor Corporation.  All rights reserved.
  10:.\Generated_Source\PSoC5/UART_OSDP_INT.c **** * You may use this file only in accordance with the license, terms, conditions,
  11:.\Generated_Source\PSoC5/UART_OSDP_INT.c **** * disclaimers, and limitations in the end user license agreement accompanying
  12:.\Generated_Source\PSoC5/UART_OSDP_INT.c **** * the software package with which this file was provided.
  13:.\Generated_Source\PSoC5/UART_OSDP_INT.c **** *******************************************************************************/
  14:.\Generated_Source\PSoC5/UART_OSDP_INT.c **** 
  15:.\Generated_Source\PSoC5/UART_OSDP_INT.c **** #include "UART_OSDP.h"
  16:.\Generated_Source\PSoC5/UART_OSDP_INT.c **** 
  17:.\Generated_Source\PSoC5/UART_OSDP_INT.c **** 
  18:.\Generated_Source\PSoC5/UART_OSDP_INT.c **** /***************************************
  19:.\Generated_Source\PSoC5/UART_OSDP_INT.c **** * Custom Declarations
  20:.\Generated_Source\PSoC5/UART_OSDP_INT.c **** ***************************************/
  21:.\Generated_Source\PSoC5/UART_OSDP_INT.c **** /* `#START CUSTOM_DECLARATIONS` Place your declaration here */
  22:.\Generated_Source\PSoC5/UART_OSDP_INT.c **** 
  23:.\Generated_Source\PSoC5/UART_OSDP_INT.c **** /* `#END` */
  24:.\Generated_Source\PSoC5/UART_OSDP_INT.c **** 
  25:.\Generated_Source\PSoC5/UART_OSDP_INT.c **** #if (UART_OSDP_RX_INTERRUPT_ENABLED && (UART_OSDP_RX_ENABLED || UART_OSDP_HD_ENABLED))
  26:.\Generated_Source\PSoC5/UART_OSDP_INT.c ****     /*******************************************************************************
  27:.\Generated_Source\PSoC5/UART_OSDP_INT.c ****     * Function Name: UART_OSDP_RXISR
  28:.\Generated_Source\PSoC5/UART_OSDP_INT.c ****     ********************************************************************************
  29:.\Generated_Source\PSoC5/UART_OSDP_INT.c ****     *
  30:.\Generated_Source\PSoC5/UART_OSDP_INT.c ****     * Summary:
  31:.\Generated_Source\PSoC5/UART_OSDP_INT.c ****     *  Interrupt Service Routine for RX portion of the UART
ARM GAS  C:\Users\Yiquing\AppData\Local\Temp\cca3Rtzx.s 			page 2


  32:.\Generated_Source\PSoC5/UART_OSDP_INT.c ****     *
  33:.\Generated_Source\PSoC5/UART_OSDP_INT.c ****     * Parameters:
  34:.\Generated_Source\PSoC5/UART_OSDP_INT.c ****     *  None.
  35:.\Generated_Source\PSoC5/UART_OSDP_INT.c ****     *
  36:.\Generated_Source\PSoC5/UART_OSDP_INT.c ****     * Return:
  37:.\Generated_Source\PSoC5/UART_OSDP_INT.c ****     *  None.
  38:.\Generated_Source\PSoC5/UART_OSDP_INT.c ****     *
  39:.\Generated_Source\PSoC5/UART_OSDP_INT.c ****     * Global Variables:
  40:.\Generated_Source\PSoC5/UART_OSDP_INT.c ****     *  UART_OSDP_rxBuffer - RAM buffer pointer for save received data.
  41:.\Generated_Source\PSoC5/UART_OSDP_INT.c ****     *  UART_OSDP_rxBufferWrite - cyclic index for write to rxBuffer,
  42:.\Generated_Source\PSoC5/UART_OSDP_INT.c ****     *     increments after each byte saved to buffer.
  43:.\Generated_Source\PSoC5/UART_OSDP_INT.c ****     *  UART_OSDP_rxBufferRead - cyclic index for read from rxBuffer,
  44:.\Generated_Source\PSoC5/UART_OSDP_INT.c ****     *     checked to detect overflow condition.
  45:.\Generated_Source\PSoC5/UART_OSDP_INT.c ****     *  UART_OSDP_rxBufferOverflow - software overflow flag. Set to one
  46:.\Generated_Source\PSoC5/UART_OSDP_INT.c ****     *     when UART_OSDP_rxBufferWrite index overtakes
  47:.\Generated_Source\PSoC5/UART_OSDP_INT.c ****     *     UART_OSDP_rxBufferRead index.
  48:.\Generated_Source\PSoC5/UART_OSDP_INT.c ****     *  UART_OSDP_rxBufferLoopDetect - additional variable to detect overflow.
  49:.\Generated_Source\PSoC5/UART_OSDP_INT.c ****     *     Set to one when UART_OSDP_rxBufferWrite is equal to
  50:.\Generated_Source\PSoC5/UART_OSDP_INT.c ****     *    UART_OSDP_rxBufferRead
  51:.\Generated_Source\PSoC5/UART_OSDP_INT.c ****     *  UART_OSDP_rxAddressMode - this variable contains the Address mode,
  52:.\Generated_Source\PSoC5/UART_OSDP_INT.c ****     *     selected in customizer or set by UART_SetRxAddressMode() API.
  53:.\Generated_Source\PSoC5/UART_OSDP_INT.c ****     *  UART_OSDP_rxAddressDetected - set to 1 when correct address received,
  54:.\Generated_Source\PSoC5/UART_OSDP_INT.c ****     *     and analysed to store following addressed data bytes to the buffer.
  55:.\Generated_Source\PSoC5/UART_OSDP_INT.c ****     *     When not correct address received, set to 0 to skip following data bytes.
  56:.\Generated_Source\PSoC5/UART_OSDP_INT.c ****     *
  57:.\Generated_Source\PSoC5/UART_OSDP_INT.c ****     *******************************************************************************/
  58:.\Generated_Source\PSoC5/UART_OSDP_INT.c ****     CY_ISR(UART_OSDP_RXISR)
  59:.\Generated_Source\PSoC5/UART_OSDP_INT.c ****     {
  27              		.loc 1 59 0
  28              		.cfi_startproc
  29              		@ args = 0, pretend = 0, frame = 0
  30              		@ frame_needed = 0, uses_anonymous_args = 0
  31              		@ link register save eliminated.
  32              	.L2:
  33              	.LVL0:
  60:.\Generated_Source\PSoC5/UART_OSDP_INT.c ****         uint8 readData;
  61:.\Generated_Source\PSoC5/UART_OSDP_INT.c ****         uint8 readStatus;
  62:.\Generated_Source\PSoC5/UART_OSDP_INT.c ****         uint8 increment_pointer = 0u;
  63:.\Generated_Source\PSoC5/UART_OSDP_INT.c **** 
  64:.\Generated_Source\PSoC5/UART_OSDP_INT.c ****     #if(CY_PSOC3)
  65:.\Generated_Source\PSoC5/UART_OSDP_INT.c ****         uint8 int_en;
  66:.\Generated_Source\PSoC5/UART_OSDP_INT.c ****     #endif /* (CY_PSOC3) */
  67:.\Generated_Source\PSoC5/UART_OSDP_INT.c **** 
  68:.\Generated_Source\PSoC5/UART_OSDP_INT.c ****         /* User code required at start of ISR */
  69:.\Generated_Source\PSoC5/UART_OSDP_INT.c ****         /* `#START UART_OSDP_RXISR_START` */
  70:.\Generated_Source\PSoC5/UART_OSDP_INT.c **** 
  71:.\Generated_Source\PSoC5/UART_OSDP_INT.c ****         /* `#END` */
  72:.\Generated_Source\PSoC5/UART_OSDP_INT.c **** 
  73:.\Generated_Source\PSoC5/UART_OSDP_INT.c ****     #if(CY_PSOC3)   /* Make sure nested interrupt is enabled */
  74:.\Generated_Source\PSoC5/UART_OSDP_INT.c ****         int_en = EA;
  75:.\Generated_Source\PSoC5/UART_OSDP_INT.c ****         CyGlobalIntEnable;
  76:.\Generated_Source\PSoC5/UART_OSDP_INT.c ****     #endif /* (CY_PSOC3) */
  77:.\Generated_Source\PSoC5/UART_OSDP_INT.c **** 
  78:.\Generated_Source\PSoC5/UART_OSDP_INT.c ****         do
  79:.\Generated_Source\PSoC5/UART_OSDP_INT.c ****         {
  80:.\Generated_Source\PSoC5/UART_OSDP_INT.c ****             /* Read receiver status register */
  81:.\Generated_Source\PSoC5/UART_OSDP_INT.c ****             readStatus = UART_OSDP_RXSTATUS_REG;
ARM GAS  C:\Users\Yiquing\AppData\Local\Temp\cca3Rtzx.s 			page 3


  34              		.loc 1 81 0
  35 0000 174B     		ldr	r3, .L15
  36 0002 1B78     		ldrb	r3, [r3]	@ zero_extendqisi2
  37 0004 DBB2     		uxtb	r3, r3
  38              	.LVL1:
  82:.\Generated_Source\PSoC5/UART_OSDP_INT.c ****             /* Copy the same status to readData variable for backward compatibility support 
  83:.\Generated_Source\PSoC5/UART_OSDP_INT.c ****             *  of the user code in UART_OSDP_RXISR_ERROR` section. 
  84:.\Generated_Source\PSoC5/UART_OSDP_INT.c ****             */
  85:.\Generated_Source\PSoC5/UART_OSDP_INT.c ****             readData = readStatus;
  86:.\Generated_Source\PSoC5/UART_OSDP_INT.c **** 
  87:.\Generated_Source\PSoC5/UART_OSDP_INT.c ****             if((readStatus & (UART_OSDP_RX_STS_BREAK | 
  39              		.loc 1 87 0
  40 0006 13F01E00 		ands	r0, r3, #30
  41 000a 03D0     		beq	.L3
  88:.\Generated_Source\PSoC5/UART_OSDP_INT.c ****                             UART_OSDP_RX_STS_PAR_ERROR |
  89:.\Generated_Source\PSoC5/UART_OSDP_INT.c ****                             UART_OSDP_RX_STS_STOP_ERROR | 
  90:.\Generated_Source\PSoC5/UART_OSDP_INT.c ****                             UART_OSDP_RX_STS_OVERRUN)) != 0u)
  91:.\Generated_Source\PSoC5/UART_OSDP_INT.c ****             {
  92:.\Generated_Source\PSoC5/UART_OSDP_INT.c ****                 /* ERROR handling. */
  93:.\Generated_Source\PSoC5/UART_OSDP_INT.c ****                 UART_OSDP_errorStatus |= readStatus & ( UART_OSDP_RX_STS_BREAK | 
  42              		.loc 1 93 0
  43 000c 154A     		ldr	r2, .L15+4
  44 000e 1178     		ldrb	r1, [r2]	@ zero_extendqisi2
  45 0010 0143     		orrs	r1, r1, r0
  46 0012 1170     		strb	r1, [r2]
  47              	.L3:
  94:.\Generated_Source\PSoC5/UART_OSDP_INT.c ****                                                             UART_OSDP_RX_STS_PAR_ERROR | 
  95:.\Generated_Source\PSoC5/UART_OSDP_INT.c ****                                                             UART_OSDP_RX_STS_STOP_ERROR | 
  96:.\Generated_Source\PSoC5/UART_OSDP_INT.c ****                                                             UART_OSDP_RX_STS_OVERRUN);
  97:.\Generated_Source\PSoC5/UART_OSDP_INT.c ****                 /* `#START UART_OSDP_RXISR_ERROR` */
  98:.\Generated_Source\PSoC5/UART_OSDP_INT.c **** 
  99:.\Generated_Source\PSoC5/UART_OSDP_INT.c ****                 /* `#END` */
 100:.\Generated_Source\PSoC5/UART_OSDP_INT.c ****             }
 101:.\Generated_Source\PSoC5/UART_OSDP_INT.c ****             
 102:.\Generated_Source\PSoC5/UART_OSDP_INT.c ****             if((readStatus & UART_OSDP_RX_STS_FIFO_NOTEMPTY) != 0u)
  48              		.loc 1 102 0
  49 0014 9B06     		lsls	r3, r3, #26
  50              	.LVL2:
  51 0016 22D5     		bpl	.L1
 103:.\Generated_Source\PSoC5/UART_OSDP_INT.c ****             {
 104:.\Generated_Source\PSoC5/UART_OSDP_INT.c ****                 /* Read data from the RX data register */
 105:.\Generated_Source\PSoC5/UART_OSDP_INT.c ****                 readData = UART_OSDP_RXDATA_REG;
  52              		.loc 1 105 0
  53 0018 134B     		ldr	r3, .L15+8
 106:.\Generated_Source\PSoC5/UART_OSDP_INT.c ****             #if (UART_OSDP_RXHW_ADDRESS_ENABLED)
 107:.\Generated_Source\PSoC5/UART_OSDP_INT.c ****                 if(UART_OSDP_rxAddressMode == (uint8)UART_OSDP__B_UART__AM_SW_DETECT_TO_BUFFER)
 108:.\Generated_Source\PSoC5/UART_OSDP_INT.c ****                 {
 109:.\Generated_Source\PSoC5/UART_OSDP_INT.c ****                     if((readStatus & UART_OSDP_RX_STS_MRKSPC) != 0u)
 110:.\Generated_Source\PSoC5/UART_OSDP_INT.c ****                     {
 111:.\Generated_Source\PSoC5/UART_OSDP_INT.c ****                         if ((readStatus & UART_OSDP_RX_STS_ADDR_MATCH) != 0u)
 112:.\Generated_Source\PSoC5/UART_OSDP_INT.c ****                         {
 113:.\Generated_Source\PSoC5/UART_OSDP_INT.c ****                             UART_OSDP_rxAddressDetected = 1u;
 114:.\Generated_Source\PSoC5/UART_OSDP_INT.c ****                         }
 115:.\Generated_Source\PSoC5/UART_OSDP_INT.c ****                         else
 116:.\Generated_Source\PSoC5/UART_OSDP_INT.c ****                         {
 117:.\Generated_Source\PSoC5/UART_OSDP_INT.c ****                             UART_OSDP_rxAddressDetected = 0u;
 118:.\Generated_Source\PSoC5/UART_OSDP_INT.c ****                         }
ARM GAS  C:\Users\Yiquing\AppData\Local\Temp\cca3Rtzx.s 			page 4


 119:.\Generated_Source\PSoC5/UART_OSDP_INT.c ****                     }
 120:.\Generated_Source\PSoC5/UART_OSDP_INT.c ****                     if(UART_OSDP_rxAddressDetected != 0u)
 121:.\Generated_Source\PSoC5/UART_OSDP_INT.c ****                     {   /* Store only addressed data */
 122:.\Generated_Source\PSoC5/UART_OSDP_INT.c ****                         UART_OSDP_rxBuffer[UART_OSDP_rxBufferWrite] = readData;
 123:.\Generated_Source\PSoC5/UART_OSDP_INT.c ****                         increment_pointer = 1u;
 124:.\Generated_Source\PSoC5/UART_OSDP_INT.c ****                     }
 125:.\Generated_Source\PSoC5/UART_OSDP_INT.c ****                 }
 126:.\Generated_Source\PSoC5/UART_OSDP_INT.c ****                 else /* Without software addressing */
 127:.\Generated_Source\PSoC5/UART_OSDP_INT.c ****                 {
 128:.\Generated_Source\PSoC5/UART_OSDP_INT.c ****                     UART_OSDP_rxBuffer[UART_OSDP_rxBufferWrite] = readData;
 129:.\Generated_Source\PSoC5/UART_OSDP_INT.c ****                     increment_pointer = 1u;
 130:.\Generated_Source\PSoC5/UART_OSDP_INT.c ****                 }
 131:.\Generated_Source\PSoC5/UART_OSDP_INT.c ****             #else  /* Without addressing */
 132:.\Generated_Source\PSoC5/UART_OSDP_INT.c ****                 UART_OSDP_rxBuffer[UART_OSDP_rxBufferWrite] = readData;
  54              		.loc 1 132 0
  55 001a 1449     		ldr	r1, .L15+12
 105:.\Generated_Source\PSoC5/UART_OSDP_INT.c ****                 readData = UART_OSDP_RXDATA_REG;
  56              		.loc 1 105 0
  57 001c 1878     		ldrb	r0, [r3]	@ zero_extendqisi2
  58              		.loc 1 132 0
  59 001e 144B     		ldr	r3, .L15+16
 105:.\Generated_Source\PSoC5/UART_OSDP_INT.c ****                 readData = UART_OSDP_RXDATA_REG;
  60              		.loc 1 105 0
  61 0020 C0B2     		uxtb	r0, r0
  62              	.LVL3:
  63              		.loc 1 132 0
  64 0022 1A88     		ldrh	r2, [r3]
  65 0024 92B2     		uxth	r2, r2
  66 0026 8854     		strb	r0, [r1, r2]
  67              	.LVL4:
 133:.\Generated_Source\PSoC5/UART_OSDP_INT.c ****                 increment_pointer = 1u;
 134:.\Generated_Source\PSoC5/UART_OSDP_INT.c ****             #endif /* (UART_OSDP_RXHW_ADDRESS_ENABLED) */
 135:.\Generated_Source\PSoC5/UART_OSDP_INT.c **** 
 136:.\Generated_Source\PSoC5/UART_OSDP_INT.c ****                 /* Do not increment buffer pointer when skip not addressed data */
 137:.\Generated_Source\PSoC5/UART_OSDP_INT.c ****                 if(increment_pointer != 0u)
 138:.\Generated_Source\PSoC5/UART_OSDP_INT.c ****                 {
 139:.\Generated_Source\PSoC5/UART_OSDP_INT.c ****                     if(UART_OSDP_rxBufferLoopDetect != 0u)
  68              		.loc 1 139 0
  69 0028 124A     		ldr	r2, .L15+20
  70 002a 1178     		ldrb	r1, [r2]	@ zero_extendqisi2
  71 002c 11B1     		cbz	r1, .L5
 140:.\Generated_Source\PSoC5/UART_OSDP_INT.c ****                     {   /* Set Software Buffer status Overflow */
 141:.\Generated_Source\PSoC5/UART_OSDP_INT.c ****                         UART_OSDP_rxBufferOverflow = 1u;
  72              		.loc 1 141 0
  73 002e 1249     		ldr	r1, .L15+24
  74 0030 0120     		movs	r0, #1
  75              	.LVL5:
  76 0032 0870     		strb	r0, [r1]
  77              	.L5:
 142:.\Generated_Source\PSoC5/UART_OSDP_INT.c ****                     }
 143:.\Generated_Source\PSoC5/UART_OSDP_INT.c ****                     /* Set next pointer. */
 144:.\Generated_Source\PSoC5/UART_OSDP_INT.c ****                     UART_OSDP_rxBufferWrite++;
  78              		.loc 1 144 0
  79 0034 1988     		ldrh	r1, [r3]
  80 0036 0131     		adds	r1, r1, #1
  81 0038 89B2     		uxth	r1, r1
  82 003a 1980     		strh	r1, [r3]	@ movhi
ARM GAS  C:\Users\Yiquing\AppData\Local\Temp\cca3Rtzx.s 			page 5


 145:.\Generated_Source\PSoC5/UART_OSDP_INT.c **** 
 146:.\Generated_Source\PSoC5/UART_OSDP_INT.c ****                     /* Check pointer for a loop condition */
 147:.\Generated_Source\PSoC5/UART_OSDP_INT.c ****                     if(UART_OSDP_rxBufferWrite >= UART_OSDP_RX_BUFFER_SIZE)
  83              		.loc 1 147 0
  84 003c 1988     		ldrh	r1, [r3]
  85 003e 89B2     		uxth	r1, r1
  86 0040 FF29     		cmp	r1, #255
  87 0042 02D9     		bls	.L6
 148:.\Generated_Source\PSoC5/UART_OSDP_INT.c ****                     {
 149:.\Generated_Source\PSoC5/UART_OSDP_INT.c ****                         UART_OSDP_rxBufferWrite = 0u;
  88              		.loc 1 149 0
  89 0044 0A49     		ldr	r1, .L15+16
  90 0046 0020     		movs	r0, #0
  91 0048 0880     		strh	r0, [r1]	@ movhi
  92              	.L6:
 150:.\Generated_Source\PSoC5/UART_OSDP_INT.c ****                     }
 151:.\Generated_Source\PSoC5/UART_OSDP_INT.c **** 
 152:.\Generated_Source\PSoC5/UART_OSDP_INT.c ****                     /* Detect pre-overload condition and set flag */
 153:.\Generated_Source\PSoC5/UART_OSDP_INT.c ****                     if(UART_OSDP_rxBufferWrite == UART_OSDP_rxBufferRead)
  93              		.loc 1 153 0
  94 004a 1988     		ldrh	r1, [r3]
  95 004c 0B4B     		ldr	r3, .L15+28
  96 004e 89B2     		uxth	r1, r1
  97 0050 1B88     		ldrh	r3, [r3]
  98 0052 9BB2     		uxth	r3, r3
  99 0054 9942     		cmp	r1, r3
 100 0056 D3D1     		bne	.L2
 154:.\Generated_Source\PSoC5/UART_OSDP_INT.c ****                     {
 155:.\Generated_Source\PSoC5/UART_OSDP_INT.c ****                         UART_OSDP_rxBufferLoopDetect = 1u;
 101              		.loc 1 155 0
 102 0058 0123     		movs	r3, #1
 103 005a 1370     		strb	r3, [r2]
 104 005c D0E7     		b	.L2
 105              	.LVL6:
 106              	.L1:
 107 005e 7047     		bx	lr
 108              	.L16:
 109              		.align	2
 110              	.L15:
 111 0060 62640040 		.word	1073767522
 112 0064 00000000 		.word	UART_OSDP_errorStatus
 113 0068 46650040 		.word	1073767750
 114 006c 00000000 		.word	UART_OSDP_rxBuffer
 115 0070 00000000 		.word	UART_OSDP_rxBufferWrite
 116 0074 00000000 		.word	UART_OSDP_rxBufferLoopDetect
 117 0078 00000000 		.word	UART_OSDP_rxBufferOverflow
 118 007c 00000000 		.word	UART_OSDP_rxBufferRead
 119              		.cfi_endproc
 120              	.LFE0:
 121              		.size	UART_OSDP_RXISR, .-UART_OSDP_RXISR
 122              		.text
 123              	.Letext0:
 124              		.file 2 ".\\Generated_Source\\PSoC5\\cytypes.h"
 125              		.file 3 ".\\Generated_Source\\PSoC5\\UART_OSDP.h"
 126              		.section	.debug_info,"",%progbits
 127              	.Ldebug_info0:
 128 0000 50010000 		.4byte	0x150
ARM GAS  C:\Users\Yiquing\AppData\Local\Temp\cca3Rtzx.s 			page 6


 129 0004 0400     		.2byte	0x4
 130 0006 00000000 		.4byte	.Ldebug_abbrev0
 131 000a 04       		.byte	0x4
 132 000b 01       		.uleb128 0x1
 133 000c 19010000 		.4byte	.LASF25
 134 0010 01       		.byte	0x1
 135 0011 3A020000 		.4byte	.LASF26
 136 0015 57000000 		.4byte	.LASF27
 137 0019 00000000 		.4byte	.Ldebug_ranges0+0
 138 001d 00000000 		.4byte	0
 139 0021 00000000 		.4byte	.Ldebug_line0
 140 0025 02       		.uleb128 0x2
 141 0026 01       		.byte	0x1
 142 0027 06       		.byte	0x6
 143 0028 F6010000 		.4byte	.LASF0
 144 002c 02       		.uleb128 0x2
 145 002d 01       		.byte	0x1
 146 002e 08       		.byte	0x8
 147 002f A5010000 		.4byte	.LASF1
 148 0033 02       		.uleb128 0x2
 149 0034 02       		.byte	0x2
 150 0035 05       		.byte	0x5
 151 0036 29020000 		.4byte	.LASF2
 152 003a 02       		.uleb128 0x2
 153 003b 02       		.byte	0x2
 154 003c 07       		.byte	0x7
 155 003d E3010000 		.4byte	.LASF3
 156 0041 02       		.uleb128 0x2
 157 0042 04       		.byte	0x4
 158 0043 05       		.byte	0x5
 159 0044 B8010000 		.4byte	.LASF4
 160 0048 02       		.uleb128 0x2
 161 0049 04       		.byte	0x4
 162 004a 07       		.byte	0x7
 163 004b F0000000 		.4byte	.LASF5
 164 004f 02       		.uleb128 0x2
 165 0050 08       		.byte	0x8
 166 0051 05       		.byte	0x5
 167 0052 00000000 		.4byte	.LASF6
 168 0056 02       		.uleb128 0x2
 169 0057 08       		.byte	0x8
 170 0058 07       		.byte	0x7
 171 0059 02010000 		.4byte	.LASF7
 172 005d 03       		.uleb128 0x3
 173 005e 04       		.byte	0x4
 174 005f 05       		.byte	0x5
 175 0060 696E7400 		.ascii	"int\000"
 176 0064 02       		.uleb128 0x2
 177 0065 04       		.byte	0x4
 178 0066 07       		.byte	0x7
 179 0067 21000000 		.4byte	.LASF8
 180 006b 04       		.uleb128 0x4
 181 006c EA000000 		.4byte	.LASF9
 182 0070 02       		.byte	0x2
 183 0071 A1       		.byte	0xa1
 184 0072 2C000000 		.4byte	0x2c
 185 0076 04       		.uleb128 0x4
ARM GAS  C:\Users\Yiquing\AppData\Local\Temp\cca3Rtzx.s 			page 7


 186 0077 33020000 		.4byte	.LASF10
 187 007b 02       		.byte	0x2
 188 007c A2       		.byte	0xa2
 189 007d 3A000000 		.4byte	0x3a
 190 0081 02       		.uleb128 0x2
 191 0082 04       		.byte	0x4
 192 0083 04       		.byte	0x4
 193 0084 23020000 		.4byte	.LASF11
 194 0088 02       		.uleb128 0x2
 195 0089 08       		.byte	0x8
 196 008a 04       		.byte	0x4
 197 008b C1010000 		.4byte	.LASF12
 198 008f 02       		.uleb128 0x2
 199 0090 01       		.byte	0x1
 200 0091 08       		.byte	0x8
 201 0092 B3010000 		.4byte	.LASF13
 202 0096 05       		.uleb128 0x5
 203 0097 E5000000 		.4byte	.LASF14
 204 009b 02       		.byte	0x2
 205 009c 4B01     		.2byte	0x14b
 206 009e A2000000 		.4byte	0xa2
 207 00a2 06       		.uleb128 0x6
 208 00a3 6B000000 		.4byte	0x6b
 209 00a7 06       		.uleb128 0x6
 210 00a8 76000000 		.4byte	0x76
 211 00ac 02       		.uleb128 0x2
 212 00ad 04       		.byte	0x4
 213 00ae 07       		.byte	0x7
 214 00af 6C020000 		.4byte	.LASF15
 215 00b3 07       		.uleb128 0x7
 216 00b4 95010000 		.4byte	.LASF28
 217 00b8 01       		.byte	0x1
 218 00b9 3A       		.byte	0x3a
 219 00ba 00000000 		.4byte	.LFB0
 220 00be 80000000 		.4byte	.LFE0-.LFB0
 221 00c2 01       		.uleb128 0x1
 222 00c3 9C       		.byte	0x9c
 223 00c4 F6000000 		.4byte	0xf6
 224 00c8 08       		.uleb128 0x8
 225 00c9 63020000 		.4byte	.LASF16
 226 00cd 01       		.byte	0x1
 227 00ce 3C       		.byte	0x3c
 228 00cf 6B000000 		.4byte	0x6b
 229 00d3 00000000 		.4byte	.LLST0
 230 00d7 08       		.uleb128 0x8
 231 00d8 02020000 		.4byte	.LASF17
 232 00dc 01       		.byte	0x1
 233 00dd 3D       		.byte	0x3d
 234 00de 6B000000 		.4byte	0x6b
 235 00e2 1E000000 		.4byte	.LLST1
 236 00e6 08       		.uleb128 0x8
 237 00e7 45000000 		.4byte	.LASF18
 238 00eb 01       		.byte	0x1
 239 00ec 3E       		.byte	0x3e
 240 00ed 6B000000 		.4byte	0x6b
 241 00f1 31000000 		.4byte	.LLST2
 242 00f5 00       		.byte	0
ARM GAS  C:\Users\Yiquing\AppData\Local\Temp\cca3Rtzx.s 			page 8


 243 00f6 09       		.uleb128 0x9
 244 00f7 0D020000 		.4byte	.LASF19
 245 00fb 03       		.byte	0x3
 246 00fc 3D01     		.2byte	0x13d
 247 00fe 6B000000 		.4byte	0x6b
 248 0102 0A       		.uleb128 0xa
 249 0103 6B000000 		.4byte	0x6b
 250 0107 12010000 		.4byte	0x112
 251 010b 0B       		.uleb128 0xb
 252 010c AC000000 		.4byte	0xac
 253 0110 FF       		.byte	0xff
 254 0111 00       		.byte	0
 255 0112 09       		.uleb128 0x9
 256 0113 0E000000 		.4byte	.LASF20
 257 0117 03       		.byte	0x3
 258 0118 3E01     		.2byte	0x13e
 259 011a 1E010000 		.4byte	0x11e
 260 011e 06       		.uleb128 0x6
 261 011f 02010000 		.4byte	0x102
 262 0123 09       		.uleb128 0x9
 263 0124 2E000000 		.4byte	.LASF21
 264 0128 03       		.byte	0x3
 265 0129 3F01     		.2byte	0x13f
 266 012b A7000000 		.4byte	0xa7
 267 012f 09       		.uleb128 0x9
 268 0130 B0000000 		.4byte	.LASF22
 269 0134 03       		.byte	0x3
 270 0135 4001     		.2byte	0x140
 271 0137 A7000000 		.4byte	0xa7
 272 013b 09       		.uleb128 0x9
 273 013c C8000000 		.4byte	.LASF23
 274 0140 03       		.byte	0x3
 275 0141 4101     		.2byte	0x141
 276 0143 A2000000 		.4byte	0xa2
 277 0147 09       		.uleb128 0x9
 278 0148 C8010000 		.4byte	.LASF24
 279 014c 03       		.byte	0x3
 280 014d 4201     		.2byte	0x142
 281 014f A2000000 		.4byte	0xa2
 282 0153 00       		.byte	0
 283              		.section	.debug_abbrev,"",%progbits
 284              	.Ldebug_abbrev0:
 285 0000 01       		.uleb128 0x1
 286 0001 11       		.uleb128 0x11
 287 0002 01       		.byte	0x1
 288 0003 25       		.uleb128 0x25
 289 0004 0E       		.uleb128 0xe
 290 0005 13       		.uleb128 0x13
 291 0006 0B       		.uleb128 0xb
 292 0007 03       		.uleb128 0x3
 293 0008 0E       		.uleb128 0xe
 294 0009 1B       		.uleb128 0x1b
 295 000a 0E       		.uleb128 0xe
 296 000b 55       		.uleb128 0x55
 297 000c 17       		.uleb128 0x17
 298 000d 11       		.uleb128 0x11
 299 000e 01       		.uleb128 0x1
ARM GAS  C:\Users\Yiquing\AppData\Local\Temp\cca3Rtzx.s 			page 9


 300 000f 10       		.uleb128 0x10
 301 0010 17       		.uleb128 0x17
 302 0011 00       		.byte	0
 303 0012 00       		.byte	0
 304 0013 02       		.uleb128 0x2
 305 0014 24       		.uleb128 0x24
 306 0015 00       		.byte	0
 307 0016 0B       		.uleb128 0xb
 308 0017 0B       		.uleb128 0xb
 309 0018 3E       		.uleb128 0x3e
 310 0019 0B       		.uleb128 0xb
 311 001a 03       		.uleb128 0x3
 312 001b 0E       		.uleb128 0xe
 313 001c 00       		.byte	0
 314 001d 00       		.byte	0
 315 001e 03       		.uleb128 0x3
 316 001f 24       		.uleb128 0x24
 317 0020 00       		.byte	0
 318 0021 0B       		.uleb128 0xb
 319 0022 0B       		.uleb128 0xb
 320 0023 3E       		.uleb128 0x3e
 321 0024 0B       		.uleb128 0xb
 322 0025 03       		.uleb128 0x3
 323 0026 08       		.uleb128 0x8
 324 0027 00       		.byte	0
 325 0028 00       		.byte	0
 326 0029 04       		.uleb128 0x4
 327 002a 16       		.uleb128 0x16
 328 002b 00       		.byte	0
 329 002c 03       		.uleb128 0x3
 330 002d 0E       		.uleb128 0xe
 331 002e 3A       		.uleb128 0x3a
 332 002f 0B       		.uleb128 0xb
 333 0030 3B       		.uleb128 0x3b
 334 0031 0B       		.uleb128 0xb
 335 0032 49       		.uleb128 0x49
 336 0033 13       		.uleb128 0x13
 337 0034 00       		.byte	0
 338 0035 00       		.byte	0
 339 0036 05       		.uleb128 0x5
 340 0037 16       		.uleb128 0x16
 341 0038 00       		.byte	0
 342 0039 03       		.uleb128 0x3
 343 003a 0E       		.uleb128 0xe
 344 003b 3A       		.uleb128 0x3a
 345 003c 0B       		.uleb128 0xb
 346 003d 3B       		.uleb128 0x3b
 347 003e 05       		.uleb128 0x5
 348 003f 49       		.uleb128 0x49
 349 0040 13       		.uleb128 0x13
 350 0041 00       		.byte	0
 351 0042 00       		.byte	0
 352 0043 06       		.uleb128 0x6
 353 0044 35       		.uleb128 0x35
 354 0045 00       		.byte	0
 355 0046 49       		.uleb128 0x49
 356 0047 13       		.uleb128 0x13
ARM GAS  C:\Users\Yiquing\AppData\Local\Temp\cca3Rtzx.s 			page 10


 357 0048 00       		.byte	0
 358 0049 00       		.byte	0
 359 004a 07       		.uleb128 0x7
 360 004b 2E       		.uleb128 0x2e
 361 004c 01       		.byte	0x1
 362 004d 3F       		.uleb128 0x3f
 363 004e 19       		.uleb128 0x19
 364 004f 03       		.uleb128 0x3
 365 0050 0E       		.uleb128 0xe
 366 0051 3A       		.uleb128 0x3a
 367 0052 0B       		.uleb128 0xb
 368 0053 3B       		.uleb128 0x3b
 369 0054 0B       		.uleb128 0xb
 370 0055 27       		.uleb128 0x27
 371 0056 19       		.uleb128 0x19
 372 0057 11       		.uleb128 0x11
 373 0058 01       		.uleb128 0x1
 374 0059 12       		.uleb128 0x12
 375 005a 06       		.uleb128 0x6
 376 005b 40       		.uleb128 0x40
 377 005c 18       		.uleb128 0x18
 378 005d 9742     		.uleb128 0x2117
 379 005f 19       		.uleb128 0x19
 380 0060 01       		.uleb128 0x1
 381 0061 13       		.uleb128 0x13
 382 0062 00       		.byte	0
 383 0063 00       		.byte	0
 384 0064 08       		.uleb128 0x8
 385 0065 34       		.uleb128 0x34
 386 0066 00       		.byte	0
 387 0067 03       		.uleb128 0x3
 388 0068 0E       		.uleb128 0xe
 389 0069 3A       		.uleb128 0x3a
 390 006a 0B       		.uleb128 0xb
 391 006b 3B       		.uleb128 0x3b
 392 006c 0B       		.uleb128 0xb
 393 006d 49       		.uleb128 0x49
 394 006e 13       		.uleb128 0x13
 395 006f 02       		.uleb128 0x2
 396 0070 17       		.uleb128 0x17
 397 0071 00       		.byte	0
 398 0072 00       		.byte	0
 399 0073 09       		.uleb128 0x9
 400 0074 34       		.uleb128 0x34
 401 0075 00       		.byte	0
 402 0076 03       		.uleb128 0x3
 403 0077 0E       		.uleb128 0xe
 404 0078 3A       		.uleb128 0x3a
 405 0079 0B       		.uleb128 0xb
 406 007a 3B       		.uleb128 0x3b
 407 007b 05       		.uleb128 0x5
 408 007c 49       		.uleb128 0x49
 409 007d 13       		.uleb128 0x13
 410 007e 3F       		.uleb128 0x3f
 411 007f 19       		.uleb128 0x19
 412 0080 3C       		.uleb128 0x3c
 413 0081 19       		.uleb128 0x19
ARM GAS  C:\Users\Yiquing\AppData\Local\Temp\cca3Rtzx.s 			page 11


 414 0082 00       		.byte	0
 415 0083 00       		.byte	0
 416 0084 0A       		.uleb128 0xa
 417 0085 01       		.uleb128 0x1
 418 0086 01       		.byte	0x1
 419 0087 49       		.uleb128 0x49
 420 0088 13       		.uleb128 0x13
 421 0089 01       		.uleb128 0x1
 422 008a 13       		.uleb128 0x13
 423 008b 00       		.byte	0
 424 008c 00       		.byte	0
 425 008d 0B       		.uleb128 0xb
 426 008e 21       		.uleb128 0x21
 427 008f 00       		.byte	0
 428 0090 49       		.uleb128 0x49
 429 0091 13       		.uleb128 0x13
 430 0092 2F       		.uleb128 0x2f
 431 0093 0B       		.uleb128 0xb
 432 0094 00       		.byte	0
 433 0095 00       		.byte	0
 434 0096 00       		.byte	0
 435              		.section	.debug_loc,"",%progbits
 436              	.Ldebug_loc0:
 437              	.LLST0:
 438 0000 06000000 		.4byte	.LVL1
 439 0004 16000000 		.4byte	.LVL2
 440 0008 0100     		.2byte	0x1
 441 000a 53       		.byte	0x53
 442 000b 22000000 		.4byte	.LVL3
 443 000f 32000000 		.4byte	.LVL5
 444 0013 0100     		.2byte	0x1
 445 0015 50       		.byte	0x50
 446 0016 00000000 		.4byte	0
 447 001a 00000000 		.4byte	0
 448              	.LLST1:
 449 001e 06000000 		.4byte	.LVL1
 450 0022 16000000 		.4byte	.LVL2
 451 0026 0100     		.2byte	0x1
 452 0028 53       		.byte	0x53
 453 0029 00000000 		.4byte	0
 454 002d 00000000 		.4byte	0
 455              	.LLST2:
 456 0031 00000000 		.4byte	.LVL0
 457 0035 28000000 		.4byte	.LVL4
 458 0039 0200     		.2byte	0x2
 459 003b 30       		.byte	0x30
 460 003c 9F       		.byte	0x9f
 461 003d 28000000 		.4byte	.LVL4
 462 0041 5E000000 		.4byte	.LVL6
 463 0045 0200     		.2byte	0x2
 464 0047 31       		.byte	0x31
 465 0048 9F       		.byte	0x9f
 466 0049 5E000000 		.4byte	.LVL6
 467 004d 80000000 		.4byte	.LFE0
 468 0051 0200     		.2byte	0x2
 469 0053 30       		.byte	0x30
 470 0054 9F       		.byte	0x9f
ARM GAS  C:\Users\Yiquing\AppData\Local\Temp\cca3Rtzx.s 			page 12


 471 0055 00000000 		.4byte	0
 472 0059 00000000 		.4byte	0
 473              		.section	.debug_aranges,"",%progbits
 474 0000 1C000000 		.4byte	0x1c
 475 0004 0200     		.2byte	0x2
 476 0006 00000000 		.4byte	.Ldebug_info0
 477 000a 04       		.byte	0x4
 478 000b 00       		.byte	0
 479 000c 0000     		.2byte	0
 480 000e 0000     		.2byte	0
 481 0010 00000000 		.4byte	.LFB0
 482 0014 80000000 		.4byte	.LFE0-.LFB0
 483 0018 00000000 		.4byte	0
 484 001c 00000000 		.4byte	0
 485              		.section	.debug_ranges,"",%progbits
 486              	.Ldebug_ranges0:
 487 0000 00000000 		.4byte	.LFB0
 488 0004 80000000 		.4byte	.LFE0
 489 0008 00000000 		.4byte	0
 490 000c 00000000 		.4byte	0
 491              		.section	.debug_line,"",%progbits
 492              	.Ldebug_line0:
 493 0000 8F000000 		.section	.debug_str,"MS",%progbits,1
 493      02005B00 
 493      00000201 
 493      FB0E0D00 
 493      01010101 
 494              	.LASF6:
 495 0000 6C6F6E67 		.ascii	"long long int\000"
 495      206C6F6E 
 495      6720696E 
 495      7400
 496              	.LASF20:
 497 000e 55415254 		.ascii	"UART_OSDP_rxBuffer\000"
 497      5F4F5344 
 497      505F7278 
 497      42756666 
 497      657200
 498              	.LASF8:
 499 0021 756E7369 		.ascii	"unsigned int\000"
 499      676E6564 
 499      20696E74 
 499      00
 500              	.LASF21:
 501 002e 55415254 		.ascii	"UART_OSDP_rxBufferRead\000"
 501      5F4F5344 
 501      505F7278 
 501      42756666 
 501      65725265 
 502              	.LASF18:
 503 0045 696E6372 		.ascii	"increment_pointer\000"
 503      656D656E 
 503      745F706F 
 503      696E7465 
 503      7200
 504              	.LASF27:
 505 0057 433A5C55 		.ascii	"C:\\Users\\Yiquing\\Documents\\works\\NanoNXT\\osdp"
ARM GAS  C:\Users\Yiquing\AppData\Local\Temp\cca3Rtzx.s 			page 13


 505      73657273 
 505      5C596971 
 505      75696E67 
 505      5C446F63 
 506 0084 20746573 		.ascii	" testing\\YQ\\nanoNxt_ICM3\\nanoNxt_ICM3.cydsn\000"
 506      74696E67 
 506      5C59515C 
 506      6E616E6F 
 506      4E78745F 
 507              	.LASF22:
 508 00b0 55415254 		.ascii	"UART_OSDP_rxBufferWrite\000"
 508      5F4F5344 
 508      505F7278 
 508      42756666 
 508      65725772 
 509              	.LASF23:
 510 00c8 55415254 		.ascii	"UART_OSDP_rxBufferLoopDetect\000"
 510      5F4F5344 
 510      505F7278 
 510      42756666 
 510      65724C6F 
 511              	.LASF14:
 512 00e5 72656738 		.ascii	"reg8\000"
 512      00
 513              	.LASF9:
 514 00ea 75696E74 		.ascii	"uint8\000"
 514      3800
 515              	.LASF5:
 516 00f0 6C6F6E67 		.ascii	"long unsigned int\000"
 516      20756E73 
 516      69676E65 
 516      6420696E 
 516      7400
 517              	.LASF7:
 518 0102 6C6F6E67 		.ascii	"long long unsigned int\000"
 518      206C6F6E 
 518      6720756E 
 518      7369676E 
 518      65642069 
 519              	.LASF25:
 520 0119 474E5520 		.ascii	"GNU C 4.8.4 20140526 (release) [ARM/embedded-4_8-br"
 520      4320342E 
 520      382E3420 
 520      32303134 
 520      30353236 
 521 014c 616E6368 		.ascii	"anch revision 211358] -mcpu=cortex-m3 -mthumb -g -O"
 521      20726576 
 521      6973696F 
 521      6E203231 
 521      31333538 
 522 017f 73202D66 		.ascii	"s -ffunction-sections\000"
 522      66756E63 
 522      74696F6E 
 522      2D736563 
 522      74696F6E 
 523              	.LASF28:
 524 0195 55415254 		.ascii	"UART_OSDP_RXISR\000"
ARM GAS  C:\Users\Yiquing\AppData\Local\Temp\cca3Rtzx.s 			page 14


 524      5F4F5344 
 524      505F5258 
 524      49535200 
 525              	.LASF1:
 526 01a5 756E7369 		.ascii	"unsigned char\000"
 526      676E6564 
 526      20636861 
 526      7200
 527              	.LASF13:
 528 01b3 63686172 		.ascii	"char\000"
 528      00
 529              	.LASF4:
 530 01b8 6C6F6E67 		.ascii	"long int\000"
 530      20696E74 
 530      00
 531              	.LASF12:
 532 01c1 646F7562 		.ascii	"double\000"
 532      6C6500
 533              	.LASF24:
 534 01c8 55415254 		.ascii	"UART_OSDP_rxBufferOverflow\000"
 534      5F4F5344 
 534      505F7278 
 534      42756666 
 534      65724F76 
 535              	.LASF3:
 536 01e3 73686F72 		.ascii	"short unsigned int\000"
 536      7420756E 
 536      7369676E 
 536      65642069 
 536      6E7400
 537              	.LASF0:
 538 01f6 7369676E 		.ascii	"signed char\000"
 538      65642063 
 538      68617200 
 539              	.LASF17:
 540 0202 72656164 		.ascii	"readStatus\000"
 540      53746174 
 540      757300
 541              	.LASF19:
 542 020d 55415254 		.ascii	"UART_OSDP_errorStatus\000"
 542      5F4F5344 
 542      505F6572 
 542      726F7253 
 542      74617475 
 543              	.LASF11:
 544 0223 666C6F61 		.ascii	"float\000"
 544      7400
 545              	.LASF2:
 546 0229 73686F72 		.ascii	"short int\000"
 546      7420696E 
 546      7400
 547              	.LASF10:
 548 0233 75696E74 		.ascii	"uint16\000"
 548      313600
 549              	.LASF26:
 550 023a 2E5C4765 		.ascii	".\\Generated_Source\\PSoC5\\UART_OSDP_INT.c\000"
 550      6E657261 
ARM GAS  C:\Users\Yiquing\AppData\Local\Temp\cca3Rtzx.s 			page 15


 550      7465645F 
 550      536F7572 
 550      63655C50 
 551              	.LASF16:
 552 0263 72656164 		.ascii	"readData\000"
 552      44617461 
 552      00
 553              	.LASF15:
 554 026c 73697A65 		.ascii	"sizetype\000"
 554      74797065 
 554      00
 555              		.ident	"GCC: (GNU Tools for ARM Embedded Processors) 4.8.4 20140526 (release) [ARM/embedded-4_8-br
