ARM GAS  C:\Users\ilya\AppData\Local\Temp\ccMAfaHL.s 			page 1


   1              		.syntax unified
   2              		.cpu cortex-m3
   3              		.fpu softvfp
   4              		.eabi_attribute 20, 1
   5              		.eabi_attribute 21, 1
   6              		.eabi_attribute 23, 3
   7              		.eabi_attribute 24, 1
   8              		.eabi_attribute 25, 1
   9              		.eabi_attribute 26, 1
  10              		.eabi_attribute 30, 6
  11              		.eabi_attribute 34, 1
  12              		.eabi_attribute 18, 4
  13              		.thumb
  14              		.syntax unified
  15              		.file	"UART_ACS_INT.c"
  16              		.text
  17              	.Ltext0:
  18              		.cfi_sections	.debug_frame
  19              		.section	.text.UART_ACS_RXISR,"ax",%progbits
  20              		.align	2
  21              		.global	UART_ACS_RXISR
  22              		.thumb
  23              		.thumb_func
  24              		.type	UART_ACS_RXISR, %function
  25              	UART_ACS_RXISR:
  26              	.LFB0:
  27              		.file 1 "Generated_Source\\PSoC5\\UART_ACS_INT.c"
   1:Generated_Source\PSoC5/UART_ACS_INT.c **** /*******************************************************************************
   2:Generated_Source\PSoC5/UART_ACS_INT.c **** * File Name: UART_ACSINT.c
   3:Generated_Source\PSoC5/UART_ACS_INT.c **** * Version 2.50
   4:Generated_Source\PSoC5/UART_ACS_INT.c **** *
   5:Generated_Source\PSoC5/UART_ACS_INT.c **** * Description:
   6:Generated_Source\PSoC5/UART_ACS_INT.c **** *  This file provides all Interrupt Service functionality of the UART component
   7:Generated_Source\PSoC5/UART_ACS_INT.c **** *
   8:Generated_Source\PSoC5/UART_ACS_INT.c **** ********************************************************************************
   9:Generated_Source\PSoC5/UART_ACS_INT.c **** * Copyright 2008-2015, Cypress Semiconductor Corporation.  All rights reserved.
  10:Generated_Source\PSoC5/UART_ACS_INT.c **** * You may use this file only in accordance with the license, terms, conditions,
  11:Generated_Source\PSoC5/UART_ACS_INT.c **** * disclaimers, and limitations in the end user license agreement accompanying
  12:Generated_Source\PSoC5/UART_ACS_INT.c **** * the software package with which this file was provided.
  13:Generated_Source\PSoC5/UART_ACS_INT.c **** *******************************************************************************/
  14:Generated_Source\PSoC5/UART_ACS_INT.c **** 
  15:Generated_Source\PSoC5/UART_ACS_INT.c **** #include "UART_ACS.h"
  16:Generated_Source\PSoC5/UART_ACS_INT.c **** 
  17:Generated_Source\PSoC5/UART_ACS_INT.c **** 
  18:Generated_Source\PSoC5/UART_ACS_INT.c **** 
  19:Generated_Source\PSoC5/UART_ACS_INT.c **** /***************************************
  20:Generated_Source\PSoC5/UART_ACS_INT.c **** * Custom Declarations
  21:Generated_Source\PSoC5/UART_ACS_INT.c **** ***************************************/
  22:Generated_Source\PSoC5/UART_ACS_INT.c **** /* `#START CUSTOM_DECLARATIONS` Place your declaration here */
  23:Generated_Source\PSoC5/UART_ACS_INT.c **** 
  24:Generated_Source\PSoC5/UART_ACS_INT.c **** /* `#END` */
  25:Generated_Source\PSoC5/UART_ACS_INT.c **** 
  26:Generated_Source\PSoC5/UART_ACS_INT.c **** #if (UART_ACS_RX_INTERRUPT_ENABLED && (UART_ACS_RX_ENABLED || UART_ACS_HD_ENABLED))
  27:Generated_Source\PSoC5/UART_ACS_INT.c ****     /*******************************************************************************
  28:Generated_Source\PSoC5/UART_ACS_INT.c ****     * Function Name: UART_ACS_RXISR
  29:Generated_Source\PSoC5/UART_ACS_INT.c ****     ********************************************************************************
  30:Generated_Source\PSoC5/UART_ACS_INT.c ****     *
ARM GAS  C:\Users\ilya\AppData\Local\Temp\ccMAfaHL.s 			page 2


  31:Generated_Source\PSoC5/UART_ACS_INT.c ****     * Summary:
  32:Generated_Source\PSoC5/UART_ACS_INT.c ****     *  Interrupt Service Routine for RX portion of the UART
  33:Generated_Source\PSoC5/UART_ACS_INT.c ****     *
  34:Generated_Source\PSoC5/UART_ACS_INT.c ****     * Parameters:
  35:Generated_Source\PSoC5/UART_ACS_INT.c ****     *  None.
  36:Generated_Source\PSoC5/UART_ACS_INT.c ****     *
  37:Generated_Source\PSoC5/UART_ACS_INT.c ****     * Return:
  38:Generated_Source\PSoC5/UART_ACS_INT.c ****     *  None.
  39:Generated_Source\PSoC5/UART_ACS_INT.c ****     *
  40:Generated_Source\PSoC5/UART_ACS_INT.c ****     * Global Variables:
  41:Generated_Source\PSoC5/UART_ACS_INT.c ****     *  UART_ACS_rxBuffer - RAM buffer pointer for save received data.
  42:Generated_Source\PSoC5/UART_ACS_INT.c ****     *  UART_ACS_rxBufferWrite - cyclic index for write to rxBuffer,
  43:Generated_Source\PSoC5/UART_ACS_INT.c ****     *     increments after each byte saved to buffer.
  44:Generated_Source\PSoC5/UART_ACS_INT.c ****     *  UART_ACS_rxBufferRead - cyclic index for read from rxBuffer,
  45:Generated_Source\PSoC5/UART_ACS_INT.c ****     *     checked to detect overflow condition.
  46:Generated_Source\PSoC5/UART_ACS_INT.c ****     *  UART_ACS_rxBufferOverflow - software overflow flag. Set to one
  47:Generated_Source\PSoC5/UART_ACS_INT.c ****     *     when UART_ACS_rxBufferWrite index overtakes
  48:Generated_Source\PSoC5/UART_ACS_INT.c ****     *     UART_ACS_rxBufferRead index.
  49:Generated_Source\PSoC5/UART_ACS_INT.c ****     *  UART_ACS_rxBufferLoopDetect - additional variable to detect overflow.
  50:Generated_Source\PSoC5/UART_ACS_INT.c ****     *     Set to one when UART_ACS_rxBufferWrite is equal to
  51:Generated_Source\PSoC5/UART_ACS_INT.c ****     *    UART_ACS_rxBufferRead
  52:Generated_Source\PSoC5/UART_ACS_INT.c ****     *  UART_ACS_rxAddressMode - this variable contains the Address mode,
  53:Generated_Source\PSoC5/UART_ACS_INT.c ****     *     selected in customizer or set by UART_SetRxAddressMode() API.
  54:Generated_Source\PSoC5/UART_ACS_INT.c ****     *  UART_ACS_rxAddressDetected - set to 1 when correct address received,
  55:Generated_Source\PSoC5/UART_ACS_INT.c ****     *     and analysed to store following addressed data bytes to the buffer.
  56:Generated_Source\PSoC5/UART_ACS_INT.c ****     *     When not correct address received, set to 0 to skip following data bytes.
  57:Generated_Source\PSoC5/UART_ACS_INT.c ****     *
  58:Generated_Source\PSoC5/UART_ACS_INT.c ****     *******************************************************************************/
  59:Generated_Source\PSoC5/UART_ACS_INT.c ****     CY_ISR(UART_ACS_RXISR)
  60:Generated_Source\PSoC5/UART_ACS_INT.c ****     {
  28              		.loc 1 60 0
  29              		.cfi_startproc
  30              		@ args = 0, pretend = 0, frame = 8
  31              		@ frame_needed = 1, uses_anonymous_args = 0
  32              		@ link register save eliminated.
  33 0000 80B4     		push	{r7}
  34              		.cfi_def_cfa_offset 4
  35              		.cfi_offset 7, -4
  36 0002 83B0     		sub	sp, sp, #12
  37              		.cfi_def_cfa_offset 16
  38 0004 00AF     		add	r7, sp, #0
  39              		.cfi_def_cfa_register 7
  61:Generated_Source\PSoC5/UART_ACS_INT.c ****         uint8 readData;
  62:Generated_Source\PSoC5/UART_ACS_INT.c ****         uint8 readStatus;
  63:Generated_Source\PSoC5/UART_ACS_INT.c ****         uint8 increment_pointer = 0u;
  40              		.loc 1 63 0
  41 0006 0023     		movs	r3, #0
  42 0008 FB71     		strb	r3, [r7, #7]
  43              	.L6:
  64:Generated_Source\PSoC5/UART_ACS_INT.c **** 
  65:Generated_Source\PSoC5/UART_ACS_INT.c ****     #if(CY_PSOC3)
  66:Generated_Source\PSoC5/UART_ACS_INT.c ****         uint8 int_en;
  67:Generated_Source\PSoC5/UART_ACS_INT.c ****     #endif /* (CY_PSOC3) */
  68:Generated_Source\PSoC5/UART_ACS_INT.c **** 
  69:Generated_Source\PSoC5/UART_ACS_INT.c ****     #ifdef UART_ACS_RXISR_ENTRY_CALLBACK
  70:Generated_Source\PSoC5/UART_ACS_INT.c ****         UART_ACS_RXISR_EntryCallback();
  71:Generated_Source\PSoC5/UART_ACS_INT.c ****     #endif /* UART_ACS_RXISR_ENTRY_CALLBACK */
ARM GAS  C:\Users\ilya\AppData\Local\Temp\ccMAfaHL.s 			page 3


  72:Generated_Source\PSoC5/UART_ACS_INT.c **** 
  73:Generated_Source\PSoC5/UART_ACS_INT.c ****         /* User code required at start of ISR */
  74:Generated_Source\PSoC5/UART_ACS_INT.c ****         /* `#START UART_ACS_RXISR_START` */
  75:Generated_Source\PSoC5/UART_ACS_INT.c **** 
  76:Generated_Source\PSoC5/UART_ACS_INT.c ****         /* `#END` */
  77:Generated_Source\PSoC5/UART_ACS_INT.c **** 
  78:Generated_Source\PSoC5/UART_ACS_INT.c ****     #if(CY_PSOC3)   /* Make sure nested interrupt is enabled */
  79:Generated_Source\PSoC5/UART_ACS_INT.c ****         int_en = EA;
  80:Generated_Source\PSoC5/UART_ACS_INT.c ****         CyGlobalIntEnable;
  81:Generated_Source\PSoC5/UART_ACS_INT.c ****     #endif /* (CY_PSOC3) */
  82:Generated_Source\PSoC5/UART_ACS_INT.c **** 
  83:Generated_Source\PSoC5/UART_ACS_INT.c ****         do
  84:Generated_Source\PSoC5/UART_ACS_INT.c ****         {
  85:Generated_Source\PSoC5/UART_ACS_INT.c ****             /* Read receiver status register */
  86:Generated_Source\PSoC5/UART_ACS_INT.c ****             readStatus = UART_ACS_RXSTATUS_REG;
  44              		.loc 1 86 0
  45 000a 2B4B     		ldr	r3, .L7
  46 000c 1B78     		ldrb	r3, [r3]
  47 000e BB71     		strb	r3, [r7, #6]
  87:Generated_Source\PSoC5/UART_ACS_INT.c ****             /* Copy the same status to readData variable for backward compatibility support 
  88:Generated_Source\PSoC5/UART_ACS_INT.c ****             *  of the user code in UART_ACS_RXISR_ERROR` section. 
  89:Generated_Source\PSoC5/UART_ACS_INT.c ****             */
  90:Generated_Source\PSoC5/UART_ACS_INT.c ****             readData = readStatus;
  48              		.loc 1 90 0
  49 0010 BB79     		ldrb	r3, [r7, #6]
  50 0012 7B71     		strb	r3, [r7, #5]
  91:Generated_Source\PSoC5/UART_ACS_INT.c **** 
  92:Generated_Source\PSoC5/UART_ACS_INT.c ****             if((readStatus & (UART_ACS_RX_STS_BREAK | 
  93:Generated_Source\PSoC5/UART_ACS_INT.c ****                             UART_ACS_RX_STS_PAR_ERROR |
  94:Generated_Source\PSoC5/UART_ACS_INT.c ****                             UART_ACS_RX_STS_STOP_ERROR | 
  95:Generated_Source\PSoC5/UART_ACS_INT.c ****                             UART_ACS_RX_STS_OVERRUN)) != 0u)
  51              		.loc 1 95 0
  52 0014 BB79     		ldrb	r3, [r7, #6]	@ zero_extendqisi2
  53 0016 03F01E03 		and	r3, r3, #30
  92:Generated_Source\PSoC5/UART_ACS_INT.c ****                             UART_ACS_RX_STS_PAR_ERROR |
  54              		.loc 1 92 0
  55 001a 002B     		cmp	r3, #0
  56 001c 0CD0     		beq	.L2
  96:Generated_Source\PSoC5/UART_ACS_INT.c ****             {
  97:Generated_Source\PSoC5/UART_ACS_INT.c ****                 /* ERROR handling. */
  98:Generated_Source\PSoC5/UART_ACS_INT.c ****                 UART_ACS_errorStatus |= readStatus & ( UART_ACS_RX_STS_BREAK | 
  57              		.loc 1 98 0
  58 001e 97F90630 		ldrsb	r3, [r7, #6]
  59 0022 03F01E03 		and	r3, r3, #30
  60 0026 5AB2     		sxtb	r2, r3
  61 0028 244B     		ldr	r3, .L7+4
  62 002a 1B78     		ldrb	r3, [r3]	@ zero_extendqisi2
  63 002c 5BB2     		sxtb	r3, r3
  64 002e 1343     		orrs	r3, r3, r2
  65 0030 5BB2     		sxtb	r3, r3
  66 0032 DAB2     		uxtb	r2, r3
  67 0034 214B     		ldr	r3, .L7+4
  68 0036 1A70     		strb	r2, [r3]
  69              	.L2:
  99:Generated_Source\PSoC5/UART_ACS_INT.c ****                                                             UART_ACS_RX_STS_PAR_ERROR | 
 100:Generated_Source\PSoC5/UART_ACS_INT.c ****                                                             UART_ACS_RX_STS_STOP_ERROR | 
 101:Generated_Source\PSoC5/UART_ACS_INT.c ****                                                             UART_ACS_RX_STS_OVERRUN);
ARM GAS  C:\Users\ilya\AppData\Local\Temp\ccMAfaHL.s 			page 4


 102:Generated_Source\PSoC5/UART_ACS_INT.c ****                 /* `#START UART_ACS_RXISR_ERROR` */
 103:Generated_Source\PSoC5/UART_ACS_INT.c **** 
 104:Generated_Source\PSoC5/UART_ACS_INT.c ****                 /* `#END` */
 105:Generated_Source\PSoC5/UART_ACS_INT.c ****                 
 106:Generated_Source\PSoC5/UART_ACS_INT.c ****             #ifdef UART_ACS_RXISR_ERROR_CALLBACK
 107:Generated_Source\PSoC5/UART_ACS_INT.c ****                 UART_ACS_RXISR_ERROR_Callback();
 108:Generated_Source\PSoC5/UART_ACS_INT.c ****             #endif /* UART_ACS_RXISR_ERROR_CALLBACK */
 109:Generated_Source\PSoC5/UART_ACS_INT.c ****             }
 110:Generated_Source\PSoC5/UART_ACS_INT.c ****             
 111:Generated_Source\PSoC5/UART_ACS_INT.c ****             if((readStatus & UART_ACS_RX_STS_FIFO_NOTEMPTY) != 0u)
  70              		.loc 1 111 0
  71 0038 BB79     		ldrb	r3, [r7, #6]	@ zero_extendqisi2
  72 003a 03F02003 		and	r3, r3, #32
  73 003e 002B     		cmp	r3, #0
  74 0040 30D0     		beq	.L3
 112:Generated_Source\PSoC5/UART_ACS_INT.c ****             {
 113:Generated_Source\PSoC5/UART_ACS_INT.c ****                 /* Read data from the RX data register */
 114:Generated_Source\PSoC5/UART_ACS_INT.c ****                 readData = UART_ACS_RXDATA_REG;
  75              		.loc 1 114 0
  76 0042 1F4B     		ldr	r3, .L7+8
  77 0044 1B78     		ldrb	r3, [r3]
  78 0046 7B71     		strb	r3, [r7, #5]
 115:Generated_Source\PSoC5/UART_ACS_INT.c ****             #if (UART_ACS_RXHW_ADDRESS_ENABLED)
 116:Generated_Source\PSoC5/UART_ACS_INT.c ****                 if(UART_ACS_rxAddressMode == (uint8)UART_ACS__B_UART__AM_SW_DETECT_TO_BUFFER)
 117:Generated_Source\PSoC5/UART_ACS_INT.c ****                 {
 118:Generated_Source\PSoC5/UART_ACS_INT.c ****                     if((readStatus & UART_ACS_RX_STS_MRKSPC) != 0u)
 119:Generated_Source\PSoC5/UART_ACS_INT.c ****                     {
 120:Generated_Source\PSoC5/UART_ACS_INT.c ****                         if ((readStatus & UART_ACS_RX_STS_ADDR_MATCH) != 0u)
 121:Generated_Source\PSoC5/UART_ACS_INT.c ****                         {
 122:Generated_Source\PSoC5/UART_ACS_INT.c ****                             UART_ACS_rxAddressDetected = 1u;
 123:Generated_Source\PSoC5/UART_ACS_INT.c ****                         }
 124:Generated_Source\PSoC5/UART_ACS_INT.c ****                         else
 125:Generated_Source\PSoC5/UART_ACS_INT.c ****                         {
 126:Generated_Source\PSoC5/UART_ACS_INT.c ****                             UART_ACS_rxAddressDetected = 0u;
 127:Generated_Source\PSoC5/UART_ACS_INT.c ****                         }
 128:Generated_Source\PSoC5/UART_ACS_INT.c ****                     }
 129:Generated_Source\PSoC5/UART_ACS_INT.c ****                     if(UART_ACS_rxAddressDetected != 0u)
 130:Generated_Source\PSoC5/UART_ACS_INT.c ****                     {   /* Store only addressed data */
 131:Generated_Source\PSoC5/UART_ACS_INT.c ****                         UART_ACS_rxBuffer[UART_ACS_rxBufferWrite] = readData;
 132:Generated_Source\PSoC5/UART_ACS_INT.c ****                         increment_pointer = 1u;
 133:Generated_Source\PSoC5/UART_ACS_INT.c ****                     }
 134:Generated_Source\PSoC5/UART_ACS_INT.c ****                 }
 135:Generated_Source\PSoC5/UART_ACS_INT.c ****                 else /* Without software addressing */
 136:Generated_Source\PSoC5/UART_ACS_INT.c ****                 {
 137:Generated_Source\PSoC5/UART_ACS_INT.c ****                     UART_ACS_rxBuffer[UART_ACS_rxBufferWrite] = readData;
 138:Generated_Source\PSoC5/UART_ACS_INT.c ****                     increment_pointer = 1u;
 139:Generated_Source\PSoC5/UART_ACS_INT.c ****                 }
 140:Generated_Source\PSoC5/UART_ACS_INT.c ****             #else  /* Without addressing */
 141:Generated_Source\PSoC5/UART_ACS_INT.c ****                 UART_ACS_rxBuffer[UART_ACS_rxBufferWrite] = readData;
  79              		.loc 1 141 0
  80 0048 1E4B     		ldr	r3, .L7+12
  81 004a 1B88     		ldrh	r3, [r3]	@ movhi
  82 004c 9BB2     		uxth	r3, r3
  83 004e 1946     		mov	r1, r3
  84 0050 1D4A     		ldr	r2, .L7+16
  85 0052 7B79     		ldrb	r3, [r7, #5]
  86 0054 5354     		strb	r3, [r2, r1]
ARM GAS  C:\Users\ilya\AppData\Local\Temp\ccMAfaHL.s 			page 5


 142:Generated_Source\PSoC5/UART_ACS_INT.c ****                 increment_pointer = 1u;
  87              		.loc 1 142 0
  88 0056 0123     		movs	r3, #1
  89 0058 FB71     		strb	r3, [r7, #7]
 143:Generated_Source\PSoC5/UART_ACS_INT.c ****             #endif /* (UART_ACS_RXHW_ADDRESS_ENABLED) */
 144:Generated_Source\PSoC5/UART_ACS_INT.c **** 
 145:Generated_Source\PSoC5/UART_ACS_INT.c ****                 /* Do not increment buffer pointer when skip not addressed data */
 146:Generated_Source\PSoC5/UART_ACS_INT.c ****                 if(increment_pointer != 0u)
  90              		.loc 1 146 0
  91 005a FB79     		ldrb	r3, [r7, #7]	@ zero_extendqisi2
  92 005c 002B     		cmp	r3, #0
  93 005e 21D0     		beq	.L3
 147:Generated_Source\PSoC5/UART_ACS_INT.c ****                 {
 148:Generated_Source\PSoC5/UART_ACS_INT.c ****                     if(UART_ACS_rxBufferLoopDetect != 0u)
  94              		.loc 1 148 0
  95 0060 1A4B     		ldr	r3, .L7+20
  96 0062 1B78     		ldrb	r3, [r3]
  97 0064 DBB2     		uxtb	r3, r3
  98 0066 002B     		cmp	r3, #0
  99 0068 02D0     		beq	.L4
 149:Generated_Source\PSoC5/UART_ACS_INT.c ****                     {   /* Set Software Buffer status Overflow */
 150:Generated_Source\PSoC5/UART_ACS_INT.c ****                         UART_ACS_rxBufferOverflow = 1u;
 100              		.loc 1 150 0
 101 006a 194B     		ldr	r3, .L7+24
 102 006c 0122     		movs	r2, #1
 103 006e 1A70     		strb	r2, [r3]
 104              	.L4:
 151:Generated_Source\PSoC5/UART_ACS_INT.c ****                     }
 152:Generated_Source\PSoC5/UART_ACS_INT.c ****                     /* Set next pointer. */
 153:Generated_Source\PSoC5/UART_ACS_INT.c ****                     UART_ACS_rxBufferWrite++;
 105              		.loc 1 153 0
 106 0070 144B     		ldr	r3, .L7+12
 107 0072 1B88     		ldrh	r3, [r3]	@ movhi
 108 0074 9BB2     		uxth	r3, r3
 109 0076 0133     		adds	r3, r3, #1
 110 0078 9AB2     		uxth	r2, r3
 111 007a 124B     		ldr	r3, .L7+12
 112 007c 1A80     		strh	r2, [r3]	@ movhi
 154:Generated_Source\PSoC5/UART_ACS_INT.c **** 
 155:Generated_Source\PSoC5/UART_ACS_INT.c ****                     /* Check pointer for a loop condition */
 156:Generated_Source\PSoC5/UART_ACS_INT.c ****                     if(UART_ACS_rxBufferWrite >= UART_ACS_RX_BUFFER_SIZE)
 113              		.loc 1 156 0
 114 007e 114B     		ldr	r3, .L7+12
 115 0080 1B88     		ldrh	r3, [r3]	@ movhi
 116 0082 9BB2     		uxth	r3, r3
 117 0084 FF2B     		cmp	r3, #255
 118 0086 02D9     		bls	.L5
 157:Generated_Source\PSoC5/UART_ACS_INT.c ****                     {
 158:Generated_Source\PSoC5/UART_ACS_INT.c ****                         UART_ACS_rxBufferWrite = 0u;
 119              		.loc 1 158 0
 120 0088 0E4B     		ldr	r3, .L7+12
 121 008a 0022     		movs	r2, #0
 122 008c 1A80     		strh	r2, [r3]	@ movhi
 123              	.L5:
 159:Generated_Source\PSoC5/UART_ACS_INT.c ****                     }
 160:Generated_Source\PSoC5/UART_ACS_INT.c **** 
 161:Generated_Source\PSoC5/UART_ACS_INT.c ****                     /* Detect pre-overload condition and set flag */
ARM GAS  C:\Users\ilya\AppData\Local\Temp\ccMAfaHL.s 			page 6


 162:Generated_Source\PSoC5/UART_ACS_INT.c ****                     if(UART_ACS_rxBufferWrite == UART_ACS_rxBufferRead)
 124              		.loc 1 162 0
 125 008e 0D4B     		ldr	r3, .L7+12
 126 0090 1B88     		ldrh	r3, [r3]	@ movhi
 127 0092 9AB2     		uxth	r2, r3
 128 0094 0F4B     		ldr	r3, .L7+28
 129 0096 1B88     		ldrh	r3, [r3]	@ movhi
 130 0098 9BB2     		uxth	r3, r3
 131 009a 9A42     		cmp	r2, r3
 132 009c 02D1     		bne	.L3
 163:Generated_Source\PSoC5/UART_ACS_INT.c ****                     {
 164:Generated_Source\PSoC5/UART_ACS_INT.c ****                         UART_ACS_rxBufferLoopDetect = 1u;
 133              		.loc 1 164 0
 134 009e 0B4B     		ldr	r3, .L7+20
 135 00a0 0122     		movs	r2, #1
 136 00a2 1A70     		strb	r2, [r3]
 137              	.L3:
 165:Generated_Source\PSoC5/UART_ACS_INT.c ****                         /* When Hardware Flow Control selected */
 166:Generated_Source\PSoC5/UART_ACS_INT.c ****                         #if (UART_ACS_FLOW_CONTROL != 0u)
 167:Generated_Source\PSoC5/UART_ACS_INT.c ****                             /* Disable RX interrupt mask, it is enabled when user read data from th
 168:Generated_Source\PSoC5/UART_ACS_INT.c ****                             UART_ACS_RXSTATUS_MASK_REG  &= (uint8)~UART_ACS_RX_STS_FIFO_NOTEMPTY;
 169:Generated_Source\PSoC5/UART_ACS_INT.c ****                             CyIntClearPending(UART_ACS_RX_VECT_NUM);
 170:Generated_Source\PSoC5/UART_ACS_INT.c ****                             break; /* Break the reading of the FIFO loop, leave the data there for 
 171:Generated_Source\PSoC5/UART_ACS_INT.c ****                         #endif /* (UART_ACS_FLOW_CONTROL != 0u) */
 172:Generated_Source\PSoC5/UART_ACS_INT.c ****                     }
 173:Generated_Source\PSoC5/UART_ACS_INT.c ****                 }
 174:Generated_Source\PSoC5/UART_ACS_INT.c ****             }
 175:Generated_Source\PSoC5/UART_ACS_INT.c ****         }while((readStatus & UART_ACS_RX_STS_FIFO_NOTEMPTY) != 0u);
 138              		.loc 1 175 0
 139 00a4 BB79     		ldrb	r3, [r7, #6]	@ zero_extendqisi2
 140 00a6 03F02003 		and	r3, r3, #32
 141 00aa 002B     		cmp	r3, #0
 142 00ac ADD1     		bne	.L6
 176:Generated_Source\PSoC5/UART_ACS_INT.c **** 
 177:Generated_Source\PSoC5/UART_ACS_INT.c ****         /* User code required at end of ISR (Optional) */
 178:Generated_Source\PSoC5/UART_ACS_INT.c ****         /* `#START UART_ACS_RXISR_END` */
 179:Generated_Source\PSoC5/UART_ACS_INT.c **** 
 180:Generated_Source\PSoC5/UART_ACS_INT.c ****         /* `#END` */
 181:Generated_Source\PSoC5/UART_ACS_INT.c **** 
 182:Generated_Source\PSoC5/UART_ACS_INT.c ****     #ifdef UART_ACS_RXISR_EXIT_CALLBACK
 183:Generated_Source\PSoC5/UART_ACS_INT.c ****         UART_ACS_RXISR_ExitCallback();
 184:Generated_Source\PSoC5/UART_ACS_INT.c ****     #endif /* UART_ACS_RXISR_EXIT_CALLBACK */
 185:Generated_Source\PSoC5/UART_ACS_INT.c **** 
 186:Generated_Source\PSoC5/UART_ACS_INT.c ****     #if(CY_PSOC3)
 187:Generated_Source\PSoC5/UART_ACS_INT.c ****         EA = int_en;
 188:Generated_Source\PSoC5/UART_ACS_INT.c ****     #endif /* (CY_PSOC3) */
 189:Generated_Source\PSoC5/UART_ACS_INT.c ****     }
 143              		.loc 1 189 0
 144 00ae 00BF     		nop
 145 00b0 0C37     		adds	r7, r7, #12
 146              		.cfi_def_cfa_offset 4
 147 00b2 BD46     		mov	sp, r7
 148              		.cfi_def_cfa_register 13
 149              		@ sp needed
 150 00b4 80BC     		pop	{r7}
 151              		.cfi_restore 7
 152              		.cfi_def_cfa_offset 0
ARM GAS  C:\Users\ilya\AppData\Local\Temp\ccMAfaHL.s 			page 7


 153 00b6 7047     		bx	lr
 154              	.L8:
 155              		.align	2
 156              	.L7:
 157 00b8 66640040 		.word	1073767526
 158 00bc 00000000 		.word	UART_ACS_errorStatus
 159 00c0 46640040 		.word	1073767494
 160 00c4 00000000 		.word	UART_ACS_rxBufferWrite
 161 00c8 00000000 		.word	UART_ACS_rxBuffer
 162 00cc 00000000 		.word	UART_ACS_rxBufferLoopDetect
 163 00d0 00000000 		.word	UART_ACS_rxBufferOverflow
 164 00d4 00000000 		.word	UART_ACS_rxBufferRead
 165              		.cfi_endproc
 166              	.LFE0:
 167              		.size	UART_ACS_RXISR, .-UART_ACS_RXISR
 168              		.text
 169              	.Letext0:
 170              		.file 2 "Generated_Source\\PSoC5\\cytypes.h"
 171              		.file 3 "Generated_Source\\PSoC5\\UART_ACS.h"
 172              		.section	.debug_info,"",%progbits
 173              	.Ldebug_info0:
 174 0000 56010000 		.4byte	0x156
 175 0004 0400     		.2byte	0x4
 176 0006 00000000 		.4byte	.Ldebug_abbrev0
 177 000a 04       		.byte	0x4
 178 000b 01       		.uleb128 0x1
 179 000c 00000000 		.4byte	.LASF26
 180 0010 0C       		.byte	0xc
 181 0011 8E000000 		.4byte	.LASF27
 182 0015 CE010000 		.4byte	.LASF28
 183 0019 00000000 		.4byte	.Ldebug_ranges0+0
 184 001d 00000000 		.4byte	0
 185 0021 00000000 		.4byte	.Ldebug_line0
 186 0025 02       		.uleb128 0x2
 187 0026 01       		.byte	0x1
 188 0027 06       		.byte	0x6
 189 0028 70020000 		.4byte	.LASF0
 190 002c 02       		.uleb128 0x2
 191 002d 01       		.byte	0x1
 192 002e 08       		.byte	0x8
 193 002f 39010000 		.4byte	.LASF1
 194 0033 02       		.uleb128 0x2
 195 0034 02       		.byte	0x2
 196 0035 05       		.byte	0x5
 197 0036 4C020000 		.4byte	.LASF2
 198 003a 02       		.uleb128 0x2
 199 003b 02       		.byte	0x2
 200 003c 07       		.byte	0x7
 201 003d EA000000 		.4byte	.LASF3
 202 0041 02       		.uleb128 0x2
 203 0042 04       		.byte	0x4
 204 0043 05       		.byte	0x5
 205 0044 56020000 		.4byte	.LASF4
 206 0048 02       		.uleb128 0x2
 207 0049 04       		.byte	0x4
 208 004a 07       		.byte	0x7
 209 004b 4C010000 		.4byte	.LASF5
ARM GAS  C:\Users\ilya\AppData\Local\Temp\ccMAfaHL.s 			page 8


 210 004f 02       		.uleb128 0x2
 211 0050 08       		.byte	0x8
 212 0051 05       		.byte	0x5
 213 0052 2C020000 		.4byte	.LASF6
 214 0056 02       		.uleb128 0x2
 215 0057 08       		.byte	0x8
 216 0058 07       		.byte	0x7
 217 0059 B7010000 		.4byte	.LASF7
 218 005d 03       		.uleb128 0x3
 219 005e 04       		.byte	0x4
 220 005f 05       		.byte	0x5
 221 0060 696E7400 		.ascii	"int\000"
 222 0064 02       		.uleb128 0x2
 223 0065 04       		.byte	0x4
 224 0066 07       		.byte	0x7
 225 0067 93010000 		.4byte	.LASF8
 226 006b 04       		.uleb128 0x4
 227 006c 5E010000 		.4byte	.LASF9
 228 0070 02       		.byte	0x2
 229 0071 9201     		.2byte	0x192
 230 0073 2C000000 		.4byte	0x2c
 231 0077 04       		.uleb128 0x4
 232 0078 6B010000 		.4byte	.LASF10
 233 007c 02       		.byte	0x2
 234 007d 9301     		.2byte	0x193
 235 007f 3A000000 		.4byte	0x3a
 236 0083 02       		.uleb128 0x2
 237 0084 04       		.byte	0x4
 238 0085 04       		.byte	0x4
 239 0086 B4000000 		.4byte	.LASF11
 240 008a 02       		.uleb128 0x2
 241 008b 08       		.byte	0x8
 242 008c 04       		.byte	0x4
 243 008d 64010000 		.4byte	.LASF12
 244 0091 02       		.uleb128 0x2
 245 0092 01       		.byte	0x1
 246 0093 08       		.byte	0x8
 247 0094 5F020000 		.4byte	.LASF13
 248 0098 04       		.uleb128 0x4
 249 0099 47010000 		.4byte	.LASF14
 250 009d 02       		.byte	0x2
 251 009e 3C02     		.2byte	0x23c
 252 00a0 A4000000 		.4byte	0xa4
 253 00a4 05       		.uleb128 0x5
 254 00a5 6B000000 		.4byte	0x6b
 255 00a9 05       		.uleb128 0x5
 256 00aa 77000000 		.4byte	0x77
 257 00ae 02       		.uleb128 0x2
 258 00af 08       		.byte	0x8
 259 00b0 04       		.byte	0x4
 260 00b1 64020000 		.4byte	.LASF15
 261 00b5 02       		.uleb128 0x2
 262 00b6 04       		.byte	0x4
 263 00b7 07       		.byte	0x7
 264 00b8 23020000 		.4byte	.LASF16
 265 00bc 06       		.uleb128 0x6
 266 00bd 72010000 		.4byte	.LASF29
ARM GAS  C:\Users\ilya\AppData\Local\Temp\ccMAfaHL.s 			page 9


 267 00c1 01       		.byte	0x1
 268 00c2 3B       		.byte	0x3b
 269 00c3 00000000 		.4byte	.LFB0
 270 00c7 D8000000 		.4byte	.LFE0-.LFB0
 271 00cb 01       		.uleb128 0x1
 272 00cc 9C       		.byte	0x9c
 273 00cd FC000000 		.4byte	0xfc
 274 00d1 07       		.uleb128 0x7
 275 00d2 7C020000 		.4byte	.LASF17
 276 00d6 01       		.byte	0x1
 277 00d7 3D       		.byte	0x3d
 278 00d8 6B000000 		.4byte	0x6b
 279 00dc 02       		.uleb128 0x2
 280 00dd 91       		.byte	0x91
 281 00de 75       		.sleb128 -11
 282 00df 07       		.uleb128 0x7
 283 00e0 12010000 		.4byte	.LASF18
 284 00e4 01       		.byte	0x1
 285 00e5 3E       		.byte	0x3e
 286 00e6 6B000000 		.4byte	0x6b
 287 00ea 02       		.uleb128 0x2
 288 00eb 91       		.byte	0x91
 289 00ec 76       		.sleb128 -10
 290 00ed 07       		.uleb128 0x7
 291 00ee 3A020000 		.4byte	.LASF19
 292 00f2 01       		.byte	0x1
 293 00f3 3F       		.byte	0x3f
 294 00f4 6B000000 		.4byte	0x6b
 295 00f8 02       		.uleb128 0x2
 296 00f9 91       		.byte	0x91
 297 00fa 77       		.sleb128 -9
 298 00fb 00       		.byte	0
 299 00fc 08       		.uleb128 0x8
 300 00fd FD000000 		.4byte	.LASF20
 301 0101 03       		.byte	0x3
 302 0102 3D01     		.2byte	0x13d
 303 0104 6B000000 		.4byte	0x6b
 304 0108 09       		.uleb128 0x9
 305 0109 A4000000 		.4byte	0xa4
 306 010d 18010000 		.4byte	0x118
 307 0111 0A       		.uleb128 0xa
 308 0112 B5000000 		.4byte	0xb5
 309 0116 FF       		.byte	0xff
 310 0117 00       		.byte	0
 311 0118 08       		.uleb128 0x8
 312 0119 81010000 		.4byte	.LASF21
 313 011d 03       		.byte	0x3
 314 011e 3E01     		.2byte	0x13e
 315 0120 24010000 		.4byte	0x124
 316 0124 05       		.uleb128 0x5
 317 0125 08010000 		.4byte	0x108
 318 0129 08       		.uleb128 0x8
 319 012a D4000000 		.4byte	.LASF22
 320 012e 03       		.byte	0x3
 321 012f 3F01     		.2byte	0x13f
 322 0131 A9000000 		.4byte	0xa9
 323 0135 08       		.uleb128 0x8
ARM GAS  C:\Users\ilya\AppData\Local\Temp\ccMAfaHL.s 			page 10


 324 0136 A0010000 		.4byte	.LASF23
 325 013a 03       		.byte	0x3
 326 013b 4001     		.2byte	0x140
 327 013d A9000000 		.4byte	0xa9
 328 0141 08       		.uleb128 0x8
 329 0142 1D010000 		.4byte	.LASF24
 330 0146 03       		.byte	0x3
 331 0147 4101     		.2byte	0x141
 332 0149 A4000000 		.4byte	0xa4
 333 014d 08       		.uleb128 0x8
 334 014e BA000000 		.4byte	.LASF25
 335 0152 03       		.byte	0x3
 336 0153 4201     		.2byte	0x142
 337 0155 A4000000 		.4byte	0xa4
 338 0159 00       		.byte	0
 339              		.section	.debug_abbrev,"",%progbits
 340              	.Ldebug_abbrev0:
 341 0000 01       		.uleb128 0x1
 342 0001 11       		.uleb128 0x11
 343 0002 01       		.byte	0x1
 344 0003 25       		.uleb128 0x25
 345 0004 0E       		.uleb128 0xe
 346 0005 13       		.uleb128 0x13
 347 0006 0B       		.uleb128 0xb
 348 0007 03       		.uleb128 0x3
 349 0008 0E       		.uleb128 0xe
 350 0009 1B       		.uleb128 0x1b
 351 000a 0E       		.uleb128 0xe
 352 000b 55       		.uleb128 0x55
 353 000c 17       		.uleb128 0x17
 354 000d 11       		.uleb128 0x11
 355 000e 01       		.uleb128 0x1
 356 000f 10       		.uleb128 0x10
 357 0010 17       		.uleb128 0x17
 358 0011 00       		.byte	0
 359 0012 00       		.byte	0
 360 0013 02       		.uleb128 0x2
 361 0014 24       		.uleb128 0x24
 362 0015 00       		.byte	0
 363 0016 0B       		.uleb128 0xb
 364 0017 0B       		.uleb128 0xb
 365 0018 3E       		.uleb128 0x3e
 366 0019 0B       		.uleb128 0xb
 367 001a 03       		.uleb128 0x3
 368 001b 0E       		.uleb128 0xe
 369 001c 00       		.byte	0
 370 001d 00       		.byte	0
 371 001e 03       		.uleb128 0x3
 372 001f 24       		.uleb128 0x24
 373 0020 00       		.byte	0
 374 0021 0B       		.uleb128 0xb
 375 0022 0B       		.uleb128 0xb
 376 0023 3E       		.uleb128 0x3e
 377 0024 0B       		.uleb128 0xb
 378 0025 03       		.uleb128 0x3
 379 0026 08       		.uleb128 0x8
 380 0027 00       		.byte	0
ARM GAS  C:\Users\ilya\AppData\Local\Temp\ccMAfaHL.s 			page 11


 381 0028 00       		.byte	0
 382 0029 04       		.uleb128 0x4
 383 002a 16       		.uleb128 0x16
 384 002b 00       		.byte	0
 385 002c 03       		.uleb128 0x3
 386 002d 0E       		.uleb128 0xe
 387 002e 3A       		.uleb128 0x3a
 388 002f 0B       		.uleb128 0xb
 389 0030 3B       		.uleb128 0x3b
 390 0031 05       		.uleb128 0x5
 391 0032 49       		.uleb128 0x49
 392 0033 13       		.uleb128 0x13
 393 0034 00       		.byte	0
 394 0035 00       		.byte	0
 395 0036 05       		.uleb128 0x5
 396 0037 35       		.uleb128 0x35
 397 0038 00       		.byte	0
 398 0039 49       		.uleb128 0x49
 399 003a 13       		.uleb128 0x13
 400 003b 00       		.byte	0
 401 003c 00       		.byte	0
 402 003d 06       		.uleb128 0x6
 403 003e 2E       		.uleb128 0x2e
 404 003f 01       		.byte	0x1
 405 0040 3F       		.uleb128 0x3f
 406 0041 19       		.uleb128 0x19
 407 0042 03       		.uleb128 0x3
 408 0043 0E       		.uleb128 0xe
 409 0044 3A       		.uleb128 0x3a
 410 0045 0B       		.uleb128 0xb
 411 0046 3B       		.uleb128 0x3b
 412 0047 0B       		.uleb128 0xb
 413 0048 27       		.uleb128 0x27
 414 0049 19       		.uleb128 0x19
 415 004a 11       		.uleb128 0x11
 416 004b 01       		.uleb128 0x1
 417 004c 12       		.uleb128 0x12
 418 004d 06       		.uleb128 0x6
 419 004e 40       		.uleb128 0x40
 420 004f 18       		.uleb128 0x18
 421 0050 9742     		.uleb128 0x2117
 422 0052 19       		.uleb128 0x19
 423 0053 01       		.uleb128 0x1
 424 0054 13       		.uleb128 0x13
 425 0055 00       		.byte	0
 426 0056 00       		.byte	0
 427 0057 07       		.uleb128 0x7
 428 0058 34       		.uleb128 0x34
 429 0059 00       		.byte	0
 430 005a 03       		.uleb128 0x3
 431 005b 0E       		.uleb128 0xe
 432 005c 3A       		.uleb128 0x3a
 433 005d 0B       		.uleb128 0xb
 434 005e 3B       		.uleb128 0x3b
 435 005f 0B       		.uleb128 0xb
 436 0060 49       		.uleb128 0x49
 437 0061 13       		.uleb128 0x13
ARM GAS  C:\Users\ilya\AppData\Local\Temp\ccMAfaHL.s 			page 12


 438 0062 02       		.uleb128 0x2
 439 0063 18       		.uleb128 0x18
 440 0064 00       		.byte	0
 441 0065 00       		.byte	0
 442 0066 08       		.uleb128 0x8
 443 0067 34       		.uleb128 0x34
 444 0068 00       		.byte	0
 445 0069 03       		.uleb128 0x3
 446 006a 0E       		.uleb128 0xe
 447 006b 3A       		.uleb128 0x3a
 448 006c 0B       		.uleb128 0xb
 449 006d 3B       		.uleb128 0x3b
 450 006e 05       		.uleb128 0x5
 451 006f 49       		.uleb128 0x49
 452 0070 13       		.uleb128 0x13
 453 0071 3F       		.uleb128 0x3f
 454 0072 19       		.uleb128 0x19
 455 0073 3C       		.uleb128 0x3c
 456 0074 19       		.uleb128 0x19
 457 0075 00       		.byte	0
 458 0076 00       		.byte	0
 459 0077 09       		.uleb128 0x9
 460 0078 01       		.uleb128 0x1
 461 0079 01       		.byte	0x1
 462 007a 49       		.uleb128 0x49
 463 007b 13       		.uleb128 0x13
 464 007c 01       		.uleb128 0x1
 465 007d 13       		.uleb128 0x13
 466 007e 00       		.byte	0
 467 007f 00       		.byte	0
 468 0080 0A       		.uleb128 0xa
 469 0081 21       		.uleb128 0x21
 470 0082 00       		.byte	0
 471 0083 49       		.uleb128 0x49
 472 0084 13       		.uleb128 0x13
 473 0085 2F       		.uleb128 0x2f
 474 0086 0B       		.uleb128 0xb
 475 0087 00       		.byte	0
 476 0088 00       		.byte	0
 477 0089 00       		.byte	0
 478              		.section	.debug_aranges,"",%progbits
 479 0000 1C000000 		.4byte	0x1c
 480 0004 0200     		.2byte	0x2
 481 0006 00000000 		.4byte	.Ldebug_info0
 482 000a 04       		.byte	0x4
 483 000b 00       		.byte	0
 484 000c 0000     		.2byte	0
 485 000e 0000     		.2byte	0
 486 0010 00000000 		.4byte	.LFB0
 487 0014 D8000000 		.4byte	.LFE0-.LFB0
 488 0018 00000000 		.4byte	0
 489 001c 00000000 		.4byte	0
 490              		.section	.debug_ranges,"",%progbits
 491              	.Ldebug_ranges0:
 492 0000 00000000 		.4byte	.LFB0
 493 0004 D8000000 		.4byte	.LFE0
 494 0008 00000000 		.4byte	0
ARM GAS  C:\Users\ilya\AppData\Local\Temp\ccMAfaHL.s 			page 13


 495 000c 00000000 		.4byte	0
 496              		.section	.debug_line,"",%progbits
 497              	.Ldebug_line0:
 498 0000 8A000000 		.section	.debug_str,"MS",%progbits,1
 498      02005700 
 498      00000201 
 498      FB0E0D00 
 498      01010101 
 499              	.LASF26:
 500 0000 474E5520 		.ascii	"GNU C11 5.4.1 20160609 (release) [ARM/embedded-5-br"
 500      43313120 
 500      352E342E 
 500      31203230 
 500      31363036 
 501 0033 616E6368 		.ascii	"anch revision 237715] -mcpu=cortex-m3 -mthumb -g -O"
 501      20726576 
 501      6973696F 
 501      6E203233 
 501      37373135 
 502 0066 30202D66 		.ascii	"0 -ffunction-sections -ffat-lto-objects\000"
 502      66756E63 
 502      74696F6E 
 502      2D736563 
 502      74696F6E 
 503              	.LASF27:
 504 008e 47656E65 		.ascii	"Generated_Source\\PSoC5\\UART_ACS_INT.c\000"
 504      72617465 
 504      645F536F 
 504      75726365 
 504      5C50536F 
 505              	.LASF11:
 506 00b4 666C6F61 		.ascii	"float\000"
 506      7400
 507              	.LASF25:
 508 00ba 55415254 		.ascii	"UART_ACS_rxBufferOverflow\000"
 508      5F414353 
 508      5F727842 
 508      75666665 
 508      724F7665 
 509              	.LASF22:
 510 00d4 55415254 		.ascii	"UART_ACS_rxBufferRead\000"
 510      5F414353 
 510      5F727842 
 510      75666665 
 510      72526561 
 511              	.LASF3:
 512 00ea 73686F72 		.ascii	"short unsigned int\000"
 512      7420756E 
 512      7369676E 
 512      65642069 
 512      6E7400
 513              	.LASF20:
 514 00fd 55415254 		.ascii	"UART_ACS_errorStatus\000"
 514      5F414353 
 514      5F657272 
 514      6F725374 
 514      61747573 
ARM GAS  C:\Users\ilya\AppData\Local\Temp\ccMAfaHL.s 			page 14


 515              	.LASF18:
 516 0112 72656164 		.ascii	"readStatus\000"
 516      53746174 
 516      757300
 517              	.LASF24:
 518 011d 55415254 		.ascii	"UART_ACS_rxBufferLoopDetect\000"
 518      5F414353 
 518      5F727842 
 518      75666665 
 518      724C6F6F 
 519              	.LASF1:
 520 0139 756E7369 		.ascii	"unsigned char\000"
 520      676E6564 
 520      20636861 
 520      7200
 521              	.LASF14:
 522 0147 72656738 		.ascii	"reg8\000"
 522      00
 523              	.LASF5:
 524 014c 6C6F6E67 		.ascii	"long unsigned int\000"
 524      20756E73 
 524      69676E65 
 524      6420696E 
 524      7400
 525              	.LASF9:
 526 015e 75696E74 		.ascii	"uint8\000"
 526      3800
 527              	.LASF12:
 528 0164 646F7562 		.ascii	"double\000"
 528      6C6500
 529              	.LASF10:
 530 016b 75696E74 		.ascii	"uint16\000"
 530      313600
 531              	.LASF29:
 532 0172 55415254 		.ascii	"UART_ACS_RXISR\000"
 532      5F414353 
 532      5F525849 
 532      535200
 533              	.LASF21:
 534 0181 55415254 		.ascii	"UART_ACS_rxBuffer\000"
 534      5F414353 
 534      5F727842 
 534      75666665 
 534      7200
 535              	.LASF8:
 536 0193 756E7369 		.ascii	"unsigned int\000"
 536      676E6564 
 536      20696E74 
 536      00
 537              	.LASF23:
 538 01a0 55415254 		.ascii	"UART_ACS_rxBufferWrite\000"
 538      5F414353 
 538      5F727842 
 538      75666665 
 538      72577269 
 539              	.LASF7:
 540 01b7 6C6F6E67 		.ascii	"long long unsigned int\000"
ARM GAS  C:\Users\ilya\AppData\Local\Temp\ccMAfaHL.s 			page 15


 540      206C6F6E 
 540      6720756E 
 540      7369676E 
 540      65642069 
 541              	.LASF28:
 542 01ce 433A5C70 		.ascii	"C:\\psoc\\chamonix\\icm_stuff\\nanoNxt_ICM3_be_befo"
 542      736F635C 
 542      6368616D 
 542      6F6E6978 
 542      5C69636D 
 543 01fd 72655F72 		.ascii	"re_russian\\nanoNxt_ICM3\\ext_pim.cydsn\000"
 543      75737369 
 543      616E5C6E 
 543      616E6F4E 
 543      78745F49 
 544              	.LASF16:
 545 0223 73697A65 		.ascii	"sizetype\000"
 545      74797065 
 545      00
 546              	.LASF6:
 547 022c 6C6F6E67 		.ascii	"long long int\000"
 547      206C6F6E 
 547      6720696E 
 547      7400
 548              	.LASF19:
 549 023a 696E6372 		.ascii	"increment_pointer\000"
 549      656D656E 
 549      745F706F 
 549      696E7465 
 549      7200
 550              	.LASF2:
 551 024c 73686F72 		.ascii	"short int\000"
 551      7420696E 
 551      7400
 552              	.LASF4:
 553 0256 6C6F6E67 		.ascii	"long int\000"
 553      20696E74 
 553      00
 554              	.LASF13:
 555 025f 63686172 		.ascii	"char\000"
 555      00
 556              	.LASF15:
 557 0264 6C6F6E67 		.ascii	"long double\000"
 557      20646F75 
 557      626C6500 
 558              	.LASF0:
 559 0270 7369676E 		.ascii	"signed char\000"
 559      65642063 
 559      68617200 
 560              	.LASF17:
 561 027c 72656164 		.ascii	"readData\000"
 561      44617461 
 561      00
 562              		.ident	"GCC: (GNU Tools for ARM Embedded Processors) 5.4.1 20160609 (release) [ARM/embedded-5-bran
