--------------- Build Started: 04/02/2019 12:34:38 Project: camera, Configuration: ARM GCC 5.4-2016-q2-update Debug ---------------
cydsfit.exe -.appdatapath "C:\Users\Rajesh\AppData\Local\Cypress Semiconductor\PSoC Creator\4.2" -.fdsnotice -.fdswarpdepfile=warp_dependencies.txt -.fdselabdepfile=elab_dependencies.txt -.fdsbldfile=generated_files.txt -.fdsreffile=referenced_files.txt -p D:\ext\EXTPSOC\camera.cydsn\camera.cyprj -d CY8C4247LTI-M475 -s D:\ext\EXTPSOC\camera.cydsn\Generated_Source\PSoC4 -- -yv2 -q10 -ygs -o2 -v3 -.fftcfgtype=LE
Elaborating Design...
HDL Generation...
Synthesis...
Tech Mapping...
ADD: pft.M0040: information: The following 2 pin(s) will be assigned a location by the fitter: RESIST_1(0), RESIST_2(0)
Analog Placement...
Info: plm.M0038: The pin named EN_A(0) at location [IOP=(1)][IoId=(1)] prevents usage of special purposes: F(OA,0). (App=cydsfit)
Info: plm.M0038: The pin named EN_B(0) at location [IOP=(5)][IoId=(4)] prevents usage of special purposes: F(OA,3). (App=cydsfit)
Info: plm.M0038: The pin named EN_C(0) at location [IOP=(5)][IoId=(1)] prevents usage of special purposes: F(OA,2). (App=cydsfit)
Analog Routing...
Analog Code Generation...
Digital Placement...
Digital Routing...
Bitstream Generation...
Bitstream Verification...
Static timing analysis...
API Generation...
Dependency Generation...
Cleanup...
arm-none-eabi-gcc.exe -mcpu=cortex-m0 -mthumb -I. -IGenerated_Source\PSoC4 -Wa,-alh=.\CortexM0\ARM_GCC_541\Debug/main.lst -g -D DEBUG -Wall -ffunction-sections -ffat-lto-objects -O3 -c main.c -o .\CortexM0\ARM_GCC_541\Debug\main.o
main.c: In function 'DoVLoop':
main.c:68:16: warning: variable 'old_v' set but not used [-Wunused-but-set-variable]
     static int old_v;
                ^
main.c: In function 'HV_Task':
main.c:199:16: warning: variable 'last_v' set but not used [-Wunused-but-set-variable]
     static int last_v=0;
                ^
main.c: In function 'main':
main.c:353:9: warning: unused variable 'set_val' [-Wunused-variable]
     int set_val;
         ^
main.c:352:9: warning: unused variable 'i_term' [-Wunused-variable]
     int i_term=0;
         ^
main.c:351:9: warning: unused variable 'err' [-Wunused-variable]
     int err;
         ^
main.c:350:9: warning: unused variable 'v' [-Wunused-variable]
     int v;
         ^
main.c:349:11: warning: unused variable 'val' [-Wunused-variable]
     int16 val;
           ^
main.c:348:9: warning: unused variable 'x' [-Wunused-variable]
     int x;
         ^
arm-none-eabi-gcc.exe -mcpu=cortex-m0 -mthumb -I. -IGenerated_Source\PSoC4 -Wa,-alh=.\CortexM0\ARM_GCC_541\Debug/bb_i2c_sl.lst -g -D DEBUG -Wall -ffunction-sections -ffat-lto-objects -O3 -c bb_i2c_sl.c -o .\CortexM0\ARM_GCC_541\Debug\bb_i2c_sl.o
bb_i2c_sl.c: In function 'bb_i2c_ISR':
bb_i2c_sl.c:37:9: warning: implicit declaration of function 'OLD_SCL_Read' [-Wimplicit-function-declaration]
     SCL=OLD_SCL_Read();
         ^
bb_i2c_sl.c:38:8: warning: implicit declaration of function 'OLD_SDA_Read' [-Wimplicit-function-declaration]
    SDA=OLD_SDA_Read();
        ^
bb_i2c_sl.c:71:25: warning: implicit declaration of function 'OLD_SDA_Write' [-Wimplicit-function-declaration]
                         OLD_SDA_Write(0);
                         ^
arm-none-eabi-gcc.exe -mcpu=cortex-m0 -mthumb -I. -IGenerated_Source\PSoC4 -Wa,-alh=.\CortexM0\ARM_GCC_541\Debug/cyfitter_cfg.lst -g -D DEBUG -Wall -ffunction-sections -ffat-lto-objects -O3 -c Generated_Source\PSoC4\cyfitter_cfg.c -o .\CortexM0\ARM_GCC_541\Debug\cyfitter_cfg.o
arm-none-eabi-gcc.exe -mcpu=cortex-m0 -mthumb -I. -IGenerated_Source\PSoC4 -Wa,-alh=.\CortexM0\ARM_GCC_541\Debug/cymetadata.lst -g -D DEBUG -Wall -ffunction-sections -ffat-lto-objects -O3 -c Generated_Source\PSoC4\cymetadata.c -o .\CortexM0\ARM_GCC_541\Debug\cymetadata.o
arm-none-eabi-gcc.exe -mcpu=cortex-m0 -mthumb -I. -IGenerated_Source\PSoC4 -Wa,-alh=.\CortexM0\ARM_GCC_541\Debug/IDAC_1.lst -g -D DEBUG -Wall -ffunction-sections -ffat-lto-objects -O3 -c Generated_Source\PSoC4\IDAC_1.c -o .\CortexM0\ARM_GCC_541\Debug\IDAC_1.o
arm-none-eabi-gcc.exe -mcpu=cortex-m0 -mthumb -I. -IGenerated_Source\PSoC4 -Wa,-alh=.\CortexM0\ARM_GCC_541\Debug/IDAC_1_PM.lst -g -D DEBUG -Wall -ffunction-sections -ffat-lto-objects -O3 -c Generated_Source\PSoC4\IDAC_1_PM.c -o .\CortexM0\ARM_GCC_541\Debug\IDAC_1_PM.o
arm-none-eabi-gcc.exe -mcpu=cortex-m0 -mthumb -I. -IGenerated_Source\PSoC4 -Wa,-alh=.\CortexM0\ARM_GCC_541\Debug/RESIST.lst -g -D DEBUG -Wall -ffunction-sections -ffat-lto-objects -O3 -c Generated_Source\PSoC4\RESIST.c -o .\CortexM0\ARM_GCC_541\Debug\RESIST.o
arm-none-eabi-gcc.exe -mcpu=cortex-m0 -mthumb -I. -IGenerated_Source\PSoC4 -Wa,-alh=.\CortexM0\ARM_GCC_541\Debug/RESIST_PM.lst -g -D DEBUG -Wall -ffunction-sections -ffat-lto-objects -O3 -c Generated_Source\PSoC4\RESIST_PM.c -o .\CortexM0\ARM_GCC_541\Debug\RESIST_PM.o
arm-none-eabi-gcc.exe -mcpu=cortex-m0 -mthumb -I. -IGenerated_Source\PSoC4 -Wa,-alh=.\CortexM0\ARM_GCC_541\Debug/Opamp_FACE.lst -g -D DEBUG -Wall -ffunction-sections -ffat-lto-objects -O3 -c Generated_Source\PSoC4\Opamp_FACE.c -o .\CortexM0\ARM_GCC_541\Debug\Opamp_FACE.o
arm-none-eabi-gcc.exe -mcpu=cortex-m0 -mthumb -I. -IGenerated_Source\PSoC4 -Wa,-alh=.\CortexM0\ARM_GCC_541\Debug/Opamp_FACE_PM.lst -g -D DEBUG -Wall -ffunction-sections -ffat-lto-objects -O3 -c Generated_Source\PSoC4\Opamp_FACE_PM.c -o .\CortexM0\ARM_GCC_541\Debug\Opamp_FACE_PM.o
arm-none-eabi-gcc.exe -mcpu=cortex-m0 -mthumb -I. -IGenerated_Source\PSoC4 -Wa,-alh=.\CortexM0\ARM_GCC_541\Debug/ADC.lst -g -D DEBUG -Wall -ffunction-sections -ffat-lto-objects -O3 -c Generated_Source\PSoC4\ADC.c -o .\CortexM0\ARM_GCC_541\Debug\ADC.o
arm-none-eabi-gcc.exe -mcpu=cortex-m0 -mthumb -I. -IGenerated_Source\PSoC4 -Wa,-alh=.\CortexM0\ARM_GCC_541\Debug/ADC_PM.lst -g -D DEBUG -Wall -ffunction-sections -ffat-lto-objects -O3 -c Generated_Source\PSoC4\ADC_PM.c -o .\CortexM0\ARM_GCC_541\Debug\ADC_PM.o
arm-none-eabi-gcc.exe -mcpu=cortex-m0 -mthumb -I. -IGenerated_Source\PSoC4 -Wa,-alh=.\CortexM0\ARM_GCC_541\Debug/ADC_INT.lst -g -D DEBUG -Wall -ffunction-sections -ffat-lto-objects -O3 -c Generated_Source\PSoC4\ADC_INT.c -o .\CortexM0\ARM_GCC_541\Debug\ADC_INT.o
arm-none-eabi-gcc.exe -mcpu=cortex-m0 -mthumb -I. -IGenerated_Source\PSoC4 -Wa,-alh=.\CortexM0\ARM_GCC_541\Debug/VFB.lst -g -D DEBUG -Wall -ffunction-sections -ffat-lto-objects -O3 -c Generated_Source\PSoC4\VFB.c -o .\CortexM0\ARM_GCC_541\Debug\VFB.o
arm-none-eabi-gcc.exe -mcpu=cortex-m0 -mthumb -I. -IGenerated_Source\PSoC4 -Wa,-alh=.\CortexM0\ARM_GCC_541\Debug/VFB_PM.lst -g -D DEBUG -Wall -ffunction-sections -ffat-lto-objects -O3 -c Generated_Source\PSoC4\VFB_PM.c -o .\CortexM0\ARM_GCC_541\Debug\VFB_PM.o
arm-none-eabi-gcc.exe -mcpu=cortex-m0 -mthumb -I. -IGenerated_Source\PSoC4 -Wa,-alh=.\CortexM0\ARM_GCC_541\Debug/PWM.lst -g -D DEBUG -Wall -ffunction-sections -ffat-lto-objects -O3 -c Generated_Source\PSoC4\PWM.c -o .\CortexM0\ARM_GCC_541\Debug\PWM.o
arm-none-eabi-gcc.exe -mcpu=cortex-m0 -mthumb -I. -IGenerated_Source\PSoC4 -Wa,-alh=.\CortexM0\ARM_GCC_541\Debug/PWM_PM.lst -g -D DEBUG -Wall -ffunction-sections -ffat-lto-objects -O3 -c Generated_Source\PSoC4\PWM_PM.c -o .\CortexM0\ARM_GCC_541\Debug\PWM_PM.o
arm-none-eabi-gcc.exe -mcpu=cortex-m0 -mthumb -I. -IGenerated_Source\PSoC4 -Wa,-alh=.\CortexM0\ARM_GCC_541\Debug/Clock_1.lst -g -D DEBUG -Wall -ffunction-sections -ffat-lto-objects -O3 -c Generated_Source\PSoC4\Clock_1.c -o .\CortexM0\ARM_GCC_541\Debug\Clock_1.o
arm-none-eabi-gcc.exe -mcpu=cortex-m0 -mthumb -I. -IGenerated_Source\PSoC4 -Wa,-alh=.\CortexM0\ARM_GCC_541\Debug/TIMER.lst -g -D DEBUG -Wall -ffunction-sections -ffat-lto-objects -O3 -c Generated_Source\PSoC4\TIMER.c -o .\CortexM0\ARM_GCC_541\Debug\TIMER.o
arm-none-eabi-gcc.exe -mcpu=cortex-m0 -mthumb -I. -IGenerated_Source\PSoC4 -Wa,-alh=.\CortexM0\ARM_GCC_541\Debug/TIMER_PM.lst -g -D DEBUG -Wall -ffunction-sections -ffat-lto-objects -O3 -c Generated_Source\PSoC4\TIMER_PM.c -o .\CortexM0\ARM_GCC_541\Debug\TIMER_PM.o
arm-none-eabi-gcc.exe -mcpu=cortex-m0 -mthumb -I. -IGenerated_Source\PSoC4 -Wa,-alh=.\CortexM0\ARM_GCC_541\Debug/Clock_2.lst -g -D DEBUG -Wall -ffunction-sections -ffat-lto-objects -O3 -c Generated_Source\PSoC4\Clock_2.c -o .\CortexM0\ARM_GCC_541\Debug\Clock_2.o
arm-none-eabi-gcc.exe -mcpu=cortex-m0 -mthumb -I. -IGenerated_Source\PSoC4 -Wa,-alh=.\CortexM0\ARM_GCC_541\Debug/isr_TIMER.lst -g -D DEBUG -Wall -ffunction-sections -ffat-lto-objects -O3 -c Generated_Source\PSoC4\isr_TIMER.c -o .\CortexM0\ARM_GCC_541\Debug\isr_TIMER.o
arm-none-eabi-gcc.exe -mcpu=cortex-m0 -mthumb -I. -IGenerated_Source\PSoC4 -Wa,-alh=.\CortexM0\ARM_GCC_541\Debug/PWM_CHARGE.lst -g -D DEBUG -Wall -ffunction-sections -ffat-lto-objects -O3 -c Generated_Source\PSoC4\PWM_CHARGE.c -o .\CortexM0\ARM_GCC_541\Debug\PWM_CHARGE.o
arm-none-eabi-gcc.exe -mcpu=cortex-m0 -mthumb -I. -IGenerated_Source\PSoC4 -Wa,-alh=.\CortexM0\ARM_GCC_541\Debug/PWM_CHARGE_PM.lst -g -D DEBUG -Wall -ffunction-sections -ffat-lto-objects -O3 -c Generated_Source\PSoC4\PWM_CHARGE_PM.c -o .\CortexM0\ARM_GCC_541\Debug\PWM_CHARGE_PM.o
arm-none-eabi-gcc.exe -mcpu=cortex-m0 -mthumb -I. -IGenerated_Source\PSoC4 -Wa,-alh=.\CortexM0\ARM_GCC_541\Debug/EN_A.lst -g -D DEBUG -Wall -ffunction-sections -ffat-lto-objects -O3 -c Generated_Source\PSoC4\EN_A.c -o .\CortexM0\ARM_GCC_541\Debug\EN_A.o
arm-none-eabi-gcc.exe -mcpu=cortex-m0 -mthumb -I. -IGenerated_Source\PSoC4 -Wa,-alh=.\CortexM0\ARM_GCC_541\Debug/EN_A_PM.lst -g -D DEBUG -Wall -ffunction-sections -ffat-lto-objects -O3 -c Generated_Source\PSoC4\EN_A_PM.c -o .\CortexM0\ARM_GCC_541\Debug\EN_A_PM.o
arm-none-eabi-gcc.exe -mcpu=cortex-m0 -mthumb -I. -IGenerated_Source\PSoC4 -Wa,-alh=.\CortexM0\ARM_GCC_541\Debug/EN_B.lst -g -D DEBUG -Wall -ffunction-sections -ffat-lto-objects -O3 -c Generated_Source\PSoC4\EN_B.c -o .\CortexM0\ARM_GCC_541\Debug\EN_B.o
arm-none-eabi-gcc.exe -mcpu=cortex-m0 -mthumb -I. -IGenerated_Source\PSoC4 -Wa,-alh=.\CortexM0\ARM_GCC_541\Debug/EN_B_PM.lst -g -D DEBUG -Wall -ffunction-sections -ffat-lto-objects -O3 -c Generated_Source\PSoC4\EN_B_PM.c -o .\CortexM0\ARM_GCC_541\Debug\EN_B_PM.o
arm-none-eabi-gcc.exe -mcpu=cortex-m0 -mthumb -I. -IGenerated_Source\PSoC4 -Wa,-alh=.\CortexM0\ARM_GCC_541\Debug/VREF_A.lst -g -D DEBUG -Wall -ffunction-sections -ffat-lto-objects -O3 -c Generated_Source\PSoC4\VREF_A.c -o .\CortexM0\ARM_GCC_541\Debug\VREF_A.o
arm-none-eabi-gcc.exe -mcpu=cortex-m0 -mthumb -I. -IGenerated_Source\PSoC4 -Wa,-alh=.\CortexM0\ARM_GCC_541\Debug/VREF_A_PM.lst -g -D DEBUG -Wall -ffunction-sections -ffat-lto-objects -O3 -c Generated_Source\PSoC4\VREF_A_PM.c -o .\CortexM0\ARM_GCC_541\Debug\VREF_A_PM.o
arm-none-eabi-gcc.exe -mcpu=cortex-m0 -mthumb -I. -IGenerated_Source\PSoC4 -Wa,-alh=.\CortexM0\ARM_GCC_541\Debug/Opamp_1.lst -g -D DEBUG -Wall -ffunction-sections -ffat-lto-objects -O3 -c Generated_Source\PSoC4\Opamp_1.c -o .\CortexM0\ARM_GCC_541\Debug\Opamp_1.o
arm-none-eabi-gcc.exe -mcpu=cortex-m0 -mthumb -I. -IGenerated_Source\PSoC4 -Wa,-alh=.\CortexM0\ARM_GCC_541\Debug/Opamp_1_PM.lst -g -D DEBUG -Wall -ffunction-sections -ffat-lto-objects -O3 -c Generated_Source\PSoC4\Opamp_1_PM.c -o .\CortexM0\ARM_GCC_541\Debug\Opamp_1_PM.o
arm-none-eabi-gcc.exe -mcpu=cortex-m0 -mthumb -I. -IGenerated_Source\PSoC4 -Wa,-alh=.\CortexM0\ARM_GCC_541\Debug/VREF_B.lst -g -D DEBUG -Wall -ffunction-sections -ffat-lto-objects -O3 -c Generated_Source\PSoC4\VREF_B.c -o .\CortexM0\ARM_GCC_541\Debug\VREF_B.o
arm-none-eabi-gcc.exe -mcpu=cortex-m0 -mthumb -I. -IGenerated_Source\PSoC4 -Wa,-alh=.\CortexM0\ARM_GCC_541\Debug/VREF_B_PM.lst -g -D DEBUG -Wall -ffunction-sections -ffat-lto-objects -O3 -c Generated_Source\PSoC4\VREF_B_PM.c -o .\CortexM0\ARM_GCC_541\Debug\VREF_B_PM.o
arm-none-eabi-gcc.exe -mcpu=cortex-m0 -mthumb -I. -IGenerated_Source\PSoC4 -Wa,-alh=.\CortexM0\ARM_GCC_541\Debug/Opamp_2.lst -g -D DEBUG -Wall -ffunction-sections -ffat-lto-objects -O3 -c Generated_Source\PSoC4\Opamp_2.c -o .\CortexM0\ARM_GCC_541\Debug\Opamp_2.o
arm-none-eabi-gcc.exe -mcpu=cortex-m0 -mthumb -I. -IGenerated_Source\PSoC4 -Wa,-alh=.\CortexM0\ARM_GCC_541\Debug/Opamp_2_PM.lst -g -D DEBUG -Wall -ffunction-sections -ffat-lto-objects -O3 -c Generated_Source\PSoC4\Opamp_2_PM.c -o .\CortexM0\ARM_GCC_541\Debug\Opamp_2_PM.o
arm-none-eabi-gcc.exe -mcpu=cortex-m0 -mthumb -I. -IGenerated_Source\PSoC4 -Wa,-alh=.\CortexM0\ARM_GCC_541\Debug/TRIG_LEFT.lst -g -D DEBUG -Wall -ffunction-sections -ffat-lto-objects -O3 -c Generated_Source\PSoC4\TRIG_LEFT.c -o .\CortexM0\ARM_GCC_541\Debug\TRIG_LEFT.o
arm-none-eabi-gcc.exe -mcpu=cortex-m0 -mthumb -I. -IGenerated_Source\PSoC4 -Wa,-alh=.\CortexM0\ARM_GCC_541\Debug/TRIG_LEFT_PM.lst -g -D DEBUG -Wall -ffunction-sections -ffat-lto-objects -O3 -c Generated_Source\PSoC4\TRIG_LEFT_PM.c -o .\CortexM0\ARM_GCC_541\Debug\TRIG_LEFT_PM.o
arm-none-eabi-gcc.exe -mcpu=cortex-m0 -mthumb -I. -IGenerated_Source\PSoC4 -Wa,-alh=.\CortexM0\ARM_GCC_541\Debug/TRIG_FACE.lst -g -D DEBUG -Wall -ffunction-sections -ffat-lto-objects -O3 -c Generated_Source\PSoC4\TRIG_FACE.c -o .\CortexM0\ARM_GCC_541\Debug\TRIG_FACE.o
arm-none-eabi-gcc.exe -mcpu=cortex-m0 -mthumb -I. -IGenerated_Source\PSoC4 -Wa,-alh=.\CortexM0\ARM_GCC_541\Debug/TRIG_FACE_PM.lst -g -D DEBUG -Wall -ffunction-sections -ffat-lto-objects -O3 -c Generated_Source\PSoC4\TRIG_FACE_PM.c -o .\CortexM0\ARM_GCC_541\Debug\TRIG_FACE_PM.o
arm-none-eabi-gcc.exe -mcpu=cortex-m0 -mthumb -I. -IGenerated_Source\PSoC4 -Wa,-alh=.\CortexM0\ARM_GCC_541\Debug/TRIG_RIGHT.lst -g -D DEBUG -Wall -ffunction-sections -ffat-lto-objects -O3 -c Generated_Source\PSoC4\TRIG_RIGHT.c -o .\CortexM0\ARM_GCC_541\Debug\TRIG_RIGHT.o
arm-none-eabi-gcc.exe -mcpu=cortex-m0 -mthumb -I. -IGenerated_Source\PSoC4 -Wa,-alh=.\CortexM0\ARM_GCC_541\Debug/TRIG_RIGHT_PM.lst -g -D DEBUG -Wall -ffunction-sections -ffat-lto-objects -O3 -c Generated_Source\PSoC4\TRIG_RIGHT_PM.c -o .\CortexM0\ARM_GCC_541\Debug\TRIG_RIGHT_PM.o
arm-none-eabi-gcc.exe -mcpu=cortex-m0 -mthumb -I. -IGenerated_Source\PSoC4 -Wa,-alh=.\CortexM0\ARM_GCC_541\Debug/isr_bbi2c.lst -g -D DEBUG -Wall -ffunction-sections -ffat-lto-objects -O3 -c Generated_Source\PSoC4\isr_bbi2c.c -o .\CortexM0\ARM_GCC_541\Debug\isr_bbi2c.o
arm-none-eabi-gcc.exe -mcpu=cortex-m0 -mthumb -I. -IGenerated_Source\PSoC4 -Wa,-alh=.\CortexM0\ARM_GCC_541\Debug/ADC_IRQ.lst -g -D DEBUG -Wall -ffunction-sections -ffat-lto-objects -O3 -c Generated_Source\PSoC4\ADC_IRQ.c -o .\CortexM0\ARM_GCC_541\Debug\ADC_IRQ.o
arm-none-eabi-gcc.exe -mcpu=cortex-m0 -mthumb -I. -IGenerated_Source\PSoC4 -Wa,-alh=.\CortexM0\ARM_GCC_541\Debug/ADC_intClock.lst -g -D DEBUG -Wall -ffunction-sections -ffat-lto-objects -O3 -c Generated_Source\PSoC4\ADC_intClock.c -o .\CortexM0\ARM_GCC_541\Debug\ADC_intClock.o
arm-none-eabi-gcc.exe -mcpu=cortex-m0 -mthumb -I. -IGenerated_Source\PSoC4 -Wa,-alh=.\CortexM0\ARM_GCC_541\Debug/Cm0Start.lst -g -D DEBUG -Wall -ffunction-sections -ffat-lto-objects -O3 -c Generated_Source\PSoC4\Cm0Start.c -o .\CortexM0\ARM_GCC_541\Debug\Cm0Start.o
arm-none-eabi-gcc.exe -mcpu=cortex-m0 -mthumb -I. -IGenerated_Source\PSoC4 -Wa,-alh=.\CortexM0\ARM_GCC_541\Debug/CyFlash.lst -g -D DEBUG -Wall -ffunction-sections -ffat-lto-objects -O3 -c Generated_Source\PSoC4\CyFlash.c -o .\CortexM0\ARM_GCC_541\Debug\CyFlash.o
arm-none-eabi-gcc.exe -mcpu=cortex-m0 -mthumb -I. -IGenerated_Source\PSoC4 -Wa,-alh=.\CortexM0\ARM_GCC_541\Debug/CyLib.lst -g -D DEBUG -Wall -ffunction-sections -ffat-lto-objects -O3 -c Generated_Source\PSoC4\CyLib.c -o .\CortexM0\ARM_GCC_541\Debug\CyLib.o
arm-none-eabi-gcc.exe -mcpu=cortex-m0 -mthumb -I. -IGenerated_Source\PSoC4 -Wa,-alh=.\CortexM0\ARM_GCC_541\Debug/cyPm.lst -g -D DEBUG -Wall -ffunction-sections -ffat-lto-objects -O3 -c Generated_Source\PSoC4\cyPm.c -o .\CortexM0\ARM_GCC_541\Debug\cyPm.o
arm-none-eabi-gcc.exe -mcpu=cortex-m0 -mthumb -I. -IGenerated_Source\PSoC4 -Wa,-alh=.\CortexM0\ARM_GCC_541\Debug/cyutils.lst -g -D DEBUG -Wall -ffunction-sections -ffat-lto-objects -O3 -c Generated_Source\PSoC4\cyutils.c -o .\CortexM0\ARM_GCC_541\Debug\cyutils.o
arm-none-eabi-gcc.exe -mcpu=cortex-m0 -mthumb -I. -IGenerated_Source\PSoC4 -Wa,-alh=.\CortexM0\ARM_GCC_541\Debug/CyDMA.lst -g -D DEBUG -Wall -ffunction-sections -ffat-lto-objects -O3 -c Generated_Source\PSoC4\CyDMA.c -o .\CortexM0\ARM_GCC_541\Debug\CyDMA.o
arm-none-eabi-gcc.exe -mcpu=cortex-m0 -mthumb -I. -IGenerated_Source\PSoC4 -Wa,-alh=.\CortexM0\ARM_GCC_541\Debug/CyLFClk.lst -g -D DEBUG -Wall -ffunction-sections -ffat-lto-objects -O3 -c Generated_Source\PSoC4\CyLFClk.c -o .\CortexM0\ARM_GCC_541\Debug\CyLFClk.o
arm-none-eabi-gcc.exe -mcpu=cortex-m0 -mthumb -I. -IGenerated_Source\PSoC4 -Wa,-alh=.\CortexM0\ARM_GCC_541\Debug/IDAC_2.lst -g -D DEBUG -Wall -ffunction-sections -ffat-lto-objects -O3 -c Generated_Source\PSoC4\IDAC_2.c -o .\CortexM0\ARM_GCC_541\Debug\IDAC_2.o
arm-none-eabi-gcc.exe -mcpu=cortex-m0 -mthumb -I. -IGenerated_Source\PSoC4 -Wa,-alh=.\CortexM0\ARM_GCC_541\Debug/IDAC_2_PM.lst -g -D DEBUG -Wall -ffunction-sections -ffat-lto-objects -O3 -c Generated_Source\PSoC4\IDAC_2_PM.c -o .\CortexM0\ARM_GCC_541\Debug\IDAC_2_PM.o
arm-none-eabi-gcc.exe -mcpu=cortex-m0 -mthumb -I. -IGenerated_Source\PSoC4 -Wa,-alh=.\CortexM0\ARM_GCC_541\Debug/EN_C.lst -g -D DEBUG -Wall -ffunction-sections -ffat-lto-objects -O3 -c Generated_Source\PSoC4\EN_C.c -o .\CortexM0\ARM_GCC_541\Debug\EN_C.o
arm-none-eabi-gcc.exe -mcpu=cortex-m0 -mthumb -I. -IGenerated_Source\PSoC4 -Wa,-alh=.\CortexM0\ARM_GCC_541\Debug/EN_C_PM.lst -g -D DEBUG -Wall -ffunction-sections -ffat-lto-objects -O3 -c Generated_Source\PSoC4\EN_C_PM.c -o .\CortexM0\ARM_GCC_541\Debug\EN_C_PM.o
arm-none-eabi-gcc.exe -mcpu=cortex-m0 -mthumb -I. -IGenerated_Source\PSoC4 -Wa,-alh=.\CortexM0\ARM_GCC_541\Debug/VREF_C.lst -g -D DEBUG -Wall -ffunction-sections -ffat-lto-objects -O3 -c Generated_Source\PSoC4\VREF_C.c -o .\CortexM0\ARM_GCC_541\Debug\VREF_C.o
arm-none-eabi-gcc.exe -mcpu=cortex-m0 -mthumb -I. -IGenerated_Source\PSoC4 -Wa,-alh=.\CortexM0\ARM_GCC_541\Debug/VREF_C_PM.lst -g -D DEBUG -Wall -ffunction-sections -ffat-lto-objects -O3 -c Generated_Source\PSoC4\VREF_C_PM.c -o .\CortexM0\ARM_GCC_541\Debug\VREF_C_PM.o
arm-none-eabi-gcc.exe -mcpu=cortex-m0 -mthumb -I. -IGenerated_Source\PSoC4 -Wa,-alh=.\CortexM0\ARM_GCC_541\Debug/EZI2C.lst -g -D DEBUG -Wall -ffunction-sections -ffat-lto-objects -O3 -c Generated_Source\PSoC4\EZI2C.c -o .\CortexM0\ARM_GCC_541\Debug\EZI2C.o
arm-none-eabi-gcc.exe -mcpu=cortex-m0 -mthumb -I. -IGenerated_Source\PSoC4 -Wa,-alh=.\CortexM0\ARM_GCC_541\Debug/EZI2C_PM.lst -g -D DEBUG -Wall -ffunction-sections -ffat-lto-objects -O3 -c Generated_Source\PSoC4\EZI2C_PM.c -o .\CortexM0\ARM_GCC_541\Debug\EZI2C_PM.o
arm-none-eabi-gcc.exe -mcpu=cortex-m0 -mthumb -I. -IGenerated_Source\PSoC4 -Wa,-alh=.\CortexM0\ARM_GCC_541\Debug/EZI2C_BOOT.lst -g -D DEBUG -Wall -ffunction-sections -ffat-lto-objects -O3 -c Generated_Source\PSoC4\EZI2C_BOOT.c -o .\CortexM0\ARM_GCC_541\Debug\EZI2C_BOOT.o
arm-none-eabi-gcc.exe -mcpu=cortex-m0 -mthumb -I. -IGenerated_Source\PSoC4 -Wa,-alh=.\CortexM0\ARM_GCC_541\Debug/EZI2C_EZI2C.lst -g -D DEBUG -Wall -ffunction-sections -ffat-lto-objects -O3 -c Generated_Source\PSoC4\EZI2C_EZI2C.c -o .\CortexM0\ARM_GCC_541\Debug\EZI2C_EZI2C.o
arm-none-eabi-gcc.exe -mcpu=cortex-m0 -mthumb -I. -IGenerated_Source\PSoC4 -Wa,-alh=.\CortexM0\ARM_GCC_541\Debug/EZI2C_EZI2C_INT.lst -g -D DEBUG -Wall -ffunction-sections -ffat-lto-objects -O3 -c Generated_Source\PSoC4\EZI2C_EZI2C_INT.c -o .\CortexM0\ARM_GCC_541\Debug\EZI2C_EZI2C_INT.o
arm-none-eabi-gcc.exe -mcpu=cortex-m0 -mthumb -I. -IGenerated_Source\PSoC4 -Wa,-alh=.\CortexM0\ARM_GCC_541\Debug/EZI2C_EZI2C_BOOT.lst -g -D DEBUG -Wall -ffunction-sections -ffat-lto-objects -O3 -c Generated_Source\PSoC4\EZI2C_EZI2C_BOOT.c -o .\CortexM0\ARM_GCC_541\Debug\EZI2C_EZI2C_BOOT.o
arm-none-eabi-gcc.exe -mcpu=cortex-m0 -mthumb -I. -IGenerated_Source\PSoC4 -Wa,-alh=.\CortexM0\ARM_GCC_541\Debug/EZI2C_SCBCLK.lst -g -D DEBUG -Wall -ffunction-sections -ffat-lto-objects -O3 -c Generated_Source\PSoC4\EZI2C_SCBCLK.c -o .\CortexM0\ARM_GCC_541\Debug\EZI2C_SCBCLK.o
arm-none-eabi-gcc.exe -mcpu=cortex-m0 -mthumb -I. -IGenerated_Source\PSoC4 -Wa,-alh=.\CortexM0\ARM_GCC_541\Debug/EZI2C_sda.lst -g -D DEBUG -Wall -ffunction-sections -ffat-lto-objects -O3 -c Generated_Source\PSoC4\EZI2C_sda.c -o .\CortexM0\ARM_GCC_541\Debug\EZI2C_sda.o
arm-none-eabi-gcc.exe -mcpu=cortex-m0 -mthumb -I. -IGenerated_Source\PSoC4 -Wa,-alh=.\CortexM0\ARM_GCC_541\Debug/EZI2C_sda_PM.lst -g -D DEBUG -Wall -ffunction-sections -ffat-lto-objects -O3 -c Generated_Source\PSoC4\EZI2C_sda_PM.c -o .\CortexM0\ARM_GCC_541\Debug\EZI2C_sda_PM.o
arm-none-eabi-gcc.exe -mcpu=cortex-m0 -mthumb -I. -IGenerated_Source\PSoC4 -Wa,-alh=.\CortexM0\ARM_GCC_541\Debug/EZI2C_scl.lst -g -D DEBUG -Wall -ffunction-sections -ffat-lto-objects -O3 -c Generated_Source\PSoC4\EZI2C_scl.c -o .\CortexM0\ARM_GCC_541\Debug\EZI2C_scl.o
arm-none-eabi-gcc.exe -mcpu=cortex-m0 -mthumb -I. -IGenerated_Source\PSoC4 -Wa,-alh=.\CortexM0\ARM_GCC_541\Debug/EZI2C_scl_PM.lst -g -D DEBUG -Wall -ffunction-sections -ffat-lto-objects -O3 -c Generated_Source\PSoC4\EZI2C_scl_PM.c -o .\CortexM0\ARM_GCC_541\Debug\EZI2C_scl_PM.o
arm-none-eabi-gcc.exe -mcpu=cortex-m0 -mthumb -I. -IGenerated_Source\PSoC4 -Wa,-alh=.\CortexM0\ARM_GCC_541\Debug/EZI2C_SCB_IRQ.lst -g -D DEBUG -Wall -ffunction-sections -ffat-lto-objects -O3 -c Generated_Source\PSoC4\EZI2C_SCB_IRQ.c -o .\CortexM0\ARM_GCC_541\Debug\EZI2C_SCB_IRQ.o
arm-none-eabi-gcc.exe -mcpu=cortex-m0 -mthumb -I. -IGenerated_Source\PSoC4 -Wa,-alh=.\CortexM0\ARM_GCC_541\Debug/Control_Trig.lst -g -D DEBUG -Wall -ffunction-sections -ffat-lto-objects -O3 -c Generated_Source\PSoC4\Control_Trig.c -o .\CortexM0\ARM_GCC_541\Debug\Control_Trig.o
arm-none-eabi-gcc.exe -mcpu=cortex-m0 -mthumb -I. -IGenerated_Source\PSoC4 -Wa,-alh=.\CortexM0\ARM_GCC_541\Debug/Control_Trig_PM.lst -g -D DEBUG -Wall -ffunction-sections -ffat-lto-objects -O3 -c Generated_Source\PSoC4\Control_Trig_PM.c -o .\CortexM0\ARM_GCC_541\Debug\Control_Trig_PM.o
arm-none-eabi-gcc.exe -mcpu=cortex-m0 -mthumb -I. -IGenerated_Source\PSoC4 -Wa,-alh=.\CortexM0\ARM_GCC_541\Debug/cy_em_eeprom.lst -g -D DEBUG -Wall -ffunction-sections -ffat-lto-objects -O3 -c Generated_Source\PSoC4\cy_em_eeprom.c -o .\CortexM0\ARM_GCC_541\Debug\cy_em_eeprom.o
arm-none-eabi-gcc.exe -mcpu=cortex-m0 -mthumb -I. -IGenerated_Source\PSoC4 -Wa,-alh=.\CortexM0\ARM_GCC_541\Debug/Comp_1.lst -g -D DEBUG -Wall -ffunction-sections -ffat-lto-objects -O3 -c Generated_Source\PSoC4\Comp_1.c -o .\CortexM0\ARM_GCC_541\Debug\Comp_1.o
arm-none-eabi-gcc.exe -mcpu=cortex-m0 -mthumb -I. -IGenerated_Source\PSoC4 -Wa,-alh=.\CortexM0\ARM_GCC_541\Debug/Comp_1_PM.lst -g -D DEBUG -Wall -ffunction-sections -ffat-lto-objects -O3 -c Generated_Source\PSoC4\Comp_1_PM.c -o .\CortexM0\ARM_GCC_541\Debug\Comp_1_PM.o
arm-none-eabi-gcc.exe -mcpu=cortex-m0 -mthumb -I. -IGenerated_Source\PSoC4 -Wa,-alh=.\CortexM0\ARM_GCC_541\Debug/RESIST_1.lst -g -D DEBUG -Wall -ffunction-sections -ffat-lto-objects -O3 -c Generated_Source\PSoC4\RESIST_1.c -o .\CortexM0\ARM_GCC_541\Debug\RESIST_1.o
arm-none-eabi-gcc.exe -mcpu=cortex-m0 -mthumb -I. -IGenerated_Source\PSoC4 -Wa,-alh=.\CortexM0\ARM_GCC_541\Debug/RESIST_1_PM.lst -g -D DEBUG -Wall -ffunction-sections -ffat-lto-objects -O3 -c Generated_Source\PSoC4\RESIST_1_PM.c -o .\CortexM0\ARM_GCC_541\Debug\RESIST_1_PM.o
arm-none-eabi-gcc.exe -mcpu=cortex-m0 -mthumb -I. -IGenerated_Source\PSoC4 -Wa,-alh=.\CortexM0\ARM_GCC_541\Debug/RESIST_2.lst -g -D DEBUG -Wall -ffunction-sections -ffat-lto-objects -O3 -c Generated_Source\PSoC4\RESIST_2.c -o .\CortexM0\ARM_GCC_541\Debug\RESIST_2.o
arm-none-eabi-gcc.exe -mcpu=cortex-m0 -mthumb -I. -IGenerated_Source\PSoC4 -Wa,-alh=.\CortexM0\ARM_GCC_541\Debug/RESIST_2_PM.lst -g -D DEBUG -Wall -ffunction-sections -ffat-lto-objects -O3 -c Generated_Source\PSoC4\RESIST_2_PM.c -o .\CortexM0\ARM_GCC_541\Debug\RESIST_2_PM.o
arm-none-eabi-as.exe -mcpu=cortex-m0 -mthumb -I. -IGenerated_Source\PSoC4 -alh=.\CortexM0\ARM_GCC_541\Debug/CyBootAsmGnu.lst -g -W -o .\CortexM0\ARM_GCC_541\Debug\CyBootAsmGnu.o Generated_Source\PSoC4\CyBootAsmGnu.s
arm-none-eabi-ar.exe -rs .\CortexM0\ARM_GCC_541\Debug\camera.a .\CortexM0\ARM_GCC_541\Debug\IDAC_1.o .\CortexM0\ARM_GCC_541\Debug\IDAC_1_PM.o .\CortexM0\ARM_GCC_541\Debug\RESIST.o .\CortexM0\ARM_GCC_541\Debug\RESIST_PM.o .\CortexM0\ARM_GCC_541\Debug\Opamp_FACE.o .\CortexM0\ARM_GCC_541\Debug\Opamp_FACE_PM.o .\CortexM0\ARM_GCC_541\Debug\ADC.o .\CortexM0\ARM_GCC_541\Debug\ADC_PM.o .\CortexM0\ARM_GCC_541\Debug\ADC_INT.o .\CortexM0\ARM_GCC_541\Debug\VFB.o .\CortexM0\ARM_GCC_541\Debug\VFB_PM.o .\CortexM0\ARM_GCC_541\Debug\PWM.o .\CortexM0\ARM_GCC_541\Debug\PWM_PM.o .\CortexM0\ARM_GCC_541\Debug\Clock_1.o .\CortexM0\ARM_GCC_541\Debug\TIMER.o .\CortexM0\ARM_GCC_541\Debug\TIMER_PM.o .\CortexM0\ARM_GCC_541\Debug\Clock_2.o .\CortexM0\ARM_GCC_541\Debug\isr_TIMER.o .\CortexM0\ARM_GCC_541\Debug\PWM_CHARGE.o .\CortexM0\ARM_GCC_541\Debug\PWM_CHARGE_PM.o .\CortexM0\ARM_GCC_541\Debug\EN_A.o .\CortexM0\ARM_GCC_541\Debug\EN_A_PM.o .\CortexM0\ARM_GCC_541\Debug\EN_B.o .\CortexM0\ARM_GCC_541\Debug\EN_B_PM.o .\CortexM0\ARM_GCC_541\Debug\VREF_A.o .\CortexM0\ARM_GCC_541\Debug\VREF_A_PM.o .\CortexM0\ARM_GCC_541\Debug\Opamp_1.o .\CortexM0\ARM_GCC_541\Debug\Opamp_1_PM.o .\CortexM0\ARM_GCC_541\Debug\VREF_B.o .\CortexM0\ARM_GCC_541\Debug\VREF_B_PM.o .\CortexM0\ARM_GCC_541\Debug\Opamp_2.o .\CortexM0\ARM_GCC_541\Debug\Opamp_2_PM.o .\CortexM0\ARM_GCC_541\Debug\TRIG_LEFT.o .\CortexM0\ARM_GCC_541\Debug\TRIG_LEFT_PM.o .\CortexM0\ARM_GCC_541\Debug\TRIG_FACE.o .\CortexM0\ARM_GCC_541\Debug\TRIG_FACE_PM.o .\CortexM0\ARM_GCC_541\Debug\TRIG_RIGHT.o .\CortexM0\ARM_GCC_541\Debug\TRIG_RIGHT_PM.o .\CortexM0\ARM_GCC_541\Debug\isr_bbi2c.o .\CortexM0\ARM_GCC_541\Debug\ADC_IRQ.o .\CortexM0\ARM_GCC_541\Debug\ADC_intClock.o .\CortexM0\ARM_GCC_541\Debug\CyFlash.o .\CortexM0\ARM_GCC_541\Debug\CyLib.o .\CortexM0\ARM_GCC_541\Debug\cyPm.o .\CortexM0\ARM_GCC_541\Debug\cyutils.o .\CortexM0\ARM_GCC_541\Debug\CyDMA.o .\CortexM0\ARM_GCC_541\Debug\CyLFClk.o .\CortexM0\ARM_GCC_541\Debug\IDAC_2.o .\CortexM0\ARM_GCC_541\Debug\IDAC_2_PM.o .\CortexM0\ARM_GCC_541\Debug\EN_C.o .\CortexM0\ARM_GCC_541\Debug\EN_C_PM.o .\CortexM0\ARM_GCC_541\Debug\VREF_C.o .\CortexM0\ARM_GCC_541\Debug\VREF_C_PM.o .\CortexM0\ARM_GCC_541\Debug\EZI2C.o .\CortexM0\ARM_GCC_541\Debug\EZI2C_PM.o .\CortexM0\ARM_GCC_541\Debug\EZI2C_BOOT.o .\CortexM0\ARM_GCC_541\Debug\EZI2C_EZI2C.o .\CortexM0\ARM_GCC_541\Debug\EZI2C_EZI2C_INT.o .\CortexM0\ARM_GCC_541\Debug\EZI2C_EZI2C_BOOT.o .\CortexM0\ARM_GCC_541\Debug\EZI2C_SCBCLK.o .\CortexM0\ARM_GCC_541\Debug\EZI2C_sda.o .\CortexM0\ARM_GCC_541\Debug\EZI2C_sda_PM.o .\CortexM0\ARM_GCC_541\Debug\EZI2C_scl.o .\CortexM0\ARM_GCC_541\Debug\EZI2C_scl_PM.o .\CortexM0\ARM_GCC_541\Debug\EZI2C_SCB_IRQ.o .\CortexM0\ARM_GCC_541\Debug\Control_Trig.o .\CortexM0\ARM_GCC_541\Debug\Control_Trig_PM.o .\CortexM0\ARM_GCC_541\Debug\cy_em_eeprom.o .\CortexM0\ARM_GCC_541\Debug\Comp_1.o .\CortexM0\ARM_GCC_541\Debug\Comp_1_PM.o .\CortexM0\ARM_GCC_541\Debug\RESIST_1.o .\CortexM0\ARM_GCC_541\Debug\RESIST_1_PM.o .\CortexM0\ARM_GCC_541\Debug\RESIST_2.o .\CortexM0\ARM_GCC_541\Debug\RESIST_2_PM.o .\CortexM0\ARM_GCC_541\Debug\CyBootAsmGnu.o
arm-none-eabi-ar.exe: creating .\CortexM0\ARM_GCC_541\Debug\camera.a
arm-none-eabi-gcc.exe -Wl,--start-group -o D:\ext\EXTPSOC\camera.cydsn\CortexM0\ARM_GCC_541\Debug\camera.elf .\CortexM0\ARM_GCC_541\Debug\main.o .\CortexM0\ARM_GCC_541\Debug\bb_i2c_sl.o .\CortexM0\ARM_GCC_541\Debug\cyfitter_cfg.o .\CortexM0\ARM_GCC_541\Debug\cymetadata.o .\CortexM0\ARM_GCC_541\Debug\Cm0Start.o .\CortexM0\ARM_GCC_541\Debug\camera.a -mcpu=cortex-m0 -mthumb -L Generated_Source\PSoC4 -Wl,-Map,.\CortexM0\ARM_GCC_541\Debug/camera.map -T Generated_Source\PSoC4\cm0gcc.ld -specs=nano.specs -Wl,--gc-sections -g -ffunction-sections -O3 -ffat-lto-objects -Wl,--end-group
cyelftool.exe -C D:\ext\EXTPSOC\camera.cydsn\CortexM0\ARM_GCC_541\Debug\camera.elf --flash_row_size 128 --flash_size 131072 --flash_offset 0x00000000
No ELF section .cychecksum found, creating one
Application checksum calculated and stored in ELF section .cychecksum
Checksum calculated and stored in ELF section .cymeta
cyelftool.exe -S D:\ext\EXTPSOC\camera.cydsn\CortexM0\ARM_GCC_541\Debug\camera.elf
Flash used: 10832 of 131072 bytes (8.3%).
SRAM used: 2120 of 16384 bytes (12.9%). Stack: 1024 bytes. Heap: 128 bytes.
--------------- Build Succeeded: 04/02/2019 12:37:31 ---------------
