ARM GAS  C:\Users\ilya\AppData\Local\Temp\ccge94kX.s 			page 1


   1              		.cpu cortex-m0
   2              		.fpu softvfp
   3              		.eabi_attribute 20, 1
   4              		.eabi_attribute 21, 1
   5              		.eabi_attribute 23, 3
   6              		.eabi_attribute 24, 1
   7              		.eabi_attribute 25, 1
   8              		.eabi_attribute 26, 1
   9              		.eabi_attribute 30, 6
  10              		.eabi_attribute 34, 0
  11              		.eabi_attribute 18, 4
  12              		.code	16
  13              		.file	"ADC_IRQ.c"
  14              		.text
  15              	.Ltext0:
  16              		.cfi_sections	.debug_frame
  17              		.section	.text.ADC_IRQ_Start,"ax",%progbits
  18              		.align	2
  19              		.global	ADC_IRQ_Start
  20              		.code	16
  21              		.thumb_func
  22              		.type	ADC_IRQ_Start, %function
  23              	ADC_IRQ_Start:
  24              	.LFB1:
  25              		.file 1 "Generated_Source\\PSoC4\\ADC_IRQ.c"
   1:Generated_Source\PSoC4/ADC_IRQ.c **** /*******************************************************************************
   2:Generated_Source\PSoC4/ADC_IRQ.c **** * File Name: ADC_IRQ.c  
   3:Generated_Source\PSoC4/ADC_IRQ.c **** * Version 1.70
   4:Generated_Source\PSoC4/ADC_IRQ.c **** *
   5:Generated_Source\PSoC4/ADC_IRQ.c **** *  Description:
   6:Generated_Source\PSoC4/ADC_IRQ.c **** *   API for controlling the state of an interrupt.
   7:Generated_Source\PSoC4/ADC_IRQ.c **** *
   8:Generated_Source\PSoC4/ADC_IRQ.c **** *
   9:Generated_Source\PSoC4/ADC_IRQ.c **** *  Note:
  10:Generated_Source\PSoC4/ADC_IRQ.c **** *
  11:Generated_Source\PSoC4/ADC_IRQ.c **** ********************************************************************************
  12:Generated_Source\PSoC4/ADC_IRQ.c **** * Copyright 2008-2015, Cypress Semiconductor Corporation.  All rights reserved.
  13:Generated_Source\PSoC4/ADC_IRQ.c **** * You may use this file only in accordance with the license, terms, conditions, 
  14:Generated_Source\PSoC4/ADC_IRQ.c **** * disclaimers, and limitations in the end user license agreement accompanying 
  15:Generated_Source\PSoC4/ADC_IRQ.c **** * the software package with which this file was provided.
  16:Generated_Source\PSoC4/ADC_IRQ.c **** *******************************************************************************/
  17:Generated_Source\PSoC4/ADC_IRQ.c **** 
  18:Generated_Source\PSoC4/ADC_IRQ.c **** 
  19:Generated_Source\PSoC4/ADC_IRQ.c **** #include <cydevice_trm.h>
  20:Generated_Source\PSoC4/ADC_IRQ.c **** #include <CyLib.h>
  21:Generated_Source\PSoC4/ADC_IRQ.c **** #include <ADC_IRQ.h>
  22:Generated_Source\PSoC4/ADC_IRQ.c **** #include "cyapicallbacks.h"
  23:Generated_Source\PSoC4/ADC_IRQ.c **** 
  24:Generated_Source\PSoC4/ADC_IRQ.c **** #if !defined(ADC_IRQ__REMOVED) /* Check for removal by optimization */
  25:Generated_Source\PSoC4/ADC_IRQ.c **** 
  26:Generated_Source\PSoC4/ADC_IRQ.c **** /*******************************************************************************
  27:Generated_Source\PSoC4/ADC_IRQ.c **** *  Place your includes, defines and code here 
  28:Generated_Source\PSoC4/ADC_IRQ.c **** ********************************************************************************/
  29:Generated_Source\PSoC4/ADC_IRQ.c **** /* `#START ADC_IRQ_intc` */
  30:Generated_Source\PSoC4/ADC_IRQ.c **** 
  31:Generated_Source\PSoC4/ADC_IRQ.c **** /* `#END` */
  32:Generated_Source\PSoC4/ADC_IRQ.c **** 
ARM GAS  C:\Users\ilya\AppData\Local\Temp\ccge94kX.s 			page 2


  33:Generated_Source\PSoC4/ADC_IRQ.c **** extern cyisraddress CyRamVectors[CYINT_IRQ_BASE + CY_NUM_INTERRUPTS];
  34:Generated_Source\PSoC4/ADC_IRQ.c **** 
  35:Generated_Source\PSoC4/ADC_IRQ.c **** /* Declared in startup, used to set unused interrupts to. */
  36:Generated_Source\PSoC4/ADC_IRQ.c **** CY_ISR_PROTO(IntDefaultHandler);
  37:Generated_Source\PSoC4/ADC_IRQ.c **** 
  38:Generated_Source\PSoC4/ADC_IRQ.c **** 
  39:Generated_Source\PSoC4/ADC_IRQ.c **** /*******************************************************************************
  40:Generated_Source\PSoC4/ADC_IRQ.c **** * Function Name: ADC_IRQ_Start
  41:Generated_Source\PSoC4/ADC_IRQ.c **** ********************************************************************************
  42:Generated_Source\PSoC4/ADC_IRQ.c **** *
  43:Generated_Source\PSoC4/ADC_IRQ.c **** * Summary:
  44:Generated_Source\PSoC4/ADC_IRQ.c **** *  Set up the interrupt and enable it. This function disables the interrupt, 
  45:Generated_Source\PSoC4/ADC_IRQ.c **** *  sets the default interrupt vector, sets the priority from the value in the
  46:Generated_Source\PSoC4/ADC_IRQ.c **** *  Design Wide Resources Interrupt Editor, then enables the interrupt to the 
  47:Generated_Source\PSoC4/ADC_IRQ.c **** *  interrupt controller.
  48:Generated_Source\PSoC4/ADC_IRQ.c **** *
  49:Generated_Source\PSoC4/ADC_IRQ.c **** * Parameters:  
  50:Generated_Source\PSoC4/ADC_IRQ.c **** *   None
  51:Generated_Source\PSoC4/ADC_IRQ.c **** *
  52:Generated_Source\PSoC4/ADC_IRQ.c **** * Return:
  53:Generated_Source\PSoC4/ADC_IRQ.c **** *   None
  54:Generated_Source\PSoC4/ADC_IRQ.c **** *
  55:Generated_Source\PSoC4/ADC_IRQ.c **** *******************************************************************************/
  56:Generated_Source\PSoC4/ADC_IRQ.c **** void ADC_IRQ_Start(void)
  57:Generated_Source\PSoC4/ADC_IRQ.c **** {
  26              		.loc 1 57 0
  27              		.cfi_startproc
  28 0000 80B5     		push	{r7, lr}
  29              		.cfi_def_cfa_offset 8
  30              		.cfi_offset 7, -8
  31              		.cfi_offset 14, -4
  32 0002 00AF     		add	r7, sp, #0
  33              		.cfi_def_cfa_register 7
  58:Generated_Source\PSoC4/ADC_IRQ.c ****     /* For all we know the interrupt is active. */
  59:Generated_Source\PSoC4/ADC_IRQ.c ****     ADC_IRQ_Disable();
  34              		.loc 1 59 0
  35 0004 FFF7FEFF 		bl	ADC_IRQ_Disable
  60:Generated_Source\PSoC4/ADC_IRQ.c **** 
  61:Generated_Source\PSoC4/ADC_IRQ.c ****     /* Set the ISR to point to the ADC_IRQ Interrupt. */
  62:Generated_Source\PSoC4/ADC_IRQ.c ****     ADC_IRQ_SetVector(&ADC_IRQ_Interrupt);
  36              		.loc 1 62 0
  37 0008 054B     		ldr	r3, .L2
  38 000a 181C     		mov	r0, r3
  39 000c FFF7FEFF 		bl	ADC_IRQ_SetVector
  63:Generated_Source\PSoC4/ADC_IRQ.c **** 
  64:Generated_Source\PSoC4/ADC_IRQ.c ****     /* Set the priority. */
  65:Generated_Source\PSoC4/ADC_IRQ.c ****     ADC_IRQ_SetPriority((uint8)ADC_IRQ_INTC_PRIOR_NUMBER);
  40              		.loc 1 65 0
  41 0010 0220     		mov	r0, #2
  42 0012 FFF7FEFF 		bl	ADC_IRQ_SetPriority
  66:Generated_Source\PSoC4/ADC_IRQ.c **** 
  67:Generated_Source\PSoC4/ADC_IRQ.c ****     /* Enable it. */
  68:Generated_Source\PSoC4/ADC_IRQ.c ****     ADC_IRQ_Enable();
  43              		.loc 1 68 0
  44 0016 FFF7FEFF 		bl	ADC_IRQ_Enable
  69:Generated_Source\PSoC4/ADC_IRQ.c **** }
  45              		.loc 1 69 0
ARM GAS  C:\Users\ilya\AppData\Local\Temp\ccge94kX.s 			page 3


  46 001a BD46     		mov	sp, r7
  47              		@ sp needed
  48 001c 80BD     		pop	{r7, pc}
  49              	.L3:
  50 001e C046     		.align	2
  51              	.L2:
  52 0020 00000000 		.word	ADC_IRQ_Interrupt
  53              		.cfi_endproc
  54              	.LFE1:
  55              		.size	ADC_IRQ_Start, .-ADC_IRQ_Start
  56              		.section	.text.ADC_IRQ_StartEx,"ax",%progbits
  57              		.align	2
  58              		.global	ADC_IRQ_StartEx
  59              		.code	16
  60              		.thumb_func
  61              		.type	ADC_IRQ_StartEx, %function
  62              	ADC_IRQ_StartEx:
  63              	.LFB2:
  70:Generated_Source\PSoC4/ADC_IRQ.c **** 
  71:Generated_Source\PSoC4/ADC_IRQ.c **** 
  72:Generated_Source\PSoC4/ADC_IRQ.c **** /*******************************************************************************
  73:Generated_Source\PSoC4/ADC_IRQ.c **** * Function Name: ADC_IRQ_StartEx
  74:Generated_Source\PSoC4/ADC_IRQ.c **** ********************************************************************************
  75:Generated_Source\PSoC4/ADC_IRQ.c **** *
  76:Generated_Source\PSoC4/ADC_IRQ.c **** * Summary:
  77:Generated_Source\PSoC4/ADC_IRQ.c **** *  Sets up the interrupt and enables it. This function disables the interrupt,
  78:Generated_Source\PSoC4/ADC_IRQ.c **** *  sets the interrupt vector based on the address passed in, sets the priority 
  79:Generated_Source\PSoC4/ADC_IRQ.c **** *  from the value in the Design Wide Resources Interrupt Editor, then enables 
  80:Generated_Source\PSoC4/ADC_IRQ.c **** *  the interrupt to the interrupt controller.
  81:Generated_Source\PSoC4/ADC_IRQ.c **** *  
  82:Generated_Source\PSoC4/ADC_IRQ.c **** *  When defining ISR functions, the CY_ISR and CY_ISR_PROTO macros should be 
  83:Generated_Source\PSoC4/ADC_IRQ.c **** *  used to provide consistent definition across compilers:
  84:Generated_Source\PSoC4/ADC_IRQ.c **** *  
  85:Generated_Source\PSoC4/ADC_IRQ.c **** *  Function definition example:
  86:Generated_Source\PSoC4/ADC_IRQ.c **** *   CY_ISR(MyISR)
  87:Generated_Source\PSoC4/ADC_IRQ.c **** *   {
  88:Generated_Source\PSoC4/ADC_IRQ.c **** *   }
  89:Generated_Source\PSoC4/ADC_IRQ.c **** *   Function prototype example:
  90:Generated_Source\PSoC4/ADC_IRQ.c **** *   CY_ISR_PROTO(MyISR);
  91:Generated_Source\PSoC4/ADC_IRQ.c **** *
  92:Generated_Source\PSoC4/ADC_IRQ.c **** * Parameters:  
  93:Generated_Source\PSoC4/ADC_IRQ.c **** *   address: Address of the ISR to set in the interrupt vector table.
  94:Generated_Source\PSoC4/ADC_IRQ.c **** *
  95:Generated_Source\PSoC4/ADC_IRQ.c **** * Return:
  96:Generated_Source\PSoC4/ADC_IRQ.c **** *   None
  97:Generated_Source\PSoC4/ADC_IRQ.c **** *
  98:Generated_Source\PSoC4/ADC_IRQ.c **** *******************************************************************************/
  99:Generated_Source\PSoC4/ADC_IRQ.c **** void ADC_IRQ_StartEx(cyisraddress address)
 100:Generated_Source\PSoC4/ADC_IRQ.c **** {
  64              		.loc 1 100 0
  65              		.cfi_startproc
  66 0000 80B5     		push	{r7, lr}
  67              		.cfi_def_cfa_offset 8
  68              		.cfi_offset 7, -8
  69              		.cfi_offset 14, -4
  70 0002 82B0     		sub	sp, sp, #8
  71              		.cfi_def_cfa_offset 16
ARM GAS  C:\Users\ilya\AppData\Local\Temp\ccge94kX.s 			page 4


  72 0004 00AF     		add	r7, sp, #0
  73              		.cfi_def_cfa_register 7
  74 0006 7860     		str	r0, [r7, #4]
 101:Generated_Source\PSoC4/ADC_IRQ.c ****     /* For all we know the interrupt is active. */
 102:Generated_Source\PSoC4/ADC_IRQ.c ****     ADC_IRQ_Disable();
  75              		.loc 1 102 0
  76 0008 FFF7FEFF 		bl	ADC_IRQ_Disable
 103:Generated_Source\PSoC4/ADC_IRQ.c **** 
 104:Generated_Source\PSoC4/ADC_IRQ.c ****     /* Set the ISR to point to the ADC_IRQ Interrupt. */
 105:Generated_Source\PSoC4/ADC_IRQ.c ****     ADC_IRQ_SetVector(address);
  77              		.loc 1 105 0
  78 000c 7B68     		ldr	r3, [r7, #4]
  79 000e 181C     		mov	r0, r3
  80 0010 FFF7FEFF 		bl	ADC_IRQ_SetVector
 106:Generated_Source\PSoC4/ADC_IRQ.c **** 
 107:Generated_Source\PSoC4/ADC_IRQ.c ****     /* Set the priority. */
 108:Generated_Source\PSoC4/ADC_IRQ.c ****     ADC_IRQ_SetPriority((uint8)ADC_IRQ_INTC_PRIOR_NUMBER);
  81              		.loc 1 108 0
  82 0014 0220     		mov	r0, #2
  83 0016 FFF7FEFF 		bl	ADC_IRQ_SetPriority
 109:Generated_Source\PSoC4/ADC_IRQ.c **** 
 110:Generated_Source\PSoC4/ADC_IRQ.c ****     /* Enable it. */
 111:Generated_Source\PSoC4/ADC_IRQ.c ****     ADC_IRQ_Enable();
  84              		.loc 1 111 0
  85 001a FFF7FEFF 		bl	ADC_IRQ_Enable
 112:Generated_Source\PSoC4/ADC_IRQ.c **** }
  86              		.loc 1 112 0
  87 001e BD46     		mov	sp, r7
  88 0020 02B0     		add	sp, sp, #8
  89              		@ sp needed
  90 0022 80BD     		pop	{r7, pc}
  91              		.cfi_endproc
  92              	.LFE2:
  93              		.size	ADC_IRQ_StartEx, .-ADC_IRQ_StartEx
  94              		.section	.text.ADC_IRQ_Stop,"ax",%progbits
  95              		.align	2
  96              		.global	ADC_IRQ_Stop
  97              		.code	16
  98              		.thumb_func
  99              		.type	ADC_IRQ_Stop, %function
 100              	ADC_IRQ_Stop:
 101              	.LFB3:
 113:Generated_Source\PSoC4/ADC_IRQ.c **** 
 114:Generated_Source\PSoC4/ADC_IRQ.c **** 
 115:Generated_Source\PSoC4/ADC_IRQ.c **** /*******************************************************************************
 116:Generated_Source\PSoC4/ADC_IRQ.c **** * Function Name: ADC_IRQ_Stop
 117:Generated_Source\PSoC4/ADC_IRQ.c **** ********************************************************************************
 118:Generated_Source\PSoC4/ADC_IRQ.c **** *
 119:Generated_Source\PSoC4/ADC_IRQ.c **** * Summary:
 120:Generated_Source\PSoC4/ADC_IRQ.c **** *   Disables and removes the interrupt.
 121:Generated_Source\PSoC4/ADC_IRQ.c **** *
 122:Generated_Source\PSoC4/ADC_IRQ.c **** * Parameters:  
 123:Generated_Source\PSoC4/ADC_IRQ.c **** *   None
 124:Generated_Source\PSoC4/ADC_IRQ.c **** *
 125:Generated_Source\PSoC4/ADC_IRQ.c **** * Return:
 126:Generated_Source\PSoC4/ADC_IRQ.c **** *   None
 127:Generated_Source\PSoC4/ADC_IRQ.c **** *
ARM GAS  C:\Users\ilya\AppData\Local\Temp\ccge94kX.s 			page 5


 128:Generated_Source\PSoC4/ADC_IRQ.c **** *******************************************************************************/
 129:Generated_Source\PSoC4/ADC_IRQ.c **** void ADC_IRQ_Stop(void)
 130:Generated_Source\PSoC4/ADC_IRQ.c **** {
 102              		.loc 1 130 0
 103              		.cfi_startproc
 104 0000 80B5     		push	{r7, lr}
 105              		.cfi_def_cfa_offset 8
 106              		.cfi_offset 7, -8
 107              		.cfi_offset 14, -4
 108 0002 00AF     		add	r7, sp, #0
 109              		.cfi_def_cfa_register 7
 131:Generated_Source\PSoC4/ADC_IRQ.c ****     /* Disable this interrupt. */
 132:Generated_Source\PSoC4/ADC_IRQ.c ****     ADC_IRQ_Disable();
 110              		.loc 1 132 0
 111 0004 FFF7FEFF 		bl	ADC_IRQ_Disable
 133:Generated_Source\PSoC4/ADC_IRQ.c **** 
 134:Generated_Source\PSoC4/ADC_IRQ.c ****     /* Set the ISR to point to the passive one. */
 135:Generated_Source\PSoC4/ADC_IRQ.c ****     ADC_IRQ_SetVector(&IntDefaultHandler);
 112              		.loc 1 135 0
 113 0008 024B     		ldr	r3, .L6
 114 000a 181C     		mov	r0, r3
 115 000c FFF7FEFF 		bl	ADC_IRQ_SetVector
 136:Generated_Source\PSoC4/ADC_IRQ.c **** }
 116              		.loc 1 136 0
 117 0010 BD46     		mov	sp, r7
 118              		@ sp needed
 119 0012 80BD     		pop	{r7, pc}
 120              	.L7:
 121              		.align	2
 122              	.L6:
 123 0014 00000000 		.word	IntDefaultHandler
 124              		.cfi_endproc
 125              	.LFE3:
 126              		.size	ADC_IRQ_Stop, .-ADC_IRQ_Stop
 127              		.section	.text.ADC_IRQ_Interrupt,"ax",%progbits
 128              		.align	2
 129              		.global	ADC_IRQ_Interrupt
 130              		.code	16
 131              		.thumb_func
 132              		.type	ADC_IRQ_Interrupt, %function
 133              	ADC_IRQ_Interrupt:
 134              	.LFB4:
 137:Generated_Source\PSoC4/ADC_IRQ.c **** 
 138:Generated_Source\PSoC4/ADC_IRQ.c **** 
 139:Generated_Source\PSoC4/ADC_IRQ.c **** /*******************************************************************************
 140:Generated_Source\PSoC4/ADC_IRQ.c **** * Function Name: ADC_IRQ_Interrupt
 141:Generated_Source\PSoC4/ADC_IRQ.c **** ********************************************************************************
 142:Generated_Source\PSoC4/ADC_IRQ.c **** *
 143:Generated_Source\PSoC4/ADC_IRQ.c **** * Summary:
 144:Generated_Source\PSoC4/ADC_IRQ.c **** *   The default Interrupt Service Routine for ADC_IRQ.
 145:Generated_Source\PSoC4/ADC_IRQ.c **** *
 146:Generated_Source\PSoC4/ADC_IRQ.c **** *   Add custom code between the START and END comments to keep the next version
 147:Generated_Source\PSoC4/ADC_IRQ.c **** *   of this file from over-writing your code.
 148:Generated_Source\PSoC4/ADC_IRQ.c **** *
 149:Generated_Source\PSoC4/ADC_IRQ.c **** *   Note You may use either the default ISR by using this API, or you may define
 150:Generated_Source\PSoC4/ADC_IRQ.c **** *   your own separate ISR through ISR_StartEx().
 151:Generated_Source\PSoC4/ADC_IRQ.c **** *
ARM GAS  C:\Users\ilya\AppData\Local\Temp\ccge94kX.s 			page 6


 152:Generated_Source\PSoC4/ADC_IRQ.c **** * Parameters:  
 153:Generated_Source\PSoC4/ADC_IRQ.c **** *   None
 154:Generated_Source\PSoC4/ADC_IRQ.c **** *
 155:Generated_Source\PSoC4/ADC_IRQ.c **** * Return:
 156:Generated_Source\PSoC4/ADC_IRQ.c **** *   None
 157:Generated_Source\PSoC4/ADC_IRQ.c **** *
 158:Generated_Source\PSoC4/ADC_IRQ.c **** *******************************************************************************/
 159:Generated_Source\PSoC4/ADC_IRQ.c **** CY_ISR(ADC_IRQ_Interrupt)
 160:Generated_Source\PSoC4/ADC_IRQ.c **** {
 135              		.loc 1 160 0
 136              		.cfi_startproc
 137 0000 80B5     		push	{r7, lr}
 138              		.cfi_def_cfa_offset 8
 139              		.cfi_offset 7, -8
 140              		.cfi_offset 14, -4
 141 0002 00AF     		add	r7, sp, #0
 142              		.cfi_def_cfa_register 7
 161:Generated_Source\PSoC4/ADC_IRQ.c ****     #ifdef ADC_IRQ_INTERRUPT_INTERRUPT_CALLBACK
 162:Generated_Source\PSoC4/ADC_IRQ.c ****         ADC_IRQ_Interrupt_InterruptCallback();
 163:Generated_Source\PSoC4/ADC_IRQ.c ****     #endif /* ADC_IRQ_INTERRUPT_INTERRUPT_CALLBACK */ 
 164:Generated_Source\PSoC4/ADC_IRQ.c **** 
 165:Generated_Source\PSoC4/ADC_IRQ.c ****     /*  Place your Interrupt code here. */
 166:Generated_Source\PSoC4/ADC_IRQ.c ****     /* `#START ADC_IRQ_Interrupt` */
 167:Generated_Source\PSoC4/ADC_IRQ.c **** 
 168:Generated_Source\PSoC4/ADC_IRQ.c ****     /* `#END` */
 169:Generated_Source\PSoC4/ADC_IRQ.c **** }
 143              		.loc 1 169 0
 144 0004 BD46     		mov	sp, r7
 145              		@ sp needed
 146 0006 80BD     		pop	{r7, pc}
 147              		.cfi_endproc
 148              	.LFE4:
 149              		.size	ADC_IRQ_Interrupt, .-ADC_IRQ_Interrupt
 150              		.section	.text.ADC_IRQ_SetVector,"ax",%progbits
 151              		.align	2
 152              		.global	ADC_IRQ_SetVector
 153              		.code	16
 154              		.thumb_func
 155              		.type	ADC_IRQ_SetVector, %function
 156              	ADC_IRQ_SetVector:
 157              	.LFB5:
 170:Generated_Source\PSoC4/ADC_IRQ.c **** 
 171:Generated_Source\PSoC4/ADC_IRQ.c **** 
 172:Generated_Source\PSoC4/ADC_IRQ.c **** /*******************************************************************************
 173:Generated_Source\PSoC4/ADC_IRQ.c **** * Function Name: ADC_IRQ_SetVector
 174:Generated_Source\PSoC4/ADC_IRQ.c **** ********************************************************************************
 175:Generated_Source\PSoC4/ADC_IRQ.c **** *
 176:Generated_Source\PSoC4/ADC_IRQ.c **** * Summary:
 177:Generated_Source\PSoC4/ADC_IRQ.c **** *   Change the ISR vector for the Interrupt. Note calling ADC_IRQ_Start
 178:Generated_Source\PSoC4/ADC_IRQ.c **** *   will override any effect this method would have had. To set the vector 
 179:Generated_Source\PSoC4/ADC_IRQ.c **** *   before the component has been started use ADC_IRQ_StartEx instead.
 180:Generated_Source\PSoC4/ADC_IRQ.c **** * 
 181:Generated_Source\PSoC4/ADC_IRQ.c **** *   When defining ISR functions, the CY_ISR and CY_ISR_PROTO macros should be 
 182:Generated_Source\PSoC4/ADC_IRQ.c **** *   used to provide consistent definition across compilers:
 183:Generated_Source\PSoC4/ADC_IRQ.c **** *
 184:Generated_Source\PSoC4/ADC_IRQ.c **** *   Function definition example:
 185:Generated_Source\PSoC4/ADC_IRQ.c **** *   CY_ISR(MyISR)
ARM GAS  C:\Users\ilya\AppData\Local\Temp\ccge94kX.s 			page 7


 186:Generated_Source\PSoC4/ADC_IRQ.c **** *   {
 187:Generated_Source\PSoC4/ADC_IRQ.c **** *   }
 188:Generated_Source\PSoC4/ADC_IRQ.c **** *
 189:Generated_Source\PSoC4/ADC_IRQ.c **** *   Function prototype example:
 190:Generated_Source\PSoC4/ADC_IRQ.c **** *     CY_ISR_PROTO(MyISR);
 191:Generated_Source\PSoC4/ADC_IRQ.c **** *
 192:Generated_Source\PSoC4/ADC_IRQ.c **** * Parameters:
 193:Generated_Source\PSoC4/ADC_IRQ.c **** *   address: Address of the ISR to set in the interrupt vector table.
 194:Generated_Source\PSoC4/ADC_IRQ.c **** *
 195:Generated_Source\PSoC4/ADC_IRQ.c **** * Return:
 196:Generated_Source\PSoC4/ADC_IRQ.c **** *   None
 197:Generated_Source\PSoC4/ADC_IRQ.c **** *
 198:Generated_Source\PSoC4/ADC_IRQ.c **** *******************************************************************************/
 199:Generated_Source\PSoC4/ADC_IRQ.c **** void ADC_IRQ_SetVector(cyisraddress address)
 200:Generated_Source\PSoC4/ADC_IRQ.c **** {
 158              		.loc 1 200 0
 159              		.cfi_startproc
 160 0000 80B5     		push	{r7, lr}
 161              		.cfi_def_cfa_offset 8
 162              		.cfi_offset 7, -8
 163              		.cfi_offset 14, -4
 164 0002 82B0     		sub	sp, sp, #8
 165              		.cfi_def_cfa_offset 16
 166 0004 00AF     		add	r7, sp, #0
 167              		.cfi_def_cfa_register 7
 168 0006 7860     		str	r0, [r7, #4]
 201:Generated_Source\PSoC4/ADC_IRQ.c ****     CyRamVectors[CYINT_IRQ_BASE + ADC_IRQ__INTC_NUMBER] = address;
 169              		.loc 1 201 0
 170 0008 034B     		ldr	r3, .L10
 171 000a 8021     		mov	r1, #128
 172 000c 7A68     		ldr	r2, [r7, #4]
 173 000e 5A50     		str	r2, [r3, r1]
 202:Generated_Source\PSoC4/ADC_IRQ.c **** }
 174              		.loc 1 202 0
 175 0010 BD46     		mov	sp, r7
 176 0012 02B0     		add	sp, sp, #8
 177              		@ sp needed
 178 0014 80BD     		pop	{r7, pc}
 179              	.L11:
 180 0016 C046     		.align	2
 181              	.L10:
 182 0018 00000000 		.word	CyRamVectors
 183              		.cfi_endproc
 184              	.LFE5:
 185              		.size	ADC_IRQ_SetVector, .-ADC_IRQ_SetVector
 186              		.section	.text.ADC_IRQ_GetVector,"ax",%progbits
 187              		.align	2
 188              		.global	ADC_IRQ_GetVector
 189              		.code	16
 190              		.thumb_func
 191              		.type	ADC_IRQ_GetVector, %function
 192              	ADC_IRQ_GetVector:
 193              	.LFB6:
 203:Generated_Source\PSoC4/ADC_IRQ.c **** 
 204:Generated_Source\PSoC4/ADC_IRQ.c **** 
 205:Generated_Source\PSoC4/ADC_IRQ.c **** /*******************************************************************************
 206:Generated_Source\PSoC4/ADC_IRQ.c **** * Function Name: ADC_IRQ_GetVector
ARM GAS  C:\Users\ilya\AppData\Local\Temp\ccge94kX.s 			page 8


 207:Generated_Source\PSoC4/ADC_IRQ.c **** ********************************************************************************
 208:Generated_Source\PSoC4/ADC_IRQ.c **** *
 209:Generated_Source\PSoC4/ADC_IRQ.c **** * Summary:
 210:Generated_Source\PSoC4/ADC_IRQ.c **** *   Gets the "address" of the current ISR vector for the Interrupt.
 211:Generated_Source\PSoC4/ADC_IRQ.c **** *
 212:Generated_Source\PSoC4/ADC_IRQ.c **** * Parameters:
 213:Generated_Source\PSoC4/ADC_IRQ.c **** *   None
 214:Generated_Source\PSoC4/ADC_IRQ.c **** *
 215:Generated_Source\PSoC4/ADC_IRQ.c **** * Return:
 216:Generated_Source\PSoC4/ADC_IRQ.c **** *   Address of the ISR in the interrupt vector table.
 217:Generated_Source\PSoC4/ADC_IRQ.c **** *
 218:Generated_Source\PSoC4/ADC_IRQ.c **** *******************************************************************************/
 219:Generated_Source\PSoC4/ADC_IRQ.c **** cyisraddress ADC_IRQ_GetVector(void)
 220:Generated_Source\PSoC4/ADC_IRQ.c **** {
 194              		.loc 1 220 0
 195              		.cfi_startproc
 196 0000 80B5     		push	{r7, lr}
 197              		.cfi_def_cfa_offset 8
 198              		.cfi_offset 7, -8
 199              		.cfi_offset 14, -4
 200 0002 00AF     		add	r7, sp, #0
 201              		.cfi_def_cfa_register 7
 221:Generated_Source\PSoC4/ADC_IRQ.c ****     return CyRamVectors[CYINT_IRQ_BASE + ADC_IRQ__INTC_NUMBER];
 202              		.loc 1 221 0
 203 0004 024B     		ldr	r3, .L14
 204 0006 8022     		mov	r2, #128
 205 0008 9B58     		ldr	r3, [r3, r2]
 222:Generated_Source\PSoC4/ADC_IRQ.c **** }
 206              		.loc 1 222 0
 207 000a 181C     		mov	r0, r3
 208 000c BD46     		mov	sp, r7
 209              		@ sp needed
 210 000e 80BD     		pop	{r7, pc}
 211              	.L15:
 212              		.align	2
 213              	.L14:
 214 0010 00000000 		.word	CyRamVectors
 215              		.cfi_endproc
 216              	.LFE6:
 217              		.size	ADC_IRQ_GetVector, .-ADC_IRQ_GetVector
 218              		.section	.text.ADC_IRQ_SetPriority,"ax",%progbits
 219              		.align	2
 220              		.global	ADC_IRQ_SetPriority
 221              		.code	16
 222              		.thumb_func
 223              		.type	ADC_IRQ_SetPriority, %function
 224              	ADC_IRQ_SetPriority:
 225              	.LFB7:
 223:Generated_Source\PSoC4/ADC_IRQ.c **** 
 224:Generated_Source\PSoC4/ADC_IRQ.c **** 
 225:Generated_Source\PSoC4/ADC_IRQ.c **** /*******************************************************************************
 226:Generated_Source\PSoC4/ADC_IRQ.c **** * Function Name: ADC_IRQ_SetPriority
 227:Generated_Source\PSoC4/ADC_IRQ.c **** ********************************************************************************
 228:Generated_Source\PSoC4/ADC_IRQ.c **** *
 229:Generated_Source\PSoC4/ADC_IRQ.c **** * Summary:
 230:Generated_Source\PSoC4/ADC_IRQ.c **** *   Sets the Priority of the Interrupt. 
 231:Generated_Source\PSoC4/ADC_IRQ.c **** *
ARM GAS  C:\Users\ilya\AppData\Local\Temp\ccge94kX.s 			page 9


 232:Generated_Source\PSoC4/ADC_IRQ.c **** *   Note calling ADC_IRQ_Start or ADC_IRQ_StartEx will 
 233:Generated_Source\PSoC4/ADC_IRQ.c **** *   override any effect this API would have had. This API should only be called
 234:Generated_Source\PSoC4/ADC_IRQ.c **** *   after ADC_IRQ_Start or ADC_IRQ_StartEx has been called. 
 235:Generated_Source\PSoC4/ADC_IRQ.c **** *   To set the initial priority for the component, use the Design-Wide Resources
 236:Generated_Source\PSoC4/ADC_IRQ.c **** *   Interrupt Editor.
 237:Generated_Source\PSoC4/ADC_IRQ.c **** *
 238:Generated_Source\PSoC4/ADC_IRQ.c **** *   Note This API has no effect on Non-maskable interrupt NMI).
 239:Generated_Source\PSoC4/ADC_IRQ.c **** *
 240:Generated_Source\PSoC4/ADC_IRQ.c **** * Parameters:
 241:Generated_Source\PSoC4/ADC_IRQ.c **** *   priority: Priority of the interrupt, 0 being the highest priority
 242:Generated_Source\PSoC4/ADC_IRQ.c **** *             PSoC 3 and PSoC 5LP: Priority is from 0 to 7.
 243:Generated_Source\PSoC4/ADC_IRQ.c **** *             PSoC 4: Priority is from 0 to 3.
 244:Generated_Source\PSoC4/ADC_IRQ.c **** *
 245:Generated_Source\PSoC4/ADC_IRQ.c **** * Return:
 246:Generated_Source\PSoC4/ADC_IRQ.c **** *   None
 247:Generated_Source\PSoC4/ADC_IRQ.c **** *
 248:Generated_Source\PSoC4/ADC_IRQ.c **** *******************************************************************************/
 249:Generated_Source\PSoC4/ADC_IRQ.c **** void ADC_IRQ_SetPriority(uint8 priority)
 250:Generated_Source\PSoC4/ADC_IRQ.c **** {
 226              		.loc 1 250 0
 227              		.cfi_startproc
 228 0000 90B5     		push	{r4, r7, lr}
 229              		.cfi_def_cfa_offset 12
 230              		.cfi_offset 4, -12
 231              		.cfi_offset 7, -8
 232              		.cfi_offset 14, -4
 233 0002 85B0     		sub	sp, sp, #20
 234              		.cfi_def_cfa_offset 32
 235 0004 00AF     		add	r7, sp, #0
 236              		.cfi_def_cfa_register 7
 237 0006 021C     		mov	r2, r0
 238 0008 FB1D     		add	r3, r7, #7
 239 000a 1A70     		strb	r2, [r3]
 251:Generated_Source\PSoC4/ADC_IRQ.c **** 	uint8 interruptState;
 252:Generated_Source\PSoC4/ADC_IRQ.c ****     uint32 priorityOffset = ((ADC_IRQ__INTC_NUMBER % 4u) * 8u) + 6u;
 240              		.loc 1 252 0
 241 000c 0623     		mov	r3, #6
 242 000e FB60     		str	r3, [r7, #12]
 253:Generated_Source\PSoC4/ADC_IRQ.c ****     
 254:Generated_Source\PSoC4/ADC_IRQ.c **** 	interruptState = CyEnterCriticalSection();
 243              		.loc 1 254 0
 244 0010 0B23     		mov	r3, #11
 245 0012 FC18     		add	r4, r7, r3
 246 0014 FFF7FEFF 		bl	CyEnterCriticalSection
 247 0018 031C     		mov	r3, r0
 248 001a 2370     		strb	r3, [r4]
 255:Generated_Source\PSoC4/ADC_IRQ.c ****     *ADC_IRQ_INTC_PRIOR = (*ADC_IRQ_INTC_PRIOR & (uint32)(~ADC_IRQ__INTC_PRIOR_MASK)) |
 249              		.loc 1 255 0
 250 001c 0A4B     		ldr	r3, .L17
 251 001e 0A4A     		ldr	r2, .L17
 252 0020 1268     		ldr	r2, [r2]
 253 0022 C021     		mov	r1, #192
 254 0024 8A43     		bic	r2, r1
 255 0026 111C     		mov	r1, r2
 256:Generated_Source\PSoC4/ADC_IRQ.c ****                                     ((uint32)priority << priorityOffset);
 256              		.loc 1 256 0
 257 0028 FA1D     		add	r2, r7, #7
ARM GAS  C:\Users\ilya\AppData\Local\Temp\ccge94kX.s 			page 10


 258 002a 1078     		ldrb	r0, [r2]
 259 002c FA68     		ldr	r2, [r7, #12]
 260 002e 9040     		lsl	r0, r0, r2
 261 0030 021C     		mov	r2, r0
 255:Generated_Source\PSoC4/ADC_IRQ.c ****     *ADC_IRQ_INTC_PRIOR = (*ADC_IRQ_INTC_PRIOR & (uint32)(~ADC_IRQ__INTC_PRIOR_MASK)) |
 262              		.loc 1 255 0
 263 0032 0A43     		orr	r2, r1
 264 0034 1A60     		str	r2, [r3]
 257:Generated_Source\PSoC4/ADC_IRQ.c **** 	CyExitCriticalSection(interruptState);
 265              		.loc 1 257 0
 266 0036 0B23     		mov	r3, #11
 267 0038 FB18     		add	r3, r7, r3
 268 003a 1B78     		ldrb	r3, [r3]
 269 003c 181C     		mov	r0, r3
 270 003e FFF7FEFF 		bl	CyExitCriticalSection
 258:Generated_Source\PSoC4/ADC_IRQ.c **** }
 271              		.loc 1 258 0
 272 0042 BD46     		mov	sp, r7
 273 0044 05B0     		add	sp, sp, #20
 274              		@ sp needed
 275 0046 90BD     		pop	{r4, r7, pc}
 276              	.L18:
 277              		.align	2
 278              	.L17:
 279 0048 10E400E0 		.word	-536812528
 280              		.cfi_endproc
 281              	.LFE7:
 282              		.size	ADC_IRQ_SetPriority, .-ADC_IRQ_SetPriority
 283              		.section	.text.ADC_IRQ_GetPriority,"ax",%progbits
 284              		.align	2
 285              		.global	ADC_IRQ_GetPriority
 286              		.code	16
 287              		.thumb_func
 288              		.type	ADC_IRQ_GetPriority, %function
 289              	ADC_IRQ_GetPriority:
 290              	.LFB8:
 259:Generated_Source\PSoC4/ADC_IRQ.c **** 
 260:Generated_Source\PSoC4/ADC_IRQ.c **** 
 261:Generated_Source\PSoC4/ADC_IRQ.c **** /*******************************************************************************
 262:Generated_Source\PSoC4/ADC_IRQ.c **** * Function Name: ADC_IRQ_GetPriority
 263:Generated_Source\PSoC4/ADC_IRQ.c **** ********************************************************************************
 264:Generated_Source\PSoC4/ADC_IRQ.c **** *
 265:Generated_Source\PSoC4/ADC_IRQ.c **** * Summary:
 266:Generated_Source\PSoC4/ADC_IRQ.c **** *   Gets the Priority of the Interrupt.
 267:Generated_Source\PSoC4/ADC_IRQ.c **** *
 268:Generated_Source\PSoC4/ADC_IRQ.c **** * Parameters:
 269:Generated_Source\PSoC4/ADC_IRQ.c **** *   None
 270:Generated_Source\PSoC4/ADC_IRQ.c **** *
 271:Generated_Source\PSoC4/ADC_IRQ.c **** * Return:
 272:Generated_Source\PSoC4/ADC_IRQ.c **** *   Priority of the interrupt, 0 being the highest priority
 273:Generated_Source\PSoC4/ADC_IRQ.c **** *    PSoC 3 and PSoC 5LP: Priority is from 0 to 7.
 274:Generated_Source\PSoC4/ADC_IRQ.c **** *    PSoC 4: Priority is from 0 to 3.
 275:Generated_Source\PSoC4/ADC_IRQ.c **** *
 276:Generated_Source\PSoC4/ADC_IRQ.c **** *******************************************************************************/
 277:Generated_Source\PSoC4/ADC_IRQ.c **** uint8 ADC_IRQ_GetPriority(void)
 278:Generated_Source\PSoC4/ADC_IRQ.c **** {
 291              		.loc 1 278 0
ARM GAS  C:\Users\ilya\AppData\Local\Temp\ccge94kX.s 			page 11


 292              		.cfi_startproc
 293 0000 80B5     		push	{r7, lr}
 294              		.cfi_def_cfa_offset 8
 295              		.cfi_offset 7, -8
 296              		.cfi_offset 14, -4
 297 0002 82B0     		sub	sp, sp, #8
 298              		.cfi_def_cfa_offset 16
 299 0004 00AF     		add	r7, sp, #0
 300              		.cfi_def_cfa_register 7
 279:Generated_Source\PSoC4/ADC_IRQ.c ****     uint32 priority;
 280:Generated_Source\PSoC4/ADC_IRQ.c **** 	uint32 priorityOffset = ((ADC_IRQ__INTC_NUMBER % 4u) * 8u) + 6u;
 301              		.loc 1 280 0
 302 0006 0623     		mov	r3, #6
 303 0008 7B60     		str	r3, [r7, #4]
 281:Generated_Source\PSoC4/ADC_IRQ.c **** 
 282:Generated_Source\PSoC4/ADC_IRQ.c ****     priority = (*ADC_IRQ_INTC_PRIOR & ADC_IRQ__INTC_PRIOR_MASK) >> priorityOffset;
 304              		.loc 1 282 0
 305 000a 074B     		ldr	r3, .L21
 306 000c 1B68     		ldr	r3, [r3]
 307 000e C022     		mov	r2, #192
 308 0010 1A40     		and	r2, r3
 309 0012 7B68     		ldr	r3, [r7, #4]
 310 0014 DA40     		lsr	r2, r2, r3
 311 0016 131C     		mov	r3, r2
 312 0018 3B60     		str	r3, [r7]
 283:Generated_Source\PSoC4/ADC_IRQ.c **** 
 284:Generated_Source\PSoC4/ADC_IRQ.c ****     return (uint8)priority;
 313              		.loc 1 284 0
 314 001a 3B68     		ldr	r3, [r7]
 315 001c DBB2     		uxtb	r3, r3
 285:Generated_Source\PSoC4/ADC_IRQ.c **** }
 316              		.loc 1 285 0
 317 001e 181C     		mov	r0, r3
 318 0020 BD46     		mov	sp, r7
 319 0022 02B0     		add	sp, sp, #8
 320              		@ sp needed
 321 0024 80BD     		pop	{r7, pc}
 322              	.L22:
 323 0026 C046     		.align	2
 324              	.L21:
 325 0028 10E400E0 		.word	-536812528
 326              		.cfi_endproc
 327              	.LFE8:
 328              		.size	ADC_IRQ_GetPriority, .-ADC_IRQ_GetPriority
 329              		.section	.text.ADC_IRQ_Enable,"ax",%progbits
 330              		.align	2
 331              		.global	ADC_IRQ_Enable
 332              		.code	16
 333              		.thumb_func
 334              		.type	ADC_IRQ_Enable, %function
 335              	ADC_IRQ_Enable:
 336              	.LFB9:
 286:Generated_Source\PSoC4/ADC_IRQ.c **** 
 287:Generated_Source\PSoC4/ADC_IRQ.c **** 
 288:Generated_Source\PSoC4/ADC_IRQ.c **** /*******************************************************************************
 289:Generated_Source\PSoC4/ADC_IRQ.c **** * Function Name: ADC_IRQ_Enable
 290:Generated_Source\PSoC4/ADC_IRQ.c **** ********************************************************************************
ARM GAS  C:\Users\ilya\AppData\Local\Temp\ccge94kX.s 			page 12


 291:Generated_Source\PSoC4/ADC_IRQ.c **** *
 292:Generated_Source\PSoC4/ADC_IRQ.c **** * Summary:
 293:Generated_Source\PSoC4/ADC_IRQ.c **** *   Enables the interrupt to the interrupt controller. Do not call this function
 294:Generated_Source\PSoC4/ADC_IRQ.c **** *   unless ISR_Start() has been called or the functionality of the ISR_Start() 
 295:Generated_Source\PSoC4/ADC_IRQ.c **** *   function, which sets the vector and the priority, has been called.
 296:Generated_Source\PSoC4/ADC_IRQ.c **** *
 297:Generated_Source\PSoC4/ADC_IRQ.c **** * Parameters:
 298:Generated_Source\PSoC4/ADC_IRQ.c **** *   None
 299:Generated_Source\PSoC4/ADC_IRQ.c **** *
 300:Generated_Source\PSoC4/ADC_IRQ.c **** * Return:
 301:Generated_Source\PSoC4/ADC_IRQ.c **** *   None
 302:Generated_Source\PSoC4/ADC_IRQ.c **** *
 303:Generated_Source\PSoC4/ADC_IRQ.c **** *******************************************************************************/
 304:Generated_Source\PSoC4/ADC_IRQ.c **** void ADC_IRQ_Enable(void)
 305:Generated_Source\PSoC4/ADC_IRQ.c **** {
 337              		.loc 1 305 0
 338              		.cfi_startproc
 339 0000 80B5     		push	{r7, lr}
 340              		.cfi_def_cfa_offset 8
 341              		.cfi_offset 7, -8
 342              		.cfi_offset 14, -4
 343 0002 00AF     		add	r7, sp, #0
 344              		.cfi_def_cfa_register 7
 306:Generated_Source\PSoC4/ADC_IRQ.c ****     /* Enable the general interrupt. */
 307:Generated_Source\PSoC4/ADC_IRQ.c ****     *ADC_IRQ_INTC_SET_EN = ADC_IRQ__INTC_MASK;
 345              		.loc 1 307 0
 346 0004 024B     		ldr	r3, .L24
 347 0006 8022     		mov	r2, #128
 348 0008 5202     		lsl	r2, r2, #9
 349 000a 1A60     		str	r2, [r3]
 308:Generated_Source\PSoC4/ADC_IRQ.c **** }
 350              		.loc 1 308 0
 351 000c BD46     		mov	sp, r7
 352              		@ sp needed
 353 000e 80BD     		pop	{r7, pc}
 354              	.L25:
 355              		.align	2
 356              	.L24:
 357 0010 00E100E0 		.word	-536813312
 358              		.cfi_endproc
 359              	.LFE9:
 360              		.size	ADC_IRQ_Enable, .-ADC_IRQ_Enable
 361              		.section	.text.ADC_IRQ_GetState,"ax",%progbits
 362              		.align	2
 363              		.global	ADC_IRQ_GetState
 364              		.code	16
 365              		.thumb_func
 366              		.type	ADC_IRQ_GetState, %function
 367              	ADC_IRQ_GetState:
 368              	.LFB10:
 309:Generated_Source\PSoC4/ADC_IRQ.c **** 
 310:Generated_Source\PSoC4/ADC_IRQ.c **** 
 311:Generated_Source\PSoC4/ADC_IRQ.c **** /*******************************************************************************
 312:Generated_Source\PSoC4/ADC_IRQ.c **** * Function Name: ADC_IRQ_GetState
 313:Generated_Source\PSoC4/ADC_IRQ.c **** ********************************************************************************
 314:Generated_Source\PSoC4/ADC_IRQ.c **** *
 315:Generated_Source\PSoC4/ADC_IRQ.c **** * Summary:
ARM GAS  C:\Users\ilya\AppData\Local\Temp\ccge94kX.s 			page 13


 316:Generated_Source\PSoC4/ADC_IRQ.c **** *   Gets the state (enabled, disabled) of the Interrupt.
 317:Generated_Source\PSoC4/ADC_IRQ.c **** *
 318:Generated_Source\PSoC4/ADC_IRQ.c **** * Parameters:
 319:Generated_Source\PSoC4/ADC_IRQ.c **** *   None
 320:Generated_Source\PSoC4/ADC_IRQ.c **** *
 321:Generated_Source\PSoC4/ADC_IRQ.c **** * Return:
 322:Generated_Source\PSoC4/ADC_IRQ.c **** *   1 if enabled, 0 if disabled.
 323:Generated_Source\PSoC4/ADC_IRQ.c **** *
 324:Generated_Source\PSoC4/ADC_IRQ.c **** *******************************************************************************/
 325:Generated_Source\PSoC4/ADC_IRQ.c **** uint8 ADC_IRQ_GetState(void)
 326:Generated_Source\PSoC4/ADC_IRQ.c **** {
 369              		.loc 1 326 0
 370              		.cfi_startproc
 371 0000 80B5     		push	{r7, lr}
 372              		.cfi_def_cfa_offset 8
 373              		.cfi_offset 7, -8
 374              		.cfi_offset 14, -4
 375 0002 00AF     		add	r7, sp, #0
 376              		.cfi_def_cfa_register 7
 327:Generated_Source\PSoC4/ADC_IRQ.c ****     /* Get the state of the general interrupt. */
 328:Generated_Source\PSoC4/ADC_IRQ.c ****     return ((*ADC_IRQ_INTC_SET_EN & (uint32)ADC_IRQ__INTC_MASK) != 0u) ? 1u:0u;
 377              		.loc 1 328 0
 378 0004 054B     		ldr	r3, .L30
 379 0006 1A68     		ldr	r2, [r3]
 380 0008 8023     		mov	r3, #128
 381 000a 5B02     		lsl	r3, r3, #9
 382 000c 1340     		and	r3, r2
 383 000e 01D0     		beq	.L27
 384              		.loc 1 328 0 is_stmt 0 discriminator 1
 385 0010 0123     		mov	r3, #1
 386 0012 00E0     		b	.L28
 387              	.L27:
 388              		.loc 1 328 0 discriminator 2
 389 0014 0023     		mov	r3, #0
 390              	.L28:
 329:Generated_Source\PSoC4/ADC_IRQ.c **** }
 391              		.loc 1 329 0 is_stmt 1 discriminator 4
 392 0016 181C     		mov	r0, r3
 393 0018 BD46     		mov	sp, r7
 394              		@ sp needed
 395 001a 80BD     		pop	{r7, pc}
 396              	.L31:
 397              		.align	2
 398              	.L30:
 399 001c 00E100E0 		.word	-536813312
 400              		.cfi_endproc
 401              	.LFE10:
 402              		.size	ADC_IRQ_GetState, .-ADC_IRQ_GetState
 403              		.section	.text.ADC_IRQ_Disable,"ax",%progbits
 404              		.align	2
 405              		.global	ADC_IRQ_Disable
 406              		.code	16
 407              		.thumb_func
 408              		.type	ADC_IRQ_Disable, %function
 409              	ADC_IRQ_Disable:
 410              	.LFB11:
 330:Generated_Source\PSoC4/ADC_IRQ.c **** 
ARM GAS  C:\Users\ilya\AppData\Local\Temp\ccge94kX.s 			page 14


 331:Generated_Source\PSoC4/ADC_IRQ.c **** 
 332:Generated_Source\PSoC4/ADC_IRQ.c **** /*******************************************************************************
 333:Generated_Source\PSoC4/ADC_IRQ.c **** * Function Name: ADC_IRQ_Disable
 334:Generated_Source\PSoC4/ADC_IRQ.c **** ********************************************************************************
 335:Generated_Source\PSoC4/ADC_IRQ.c **** *
 336:Generated_Source\PSoC4/ADC_IRQ.c **** * Summary:
 337:Generated_Source\PSoC4/ADC_IRQ.c **** *   Disables the Interrupt in the interrupt controller.
 338:Generated_Source\PSoC4/ADC_IRQ.c **** *
 339:Generated_Source\PSoC4/ADC_IRQ.c **** * Parameters:
 340:Generated_Source\PSoC4/ADC_IRQ.c **** *   None
 341:Generated_Source\PSoC4/ADC_IRQ.c **** *
 342:Generated_Source\PSoC4/ADC_IRQ.c **** * Return:
 343:Generated_Source\PSoC4/ADC_IRQ.c **** *   None
 344:Generated_Source\PSoC4/ADC_IRQ.c **** *
 345:Generated_Source\PSoC4/ADC_IRQ.c **** *******************************************************************************/
 346:Generated_Source\PSoC4/ADC_IRQ.c **** void ADC_IRQ_Disable(void)
 347:Generated_Source\PSoC4/ADC_IRQ.c **** {
 411              		.loc 1 347 0
 412              		.cfi_startproc
 413 0000 80B5     		push	{r7, lr}
 414              		.cfi_def_cfa_offset 8
 415              		.cfi_offset 7, -8
 416              		.cfi_offset 14, -4
 417 0002 00AF     		add	r7, sp, #0
 418              		.cfi_def_cfa_register 7
 348:Generated_Source\PSoC4/ADC_IRQ.c ****     /* Disable the general interrupt. */
 349:Generated_Source\PSoC4/ADC_IRQ.c ****     *ADC_IRQ_INTC_CLR_EN = ADC_IRQ__INTC_MASK;
 419              		.loc 1 349 0
 420 0004 024B     		ldr	r3, .L33
 421 0006 8022     		mov	r2, #128
 422 0008 5202     		lsl	r2, r2, #9
 423 000a 1A60     		str	r2, [r3]
 350:Generated_Source\PSoC4/ADC_IRQ.c **** }
 424              		.loc 1 350 0
 425 000c BD46     		mov	sp, r7
 426              		@ sp needed
 427 000e 80BD     		pop	{r7, pc}
 428              	.L34:
 429              		.align	2
 430              	.L33:
 431 0010 80E100E0 		.word	-536813184
 432              		.cfi_endproc
 433              	.LFE11:
 434              		.size	ADC_IRQ_Disable, .-ADC_IRQ_Disable
 435              		.section	.text.ADC_IRQ_SetPending,"ax",%progbits
 436              		.align	2
 437              		.global	ADC_IRQ_SetPending
 438              		.code	16
 439              		.thumb_func
 440              		.type	ADC_IRQ_SetPending, %function
 441              	ADC_IRQ_SetPending:
 442              	.LFB12:
 351:Generated_Source\PSoC4/ADC_IRQ.c **** 
 352:Generated_Source\PSoC4/ADC_IRQ.c **** 
 353:Generated_Source\PSoC4/ADC_IRQ.c **** /*******************************************************************************
 354:Generated_Source\PSoC4/ADC_IRQ.c **** * Function Name: ADC_IRQ_SetPending
 355:Generated_Source\PSoC4/ADC_IRQ.c **** ********************************************************************************
ARM GAS  C:\Users\ilya\AppData\Local\Temp\ccge94kX.s 			page 15


 356:Generated_Source\PSoC4/ADC_IRQ.c **** *
 357:Generated_Source\PSoC4/ADC_IRQ.c **** * Summary:
 358:Generated_Source\PSoC4/ADC_IRQ.c **** *   Causes the Interrupt to enter the pending state, a software method of
 359:Generated_Source\PSoC4/ADC_IRQ.c **** *   generating the interrupt.
 360:Generated_Source\PSoC4/ADC_IRQ.c **** *
 361:Generated_Source\PSoC4/ADC_IRQ.c **** * Parameters:
 362:Generated_Source\PSoC4/ADC_IRQ.c **** *   None
 363:Generated_Source\PSoC4/ADC_IRQ.c **** *
 364:Generated_Source\PSoC4/ADC_IRQ.c **** * Return:
 365:Generated_Source\PSoC4/ADC_IRQ.c **** *   None
 366:Generated_Source\PSoC4/ADC_IRQ.c **** *
 367:Generated_Source\PSoC4/ADC_IRQ.c **** * Side Effects:
 368:Generated_Source\PSoC4/ADC_IRQ.c **** *   If interrupts are enabled and the interrupt is set up properly, the ISR is
 369:Generated_Source\PSoC4/ADC_IRQ.c **** *   entered (depending on the priority of this interrupt and other pending 
 370:Generated_Source\PSoC4/ADC_IRQ.c **** *   interrupts).
 371:Generated_Source\PSoC4/ADC_IRQ.c **** *
 372:Generated_Source\PSoC4/ADC_IRQ.c **** *******************************************************************************/
 373:Generated_Source\PSoC4/ADC_IRQ.c **** void ADC_IRQ_SetPending(void)
 374:Generated_Source\PSoC4/ADC_IRQ.c **** {
 443              		.loc 1 374 0
 444              		.cfi_startproc
 445 0000 80B5     		push	{r7, lr}
 446              		.cfi_def_cfa_offset 8
 447              		.cfi_offset 7, -8
 448              		.cfi_offset 14, -4
 449 0002 00AF     		add	r7, sp, #0
 450              		.cfi_def_cfa_register 7
 375:Generated_Source\PSoC4/ADC_IRQ.c ****     *ADC_IRQ_INTC_SET_PD = ADC_IRQ__INTC_MASK;
 451              		.loc 1 375 0
 452 0004 024B     		ldr	r3, .L36
 453 0006 8022     		mov	r2, #128
 454 0008 5202     		lsl	r2, r2, #9
 455 000a 1A60     		str	r2, [r3]
 376:Generated_Source\PSoC4/ADC_IRQ.c **** }
 456              		.loc 1 376 0
 457 000c BD46     		mov	sp, r7
 458              		@ sp needed
 459 000e 80BD     		pop	{r7, pc}
 460              	.L37:
 461              		.align	2
 462              	.L36:
 463 0010 00E200E0 		.word	-536813056
 464              		.cfi_endproc
 465              	.LFE12:
 466              		.size	ADC_IRQ_SetPending, .-ADC_IRQ_SetPending
 467              		.section	.text.ADC_IRQ_ClearPending,"ax",%progbits
 468              		.align	2
 469              		.global	ADC_IRQ_ClearPending
 470              		.code	16
 471              		.thumb_func
 472              		.type	ADC_IRQ_ClearPending, %function
 473              	ADC_IRQ_ClearPending:
 474              	.LFB13:
 377:Generated_Source\PSoC4/ADC_IRQ.c **** 
 378:Generated_Source\PSoC4/ADC_IRQ.c **** 
 379:Generated_Source\PSoC4/ADC_IRQ.c **** /*******************************************************************************
 380:Generated_Source\PSoC4/ADC_IRQ.c **** * Function Name: ADC_IRQ_ClearPending
ARM GAS  C:\Users\ilya\AppData\Local\Temp\ccge94kX.s 			page 16


 381:Generated_Source\PSoC4/ADC_IRQ.c **** ********************************************************************************
 382:Generated_Source\PSoC4/ADC_IRQ.c **** *
 383:Generated_Source\PSoC4/ADC_IRQ.c **** * Summary:
 384:Generated_Source\PSoC4/ADC_IRQ.c **** *   Clears a pending interrupt in the interrupt controller.
 385:Generated_Source\PSoC4/ADC_IRQ.c **** *
 386:Generated_Source\PSoC4/ADC_IRQ.c **** *   Note Some interrupt sources are clear-on-read and require the block 
 387:Generated_Source\PSoC4/ADC_IRQ.c **** *   interrupt/status register to be read/cleared with the appropriate block API 
 388:Generated_Source\PSoC4/ADC_IRQ.c **** *   (GPIO, UART, and so on). Otherwise the ISR will continue to remain in 
 389:Generated_Source\PSoC4/ADC_IRQ.c **** *   pending state even though the interrupt itself is cleared using this API.
 390:Generated_Source\PSoC4/ADC_IRQ.c **** *
 391:Generated_Source\PSoC4/ADC_IRQ.c **** * Parameters:
 392:Generated_Source\PSoC4/ADC_IRQ.c **** *   None
 393:Generated_Source\PSoC4/ADC_IRQ.c **** *
 394:Generated_Source\PSoC4/ADC_IRQ.c **** * Return:
 395:Generated_Source\PSoC4/ADC_IRQ.c **** *   None
 396:Generated_Source\PSoC4/ADC_IRQ.c **** *
 397:Generated_Source\PSoC4/ADC_IRQ.c **** *******************************************************************************/
 398:Generated_Source\PSoC4/ADC_IRQ.c **** void ADC_IRQ_ClearPending(void)
 399:Generated_Source\PSoC4/ADC_IRQ.c **** {
 475              		.loc 1 399 0
 476              		.cfi_startproc
 477 0000 80B5     		push	{r7, lr}
 478              		.cfi_def_cfa_offset 8
 479              		.cfi_offset 7, -8
 480              		.cfi_offset 14, -4
 481 0002 00AF     		add	r7, sp, #0
 482              		.cfi_def_cfa_register 7
 400:Generated_Source\PSoC4/ADC_IRQ.c ****     *ADC_IRQ_INTC_CLR_PD = ADC_IRQ__INTC_MASK;
 483              		.loc 1 400 0
 484 0004 024B     		ldr	r3, .L39
 485 0006 8022     		mov	r2, #128
 486 0008 5202     		lsl	r2, r2, #9
 487 000a 1A60     		str	r2, [r3]
 401:Generated_Source\PSoC4/ADC_IRQ.c **** }
 488              		.loc 1 401 0
 489 000c BD46     		mov	sp, r7
 490              		@ sp needed
 491 000e 80BD     		pop	{r7, pc}
 492              	.L40:
 493              		.align	2
 494              	.L39:
 495 0010 80E200E0 		.word	-536812928
 496              		.cfi_endproc
 497              	.LFE13:
 498              		.size	ADC_IRQ_ClearPending, .-ADC_IRQ_ClearPending
 499              		.text
 500              	.Letext0:
 501              		.file 2 "Generated_Source\\PSoC4/cytypes.h"
 502              		.section	.debug_info,"",%progbits
 503              	.Ldebug_info0:
 504 0000 42020000 		.4byte	0x242
 505 0004 0400     		.2byte	0x4
 506 0006 00000000 		.4byte	.Ldebug_abbrev0
 507 000a 04       		.byte	0x4
 508 000b 01       		.uleb128 0x1
 509 000c 06000000 		.4byte	.LASF33
 510 0010 01       		.byte	0x1
ARM GAS  C:\Users\ilya\AppData\Local\Temp\ccge94kX.s 			page 17


 511 0011 BA010000 		.4byte	.LASF34
 512 0015 E4000000 		.4byte	.LASF35
 513 0019 00000000 		.4byte	.Ldebug_ranges0+0
 514 001d 00000000 		.4byte	0
 515 0021 00000000 		.4byte	.Ldebug_line0
 516 0025 02       		.uleb128 0x2
 517 0026 01       		.byte	0x1
 518 0027 06       		.byte	0x6
 519 0028 8D020000 		.4byte	.LASF0
 520 002c 02       		.uleb128 0x2
 521 002d 01       		.byte	0x1
 522 002e 08       		.byte	0x8
 523 002f 3F010000 		.4byte	.LASF1
 524 0033 02       		.uleb128 0x2
 525 0034 02       		.byte	0x2
 526 0035 05       		.byte	0x5
 527 0036 5B020000 		.4byte	.LASF2
 528 003a 02       		.uleb128 0x2
 529 003b 02       		.byte	0x2
 530 003c 07       		.byte	0x7
 531 003d C0000000 		.4byte	.LASF3
 532 0041 02       		.uleb128 0x2
 533 0042 04       		.byte	0x4
 534 0043 05       		.byte	0x5
 535 0044 84020000 		.4byte	.LASF4
 536 0048 02       		.uleb128 0x2
 537 0049 04       		.byte	0x4
 538 004a 07       		.byte	0x7
 539 004b 5C010000 		.4byte	.LASF5
 540 004f 02       		.uleb128 0x2
 541 0050 08       		.byte	0x8
 542 0051 05       		.byte	0x5
 543 0052 48020000 		.4byte	.LASF6
 544 0056 02       		.uleb128 0x2
 545 0057 08       		.byte	0x8
 546 0058 07       		.byte	0x7
 547 0059 0B020000 		.4byte	.LASF7
 548 005d 03       		.uleb128 0x3
 549 005e 04       		.byte	0x4
 550 005f 05       		.byte	0x5
 551 0060 696E7400 		.ascii	"int\000"
 552 0064 02       		.uleb128 0x2
 553 0065 04       		.byte	0x4
 554 0066 07       		.byte	0x7
 555 0067 F6010000 		.4byte	.LASF8
 556 006b 04       		.uleb128 0x4
 557 006c 6E010000 		.4byte	.LASF9
 558 0070 02       		.byte	0x2
 559 0071 B901     		.2byte	0x1b9
 560 0073 2C000000 		.4byte	0x2c
 561 0077 04       		.uleb128 0x4
 562 0078 EF010000 		.4byte	.LASF10
 563 007c 02       		.byte	0x2
 564 007d BB01     		.2byte	0x1bb
 565 007f 48000000 		.4byte	0x48
 566 0083 02       		.uleb128 0x2
 567 0084 04       		.byte	0x4
ARM GAS  C:\Users\ilya\AppData\Local\Temp\ccge94kX.s 			page 18


 568 0085 04       		.byte	0x4
 569 0086 39010000 		.4byte	.LASF11
 570 008a 02       		.uleb128 0x2
 571 008b 08       		.byte	0x8
 572 008c 04       		.byte	0x4
 573 008d A5010000 		.4byte	.LASF12
 574 0091 02       		.uleb128 0x2
 575 0092 01       		.byte	0x1
 576 0093 08       		.byte	0x8
 577 0094 56020000 		.4byte	.LASF13
 578 0098 04       		.uleb128 0x4
 579 0099 00000000 		.4byte	.LASF14
 580 009d 02       		.byte	0x2
 581 009e 6502     		.2byte	0x265
 582 00a0 A4000000 		.4byte	0xa4
 583 00a4 05       		.uleb128 0x5
 584 00a5 77000000 		.4byte	0x77
 585 00a9 04       		.uleb128 0x4
 586 00aa 22020000 		.4byte	.LASF15
 587 00ae 02       		.byte	0x2
 588 00af 7502     		.2byte	0x275
 589 00b1 B5000000 		.4byte	0xb5
 590 00b5 06       		.uleb128 0x6
 591 00b6 04       		.byte	0x4
 592 00b7 BB000000 		.4byte	0xbb
 593 00bb 07       		.uleb128 0x7
 594 00bc 02       		.uleb128 0x2
 595 00bd 04       		.byte	0x4
 596 00be 07       		.byte	0x7
 597 00bf 3F020000 		.4byte	.LASF16
 598 00c3 08       		.uleb128 0x8
 599 00c4 AC010000 		.4byte	.LASF17
 600 00c8 01       		.byte	0x1
 601 00c9 38       		.byte	0x38
 602 00ca 00000000 		.4byte	.LFB1
 603 00ce 24000000 		.4byte	.LFE1-.LFB1
 604 00d2 01       		.uleb128 0x1
 605 00d3 9C       		.byte	0x9c
 606 00d4 09       		.uleb128 0x9
 607 00d5 2F020000 		.4byte	.LASF20
 608 00d9 01       		.byte	0x1
 609 00da 63       		.byte	0x63
 610 00db 00000000 		.4byte	.LFB2
 611 00df 24000000 		.4byte	.LFE2-.LFB2
 612 00e3 01       		.uleb128 0x1
 613 00e4 9C       		.byte	0x9c
 614 00e5 F8000000 		.4byte	0xf8
 615 00e9 0A       		.uleb128 0xa
 616 00ea 03020000 		.4byte	.LASF22
 617 00ee 01       		.byte	0x1
 618 00ef 63       		.byte	0x63
 619 00f0 A9000000 		.4byte	0xa9
 620 00f4 02       		.uleb128 0x2
 621 00f5 91       		.byte	0x91
 622 00f6 74       		.sleb128 -12
 623 00f7 00       		.byte	0
 624 00f8 08       		.uleb128 0x8
ARM GAS  C:\Users\ilya\AppData\Local\Temp\ccge94kX.s 			page 19


 625 00f9 A1000000 		.4byte	.LASF18
 626 00fd 01       		.byte	0x1
 627 00fe 81       		.byte	0x81
 628 00ff 00000000 		.4byte	.LFB3
 629 0103 18000000 		.4byte	.LFE3-.LFB3
 630 0107 01       		.uleb128 0x1
 631 0108 9C       		.byte	0x9c
 632 0109 0B       		.uleb128 0xb
 633 010a 27010000 		.4byte	.LASF19
 634 010e 01       		.byte	0x1
 635 010f 9F       		.byte	0x9f
 636 0110 00000000 		.4byte	.LFB4
 637 0114 08000000 		.4byte	.LFE4-.LFB4
 638 0118 01       		.uleb128 0x1
 639 0119 9C       		.byte	0x9c
 640 011a 0C       		.uleb128 0xc
 641 011b AE000000 		.4byte	.LASF21
 642 011f 01       		.byte	0x1
 643 0120 C7       		.byte	0xc7
 644 0121 00000000 		.4byte	.LFB5
 645 0125 1C000000 		.4byte	.LFE5-.LFB5
 646 0129 01       		.uleb128 0x1
 647 012a 9C       		.byte	0x9c
 648 012b 3E010000 		.4byte	0x13e
 649 012f 0A       		.uleb128 0xa
 650 0130 03020000 		.4byte	.LASF22
 651 0134 01       		.byte	0x1
 652 0135 C7       		.byte	0xc7
 653 0136 A9000000 		.4byte	0xa9
 654 013a 02       		.uleb128 0x2
 655 013b 91       		.byte	0x91
 656 013c 74       		.sleb128 -12
 657 013d 00       		.byte	0
 658 013e 0D       		.uleb128 0xd
 659 013f 15010000 		.4byte	.LASF28
 660 0143 01       		.byte	0x1
 661 0144 DB       		.byte	0xdb
 662 0145 A9000000 		.4byte	0xa9
 663 0149 00000000 		.4byte	.LFB6
 664 014d 14000000 		.4byte	.LFE6-.LFB6
 665 0151 01       		.uleb128 0x1
 666 0152 9C       		.byte	0x9c
 667 0153 09       		.uleb128 0x9
 668 0154 99020000 		.4byte	.LASF23
 669 0158 01       		.byte	0x1
 670 0159 F9       		.byte	0xf9
 671 015a 00000000 		.4byte	.LFB7
 672 015e 4C000000 		.4byte	.LFE7-.LFB7
 673 0162 01       		.uleb128 0x1
 674 0163 9C       		.byte	0x9c
 675 0164 93010000 		.4byte	0x193
 676 0168 0A       		.uleb128 0xa
 677 0169 74010000 		.4byte	.LASF24
 678 016d 01       		.byte	0x1
 679 016e F9       		.byte	0xf9
 680 016f 6B000000 		.4byte	0x6b
 681 0173 02       		.uleb128 0x2
ARM GAS  C:\Users\ilya\AppData\Local\Temp\ccge94kX.s 			page 20


 682 0174 91       		.byte	0x91
 683 0175 67       		.sleb128 -25
 684 0176 0E       		.uleb128 0xe
 685 0177 4D010000 		.4byte	.LASF25
 686 017b 01       		.byte	0x1
 687 017c FB       		.byte	0xfb
 688 017d 6B000000 		.4byte	0x6b
 689 0181 02       		.uleb128 0x2
 690 0182 91       		.byte	0x91
 691 0183 6B       		.sleb128 -21
 692 0184 0E       		.uleb128 0xe
 693 0185 75020000 		.4byte	.LASF26
 694 0189 01       		.byte	0x1
 695 018a FC       		.byte	0xfc
 696 018b 77000000 		.4byte	0x77
 697 018f 02       		.uleb128 0x2
 698 0190 91       		.byte	0x91
 699 0191 6C       		.sleb128 -20
 700 0192 00       		.byte	0
 701 0193 0F       		.uleb128 0xf
 702 0194 DB010000 		.4byte	.LASF36
 703 0198 01       		.byte	0x1
 704 0199 1501     		.2byte	0x115
 705 019b 6B000000 		.4byte	0x6b
 706 019f 00000000 		.4byte	.LFB8
 707 01a3 2C000000 		.4byte	.LFE8-.LFB8
 708 01a7 01       		.uleb128 0x1
 709 01a8 9C       		.byte	0x9c
 710 01a9 CC010000 		.4byte	0x1cc
 711 01ad 10       		.uleb128 0x10
 712 01ae 74010000 		.4byte	.LASF24
 713 01b2 01       		.byte	0x1
 714 01b3 1701     		.2byte	0x117
 715 01b5 77000000 		.4byte	0x77
 716 01b9 02       		.uleb128 0x2
 717 01ba 91       		.byte	0x91
 718 01bb 70       		.sleb128 -16
 719 01bc 10       		.uleb128 0x10
 720 01bd 75020000 		.4byte	.LASF26
 721 01c1 01       		.byte	0x1
 722 01c2 1801     		.2byte	0x118
 723 01c4 77000000 		.4byte	0x77
 724 01c8 02       		.uleb128 0x2
 725 01c9 91       		.byte	0x91
 726 01ca 74       		.sleb128 -12
 727 01cb 00       		.byte	0
 728 01cc 11       		.uleb128 0x11
 729 01cd AD020000 		.4byte	.LASF27
 730 01d1 01       		.byte	0x1
 731 01d2 3001     		.2byte	0x130
 732 01d4 00000000 		.4byte	.LFB9
 733 01d8 14000000 		.4byte	.LFE9-.LFB9
 734 01dc 01       		.uleb128 0x1
 735 01dd 9C       		.byte	0x9c
 736 01de 12       		.uleb128 0x12
 737 01df D3000000 		.4byte	.LASF29
 738 01e3 01       		.byte	0x1
ARM GAS  C:\Users\ilya\AppData\Local\Temp\ccge94kX.s 			page 21


 739 01e4 4501     		.2byte	0x145
 740 01e6 6B000000 		.4byte	0x6b
 741 01ea 00000000 		.4byte	.LFB10
 742 01ee 20000000 		.4byte	.LFE10-.LFB10
 743 01f2 01       		.uleb128 0x1
 744 01f3 9C       		.byte	0x9c
 745 01f4 11       		.uleb128 0x11
 746 01f5 65020000 		.4byte	.LASF30
 747 01f9 01       		.byte	0x1
 748 01fa 5A01     		.2byte	0x15a
 749 01fc 00000000 		.4byte	.LFB11
 750 0200 14000000 		.4byte	.LFE11-.LFB11
 751 0204 01       		.uleb128 0x1
 752 0205 9C       		.byte	0x9c
 753 0206 11       		.uleb128 0x11
 754 0207 7D010000 		.4byte	.LASF31
 755 020b 01       		.byte	0x1
 756 020c 7501     		.2byte	0x175
 757 020e 00000000 		.4byte	.LFB12
 758 0212 14000000 		.4byte	.LFE12-.LFB12
 759 0216 01       		.uleb128 0x1
 760 0217 9C       		.byte	0x9c
 761 0218 11       		.uleb128 0x11
 762 0219 90010000 		.4byte	.LASF32
 763 021d 01       		.byte	0x1
 764 021e 8E01     		.2byte	0x18e
 765 0220 00000000 		.4byte	.LFB13
 766 0224 14000000 		.4byte	.LFE13-.LFB13
 767 0228 01       		.uleb128 0x1
 768 0229 9C       		.byte	0x9c
 769 022a 13       		.uleb128 0x13
 770 022b A9000000 		.4byte	0xa9
 771 022f 3A020000 		.4byte	0x23a
 772 0233 14       		.uleb128 0x14
 773 0234 BC000000 		.4byte	0xbc
 774 0238 2F       		.byte	0x2f
 775 0239 00       		.byte	0
 776 023a 15       		.uleb128 0x15
 777 023b 94000000 		.4byte	.LASF37
 778 023f 01       		.byte	0x1
 779 0240 21       		.byte	0x21
 780 0241 2A020000 		.4byte	0x22a
 781 0245 00       		.byte	0
 782              		.section	.debug_abbrev,"",%progbits
 783              	.Ldebug_abbrev0:
 784 0000 01       		.uleb128 0x1
 785 0001 11       		.uleb128 0x11
 786 0002 01       		.byte	0x1
 787 0003 25       		.uleb128 0x25
 788 0004 0E       		.uleb128 0xe
 789 0005 13       		.uleb128 0x13
 790 0006 0B       		.uleb128 0xb
 791 0007 03       		.uleb128 0x3
 792 0008 0E       		.uleb128 0xe
 793 0009 1B       		.uleb128 0x1b
 794 000a 0E       		.uleb128 0xe
 795 000b 55       		.uleb128 0x55
ARM GAS  C:\Users\ilya\AppData\Local\Temp\ccge94kX.s 			page 22


 796 000c 17       		.uleb128 0x17
 797 000d 11       		.uleb128 0x11
 798 000e 01       		.uleb128 0x1
 799 000f 10       		.uleb128 0x10
 800 0010 17       		.uleb128 0x17
 801 0011 00       		.byte	0
 802 0012 00       		.byte	0
 803 0013 02       		.uleb128 0x2
 804 0014 24       		.uleb128 0x24
 805 0015 00       		.byte	0
 806 0016 0B       		.uleb128 0xb
 807 0017 0B       		.uleb128 0xb
 808 0018 3E       		.uleb128 0x3e
 809 0019 0B       		.uleb128 0xb
 810 001a 03       		.uleb128 0x3
 811 001b 0E       		.uleb128 0xe
 812 001c 00       		.byte	0
 813 001d 00       		.byte	0
 814 001e 03       		.uleb128 0x3
 815 001f 24       		.uleb128 0x24
 816 0020 00       		.byte	0
 817 0021 0B       		.uleb128 0xb
 818 0022 0B       		.uleb128 0xb
 819 0023 3E       		.uleb128 0x3e
 820 0024 0B       		.uleb128 0xb
 821 0025 03       		.uleb128 0x3
 822 0026 08       		.uleb128 0x8
 823 0027 00       		.byte	0
 824 0028 00       		.byte	0
 825 0029 04       		.uleb128 0x4
 826 002a 16       		.uleb128 0x16
 827 002b 00       		.byte	0
 828 002c 03       		.uleb128 0x3
 829 002d 0E       		.uleb128 0xe
 830 002e 3A       		.uleb128 0x3a
 831 002f 0B       		.uleb128 0xb
 832 0030 3B       		.uleb128 0x3b
 833 0031 05       		.uleb128 0x5
 834 0032 49       		.uleb128 0x49
 835 0033 13       		.uleb128 0x13
 836 0034 00       		.byte	0
 837 0035 00       		.byte	0
 838 0036 05       		.uleb128 0x5
 839 0037 35       		.uleb128 0x35
 840 0038 00       		.byte	0
 841 0039 49       		.uleb128 0x49
 842 003a 13       		.uleb128 0x13
 843 003b 00       		.byte	0
 844 003c 00       		.byte	0
 845 003d 06       		.uleb128 0x6
 846 003e 0F       		.uleb128 0xf
 847 003f 00       		.byte	0
 848 0040 0B       		.uleb128 0xb
 849 0041 0B       		.uleb128 0xb
 850 0042 49       		.uleb128 0x49
 851 0043 13       		.uleb128 0x13
 852 0044 00       		.byte	0
ARM GAS  C:\Users\ilya\AppData\Local\Temp\ccge94kX.s 			page 23


 853 0045 00       		.byte	0
 854 0046 07       		.uleb128 0x7
 855 0047 15       		.uleb128 0x15
 856 0048 00       		.byte	0
 857 0049 27       		.uleb128 0x27
 858 004a 19       		.uleb128 0x19
 859 004b 00       		.byte	0
 860 004c 00       		.byte	0
 861 004d 08       		.uleb128 0x8
 862 004e 2E       		.uleb128 0x2e
 863 004f 00       		.byte	0
 864 0050 3F       		.uleb128 0x3f
 865 0051 19       		.uleb128 0x19
 866 0052 03       		.uleb128 0x3
 867 0053 0E       		.uleb128 0xe
 868 0054 3A       		.uleb128 0x3a
 869 0055 0B       		.uleb128 0xb
 870 0056 3B       		.uleb128 0x3b
 871 0057 0B       		.uleb128 0xb
 872 0058 27       		.uleb128 0x27
 873 0059 19       		.uleb128 0x19
 874 005a 11       		.uleb128 0x11
 875 005b 01       		.uleb128 0x1
 876 005c 12       		.uleb128 0x12
 877 005d 06       		.uleb128 0x6
 878 005e 40       		.uleb128 0x40
 879 005f 18       		.uleb128 0x18
 880 0060 9642     		.uleb128 0x2116
 881 0062 19       		.uleb128 0x19
 882 0063 00       		.byte	0
 883 0064 00       		.byte	0
 884 0065 09       		.uleb128 0x9
 885 0066 2E       		.uleb128 0x2e
 886 0067 01       		.byte	0x1
 887 0068 3F       		.uleb128 0x3f
 888 0069 19       		.uleb128 0x19
 889 006a 03       		.uleb128 0x3
 890 006b 0E       		.uleb128 0xe
 891 006c 3A       		.uleb128 0x3a
 892 006d 0B       		.uleb128 0xb
 893 006e 3B       		.uleb128 0x3b
 894 006f 0B       		.uleb128 0xb
 895 0070 27       		.uleb128 0x27
 896 0071 19       		.uleb128 0x19
 897 0072 11       		.uleb128 0x11
 898 0073 01       		.uleb128 0x1
 899 0074 12       		.uleb128 0x12
 900 0075 06       		.uleb128 0x6
 901 0076 40       		.uleb128 0x40
 902 0077 18       		.uleb128 0x18
 903 0078 9642     		.uleb128 0x2116
 904 007a 19       		.uleb128 0x19
 905 007b 01       		.uleb128 0x1
 906 007c 13       		.uleb128 0x13
 907 007d 00       		.byte	0
 908 007e 00       		.byte	0
 909 007f 0A       		.uleb128 0xa
ARM GAS  C:\Users\ilya\AppData\Local\Temp\ccge94kX.s 			page 24


 910 0080 05       		.uleb128 0x5
 911 0081 00       		.byte	0
 912 0082 03       		.uleb128 0x3
 913 0083 0E       		.uleb128 0xe
 914 0084 3A       		.uleb128 0x3a
 915 0085 0B       		.uleb128 0xb
 916 0086 3B       		.uleb128 0x3b
 917 0087 0B       		.uleb128 0xb
 918 0088 49       		.uleb128 0x49
 919 0089 13       		.uleb128 0x13
 920 008a 02       		.uleb128 0x2
 921 008b 18       		.uleb128 0x18
 922 008c 00       		.byte	0
 923 008d 00       		.byte	0
 924 008e 0B       		.uleb128 0xb
 925 008f 2E       		.uleb128 0x2e
 926 0090 00       		.byte	0
 927 0091 3F       		.uleb128 0x3f
 928 0092 19       		.uleb128 0x19
 929 0093 03       		.uleb128 0x3
 930 0094 0E       		.uleb128 0xe
 931 0095 3A       		.uleb128 0x3a
 932 0096 0B       		.uleb128 0xb
 933 0097 3B       		.uleb128 0x3b
 934 0098 0B       		.uleb128 0xb
 935 0099 27       		.uleb128 0x27
 936 009a 19       		.uleb128 0x19
 937 009b 11       		.uleb128 0x11
 938 009c 01       		.uleb128 0x1
 939 009d 12       		.uleb128 0x12
 940 009e 06       		.uleb128 0x6
 941 009f 40       		.uleb128 0x40
 942 00a0 18       		.uleb128 0x18
 943 00a1 9742     		.uleb128 0x2117
 944 00a3 19       		.uleb128 0x19
 945 00a4 00       		.byte	0
 946 00a5 00       		.byte	0
 947 00a6 0C       		.uleb128 0xc
 948 00a7 2E       		.uleb128 0x2e
 949 00a8 01       		.byte	0x1
 950 00a9 3F       		.uleb128 0x3f
 951 00aa 19       		.uleb128 0x19
 952 00ab 03       		.uleb128 0x3
 953 00ac 0E       		.uleb128 0xe
 954 00ad 3A       		.uleb128 0x3a
 955 00ae 0B       		.uleb128 0xb
 956 00af 3B       		.uleb128 0x3b
 957 00b0 0B       		.uleb128 0xb
 958 00b1 27       		.uleb128 0x27
 959 00b2 19       		.uleb128 0x19
 960 00b3 11       		.uleb128 0x11
 961 00b4 01       		.uleb128 0x1
 962 00b5 12       		.uleb128 0x12
 963 00b6 06       		.uleb128 0x6
 964 00b7 40       		.uleb128 0x40
 965 00b8 18       		.uleb128 0x18
 966 00b9 9742     		.uleb128 0x2117
ARM GAS  C:\Users\ilya\AppData\Local\Temp\ccge94kX.s 			page 25


 967 00bb 19       		.uleb128 0x19
 968 00bc 01       		.uleb128 0x1
 969 00bd 13       		.uleb128 0x13
 970 00be 00       		.byte	0
 971 00bf 00       		.byte	0
 972 00c0 0D       		.uleb128 0xd
 973 00c1 2E       		.uleb128 0x2e
 974 00c2 00       		.byte	0
 975 00c3 3F       		.uleb128 0x3f
 976 00c4 19       		.uleb128 0x19
 977 00c5 03       		.uleb128 0x3
 978 00c6 0E       		.uleb128 0xe
 979 00c7 3A       		.uleb128 0x3a
 980 00c8 0B       		.uleb128 0xb
 981 00c9 3B       		.uleb128 0x3b
 982 00ca 0B       		.uleb128 0xb
 983 00cb 27       		.uleb128 0x27
 984 00cc 19       		.uleb128 0x19
 985 00cd 49       		.uleb128 0x49
 986 00ce 13       		.uleb128 0x13
 987 00cf 11       		.uleb128 0x11
 988 00d0 01       		.uleb128 0x1
 989 00d1 12       		.uleb128 0x12
 990 00d2 06       		.uleb128 0x6
 991 00d3 40       		.uleb128 0x40
 992 00d4 18       		.uleb128 0x18
 993 00d5 9742     		.uleb128 0x2117
 994 00d7 19       		.uleb128 0x19
 995 00d8 00       		.byte	0
 996 00d9 00       		.byte	0
 997 00da 0E       		.uleb128 0xe
 998 00db 34       		.uleb128 0x34
 999 00dc 00       		.byte	0
 1000 00dd 03       		.uleb128 0x3
 1001 00de 0E       		.uleb128 0xe
 1002 00df 3A       		.uleb128 0x3a
 1003 00e0 0B       		.uleb128 0xb
 1004 00e1 3B       		.uleb128 0x3b
 1005 00e2 0B       		.uleb128 0xb
 1006 00e3 49       		.uleb128 0x49
 1007 00e4 13       		.uleb128 0x13
 1008 00e5 02       		.uleb128 0x2
 1009 00e6 18       		.uleb128 0x18
 1010 00e7 00       		.byte	0
 1011 00e8 00       		.byte	0
 1012 00e9 0F       		.uleb128 0xf
 1013 00ea 2E       		.uleb128 0x2e
 1014 00eb 01       		.byte	0x1
 1015 00ec 3F       		.uleb128 0x3f
 1016 00ed 19       		.uleb128 0x19
 1017 00ee 03       		.uleb128 0x3
 1018 00ef 0E       		.uleb128 0xe
 1019 00f0 3A       		.uleb128 0x3a
 1020 00f1 0B       		.uleb128 0xb
 1021 00f2 3B       		.uleb128 0x3b
 1022 00f3 05       		.uleb128 0x5
 1023 00f4 27       		.uleb128 0x27
ARM GAS  C:\Users\ilya\AppData\Local\Temp\ccge94kX.s 			page 26


 1024 00f5 19       		.uleb128 0x19
 1025 00f6 49       		.uleb128 0x49
 1026 00f7 13       		.uleb128 0x13
 1027 00f8 11       		.uleb128 0x11
 1028 00f9 01       		.uleb128 0x1
 1029 00fa 12       		.uleb128 0x12
 1030 00fb 06       		.uleb128 0x6
 1031 00fc 40       		.uleb128 0x40
 1032 00fd 18       		.uleb128 0x18
 1033 00fe 9742     		.uleb128 0x2117
 1034 0100 19       		.uleb128 0x19
 1035 0101 01       		.uleb128 0x1
 1036 0102 13       		.uleb128 0x13
 1037 0103 00       		.byte	0
 1038 0104 00       		.byte	0
 1039 0105 10       		.uleb128 0x10
 1040 0106 34       		.uleb128 0x34
 1041 0107 00       		.byte	0
 1042 0108 03       		.uleb128 0x3
 1043 0109 0E       		.uleb128 0xe
 1044 010a 3A       		.uleb128 0x3a
 1045 010b 0B       		.uleb128 0xb
 1046 010c 3B       		.uleb128 0x3b
 1047 010d 05       		.uleb128 0x5
 1048 010e 49       		.uleb128 0x49
 1049 010f 13       		.uleb128 0x13
 1050 0110 02       		.uleb128 0x2
 1051 0111 18       		.uleb128 0x18
 1052 0112 00       		.byte	0
 1053 0113 00       		.byte	0
 1054 0114 11       		.uleb128 0x11
 1055 0115 2E       		.uleb128 0x2e
 1056 0116 00       		.byte	0
 1057 0117 3F       		.uleb128 0x3f
 1058 0118 19       		.uleb128 0x19
 1059 0119 03       		.uleb128 0x3
 1060 011a 0E       		.uleb128 0xe
 1061 011b 3A       		.uleb128 0x3a
 1062 011c 0B       		.uleb128 0xb
 1063 011d 3B       		.uleb128 0x3b
 1064 011e 05       		.uleb128 0x5
 1065 011f 27       		.uleb128 0x27
 1066 0120 19       		.uleb128 0x19
 1067 0121 11       		.uleb128 0x11
 1068 0122 01       		.uleb128 0x1
 1069 0123 12       		.uleb128 0x12
 1070 0124 06       		.uleb128 0x6
 1071 0125 40       		.uleb128 0x40
 1072 0126 18       		.uleb128 0x18
 1073 0127 9742     		.uleb128 0x2117
 1074 0129 19       		.uleb128 0x19
 1075 012a 00       		.byte	0
 1076 012b 00       		.byte	0
 1077 012c 12       		.uleb128 0x12
 1078 012d 2E       		.uleb128 0x2e
 1079 012e 00       		.byte	0
 1080 012f 3F       		.uleb128 0x3f
ARM GAS  C:\Users\ilya\AppData\Local\Temp\ccge94kX.s 			page 27


 1081 0130 19       		.uleb128 0x19
 1082 0131 03       		.uleb128 0x3
 1083 0132 0E       		.uleb128 0xe
 1084 0133 3A       		.uleb128 0x3a
 1085 0134 0B       		.uleb128 0xb
 1086 0135 3B       		.uleb128 0x3b
 1087 0136 05       		.uleb128 0x5
 1088 0137 27       		.uleb128 0x27
 1089 0138 19       		.uleb128 0x19
 1090 0139 49       		.uleb128 0x49
 1091 013a 13       		.uleb128 0x13
 1092 013b 11       		.uleb128 0x11
 1093 013c 01       		.uleb128 0x1
 1094 013d 12       		.uleb128 0x12
 1095 013e 06       		.uleb128 0x6
 1096 013f 40       		.uleb128 0x40
 1097 0140 18       		.uleb128 0x18
 1098 0141 9742     		.uleb128 0x2117
 1099 0143 19       		.uleb128 0x19
 1100 0144 00       		.byte	0
 1101 0145 00       		.byte	0
 1102 0146 13       		.uleb128 0x13
 1103 0147 01       		.uleb128 0x1
 1104 0148 01       		.byte	0x1
 1105 0149 49       		.uleb128 0x49
 1106 014a 13       		.uleb128 0x13
 1107 014b 01       		.uleb128 0x1
 1108 014c 13       		.uleb128 0x13
 1109 014d 00       		.byte	0
 1110 014e 00       		.byte	0
 1111 014f 14       		.uleb128 0x14
 1112 0150 21       		.uleb128 0x21
 1113 0151 00       		.byte	0
 1114 0152 49       		.uleb128 0x49
 1115 0153 13       		.uleb128 0x13
 1116 0154 2F       		.uleb128 0x2f
 1117 0155 0B       		.uleb128 0xb
 1118 0156 00       		.byte	0
 1119 0157 00       		.byte	0
 1120 0158 15       		.uleb128 0x15
 1121 0159 34       		.uleb128 0x34
 1122 015a 00       		.byte	0
 1123 015b 03       		.uleb128 0x3
 1124 015c 0E       		.uleb128 0xe
 1125 015d 3A       		.uleb128 0x3a
 1126 015e 0B       		.uleb128 0xb
 1127 015f 3B       		.uleb128 0x3b
 1128 0160 0B       		.uleb128 0xb
 1129 0161 49       		.uleb128 0x49
 1130 0162 13       		.uleb128 0x13
 1131 0163 3F       		.uleb128 0x3f
 1132 0164 19       		.uleb128 0x19
 1133 0165 3C       		.uleb128 0x3c
 1134 0166 19       		.uleb128 0x19
 1135 0167 00       		.byte	0
 1136 0168 00       		.byte	0
 1137 0169 00       		.byte	0
ARM GAS  C:\Users\ilya\AppData\Local\Temp\ccge94kX.s 			page 28


 1138              		.section	.debug_aranges,"",%progbits
 1139 0000 7C000000 		.4byte	0x7c
 1140 0004 0200     		.2byte	0x2
 1141 0006 00000000 		.4byte	.Ldebug_info0
 1142 000a 04       		.byte	0x4
 1143 000b 00       		.byte	0
 1144 000c 0000     		.2byte	0
 1145 000e 0000     		.2byte	0
 1146 0010 00000000 		.4byte	.LFB1
 1147 0014 24000000 		.4byte	.LFE1-.LFB1
 1148 0018 00000000 		.4byte	.LFB2
 1149 001c 24000000 		.4byte	.LFE2-.LFB2
 1150 0020 00000000 		.4byte	.LFB3
 1151 0024 18000000 		.4byte	.LFE3-.LFB3
 1152 0028 00000000 		.4byte	.LFB4
 1153 002c 08000000 		.4byte	.LFE4-.LFB4
 1154 0030 00000000 		.4byte	.LFB5
 1155 0034 1C000000 		.4byte	.LFE5-.LFB5
 1156 0038 00000000 		.4byte	.LFB6
 1157 003c 14000000 		.4byte	.LFE6-.LFB6
 1158 0040 00000000 		.4byte	.LFB7
 1159 0044 4C000000 		.4byte	.LFE7-.LFB7
 1160 0048 00000000 		.4byte	.LFB8
 1161 004c 2C000000 		.4byte	.LFE8-.LFB8
 1162 0050 00000000 		.4byte	.LFB9
 1163 0054 14000000 		.4byte	.LFE9-.LFB9
 1164 0058 00000000 		.4byte	.LFB10
 1165 005c 20000000 		.4byte	.LFE10-.LFB10
 1166 0060 00000000 		.4byte	.LFB11
 1167 0064 14000000 		.4byte	.LFE11-.LFB11
 1168 0068 00000000 		.4byte	.LFB12
 1169 006c 14000000 		.4byte	.LFE12-.LFB12
 1170 0070 00000000 		.4byte	.LFB13
 1171 0074 14000000 		.4byte	.LFE13-.LFB13
 1172 0078 00000000 		.4byte	0
 1173 007c 00000000 		.4byte	0
 1174              		.section	.debug_ranges,"",%progbits
 1175              	.Ldebug_ranges0:
 1176 0000 00000000 		.4byte	.LFB1
 1177 0004 24000000 		.4byte	.LFE1
 1178 0008 00000000 		.4byte	.LFB2
 1179 000c 24000000 		.4byte	.LFE2
 1180 0010 00000000 		.4byte	.LFB3
 1181 0014 18000000 		.4byte	.LFE3
 1182 0018 00000000 		.4byte	.LFB4
 1183 001c 08000000 		.4byte	.LFE4
 1184 0020 00000000 		.4byte	.LFB5
 1185 0024 1C000000 		.4byte	.LFE5
 1186 0028 00000000 		.4byte	.LFB6
 1187 002c 14000000 		.4byte	.LFE6
 1188 0030 00000000 		.4byte	.LFB7
 1189 0034 4C000000 		.4byte	.LFE7
 1190 0038 00000000 		.4byte	.LFB8
 1191 003c 2C000000 		.4byte	.LFE8
 1192 0040 00000000 		.4byte	.LFB9
 1193 0044 14000000 		.4byte	.LFE9
 1194 0048 00000000 		.4byte	.LFB10
ARM GAS  C:\Users\ilya\AppData\Local\Temp\ccge94kX.s 			page 29


 1195 004c 20000000 		.4byte	.LFE10
 1196 0050 00000000 		.4byte	.LFB11
 1197 0054 14000000 		.4byte	.LFE11
 1198 0058 00000000 		.4byte	.LFB12
 1199 005c 14000000 		.4byte	.LFE12
 1200 0060 00000000 		.4byte	.LFB13
 1201 0064 14000000 		.4byte	.LFE13
 1202 0068 00000000 		.4byte	0
 1203 006c 00000000 		.4byte	0
 1204              		.section	.debug_line,"",%progbits
 1205              	.Ldebug_line0:
 1206 0000 52010000 		.section	.debug_str,"MS",%progbits,1
 1206      02004400 
 1206      00000201 
 1206      FB0E0D00 
 1206      01010101 
 1207              	.LASF14:
 1208 0000 72656733 		.ascii	"reg32\000"
 1208      3200
 1209              	.LASF33:
 1210 0006 474E5520 		.ascii	"GNU C 4.9.3 20150303 (release) [ARM/embedded-4_9-br"
 1210      4320342E 
 1210      392E3320 
 1210      32303135 
 1210      30333033 
 1211 0039 616E6368 		.ascii	"anch revision 221220] -mcpu=cortex-m0 -mthumb -g -O"
 1211      20726576 
 1211      6973696F 
 1211      6E203232 
 1211      31323230 
 1212 006c 30202D66 		.ascii	"0 -ffunction-sections -ffat-lto-objects\000"
 1212      66756E63 
 1212      74696F6E 
 1212      2D736563 
 1212      74696F6E 
 1213              	.LASF37:
 1214 0094 43795261 		.ascii	"CyRamVectors\000"
 1214      6D566563 
 1214      746F7273 
 1214      00
 1215              	.LASF18:
 1216 00a1 4144435F 		.ascii	"ADC_IRQ_Stop\000"
 1216      4952515F 
 1216      53746F70 
 1216      00
 1217              	.LASF21:
 1218 00ae 4144435F 		.ascii	"ADC_IRQ_SetVector\000"
 1218      4952515F 
 1218      53657456 
 1218      6563746F 
 1218      7200
 1219              	.LASF3:
 1220 00c0 73686F72 		.ascii	"short unsigned int\000"
 1220      7420756E 
 1220      7369676E 
 1220      65642069 
 1220      6E7400
ARM GAS  C:\Users\ilya\AppData\Local\Temp\ccge94kX.s 			page 30


 1221              	.LASF29:
 1222 00d3 4144435F 		.ascii	"ADC_IRQ_GetState\000"
 1222      4952515F 
 1222      47657453 
 1222      74617465 
 1222      00
 1223              	.LASF35:
 1224 00e4 433A5C70 		.ascii	"C:\\psoc\\chamonix\\camera\\Workspace01\\camera.cyd"
 1224      736F635C 
 1224      6368616D 
 1224      6F6E6978 
 1224      5C63616D 
 1225 0112 736E00   		.ascii	"sn\000"
 1226              	.LASF28:
 1227 0115 4144435F 		.ascii	"ADC_IRQ_GetVector\000"
 1227      4952515F 
 1227      47657456 
 1227      6563746F 
 1227      7200
 1228              	.LASF19:
 1229 0127 4144435F 		.ascii	"ADC_IRQ_Interrupt\000"
 1229      4952515F 
 1229      496E7465 
 1229      72727570 
 1229      7400
 1230              	.LASF11:
 1231 0139 666C6F61 		.ascii	"float\000"
 1231      7400
 1232              	.LASF1:
 1233 013f 756E7369 		.ascii	"unsigned char\000"
 1233      676E6564 
 1233      20636861 
 1233      7200
 1234              	.LASF25:
 1235 014d 696E7465 		.ascii	"interruptState\000"
 1235      72727570 
 1235      74537461 
 1235      746500
 1236              	.LASF5:
 1237 015c 6C6F6E67 		.ascii	"long unsigned int\000"
 1237      20756E73 
 1237      69676E65 
 1237      6420696E 
 1237      7400
 1238              	.LASF9:
 1239 016e 75696E74 		.ascii	"uint8\000"
 1239      3800
 1240              	.LASF24:
 1241 0174 7072696F 		.ascii	"priority\000"
 1241      72697479 
 1241      00
 1242              	.LASF31:
 1243 017d 4144435F 		.ascii	"ADC_IRQ_SetPending\000"
 1243      4952515F 
 1243      53657450 
 1243      656E6469 
 1243      6E6700
ARM GAS  C:\Users\ilya\AppData\Local\Temp\ccge94kX.s 			page 31


 1244              	.LASF32:
 1245 0190 4144435F 		.ascii	"ADC_IRQ_ClearPending\000"
 1245      4952515F 
 1245      436C6561 
 1245      7250656E 
 1245      64696E67 
 1246              	.LASF12:
 1247 01a5 646F7562 		.ascii	"double\000"
 1247      6C6500
 1248              	.LASF17:
 1249 01ac 4144435F 		.ascii	"ADC_IRQ_Start\000"
 1249      4952515F 
 1249      53746172 
 1249      7400
 1250              	.LASF34:
 1251 01ba 47656E65 		.ascii	"Generated_Source\\PSoC4\\ADC_IRQ.c\000"
 1251      72617465 
 1251      645F536F 
 1251      75726365 
 1251      5C50536F 
 1252              	.LASF36:
 1253 01db 4144435F 		.ascii	"ADC_IRQ_GetPriority\000"
 1253      4952515F 
 1253      47657450 
 1253      72696F72 
 1253      69747900 
 1254              	.LASF10:
 1255 01ef 75696E74 		.ascii	"uint32\000"
 1255      333200
 1256              	.LASF8:
 1257 01f6 756E7369 		.ascii	"unsigned int\000"
 1257      676E6564 
 1257      20696E74 
 1257      00
 1258              	.LASF22:
 1259 0203 61646472 		.ascii	"address\000"
 1259      65737300 
 1260              	.LASF7:
 1261 020b 6C6F6E67 		.ascii	"long long unsigned int\000"
 1261      206C6F6E 
 1261      6720756E 
 1261      7369676E 
 1261      65642069 
 1262              	.LASF15:
 1263 0222 63796973 		.ascii	"cyisraddress\000"
 1263      72616464 
 1263      72657373 
 1263      00
 1264              	.LASF20:
 1265 022f 4144435F 		.ascii	"ADC_IRQ_StartEx\000"
 1265      4952515F 
 1265      53746172 
 1265      74457800 
 1266              	.LASF16:
 1267 023f 73697A65 		.ascii	"sizetype\000"
 1267      74797065 
 1267      00
ARM GAS  C:\Users\ilya\AppData\Local\Temp\ccge94kX.s 			page 32


 1268              	.LASF6:
 1269 0248 6C6F6E67 		.ascii	"long long int\000"
 1269      206C6F6E 
 1269      6720696E 
 1269      7400
 1270              	.LASF13:
 1271 0256 63686172 		.ascii	"char\000"
 1271      00
 1272              	.LASF2:
 1273 025b 73686F72 		.ascii	"short int\000"
 1273      7420696E 
 1273      7400
 1274              	.LASF30:
 1275 0265 4144435F 		.ascii	"ADC_IRQ_Disable\000"
 1275      4952515F 
 1275      44697361 
 1275      626C6500 
 1276              	.LASF26:
 1277 0275 7072696F 		.ascii	"priorityOffset\000"
 1277      72697479 
 1277      4F666673 
 1277      657400
 1278              	.LASF4:
 1279 0284 6C6F6E67 		.ascii	"long int\000"
 1279      20696E74 
 1279      00
 1280              	.LASF0:
 1281 028d 7369676E 		.ascii	"signed char\000"
 1281      65642063 
 1281      68617200 
 1282              	.LASF23:
 1283 0299 4144435F 		.ascii	"ADC_IRQ_SetPriority\000"
 1283      4952515F 
 1283      53657450 
 1283      72696F72 
 1283      69747900 
 1284              	.LASF27:
 1285 02ad 4144435F 		.ascii	"ADC_IRQ_Enable\000"
 1285      4952515F 
 1285      456E6162 
 1285      6C6500
 1286              		.ident	"GCC: (GNU Tools for ARM Embedded Processors) 4.9.3 20150303 (release) [ARM/embedded-4_9-br
