ARM GAS  C:\Users\ilya\AppData\Local\Temp\ccUI0DQQ.s 			page 1


   1              		.cpu cortex-m0
   2              		.fpu softvfp
   3              		.eabi_attribute 20, 1
   4              		.eabi_attribute 21, 1
   5              		.eabi_attribute 23, 3
   6              		.eabi_attribute 24, 1
   7              		.eabi_attribute 25, 1
   8              		.eabi_attribute 26, 1
   9              		.eabi_attribute 30, 6
  10              		.eabi_attribute 34, 0
  11              		.eabi_attribute 18, 4
  12              		.code	16
  13              		.file	"IDAC_1.c"
  14              		.text
  15              	.Ltext0:
  16              		.cfi_sections	.debug_frame
  17              		.global	IDAC_1_initVar
  18              		.bss
  19              		.align	2
  20              		.type	IDAC_1_initVar, %object
  21              		.size	IDAC_1_initVar, 4
  22              	IDAC_1_initVar:
  23 0000 00000000 		.space	4
  24              		.section	.text.IDAC_1_Init,"ax",%progbits
  25              		.align	2
  26              		.global	IDAC_1_Init
  27              		.code	16
  28              		.thumb_func
  29              		.type	IDAC_1_Init, %function
  30              	IDAC_1_Init:
  31              	.LFB1:
  32              		.file 1 "Generated_Source\\PSoC4\\IDAC_1.c"
   1:Generated_Source\PSoC4/IDAC_1.c **** /*******************************************************************************
   2:Generated_Source\PSoC4/IDAC_1.c **** * File Name: IDAC_1.c
   3:Generated_Source\PSoC4/IDAC_1.c **** * Version 1.10
   4:Generated_Source\PSoC4/IDAC_1.c **** *
   5:Generated_Source\PSoC4/IDAC_1.c **** * Description:
   6:Generated_Source\PSoC4/IDAC_1.c **** *  This file provides the source code of APIs for the IDAC_P4 component.
   7:Generated_Source\PSoC4/IDAC_1.c **** *
   8:Generated_Source\PSoC4/IDAC_1.c **** *******************************************************************************
   9:Generated_Source\PSoC4/IDAC_1.c **** * Copyright 2013-2015, Cypress Semiconductor Corporation.  All rights reserved.
  10:Generated_Source\PSoC4/IDAC_1.c **** * You may use this file only in accordance with the license, terms, conditions,
  11:Generated_Source\PSoC4/IDAC_1.c **** * disclaimers, and limitations in the end user license agreement accompanying
  12:Generated_Source\PSoC4/IDAC_1.c **** * the software package with which this file was provided.
  13:Generated_Source\PSoC4/IDAC_1.c **** *******************************************************************************/
  14:Generated_Source\PSoC4/IDAC_1.c **** 
  15:Generated_Source\PSoC4/IDAC_1.c **** #include "IDAC_1.h"
  16:Generated_Source\PSoC4/IDAC_1.c **** 
  17:Generated_Source\PSoC4/IDAC_1.c **** uint32 IDAC_1_initVar = 0u;
  18:Generated_Source\PSoC4/IDAC_1.c **** 
  19:Generated_Source\PSoC4/IDAC_1.c **** 
  20:Generated_Source\PSoC4/IDAC_1.c **** /*******************************************************************************
  21:Generated_Source\PSoC4/IDAC_1.c **** * Function Name: IDAC_1_Init
  22:Generated_Source\PSoC4/IDAC_1.c **** ********************************************************************************
  23:Generated_Source\PSoC4/IDAC_1.c **** *
  24:Generated_Source\PSoC4/IDAC_1.c **** * Summary:
  25:Generated_Source\PSoC4/IDAC_1.c **** *  Initializes IDAC registers with initial values provided from customizer.
ARM GAS  C:\Users\ilya\AppData\Local\Temp\ccUI0DQQ.s 			page 2


  26:Generated_Source\PSoC4/IDAC_1.c **** *
  27:Generated_Source\PSoC4/IDAC_1.c **** * Parameters:
  28:Generated_Source\PSoC4/IDAC_1.c **** *  None
  29:Generated_Source\PSoC4/IDAC_1.c **** *
  30:Generated_Source\PSoC4/IDAC_1.c **** * Return:
  31:Generated_Source\PSoC4/IDAC_1.c **** *  None
  32:Generated_Source\PSoC4/IDAC_1.c **** *
  33:Generated_Source\PSoC4/IDAC_1.c **** * Global variables:
  34:Generated_Source\PSoC4/IDAC_1.c **** *  None
  35:Generated_Source\PSoC4/IDAC_1.c **** *
  36:Generated_Source\PSoC4/IDAC_1.c **** *******************************************************************************/
  37:Generated_Source\PSoC4/IDAC_1.c **** void IDAC_1_Init(void)
  38:Generated_Source\PSoC4/IDAC_1.c **** {
  33              		.loc 1 38 0
  34              		.cfi_startproc
  35 0000 90B5     		push	{r4, r7, lr}
  36              		.cfi_def_cfa_offset 12
  37              		.cfi_offset 4, -12
  38              		.cfi_offset 7, -8
  39              		.cfi_offset 14, -4
  40 0002 83B0     		sub	sp, sp, #12
  41              		.cfi_def_cfa_offset 24
  42 0004 00AF     		add	r7, sp, #0
  43              		.cfi_def_cfa_register 7
  39:Generated_Source\PSoC4/IDAC_1.c ****     uint32 regVal;
  40:Generated_Source\PSoC4/IDAC_1.c ****     uint8 enableInterrupts;
  41:Generated_Source\PSoC4/IDAC_1.c **** 
  42:Generated_Source\PSoC4/IDAC_1.c ****     /* Set initial configuration */
  43:Generated_Source\PSoC4/IDAC_1.c ****     enableInterrupts = CyEnterCriticalSection();
  44              		.loc 1 43 0
  45 0006 FC1D     		add	r4, r7, #7
  46 0008 FFF7FEFF 		bl	CyEnterCriticalSection
  47 000c 031C     		mov	r3, r0
  48 000e 2370     		strb	r3, [r4]
  44:Generated_Source\PSoC4/IDAC_1.c ****     
  45:Generated_Source\PSoC4/IDAC_1.c ****     #if(IDAC_1_MODE_SOURCE == IDAC_1_IDAC_POLARITY)
  46:Generated_Source\PSoC4/IDAC_1.c ****         regVal  = IDAC_1_CSD_TRIM1_REG & ~(IDAC_1_CSD_IDAC_TRIM1_MASK);
  49              		.loc 1 46 0
  50 0010 164B     		ldr	r3, .L2
  51 0012 1B68     		ldr	r3, [r3]
  52 0014 0F22     		mov	r2, #15
  53 0016 9343     		bic	r3, r2
  54 0018 3B60     		str	r3, [r7]
  47:Generated_Source\PSoC4/IDAC_1.c ****         regVal |=  (IDAC_1_SFLASH_TRIM1_REG & IDAC_1_CSD_IDAC_TRIM1_MASK);
  55              		.loc 1 47 0
  56 001a 154B     		ldr	r3, .L2+4
  57 001c 1B78     		ldrb	r3, [r3]
  58 001e DBB2     		uxtb	r3, r3
  59 0020 1A1C     		mov	r2, r3
  60 0022 0F23     		mov	r3, #15
  61 0024 1340     		and	r3, r2
  62 0026 3A68     		ldr	r2, [r7]
  63 0028 1343     		orr	r3, r2
  64 002a 3B60     		str	r3, [r7]
  48:Generated_Source\PSoC4/IDAC_1.c ****         IDAC_1_CSD_TRIM1_REG = regVal;
  65              		.loc 1 48 0
  66 002c 0F4B     		ldr	r3, .L2
ARM GAS  C:\Users\ilya\AppData\Local\Temp\ccUI0DQQ.s 			page 3


  67 002e 3A68     		ldr	r2, [r7]
  68 0030 1A60     		str	r2, [r3]
  49:Generated_Source\PSoC4/IDAC_1.c ****     #else
  50:Generated_Source\PSoC4/IDAC_1.c ****         regVal  = IDAC_1_CSD_TRIM2_REG & ~(IDAC_1_CSD_IDAC_TRIM2_MASK);
  51:Generated_Source\PSoC4/IDAC_1.c ****         regVal |=  (IDAC_1_SFLASH_TRIM2_REG & IDAC_1_CSD_IDAC_TRIM2_MASK);
  52:Generated_Source\PSoC4/IDAC_1.c ****         IDAC_1_CSD_TRIM2_REG = regVal;
  53:Generated_Source\PSoC4/IDAC_1.c ****     #endif /* (IDAC_1_MODE_SOURCE == IDAC_1_IDAC_POLARITY) */
  54:Generated_Source\PSoC4/IDAC_1.c **** 
  55:Generated_Source\PSoC4/IDAC_1.c ****     /* clear previous values */
  56:Generated_Source\PSoC4/IDAC_1.c ****     IDAC_1_IDAC_CONTROL_REG &= ((uint32)~((uint32)IDAC_1_IDAC_VALUE_MASK <<
  69              		.loc 1 56 0
  70 0032 104B     		ldr	r3, .L2+8
  71 0034 0F4A     		ldr	r2, .L2+8
  72 0036 1268     		ldr	r2, [r2]
  73 0038 1A60     		str	r2, [r3]
  57:Generated_Source\PSoC4/IDAC_1.c ****         IDAC_1_IDAC_VALUE_POSITION)) | ((uint32)~((uint32)IDAC_1_IDAC_MODE_MASK <<
  58:Generated_Source\PSoC4/IDAC_1.c ****         IDAC_1_IDAC_MODE_POSITION))  | ((uint32)~((uint32)IDAC_1_IDAC_RANGE_MASK  <<
  59:Generated_Source\PSoC4/IDAC_1.c ****         IDAC_1_IDAC_RANGE_POSITION));
  60:Generated_Source\PSoC4/IDAC_1.c **** 
  61:Generated_Source\PSoC4/IDAC_1.c ****     IDAC_1_IDAC_POLARITY_CONTROL_REG &= (~(uint32)((uint32)IDAC_1_IDAC_POLARITY_MASK <<
  74              		.loc 1 61 0
  75 003a 0F4B     		ldr	r3, .L2+12
  76 003c 0E4A     		ldr	r2, .L2+12
  77 003e 1268     		ldr	r2, [r2]
  78 0040 0E49     		ldr	r1, .L2+16
  79 0042 0A40     		and	r2, r1
  80 0044 1A60     		str	r2, [r3]
  62:Generated_Source\PSoC4/IDAC_1.c ****         IDAC_1_IDAC_POLARITY_POSITION));
  63:Generated_Source\PSoC4/IDAC_1.c **** 
  64:Generated_Source\PSoC4/IDAC_1.c ****     /* set new configuration */
  65:Generated_Source\PSoC4/IDAC_1.c ****     IDAC_1_IDAC_CONTROL_REG |= (((uint32)IDAC_1_IDAC_INIT_VALUE <<
  81              		.loc 1 65 0
  82 0046 0B4B     		ldr	r3, .L2+8
  83 0048 0A4A     		ldr	r2, .L2+8
  84 004a 1268     		ldr	r2, [r2]
  85 004c 8F21     		mov	r1, #143
  86 004e C900     		lsl	r1, r1, #3
  87 0050 0A43     		orr	r2, r1
  88 0052 1A60     		str	r2, [r3]
  66:Generated_Source\PSoC4/IDAC_1.c ****         IDAC_1_IDAC_VALUE_POSITION) | ((uint32)IDAC_1_IDAC_RANGE <<
  67:Generated_Source\PSoC4/IDAC_1.c ****         IDAC_1_IDAC_RANGE_POSITION));
  68:Generated_Source\PSoC4/IDAC_1.c **** 
  69:Generated_Source\PSoC4/IDAC_1.c ****     IDAC_1_IDAC_POLARITY_CONTROL_REG |= ((uint32)IDAC_1_IDAC_POLARITY <<
  89              		.loc 1 69 0
  90 0054 084B     		ldr	r3, .L2+12
  91 0056 084A     		ldr	r2, .L2+12
  92 0058 1268     		ldr	r2, [r2]
  93 005a 1A60     		str	r2, [r3]
  70:Generated_Source\PSoC4/IDAC_1.c ****                                                            IDAC_1_IDAC_POLARITY_POSITION);
  71:Generated_Source\PSoC4/IDAC_1.c **** 
  72:Generated_Source\PSoC4/IDAC_1.c ****     CyExitCriticalSection(enableInterrupts);
  94              		.loc 1 72 0
  95 005c FB1D     		add	r3, r7, #7
  96 005e 1B78     		ldrb	r3, [r3]
  97 0060 181C     		mov	r0, r3
  98 0062 FFF7FEFF 		bl	CyExitCriticalSection
  73:Generated_Source\PSoC4/IDAC_1.c **** 
ARM GAS  C:\Users\ilya\AppData\Local\Temp\ccUI0DQQ.s 			page 4


  74:Generated_Source\PSoC4/IDAC_1.c **** }
  99              		.loc 1 74 0
 100 0066 BD46     		mov	sp, r7
 101 0068 03B0     		add	sp, sp, #12
 102              		@ sp needed
 103 006a 90BD     		pop	{r4, r7, pc}
 104              	.L3:
 105              		.align	2
 106              	.L2:
 107 006c 00FF2940 		.word	1076494080
 108 0070 D4F0FF0F 		.word	268431572
 109 0074 08002940 		.word	1076428808
 110 0078 04002940 		.word	1076428804
 111 007c FFFFFEFF 		.word	-65537
 112              		.cfi_endproc
 113              	.LFE1:
 114              		.size	IDAC_1_Init, .-IDAC_1_Init
 115              		.section	.text.IDAC_1_Enable,"ax",%progbits
 116              		.align	2
 117              		.global	IDAC_1_Enable
 118              		.code	16
 119              		.thumb_func
 120              		.type	IDAC_1_Enable, %function
 121              	IDAC_1_Enable:
 122              	.LFB2:
  75:Generated_Source\PSoC4/IDAC_1.c **** 
  76:Generated_Source\PSoC4/IDAC_1.c **** 
  77:Generated_Source\PSoC4/IDAC_1.c **** /*******************************************************************************
  78:Generated_Source\PSoC4/IDAC_1.c **** * Function Name: IDAC_1_Enable
  79:Generated_Source\PSoC4/IDAC_1.c **** ********************************************************************************
  80:Generated_Source\PSoC4/IDAC_1.c **** *
  81:Generated_Source\PSoC4/IDAC_1.c **** * Summary:
  82:Generated_Source\PSoC4/IDAC_1.c **** *  Enables IDAC operations.
  83:Generated_Source\PSoC4/IDAC_1.c **** *
  84:Generated_Source\PSoC4/IDAC_1.c **** * Parameters:
  85:Generated_Source\PSoC4/IDAC_1.c **** *  None
  86:Generated_Source\PSoC4/IDAC_1.c **** *
  87:Generated_Source\PSoC4/IDAC_1.c **** * Return:
  88:Generated_Source\PSoC4/IDAC_1.c **** *  None
  89:Generated_Source\PSoC4/IDAC_1.c **** *
  90:Generated_Source\PSoC4/IDAC_1.c **** * Global variables:
  91:Generated_Source\PSoC4/IDAC_1.c **** *  None
  92:Generated_Source\PSoC4/IDAC_1.c **** *
  93:Generated_Source\PSoC4/IDAC_1.c **** *******************************************************************************/
  94:Generated_Source\PSoC4/IDAC_1.c **** void IDAC_1_Enable(void)
  95:Generated_Source\PSoC4/IDAC_1.c **** {
 123              		.loc 1 95 0
 124              		.cfi_startproc
 125 0000 90B5     		push	{r4, r7, lr}
 126              		.cfi_def_cfa_offset 12
 127              		.cfi_offset 4, -12
 128              		.cfi_offset 7, -8
 129              		.cfi_offset 14, -4
 130 0002 83B0     		sub	sp, sp, #12
 131              		.cfi_def_cfa_offset 24
 132 0004 00AF     		add	r7, sp, #0
 133              		.cfi_def_cfa_register 7
ARM GAS  C:\Users\ilya\AppData\Local\Temp\ccUI0DQQ.s 			page 5


  96:Generated_Source\PSoC4/IDAC_1.c ****     uint8 enableInterrupts;
  97:Generated_Source\PSoC4/IDAC_1.c **** 
  98:Generated_Source\PSoC4/IDAC_1.c ****     enableInterrupts = CyEnterCriticalSection();
 134              		.loc 1 98 0
 135 0006 FC1D     		add	r4, r7, #7
 136 0008 FFF7FEFF 		bl	CyEnterCriticalSection
 137 000c 031C     		mov	r3, r0
 138 000e 2370     		strb	r3, [r4]
  99:Generated_Source\PSoC4/IDAC_1.c **** 
 100:Generated_Source\PSoC4/IDAC_1.c ****     /* Enable the IDAC */
 101:Generated_Source\PSoC4/IDAC_1.c ****     IDAC_1_IDAC_CONTROL_REG |= ((uint32)IDAC_1_IDAC_EN_MODE <<
 139              		.loc 1 101 0
 140 0010 0A4B     		ldr	r3, .L5
 141 0012 0A4A     		ldr	r2, .L5
 142 0014 1268     		ldr	r2, [r2]
 143 0016 C021     		mov	r1, #192
 144 0018 8900     		lsl	r1, r1, #2
 145 001a 0A43     		orr	r2, r1
 146 001c 1A60     		str	r2, [r3]
 102:Generated_Source\PSoC4/IDAC_1.c ****                                                   IDAC_1_IDAC_MODE_POSITION);
 103:Generated_Source\PSoC4/IDAC_1.c ****     IDAC_1_IDAC_POLARITY_CONTROL_REG |= ((uint32)IDAC_1_IDAC_CSD_EN <<
 147              		.loc 1 103 0
 148 001e 084B     		ldr	r3, .L5+4
 149 0020 074A     		ldr	r2, .L5+4
 150 0022 1268     		ldr	r2, [r2]
 151 0024 8021     		mov	r1, #128
 152 0026 0906     		lsl	r1, r1, #24
 153 0028 0A43     		orr	r2, r1
 154 002a 1A60     		str	r2, [r3]
 104:Generated_Source\PSoC4/IDAC_1.c ****                                                            IDAC_1_IDAC_CSD_EN_POSITION);
 105:Generated_Source\PSoC4/IDAC_1.c ****     CyExitCriticalSection(enableInterrupts);
 155              		.loc 1 105 0
 156 002c FB1D     		add	r3, r7, #7
 157 002e 1B78     		ldrb	r3, [r3]
 158 0030 181C     		mov	r0, r3
 159 0032 FFF7FEFF 		bl	CyExitCriticalSection
 106:Generated_Source\PSoC4/IDAC_1.c **** 
 107:Generated_Source\PSoC4/IDAC_1.c **** }
 160              		.loc 1 107 0
 161 0036 BD46     		mov	sp, r7
 162 0038 03B0     		add	sp, sp, #12
 163              		@ sp needed
 164 003a 90BD     		pop	{r4, r7, pc}
 165              	.L6:
 166              		.align	2
 167              	.L5:
 168 003c 08002940 		.word	1076428808
 169 0040 04002940 		.word	1076428804
 170              		.cfi_endproc
 171              	.LFE2:
 172              		.size	IDAC_1_Enable, .-IDAC_1_Enable
 173              		.section	.text.IDAC_1_Start,"ax",%progbits
 174              		.align	2
 175              		.global	IDAC_1_Start
 176              		.code	16
 177              		.thumb_func
 178              		.type	IDAC_1_Start, %function
ARM GAS  C:\Users\ilya\AppData\Local\Temp\ccUI0DQQ.s 			page 6


 179              	IDAC_1_Start:
 180              	.LFB3:
 108:Generated_Source\PSoC4/IDAC_1.c **** 
 109:Generated_Source\PSoC4/IDAC_1.c **** 
 110:Generated_Source\PSoC4/IDAC_1.c **** /*******************************************************************************
 111:Generated_Source\PSoC4/IDAC_1.c **** * Function Name: IDAC_1_Start
 112:Generated_Source\PSoC4/IDAC_1.c **** ********************************************************************************
 113:Generated_Source\PSoC4/IDAC_1.c **** *
 114:Generated_Source\PSoC4/IDAC_1.c **** * Summary:
 115:Generated_Source\PSoC4/IDAC_1.c **** *  Starts the IDAC hardware.
 116:Generated_Source\PSoC4/IDAC_1.c **** *
 117:Generated_Source\PSoC4/IDAC_1.c **** * Parameters:
 118:Generated_Source\PSoC4/IDAC_1.c **** *  None
 119:Generated_Source\PSoC4/IDAC_1.c **** *
 120:Generated_Source\PSoC4/IDAC_1.c **** * Return:
 121:Generated_Source\PSoC4/IDAC_1.c **** *  None
 122:Generated_Source\PSoC4/IDAC_1.c **** *
 123:Generated_Source\PSoC4/IDAC_1.c **** * Global variables:
 124:Generated_Source\PSoC4/IDAC_1.c **** *  IDAC_1_initVar
 125:Generated_Source\PSoC4/IDAC_1.c **** *
 126:Generated_Source\PSoC4/IDAC_1.c **** *******************************************************************************/
 127:Generated_Source\PSoC4/IDAC_1.c **** void IDAC_1_Start(void)
 128:Generated_Source\PSoC4/IDAC_1.c **** {
 181              		.loc 1 128 0
 182              		.cfi_startproc
 183 0000 80B5     		push	{r7, lr}
 184              		.cfi_def_cfa_offset 8
 185              		.cfi_offset 7, -8
 186              		.cfi_offset 14, -4
 187 0002 00AF     		add	r7, sp, #0
 188              		.cfi_def_cfa_register 7
 129:Generated_Source\PSoC4/IDAC_1.c ****     if(0u == IDAC_1_initVar)
 189              		.loc 1 129 0
 190 0004 064B     		ldr	r3, .L9
 191 0006 1B68     		ldr	r3, [r3]
 192 0008 002B     		cmp	r3, #0
 193 000a 04D1     		bne	.L8
 130:Generated_Source\PSoC4/IDAC_1.c ****     {
 131:Generated_Source\PSoC4/IDAC_1.c ****         IDAC_1_Init();
 194              		.loc 1 131 0
 195 000c FFF7FEFF 		bl	IDAC_1_Init
 132:Generated_Source\PSoC4/IDAC_1.c ****         IDAC_1_initVar = 1u;
 196              		.loc 1 132 0
 197 0010 034B     		ldr	r3, .L9
 198 0012 0122     		mov	r2, #1
 199 0014 1A60     		str	r2, [r3]
 200              	.L8:
 133:Generated_Source\PSoC4/IDAC_1.c ****     }
 134:Generated_Source\PSoC4/IDAC_1.c **** 
 135:Generated_Source\PSoC4/IDAC_1.c ****     IDAC_1_Enable();
 201              		.loc 1 135 0
 202 0016 FFF7FEFF 		bl	IDAC_1_Enable
 136:Generated_Source\PSoC4/IDAC_1.c **** 
 137:Generated_Source\PSoC4/IDAC_1.c **** }
 203              		.loc 1 137 0
 204 001a BD46     		mov	sp, r7
 205              		@ sp needed
ARM GAS  C:\Users\ilya\AppData\Local\Temp\ccUI0DQQ.s 			page 7


 206 001c 80BD     		pop	{r7, pc}
 207              	.L10:
 208 001e C046     		.align	2
 209              	.L9:
 210 0020 00000000 		.word	IDAC_1_initVar
 211              		.cfi_endproc
 212              	.LFE3:
 213              		.size	IDAC_1_Start, .-IDAC_1_Start
 214              		.section	.text.IDAC_1_Stop,"ax",%progbits
 215              		.align	2
 216              		.global	IDAC_1_Stop
 217              		.code	16
 218              		.thumb_func
 219              		.type	IDAC_1_Stop, %function
 220              	IDAC_1_Stop:
 221              	.LFB4:
 138:Generated_Source\PSoC4/IDAC_1.c **** 
 139:Generated_Source\PSoC4/IDAC_1.c **** 
 140:Generated_Source\PSoC4/IDAC_1.c **** /*******************************************************************************
 141:Generated_Source\PSoC4/IDAC_1.c **** * Function Name: IDAC_1_Stop
 142:Generated_Source\PSoC4/IDAC_1.c **** ********************************************************************************
 143:Generated_Source\PSoC4/IDAC_1.c **** *
 144:Generated_Source\PSoC4/IDAC_1.c **** * Summary:
 145:Generated_Source\PSoC4/IDAC_1.c **** *  Stops the IDAC hardware.
 146:Generated_Source\PSoC4/IDAC_1.c **** *
 147:Generated_Source\PSoC4/IDAC_1.c **** * Parameters:
 148:Generated_Source\PSoC4/IDAC_1.c **** *  None
 149:Generated_Source\PSoC4/IDAC_1.c **** *
 150:Generated_Source\PSoC4/IDAC_1.c **** * Return:
 151:Generated_Source\PSoC4/IDAC_1.c **** *  None
 152:Generated_Source\PSoC4/IDAC_1.c **** *
 153:Generated_Source\PSoC4/IDAC_1.c **** * Global variables:
 154:Generated_Source\PSoC4/IDAC_1.c **** *  None
 155:Generated_Source\PSoC4/IDAC_1.c **** *
 156:Generated_Source\PSoC4/IDAC_1.c **** *******************************************************************************/
 157:Generated_Source\PSoC4/IDAC_1.c **** void IDAC_1_Stop(void)
 158:Generated_Source\PSoC4/IDAC_1.c **** {
 222              		.loc 1 158 0
 223              		.cfi_startproc
 224 0000 90B5     		push	{r4, r7, lr}
 225              		.cfi_def_cfa_offset 12
 226              		.cfi_offset 4, -12
 227              		.cfi_offset 7, -8
 228              		.cfi_offset 14, -4
 229 0002 83B0     		sub	sp, sp, #12
 230              		.cfi_def_cfa_offset 24
 231 0004 00AF     		add	r7, sp, #0
 232              		.cfi_def_cfa_register 7
 159:Generated_Source\PSoC4/IDAC_1.c ****     uint8 enableInterrupts;
 160:Generated_Source\PSoC4/IDAC_1.c **** 
 161:Generated_Source\PSoC4/IDAC_1.c ****     enableInterrupts = CyEnterCriticalSection();
 233              		.loc 1 161 0
 234 0006 FC1D     		add	r4, r7, #7
 235 0008 FFF7FEFF 		bl	CyEnterCriticalSection
 236 000c 031C     		mov	r3, r0
 237 000e 2370     		strb	r3, [r4]
 162:Generated_Source\PSoC4/IDAC_1.c **** 
ARM GAS  C:\Users\ilya\AppData\Local\Temp\ccUI0DQQ.s 			page 8


 163:Generated_Source\PSoC4/IDAC_1.c ****     /* Disable the IDAC */
 164:Generated_Source\PSoC4/IDAC_1.c ****     IDAC_1_IDAC_CONTROL_REG &= ((uint32)~((uint32)IDAC_1_IDAC_MODE_MASK <<
 238              		.loc 1 164 0
 239 0010 064B     		ldr	r3, .L12
 240 0012 064A     		ldr	r2, .L12
 241 0014 1268     		ldr	r2, [r2]
 242 0016 0649     		ldr	r1, .L12+4
 243 0018 0A40     		and	r2, r1
 244 001a 1A60     		str	r2, [r3]
 165:Generated_Source\PSoC4/IDAC_1.c ****         IDAC_1_IDAC_MODE_POSITION));
 166:Generated_Source\PSoC4/IDAC_1.c ****     CyExitCriticalSection(enableInterrupts);
 245              		.loc 1 166 0
 246 001c FB1D     		add	r3, r7, #7
 247 001e 1B78     		ldrb	r3, [r3]
 248 0020 181C     		mov	r0, r3
 249 0022 FFF7FEFF 		bl	CyExitCriticalSection
 167:Generated_Source\PSoC4/IDAC_1.c **** }
 250              		.loc 1 167 0
 251 0026 BD46     		mov	sp, r7
 252 0028 03B0     		add	sp, sp, #12
 253              		@ sp needed
 254 002a 90BD     		pop	{r4, r7, pc}
 255              	.L13:
 256              		.align	2
 257              	.L12:
 258 002c 08002940 		.word	1076428808
 259 0030 FFFCFFFF 		.word	-769
 260              		.cfi_endproc
 261              	.LFE4:
 262              		.size	IDAC_1_Stop, .-IDAC_1_Stop
 263              		.section	.text.IDAC_1_SetValue,"ax",%progbits
 264              		.align	2
 265              		.global	IDAC_1_SetValue
 266              		.code	16
 267              		.thumb_func
 268              		.type	IDAC_1_SetValue, %function
 269              	IDAC_1_SetValue:
 270              	.LFB5:
 168:Generated_Source\PSoC4/IDAC_1.c **** 
 169:Generated_Source\PSoC4/IDAC_1.c **** 
 170:Generated_Source\PSoC4/IDAC_1.c **** /*******************************************************************************
 171:Generated_Source\PSoC4/IDAC_1.c **** * Function Name: IDAC_1_SetValue
 172:Generated_Source\PSoC4/IDAC_1.c **** ********************************************************************************
 173:Generated_Source\PSoC4/IDAC_1.c **** *
 174:Generated_Source\PSoC4/IDAC_1.c **** * Summary:
 175:Generated_Source\PSoC4/IDAC_1.c **** *  Sets the IDAC value.
 176:Generated_Source\PSoC4/IDAC_1.c **** *
 177:Generated_Source\PSoC4/IDAC_1.c **** * Parameters:
 178:Generated_Source\PSoC4/IDAC_1.c **** *  uint32 value
 179:Generated_Source\PSoC4/IDAC_1.c **** *
 180:Generated_Source\PSoC4/IDAC_1.c **** * Return:
 181:Generated_Source\PSoC4/IDAC_1.c **** *  None
 182:Generated_Source\PSoC4/IDAC_1.c **** *
 183:Generated_Source\PSoC4/IDAC_1.c **** * Global variables:
 184:Generated_Source\PSoC4/IDAC_1.c **** *  None
 185:Generated_Source\PSoC4/IDAC_1.c **** *
 186:Generated_Source\PSoC4/IDAC_1.c **** *******************************************************************************/
ARM GAS  C:\Users\ilya\AppData\Local\Temp\ccUI0DQQ.s 			page 9


 187:Generated_Source\PSoC4/IDAC_1.c **** void IDAC_1_SetValue(uint32 value)
 188:Generated_Source\PSoC4/IDAC_1.c **** {
 271              		.loc 1 188 0
 272              		.cfi_startproc
 273 0000 90B5     		push	{r4, r7, lr}
 274              		.cfi_def_cfa_offset 12
 275              		.cfi_offset 4, -12
 276              		.cfi_offset 7, -8
 277              		.cfi_offset 14, -4
 278 0002 85B0     		sub	sp, sp, #20
 279              		.cfi_def_cfa_offset 32
 280 0004 00AF     		add	r7, sp, #0
 281              		.cfi_def_cfa_register 7
 282 0006 7860     		str	r0, [r7, #4]
 189:Generated_Source\PSoC4/IDAC_1.c ****     uint8 enableInterrupts;
 190:Generated_Source\PSoC4/IDAC_1.c ****     uint32 newRegisterValue;
 191:Generated_Source\PSoC4/IDAC_1.c **** 
 192:Generated_Source\PSoC4/IDAC_1.c ****     enableInterrupts = CyEnterCriticalSection();
 283              		.loc 1 192 0
 284 0008 0F23     		mov	r3, #15
 285 000a FC18     		add	r4, r7, r3
 286 000c FFF7FEFF 		bl	CyEnterCriticalSection
 287 0010 031C     		mov	r3, r0
 288 0012 2370     		strb	r3, [r4]
 193:Generated_Source\PSoC4/IDAC_1.c **** 
 194:Generated_Source\PSoC4/IDAC_1.c ****     #if(IDAC_1_IDAC_VALUE_POSITION != 0u)
 195:Generated_Source\PSoC4/IDAC_1.c ****         newRegisterValue = ((IDAC_1_IDAC_CONTROL_REG & (~(uint32)((uint32)IDAC_1_IDAC_VALUE_MASK <<
 196:Generated_Source\PSoC4/IDAC_1.c ****         IDAC_1_IDAC_VALUE_POSITION))) | (value << IDAC_1_IDAC_VALUE_POSITION));
 197:Generated_Source\PSoC4/IDAC_1.c ****     #else
 198:Generated_Source\PSoC4/IDAC_1.c ****         newRegisterValue = ((IDAC_1_IDAC_CONTROL_REG & (~(uint32)IDAC_1_IDAC_VALUE_MASK)) | value);
 289              		.loc 1 198 0
 290 0014 094B     		ldr	r3, .L15
 291 0016 1B68     		ldr	r3, [r3]
 292 0018 FF22     		mov	r2, #255
 293 001a 9343     		bic	r3, r2
 294 001c 1A1C     		mov	r2, r3
 295 001e 7B68     		ldr	r3, [r7, #4]
 296 0020 1343     		orr	r3, r2
 297 0022 BB60     		str	r3, [r7, #8]
 199:Generated_Source\PSoC4/IDAC_1.c ****     #endif /* IDAC_1_IDAC_VALUE_POSITION != 0u */
 200:Generated_Source\PSoC4/IDAC_1.c **** 
 201:Generated_Source\PSoC4/IDAC_1.c ****     IDAC_1_IDAC_CONTROL_REG = newRegisterValue;
 298              		.loc 1 201 0
 299 0024 054B     		ldr	r3, .L15
 300 0026 BA68     		ldr	r2, [r7, #8]
 301 0028 1A60     		str	r2, [r3]
 202:Generated_Source\PSoC4/IDAC_1.c **** 
 203:Generated_Source\PSoC4/IDAC_1.c ****     CyExitCriticalSection(enableInterrupts);
 302              		.loc 1 203 0
 303 002a 0F23     		mov	r3, #15
 304 002c FB18     		add	r3, r7, r3
 305 002e 1B78     		ldrb	r3, [r3]
 306 0030 181C     		mov	r0, r3
 307 0032 FFF7FEFF 		bl	CyExitCriticalSection
 204:Generated_Source\PSoC4/IDAC_1.c **** }
 308              		.loc 1 204 0
 309 0036 BD46     		mov	sp, r7
ARM GAS  C:\Users\ilya\AppData\Local\Temp\ccUI0DQQ.s 			page 10


 310 0038 05B0     		add	sp, sp, #20
 311              		@ sp needed
 312 003a 90BD     		pop	{r4, r7, pc}
 313              	.L16:
 314              		.align	2
 315              	.L15:
 316 003c 08002940 		.word	1076428808
 317              		.cfi_endproc
 318              	.LFE5:
 319              		.size	IDAC_1_SetValue, .-IDAC_1_SetValue
 320              		.text
 321              	.Letext0:
 322              		.file 2 "Generated_Source\\PSoC4\\cytypes.h"
 323              		.section	.debug_info,"",%progbits
 324              	.Ldebug_info0:
 325 0000 9A010000 		.4byte	0x19a
 326 0004 0400     		.2byte	0x4
 327 0006 00000000 		.4byte	.Ldebug_abbrev0
 328 000a 04       		.byte	0x4
 329 000b 01       		.uleb128 0x1
 330 000c D8000000 		.4byte	.LASF24
 331 0010 01       		.byte	0x1
 332 0011 91010000 		.4byte	.LASF25
 333 0015 3C000000 		.4byte	.LASF26
 334 0019 00000000 		.4byte	.Ldebug_ranges0+0
 335 001d 00000000 		.4byte	0
 336 0021 00000000 		.4byte	.Ldebug_line0
 337 0025 02       		.uleb128 0x2
 338 0026 01       		.byte	0x1
 339 0027 06       		.byte	0x6
 340 0028 FF010000 		.4byte	.LASF0
 341 002c 02       		.uleb128 0x2
 342 002d 01       		.byte	0x1
 343 002e 08       		.byte	0x8
 344 002f 8E000000 		.4byte	.LASF1
 345 0033 02       		.uleb128 0x2
 346 0034 02       		.byte	0x2
 347 0035 05       		.byte	0x5
 348 0036 DB010000 		.4byte	.LASF2
 349 003a 02       		.uleb128 0x2
 350 003b 02       		.byte	0x2
 351 003c 07       		.byte	0x7
 352 003d 1C000000 		.4byte	.LASF3
 353 0041 02       		.uleb128 0x2
 354 0042 04       		.byte	0x4
 355 0043 05       		.byte	0x5
 356 0044 F6010000 		.4byte	.LASF4
 357 0048 02       		.uleb128 0x2
 358 0049 04       		.byte	0x4
 359 004a 07       		.byte	0x7
 360 004b A1000000 		.4byte	.LASF5
 361 004f 02       		.uleb128 0x2
 362 0050 08       		.byte	0x8
 363 0051 05       		.byte	0x5
 364 0052 C8010000 		.4byte	.LASF6
 365 0056 02       		.uleb128 0x2
 366 0057 08       		.byte	0x8
ARM GAS  C:\Users\ilya\AppData\Local\Temp\ccUI0DQQ.s 			page 11


 367 0058 07       		.byte	0x7
 368 0059 7A010000 		.4byte	.LASF7
 369 005d 03       		.uleb128 0x3
 370 005e 04       		.byte	0x4
 371 005f 05       		.byte	0x5
 372 0060 696E7400 		.ascii	"int\000"
 373 0064 02       		.uleb128 0x2
 374 0065 04       		.byte	0x4
 375 0066 07       		.byte	0x7
 376 0067 2F000000 		.4byte	.LASF8
 377 006b 04       		.uleb128 0x4
 378 006c B3000000 		.4byte	.LASF9
 379 0070 02       		.byte	0x2
 380 0071 B901     		.2byte	0x1b9
 381 0073 2C000000 		.4byte	0x2c
 382 0077 04       		.uleb128 0x4
 383 0078 66010000 		.4byte	.LASF10
 384 007c 02       		.byte	0x2
 385 007d BB01     		.2byte	0x1bb
 386 007f 48000000 		.4byte	0x48
 387 0083 02       		.uleb128 0x2
 388 0084 04       		.byte	0x4
 389 0085 04       		.byte	0x4
 390 0086 79000000 		.4byte	.LASF11
 391 008a 02       		.uleb128 0x2
 392 008b 08       		.byte	0x8
 393 008c 04       		.byte	0x4
 394 008d CA000000 		.4byte	.LASF12
 395 0091 02       		.uleb128 0x2
 396 0092 01       		.byte	0x1
 397 0093 08       		.byte	0x8
 398 0094 D6010000 		.4byte	.LASF13
 399 0098 04       		.uleb128 0x4
 400 0099 9C000000 		.4byte	.LASF14
 401 009d 02       		.byte	0x2
 402 009e 6302     		.2byte	0x263
 403 00a0 A4000000 		.4byte	0xa4
 404 00a4 05       		.uleb128 0x5
 405 00a5 6B000000 		.4byte	0x6b
 406 00a9 04       		.uleb128 0x4
 407 00aa 00000000 		.4byte	.LASF15
 408 00ae 02       		.byte	0x2
 409 00af 6502     		.2byte	0x265
 410 00b1 B5000000 		.4byte	0xb5
 411 00b5 05       		.uleb128 0x5
 412 00b6 77000000 		.4byte	0x77
 413 00ba 02       		.uleb128 0x2
 414 00bb 04       		.byte	0x4
 415 00bc 07       		.byte	0x7
 416 00bd BF010000 		.4byte	.LASF16
 417 00c1 06       		.uleb128 0x6
 418 00c2 0B020000 		.4byte	.LASF19
 419 00c6 01       		.byte	0x1
 420 00c7 25       		.byte	0x25
 421 00c8 00000000 		.4byte	.LFB1
 422 00cc 80000000 		.4byte	.LFE1-.LFB1
 423 00d0 01       		.uleb128 0x1
ARM GAS  C:\Users\ilya\AppData\Local\Temp\ccUI0DQQ.s 			page 12


 424 00d1 9C       		.byte	0x9c
 425 00d2 F3000000 		.4byte	0xf3
 426 00d6 07       		.uleb128 0x7
 427 00d7 D1000000 		.4byte	.LASF17
 428 00db 01       		.byte	0x1
 429 00dc 27       		.byte	0x27
 430 00dd 77000000 		.4byte	0x77
 431 00e1 02       		.uleb128 0x2
 432 00e2 91       		.byte	0x91
 433 00e3 68       		.sleb128 -24
 434 00e4 07       		.uleb128 0x7
 435 00e5 B9000000 		.4byte	.LASF18
 436 00e9 01       		.byte	0x1
 437 00ea 28       		.byte	0x28
 438 00eb 6B000000 		.4byte	0x6b
 439 00ef 02       		.uleb128 0x2
 440 00f0 91       		.byte	0x91
 441 00f1 6F       		.sleb128 -17
 442 00f2 00       		.byte	0
 443 00f3 06       		.uleb128 0x6
 444 00f4 B1010000 		.4byte	.LASF20
 445 00f8 01       		.byte	0x1
 446 00f9 5E       		.byte	0x5e
 447 00fa 00000000 		.4byte	.LFB2
 448 00fe 44000000 		.4byte	.LFE2-.LFB2
 449 0102 01       		.uleb128 0x1
 450 0103 9C       		.byte	0x9c
 451 0104 17010000 		.4byte	0x117
 452 0108 07       		.uleb128 0x7
 453 0109 B9000000 		.4byte	.LASF18
 454 010d 01       		.byte	0x1
 455 010e 60       		.byte	0x60
 456 010f 6B000000 		.4byte	0x6b
 457 0113 02       		.uleb128 0x2
 458 0114 91       		.byte	0x91
 459 0115 6F       		.sleb128 -17
 460 0116 00       		.byte	0
 461 0117 08       		.uleb128 0x8
 462 0118 6D010000 		.4byte	.LASF27
 463 011c 01       		.byte	0x1
 464 011d 7F       		.byte	0x7f
 465 011e 00000000 		.4byte	.LFB3
 466 0122 24000000 		.4byte	.LFE3-.LFB3
 467 0126 01       		.uleb128 0x1
 468 0127 9C       		.byte	0x9c
 469 0128 06       		.uleb128 0x6
 470 0129 6D000000 		.4byte	.LASF21
 471 012d 01       		.byte	0x1
 472 012e 9D       		.byte	0x9d
 473 012f 00000000 		.4byte	.LFB4
 474 0133 34000000 		.4byte	.LFE4-.LFB4
 475 0137 01       		.uleb128 0x1
 476 0138 9C       		.byte	0x9c
 477 0139 4C010000 		.4byte	0x14c
 478 013d 07       		.uleb128 0x7
 479 013e B9000000 		.4byte	.LASF18
 480 0142 01       		.byte	0x1
ARM GAS  C:\Users\ilya\AppData\Local\Temp\ccUI0DQQ.s 			page 13


 481 0143 9F       		.byte	0x9f
 482 0144 6B000000 		.4byte	0x6b
 483 0148 02       		.uleb128 0x2
 484 0149 91       		.byte	0x91
 485 014a 6F       		.sleb128 -17
 486 014b 00       		.byte	0
 487 014c 06       		.uleb128 0x6
 488 014d 06000000 		.4byte	.LASF22
 489 0151 01       		.byte	0x1
 490 0152 BB       		.byte	0xbb
 491 0153 00000000 		.4byte	.LFB5
 492 0157 40000000 		.4byte	.LFE5-.LFB5
 493 015b 01       		.uleb128 0x1
 494 015c 9C       		.byte	0x9c
 495 015d 8C010000 		.4byte	0x18c
 496 0161 09       		.uleb128 0x9
 497 0162 16000000 		.4byte	.LASF28
 498 0166 01       		.byte	0x1
 499 0167 BB       		.byte	0xbb
 500 0168 77000000 		.4byte	0x77
 501 016c 02       		.uleb128 0x2
 502 016d 91       		.byte	0x91
 503 016e 64       		.sleb128 -28
 504 016f 07       		.uleb128 0x7
 505 0170 B9000000 		.4byte	.LASF18
 506 0174 01       		.byte	0x1
 507 0175 BD       		.byte	0xbd
 508 0176 6B000000 		.4byte	0x6b
 509 017a 02       		.uleb128 0x2
 510 017b 91       		.byte	0x91
 511 017c 6F       		.sleb128 -17
 512 017d 07       		.uleb128 0x7
 513 017e E5010000 		.4byte	.LASF23
 514 0182 01       		.byte	0x1
 515 0183 BE       		.byte	0xbe
 516 0184 77000000 		.4byte	0x77
 517 0188 02       		.uleb128 0x2
 518 0189 91       		.byte	0x91
 519 018a 68       		.sleb128 -24
 520 018b 00       		.byte	0
 521 018c 0A       		.uleb128 0xa
 522 018d 7F000000 		.4byte	.LASF29
 523 0191 01       		.byte	0x1
 524 0192 11       		.byte	0x11
 525 0193 77000000 		.4byte	0x77
 526 0197 05       		.uleb128 0x5
 527 0198 03       		.byte	0x3
 528 0199 00000000 		.4byte	IDAC_1_initVar
 529 019d 00       		.byte	0
 530              		.section	.debug_abbrev,"",%progbits
 531              	.Ldebug_abbrev0:
 532 0000 01       		.uleb128 0x1
 533 0001 11       		.uleb128 0x11
 534 0002 01       		.byte	0x1
 535 0003 25       		.uleb128 0x25
 536 0004 0E       		.uleb128 0xe
 537 0005 13       		.uleb128 0x13
ARM GAS  C:\Users\ilya\AppData\Local\Temp\ccUI0DQQ.s 			page 14


 538 0006 0B       		.uleb128 0xb
 539 0007 03       		.uleb128 0x3
 540 0008 0E       		.uleb128 0xe
 541 0009 1B       		.uleb128 0x1b
 542 000a 0E       		.uleb128 0xe
 543 000b 55       		.uleb128 0x55
 544 000c 17       		.uleb128 0x17
 545 000d 11       		.uleb128 0x11
 546 000e 01       		.uleb128 0x1
 547 000f 10       		.uleb128 0x10
 548 0010 17       		.uleb128 0x17
 549 0011 00       		.byte	0
 550 0012 00       		.byte	0
 551 0013 02       		.uleb128 0x2
 552 0014 24       		.uleb128 0x24
 553 0015 00       		.byte	0
 554 0016 0B       		.uleb128 0xb
 555 0017 0B       		.uleb128 0xb
 556 0018 3E       		.uleb128 0x3e
 557 0019 0B       		.uleb128 0xb
 558 001a 03       		.uleb128 0x3
 559 001b 0E       		.uleb128 0xe
 560 001c 00       		.byte	0
 561 001d 00       		.byte	0
 562 001e 03       		.uleb128 0x3
 563 001f 24       		.uleb128 0x24
 564 0020 00       		.byte	0
 565 0021 0B       		.uleb128 0xb
 566 0022 0B       		.uleb128 0xb
 567 0023 3E       		.uleb128 0x3e
 568 0024 0B       		.uleb128 0xb
 569 0025 03       		.uleb128 0x3
 570 0026 08       		.uleb128 0x8
 571 0027 00       		.byte	0
 572 0028 00       		.byte	0
 573 0029 04       		.uleb128 0x4
 574 002a 16       		.uleb128 0x16
 575 002b 00       		.byte	0
 576 002c 03       		.uleb128 0x3
 577 002d 0E       		.uleb128 0xe
 578 002e 3A       		.uleb128 0x3a
 579 002f 0B       		.uleb128 0xb
 580 0030 3B       		.uleb128 0x3b
 581 0031 05       		.uleb128 0x5
 582 0032 49       		.uleb128 0x49
 583 0033 13       		.uleb128 0x13
 584 0034 00       		.byte	0
 585 0035 00       		.byte	0
 586 0036 05       		.uleb128 0x5
 587 0037 35       		.uleb128 0x35
 588 0038 00       		.byte	0
 589 0039 49       		.uleb128 0x49
 590 003a 13       		.uleb128 0x13
 591 003b 00       		.byte	0
 592 003c 00       		.byte	0
 593 003d 06       		.uleb128 0x6
 594 003e 2E       		.uleb128 0x2e
ARM GAS  C:\Users\ilya\AppData\Local\Temp\ccUI0DQQ.s 			page 15


 595 003f 01       		.byte	0x1
 596 0040 3F       		.uleb128 0x3f
 597 0041 19       		.uleb128 0x19
 598 0042 03       		.uleb128 0x3
 599 0043 0E       		.uleb128 0xe
 600 0044 3A       		.uleb128 0x3a
 601 0045 0B       		.uleb128 0xb
 602 0046 3B       		.uleb128 0x3b
 603 0047 0B       		.uleb128 0xb
 604 0048 27       		.uleb128 0x27
 605 0049 19       		.uleb128 0x19
 606 004a 11       		.uleb128 0x11
 607 004b 01       		.uleb128 0x1
 608 004c 12       		.uleb128 0x12
 609 004d 06       		.uleb128 0x6
 610 004e 40       		.uleb128 0x40
 611 004f 18       		.uleb128 0x18
 612 0050 9642     		.uleb128 0x2116
 613 0052 19       		.uleb128 0x19
 614 0053 01       		.uleb128 0x1
 615 0054 13       		.uleb128 0x13
 616 0055 00       		.byte	0
 617 0056 00       		.byte	0
 618 0057 07       		.uleb128 0x7
 619 0058 34       		.uleb128 0x34
 620 0059 00       		.byte	0
 621 005a 03       		.uleb128 0x3
 622 005b 0E       		.uleb128 0xe
 623 005c 3A       		.uleb128 0x3a
 624 005d 0B       		.uleb128 0xb
 625 005e 3B       		.uleb128 0x3b
 626 005f 0B       		.uleb128 0xb
 627 0060 49       		.uleb128 0x49
 628 0061 13       		.uleb128 0x13
 629 0062 02       		.uleb128 0x2
 630 0063 18       		.uleb128 0x18
 631 0064 00       		.byte	0
 632 0065 00       		.byte	0
 633 0066 08       		.uleb128 0x8
 634 0067 2E       		.uleb128 0x2e
 635 0068 00       		.byte	0
 636 0069 3F       		.uleb128 0x3f
 637 006a 19       		.uleb128 0x19
 638 006b 03       		.uleb128 0x3
 639 006c 0E       		.uleb128 0xe
 640 006d 3A       		.uleb128 0x3a
 641 006e 0B       		.uleb128 0xb
 642 006f 3B       		.uleb128 0x3b
 643 0070 0B       		.uleb128 0xb
 644 0071 27       		.uleb128 0x27
 645 0072 19       		.uleb128 0x19
 646 0073 11       		.uleb128 0x11
 647 0074 01       		.uleb128 0x1
 648 0075 12       		.uleb128 0x12
 649 0076 06       		.uleb128 0x6
 650 0077 40       		.uleb128 0x40
 651 0078 18       		.uleb128 0x18
ARM GAS  C:\Users\ilya\AppData\Local\Temp\ccUI0DQQ.s 			page 16


 652 0079 9642     		.uleb128 0x2116
 653 007b 19       		.uleb128 0x19
 654 007c 00       		.byte	0
 655 007d 00       		.byte	0
 656 007e 09       		.uleb128 0x9
 657 007f 05       		.uleb128 0x5
 658 0080 00       		.byte	0
 659 0081 03       		.uleb128 0x3
 660 0082 0E       		.uleb128 0xe
 661 0083 3A       		.uleb128 0x3a
 662 0084 0B       		.uleb128 0xb
 663 0085 3B       		.uleb128 0x3b
 664 0086 0B       		.uleb128 0xb
 665 0087 49       		.uleb128 0x49
 666 0088 13       		.uleb128 0x13
 667 0089 02       		.uleb128 0x2
 668 008a 18       		.uleb128 0x18
 669 008b 00       		.byte	0
 670 008c 00       		.byte	0
 671 008d 0A       		.uleb128 0xa
 672 008e 34       		.uleb128 0x34
 673 008f 00       		.byte	0
 674 0090 03       		.uleb128 0x3
 675 0091 0E       		.uleb128 0xe
 676 0092 3A       		.uleb128 0x3a
 677 0093 0B       		.uleb128 0xb
 678 0094 3B       		.uleb128 0x3b
 679 0095 0B       		.uleb128 0xb
 680 0096 49       		.uleb128 0x49
 681 0097 13       		.uleb128 0x13
 682 0098 3F       		.uleb128 0x3f
 683 0099 19       		.uleb128 0x19
 684 009a 02       		.uleb128 0x2
 685 009b 18       		.uleb128 0x18
 686 009c 00       		.byte	0
 687 009d 00       		.byte	0
 688 009e 00       		.byte	0
 689              		.section	.debug_aranges,"",%progbits
 690 0000 3C000000 		.4byte	0x3c
 691 0004 0200     		.2byte	0x2
 692 0006 00000000 		.4byte	.Ldebug_info0
 693 000a 04       		.byte	0x4
 694 000b 00       		.byte	0
 695 000c 0000     		.2byte	0
 696 000e 0000     		.2byte	0
 697 0010 00000000 		.4byte	.LFB1
 698 0014 80000000 		.4byte	.LFE1-.LFB1
 699 0018 00000000 		.4byte	.LFB2
 700 001c 44000000 		.4byte	.LFE2-.LFB2
 701 0020 00000000 		.4byte	.LFB3
 702 0024 24000000 		.4byte	.LFE3-.LFB3
 703 0028 00000000 		.4byte	.LFB4
 704 002c 34000000 		.4byte	.LFE4-.LFB4
 705 0030 00000000 		.4byte	.LFB5
 706 0034 40000000 		.4byte	.LFE5-.LFB5
 707 0038 00000000 		.4byte	0
 708 003c 00000000 		.4byte	0
ARM GAS  C:\Users\ilya\AppData\Local\Temp\ccUI0DQQ.s 			page 17


 709              		.section	.debug_ranges,"",%progbits
 710              	.Ldebug_ranges0:
 711 0000 00000000 		.4byte	.LFB1
 712 0004 80000000 		.4byte	.LFE1
 713 0008 00000000 		.4byte	.LFB2
 714 000c 44000000 		.4byte	.LFE2
 715 0010 00000000 		.4byte	.LFB3
 716 0014 24000000 		.4byte	.LFE3
 717 0018 00000000 		.4byte	.LFB4
 718 001c 34000000 		.4byte	.LFE4
 719 0020 00000000 		.4byte	.LFB5
 720 0024 40000000 		.4byte	.LFE5
 721 0028 00000000 		.4byte	0
 722 002c 00000000 		.4byte	0
 723              		.section	.debug_line,"",%progbits
 724              	.Ldebug_line0:
 725 0000 B5000000 		.section	.debug_str,"MS",%progbits,1
 725      02004300 
 725      00000201 
 725      FB0E0D00 
 725      01010101 
 726              	.LASF15:
 727 0000 72656733 		.ascii	"reg32\000"
 727      3200
 728              	.LASF22:
 729 0006 49444143 		.ascii	"IDAC_1_SetValue\000"
 729      5F315F53 
 729      65745661 
 729      6C756500 
 730              	.LASF28:
 731 0016 76616C75 		.ascii	"value\000"
 731      6500
 732              	.LASF3:
 733 001c 73686F72 		.ascii	"short unsigned int\000"
 733      7420756E 
 733      7369676E 
 733      65642069 
 733      6E7400
 734              	.LASF8:
 735 002f 756E7369 		.ascii	"unsigned int\000"
 735      676E6564 
 735      20696E74 
 735      00
 736              	.LASF26:
 737 003c 433A5C70 		.ascii	"C:\\psoc\\chamonix\\camera\\Workspace01\\camera.cyd"
 737      736F635C 
 737      6368616D 
 737      6F6E6978 
 737      5C63616D 
 738 006a 736E00   		.ascii	"sn\000"
 739              	.LASF21:
 740 006d 49444143 		.ascii	"IDAC_1_Stop\000"
 740      5F315F53 
 740      746F7000 
 741              	.LASF11:
 742 0079 666C6F61 		.ascii	"float\000"
 742      7400
ARM GAS  C:\Users\ilya\AppData\Local\Temp\ccUI0DQQ.s 			page 18


 743              	.LASF29:
 744 007f 49444143 		.ascii	"IDAC_1_initVar\000"
 744      5F315F69 
 744      6E697456 
 744      617200
 745              	.LASF1:
 746 008e 756E7369 		.ascii	"unsigned char\000"
 746      676E6564 
 746      20636861 
 746      7200
 747              	.LASF14:
 748 009c 72656738 		.ascii	"reg8\000"
 748      00
 749              	.LASF5:
 750 00a1 6C6F6E67 		.ascii	"long unsigned int\000"
 750      20756E73 
 750      69676E65 
 750      6420696E 
 750      7400
 751              	.LASF9:
 752 00b3 75696E74 		.ascii	"uint8\000"
 752      3800
 753              	.LASF18:
 754 00b9 656E6162 		.ascii	"enableInterrupts\000"
 754      6C65496E 
 754      74657272 
 754      75707473 
 754      00
 755              	.LASF12:
 756 00ca 646F7562 		.ascii	"double\000"
 756      6C6500
 757              	.LASF17:
 758 00d1 72656756 		.ascii	"regVal\000"
 758      616C00
 759              	.LASF24:
 760 00d8 474E5520 		.ascii	"GNU C 4.9.3 20150303 (release) [ARM/embedded-4_9-br"
 760      4320342E 
 760      392E3320 
 760      32303135 
 760      30333033 
 761 010b 616E6368 		.ascii	"anch revision 221220] -mcpu=cortex-m0 -mthumb -g -O"
 761      20726576 
 761      6973696F 
 761      6E203232 
 761      31323230 
 762 013e 30202D66 		.ascii	"0 -ffunction-sections -ffat-lto-objects\000"
 762      66756E63 
 762      74696F6E 
 762      2D736563 
 762      74696F6E 
 763              	.LASF10:
 764 0166 75696E74 		.ascii	"uint32\000"
 764      333200
 765              	.LASF27:
 766 016d 49444143 		.ascii	"IDAC_1_Start\000"
 766      5F315F53 
 766      74617274 
ARM GAS  C:\Users\ilya\AppData\Local\Temp\ccUI0DQQ.s 			page 19


 766      00
 767              	.LASF7:
 768 017a 6C6F6E67 		.ascii	"long long unsigned int\000"
 768      206C6F6E 
 768      6720756E 
 768      7369676E 
 768      65642069 
 769              	.LASF25:
 770 0191 47656E65 		.ascii	"Generated_Source\\PSoC4\\IDAC_1.c\000"
 770      72617465 
 770      645F536F 
 770      75726365 
 770      5C50536F 
 771              	.LASF20:
 772 01b1 49444143 		.ascii	"IDAC_1_Enable\000"
 772      5F315F45 
 772      6E61626C 
 772      6500
 773              	.LASF16:
 774 01bf 73697A65 		.ascii	"sizetype\000"
 774      74797065 
 774      00
 775              	.LASF6:
 776 01c8 6C6F6E67 		.ascii	"long long int\000"
 776      206C6F6E 
 776      6720696E 
 776      7400
 777              	.LASF13:
 778 01d6 63686172 		.ascii	"char\000"
 778      00
 779              	.LASF2:
 780 01db 73686F72 		.ascii	"short int\000"
 780      7420696E 
 780      7400
 781              	.LASF23:
 782 01e5 6E657752 		.ascii	"newRegisterValue\000"
 782      65676973 
 782      74657256 
 782      616C7565 
 782      00
 783              	.LASF4:
 784 01f6 6C6F6E67 		.ascii	"long int\000"
 784      20696E74 
 784      00
 785              	.LASF0:
 786 01ff 7369676E 		.ascii	"signed char\000"
 786      65642063 
 786      68617200 
 787              	.LASF19:
 788 020b 49444143 		.ascii	"IDAC_1_Init\000"
 788      5F315F49 
 788      6E697400 
 789              		.ident	"GCC: (GNU Tools for ARM Embedded Processors) 4.9.3 20150303 (release) [ARM/embedded-4_9-br
