ARM GAS  C:\Users\Rajesh\AppData\Local\Temp\ccob29Cm.s 			page 1


   1              		.syntax unified
   2              		.cpu cortex-m3
   3              		.fpu softvfp
   4              		.eabi_attribute 20, 1
   5              		.eabi_attribute 21, 1
   6              		.eabi_attribute 23, 3
   7              		.eabi_attribute 24, 1
   8              		.eabi_attribute 25, 1
   9              		.eabi_attribute 26, 1
  10              		.eabi_attribute 30, 6
  11              		.eabi_attribute 34, 1
  12              		.eabi_attribute 18, 4
  13              		.thumb
  14              		.syntax unified
  15              		.file	"wiegand.c"
  16              		.text
  17              	.Ltext0:
  18              		.cfi_sections	.debug_frame
  19              		.comm	s,40,4
  20              		.comm	currentAccessType,1,1
  21              		.comm	hw_old,1,1
  22              		.comm	tp_old,1,1
  23              		.comm	tamperCR_polarity,4,4
  24              		.comm	tamper_out_polarity,4,4
  25              		.comm	card_ack,4,4
  26              		.comm	card_in_buf,4,4
  27              		.section	.text.initWiegand,"ax",%progbits
  28              		.align	2
  29              		.global	initWiegand
  30              		.thumb
  31              		.thumb_func
  32              		.type	initWiegand, %function
  33              	initWiegand:
  34              	.LFB63:
  35              		.file 1 "wiegand.c"
   1:wiegand.c     **** /* ========================================
   2:wiegand.c     ****  *
   3:wiegand.c     ****  * Copyright YOUR COMPANY, THE YEAR
   4:wiegand.c     ****  * All Rights Reserved
   5:wiegand.c     ****  * UNPUBLISHED, LICENSED SOFTWARE.
   6:wiegand.c     ****  *
   7:wiegand.c     ****  * CONFIDENTIAL AND PROPRIETARY INFORMATION
   8:wiegand.c     ****  * WHICH IS THE PROPERTY OF your company.
   9:wiegand.c     ****  *
  10:wiegand.c     ****  * ========================================
  11:wiegand.c     **** */
  12:wiegand.c     **** 
  13:wiegand.c     **** // GRI 2-2-15: Modified ReadWiegand.
  14:wiegand.c     **** 
  15:wiegand.c     **** #include <project.h>
  16:wiegand.c     **** #include "system.h"
  17:wiegand.c     **** #include "wiegand.h"
  18:wiegand.c     **** #include "Pulse_50us.h"
  19:wiegand.c     **** 
  20:wiegand.c     **** 
  21:wiegand.c     **** void initWiegand(){
  36              		.loc 1 21 0
ARM GAS  C:\Users\Rajesh\AppData\Local\Temp\ccob29Cm.s 			page 2


  37              		.cfi_startproc
  38              		@ args = 0, pretend = 0, frame = 0
  39              		@ frame_needed = 1, uses_anonymous_args = 0
  40 0000 80B5     		push	{r7, lr}
  41              		.cfi_def_cfa_offset 8
  42              		.cfi_offset 7, -8
  43              		.cfi_offset 14, -4
  44 0002 00AF     		add	r7, sp, #0
  45              		.cfi_def_cfa_register 7
  22:wiegand.c     ****       /*Wiegand*/
  23:wiegand.c     ****     Pulse_50us_Init();
  46              		.loc 1 23 0
  47 0004 FFF7FEFF 		bl	Pulse_50us_Init
  24:wiegand.c     ****     isr_50us_StartEx(Pin_50us_Reset);
  48              		.loc 1 24 0
  49 0008 0248     		ldr	r0, .L2
  50 000a FFF7FEFF 		bl	isr_50us_StartEx
  25:wiegand.c     **** }
  51              		.loc 1 25 0
  52 000e 00BF     		nop
  53 0010 80BD     		pop	{r7, pc}
  54              	.L3:
  55 0012 00BF     		.align	2
  56              	.L2:
  57 0014 00000000 		.word	Pin_50us_Reset
  58              		.cfi_endproc
  59              	.LFE63:
  60              		.size	initWiegand, .-initWiegand
  61              		.section	.text.Pin_50us_Reset,"ax",%progbits
  62              		.align	2
  63              		.global	Pin_50us_Reset
  64              		.thumb
  65              		.thumb_func
  66              		.type	Pin_50us_Reset, %function
  67              	Pin_50us_Reset:
  68              	.LFB64:
  26:wiegand.c     **** 
  27:wiegand.c     **** CY_ISR(Pin_50us_Reset)
  28:wiegand.c     **** {
  69              		.loc 1 28 0
  70              		.cfi_startproc
  71              		@ args = 0, pretend = 0, frame = 0
  72              		@ frame_needed = 1, uses_anonymous_args = 0
  73 0000 80B5     		push	{r7, lr}
  74              		.cfi_def_cfa_offset 8
  75              		.cfi_offset 7, -8
  76              		.cfi_offset 14, -4
  77 0002 00AF     		add	r7, sp, #0
  78              		.cfi_def_cfa_register 7
  29:wiegand.c     ****     OptSelect_Write(2);
  79              		.loc 1 29 0
  80 0004 0220     		movs	r0, #2
  81 0006 FFF7FEFF 		bl	OptSelect_Write
  30:wiegand.c     **** 	PS_D1_Write(0);
  82              		.loc 1 30 0
  83 000a 0020     		movs	r0, #0
  84 000c FFF7FEFF 		bl	PS_D1_Write
ARM GAS  C:\Users\Rajesh\AppData\Local\Temp\ccob29Cm.s 			page 3


  31:wiegand.c     ****     isr_50us_GetState();
  85              		.loc 1 31 0
  86 0010 FFF7FEFF 		bl	isr_50us_GetState
  32:wiegand.c     ****     Pulse_50us_ReadStatusRegister();
  87              		.loc 1 32 0
  88 0014 FFF7FEFF 		bl	Pulse_50us_ReadStatusRegister
  33:wiegand.c     ****     Pulse_50us_RestoreConfig();
  89              		.loc 1 33 0
  90 0018 FFF7FEFF 		bl	Pulse_50us_RestoreConfig
  34:wiegand.c     ****     Pulse_50us_Init();
  91              		.loc 1 34 0
  92 001c FFF7FEFF 		bl	Pulse_50us_Init
  35:wiegand.c     **** }
  93              		.loc 1 35 0
  94 0020 00BF     		nop
  95 0022 80BD     		pop	{r7, pc}
  96              		.cfi_endproc
  97              	.LFE64:
  98              		.size	Pin_50us_Reset, .-Pin_50us_Reset
  99              		.section	.text.send_D0_50us_pulse,"ax",%progbits
 100              		.align	2
 101              		.global	send_D0_50us_pulse
 102              		.thumb
 103              		.thumb_func
 104              		.type	send_D0_50us_pulse, %function
 105              	send_D0_50us_pulse:
 106              	.LFB65:
  36:wiegand.c     **** void send_D0_50us_pulse()
  37:wiegand.c     **** {
 107              		.loc 1 37 0
 108              		.cfi_startproc
 109              		@ args = 0, pretend = 0, frame = 0
 110              		@ frame_needed = 1, uses_anonymous_args = 0
 111 0000 80B5     		push	{r7, lr}
 112              		.cfi_def_cfa_offset 8
 113              		.cfi_offset 7, -8
 114              		.cfi_offset 14, -4
 115 0002 00AF     		add	r7, sp, #0
 116              		.cfi_def_cfa_register 7
  38:wiegand.c     ****     OptSelect_Write(3); 
 117              		.loc 1 38 0
 118 0004 0320     		movs	r0, #3
 119 0006 FFF7FEFF 		bl	OptSelect_Write
  39:wiegand.c     ****     Pulse_50us_Enable();
 120              		.loc 1 39 0
 121 000a FFF7FEFF 		bl	Pulse_50us_Enable
  40:wiegand.c     **** }
 122              		.loc 1 40 0
 123 000e 00BF     		nop
 124 0010 80BD     		pop	{r7, pc}
 125              		.cfi_endproc
 126              	.LFE65:
 127              		.size	send_D0_50us_pulse, .-send_D0_50us_pulse
 128 0012 00BF     		.section	.text.send_D1_50us_pulse,"ax",%progbits
 129              		.align	2
 130              		.global	send_D1_50us_pulse
 131              		.thumb
ARM GAS  C:\Users\Rajesh\AppData\Local\Temp\ccob29Cm.s 			page 4


 132              		.thumb_func
 133              		.type	send_D1_50us_pulse, %function
 134              	send_D1_50us_pulse:
 135              	.LFB66:
  41:wiegand.c     **** void send_D1_50us_pulse()
  42:wiegand.c     **** {
 136              		.loc 1 42 0
 137              		.cfi_startproc
 138              		@ args = 0, pretend = 0, frame = 0
 139              		@ frame_needed = 1, uses_anonymous_args = 0
 140 0000 80B5     		push	{r7, lr}
 141              		.cfi_def_cfa_offset 8
 142              		.cfi_offset 7, -8
 143              		.cfi_offset 14, -4
 144 0002 00AF     		add	r7, sp, #0
 145              		.cfi_def_cfa_register 7
  43:wiegand.c     ****     PS_D1_Write(1);
 146              		.loc 1 43 0
 147 0004 0120     		movs	r0, #1
 148 0006 FFF7FEFF 		bl	PS_D1_Write
  44:wiegand.c     ****     Pulse_50us_Enable();
 149              		.loc 1 44 0
 150 000a FFF7FEFF 		bl	Pulse_50us_Enable
  45:wiegand.c     **** }
 151              		.loc 1 45 0
 152 000e 00BF     		nop
 153 0010 80BD     		pop	{r7, pc}
 154              		.cfi_endproc
 155              	.LFE66:
 156              		.size	send_D1_50us_pulse, .-send_D1_50us_pulse
 157 0012 00BF     		.section	.text.clearWiegandBuffer,"ax",%progbits
 158              		.align	2
 159              		.global	clearWiegandBuffer
 160              		.thumb
 161              		.thumb_func
 162              		.type	clearWiegandBuffer, %function
 163              	clearWiegandBuffer:
 164              	.LFB67:
  46:wiegand.c     **** 
  47:wiegand.c     **** void clearWiegandBuffer(){
 165              		.loc 1 47 0
 166              		.cfi_startproc
 167              		@ args = 0, pretend = 0, frame = 8
 168              		@ frame_needed = 1, uses_anonymous_args = 0
 169              		@ link register save eliminated.
 170 0000 80B4     		push	{r7}
 171              		.cfi_def_cfa_offset 4
 172              		.cfi_offset 7, -4
 173 0002 83B0     		sub	sp, sp, #12
 174              		.cfi_def_cfa_offset 16
 175 0004 00AF     		add	r7, sp, #0
 176              		.cfi_def_cfa_register 7
 177              	.LBB2:
  48:wiegand.c     ****     for(int i = 0; i < WIEGAND_BUFFER_LENGTH; i++){
 178              		.loc 1 48 0
 179 0006 0023     		movs	r3, #0
 180 0008 7B60     		str	r3, [r7, #4]
ARM GAS  C:\Users\Rajesh\AppData\Local\Temp\ccob29Cm.s 			page 5


 181 000a 07E0     		b	.L8
 182              	.L9:
  49:wiegand.c     ****         wiegandBuffer[i] = 0;
 183              		.loc 1 49 0 discriminator 3
 184 000c 074A     		ldr	r2, .L10
 185 000e 7B68     		ldr	r3, [r7, #4]
 186 0010 1344     		add	r3, r3, r2
 187 0012 0022     		movs	r2, #0
 188 0014 1A70     		strb	r2, [r3]
  48:wiegand.c     ****     for(int i = 0; i < WIEGAND_BUFFER_LENGTH; i++){
 189              		.loc 1 48 0 discriminator 3
 190 0016 7B68     		ldr	r3, [r7, #4]
 191 0018 0133     		adds	r3, r3, #1
 192 001a 7B60     		str	r3, [r7, #4]
 193              	.L8:
  48:wiegand.c     ****     for(int i = 0; i < WIEGAND_BUFFER_LENGTH; i++){
 194              		.loc 1 48 0 is_stmt 0 discriminator 1
 195 001c 7B68     		ldr	r3, [r7, #4]
 196 001e 1D2B     		cmp	r3, #29
 197 0020 F4DD     		ble	.L9
 198              	.LBE2:
  50:wiegand.c     ****     }
  51:wiegand.c     **** }
 199              		.loc 1 51 0 is_stmt 1
 200 0022 00BF     		nop
 201 0024 0C37     		adds	r7, r7, #12
 202              		.cfi_def_cfa_offset 4
 203 0026 BD46     		mov	sp, r7
 204              		.cfi_def_cfa_register 13
 205              		@ sp needed
 206 0028 80BC     		pop	{r7}
 207              		.cfi_restore 7
 208              		.cfi_def_cfa_offset 0
 209 002a 7047     		bx	lr
 210              	.L11:
 211              		.align	2
 212              	.L10:
 213 002c 00000000 		.word	wiegandBuffer
 214              		.cfi_endproc
 215              	.LFE67:
 216              		.size	clearWiegandBuffer, .-clearWiegandBuffer
 217              		.section	.text.SendWeigand,"ax",%progbits
 218              		.align	2
 219              		.global	SendWeigand
 220              		.thumb
 221              		.thumb_func
 222              		.type	SendWeigand, %function
 223              	SendWeigand:
 224              	.LFB68:
  52:wiegand.c     **** 
  53:wiegand.c     **** void SendWeigand(unsigned char *bufp, int nBits)  //Function to send Wiegand Data
  54:wiegand.c     **** {
 225              		.loc 1 54 0
 226              		.cfi_startproc
 227              		@ args = 0, pretend = 0, frame = 24
 228              		@ frame_needed = 1, uses_anonymous_args = 0
 229 0000 80B5     		push	{r7, lr}
ARM GAS  C:\Users\Rajesh\AppData\Local\Temp\ccob29Cm.s 			page 6


 230              		.cfi_def_cfa_offset 8
 231              		.cfi_offset 7, -8
 232              		.cfi_offset 14, -4
 233 0002 86B0     		sub	sp, sp, #24
 234              		.cfi_def_cfa_offset 32
 235 0004 00AF     		add	r7, sp, #0
 236              		.cfi_def_cfa_register 7
 237 0006 7860     		str	r0, [r7, #4]
 238 0008 3960     		str	r1, [r7]
  55:wiegand.c     **** 	int x,y;
  56:wiegand.c     **** 	char  d1;
  57:wiegand.c     ****     char count = 0;
 239              		.loc 1 57 0
 240 000a 0023     		movs	r3, #0
 241 000c BB73     		strb	r3, [r7, #14]
  58:wiegand.c     ****     
  59:wiegand.c     **** 	/*                        Wiegand protocol
  60:wiegand.c     **** 	    A pulse width of 50us to define data
  61:wiegand.c     **** 	    A wait period of 2ms after transmitting the above defined pulse
  62:wiegand.c     ****     */
  63:wiegand.c     ****     if (nBits > (WIEGAND_BUFFER_LENGTH << 3)) return; //garbage in
 242              		.loc 1 63 0
 243 000e 3B68     		ldr	r3, [r7]
 244 0010 F02B     		cmp	r3, #240
 245 0012 3EDC     		bgt	.L22
  64:wiegand.c     ****     OptSelect_Write(2); //0, both output high
 246              		.loc 1 64 0
 247 0014 0220     		movs	r0, #2
 248 0016 FFF7FEFF 		bl	OptSelect_Write
  65:wiegand.c     ****     PS_D1_Write(0);
 249              		.loc 1 65 0
 250 001a 0020     		movs	r0, #0
 251 001c FFF7FEFF 		bl	PS_D1_Write
  66:wiegand.c     ****     CyDelay(5);
 252              		.loc 1 66 0
 253 0020 0520     		movs	r0, #5
 254 0022 FFF7FEFF 		bl	CyDelay
  67:wiegand.c     **** 	for (x=0; x< WIEGAND_BUFFER_LENGTH; x++) // Loop over data written from the OMAP
 255              		.loc 1 67 0
 256 0026 0023     		movs	r3, #0
 257 0028 7B61     		str	r3, [r7, #20]
 258 002a 2EE0     		b	.L15
 259              	.L21:
  68:wiegand.c     **** 	{
  69:wiegand.c     ****         d1 = bufp[x];
 260              		.loc 1 69 0
 261 002c 7B69     		ldr	r3, [r7, #20]
 262 002e 7A68     		ldr	r2, [r7, #4]
 263 0030 1344     		add	r3, r3, r2
 264 0032 1B78     		ldrb	r3, [r3]
 265 0034 FB73     		strb	r3, [r7, #15]
  70:wiegand.c     **** 		for (y=0; y <8; y++)  //Transmit each bit at a time
 266              		.loc 1 70 0
 267 0036 0023     		movs	r3, #0
 268 0038 3B61     		str	r3, [r7, #16]
 269 003a 20E0     		b	.L16
 270              	.L20:
ARM GAS  C:\Users\Rajesh\AppData\Local\Temp\ccob29Cm.s 			page 7


  71:wiegand.c     **** 		{	
  72:wiegand.c     **** 			count++;
 271              		.loc 1 72 0
 272 003c BB7B     		ldrb	r3, [r7, #14]	@ zero_extendqisi2
 273 003e 0133     		adds	r3, r3, #1
 274 0040 BB73     		strb	r3, [r7, #14]
  73:wiegand.c     ****             if (count > nBits)
 275              		.loc 1 73 0
 276 0042 BA7B     		ldrb	r2, [r7, #14]	@ zero_extendqisi2
 277 0044 3B68     		ldr	r3, [r7]
 278 0046 9A42     		cmp	r2, r3
 279 0048 06DD     		ble	.L17
  74:wiegand.c     **** 			{
  75:wiegand.c     ****                 OptSelect_Write(2); //0, both output high
 280              		.loc 1 75 0
 281 004a 0220     		movs	r0, #2
 282 004c FFF7FEFF 		bl	OptSelect_Write
  76:wiegand.c     ****                 PS_D1_Write(0);
 283              		.loc 1 76 0
 284 0050 0020     		movs	r0, #0
 285 0052 FFF7FEFF 		bl	PS_D1_Write
  77:wiegand.c     ****     
  78:wiegand.c     ****                 return;
 286              		.loc 1 78 0
 287 0056 1DE0     		b	.L12
 288              	.L17:
  79:wiegand.c     **** 			}
  80:wiegand.c     **** 
  81:wiegand.c     **** 		    if (d1&0x80) // Check if it a 1 or a 0
 289              		.loc 1 81 0
 290 0058 97F90F30 		ldrsb	r3, [r7, #15]
 291 005c 002B     		cmp	r3, #0
 292 005e 02DA     		bge	.L18
  82:wiegand.c     **** 			{
  83:wiegand.c     ****                 send_D1_50us_pulse();
 293              		.loc 1 83 0
 294 0060 FFF7FEFF 		bl	send_D1_50us_pulse
 295 0064 01E0     		b	.L19
 296              	.L18:
  84:wiegand.c     **** 			}
  85:wiegand.c     **** 			else
  86:wiegand.c     **** 			{
  87:wiegand.c     ****                 send_D0_50us_pulse();
 297              		.loc 1 87 0
 298 0066 FFF7FEFF 		bl	send_D0_50us_pulse
 299              	.L19:
  88:wiegand.c     **** 			}			    
  89:wiegand.c     **** 			d1=d1<<1;
 300              		.loc 1 89 0 discriminator 2
 301 006a FB7B     		ldrb	r3, [r7, #15]
 302 006c 5B00     		lsls	r3, r3, #1
 303 006e FB73     		strb	r3, [r7, #15]
  90:wiegand.c     ****             CyDelayUs(1030); //1030 = 2ms
 304              		.loc 1 90 0 discriminator 2
 305 0070 40F20640 		movw	r0, #1030
 306 0074 FFF7FEFF 		bl	CyDelayUs
  70:wiegand.c     **** 		{	
ARM GAS  C:\Users\Rajesh\AppData\Local\Temp\ccob29Cm.s 			page 8


 307              		.loc 1 70 0 discriminator 2
 308 0078 3B69     		ldr	r3, [r7, #16]
 309 007a 0133     		adds	r3, r3, #1
 310 007c 3B61     		str	r3, [r7, #16]
 311              	.L16:
  70:wiegand.c     **** 		{	
 312              		.loc 1 70 0 is_stmt 0 discriminator 1
 313 007e 3B69     		ldr	r3, [r7, #16]
 314 0080 072B     		cmp	r3, #7
 315 0082 DBDD     		ble	.L20
  67:wiegand.c     **** 	{
 316              		.loc 1 67 0 is_stmt 1 discriminator 2
 317 0084 7B69     		ldr	r3, [r7, #20]
 318 0086 0133     		adds	r3, r3, #1
 319 0088 7B61     		str	r3, [r7, #20]
 320              	.L15:
  67:wiegand.c     **** 	{
 321              		.loc 1 67 0 is_stmt 0 discriminator 1
 322 008a 7B69     		ldr	r3, [r7, #20]
 323 008c 1D2B     		cmp	r3, #29
 324 008e CDDD     		ble	.L21
 325 0090 00E0     		b	.L12
 326              	.L22:
  63:wiegand.c     ****     OptSelect_Write(2); //0, both output high
 327              		.loc 1 63 0 is_stmt 1
 328 0092 00BF     		nop
 329              	.L12:
  91:wiegand.c     **** 		}
  92:wiegand.c     **** 	}
  93:wiegand.c     **** 
  94:wiegand.c     **** }
 330              		.loc 1 94 0
 331 0094 1837     		adds	r7, r7, #24
 332              		.cfi_def_cfa_offset 8
 333 0096 BD46     		mov	sp, r7
 334              		.cfi_def_cfa_register 13
 335              		@ sp needed
 336 0098 80BD     		pop	{r7, pc}
 337              		.cfi_endproc
 338              	.LFE68:
 339              		.size	SendWeigand, .-SendWeigand
 340 009a 00BF     		.section	.text.ReadWeigand,"ax",%progbits
 341              		.align	2
 342              		.global	ReadWeigand
 343              		.thumb
 344              		.thumb_func
 345              		.type	ReadWeigand, %function
 346              	ReadWeigand:
 347              	.LFB69:
  95:wiegand.c     **** 
  96:wiegand.c     **** int ReadWeigand(int nBits, int passmode)
  97:wiegand.c     **** {
 348              		.loc 1 97 0
 349              		.cfi_startproc
 350              		@ args = 0, pretend = 0, frame = 16
 351              		@ frame_needed = 1, uses_anonymous_args = 0
 352 0000 80B5     		push	{r7, lr}
ARM GAS  C:\Users\Rajesh\AppData\Local\Temp\ccob29Cm.s 			page 9


 353              		.cfi_def_cfa_offset 8
 354              		.cfi_offset 7, -8
 355              		.cfi_offset 14, -4
 356 0002 84B0     		sub	sp, sp, #16
 357              		.cfi_def_cfa_offset 24
 358 0004 00AF     		add	r7, sp, #0
 359              		.cfi_def_cfa_register 7
 360 0006 7860     		str	r0, [r7, #4]
 361 0008 3960     		str	r1, [r7]
  98:wiegand.c     ****     
  99:wiegand.c     ****     if(isWiegandDataReady){
 362              		.loc 1 99 0
 363 000a 424B     		ldr	r3, .L31
 364 000c 1B78     		ldrb	r3, [r3]	@ zero_extendqisi2
 365 000e 002B     		cmp	r3, #0
 366 0010 7BD0     		beq	.L24
 100:wiegand.c     ****         
 101:wiegand.c     ****         isr_WD_SYNC_Disable();
 367              		.loc 1 101 0
 368 0012 FFF7FEFF 		bl	isr_WD_SYNC_Disable
 102:wiegand.c     ****             MyI2C_Regs.buffer1[9] = (wiegandBitCount>>8) & 0xFF;
 369              		.loc 1 102 0
 370 0016 404B     		ldr	r3, .L31+4
 371 0018 1B68     		ldr	r3, [r3]
 372 001a 1B12     		asrs	r3, r3, #8
 373 001c DAB2     		uxtb	r2, r3
 374 001e 3F4B     		ldr	r3, .L31+8
 375 0020 83F85220 		strb	r2, [r3, #82]
 103:wiegand.c     ****             MyI2C_Regs.buffer1[10] = wiegandBitCount & 0xFF;
 376              		.loc 1 103 0
 377 0024 3C4B     		ldr	r3, .L31+4
 378 0026 1B68     		ldr	r3, [r3]
 379 0028 DAB2     		uxtb	r2, r3
 380 002a 3C4B     		ldr	r3, .L31+8
 381 002c 83F85320 		strb	r2, [r3, #83]
 104:wiegand.c     **** 
 105:wiegand.c     ****         if(wiegandBitCount){//== nBits){
 382              		.loc 1 105 0
 383 0030 394B     		ldr	r3, .L31+4
 384 0032 1B68     		ldr	r3, [r3]
 385 0034 002B     		cmp	r3, #0
 386 0036 56D0     		beq	.L25
 106:wiegand.c     ****            
 107:wiegand.c     ****  //           MyI2C_Regs.data_length[0] = (nBits>>8) & 0xFF;
 108:wiegand.c     ****  //           MyI2C_Regs.data_length[1] = nBits & 0xFF;
 109:wiegand.c     ****            
 110:wiegand.c     ****             if(passmode || ((run_mode == MODE_WIEGAND + PIN_PASS) && (wiegandBitCount == 8 || wiega
 387              		.loc 1 110 0
 388 0038 3B68     		ldr	r3, [r7]
 389 003a 002B     		cmp	r3, #0
 390 003c 0BD1     		bne	.L26
 391              		.loc 1 110 0 is_stmt 0 discriminator 1
 392 003e 384B     		ldr	r3, .L31+12
 393 0040 1B78     		ldrb	r3, [r3]	@ zero_extendqisi2
 394 0042 9C2B     		cmp	r3, #156
 395 0044 0ED1     		bne	.L27
 396              		.loc 1 110 0 discriminator 2
ARM GAS  C:\Users\Rajesh\AppData\Local\Temp\ccob29Cm.s 			page 10


 397 0046 344B     		ldr	r3, .L31+4
 398 0048 1B68     		ldr	r3, [r3]
 399 004a 082B     		cmp	r3, #8
 400 004c 03D0     		beq	.L26
 401              		.loc 1 110 0 discriminator 3
 402 004e 324B     		ldr	r3, .L31+4
 403 0050 1B68     		ldr	r3, [r3]
 404 0052 042B     		cmp	r3, #4
 405 0054 06D1     		bne	.L27
 406              	.L26:
 111:wiegand.c     ****             {
 112:wiegand.c     ****                 SendWeigand(wiegandBuffer, wiegandBitCount);//nBits);
 407              		.loc 1 112 0 is_stmt 1
 408 0056 304B     		ldr	r3, .L31+4
 409 0058 1B68     		ldr	r3, [r3]
 410 005a 1946     		mov	r1, r3
 411 005c 3148     		ldr	r0, .L31+16
 412 005e FFF7FEFF 		bl	SendWeigand
 413 0062 40E0     		b	.L25
 414              	.L27:
 113:wiegand.c     ****             }
 114:wiegand.c     ****             else
 115:wiegand.c     ****             {
 116:wiegand.c     ****              MyI2C_Regs.bits = wiegandBitCount;                
 415              		.loc 1 116 0
 416 0064 2C4B     		ldr	r3, .L31+4
 417 0066 1B68     		ldr	r3, [r3]
 418 0068 DAB2     		uxtb	r2, r3
 419 006a 2C4B     		ldr	r3, .L31+8
 420 006c 5A72     		strb	r2, [r3, #9]
 117:wiegand.c     ****              MyI2C_Regs.data_length[0] = (wiegandBitCount>>8) & 0xFF;
 421              		.loc 1 117 0
 422 006e 2A4B     		ldr	r3, .L31+4
 423 0070 1B68     		ldr	r3, [r3]
 424 0072 1B12     		asrs	r3, r3, #8
 425 0074 DAB2     		uxtb	r2, r3
 426 0076 294B     		ldr	r3, .L31+8
 427 0078 DA71     		strb	r2, [r3, #7]
 118:wiegand.c     ****              MyI2C_Regs.data_length[1] = wiegandBitCount & 0xFF;
 428              		.loc 1 118 0
 429 007a 274B     		ldr	r3, .L31+4
 430 007c 1B68     		ldr	r3, [r3]
 431 007e DAB2     		uxtb	r2, r3
 432 0080 264B     		ldr	r3, .L31+8
 433 0082 1A72     		strb	r2, [r3, #8]
 434              	.LBB3:
 119:wiegand.c     ****                 for (int i = 0; i <= wiegandByteCount; i ++)
 435              		.loc 1 119 0
 436 0084 0023     		movs	r3, #0
 437 0086 FB60     		str	r3, [r7, #12]
 438 0088 10E0     		b	.L28
 439              	.L29:
 120:wiegand.c     ****                 {
 121:wiegand.c     ****                     MyI2C_Regs.buffer[i] = wiegandBuffer[i];
 440              		.loc 1 121 0 discriminator 3
 441 008a 264A     		ldr	r2, .L31+16
 442 008c FB68     		ldr	r3, [r7, #12]
ARM GAS  C:\Users\Rajesh\AppData\Local\Temp\ccob29Cm.s 			page 11


 443 008e 1344     		add	r3, r3, r2
 444 0090 1978     		ldrb	r1, [r3]	@ zero_extendqisi2
 445 0092 224A     		ldr	r2, .L31+8
 446 0094 FB68     		ldr	r3, [r7, #12]
 447 0096 1344     		add	r3, r3, r2
 448 0098 03F5B273 		add	r3, r3, #356
 449 009c 0A46     		mov	r2, r1
 450 009e 1A70     		strb	r2, [r3]
 122:wiegand.c     ****                     CyDelayUs(1u);  //add some delay for I2C  ??????
 451              		.loc 1 122 0 discriminator 3
 452 00a0 0120     		movs	r0, #1
 453 00a2 FFF7FEFF 		bl	CyDelayUs
 119:wiegand.c     ****                 for (int i = 0; i <= wiegandByteCount; i ++)
 454              		.loc 1 119 0 discriminator 3
 455 00a6 FB68     		ldr	r3, [r7, #12]
 456 00a8 0133     		adds	r3, r3, #1
 457 00aa FB60     		str	r3, [r7, #12]
 458              	.L28:
 119:wiegand.c     ****                 for (int i = 0; i <= wiegandByteCount; i ++)
 459              		.loc 1 119 0 is_stmt 0 discriminator 1
 460 00ac 1E4B     		ldr	r3, .L31+20
 461 00ae 1B68     		ldr	r3, [r3]
 462 00b0 FA68     		ldr	r2, [r7, #12]
 463 00b2 9A42     		cmp	r2, r3
 464 00b4 E9DD     		ble	.L29
 465              	.LBE3:
 123:wiegand.c     ****                 }
 124:wiegand.c     ****                 card_ack = 0;
 466              		.loc 1 124 0 is_stmt 1
 467 00b6 1D4B     		ldr	r3, .L31+24
 468 00b8 0022     		movs	r2, #0
 469 00ba 1A60     		str	r2, [r3]
 125:wiegand.c     ****                 card_in_buf = 1;
 470              		.loc 1 125 0
 471 00bc 1C4B     		ldr	r3, .L31+28
 472 00be 0122     		movs	r2, #1
 473 00c0 1A60     		str	r2, [r3]
 126:wiegand.c     ****                 MyI2C_Regs.status_out |= STAT_CHANGE | STAT_CARD_IN ;
 474              		.loc 1 126 0
 475 00c2 164B     		ldr	r3, .L31+8
 476 00c4 1B78     		ldrb	r3, [r3]	@ zero_extendqisi2
 477 00c6 43F00303 		orr	r3, r3, #3
 478 00ca DAB2     		uxtb	r2, r3
 479 00cc 134B     		ldr	r3, .L31+8
 480 00ce 1A70     		strb	r2, [r3]
 127:wiegand.c     ****                 MyI2C_Regs.cmd = CMD_NONE;
 481              		.loc 1 127 0
 482 00d0 124B     		ldr	r3, .L31+8
 483 00d2 0022     		movs	r2, #0
 484 00d4 9A70     		strb	r2, [r3, #2]
 128:wiegand.c     ****                 MyI2C_Regs.buffer1[12]++;
 485              		.loc 1 128 0
 486 00d6 114B     		ldr	r3, .L31+8
 487 00d8 93F85530 		ldrb	r3, [r3, #85]	@ zero_extendqisi2
 488 00dc 0133     		adds	r3, r3, #1
 489 00de DAB2     		uxtb	r2, r3
 490 00e0 0E4B     		ldr	r3, .L31+8
ARM GAS  C:\Users\Rajesh\AppData\Local\Temp\ccob29Cm.s 			page 12


 491 00e2 83F85520 		strb	r2, [r3, #85]
 492              	.L25:
 129:wiegand.c     ****             
 130:wiegand.c     ****             }
 131:wiegand.c     ****         }
 132:wiegand.c     **** 	    isWiegandDataReady = 0;
 493              		.loc 1 132 0
 494 00e6 0B4B     		ldr	r3, .L31
 495 00e8 0022     		movs	r2, #0
 496 00ea 1A70     		strb	r2, [r3]
 133:wiegand.c     ****         testBitCount = 0;
 497              		.loc 1 133 0
 498 00ec 114B     		ldr	r3, .L31+32
 499 00ee 0022     		movs	r2, #0
 500 00f0 1A60     		str	r2, [r3]
 134:wiegand.c     ****         wiegandByteCount = 0;
 501              		.loc 1 134 0
 502 00f2 0D4B     		ldr	r3, .L31+20
 503 00f4 0022     		movs	r2, #0
 504 00f6 1A60     		str	r2, [r3]
 135:wiegand.c     ****         wiegandBitCount = 0;
 505              		.loc 1 135 0
 506 00f8 074B     		ldr	r3, .L31+4
 507 00fa 0022     		movs	r2, #0
 508 00fc 1A60     		str	r2, [r3]
 136:wiegand.c     ****     	clearWiegandBuffer();
 509              		.loc 1 136 0
 510 00fe FFF7FEFF 		bl	clearWiegandBuffer
 137:wiegand.c     ****         isr_WD_SYNC_Enable();
 511              		.loc 1 137 0
 512 0102 FFF7FEFF 		bl	isr_WD_SYNC_Enable
 138:wiegand.c     ****         return 1;
 513              		.loc 1 138 0
 514 0106 0123     		movs	r3, #1
 515 0108 00E0     		b	.L30
 516              	.L24:
 139:wiegand.c     ****     }
 140:wiegand.c     ****     return 0;
 517              		.loc 1 140 0
 518 010a 0023     		movs	r3, #0
 519              	.L30:
 141:wiegand.c     **** }
 520              		.loc 1 141 0
 521 010c 1846     		mov	r0, r3
 522 010e 1037     		adds	r7, r7, #16
 523              		.cfi_def_cfa_offset 8
 524 0110 BD46     		mov	sp, r7
 525              		.cfi_def_cfa_register 13
 526              		@ sp needed
 527 0112 80BD     		pop	{r7, pc}
 528              	.L32:
 529              		.align	2
 530              	.L31:
 531 0114 00000000 		.word	isWiegandDataReady
 532 0118 00000000 		.word	wiegandBitCount
 533 011c 00000000 		.word	MyI2C_Regs
 534 0120 00000000 		.word	run_mode
ARM GAS  C:\Users\Rajesh\AppData\Local\Temp\ccob29Cm.s 			page 13


 535 0124 00000000 		.word	wiegandBuffer
 536 0128 00000000 		.word	wiegandByteCount
 537 012c 00000000 		.word	card_ack
 538 0130 00000000 		.word	card_in_buf
 539 0134 00000000 		.word	testBitCount
 540              		.cfi_endproc
 541              	.LFE69:
 542              		.size	ReadWeigand, .-ReadWeigand
 543              		.text
 544              	.Letext0:
 545              		.file 2 "c:\\program files (x86)\\cypress\\psoc creator\\4.2\\psoc creator\\import\\gnu\\arm\\5.4.
 546              		.file 3 "c:\\program files (x86)\\cypress\\psoc creator\\4.2\\psoc creator\\import\\gnu\\arm\\5.4.
 547              		.file 4 "softuart.h"
 548              		.file 5 "system.h"
 549              		.file 6 "Generated_Source\\PSoC5/core_cm3.h"
 550              		.section	.debug_info,"",%progbits
 551              	.Ldebug_info0:
 552 0000 3A050000 		.4byte	0x53a
 553 0004 0400     		.2byte	0x4
 554 0006 00000000 		.4byte	.Ldebug_abbrev0
 555 000a 04       		.byte	0x4
 556 000b 01       		.uleb128 0x1
 557 000c 8A000000 		.4byte	.LASF78
 558 0010 0C       		.byte	0xc
 559 0011 9D030000 		.4byte	.LASF79
 560 0015 5C020000 		.4byte	.LASF80
 561 0019 00000000 		.4byte	.Ldebug_ranges0+0
 562 001d 00000000 		.4byte	0
 563 0021 00000000 		.4byte	.Ldebug_line0
 564 0025 02       		.uleb128 0x2
 565 0026 01       		.byte	0x1
 566 0027 06       		.byte	0x6
 567 0028 79010000 		.4byte	.LASF0
 568 002c 02       		.uleb128 0x2
 569 002d 01       		.byte	0x1
 570 002e 08       		.byte	0x8
 571 002f CE020000 		.4byte	.LASF1
 572 0033 02       		.uleb128 0x2
 573 0034 02       		.byte	0x2
 574 0035 05       		.byte	0x5
 575 0036 37010000 		.4byte	.LASF2
 576 003a 02       		.uleb128 0x2
 577 003b 02       		.byte	0x2
 578 003c 07       		.byte	0x7
 579 003d 8A030000 		.4byte	.LASF3
 580 0041 03       		.uleb128 0x3
 581 0042 F6030000 		.4byte	.LASF9
 582 0046 02       		.byte	0x2
 583 0047 3F       		.byte	0x3f
 584 0048 4C000000 		.4byte	0x4c
 585 004c 02       		.uleb128 0x2
 586 004d 04       		.byte	0x4
 587 004e 05       		.byte	0x5
 588 004f EA010000 		.4byte	.LASF4
 589 0053 02       		.uleb128 0x2
 590 0054 04       		.byte	0x4
 591 0055 07       		.byte	0x7
ARM GAS  C:\Users\Rajesh\AppData\Local\Temp\ccob29Cm.s 			page 14


 592 0056 2E030000 		.4byte	.LASF5
 593 005a 02       		.uleb128 0x2
 594 005b 08       		.byte	0x8
 595 005c 05       		.byte	0x5
 596 005d 24010000 		.4byte	.LASF6
 597 0061 02       		.uleb128 0x2
 598 0062 08       		.byte	0x8
 599 0063 07       		.byte	0x7
 600 0064 00030000 		.4byte	.LASF7
 601 0068 04       		.uleb128 0x4
 602 0069 04       		.byte	0x4
 603 006a 05       		.byte	0x5
 604 006b 696E7400 		.ascii	"int\000"
 605 006f 02       		.uleb128 0x2
 606 0070 04       		.byte	0x4
 607 0071 07       		.byte	0x7
 608 0072 17030000 		.4byte	.LASF8
 609 0076 03       		.uleb128 0x3
 610 0077 70030000 		.4byte	.LASF10
 611 007b 03       		.byte	0x3
 612 007c 2C       		.byte	0x2c
 613 007d 41000000 		.4byte	0x41
 614 0081 02       		.uleb128 0x2
 615 0082 04       		.byte	0x4
 616 0083 04       		.byte	0x4
 617 0084 8C010000 		.4byte	.LASF11
 618 0088 02       		.uleb128 0x2
 619 0089 08       		.byte	0x8
 620 008a 04       		.byte	0x4
 621 008b 28040000 		.4byte	.LASF12
 622 008f 02       		.uleb128 0x2
 623 0090 01       		.byte	0x1
 624 0091 08       		.byte	0x8
 625 0092 6B030000 		.4byte	.LASF13
 626 0096 02       		.uleb128 0x2
 627 0097 08       		.byte	0x8
 628 0098 04       		.byte	0x4
 629 0099 AC020000 		.4byte	.LASF14
 630 009d 02       		.uleb128 0x2
 631 009e 04       		.byte	0x4
 632 009f 07       		.byte	0x7
 633 00a0 51000000 		.4byte	.LASF15
 634 00a4 05       		.uleb128 0x5
 635 00a5 04       		.byte	0x4
 636 00a6 2C000000 		.4byte	0x2c
 637 00aa 06       		.uleb128 0x6
 638 00ab 28       		.byte	0x28
 639 00ac 04       		.byte	0x4
 640 00ad 0D       		.byte	0xd
 641 00ae 43010000 		.4byte	0x143
 642 00b2 07       		.uleb128 0x7
 643 00b3 B8020000 		.4byte	.LASF16
 644 00b7 04       		.byte	0x4
 645 00b8 0F       		.byte	0xf
 646 00b9 68000000 		.4byte	0x68
 647 00bd 00       		.byte	0
 648 00be 07       		.uleb128 0x7
ARM GAS  C:\Users\Rajesh\AppData\Local\Temp\ccob29Cm.s 			page 15


 649 00bf 3A020000 		.4byte	.LASF17
 650 00c3 04       		.byte	0x4
 651 00c4 10       		.byte	0x10
 652 00c5 68000000 		.4byte	0x68
 653 00c9 04       		.byte	0x4
 654 00ca 07       		.uleb128 0x7
 655 00cb 24030000 		.4byte	.LASF18
 656 00cf 04       		.byte	0x4
 657 00d0 11       		.byte	0x11
 658 00d1 68000000 		.4byte	0x68
 659 00d5 08       		.byte	0x8
 660 00d6 07       		.uleb128 0x7
 661 00d7 AA010000 		.4byte	.LASF19
 662 00db 04       		.byte	0x4
 663 00dc 12       		.byte	0x12
 664 00dd 68000000 		.4byte	0x68
 665 00e1 0C       		.byte	0xc
 666 00e2 07       		.uleb128 0x7
 667 00e3 C1030000 		.4byte	.LASF20
 668 00e7 04       		.byte	0x4
 669 00e8 13       		.byte	0x13
 670 00e9 3A000000 		.4byte	0x3a
 671 00ed 10       		.byte	0x10
 672 00ee 07       		.uleb128 0x7
 673 00ef 1F020000 		.4byte	.LASF21
 674 00f3 04       		.byte	0x4
 675 00f4 14       		.byte	0x14
 676 00f5 43010000 		.4byte	0x143
 677 00f9 12       		.byte	0x12
 678 00fa 07       		.uleb128 0x7
 679 00fb 63030000 		.4byte	.LASF22
 680 00ff 04       		.byte	0x4
 681 0100 15       		.byte	0x15
 682 0101 43010000 		.4byte	0x143
 683 0105 14       		.byte	0x14
 684 0106 07       		.uleb128 0x7
 685 0107 46010000 		.4byte	.LASF23
 686 010b 04       		.byte	0x4
 687 010c 16       		.byte	0x16
 688 010d 3A000000 		.4byte	0x3a
 689 0111 16       		.byte	0x16
 690 0112 07       		.uleb128 0x7
 691 0113 FA020000 		.4byte	.LASF24
 692 0117 04       		.byte	0x4
 693 0118 17       		.byte	0x17
 694 0119 48010000 		.4byte	0x148
 695 011d 18       		.byte	0x18
 696 011e 07       		.uleb128 0x7
 697 011f 50040000 		.4byte	.LASF25
 698 0123 04       		.byte	0x4
 699 0124 18       		.byte	0x18
 700 0125 48010000 		.4byte	0x148
 701 0129 1C       		.byte	0x1c
 702 012a 07       		.uleb128 0x7
 703 012b FF010000 		.4byte	.LASF26
 704 012f 04       		.byte	0x4
 705 0130 19       		.byte	0x19
ARM GAS  C:\Users\Rajesh\AppData\Local\Temp\ccob29Cm.s 			page 16


 706 0131 48010000 		.4byte	0x148
 707 0135 20       		.byte	0x20
 708 0136 07       		.uleb128 0x7
 709 0137 5B030000 		.4byte	.LASF27
 710 013b 04       		.byte	0x4
 711 013c 1A       		.byte	0x1a
 712 013d 48010000 		.4byte	0x148
 713 0141 24       		.byte	0x24
 714 0142 00       		.byte	0
 715 0143 08       		.uleb128 0x8
 716 0144 3A000000 		.4byte	0x3a
 717 0148 08       		.uleb128 0x8
 718 0149 68000000 		.4byte	0x68
 719 014d 03       		.uleb128 0x3
 720 014e 9B020000 		.4byte	.LASF28
 721 0152 04       		.byte	0x4
 722 0153 1B       		.byte	0x1b
 723 0154 AA000000 		.4byte	0xaa
 724 0158 09       		.uleb128 0x9
 725 0159 06000000 		.4byte	.LASF55
 726 015d DC01     		.2byte	0x1dc
 727 015f 05       		.byte	0x5
 728 0160 1E       		.byte	0x1e
 729 0161 B8020000 		.4byte	0x2b8
 730 0165 07       		.uleb128 0x7
 731 0166 09040000 		.4byte	.LASF29
 732 016a 05       		.byte	0x5
 733 016b 1F       		.byte	0x1f
 734 016c 8F000000 		.4byte	0x8f
 735 0170 00       		.byte	0
 736 0171 07       		.uleb128 0x7
 737 0172 D0030000 		.4byte	.LASF30
 738 0176 05       		.byte	0x5
 739 0177 20       		.byte	0x20
 740 0178 8F000000 		.4byte	0x8f
 741 017c 01       		.byte	0x1
 742 017d 0A       		.uleb128 0xa
 743 017e 636D6400 		.ascii	"cmd\000"
 744 0182 05       		.byte	0x5
 745 0183 21       		.byte	0x21
 746 0184 8F000000 		.4byte	0x8f
 747 0188 02       		.byte	0x2
 748 0189 07       		.uleb128 0x7
 749 018a 32010000 		.4byte	.LASF31
 750 018e 05       		.byte	0x5
 751 018f 22       		.byte	0x22
 752 0190 2C000000 		.4byte	0x2c
 753 0194 03       		.byte	0x3
 754 0195 07       		.uleb128 0x7
 755 0196 9E010000 		.4byte	.LASF32
 756 019a 05       		.byte	0x5
 757 019b 23       		.byte	0x23
 758 019c 8F000000 		.4byte	0x8f
 759 01a0 04       		.byte	0x4
 760 01a1 07       		.uleb128 0x7
 761 01a2 40030000 		.4byte	.LASF33
 762 01a6 05       		.byte	0x5
ARM GAS  C:\Users\Rajesh\AppData\Local\Temp\ccob29Cm.s 			page 17


 763 01a7 24       		.byte	0x24
 764 01a8 8F000000 		.4byte	0x8f
 765 01ac 05       		.byte	0x5
 766 01ad 07       		.uleb128 0x7
 767 01ae 70000000 		.4byte	.LASF34
 768 01b2 05       		.byte	0x5
 769 01b3 25       		.byte	0x25
 770 01b4 8F000000 		.4byte	0x8f
 771 01b8 06       		.byte	0x6
 772 01b9 07       		.uleb128 0x7
 773 01ba 7E000000 		.4byte	.LASF35
 774 01be 05       		.byte	0x5
 775 01bf 26       		.byte	0x26
 776 01c0 B8020000 		.4byte	0x2b8
 777 01c4 07       		.byte	0x7
 778 01c5 07       		.uleb128 0x7
 779 01c6 AA010000 		.4byte	.LASF19
 780 01ca 05       		.byte	0x5
 781 01cb 27       		.byte	0x27
 782 01cc 2C000000 		.4byte	0x2c
 783 01d0 09       		.byte	0x9
 784 01d1 07       		.uleb128 0x7
 785 01d2 52020000 		.4byte	.LASF36
 786 01d6 05       		.byte	0x5
 787 01d7 28       		.byte	0x28
 788 01d8 2C000000 		.4byte	0x2c
 789 01dc 0A       		.byte	0xa
 790 01dd 07       		.uleb128 0x7
 791 01de 4E010000 		.4byte	.LASF37
 792 01e2 05       		.byte	0x5
 793 01e3 29       		.byte	0x29
 794 01e4 2C000000 		.4byte	0x2c
 795 01e8 0B       		.byte	0xb
 796 01e9 07       		.uleb128 0x7
 797 01ea EE020000 		.4byte	.LASF38
 798 01ee 05       		.byte	0x5
 799 01ef 2A       		.byte	0x2a
 800 01f0 2C000000 		.4byte	0x2c
 801 01f4 0C       		.byte	0xc
 802 01f5 07       		.uleb128 0x7
 803 01f6 64000000 		.4byte	.LASF39
 804 01fa 05       		.byte	0x5
 805 01fb 2B       		.byte	0x2b
 806 01fc 2C000000 		.4byte	0x2c
 807 0200 0D       		.byte	0xd
 808 0201 07       		.uleb128 0x7
 809 0202 DA030000 		.4byte	.LASF40
 810 0206 05       		.byte	0x5
 811 0207 2C       		.byte	0x2c
 812 0208 C8020000 		.4byte	0x2c8
 813 020c 0E       		.byte	0xe
 814 020d 07       		.uleb128 0x7
 815 020e 14040000 		.4byte	.LASF41
 816 0212 05       		.byte	0x5
 817 0213 2D       		.byte	0x2d
 818 0214 D8020000 		.4byte	0x2d8
 819 0218 43       		.byte	0x43
ARM GAS  C:\Users\Rajesh\AppData\Local\Temp\ccob29Cm.s 			page 18


 820 0219 07       		.uleb128 0x7
 821 021a 3C040000 		.4byte	.LASF42
 822 021e 05       		.byte	0x5
 823 021f 2E       		.byte	0x2e
 824 0220 D8020000 		.4byte	0x2d8
 825 0224 46       		.byte	0x46
 826 0225 07       		.uleb128 0x7
 827 0226 E8030000 		.4byte	.LASF43
 828 022a 05       		.byte	0x5
 829 022b 2F       		.byte	0x2f
 830 022c E8020000 		.4byte	0x2e8
 831 0230 49       		.byte	0x49
 832 0231 07       		.uleb128 0x7
 833 0232 47040000 		.4byte	.LASF44
 834 0236 05       		.byte	0x5
 835 0237 30       		.byte	0x30
 836 0238 2C000000 		.4byte	0x2c
 837 023c 5D       		.byte	0x5d
 838 023d 07       		.uleb128 0x7
 839 023e 0F000000 		.4byte	.LASF45
 840 0242 05       		.byte	0x5
 841 0243 31       		.byte	0x31
 842 0244 2C000000 		.4byte	0x2c
 843 0248 5E       		.byte	0x5e
 844 0249 07       		.uleb128 0x7
 845 024a BD020000 		.4byte	.LASF46
 846 024e 05       		.byte	0x5
 847 024f 32       		.byte	0x32
 848 0250 2C000000 		.4byte	0x2c
 849 0254 5F       		.byte	0x5f
 850 0255 07       		.uleb128 0x7
 851 0256 5A000000 		.4byte	.LASF47
 852 025a 05       		.byte	0x5
 853 025b 33       		.byte	0x33
 854 025c 2C000000 		.4byte	0x2c
 855 0260 60       		.byte	0x60
 856 0261 07       		.uleb128 0x7
 857 0262 18010000 		.4byte	.LASF48
 858 0266 05       		.byte	0x5
 859 0267 34       		.byte	0x34
 860 0268 F8020000 		.4byte	0x2f8
 861 026c 61       		.byte	0x61
 862 026d 07       		.uleb128 0x7
 863 026e 1B000000 		.4byte	.LASF49
 864 0272 05       		.byte	0x5
 865 0273 35       		.byte	0x35
 866 0274 2C000000 		.4byte	0x2c
 867 0278 E1       		.byte	0xe1
 868 0279 07       		.uleb128 0x7
 869 027a AF010000 		.4byte	.LASF50
 870 027e 05       		.byte	0x5
 871 027f 36       		.byte	0x36
 872 0280 2C000000 		.4byte	0x2c
 873 0284 E2       		.byte	0xe2
 874 0285 07       		.uleb128 0x7
 875 0286 41020000 		.4byte	.LASF51
 876 028a 05       		.byte	0x5
ARM GAS  C:\Users\Rajesh\AppData\Local\Temp\ccob29Cm.s 			page 19


 877 028b 37       		.byte	0x37
 878 028c 2C000000 		.4byte	0x2c
 879 0290 E3       		.byte	0xe3
 880 0291 07       		.uleb128 0x7
 881 0292 88020000 		.4byte	.LASF52
 882 0296 05       		.byte	0x5
 883 0297 38       		.byte	0x38
 884 0298 F8020000 		.4byte	0x2f8
 885 029c E4       		.byte	0xe4
 886 029d 0B       		.uleb128 0xb
 887 029e C9030000 		.4byte	.LASF53
 888 02a2 05       		.byte	0x5
 889 02a3 39       		.byte	0x39
 890 02a4 08030000 		.4byte	0x308
 891 02a8 6401     		.2byte	0x164
 892 02aa 0B       		.uleb128 0xb
 893 02ab E1030000 		.4byte	.LASF54
 894 02af 05       		.byte	0x5
 895 02b0 3A       		.byte	0x3a
 896 02b1 E8020000 		.4byte	0x2e8
 897 02b5 C801     		.2byte	0x1c8
 898 02b7 00       		.byte	0
 899 02b8 0C       		.uleb128 0xc
 900 02b9 2C000000 		.4byte	0x2c
 901 02bd C8020000 		.4byte	0x2c8
 902 02c1 0D       		.uleb128 0xd
 903 02c2 9D000000 		.4byte	0x9d
 904 02c6 01       		.byte	0x1
 905 02c7 00       		.byte	0
 906 02c8 0C       		.uleb128 0xc
 907 02c9 2C000000 		.4byte	0x2c
 908 02cd D8020000 		.4byte	0x2d8
 909 02d1 0D       		.uleb128 0xd
 910 02d2 9D000000 		.4byte	0x9d
 911 02d6 34       		.byte	0x34
 912 02d7 00       		.byte	0
 913 02d8 0C       		.uleb128 0xc
 914 02d9 8F000000 		.4byte	0x8f
 915 02dd E8020000 		.4byte	0x2e8
 916 02e1 0D       		.uleb128 0xd
 917 02e2 9D000000 		.4byte	0x9d
 918 02e6 02       		.byte	0x2
 919 02e7 00       		.byte	0
 920 02e8 0C       		.uleb128 0xc
 921 02e9 2C000000 		.4byte	0x2c
 922 02ed F8020000 		.4byte	0x2f8
 923 02f1 0D       		.uleb128 0xd
 924 02f2 9D000000 		.4byte	0x9d
 925 02f6 13       		.byte	0x13
 926 02f7 00       		.byte	0
 927 02f8 0C       		.uleb128 0xc
 928 02f9 2C000000 		.4byte	0x2c
 929 02fd 08030000 		.4byte	0x308
 930 0301 0D       		.uleb128 0xd
 931 0302 9D000000 		.4byte	0x9d
 932 0306 7F       		.byte	0x7f
 933 0307 00       		.byte	0
ARM GAS  C:\Users\Rajesh\AppData\Local\Temp\ccob29Cm.s 			page 20


 934 0308 0C       		.uleb128 0xc
 935 0309 2C000000 		.4byte	0x2c
 936 030d 18030000 		.4byte	0x318
 937 0311 0D       		.uleb128 0xd
 938 0312 9D000000 		.4byte	0x9d
 939 0316 63       		.byte	0x63
 940 0317 00       		.byte	0
 941 0318 03       		.uleb128 0x3
 942 0319 06000000 		.4byte	.LASF55
 943 031d 05       		.byte	0x5
 944 031e 3B       		.byte	0x3b
 945 031f 58010000 		.4byte	0x158
 946 0323 0E       		.uleb128 0xe
 947 0324 F3010000 		.4byte	.LASF56
 948 0328 01       		.byte	0x1
 949 0329 15       		.byte	0x15
 950 032a 00000000 		.4byte	.LFB63
 951 032e 18000000 		.4byte	.LFE63-.LFB63
 952 0332 01       		.uleb128 0x1
 953 0333 9C       		.byte	0x9c
 954 0334 0F       		.uleb128 0xf
 955 0335 2B000000 		.4byte	.LASF81
 956 0339 01       		.byte	0x1
 957 033a 1B       		.byte	0x1b
 958 033b 00000000 		.4byte	.LFB64
 959 033f 24000000 		.4byte	.LFE64-.LFB64
 960 0343 01       		.uleb128 0x1
 961 0344 9C       		.byte	0x9c
 962 0345 0E       		.uleb128 0xe
 963 0346 CE010000 		.4byte	.LASF57
 964 034a 01       		.byte	0x1
 965 034b 24       		.byte	0x24
 966 034c 00000000 		.4byte	.LFB65
 967 0350 12000000 		.4byte	.LFE65-.LFB65
 968 0354 01       		.uleb128 0x1
 969 0355 9C       		.byte	0x9c
 970 0356 0E       		.uleb128 0xe
 971 0357 0C020000 		.4byte	.LASF58
 972 035b 01       		.byte	0x1
 973 035c 29       		.byte	0x29
 974 035d 00000000 		.4byte	.LFB66
 975 0361 12000000 		.4byte	.LFE66-.LFB66
 976 0365 01       		.uleb128 0x1
 977 0366 9C       		.byte	0x9c
 978 0367 10       		.uleb128 0x10
 979 0368 27020000 		.4byte	.LASF82
 980 036c 01       		.byte	0x1
 981 036d 2F       		.byte	0x2f
 982 036e 00000000 		.4byte	.LFB67
 983 0372 30000000 		.4byte	.LFE67-.LFB67
 984 0376 01       		.uleb128 0x1
 985 0377 9C       		.byte	0x9c
 986 0378 93030000 		.4byte	0x393
 987 037c 11       		.uleb128 0x11
 988 037d 06000000 		.4byte	.LBB2
 989 0381 1C000000 		.4byte	.LBE2-.LBB2
 990 0385 12       		.uleb128 0x12
ARM GAS  C:\Users\Rajesh\AppData\Local\Temp\ccob29Cm.s 			page 21


 991 0386 6900     		.ascii	"i\000"
 992 0388 01       		.byte	0x1
 993 0389 30       		.byte	0x30
 994 038a 68000000 		.4byte	0x68
 995 038e 02       		.uleb128 0x2
 996 038f 91       		.byte	0x91
 997 0390 74       		.sleb128 -12
 998 0391 00       		.byte	0
 999 0392 00       		.byte	0
 1000 0393 13       		.uleb128 0x13
 1001 0394 3A000000 		.4byte	.LASF83
 1002 0398 01       		.byte	0x1
 1003 0399 35       		.byte	0x35
 1004 039a 00000000 		.4byte	.LFB68
 1005 039e 9A000000 		.4byte	.LFE68-.LFB68
 1006 03a2 01       		.uleb128 0x1
 1007 03a3 9C       		.byte	0x9c
 1008 03a4 F8030000 		.4byte	0x3f8
 1009 03a8 14       		.uleb128 0x14
 1010 03a9 41010000 		.4byte	.LASF59
 1011 03ad 01       		.byte	0x1
 1012 03ae 35       		.byte	0x35
 1013 03af A4000000 		.4byte	0xa4
 1014 03b3 02       		.uleb128 0x2
 1015 03b4 91       		.byte	0x91
 1016 03b5 64       		.sleb128 -28
 1017 03b6 14       		.uleb128 0x14
 1018 03b7 00000000 		.4byte	.LASF60
 1019 03bb 01       		.byte	0x1
 1020 03bc 35       		.byte	0x35
 1021 03bd 68000000 		.4byte	0x68
 1022 03c1 02       		.uleb128 0x2
 1023 03c2 91       		.byte	0x91
 1024 03c3 60       		.sleb128 -32
 1025 03c4 12       		.uleb128 0x12
 1026 03c5 7800     		.ascii	"x\000"
 1027 03c7 01       		.byte	0x1
 1028 03c8 37       		.byte	0x37
 1029 03c9 68000000 		.4byte	0x68
 1030 03cd 02       		.uleb128 0x2
 1031 03ce 91       		.byte	0x91
 1032 03cf 74       		.sleb128 -12
 1033 03d0 12       		.uleb128 0x12
 1034 03d1 7900     		.ascii	"y\000"
 1035 03d3 01       		.byte	0x1
 1036 03d4 37       		.byte	0x37
 1037 03d5 68000000 		.4byte	0x68
 1038 03d9 02       		.uleb128 0x2
 1039 03da 91       		.byte	0x91
 1040 03db 70       		.sleb128 -16
 1041 03dc 12       		.uleb128 0x12
 1042 03dd 643100   		.ascii	"d1\000"
 1043 03e0 01       		.byte	0x1
 1044 03e1 38       		.byte	0x38
 1045 03e2 8F000000 		.4byte	0x8f
 1046 03e6 02       		.uleb128 0x2
 1047 03e7 91       		.byte	0x91
ARM GAS  C:\Users\Rajesh\AppData\Local\Temp\ccob29Cm.s 			page 22


 1048 03e8 6F       		.sleb128 -17
 1049 03e9 15       		.uleb128 0x15
 1050 03ea F0030000 		.4byte	.LASF61
 1051 03ee 01       		.byte	0x1
 1052 03ef 39       		.byte	0x39
 1053 03f0 8F000000 		.4byte	0x8f
 1054 03f4 02       		.uleb128 0x2
 1055 03f5 91       		.byte	0x91
 1056 03f6 6E       		.sleb128 -18
 1057 03f7 00       		.byte	0
 1058 03f8 16       		.uleb128 0x16
 1059 03f9 B5030000 		.4byte	.LASF84
 1060 03fd 01       		.byte	0x1
 1061 03fe 60       		.byte	0x60
 1062 03ff 68000000 		.4byte	0x68
 1063 0403 00000000 		.4byte	.LFB69
 1064 0407 38010000 		.4byte	.LFE69-.LFB69
 1065 040b 01       		.uleb128 0x1
 1066 040c 9C       		.byte	0x9c
 1067 040d 44040000 		.4byte	0x444
 1068 0411 14       		.uleb128 0x14
 1069 0412 00000000 		.4byte	.LASF60
 1070 0416 01       		.byte	0x1
 1071 0417 60       		.byte	0x60
 1072 0418 68000000 		.4byte	0x68
 1073 041c 02       		.uleb128 0x2
 1074 041d 91       		.byte	0x91
 1075 041e 6C       		.sleb128 -20
 1076 041f 14       		.uleb128 0x14
 1077 0420 00040000 		.4byte	.LASF62
 1078 0424 01       		.byte	0x1
 1079 0425 60       		.byte	0x60
 1080 0426 68000000 		.4byte	0x68
 1081 042a 02       		.uleb128 0x2
 1082 042b 91       		.byte	0x91
 1083 042c 68       		.sleb128 -24
 1084 042d 11       		.uleb128 0x11
 1085 042e 84000000 		.4byte	.LBB3
 1086 0432 32000000 		.4byte	.LBE3-.LBB3
 1087 0436 12       		.uleb128 0x12
 1088 0437 6900     		.ascii	"i\000"
 1089 0439 01       		.byte	0x1
 1090 043a 77       		.byte	0x77
 1091 043b 68000000 		.4byte	0x68
 1092 043f 02       		.uleb128 0x2
 1093 0440 91       		.byte	0x91
 1094 0441 74       		.sleb128 -12
 1095 0442 00       		.byte	0
 1096 0443 00       		.byte	0
 1097 0444 17       		.uleb128 0x17
 1098 0445 2F040000 		.4byte	.LASF63
 1099 0449 06       		.byte	0x6
 1100 044a 1207     		.2byte	0x712
 1101 044c 50040000 		.4byte	0x450
 1102 0450 08       		.uleb128 0x8
 1103 0451 76000000 		.4byte	0x76
 1104 0455 18       		.uleb128 0x18
ARM GAS  C:\Users\Rajesh\AppData\Local\Temp\ccob29Cm.s 			page 23


 1105 0456 46000000 		.4byte	.LASF64
 1106 045a 05       		.byte	0x5
 1107 045b 3D       		.byte	0x3d
 1108 045c 18030000 		.4byte	0x318
 1109 0460 19       		.uleb128 0x19
 1110 0461 7300     		.ascii	"s\000"
 1111 0463 05       		.byte	0x5
 1112 0464 3E       		.byte	0x3e
 1113 0465 4D010000 		.4byte	0x14d
 1114 0469 05       		.uleb128 0x5
 1115 046a 03       		.byte	0x3
 1116 046b 00000000 		.4byte	s
 1117 046f 18       		.uleb128 0x18
 1118 0470 1F040000 		.4byte	.LASF65
 1119 0474 05       		.byte	0x5
 1120 0475 3F       		.byte	0x3f
 1121 0476 2C000000 		.4byte	0x2c
 1122 047a 1A       		.uleb128 0x1a
 1123 047b 78030000 		.4byte	.LASF66
 1124 047f 05       		.byte	0x5
 1125 0480 47       		.byte	0x47
 1126 0481 8F000000 		.4byte	0x8f
 1127 0485 05       		.uleb128 0x5
 1128 0486 03       		.byte	0x3
 1129 0487 00000000 		.4byte	currentAccessType
 1130 048b 1A       		.uleb128 0x1a
 1131 048c C7010000 		.4byte	.LASF67
 1132 0490 05       		.byte	0x5
 1133 0491 48       		.byte	0x48
 1134 0492 8F000000 		.4byte	0x8f
 1135 0496 05       		.uleb128 0x5
 1136 0497 03       		.byte	0x3
 1137 0498 00000000 		.4byte	hw_old
 1138 049c 1A       		.uleb128 0x1a
 1139 049d 85010000 		.4byte	.LASF68
 1140 04a1 05       		.byte	0x5
 1141 04a2 49       		.byte	0x49
 1142 04a3 8F000000 		.4byte	0x8f
 1143 04a7 05       		.uleb128 0x5
 1144 04a8 03       		.byte	0x3
 1145 04a9 00000000 		.4byte	tp_old
 1146 04ad 1A       		.uleb128 0x1a
 1147 04ae DC020000 		.4byte	.LASF69
 1148 04b2 05       		.byte	0x5
 1149 04b3 4A       		.byte	0x4a
 1150 04b4 68000000 		.4byte	0x68
 1151 04b8 05       		.uleb128 0x5
 1152 04b9 03       		.byte	0x3
 1153 04ba 00000000 		.4byte	tamperCR_polarity
 1154 04be 1A       		.uleb128 0x1a
 1155 04bf 6E040000 		.4byte	.LASF70
 1156 04c3 05       		.byte	0x5
 1157 04c4 4B       		.byte	0x4b
 1158 04c5 68000000 		.4byte	0x68
 1159 04c9 05       		.uleb128 0x5
 1160 04ca 03       		.byte	0x3
 1161 04cb 00000000 		.4byte	tamper_out_polarity
ARM GAS  C:\Users\Rajesh\AppData\Local\Temp\ccob29Cm.s 			page 24


 1162 04cf 1A       		.uleb128 0x1a
 1163 04d0 E1010000 		.4byte	.LASF71
 1164 04d4 05       		.byte	0x5
 1165 04d5 4E       		.byte	0x4e
 1166 04d6 68000000 		.4byte	0x68
 1167 04da 05       		.uleb128 0x5
 1168 04db 03       		.byte	0x3
 1169 04dc 00000000 		.4byte	card_ack
 1170 04e0 1A       		.uleb128 0x1a
 1171 04e1 92010000 		.4byte	.LASF72
 1172 04e5 05       		.byte	0x5
 1173 04e6 4F       		.byte	0x4f
 1174 04e7 68000000 		.4byte	0x68
 1175 04eb 05       		.uleb128 0x5
 1176 04ec 03       		.byte	0x3
 1177 04ed 00000000 		.4byte	card_in_buf
 1178 04f1 17       		.uleb128 0x17
 1179 04f2 66010000 		.4byte	.LASF73
 1180 04f6 05       		.byte	0x5
 1181 04f7 1C01     		.2byte	0x11c
 1182 04f9 8F000000 		.4byte	0x8f
 1183 04fd 0C       		.uleb128 0xc
 1184 04fe 2C000000 		.4byte	0x2c
 1185 0502 0D050000 		.4byte	0x50d
 1186 0506 0D       		.uleb128 0xd
 1187 0507 9D000000 		.4byte	0x9d
 1188 050b 1D       		.byte	0x1d
 1189 050c 00       		.byte	0
 1190 050d 17       		.uleb128 0x17
 1191 050e A7030000 		.4byte	.LASF74
 1192 0512 05       		.byte	0x5
 1193 0513 1E01     		.2byte	0x11e
 1194 0515 FD040000 		.4byte	0x4fd
 1195 0519 17       		.uleb128 0x17
 1196 051a 4B030000 		.4byte	.LASF75
 1197 051e 05       		.byte	0x5
 1198 051f 1F01     		.2byte	0x11f
 1199 0521 68000000 		.4byte	0x68
 1200 0525 17       		.uleb128 0x17
 1201 0526 5D040000 		.4byte	.LASF76
 1202 052a 05       		.byte	0x5
 1203 052b 2001     		.2byte	0x120
 1204 052d 68000000 		.4byte	0x68
 1205 0531 17       		.uleb128 0x17
 1206 0532 59010000 		.4byte	.LASF77
 1207 0536 05       		.byte	0x5
 1208 0537 2101     		.2byte	0x121
 1209 0539 68000000 		.4byte	0x68
 1210 053d 00       		.byte	0
 1211              		.section	.debug_abbrev,"",%progbits
 1212              	.Ldebug_abbrev0:
 1213 0000 01       		.uleb128 0x1
 1214 0001 11       		.uleb128 0x11
 1215 0002 01       		.byte	0x1
 1216 0003 25       		.uleb128 0x25
 1217 0004 0E       		.uleb128 0xe
 1218 0005 13       		.uleb128 0x13
ARM GAS  C:\Users\Rajesh\AppData\Local\Temp\ccob29Cm.s 			page 25


 1219 0006 0B       		.uleb128 0xb
 1220 0007 03       		.uleb128 0x3
 1221 0008 0E       		.uleb128 0xe
 1222 0009 1B       		.uleb128 0x1b
 1223 000a 0E       		.uleb128 0xe
 1224 000b 55       		.uleb128 0x55
 1225 000c 17       		.uleb128 0x17
 1226 000d 11       		.uleb128 0x11
 1227 000e 01       		.uleb128 0x1
 1228 000f 10       		.uleb128 0x10
 1229 0010 17       		.uleb128 0x17
 1230 0011 00       		.byte	0
 1231 0012 00       		.byte	0
 1232 0013 02       		.uleb128 0x2
 1233 0014 24       		.uleb128 0x24
 1234 0015 00       		.byte	0
 1235 0016 0B       		.uleb128 0xb
 1236 0017 0B       		.uleb128 0xb
 1237 0018 3E       		.uleb128 0x3e
 1238 0019 0B       		.uleb128 0xb
 1239 001a 03       		.uleb128 0x3
 1240 001b 0E       		.uleb128 0xe
 1241 001c 00       		.byte	0
 1242 001d 00       		.byte	0
 1243 001e 03       		.uleb128 0x3
 1244 001f 16       		.uleb128 0x16
 1245 0020 00       		.byte	0
 1246 0021 03       		.uleb128 0x3
 1247 0022 0E       		.uleb128 0xe
 1248 0023 3A       		.uleb128 0x3a
 1249 0024 0B       		.uleb128 0xb
 1250 0025 3B       		.uleb128 0x3b
 1251 0026 0B       		.uleb128 0xb
 1252 0027 49       		.uleb128 0x49
 1253 0028 13       		.uleb128 0x13
 1254 0029 00       		.byte	0
 1255 002a 00       		.byte	0
 1256 002b 04       		.uleb128 0x4
 1257 002c 24       		.uleb128 0x24
 1258 002d 00       		.byte	0
 1259 002e 0B       		.uleb128 0xb
 1260 002f 0B       		.uleb128 0xb
 1261 0030 3E       		.uleb128 0x3e
 1262 0031 0B       		.uleb128 0xb
 1263 0032 03       		.uleb128 0x3
 1264 0033 08       		.uleb128 0x8
 1265 0034 00       		.byte	0
 1266 0035 00       		.byte	0
 1267 0036 05       		.uleb128 0x5
 1268 0037 0F       		.uleb128 0xf
 1269 0038 00       		.byte	0
 1270 0039 0B       		.uleb128 0xb
 1271 003a 0B       		.uleb128 0xb
 1272 003b 49       		.uleb128 0x49
 1273 003c 13       		.uleb128 0x13
 1274 003d 00       		.byte	0
 1275 003e 00       		.byte	0
ARM GAS  C:\Users\Rajesh\AppData\Local\Temp\ccob29Cm.s 			page 26


 1276 003f 06       		.uleb128 0x6
 1277 0040 13       		.uleb128 0x13
 1278 0041 01       		.byte	0x1
 1279 0042 0B       		.uleb128 0xb
 1280 0043 0B       		.uleb128 0xb
 1281 0044 3A       		.uleb128 0x3a
 1282 0045 0B       		.uleb128 0xb
 1283 0046 3B       		.uleb128 0x3b
 1284 0047 0B       		.uleb128 0xb
 1285 0048 01       		.uleb128 0x1
 1286 0049 13       		.uleb128 0x13
 1287 004a 00       		.byte	0
 1288 004b 00       		.byte	0
 1289 004c 07       		.uleb128 0x7
 1290 004d 0D       		.uleb128 0xd
 1291 004e 00       		.byte	0
 1292 004f 03       		.uleb128 0x3
 1293 0050 0E       		.uleb128 0xe
 1294 0051 3A       		.uleb128 0x3a
 1295 0052 0B       		.uleb128 0xb
 1296 0053 3B       		.uleb128 0x3b
 1297 0054 0B       		.uleb128 0xb
 1298 0055 49       		.uleb128 0x49
 1299 0056 13       		.uleb128 0x13
 1300 0057 38       		.uleb128 0x38
 1301 0058 0B       		.uleb128 0xb
 1302 0059 00       		.byte	0
 1303 005a 00       		.byte	0
 1304 005b 08       		.uleb128 0x8
 1305 005c 35       		.uleb128 0x35
 1306 005d 00       		.byte	0
 1307 005e 49       		.uleb128 0x49
 1308 005f 13       		.uleb128 0x13
 1309 0060 00       		.byte	0
 1310 0061 00       		.byte	0
 1311 0062 09       		.uleb128 0x9
 1312 0063 13       		.uleb128 0x13
 1313 0064 01       		.byte	0x1
 1314 0065 03       		.uleb128 0x3
 1315 0066 0E       		.uleb128 0xe
 1316 0067 0B       		.uleb128 0xb
 1317 0068 05       		.uleb128 0x5
 1318 0069 3A       		.uleb128 0x3a
 1319 006a 0B       		.uleb128 0xb
 1320 006b 3B       		.uleb128 0x3b
 1321 006c 0B       		.uleb128 0xb
 1322 006d 01       		.uleb128 0x1
 1323 006e 13       		.uleb128 0x13
 1324 006f 00       		.byte	0
 1325 0070 00       		.byte	0
 1326 0071 0A       		.uleb128 0xa
 1327 0072 0D       		.uleb128 0xd
 1328 0073 00       		.byte	0
 1329 0074 03       		.uleb128 0x3
 1330 0075 08       		.uleb128 0x8
 1331 0076 3A       		.uleb128 0x3a
 1332 0077 0B       		.uleb128 0xb
ARM GAS  C:\Users\Rajesh\AppData\Local\Temp\ccob29Cm.s 			page 27


 1333 0078 3B       		.uleb128 0x3b
 1334 0079 0B       		.uleb128 0xb
 1335 007a 49       		.uleb128 0x49
 1336 007b 13       		.uleb128 0x13
 1337 007c 38       		.uleb128 0x38
 1338 007d 0B       		.uleb128 0xb
 1339 007e 00       		.byte	0
 1340 007f 00       		.byte	0
 1341 0080 0B       		.uleb128 0xb
 1342 0081 0D       		.uleb128 0xd
 1343 0082 00       		.byte	0
 1344 0083 03       		.uleb128 0x3
 1345 0084 0E       		.uleb128 0xe
 1346 0085 3A       		.uleb128 0x3a
 1347 0086 0B       		.uleb128 0xb
 1348 0087 3B       		.uleb128 0x3b
 1349 0088 0B       		.uleb128 0xb
 1350 0089 49       		.uleb128 0x49
 1351 008a 13       		.uleb128 0x13
 1352 008b 38       		.uleb128 0x38
 1353 008c 05       		.uleb128 0x5
 1354 008d 00       		.byte	0
 1355 008e 00       		.byte	0
 1356 008f 0C       		.uleb128 0xc
 1357 0090 01       		.uleb128 0x1
 1358 0091 01       		.byte	0x1
 1359 0092 49       		.uleb128 0x49
 1360 0093 13       		.uleb128 0x13
 1361 0094 01       		.uleb128 0x1
 1362 0095 13       		.uleb128 0x13
 1363 0096 00       		.byte	0
 1364 0097 00       		.byte	0
 1365 0098 0D       		.uleb128 0xd
 1366 0099 21       		.uleb128 0x21
 1367 009a 00       		.byte	0
 1368 009b 49       		.uleb128 0x49
 1369 009c 13       		.uleb128 0x13
 1370 009d 2F       		.uleb128 0x2f
 1371 009e 0B       		.uleb128 0xb
 1372 009f 00       		.byte	0
 1373 00a0 00       		.byte	0
 1374 00a1 0E       		.uleb128 0xe
 1375 00a2 2E       		.uleb128 0x2e
 1376 00a3 00       		.byte	0
 1377 00a4 3F       		.uleb128 0x3f
 1378 00a5 19       		.uleb128 0x19
 1379 00a6 03       		.uleb128 0x3
 1380 00a7 0E       		.uleb128 0xe
 1381 00a8 3A       		.uleb128 0x3a
 1382 00a9 0B       		.uleb128 0xb
 1383 00aa 3B       		.uleb128 0x3b
 1384 00ab 0B       		.uleb128 0xb
 1385 00ac 11       		.uleb128 0x11
 1386 00ad 01       		.uleb128 0x1
 1387 00ae 12       		.uleb128 0x12
 1388 00af 06       		.uleb128 0x6
 1389 00b0 40       		.uleb128 0x40
ARM GAS  C:\Users\Rajesh\AppData\Local\Temp\ccob29Cm.s 			page 28


 1390 00b1 18       		.uleb128 0x18
 1391 00b2 9642     		.uleb128 0x2116
 1392 00b4 19       		.uleb128 0x19
 1393 00b5 00       		.byte	0
 1394 00b6 00       		.byte	0
 1395 00b7 0F       		.uleb128 0xf
 1396 00b8 2E       		.uleb128 0x2e
 1397 00b9 00       		.byte	0
 1398 00ba 3F       		.uleb128 0x3f
 1399 00bb 19       		.uleb128 0x19
 1400 00bc 03       		.uleb128 0x3
 1401 00bd 0E       		.uleb128 0xe
 1402 00be 3A       		.uleb128 0x3a
 1403 00bf 0B       		.uleb128 0xb
 1404 00c0 3B       		.uleb128 0x3b
 1405 00c1 0B       		.uleb128 0xb
 1406 00c2 27       		.uleb128 0x27
 1407 00c3 19       		.uleb128 0x19
 1408 00c4 11       		.uleb128 0x11
 1409 00c5 01       		.uleb128 0x1
 1410 00c6 12       		.uleb128 0x12
 1411 00c7 06       		.uleb128 0x6
 1412 00c8 40       		.uleb128 0x40
 1413 00c9 18       		.uleb128 0x18
 1414 00ca 9642     		.uleb128 0x2116
 1415 00cc 19       		.uleb128 0x19
 1416 00cd 00       		.byte	0
 1417 00ce 00       		.byte	0
 1418 00cf 10       		.uleb128 0x10
 1419 00d0 2E       		.uleb128 0x2e
 1420 00d1 01       		.byte	0x1
 1421 00d2 3F       		.uleb128 0x3f
 1422 00d3 19       		.uleb128 0x19
 1423 00d4 03       		.uleb128 0x3
 1424 00d5 0E       		.uleb128 0xe
 1425 00d6 3A       		.uleb128 0x3a
 1426 00d7 0B       		.uleb128 0xb
 1427 00d8 3B       		.uleb128 0x3b
 1428 00d9 0B       		.uleb128 0xb
 1429 00da 11       		.uleb128 0x11
 1430 00db 01       		.uleb128 0x1
 1431 00dc 12       		.uleb128 0x12
 1432 00dd 06       		.uleb128 0x6
 1433 00de 40       		.uleb128 0x40
 1434 00df 18       		.uleb128 0x18
 1435 00e0 9742     		.uleb128 0x2117
 1436 00e2 19       		.uleb128 0x19
 1437 00e3 01       		.uleb128 0x1
 1438 00e4 13       		.uleb128 0x13
 1439 00e5 00       		.byte	0
 1440 00e6 00       		.byte	0
 1441 00e7 11       		.uleb128 0x11
 1442 00e8 0B       		.uleb128 0xb
 1443 00e9 01       		.byte	0x1
 1444 00ea 11       		.uleb128 0x11
 1445 00eb 01       		.uleb128 0x1
 1446 00ec 12       		.uleb128 0x12
ARM GAS  C:\Users\Rajesh\AppData\Local\Temp\ccob29Cm.s 			page 29


 1447 00ed 06       		.uleb128 0x6
 1448 00ee 00       		.byte	0
 1449 00ef 00       		.byte	0
 1450 00f0 12       		.uleb128 0x12
 1451 00f1 34       		.uleb128 0x34
 1452 00f2 00       		.byte	0
 1453 00f3 03       		.uleb128 0x3
 1454 00f4 08       		.uleb128 0x8
 1455 00f5 3A       		.uleb128 0x3a
 1456 00f6 0B       		.uleb128 0xb
 1457 00f7 3B       		.uleb128 0x3b
 1458 00f8 0B       		.uleb128 0xb
 1459 00f9 49       		.uleb128 0x49
 1460 00fa 13       		.uleb128 0x13
 1461 00fb 02       		.uleb128 0x2
 1462 00fc 18       		.uleb128 0x18
 1463 00fd 00       		.byte	0
 1464 00fe 00       		.byte	0
 1465 00ff 13       		.uleb128 0x13
 1466 0100 2E       		.uleb128 0x2e
 1467 0101 01       		.byte	0x1
 1468 0102 3F       		.uleb128 0x3f
 1469 0103 19       		.uleb128 0x19
 1470 0104 03       		.uleb128 0x3
 1471 0105 0E       		.uleb128 0xe
 1472 0106 3A       		.uleb128 0x3a
 1473 0107 0B       		.uleb128 0xb
 1474 0108 3B       		.uleb128 0x3b
 1475 0109 0B       		.uleb128 0xb
 1476 010a 27       		.uleb128 0x27
 1477 010b 19       		.uleb128 0x19
 1478 010c 11       		.uleb128 0x11
 1479 010d 01       		.uleb128 0x1
 1480 010e 12       		.uleb128 0x12
 1481 010f 06       		.uleb128 0x6
 1482 0110 40       		.uleb128 0x40
 1483 0111 18       		.uleb128 0x18
 1484 0112 9642     		.uleb128 0x2116
 1485 0114 19       		.uleb128 0x19
 1486 0115 01       		.uleb128 0x1
 1487 0116 13       		.uleb128 0x13
 1488 0117 00       		.byte	0
 1489 0118 00       		.byte	0
 1490 0119 14       		.uleb128 0x14
 1491 011a 05       		.uleb128 0x5
 1492 011b 00       		.byte	0
 1493 011c 03       		.uleb128 0x3
 1494 011d 0E       		.uleb128 0xe
 1495 011e 3A       		.uleb128 0x3a
 1496 011f 0B       		.uleb128 0xb
 1497 0120 3B       		.uleb128 0x3b
 1498 0121 0B       		.uleb128 0xb
 1499 0122 49       		.uleb128 0x49
 1500 0123 13       		.uleb128 0x13
 1501 0124 02       		.uleb128 0x2
 1502 0125 18       		.uleb128 0x18
 1503 0126 00       		.byte	0
ARM GAS  C:\Users\Rajesh\AppData\Local\Temp\ccob29Cm.s 			page 30


 1504 0127 00       		.byte	0
 1505 0128 15       		.uleb128 0x15
 1506 0129 34       		.uleb128 0x34
 1507 012a 00       		.byte	0
 1508 012b 03       		.uleb128 0x3
 1509 012c 0E       		.uleb128 0xe
 1510 012d 3A       		.uleb128 0x3a
 1511 012e 0B       		.uleb128 0xb
 1512 012f 3B       		.uleb128 0x3b
 1513 0130 0B       		.uleb128 0xb
 1514 0131 49       		.uleb128 0x49
 1515 0132 13       		.uleb128 0x13
 1516 0133 02       		.uleb128 0x2
 1517 0134 18       		.uleb128 0x18
 1518 0135 00       		.byte	0
 1519 0136 00       		.byte	0
 1520 0137 16       		.uleb128 0x16
 1521 0138 2E       		.uleb128 0x2e
 1522 0139 01       		.byte	0x1
 1523 013a 3F       		.uleb128 0x3f
 1524 013b 19       		.uleb128 0x19
 1525 013c 03       		.uleb128 0x3
 1526 013d 0E       		.uleb128 0xe
 1527 013e 3A       		.uleb128 0x3a
 1528 013f 0B       		.uleb128 0xb
 1529 0140 3B       		.uleb128 0x3b
 1530 0141 0B       		.uleb128 0xb
 1531 0142 27       		.uleb128 0x27
 1532 0143 19       		.uleb128 0x19
 1533 0144 49       		.uleb128 0x49
 1534 0145 13       		.uleb128 0x13
 1535 0146 11       		.uleb128 0x11
 1536 0147 01       		.uleb128 0x1
 1537 0148 12       		.uleb128 0x12
 1538 0149 06       		.uleb128 0x6
 1539 014a 40       		.uleb128 0x40
 1540 014b 18       		.uleb128 0x18
 1541 014c 9642     		.uleb128 0x2116
 1542 014e 19       		.uleb128 0x19
 1543 014f 01       		.uleb128 0x1
 1544 0150 13       		.uleb128 0x13
 1545 0151 00       		.byte	0
 1546 0152 00       		.byte	0
 1547 0153 17       		.uleb128 0x17
 1548 0154 34       		.uleb128 0x34
 1549 0155 00       		.byte	0
 1550 0156 03       		.uleb128 0x3
 1551 0157 0E       		.uleb128 0xe
 1552 0158 3A       		.uleb128 0x3a
 1553 0159 0B       		.uleb128 0xb
 1554 015a 3B       		.uleb128 0x3b
 1555 015b 05       		.uleb128 0x5
 1556 015c 49       		.uleb128 0x49
 1557 015d 13       		.uleb128 0x13
 1558 015e 3F       		.uleb128 0x3f
 1559 015f 19       		.uleb128 0x19
 1560 0160 3C       		.uleb128 0x3c
ARM GAS  C:\Users\Rajesh\AppData\Local\Temp\ccob29Cm.s 			page 31


 1561 0161 19       		.uleb128 0x19
 1562 0162 00       		.byte	0
 1563 0163 00       		.byte	0
 1564 0164 18       		.uleb128 0x18
 1565 0165 34       		.uleb128 0x34
 1566 0166 00       		.byte	0
 1567 0167 03       		.uleb128 0x3
 1568 0168 0E       		.uleb128 0xe
 1569 0169 3A       		.uleb128 0x3a
 1570 016a 0B       		.uleb128 0xb
 1571 016b 3B       		.uleb128 0x3b
 1572 016c 0B       		.uleb128 0xb
 1573 016d 49       		.uleb128 0x49
 1574 016e 13       		.uleb128 0x13
 1575 016f 3F       		.uleb128 0x3f
 1576 0170 19       		.uleb128 0x19
 1577 0171 3C       		.uleb128 0x3c
 1578 0172 19       		.uleb128 0x19
 1579 0173 00       		.byte	0
 1580 0174 00       		.byte	0
 1581 0175 19       		.uleb128 0x19
 1582 0176 34       		.uleb128 0x34
 1583 0177 00       		.byte	0
 1584 0178 03       		.uleb128 0x3
 1585 0179 08       		.uleb128 0x8
 1586 017a 3A       		.uleb128 0x3a
 1587 017b 0B       		.uleb128 0xb
 1588 017c 3B       		.uleb128 0x3b
 1589 017d 0B       		.uleb128 0xb
 1590 017e 49       		.uleb128 0x49
 1591 017f 13       		.uleb128 0x13
 1592 0180 3F       		.uleb128 0x3f
 1593 0181 19       		.uleb128 0x19
 1594 0182 02       		.uleb128 0x2
 1595 0183 18       		.uleb128 0x18
 1596 0184 00       		.byte	0
 1597 0185 00       		.byte	0
 1598 0186 1A       		.uleb128 0x1a
 1599 0187 34       		.uleb128 0x34
 1600 0188 00       		.byte	0
 1601 0189 03       		.uleb128 0x3
 1602 018a 0E       		.uleb128 0xe
 1603 018b 3A       		.uleb128 0x3a
 1604 018c 0B       		.uleb128 0xb
 1605 018d 3B       		.uleb128 0x3b
 1606 018e 0B       		.uleb128 0xb
 1607 018f 49       		.uleb128 0x49
 1608 0190 13       		.uleb128 0x13
 1609 0191 3F       		.uleb128 0x3f
 1610 0192 19       		.uleb128 0x19
 1611 0193 02       		.uleb128 0x2
 1612 0194 18       		.uleb128 0x18
 1613 0195 00       		.byte	0
 1614 0196 00       		.byte	0
 1615 0197 00       		.byte	0
 1616              		.section	.debug_aranges,"",%progbits
 1617 0000 4C000000 		.4byte	0x4c
ARM GAS  C:\Users\Rajesh\AppData\Local\Temp\ccob29Cm.s 			page 32


 1618 0004 0200     		.2byte	0x2
 1619 0006 00000000 		.4byte	.Ldebug_info0
 1620 000a 04       		.byte	0x4
 1621 000b 00       		.byte	0
 1622 000c 0000     		.2byte	0
 1623 000e 0000     		.2byte	0
 1624 0010 00000000 		.4byte	.LFB63
 1625 0014 18000000 		.4byte	.LFE63-.LFB63
 1626 0018 00000000 		.4byte	.LFB64
 1627 001c 24000000 		.4byte	.LFE64-.LFB64
 1628 0020 00000000 		.4byte	.LFB65
 1629 0024 12000000 		.4byte	.LFE65-.LFB65
 1630 0028 00000000 		.4byte	.LFB66
 1631 002c 12000000 		.4byte	.LFE66-.LFB66
 1632 0030 00000000 		.4byte	.LFB67
 1633 0034 30000000 		.4byte	.LFE67-.LFB67
 1634 0038 00000000 		.4byte	.LFB68
 1635 003c 9A000000 		.4byte	.LFE68-.LFB68
 1636 0040 00000000 		.4byte	.LFB69
 1637 0044 38010000 		.4byte	.LFE69-.LFB69
 1638 0048 00000000 		.4byte	0
 1639 004c 00000000 		.4byte	0
 1640              		.section	.debug_ranges,"",%progbits
 1641              	.Ldebug_ranges0:
 1642 0000 00000000 		.4byte	.LFB63
 1643 0004 18000000 		.4byte	.LFE63
 1644 0008 00000000 		.4byte	.LFB64
 1645 000c 24000000 		.4byte	.LFE64
 1646 0010 00000000 		.4byte	.LFB65
 1647 0014 12000000 		.4byte	.LFE65
 1648 0018 00000000 		.4byte	.LFB66
 1649 001c 12000000 		.4byte	.LFE66
 1650 0020 00000000 		.4byte	.LFB67
 1651 0024 30000000 		.4byte	.LFE67
 1652 0028 00000000 		.4byte	.LFB68
 1653 002c 9A000000 		.4byte	.LFE68
 1654 0030 00000000 		.4byte	.LFB69
 1655 0034 38010000 		.4byte	.LFE69
 1656 0038 00000000 		.4byte	0
 1657 003c 00000000 		.4byte	0
 1658              		.section	.debug_line,"",%progbits
 1659              	.Ldebug_line0:
 1660 0000 67020000 		.section	.debug_str,"MS",%progbits,1
 1660      02005C01 
 1660      00000201 
 1660      FB0E0D00 
 1660      01010101 
 1661              	.LASF60:
 1662 0000 6E426974 		.ascii	"nBits\000"
 1662      7300
 1663              	.LASF55:
 1664 0006 4932435F 		.ascii	"I2C_Regs\000"
 1664      52656773 
 1664      00
 1665              	.LASF45:
 1666 000f 6F736470 		.ascii	"osdp_status\000"
 1666      5F737461 
ARM GAS  C:\Users\Rajesh\AppData\Local\Temp\ccob29Cm.s 			page 33


 1666      74757300 
 1667              	.LASF49:
 1668 001b 6F736470 		.ascii	"osdp_reader_cmd\000"
 1668      5F726561 
 1668      6465725F 
 1668      636D6400 
 1669              	.LASF81:
 1670 002b 50696E5F 		.ascii	"Pin_50us_Reset\000"
 1670      35307573 
 1670      5F526573 
 1670      657400
 1671              	.LASF83:
 1672 003a 53656E64 		.ascii	"SendWeigand\000"
 1672      57656967 
 1672      616E6400 
 1673              	.LASF64:
 1674 0046 4D794932 		.ascii	"MyI2C_Regs\000"
 1674      435F5265 
 1674      677300
 1675              	.LASF15:
 1676 0051 73697A65 		.ascii	"sizetype\000"
 1676      74797065 
 1676      00
 1677              	.LASF47:
 1678 005a 6F736470 		.ascii	"osdp_rate\000"
 1678      5F726174 
 1678      6500
 1679              	.LASF39:
 1680 0064 73656E64 		.ascii	"send_mobile\000"
 1680      5F6D6F62 
 1680      696C6500 
 1681              	.LASF34:
 1682 0070 66616374 		.ascii	"factory_reset\000"
 1682      6F72795F 
 1682      72657365 
 1682      7400
 1683              	.LASF35:
 1684 007e 64617461 		.ascii	"data_length\000"
 1684      5F6C656E 
 1684      67746800 
 1685              	.LASF78:
 1686 008a 474E5520 		.ascii	"GNU C11 5.4.1 20160609 (release) [ARM/embedded-5-br"
 1686      43313120 
 1686      352E342E 
 1686      31203230 
 1686      31363036 
 1687 00bd 616E6368 		.ascii	"anch revision 237715] -mcpu=cortex-m3 -mthumb -g -O"
 1687      20726576 
 1687      6973696F 
 1687      6E203233 
 1687      37373135 
 1688 00f0 30202D66 		.ascii	"0 -ffunction-sections -ffat-lto-objects\000"
 1688      66756E63 
 1688      74696F6E 
 1688      2D736563 
 1688      74696F6E 
 1689              	.LASF48:
ARM GAS  C:\Users\Rajesh\AppData\Local\Temp\ccob29Cm.s 			page 34


 1690 0118 6F736470 		.ascii	"osdp_buffer\000"
 1690      5F627566 
 1690      66657200 
 1691              	.LASF6:
 1692 0124 6C6F6E67 		.ascii	"long long int\000"
 1692      206C6F6E 
 1692      6720696E 
 1692      7400
 1693              	.LASF31:
 1694 0132 6D6F6465 		.ascii	"mode\000"
 1694      00
 1695              	.LASF2:
 1696 0137 73686F72 		.ascii	"short int\000"
 1696      7420696E 
 1696      7400
 1697              	.LASF59:
 1698 0141 62756670 		.ascii	"bufp\000"
 1698      00
 1699              	.LASF23:
 1700 0146 72785F62 		.ascii	"rx_bits\000"
 1700      69747300 
 1701              	.LASF37:
 1702 014e 70757368 		.ascii	"pushbtn_in\000"
 1702      62746E5F 
 1702      696E00
 1703              	.LASF77:
 1704 0159 74657374 		.ascii	"testBitCount\000"
 1704      42697443 
 1704      6F756E74 
 1704      00
 1705              	.LASF73:
 1706 0166 69735769 		.ascii	"isWiegandDataReady\000"
 1706      6567616E 
 1706      64446174 
 1706      61526561 
 1706      647900
 1707              	.LASF0:
 1708 0179 7369676E 		.ascii	"signed char\000"
 1708      65642063 
 1708      68617200 
 1709              	.LASF68:
 1710 0185 74705F6F 		.ascii	"tp_old\000"
 1710      6C6400
 1711              	.LASF11:
 1712 018c 666C6F61 		.ascii	"float\000"
 1712      7400
 1713              	.LASF72:
 1714 0192 63617264 		.ascii	"card_in_buf\000"
 1714      5F696E5F 
 1714      62756600 
 1715              	.LASF32:
 1716 019e 6163735F 		.ascii	"acs_outputs\000"
 1716      6F757470 
 1716      75747300 
 1717              	.LASF19:
 1718 01aa 62697473 		.ascii	"bits\000"
 1718      00
ARM GAS  C:\Users\Rajesh\AppData\Local\Temp\ccob29Cm.s 			page 35


 1719              	.LASF50:
 1720 01af 6F736470 		.ascii	"osdp_reader_data_length\000"
 1720      5F726561 
 1720      6465725F 
 1720      64617461 
 1720      5F6C656E 
 1721              	.LASF67:
 1722 01c7 68775F6F 		.ascii	"hw_old\000"
 1722      6C6400
 1723              	.LASF57:
 1724 01ce 73656E64 		.ascii	"send_D0_50us_pulse\000"
 1724      5F44305F 
 1724      35307573 
 1724      5F70756C 
 1724      736500
 1725              	.LASF71:
 1726 01e1 63617264 		.ascii	"card_ack\000"
 1726      5F61636B 
 1726      00
 1727              	.LASF4:
 1728 01ea 6C6F6E67 		.ascii	"long int\000"
 1728      20696E74 
 1728      00
 1729              	.LASF56:
 1730 01f3 696E6974 		.ascii	"initWiegand\000"
 1730      57696567 
 1730      616E6400 
 1731              	.LASF26:
 1732 01ff 74696D65 		.ascii	"timer_rx_ctr\000"
 1732      725F7278 
 1732      5F637472 
 1732      00
 1733              	.LASF58:
 1734 020c 73656E64 		.ascii	"send_D1_50us_pulse\000"
 1734      5F44315F 
 1734      35307573 
 1734      5F70756C 
 1734      736500
 1735              	.LASF21:
 1736 021f 74785F62 		.ascii	"tx_byte\000"
 1736      79746500 
 1737              	.LASF82:
 1738 0227 636C6561 		.ascii	"clearWiegandBuffer\000"
 1738      72576965 
 1738      67616E64 
 1738      42756666 
 1738      657200
 1739              	.LASF17:
 1740 023a 70617269 		.ascii	"parity\000"
 1740      747900
 1741              	.LASF51:
 1742 0241 6F736470 		.ascii	"osdp_reader_rate\000"
 1742      5F726561 
 1742      6465725F 
 1742      72617465 
 1742      00
 1743              	.LASF36:
ARM GAS  C:\Users\Rajesh\AppData\Local\Temp\ccob29Cm.s 			page 36


 1744 0252 74616D70 		.ascii	"tamper_in\000"
 1744      65725F69 
 1744      6E00
 1745              	.LASF80:
 1746 025c 443A5C65 		.ascii	"D:\\ext\\psoc_dual\\nanoNxt_ICM3\\ext_pim.cydsn\000"
 1746      78745C70 
 1746      736F635F 
 1746      6475616C 
 1746      5C6E616E 
 1747              	.LASF52:
 1748 0288 6F736470 		.ascii	"osdp_reader_buffer\000"
 1748      5F726561 
 1748      6465725F 
 1748      62756666 
 1748      657200
 1749              	.LASF28:
 1750 029b 534F4654 		.ascii	"SOFT_UART_STRUCT\000"
 1750      5F554152 
 1750      545F5354 
 1750      52554354 
 1750      00
 1751              	.LASF14:
 1752 02ac 6C6F6E67 		.ascii	"long double\000"
 1752      20646F75 
 1752      626C6500 
 1753              	.LASF16:
 1754 02b8 62617564 		.ascii	"baud\000"
 1754      00
 1755              	.LASF46:
 1756 02bd 6F736470 		.ascii	"osdp_data_length\000"
 1756      5F646174 
 1756      615F6C65 
 1756      6E677468 
 1756      00
 1757              	.LASF1:
 1758 02ce 756E7369 		.ascii	"unsigned char\000"
 1758      676E6564 
 1758      20636861 
 1758      7200
 1759              	.LASF69:
 1760 02dc 74616D70 		.ascii	"tamperCR_polarity\000"
 1760      65724352 
 1760      5F706F6C 
 1760      61726974 
 1760      7900
 1761              	.LASF38:
 1762 02ee 6D6F6269 		.ascii	"mobile_mode\000"
 1762      6C655F6D 
 1762      6F646500 
 1763              	.LASF24:
 1764 02fa 666C6167 		.ascii	"flags\000"
 1764      7300
 1765              	.LASF7:
 1766 0300 6C6F6E67 		.ascii	"long long unsigned int\000"
 1766      206C6F6E 
 1766      6720756E 
 1766      7369676E 
ARM GAS  C:\Users\Rajesh\AppData\Local\Temp\ccob29Cm.s 			page 37


 1766      65642069 
 1767              	.LASF8:
 1768 0317 756E7369 		.ascii	"unsigned int\000"
 1768      676E6564 
 1768      20696E74 
 1768      00
 1769              	.LASF18:
 1770 0324 73746F70 		.ascii	"stop_bits\000"
 1770      5F626974 
 1770      7300
 1771              	.LASF5:
 1772 032e 6C6F6E67 		.ascii	"long unsigned int\000"
 1772      20756E73 
 1772      69676E65 
 1772      6420696E 
 1772      7400
 1773              	.LASF33:
 1774 0340 6163735F 		.ascii	"acs_inputs\000"
 1774      696E7075 
 1774      747300
 1775              	.LASF75:
 1776 034b 77696567 		.ascii	"wiegandBitCount\000"
 1776      616E6442 
 1776      6974436F 
 1776      756E7400 
 1777              	.LASF27:
 1778 035b 72785F72 		.ascii	"rx_recv\000"
 1778      65637600 
 1779              	.LASF22:
 1780 0363 74785F62 		.ascii	"tx_bits\000"
 1780      69747300 
 1781              	.LASF13:
 1782 036b 63686172 		.ascii	"char\000"
 1782      00
 1783              	.LASF10:
 1784 0370 696E7433 		.ascii	"int32_t\000"
 1784      325F7400 
 1785              	.LASF66:
 1786 0378 63757272 		.ascii	"currentAccessType\000"
 1786      656E7441 
 1786      63636573 
 1786      73547970 
 1786      6500
 1787              	.LASF3:
 1788 038a 73686F72 		.ascii	"short unsigned int\000"
 1788      7420756E 
 1788      7369676E 
 1788      65642069 
 1788      6E7400
 1789              	.LASF79:
 1790 039d 77696567 		.ascii	"wiegand.c\000"
 1790      616E642E 
 1790      6300
 1791              	.LASF74:
 1792 03a7 77696567 		.ascii	"wiegandBuffer\000"
 1792      616E6442 
 1792      75666665 
ARM GAS  C:\Users\Rajesh\AppData\Local\Temp\ccob29Cm.s 			page 38


 1792      7200
 1793              	.LASF84:
 1794 03b5 52656164 		.ascii	"ReadWeigand\000"
 1794      57656967 
 1794      616E6400 
 1795              	.LASF20:
 1796 03c1 72785F62 		.ascii	"rx_byte\000"
 1796      79746500 
 1797              	.LASF53:
 1798 03c9 62756666 		.ascii	"buffer\000"
 1798      657200
 1799              	.LASF30:
 1800 03d0 73746174 		.ascii	"status_in\000"
 1800      75735F69 
 1800      6E00
 1801              	.LASF40:
 1802 03da 64756D6D 		.ascii	"dummy0\000"
 1802      793000
 1803              	.LASF54:
 1804 03e1 64756D6D 		.ascii	"dummy1\000"
 1804      793100
 1805              	.LASF43:
 1806 03e8 62756666 		.ascii	"buffer1\000"
 1806      65723100 
 1807              	.LASF61:
 1808 03f0 636F756E 		.ascii	"count\000"
 1808      7400
 1809              	.LASF9:
 1810 03f6 5F5F696E 		.ascii	"__int32_t\000"
 1810      7433325F 
 1810      7400
 1811              	.LASF62:
 1812 0400 70617373 		.ascii	"passmode\000"
 1812      6D6F6465 
 1812      00
 1813              	.LASF29:
 1814 0409 73746174 		.ascii	"status_out\000"
 1814      75735F6F 
 1814      757400
 1815              	.LASF41:
 1816 0414 73775F76 		.ascii	"sw_version\000"
 1816      65727369 
 1816      6F6E00
 1817              	.LASF65:
 1818 041f 72756E5F 		.ascii	"run_mode\000"
 1818      6D6F6465 
 1818      00
 1819              	.LASF12:
 1820 0428 646F7562 		.ascii	"double\000"
 1820      6C6500
 1821              	.LASF63:
 1822 042f 49544D5F 		.ascii	"ITM_RxBuffer\000"
 1822      52784275 
 1822      66666572 
 1822      00
 1823              	.LASF42:
 1824 043c 68775F76 		.ascii	"hw_version\000"
ARM GAS  C:\Users\Rajesh\AppData\Local\Temp\ccob29Cm.s 			page 39


 1824      65727369 
 1824      6F6E00
 1825              	.LASF44:
 1826 0447 6F736470 		.ascii	"osdp_cmd\000"
 1826      5F636D64 
 1826      00
 1827              	.LASF25:
 1828 0450 74696D65 		.ascii	"timer_tx_ctr\000"
 1828      725F7478 
 1828      5F637472 
 1828      00
 1829              	.LASF76:
 1830 045d 77696567 		.ascii	"wiegandByteCount\000"
 1830      616E6442 
 1830      79746543 
 1830      6F756E74 
 1830      00
 1831              	.LASF70:
 1832 046e 74616D70 		.ascii	"tamper_out_polarity\000"
 1832      65725F6F 
 1832      75745F70 
 1832      6F6C6172 
 1832      69747900 
 1833              		.ident	"GCC: (GNU Tools for ARM Embedded Processors) 5.4.1 20160609 (release) [ARM/embedded-5-bran
