--------------- Build Started: 12/20/2018 18:56:28 Project: fixed, Configuration: ARM GCC 5.4-2016-q2-update Debug ---------------
The code generation step is up to date.
arm-none-eabi-gcc.exe -mcpu=cortex-m0 -mthumb -I.\Api\core\inc -I.\Api\platform\inc -I. -IGenerated_Source\PSoC4 -Wa,-alh=.\CortexM0\ARM_GCC_541\Debug/main.lst -g -D DEBUG -Wall -ffunction-sections -ffat-lto-objects -O0 -c main.c -o .\CortexM0\ARM_GCC_541\Debug\main.o
main.c: In function 'LISwriteReg':
main.c:111:9: warning: unused variable 'status' [-Wunused-variable]
     int status;
         ^
main.c: In function 'LISInit':
main.c:175:9: warning: variable 'v' set but not used [-Wunused-but-set-variable]
     int v;
         ^
main.c: In function 'main':
main.c:332:5: warning: unused variable 'z' [-Wunused-variable]
 int z;
     ^
main.c:328:13: warning: unused variable 'p' [-Wunused-variable]
     int x,q,p;
             ^
main.c:328:11: warning: unused variable 'q' [-Wunused-variable]
     int x,q,p;
           ^
arm-none-eabi-ar.exe -rs .\CortexM0\ARM_GCC_541\Debug\fixed.a .\CortexM0\ARM_GCC_541\Debug\CyFlash.o .\CortexM0\ARM_GCC_541\Debug\CyLib.o .\CortexM0\ARM_GCC_541\Debug\cyPm.o .\CortexM0\ARM_GCC_541\Debug\cyutils.o .\CortexM0\ARM_GCC_541\Debug\CyLFClk.o .\CortexM0\ARM_GCC_541\Debug\I2C_LED.o .\CortexM0\ARM_GCC_541\Debug\I2C_LED_I2C_INT.o .\CortexM0\ARM_GCC_541\Debug\I2C_LED_I2C.o .\CortexM0\ARM_GCC_541\Debug\I2C_LED_I2C_BOOT.o .\CortexM0\ARM_GCC_541\Debug\I2C_LED_I2C_MASTER.o .\CortexM0\ARM_GCC_541\Debug\I2C_LED_PM.o .\CortexM0\ARM_GCC_541\Debug\I2C_LED_BOOT.o .\CortexM0\ARM_GCC_541\Debug\I2C_LED_SCBCLK.o .\CortexM0\ARM_GCC_541\Debug\I2C_LED_sda.o .\CortexM0\ARM_GCC_541\Debug\I2C_LED_sda_PM.o .\CortexM0\ARM_GCC_541\Debug\I2C_LED_scl.o .\CortexM0\ARM_GCC_541\Debug\I2C_LED_scl_PM.o .\CortexM0\ARM_GCC_541\Debug\I2C_LED_SCB_IRQ.o .\CortexM0\ARM_GCC_541\Debug\EZI2C_CAM.o .\CortexM0\ARM_GCC_541\Debug\EZI2C_CAM_PM.o .\CortexM0\ARM_GCC_541\Debug\EZI2C_CAM_BOOT.o .\CortexM0\ARM_GCC_541\Debug\EZI2C_CAM_EZI2C.o .\CortexM0\ARM_GCC_541\Debug\EZI2C_CAM_EZI2C_INT.o .\CortexM0\ARM_GCC_541\Debug\EZI2C_CAM_EZI2C_BOOT.o .\CortexM0\ARM_GCC_541\Debug\EZI2C_CAM_SCBCLK.o .\CortexM0\ARM_GCC_541\Debug\EZI2C_CAM_sda.o .\CortexM0\ARM_GCC_541\Debug\EZI2C_CAM_sda_PM.o .\CortexM0\ARM_GCC_541\Debug\EZI2C_CAM_scl.o .\CortexM0\ARM_GCC_541\Debug\EZI2C_CAM_scl_PM.o .\CortexM0\ARM_GCC_541\Debug\EZI2C_CAM_SCB_IRQ.o .\CortexM0\ARM_GCC_541\Debug\CAM_SPARE.o .\CortexM0\ARM_GCC_541\Debug\CAM_SPARE_PM.o .\CortexM0\ARM_GCC_541\Debug\Clock_1.o .\CortexM0\ARM_GCC_541\Debug\AUD_OUT.o .\CortexM0\ARM_GCC_541\Debug\AUD_OUT_PM.o .\CortexM0\ARM_GCC_541\Debug\AUD_SD.o .\CortexM0\ARM_GCC_541\Debug\AUD_SD_PM.o .\CortexM0\ARM_GCC_541\Debug\AUD_GAIN0.o .\CortexM0\ARM_GCC_541\Debug\AUD_GAIN0_PM.o .\CortexM0\ARM_GCC_541\Debug\AUD_GAIN1.o .\CortexM0\ARM_GCC_541\Debug\AUD_GAIN1_PM.o .\CortexM0\ARM_GCC_541\Debug\PWM_M.o .\CortexM0\ARM_GCC_541\Debug\PWM_M_PM.o .\CortexM0\ARM_GCC_541\Debug\Clock_2.o .\CortexM0\ARM_GCC_541\Debug\PWM.o .\CortexM0\ARM_GCC_541\Debug\PWM_PM.o .\CortexM0\ARM_GCC_541\Debug\FB.o .\CortexM0\ARM_GCC_541\Debug\FB_PM.o .\CortexM0\ARM_GCC_541\Debug\Clock_4.o .\CortexM0\ARM_GCC_541\Debug\Clock_5.o .\CortexM0\ARM_GCC_541\Debug\STEP_COUNT.o .\CortexM0\ARM_GCC_541\Debug\STEP_COUNT_PM.o .\CortexM0\ARM_GCC_541\Debug\Clock_3.o .\CortexM0\ARM_GCC_541\Debug\Timer_Tick.o .\CortexM0\ARM_GCC_541\Debug\Timer_Tick_PM.o .\CortexM0\ARM_GCC_541\Debug\isr_tick.o .\CortexM0\ARM_GCC_541\Debug\CW.o .\CortexM0\ARM_GCC_541\Debug\CW_PM.o .\CortexM0\ARM_GCC_541\Debug\I_SENSE.o .\CortexM0\ARM_GCC_541\Debug\I_SENSE_PM.o .\CortexM0\ARM_GCC_541\Debug\EXT_RES.o .\CortexM0\ARM_GCC_541\Debug\EXT_RES_PM.o .\CortexM0\ARM_GCC_541\Debug\Comp_ISENSE.o .\CortexM0\ARM_GCC_541\Debug\Comp_ISENSE_PM.o .\CortexM0\ARM_GCC_541\Debug\IDAC_1.o .\CortexM0\ARM_GCC_541\Debug\IDAC_1_PM.o .\CortexM0\ARM_GCC_541\Debug\Control_PWM.o .\CortexM0\ARM_GCC_541\Debug\Control_PWM_PM.o .\CortexM0\ARM_GCC_541\Debug\IDAC_2.o .\CortexM0\ARM_GCC_541\Debug\IDAC_2_PM.o .\CortexM0\ARM_GCC_541\Debug\cy_em_eeprom.o .\CortexM0\ARM_GCC_541\Debug\I2C_MAG.o .\CortexM0\ARM_GCC_541\Debug\I2C_MAG_sda.o .\CortexM0\ARM_GCC_541\Debug\I2C_MAG_sda_PM.o .\CortexM0\ARM_GCC_541\Debug\I2C_MAG_scl.o .\CortexM0\ARM_GCC_541\Debug\I2C_MAG_scl_PM.o .\CortexM0\ARM_GCC_541\Debug\CAM_INT.o .\CortexM0\ARM_GCC_541\Debug\CAM_INT_PM.o .\CortexM0\ARM_GCC_541\Debug\Bootloadable_1.o .\CortexM0\ARM_GCC_541\Debug\PWM_DAC.o .\CortexM0\ARM_GCC_541\Debug\PWM_DAC_PM.o .\CortexM0\ARM_GCC_541\Debug\isr_DAC.o .\CortexM0\ARM_GCC_541\Debug\Clock_6.o .\CortexM0\ARM_GCC_541\Debug\Timer_1.o .\CortexM0\ARM_GCC_541\Debug\Timer_1_PM.o .\CortexM0\ARM_GCC_541\Debug\isr_Capture.o .\CortexM0\ARM_GCC_541\Debug\CyBootAsmGnu.o
arm-none-eabi-ar.exe: creating .\CortexM0\ARM_GCC_541\Debug\fixed.a
arm-none-eabi-gcc.exe -Wl,--start-group -o C:\psoc\chamonix\fixed\Fixed\fixed.cydsn\CortexM0\ARM_GCC_541\Debug\fixed.elf .\CortexM0\ARM_GCC_541\Debug\main.o .\CortexM0\ARM_GCC_541\Debug\motor.o .\CortexM0\ARM_GCC_541\Debug\vl53l0x_api.o .\CortexM0\ARM_GCC_541\Debug\vl53l0x_api_calibration.o .\CortexM0\ARM_GCC_541\Debug\vl53l0x_api_core.o .\CortexM0\ARM_GCC_541\Debug\vl53l0x_api_ranging.o .\CortexM0\ARM_GCC_541\Debug\vl53l0x_api_strings.o .\CortexM0\ARM_GCC_541\Debug\tof_coms.o .\CortexM0\ARM_GCC_541\Debug\vl53l0x_platform.o .\CortexM0\ARM_GCC_541\Debug\cyfitter_cfg.o .\CortexM0\ARM_GCC_541\Debug\cymetadata.o .\CortexM0\ARM_GCC_541\Debug\Cm0Start.o .\CortexM0\ARM_GCC_541\Debug\cybootloader.o .\CortexM0\ARM_GCC_541\Debug\fixed.a -mcpu=cortex-m0 -mthumb -l m -L Generated_Source\PSoC4 -Wl,-Map,.\CortexM0\ARM_GCC_541\Debug/fixed.map -T Generated_Source\PSoC4\cm0gcc.ld -specs=nano.specs -Wl,--gc-sections -g -ffunction-sections -O0 -ffat-lto-objects -Wl,--end-group
cyelftool.exe -B C:\psoc\chamonix\fixed\Fixed\fixed.cydsn\CortexM0\ARM_GCC_541\Debug\fixed.elf --flash_row_size 128 --flash_size 32768 --flash_offset 0x00000000 --flash_array_size 32768
No ELF section .cychecksum found, creating one
Application checksum calculated and stored in ELF section .cychecksum
Checksum calculated and stored in ELF section .cymeta
cyelftool.exe -S C:\psoc\chamonix\fixed\Fixed\fixed.cydsn\CortexM0\ARM_GCC_541\Debug\fixed.elf
Flash used: 22928 of 32768 bytes (70.0%). Bootloader: 6528 bytes. Application: 16272 bytes. Metadata: 128 bytes.
SRAM used: 2848 of 4096 bytes (69.5%). Stack: 2048 bytes. Heap: 128 bytes.
--------------- Build Succeeded: 12/20/2018 18:56:31 ---------------
