#***************************************************************************

#sjplacer

#Version:            1.1

#Build Date:         Dec  5 2017 15:35:27

#File Generated:     Nov 20 2018 09:42:48

#Purpose:            

#Copyright (C) 2010-2011 by Softjin Technologies Pvt Ltd. All rights reserved.

#***************************************************************************

Executing : C:\Program Files (x86)\Cypress\PSoC Creator\4.2\PSoC Creator\bin/sjplacer.exe --proj-name fixed --netlist-vh2 fixed_p.vh2 --arch p4_udb2x2a --arch-file C:\Program Files (x86)\Cypress\PSoC Creator\4.2\PSoC Creator\dev\arch/udbdsi_2x2_04.cydata --ip-file C:\Program Files (x86)\Cypress\PSoC Creator\4.2\PSoC Creator\dev\psoc4/psoc4a/ip_blocks.cydata --rrg-file C:\Program Files (x86)\Cypress\PSoC Creator\4.2\PSoC Creator\dev\psoc4/psoc4a/route_arch-rrg.cydata --irq-file C:\Program Files (x86)\Cypress\PSoC Creator\4.2\PSoC Creator\dev\psoc4/psoc4a/irqconn.cydata --dsi-conn-file C:\Program Files (x86)\Cypress\PSoC Creator\4.2\PSoC Creator\dev\psoc4/psoc4a/dsiconn.cydata --pins-file pins_40-QFN.xml --lib-file fixed_p.lib --sdc-file fixed.sdc --io-pcf fixed.pci --outdir .

		Softjin Techologies Placer, Version 1.1

Build Date : Dec  5 2017	15:33:41

D2004: Option and Settings Summary
=============================================================
Netlist vh2 file          - fixed_p.vh2
Architecture file         - C:\Program Files (x86)\Cypress\PSoC Creator\4.2\PSoC Creator\dev\arch/udbdsi_2x2_04.cydata
Package                   - 
Defparam file             - 
SDC file                  - fixed.sdc
Output directory          - .
Timing library            - fixed_p.lib
IO Placement file         - fixed.pci

D2050: Starting reading inputs for placer
=============================================================
D2065: Reading netlist file : "fixed_p.vh2"
D2065: Reading arch file : "C:\Program Files (x86)\Cypress\PSoC Creator\4.2\PSoC Creator\dev\arch/udbdsi_2x2_04.cydata"
D2051: Reading of inputs for placer completed successfully

D2053: Starting placement of the design
=============================================================

Phase 2
Phase 3

Design Statistics after Packing
    Number of Combinational MCs 	:	3
    Number of Sequential MCs    	:	11
    Number of DPs               	:	1
    Number of Controls          	:	2
    Number of Status            	:	1
    Number of SyncCells         	:	0
    Number of count7cells       	:	0

Device Utilization Summary after Packing
    Macrocells                  :	14/32
    UDBS                        :	3/4
    IOs                         :	17/36


D2088: Phase 3, elapsed time : 0.0 (sec)

Phase 4
D2088: Phase 4, elapsed time : 0.0 (sec)

Phase 6

######################################################################
Placement Timing Summary

The timing summary is based on estimated routing delays after
placement. For final timing report, please carry out the timing
analysis after routing.
======================================================================

######################################################################
                     Clock Summary 
======================================================================
Number of clocks: 20
Clock: Clock_1              | Frequency: N/A       | Target:  24.0 MHz
Clock: Clock_1(FFB)         | Frequency: N/A       | Target:  24.0 MHz
Clock: Clock_2              | Frequency:  53.4 MHz | Target:   4.8 MHz
Clock: Clock_3              | Frequency:  70.7 MHz | Target:   4.0 MHz
Clock: Clock_4              | Frequency: N/A       | Target:  24.0 MHz
Clock: Clock_4(FFB)         | Frequency: N/A       | Target:  24.0 MHz
Clock: Clock_5              | Frequency: N/A       | Target:  24.0 MHz
Clock: Clock_5(FFB)         | Frequency: N/A       | Target:  24.0 MHz
Clock: Clock_6              | Frequency: N/A       | Target:  48.0 MHz
Clock: Clock_6(FFB)         | Frequency: N/A       | Target:  48.0 MHz
Clock: CyHFCLK              | Frequency:  70.7 MHz | Target:  48.0 MHz
Clock: CyILO                | Frequency: N/A       | Target:   0.0 MHz
Clock: CyIMO                | Frequency: N/A       | Target:  48.0 MHz
Clock: CyLFCLK              | Frequency: N/A       | Target:   0.0 MHz
Clock: CyRouted1            | Frequency: N/A       | Target:  48.0 MHz
Clock: CySYSCLK             | Frequency: N/A       | Target:  48.0 MHz
Clock: EZI2C_CAM_SCBCLK     | Frequency: N/A       | Target:   1.6 MHz
Clock: EZI2C_CAM_SCBCLK(FFB) | Frequency: N/A       | Target:   1.6 MHz
Clock: I2C_LED_SCBCLK       | Frequency: N/A       | Target:  16.0 MHz
Clock: I2C_LED_SCBCLK(FFB)  | Frequency: N/A       | Target:  16.0 MHz

======================================================================
                     End of Clock Summary
######################################################################

D2088: Phase 6, elapsed time : 0.0 (sec)

Phase 7
######################################################################
                     Clock Summary 
======================================================================
Number of clocks: 20
Clock: Clock_1              | Frequency: N/A       | Target:  24.0 MHz
Clock: Clock_1(FFB)         | Frequency: N/A       | Target:  24.0 MHz
Clock: Clock_2              | Frequency:  53.4 MHz | Target:   4.8 MHz
Clock: Clock_3              | Frequency:  73.9 MHz | Target:   4.0 MHz
Clock: Clock_4              | Frequency: N/A       | Target:  24.0 MHz
Clock: Clock_4(FFB)         | Frequency: N/A       | Target:  24.0 MHz
Clock: Clock_5              | Frequency: N/A       | Target:  24.0 MHz
Clock: Clock_5(FFB)         | Frequency: N/A       | Target:  24.0 MHz
Clock: Clock_6              | Frequency: N/A       | Target:  48.0 MHz
Clock: Clock_6(FFB)         | Frequency: N/A       | Target:  48.0 MHz
Clock: CyHFCLK              | Frequency:  73.9 MHz | Target:  48.0 MHz
Clock: CyILO                | Frequency: N/A       | Target:   0.0 MHz
Clock: CyIMO                | Frequency: N/A       | Target:  48.0 MHz
Clock: CyLFCLK              | Frequency: N/A       | Target:   0.0 MHz
Clock: CyRouted1            | Frequency: N/A       | Target:  48.0 MHz
Clock: CySYSCLK             | Frequency: N/A       | Target:  48.0 MHz
Clock: EZI2C_CAM_SCBCLK     | Frequency: N/A       | Target:   1.6 MHz
Clock: EZI2C_CAM_SCBCLK(FFB) | Frequency: N/A       | Target:   1.6 MHz
Clock: I2C_LED_SCBCLK       | Frequency: N/A       | Target:  16.0 MHz
Clock: I2C_LED_SCBCLK(FFB)  | Frequency: N/A       | Target:  16.0 MHz

======================================================================
                     End of Clock Summary
######################################################################
D2088: Phase 7, elapsed time : 0.1 (sec)

Final Design Statistics
    Number of Combinational MCs 	:	3
    Number of Sequential MCs    	:	11
    Number of DPs               	:	1
    Number of Controls          	:	2
    Number of Status            	:	1
    Number of SyncCells         	:	0
    Number of count7cells       	:	0
    Number of IOs       	:	17

Device Utilization Summary
    Macrocells                  :	14/32
    IOs                         :	17/36



######################################################################
Placement Timing Summary

The timing summary is based on estimated routing delays after
placement. For final timing report, please carry out the timing
analysis after routing.
======================================================================


######################################################################
                     Clock Summary 
======================================================================
Number of clocks: 20
Clock: Clock_1              | Frequency: N/A       | Target:  24.0 MHz
Clock: Clock_1(FFB)         | Frequency: N/A       | Target:  24.0 MHz
Clock: Clock_2              | Frequency:  53.4 MHz | Target:   5.3 MHz
Clock: Clock_3              | Frequency:   8.5 MHz | Target:   4.4 MHz
Clock: Clock_4              | Frequency: N/A       | Target:  24.0 MHz
Clock: Clock_4(FFB)         | Frequency: N/A       | Target:  24.0 MHz
Clock: Clock_5              | Frequency: N/A       | Target:  24.0 MHz
Clock: Clock_5(FFB)         | Frequency: N/A       | Target:  24.0 MHz
Clock: Clock_6              | Frequency: N/A       | Target:  48.0 MHz
Clock: Clock_6(FFB)         | Frequency: N/A       | Target:  48.0 MHz
Clock: CyHFCLK              | Frequency:   8.5 MHz | Target:  52.6 MHz
Clock: CyILO                | Frequency: N/A       | Target:   0.0 MHz
Clock: CyIMO                | Frequency: N/A       | Target:  48.0 MHz
Clock: CyLFCLK              | Frequency: N/A       | Target:   0.0 MHz
Clock: CyRouted1            | Frequency: N/A       | Target:  48.0 MHz
Clock: CySYSCLK             | Frequency: N/A       | Target:  48.0 MHz
Clock: EZI2C_CAM_SCBCLK     | Frequency: N/A       | Target:   1.6 MHz
Clock: EZI2C_CAM_SCBCLK(FFB) | Frequency: N/A       | Target:   1.6 MHz
Clock: I2C_LED_SCBCLK       | Frequency: N/A       | Target:  16.0 MHz
Clock: I2C_LED_SCBCLK(FFB)  | Frequency: N/A       | Target:  16.0 MHz

======================================================================
                     End of Clock Summary
######################################################################

Phase 8
D2088: Phase 8, elapsed time : 0.0 (sec)

D2054: Placement of the design completed successfully

I2076: Total run-time: 0.3 sec.

