ARM GAS  C:\Users\ilya\AppData\Local\Temp\ccUKIBwG.s 			page 1


   1              		.syntax unified
   2              		.cpu cortex-m0
   3              		.fpu softvfp
   4              		.eabi_attribute 20, 1
   5              		.eabi_attribute 21, 1
   6              		.eabi_attribute 23, 3
   7              		.eabi_attribute 24, 1
   8              		.eabi_attribute 25, 1
   9              		.eabi_attribute 26, 1
  10              		.eabi_attribute 30, 1
  11              		.eabi_attribute 34, 0
  12              		.eabi_attribute 18, 4
  13              		.thumb
  14              		.syntax unified
  15              		.file	"cyfitter_cfg.c"
  16              		.text
  17              	.Ltext0:
  18              		.cfi_sections	.debug_frame
  19              		.section	.text.CYMEMZERO,"ax",%progbits
  20              		.align	2
  21              		.code	16
  22              		.thumb_func
  23              		.type	CYMEMZERO, %function
  24              	CYMEMZERO:
  25              	.LFB0:
  26              		.file 1 "Generated_Source\\PSoC4\\cyfitter_cfg.c"
   1:Generated_Source\PSoC4/cyfitter_cfg.c **** 
   2:Generated_Source\PSoC4/cyfitter_cfg.c **** /*******************************************************************************
   3:Generated_Source\PSoC4/cyfitter_cfg.c **** * File Name: cyfitter_cfg.c
   4:Generated_Source\PSoC4/cyfitter_cfg.c **** * 
   5:Generated_Source\PSoC4/cyfitter_cfg.c **** * PSoC Creator  4.2
   6:Generated_Source\PSoC4/cyfitter_cfg.c **** *
   7:Generated_Source\PSoC4/cyfitter_cfg.c **** * Description:
   8:Generated_Source\PSoC4/cyfitter_cfg.c **** * This file contains device initialization code.
   9:Generated_Source\PSoC4/cyfitter_cfg.c **** * Except for the user defined sections in CyClockStartupError(), this file should not be modified.
  10:Generated_Source\PSoC4/cyfitter_cfg.c **** * This file is automatically generated by PSoC Creator.
  11:Generated_Source\PSoC4/cyfitter_cfg.c **** *
  12:Generated_Source\PSoC4/cyfitter_cfg.c **** ********************************************************************************
  13:Generated_Source\PSoC4/cyfitter_cfg.c **** * Copyright (c) 2007-2018 Cypress Semiconductor.  All rights reserved.
  14:Generated_Source\PSoC4/cyfitter_cfg.c **** * You may use this file only in accordance with the license, terms, conditions, 
  15:Generated_Source\PSoC4/cyfitter_cfg.c **** * disclaimers, and limitations in the end user license agreement accompanying 
  16:Generated_Source\PSoC4/cyfitter_cfg.c **** * the software package with which this file was provided.
  17:Generated_Source\PSoC4/cyfitter_cfg.c **** ********************************************************************************/
  18:Generated_Source\PSoC4/cyfitter_cfg.c **** 
  19:Generated_Source\PSoC4/cyfitter_cfg.c **** #include <string.h>
  20:Generated_Source\PSoC4/cyfitter_cfg.c **** #include "cytypes.h"
  21:Generated_Source\PSoC4/cyfitter_cfg.c **** #include "cydevice_trm.h"
  22:Generated_Source\PSoC4/cyfitter_cfg.c **** #include "cyfitter.h"
  23:Generated_Source\PSoC4/cyfitter_cfg.c **** #include "CyLib.h"
  24:Generated_Source\PSoC4/cyfitter_cfg.c **** #include "CyLFClk.h"
  25:Generated_Source\PSoC4/cyfitter_cfg.c **** #include "cyfitter_cfg.h"
  26:Generated_Source\PSoC4/cyfitter_cfg.c **** #include "cyapicallbacks.h"
  27:Generated_Source\PSoC4/cyfitter_cfg.c **** 
  28:Generated_Source\PSoC4/cyfitter_cfg.c **** 
  29:Generated_Source\PSoC4/cyfitter_cfg.c **** #if defined(__GNUC__) || defined(__ARMCC_VERSION)
  30:Generated_Source\PSoC4/cyfitter_cfg.c ****     #define CYPACKED 
  31:Generated_Source\PSoC4/cyfitter_cfg.c ****     #define CYPACKED_ATTR __attribute__ ((packed))
ARM GAS  C:\Users\ilya\AppData\Local\Temp\ccUKIBwG.s 			page 2


  32:Generated_Source\PSoC4/cyfitter_cfg.c ****     #define CYALIGNED __attribute__ ((aligned))
  33:Generated_Source\PSoC4/cyfitter_cfg.c ****     #define CY_CFG_UNUSED __attribute__ ((unused))
  34:Generated_Source\PSoC4/cyfitter_cfg.c ****     #ifndef CY_CFG_SECTION
  35:Generated_Source\PSoC4/cyfitter_cfg.c ****         #define CY_CFG_SECTION __attribute__ ((section(".psocinit")))
  36:Generated_Source\PSoC4/cyfitter_cfg.c ****     #endif
  37:Generated_Source\PSoC4/cyfitter_cfg.c ****     
  38:Generated_Source\PSoC4/cyfitter_cfg.c ****     #if defined(__ARMCC_VERSION)
  39:Generated_Source\PSoC4/cyfitter_cfg.c ****         #define CY_CFG_MEMORY_BARRIER() __memory_changed()
  40:Generated_Source\PSoC4/cyfitter_cfg.c ****     #else
  41:Generated_Source\PSoC4/cyfitter_cfg.c ****         #define CY_CFG_MEMORY_BARRIER() __sync_synchronize()
  42:Generated_Source\PSoC4/cyfitter_cfg.c ****     #endif
  43:Generated_Source\PSoC4/cyfitter_cfg.c ****     
  44:Generated_Source\PSoC4/cyfitter_cfg.c **** #elif defined(__ICCARM__)
  45:Generated_Source\PSoC4/cyfitter_cfg.c ****     #include <intrinsics.h>
  46:Generated_Source\PSoC4/cyfitter_cfg.c **** 
  47:Generated_Source\PSoC4/cyfitter_cfg.c ****     #define CYPACKED __packed
  48:Generated_Source\PSoC4/cyfitter_cfg.c ****     #define CYPACKED_ATTR 
  49:Generated_Source\PSoC4/cyfitter_cfg.c ****     #define CYALIGNED _Pragma("data_alignment=4")
  50:Generated_Source\PSoC4/cyfitter_cfg.c ****     #define CY_CFG_UNUSED _Pragma("diag_suppress=Pe177")
  51:Generated_Source\PSoC4/cyfitter_cfg.c ****     #define CY_CFG_SECTION _Pragma("location=\".psocinit\"")
  52:Generated_Source\PSoC4/cyfitter_cfg.c ****     
  53:Generated_Source\PSoC4/cyfitter_cfg.c ****     #define CY_CFG_MEMORY_BARRIER() __DMB()
  54:Generated_Source\PSoC4/cyfitter_cfg.c ****     
  55:Generated_Source\PSoC4/cyfitter_cfg.c **** #else
  56:Generated_Source\PSoC4/cyfitter_cfg.c ****     #error Unsupported toolchain
  57:Generated_Source\PSoC4/cyfitter_cfg.c **** #endif
  58:Generated_Source\PSoC4/cyfitter_cfg.c **** 
  59:Generated_Source\PSoC4/cyfitter_cfg.c **** #ifndef CYCODE
  60:Generated_Source\PSoC4/cyfitter_cfg.c ****     #define CYCODE
  61:Generated_Source\PSoC4/cyfitter_cfg.c **** #endif
  62:Generated_Source\PSoC4/cyfitter_cfg.c **** #ifndef CYDATA
  63:Generated_Source\PSoC4/cyfitter_cfg.c ****     #define CYDATA
  64:Generated_Source\PSoC4/cyfitter_cfg.c **** #endif
  65:Generated_Source\PSoC4/cyfitter_cfg.c **** #ifndef CYFAR
  66:Generated_Source\PSoC4/cyfitter_cfg.c ****     #define CYFAR
  67:Generated_Source\PSoC4/cyfitter_cfg.c **** #endif
  68:Generated_Source\PSoC4/cyfitter_cfg.c **** #ifndef CYXDATA
  69:Generated_Source\PSoC4/cyfitter_cfg.c ****     #define CYXDATA
  70:Generated_Source\PSoC4/cyfitter_cfg.c **** #endif
  71:Generated_Source\PSoC4/cyfitter_cfg.c **** 
  72:Generated_Source\PSoC4/cyfitter_cfg.c **** 
  73:Generated_Source\PSoC4/cyfitter_cfg.c **** CY_CFG_UNUSED
  74:Generated_Source\PSoC4/cyfitter_cfg.c **** static void CYMEMZERO(void *s, size_t n);
  75:Generated_Source\PSoC4/cyfitter_cfg.c **** CY_CFG_UNUSED
  76:Generated_Source\PSoC4/cyfitter_cfg.c **** static void CYMEMZERO(void *s, size_t n)
  77:Generated_Source\PSoC4/cyfitter_cfg.c **** {
  27              		.loc 1 77 0
  28              		.cfi_startproc
  29              		@ args = 0, pretend = 0, frame = 0
  30              		@ frame_needed = 0, uses_anonymous_args = 0
  31              	.LVL0:
  32 0000 10B5     		push	{r4, lr}
  33              		.cfi_def_cfa_offset 8
  34              		.cfi_offset 4, -8
  35              		.cfi_offset 14, -4
  36 0002 0A00     		movs	r2, r1
  78:Generated_Source\PSoC4/cyfitter_cfg.c **** 	(void)memset(s, 0, n);
ARM GAS  C:\Users\ilya\AppData\Local\Temp\ccUKIBwG.s 			page 3


  37              		.loc 1 78 0
  38 0004 0021     		movs	r1, #0
  39              	.LVL1:
  40 0006 FFF7FEFF 		bl	memset
  41              	.LVL2:
  79:Generated_Source\PSoC4/cyfitter_cfg.c **** }
  42              		.loc 1 79 0
  43              		@ sp needed
  44 000a 10BD     		pop	{r4, pc}
  45              		.cfi_endproc
  46              	.LFE0:
  47              		.size	CYMEMZERO, .-CYMEMZERO
  48              		.section	.psocinit,"ax",%progbits
  49              		.align	2
  50              		.code	16
  51              		.thumb_func
  52              		.type	ClockSetup, %function
  53              	ClockSetup:
  54              	.LFB3:
  80:Generated_Source\PSoC4/cyfitter_cfg.c **** CY_CFG_UNUSED
  81:Generated_Source\PSoC4/cyfitter_cfg.c **** static void CYCONFIGCPY(void *dest, const void *src, size_t n);
  82:Generated_Source\PSoC4/cyfitter_cfg.c **** CY_CFG_UNUSED
  83:Generated_Source\PSoC4/cyfitter_cfg.c **** static void CYCONFIGCPY(void *dest, const void *src, size_t n)
  84:Generated_Source\PSoC4/cyfitter_cfg.c **** {
  85:Generated_Source\PSoC4/cyfitter_cfg.c **** 	(void)memcpy(dest, src, n);
  86:Generated_Source\PSoC4/cyfitter_cfg.c **** }
  87:Generated_Source\PSoC4/cyfitter_cfg.c **** CY_CFG_UNUSED
  88:Generated_Source\PSoC4/cyfitter_cfg.c **** static void CYCONFIGCPYCODE(void *dest, const void *src, size_t n);
  89:Generated_Source\PSoC4/cyfitter_cfg.c **** CY_CFG_UNUSED
  90:Generated_Source\PSoC4/cyfitter_cfg.c **** static void CYCONFIGCPYCODE(void *dest, const void *src, size_t n)
  91:Generated_Source\PSoC4/cyfitter_cfg.c **** {
  92:Generated_Source\PSoC4/cyfitter_cfg.c **** 	(void)memcpy(dest, src, n);
  93:Generated_Source\PSoC4/cyfitter_cfg.c **** }
  94:Generated_Source\PSoC4/cyfitter_cfg.c **** 
  95:Generated_Source\PSoC4/cyfitter_cfg.c **** 
  96:Generated_Source\PSoC4/cyfitter_cfg.c **** 
  97:Generated_Source\PSoC4/cyfitter_cfg.c **** 
  98:Generated_Source\PSoC4/cyfitter_cfg.c **** /* Clock startup error codes                                                   */
  99:Generated_Source\PSoC4/cyfitter_cfg.c **** #define CYCLOCKSTART_NO_ERROR    0u
 100:Generated_Source\PSoC4/cyfitter_cfg.c **** #define CYCLOCKSTART_XTAL_ERROR  1u
 101:Generated_Source\PSoC4/cyfitter_cfg.c **** #define CYCLOCKSTART_32KHZ_ERROR 2u
 102:Generated_Source\PSoC4/cyfitter_cfg.c **** #define CYCLOCKSTART_PLL_ERROR   3u
 103:Generated_Source\PSoC4/cyfitter_cfg.c **** #define CYCLOCKSTART_FLL_ERROR   4u
 104:Generated_Source\PSoC4/cyfitter_cfg.c **** #define CYCLOCKSTART_WCO_ERROR   5u
 105:Generated_Source\PSoC4/cyfitter_cfg.c **** 
 106:Generated_Source\PSoC4/cyfitter_cfg.c **** 
 107:Generated_Source\PSoC4/cyfitter_cfg.c **** #ifdef CY_NEED_CYCLOCKSTARTUPERROR
 108:Generated_Source\PSoC4/cyfitter_cfg.c **** /*******************************************************************************
 109:Generated_Source\PSoC4/cyfitter_cfg.c **** * Function Name: CyClockStartupError
 110:Generated_Source\PSoC4/cyfitter_cfg.c **** ********************************************************************************
 111:Generated_Source\PSoC4/cyfitter_cfg.c **** * Summary:
 112:Generated_Source\PSoC4/cyfitter_cfg.c **** *  If an error is encountered during clock configuration (crystal startup error,
 113:Generated_Source\PSoC4/cyfitter_cfg.c **** *  PLL lock error, etc.), the system will end up here.  Unless reimplemented by
 114:Generated_Source\PSoC4/cyfitter_cfg.c **** *  the customer, this function will stop in an infinite loop.
 115:Generated_Source\PSoC4/cyfitter_cfg.c **** *
 116:Generated_Source\PSoC4/cyfitter_cfg.c **** * Parameters:
 117:Generated_Source\PSoC4/cyfitter_cfg.c **** *   void
ARM GAS  C:\Users\ilya\AppData\Local\Temp\ccUKIBwG.s 			page 4


 118:Generated_Source\PSoC4/cyfitter_cfg.c **** *
 119:Generated_Source\PSoC4/cyfitter_cfg.c **** * Return:
 120:Generated_Source\PSoC4/cyfitter_cfg.c **** *   void
 121:Generated_Source\PSoC4/cyfitter_cfg.c **** *
 122:Generated_Source\PSoC4/cyfitter_cfg.c **** *******************************************************************************/
 123:Generated_Source\PSoC4/cyfitter_cfg.c **** CY_CFG_UNUSED
 124:Generated_Source\PSoC4/cyfitter_cfg.c **** static void CyClockStartupError(uint8 errorCode);
 125:Generated_Source\PSoC4/cyfitter_cfg.c **** CY_CFG_UNUSED
 126:Generated_Source\PSoC4/cyfitter_cfg.c **** static void CyClockStartupError(uint8 errorCode)
 127:Generated_Source\PSoC4/cyfitter_cfg.c **** {
 128:Generated_Source\PSoC4/cyfitter_cfg.c ****     /* To remove the compiler warning if errorCode not used.                */
 129:Generated_Source\PSoC4/cyfitter_cfg.c ****     errorCode = errorCode;
 130:Generated_Source\PSoC4/cyfitter_cfg.c **** 
 131:Generated_Source\PSoC4/cyfitter_cfg.c ****     /* If we have a clock startup error (bad MHz crystal, PLL lock, etc.),  */
 132:Generated_Source\PSoC4/cyfitter_cfg.c ****     /* we will end up here to allow the customer to implement something to  */
 133:Generated_Source\PSoC4/cyfitter_cfg.c ****     /* deal with the clock condition.                                       */
 134:Generated_Source\PSoC4/cyfitter_cfg.c **** 
 135:Generated_Source\PSoC4/cyfitter_cfg.c **** #ifdef CY_CFG_CLOCK_STARTUP_ERROR_CALLBACK
 136:Generated_Source\PSoC4/cyfitter_cfg.c ****     CY_CFG_Clock_Startup_ErrorCallback();
 137:Generated_Source\PSoC4/cyfitter_cfg.c **** #else
 138:Generated_Source\PSoC4/cyfitter_cfg.c ****     /*  If not using CY_CFG_CLOCK_STARTUP_ERROR_CALLBACK, place your clock startup code here. */
 139:Generated_Source\PSoC4/cyfitter_cfg.c ****     /* `#START CyClockStartupError` */
 140:Generated_Source\PSoC4/cyfitter_cfg.c **** 
 141:Generated_Source\PSoC4/cyfitter_cfg.c **** 
 142:Generated_Source\PSoC4/cyfitter_cfg.c **** 
 143:Generated_Source\PSoC4/cyfitter_cfg.c ****     /* `#END` */
 144:Generated_Source\PSoC4/cyfitter_cfg.c **** 
 145:Generated_Source\PSoC4/cyfitter_cfg.c ****     while(1) {}
 146:Generated_Source\PSoC4/cyfitter_cfg.c **** #endif /* CY_CFG_CLOCK_STARTUP_ERROR_CALLBACK */
 147:Generated_Source\PSoC4/cyfitter_cfg.c **** }
 148:Generated_Source\PSoC4/cyfitter_cfg.c **** #endif
 149:Generated_Source\PSoC4/cyfitter_cfg.c **** 
 150:Generated_Source\PSoC4/cyfitter_cfg.c **** 
 151:Generated_Source\PSoC4/cyfitter_cfg.c **** 
 152:Generated_Source\PSoC4/cyfitter_cfg.c **** /*******************************************************************************
 153:Generated_Source\PSoC4/cyfitter_cfg.c **** * Function Name: ClockSetup
 154:Generated_Source\PSoC4/cyfitter_cfg.c **** ********************************************************************************
 155:Generated_Source\PSoC4/cyfitter_cfg.c **** *
 156:Generated_Source\PSoC4/cyfitter_cfg.c **** * Summary:
 157:Generated_Source\PSoC4/cyfitter_cfg.c **** *   Performs the initialization of all of the clocks in the device based on the
 158:Generated_Source\PSoC4/cyfitter_cfg.c **** *   settings in the Clock tab of the DWR.  This includes enabling the requested
 159:Generated_Source\PSoC4/cyfitter_cfg.c **** *   clocks and setting the necessary dividers to produce the desired frequency. 
 160:Generated_Source\PSoC4/cyfitter_cfg.c **** *
 161:Generated_Source\PSoC4/cyfitter_cfg.c **** * Parameters:
 162:Generated_Source\PSoC4/cyfitter_cfg.c **** *   void
 163:Generated_Source\PSoC4/cyfitter_cfg.c **** *
 164:Generated_Source\PSoC4/cyfitter_cfg.c **** * Return:
 165:Generated_Source\PSoC4/cyfitter_cfg.c **** *   void
 166:Generated_Source\PSoC4/cyfitter_cfg.c **** *
 167:Generated_Source\PSoC4/cyfitter_cfg.c **** *******************************************************************************/
 168:Generated_Source\PSoC4/cyfitter_cfg.c **** static void ClockSetup(void);
 169:Generated_Source\PSoC4/cyfitter_cfg.c **** CY_CFG_SECTION
 170:Generated_Source\PSoC4/cyfitter_cfg.c **** static void ClockSetup(void)
 171:Generated_Source\PSoC4/cyfitter_cfg.c **** {
  55              		.loc 1 171 0
  56              		.cfi_startproc
  57              		@ args = 0, pretend = 0, frame = 0
ARM GAS  C:\Users\ilya\AppData\Local\Temp\ccUKIBwG.s 			page 5


  58              		@ frame_needed = 0, uses_anonymous_args = 0
  59 0000 70B5     		push	{r4, r5, r6, lr}
  60              		.cfi_def_cfa_offset 16
  61              		.cfi_offset 4, -16
  62              		.cfi_offset 5, -12
  63              		.cfi_offset 6, -8
  64              		.cfi_offset 14, -4
 172:Generated_Source\PSoC4/cyfitter_cfg.c **** 	/* Enable HALF_EN before trimming for the flash accelerator. */
 173:Generated_Source\PSoC4/cyfitter_cfg.c **** 	CY_SET_REG32((void CYXDATA *)(CYREG_CLK_SELECT), (CY_GET_REG32((void *)CYREG_CLK_SELECT) | 0x00040
  65              		.loc 1 173 0
  66 0002 124C     		ldr	r4, .L3
  67 0004 2368     		ldr	r3, [r4]
  68 0006 8022     		movs	r2, #128
  69 0008 D202     		lsls	r2, r2, #11
  70 000a 1343     		orrs	r3, r2
  71 000c 2360     		str	r3, [r4]
 174:Generated_Source\PSoC4/cyfitter_cfg.c **** 
 175:Generated_Source\PSoC4/cyfitter_cfg.c **** 	/* Setup and trim IMO based on desired frequency. */
 176:Generated_Source\PSoC4/cyfitter_cfg.c **** 	CySysClkWriteImoFreq(24u);
  72              		.loc 1 176 0
  73 000e 1820     		movs	r0, #24
  74 0010 FFF7FEFF 		bl	CySysClkWriteImoFreq
  75              	.LVL3:
 177:Generated_Source\PSoC4/cyfitter_cfg.c **** 
 178:Generated_Source\PSoC4/cyfitter_cfg.c **** 	/* Disable HALF_EN since it is not required at this IMO frequency. */
 179:Generated_Source\PSoC4/cyfitter_cfg.c **** 	CY_SET_REG32((void CYXDATA *)(CYREG_CLK_SELECT), (CY_GET_REG32((void *)CYREG_CLK_SELECT) & 0xFFFBF
  76              		.loc 1 179 0
  77 0014 2268     		ldr	r2, [r4]
  78 0016 0E4B     		ldr	r3, .L3+4
  79 0018 1340     		ands	r3, r2
  80 001a 2360     		str	r3, [r4]
 180:Generated_Source\PSoC4/cyfitter_cfg.c **** 	/* CYDEV_CLK_ILO_CONFIG Starting address: CYDEV_CLK_ILO_CONFIG */
 181:Generated_Source\PSoC4/cyfitter_cfg.c **** 	CY_SET_REG32((void *)(CYREG_CLK_ILO_CONFIG), 0x80000006u);
  81              		.loc 1 181 0
  82 001c 0D4A     		ldr	r2, .L3+8
  83 001e 0E4B     		ldr	r3, .L3+12
  84 0020 1A60     		str	r2, [r3]
 182:Generated_Source\PSoC4/cyfitter_cfg.c **** 
 183:Generated_Source\PSoC4/cyfitter_cfg.c **** 
 184:Generated_Source\PSoC4/cyfitter_cfg.c **** 	/* CYDEV_CLK_SELECT00 Starting address: CYDEV_CLK_SELECT00 */
 185:Generated_Source\PSoC4/cyfitter_cfg.c **** 	CY_SET_REG32((void *)(CYREG_CLK_SELECT03), 0x00000010u);
  85              		.loc 1 185 0
  86 0022 1022     		movs	r2, #16
  87 0024 0D4B     		ldr	r3, .L3+16
  88 0026 1A60     		str	r2, [r3]
 186:Generated_Source\PSoC4/cyfitter_cfg.c **** 
 187:Generated_Source\PSoC4/cyfitter_cfg.c **** 	/* CYDEV_CLK_IMO_CONFIG Starting address: CYDEV_CLK_IMO_CONFIG */
 188:Generated_Source\PSoC4/cyfitter_cfg.c **** 	CY_SET_REG32((void *)(CYREG_CLK_IMO_CONFIG), 0x80000000u);
  89              		.loc 1 188 0
  90 0028 8023     		movs	r3, #128
  91 002a 1B06     		lsls	r3, r3, #24
  92 002c 0C4A     		ldr	r2, .L3+20
  93 002e 1360     		str	r3, [r2]
 189:Generated_Source\PSoC4/cyfitter_cfg.c **** 
 190:Generated_Source\PSoC4/cyfitter_cfg.c **** 	/* CYDEV_CLK_SELECT Starting address: CYDEV_CLK_SELECT */
 191:Generated_Source\PSoC4/cyfitter_cfg.c **** 	CY_SET_REG32((void *)(CYREG_CLK_SELECT), 0x00000000u);
  94              		.loc 1 191 0
ARM GAS  C:\Users\ilya\AppData\Local\Temp\ccUKIBwG.s 			page 6


  95 0030 0025     		movs	r5, #0
  96 0032 2560     		str	r5, [r4]
 192:Generated_Source\PSoC4/cyfitter_cfg.c **** 
 193:Generated_Source\PSoC4/cyfitter_cfg.c **** 	/* CYDEV_CLK_DIVIDER_A00 Starting address: CYDEV_CLK_DIVIDER_A00 */
 194:Generated_Source\PSoC4/cyfitter_cfg.c **** 	CY_SET_REG32((void *)(CYREG_CLK_DIVIDER_A00), 0x80000000u);
  97              		.loc 1 194 0
  98 0034 0B4A     		ldr	r2, .L3+24
  99 0036 1360     		str	r3, [r2]
 195:Generated_Source\PSoC4/cyfitter_cfg.c **** 
 196:Generated_Source\PSoC4/cyfitter_cfg.c **** 	(void)CyIntSetVector(9u, &CySysWdtIsr);
 100              		.loc 1 196 0
 101 0038 0B49     		ldr	r1, .L3+28
 102 003a 0920     		movs	r0, #9
 103 003c FFF7FEFF 		bl	CyIntSetVector
 104              	.LVL4:
 197:Generated_Source\PSoC4/cyfitter_cfg.c **** 	CyIntEnable(9u);
 105              		.loc 1 197 0
 106 0040 0920     		movs	r0, #9
 107 0042 FFF7FEFF 		bl	CyIntEnable
 108              	.LVL5:
 198:Generated_Source\PSoC4/cyfitter_cfg.c **** 	CY_SET_REG32((void *)(CYREG_WDT_CONFIG), 0x00000000u);
 109              		.loc 1 198 0
 110 0046 094B     		ldr	r3, .L3+32
 111 0048 1D60     		str	r5, [r3]
 199:Generated_Source\PSoC4/cyfitter_cfg.c **** }
 112              		.loc 1 199 0
 113              		@ sp needed
 114 004a 70BD     		pop	{r4, r5, r6, pc}
 115              	.L4:
 116              		.align	2
 117              	.L3:
 118 004c 00010B40 		.word	1074462976
 119 0050 FFFFFBFF 		.word	-262145
 120 0054 06000080 		.word	-2147483642
 121 0058 04010B40 		.word	1074462980
 122 005c 0C020240 		.word	1073873420
 123 0060 08010B40 		.word	1074462984
 124 0064 00000240 		.word	1073872896
 125 0068 00000000 		.word	CySysWdtIsr
 126 006c 0C020B40 		.word	1074463244
 127              		.cfi_endproc
 128              	.LFE3:
 129              		.size	ClockSetup, .-ClockSetup
 130              		.align	2
 131              		.global	cyfitter_cfg
 132              		.code	16
 133              		.thumb_func
 134              		.type	cyfitter_cfg, %function
 135              	cyfitter_cfg:
 136              	.LFB5:
 200:Generated_Source\PSoC4/cyfitter_cfg.c **** 
 201:Generated_Source\PSoC4/cyfitter_cfg.c **** 
 202:Generated_Source\PSoC4/cyfitter_cfg.c **** /* Analog API Functions */
 203:Generated_Source\PSoC4/cyfitter_cfg.c **** 
 204:Generated_Source\PSoC4/cyfitter_cfg.c **** 
 205:Generated_Source\PSoC4/cyfitter_cfg.c **** /*******************************************************************************
 206:Generated_Source\PSoC4/cyfitter_cfg.c **** * Function Name: AnalogSetDefault
ARM GAS  C:\Users\ilya\AppData\Local\Temp\ccUKIBwG.s 			page 7


 207:Generated_Source\PSoC4/cyfitter_cfg.c **** ********************************************************************************
 208:Generated_Source\PSoC4/cyfitter_cfg.c **** *
 209:Generated_Source\PSoC4/cyfitter_cfg.c **** * Summary:
 210:Generated_Source\PSoC4/cyfitter_cfg.c **** *  Sets up the analog portions of the chip to default values based on chip
 211:Generated_Source\PSoC4/cyfitter_cfg.c **** *  configuration options from the project.
 212:Generated_Source\PSoC4/cyfitter_cfg.c **** *
 213:Generated_Source\PSoC4/cyfitter_cfg.c **** * Parameters:
 214:Generated_Source\PSoC4/cyfitter_cfg.c **** *  void
 215:Generated_Source\PSoC4/cyfitter_cfg.c **** *
 216:Generated_Source\PSoC4/cyfitter_cfg.c **** * Return:
 217:Generated_Source\PSoC4/cyfitter_cfg.c **** *  void
 218:Generated_Source\PSoC4/cyfitter_cfg.c **** *
 219:Generated_Source\PSoC4/cyfitter_cfg.c **** *******************************************************************************/
 220:Generated_Source\PSoC4/cyfitter_cfg.c **** static void AnalogSetDefault(void);
 221:Generated_Source\PSoC4/cyfitter_cfg.c **** static void AnalogSetDefault(void)
 222:Generated_Source\PSoC4/cyfitter_cfg.c **** {
 223:Generated_Source\PSoC4/cyfitter_cfg.c **** }
 224:Generated_Source\PSoC4/cyfitter_cfg.c **** 
 225:Generated_Source\PSoC4/cyfitter_cfg.c **** 
 226:Generated_Source\PSoC4/cyfitter_cfg.c **** 
 227:Generated_Source\PSoC4/cyfitter_cfg.c **** 
 228:Generated_Source\PSoC4/cyfitter_cfg.c **** /*******************************************************************************
 229:Generated_Source\PSoC4/cyfitter_cfg.c **** * Function Name: cyfitter_cfg
 230:Generated_Source\PSoC4/cyfitter_cfg.c **** ********************************************************************************
 231:Generated_Source\PSoC4/cyfitter_cfg.c **** * Summary:
 232:Generated_Source\PSoC4/cyfitter_cfg.c **** *  This function is called by the start-up code for the selected device. It
 233:Generated_Source\PSoC4/cyfitter_cfg.c **** *  performs all of the necessary device configuration based on the design
 234:Generated_Source\PSoC4/cyfitter_cfg.c **** *  settings.  This includes settings from the Design Wide Resources (DWR) such
 235:Generated_Source\PSoC4/cyfitter_cfg.c **** *  as Clocks and Pins as well as any component configuration that is necessary.
 236:Generated_Source\PSoC4/cyfitter_cfg.c **** *
 237:Generated_Source\PSoC4/cyfitter_cfg.c **** * Parameters:
 238:Generated_Source\PSoC4/cyfitter_cfg.c **** *   void
 239:Generated_Source\PSoC4/cyfitter_cfg.c **** *
 240:Generated_Source\PSoC4/cyfitter_cfg.c **** * Return:
 241:Generated_Source\PSoC4/cyfitter_cfg.c **** *   void
 242:Generated_Source\PSoC4/cyfitter_cfg.c **** *
 243:Generated_Source\PSoC4/cyfitter_cfg.c **** *******************************************************************************/
 244:Generated_Source\PSoC4/cyfitter_cfg.c **** CY_CFG_SECTION
 245:Generated_Source\PSoC4/cyfitter_cfg.c **** void cyfitter_cfg(void)
 246:Generated_Source\PSoC4/cyfitter_cfg.c **** {
 137              		.loc 1 246 0
 138              		.cfi_startproc
 139              		@ args = 0, pretend = 0, frame = 0
 140              		@ frame_needed = 0, uses_anonymous_args = 0
 141 0070 10B5     		push	{r4, lr}
 142              		.cfi_def_cfa_offset 8
 143              		.cfi_offset 4, -8
 144              		.cfi_offset 14, -4
 247:Generated_Source\PSoC4/cyfitter_cfg.c **** 	/* Disable interrupts by default. Let user enable if/when they want. */
 248:Generated_Source\PSoC4/cyfitter_cfg.c **** 	CyGlobalIntDisable;
 145              		.loc 1 248 0
 146              		.syntax divided
 147              	@ 248 "Generated_Source\PSoC4\cyfitter_cfg.c" 1
 148 0072 72B6     		CPSID   i
 149              	@ 0 "" 2
 150              	.LVL6:
 151              		.thumb
ARM GAS  C:\Users\ilya\AppData\Local\Temp\ccUKIBwG.s 			page 8


 152              		.syntax unified
 153              	.LBB2:
 249:Generated_Source\PSoC4/cyfitter_cfg.c **** 
 250:Generated_Source\PSoC4/cyfitter_cfg.c **** 	{
 251:Generated_Source\PSoC4/cyfitter_cfg.c **** 
 252:Generated_Source\PSoC4/cyfitter_cfg.c **** 		CYPACKED typedef struct {
 253:Generated_Source\PSoC4/cyfitter_cfg.c **** 			void CYFAR *address;
 254:Generated_Source\PSoC4/cyfitter_cfg.c **** 			uint16 size;
 255:Generated_Source\PSoC4/cyfitter_cfg.c **** 		} CYPACKED_ATTR cfg_memset_t;
 256:Generated_Source\PSoC4/cyfitter_cfg.c **** 
 257:Generated_Source\PSoC4/cyfitter_cfg.c **** 		static const cfg_memset_t CYCODE cfg_memset_list[] = {
 258:Generated_Source\PSoC4/cyfitter_cfg.c **** 			/* address, size */
 259:Generated_Source\PSoC4/cyfitter_cfg.c **** 			{(void CYFAR *)(CYDEV_UDB_P0_U0_BASE), 1024u},
 260:Generated_Source\PSoC4/cyfitter_cfg.c **** 			{(void CYFAR *)(CYDEV_UDB_DSI0_BASE), 1024u},
 261:Generated_Source\PSoC4/cyfitter_cfg.c **** 		};
 262:Generated_Source\PSoC4/cyfitter_cfg.c **** 
 263:Generated_Source\PSoC4/cyfitter_cfg.c **** 		uint8 CYDATA i;
 264:Generated_Source\PSoC4/cyfitter_cfg.c **** 
 265:Generated_Source\PSoC4/cyfitter_cfg.c **** 		/* Zero out critical memory blocks before beginning configuration */
 266:Generated_Source\PSoC4/cyfitter_cfg.c **** 		for (i = 0u; i < (sizeof(cfg_memset_list)/sizeof(cfg_memset_list[0])); i++)
 154              		.loc 1 266 0
 155 0074 0024     		movs	r4, #0
 156 0076 0FE0     		b	.L6
 157              	.LVL7:
 158              	.L7:
 159              	.LBB3:
 267:Generated_Source\PSoC4/cyfitter_cfg.c **** 		{
 268:Generated_Source\PSoC4/cyfitter_cfg.c **** 			const cfg_memset_t CYCODE * CYDATA ms = &cfg_memset_list[i];
 269:Generated_Source\PSoC4/cyfitter_cfg.c **** 			CYMEMZERO(ms->address, (size_t)(uint32)(ms->size));
 160              		.loc 1 269 0 discriminator 3
 161 0078 1A48     		ldr	r0, .L8
 162 007a 6200     		lsls	r2, r4, #1
 163 007c 1319     		adds	r3, r2, r4
 164 007e 5900     		lsls	r1, r3, #1
 165 0080 0B00     		movs	r3, r1
 166 0082 4118     		adds	r1, r0, r1
 167 0084 8988     		ldrh	r1, [r1, #4]
 168 0086 1A5A     		ldrh	r2, [r3, r0]
 169 0088 C318     		adds	r3, r0, r3
 170 008a 5888     		ldrh	r0, [r3, #2]
 171 008c 0004     		lsls	r0, r0, #16
 172 008e 1043     		orrs	r0, r2
 173 0090 FFF7FEFF 		bl	CYMEMZERO
 174              	.LVL8:
 175              	.LBE3:
 266:Generated_Source\PSoC4/cyfitter_cfg.c **** 		{
 176              		.loc 1 266 0 discriminator 3
 177 0094 0134     		adds	r4, r4, #1
 178              	.LVL9:
 179 0096 E4B2     		uxtb	r4, r4
 180              	.LVL10:
 181              	.L6:
 266:Generated_Source\PSoC4/cyfitter_cfg.c **** 		{
 182              		.loc 1 266 0 is_stmt 0 discriminator 1
 183 0098 012C     		cmp	r4, #1
 184 009a EDD9     		bls	.L7
 270:Generated_Source\PSoC4/cyfitter_cfg.c **** 		}
ARM GAS  C:\Users\ilya\AppData\Local\Temp\ccUKIBwG.s 			page 9


 271:Generated_Source\PSoC4/cyfitter_cfg.c **** 
 272:Generated_Source\PSoC4/cyfitter_cfg.c **** 		/* HSIOM Starting address: CYDEV_HSIOM_BASE */
 273:Generated_Source\PSoC4/cyfitter_cfg.c **** 		CY_SET_REG32((void *)(CYREG_HSIOM_PORT_SEL3), 0x0000EEEEu);
 185              		.loc 1 273 0 is_stmt 1
 186 009c 124A     		ldr	r2, .L8+4
 187 009e 134B     		ldr	r3, .L8+8
 188 00a0 1A60     		str	r2, [r3]
 274:Generated_Source\PSoC4/cyfitter_cfg.c **** 
 275:Generated_Source\PSoC4/cyfitter_cfg.c **** 		/* UDB_PA_0 Starting address: CYDEV_UDB_PA0_BASE */
 276:Generated_Source\PSoC4/cyfitter_cfg.c **** 		CY_SET_REG32((void *)(CYDEV_UDB_PA0_BASE), 0x00990000u);
 189              		.loc 1 276 0
 190 00a2 9923     		movs	r3, #153
 191 00a4 1B04     		lsls	r3, r3, #16
 192 00a6 124A     		ldr	r2, .L8+12
 193 00a8 1360     		str	r3, [r2]
 277:Generated_Source\PSoC4/cyfitter_cfg.c **** 
 278:Generated_Source\PSoC4/cyfitter_cfg.c **** 		/* UDB_PA_1 Starting address: CYDEV_UDB_PA1_BASE */
 279:Generated_Source\PSoC4/cyfitter_cfg.c **** 		CY_SET_REG32((void *)(CYDEV_UDB_PA1_BASE), 0x00990000u);
 194              		.loc 1 279 0
 195 00aa 124A     		ldr	r2, .L8+16
 196 00ac 1360     		str	r3, [r2]
 280:Generated_Source\PSoC4/cyfitter_cfg.c **** 
 281:Generated_Source\PSoC4/cyfitter_cfg.c **** 		/* UDB_PA_3 Starting address: CYDEV_UDB_PA3_BASE */
 282:Generated_Source\PSoC4/cyfitter_cfg.c **** 		CY_SET_REG32((void *)(CYDEV_UDB_PA3_BASE), 0x00990000u);
 197              		.loc 1 282 0
 198 00ae 124A     		ldr	r2, .L8+20
 199 00b0 1360     		str	r3, [r2]
 283:Generated_Source\PSoC4/cyfitter_cfg.c **** 
 284:Generated_Source\PSoC4/cyfitter_cfg.c **** 		/* Enable digital routing */
 285:Generated_Source\PSoC4/cyfitter_cfg.c **** 		CY_SET_XTND_REG8((void *)CYREG_UDB_UDBIF_BANK_CTL, (uint8)(CY_GET_XTND_REG8((void *)CYREG_UDB_UDB
 200              		.loc 1 285 0
 201 00b2 124A     		ldr	r2, .L8+24
 202 00b4 1178     		ldrb	r1, [r2]
 203 00b6 0623     		movs	r3, #6
 204 00b8 0B43     		orrs	r3, r1
 205 00ba DBB2     		uxtb	r3, r3
 206 00bc 1370     		strb	r3, [r2]
 207              	.LBE2:
 286:Generated_Source\PSoC4/cyfitter_cfg.c **** 	}
 287:Generated_Source\PSoC4/cyfitter_cfg.c **** 
 288:Generated_Source\PSoC4/cyfitter_cfg.c **** 	/* Perform second pass device configuration. These items must be configured in specific order afte
 289:Generated_Source\PSoC4/cyfitter_cfg.c **** 	/* IOPINS0_0 Starting address: CYDEV_PRT0_BASE */
 290:Generated_Source\PSoC4/cyfitter_cfg.c **** 	CY_SET_REG32((void *)(CYREG_PRT0_PC), 0x00000006u);
 208              		.loc 1 290 0
 209 00be 104B     		ldr	r3, .L8+28
 210 00c0 0622     		movs	r2, #6
 211 00c2 1A60     		str	r2, [r3]
 291:Generated_Source\PSoC4/cyfitter_cfg.c **** 
 292:Generated_Source\PSoC4/cyfitter_cfg.c **** 	/* IOPINS0_1 Starting address: CYDEV_PRT1_BASE */
 293:Generated_Source\PSoC4/cyfitter_cfg.c **** 	CY_SET_REG32((void *)(CYDEV_PRT1_BASE), 0x00000008u);
 212              		.loc 1 293 0
 213 00c4 0232     		adds	r2, r2, #2
 214 00c6 0F4B     		ldr	r3, .L8+32
 215 00c8 1A60     		str	r2, [r3]
 294:Generated_Source\PSoC4/cyfitter_cfg.c **** 	CY_SET_REG32((void *)(CYREG_PRT1_PC), 0x00000C00u);
 216              		.loc 1 294 0
 217 00ca C022     		movs	r2, #192
ARM GAS  C:\Users\ilya\AppData\Local\Temp\ccUKIBwG.s 			page 10


 218 00cc 1201     		lsls	r2, r2, #4
 219 00ce 0E4B     		ldr	r3, .L8+36
 220 00d0 1A60     		str	r2, [r3]
 295:Generated_Source\PSoC4/cyfitter_cfg.c **** 
 296:Generated_Source\PSoC4/cyfitter_cfg.c **** 	/* IOPINS0_3 Starting address: CYDEV_PRT3_BASE */
 297:Generated_Source\PSoC4/cyfitter_cfg.c **** 	CY_SET_REG32((void *)(CYDEV_PRT3_BASE), 0x00000003u);
 221              		.loc 1 297 0
 222 00d2 0322     		movs	r2, #3
 223 00d4 0D4B     		ldr	r3, .L8+40
 224 00d6 1A60     		str	r2, [r3]
 298:Generated_Source\PSoC4/cyfitter_cfg.c **** 	CY_SET_REG32((void *)(CYREG_PRT3_PC), 0x00000DA4u);
 225              		.loc 1 298 0
 226 00d8 0D4A     		ldr	r2, .L8+44
 227 00da 0E4B     		ldr	r3, .L8+48
 228 00dc 1A60     		str	r2, [r3]
 299:Generated_Source\PSoC4/cyfitter_cfg.c **** 
 300:Generated_Source\PSoC4/cyfitter_cfg.c **** 
 301:Generated_Source\PSoC4/cyfitter_cfg.c **** 	/* Setup clocks based on selections from Clock DWR */
 302:Generated_Source\PSoC4/cyfitter_cfg.c **** 	ClockSetup();
 229              		.loc 1 302 0
 230 00de FFF78FFF 		bl	ClockSetup
 231              	.LVL11:
 303:Generated_Source\PSoC4/cyfitter_cfg.c **** 
 304:Generated_Source\PSoC4/cyfitter_cfg.c **** 	/* Perform basic analog initialization to defaults */
 305:Generated_Source\PSoC4/cyfitter_cfg.c **** 	AnalogSetDefault();
 306:Generated_Source\PSoC4/cyfitter_cfg.c **** 
 307:Generated_Source\PSoC4/cyfitter_cfg.c **** }
 232              		.loc 1 307 0
 233              		@ sp needed
 234              	.LVL12:
 235 00e2 10BD     		pop	{r4, pc}
 236              	.L9:
 237              		.align	2
 238              	.L8:
 239 00e4 00000000 		.word	.LANCHOR0
 240 00e8 EEEE0000 		.word	61166
 241 00ec 0C000140 		.word	1073807372
 242 00f0 00500F40 		.word	1074745344
 243 00f4 10500F40 		.word	1074745360
 244 00f8 30500F40 		.word	1074745392
 245 00fc 00700F40 		.word	1074753536
 246 0100 08000440 		.word	1074003976
 247 0104 00010440 		.word	1074004224
 248 0108 08010440 		.word	1074004232
 249 010c 00030440 		.word	1074004736
 250 0110 A40D0000 		.word	3492
 251 0114 08030440 		.word	1074004744
 252              		.cfi_endproc
 253              	.LFE5:
 254              		.size	cyfitter_cfg, .-cyfitter_cfg
 255              		.section	.rodata
 256              		.align	2
 257              		.set	.LANCHOR0,. + 0
 258              		.type	cfg_memset_list.4847, %object
 259              		.size	cfg_memset_list.4847, 12
 260              	cfg_memset_list.4847:
 261 0000 00300F40 		.word	1074737152
ARM GAS  C:\Users\ilya\AppData\Local\Temp\ccUKIBwG.s 			page 11


 262 0004 0004     		.short	1024
 263 0006 00400F40 		.4byte	1074741248
 264 000a 0004     		.short	1024
 265              		.text
 266              	.Letext0:
 267              		.file 2 "c:\\program files (x86)\\cypress\\psoc creator\\4.2\\psoc creator\\import\\gnu\\arm\\5.4.
 268              		.file 3 "Generated_Source\\PSoC4\\cytypes.h"
 269              		.file 4 "Generated_Source\\PSoC4\\CyLib.h"
 270              		.section	.debug_info,"",%progbits
 271              	.Ldebug_info0:
 272 0000 75020000 		.4byte	0x275
 273 0004 0400     		.2byte	0x4
 274 0006 00000000 		.4byte	.Ldebug_abbrev0
 275 000a 04       		.byte	0x4
 276 000b 01       		.uleb128 0x1
 277 000c 12010000 		.4byte	.LASF29
 278 0010 0C       		.byte	0xc
 279 0011 09020000 		.4byte	.LASF30
 280 0015 EB000000 		.4byte	.LASF31
 281 0019 00000000 		.4byte	.Ldebug_ranges0+0
 282 001d 00000000 		.4byte	0
 283 0021 00000000 		.4byte	.Ldebug_line0
 284 0025 02       		.uleb128 0x2
 285 0026 04       		.byte	0x4
 286 0027 05       		.byte	0x5
 287 0028 696E7400 		.ascii	"int\000"
 288 002c 03       		.uleb128 0x3
 289 002d 06000000 		.4byte	.LASF12
 290 0031 02       		.byte	0x2
 291 0032 D8       		.byte	0xd8
 292 0033 37000000 		.4byte	0x37
 293 0037 04       		.uleb128 0x4
 294 0038 04       		.byte	0x4
 295 0039 07       		.byte	0x7
 296 003a BF000000 		.4byte	.LASF0
 297 003e 04       		.uleb128 0x4
 298 003f 08       		.byte	0x8
 299 0040 05       		.byte	0x5
 300 0041 B6010000 		.4byte	.LASF1
 301 0045 04       		.uleb128 0x4
 302 0046 08       		.byte	0x8
 303 0047 04       		.byte	0x4
 304 0048 F1010000 		.4byte	.LASF2
 305 004c 04       		.uleb128 0x4
 306 004d 01       		.byte	0x1
 307 004e 06       		.byte	0x6
 308 004f FD010000 		.4byte	.LASF3
 309 0053 04       		.uleb128 0x4
 310 0054 01       		.byte	0x1
 311 0055 08       		.byte	0x8
 312 0056 89000000 		.4byte	.LASF4
 313 005a 04       		.uleb128 0x4
 314 005b 02       		.byte	0x2
 315 005c 05       		.byte	0x5
 316 005d C9010000 		.4byte	.LASF5
 317 0061 04       		.uleb128 0x4
 318 0062 02       		.byte	0x2
ARM GAS  C:\Users\ilya\AppData\Local\Temp\ccUKIBwG.s 			page 12


 319 0063 07       		.byte	0x7
 320 0064 37000000 		.4byte	.LASF6
 321 0068 04       		.uleb128 0x4
 322 0069 04       		.byte	0x4
 323 006a 05       		.byte	0x5
 324 006b E8010000 		.4byte	.LASF7
 325 006f 04       		.uleb128 0x4
 326 0070 04       		.byte	0x4
 327 0071 07       		.byte	0x7
 328 0072 64000000 		.4byte	.LASF8
 329 0076 04       		.uleb128 0x4
 330 0077 08       		.byte	0x8
 331 0078 07       		.byte	0x7
 332 0079 D4000000 		.4byte	.LASF9
 333 007d 04       		.uleb128 0x4
 334 007e 04       		.byte	0x4
 335 007f 07       		.byte	0x7
 336 0080 AD010000 		.4byte	.LASF10
 337 0084 05       		.uleb128 0x5
 338 0085 04       		.byte	0x4
 339 0086 04       		.uleb128 0x4
 340 0087 01       		.byte	0x1
 341 0088 08       		.byte	0x8
 342 0089 C4010000 		.4byte	.LASF11
 343 008d 06       		.uleb128 0x6
 344 008e 76000000 		.4byte	.LASF13
 345 0092 03       		.byte	0x3
 346 0093 E401     		.2byte	0x1e4
 347 0095 53000000 		.4byte	0x53
 348 0099 06       		.uleb128 0x6
 349 009a B1000000 		.4byte	.LASF14
 350 009e 03       		.byte	0x3
 351 009f E501     		.2byte	0x1e5
 352 00a1 61000000 		.4byte	0x61
 353 00a5 06       		.uleb128 0x6
 354 00a6 B8000000 		.4byte	.LASF15
 355 00aa 03       		.byte	0x3
 356 00ab E601     		.2byte	0x1e6
 357 00ad 6F000000 		.4byte	0x6f
 358 00b1 04       		.uleb128 0x4
 359 00b2 04       		.byte	0x4
 360 00b3 04       		.byte	0x4
 361 00b4 54000000 		.4byte	.LASF16
 362 00b8 04       		.uleb128 0x4
 363 00b9 08       		.byte	0x8
 364 00ba 04       		.byte	0x4
 365 00bb 9E000000 		.4byte	.LASF17
 366 00bf 06       		.uleb128 0x6
 367 00c0 5F000000 		.4byte	.LASF18
 368 00c4 03       		.byte	0x3
 369 00c5 8E02     		.2byte	0x28e
 370 00c7 CB000000 		.4byte	0xcb
 371 00cb 07       		.uleb128 0x7
 372 00cc 8D000000 		.4byte	0x8d
 373 00d0 06       		.uleb128 0x6
 374 00d1 00000000 		.4byte	.LASF19
 375 00d5 03       		.byte	0x3
ARM GAS  C:\Users\ilya\AppData\Local\Temp\ccUKIBwG.s 			page 13


 376 00d6 9002     		.2byte	0x290
 377 00d8 DC000000 		.4byte	0xdc
 378 00dc 07       		.uleb128 0x7
 379 00dd A5000000 		.4byte	0xa5
 380 00e1 08       		.uleb128 0x8
 381 00e2 4A000000 		.4byte	.LASF20
 382 00e6 01       		.byte	0x1
 383 00e7 4C       		.byte	0x4c
 384 00e8 00000000 		.4byte	.LFB0
 385 00ec 0C000000 		.4byte	.LFE0-.LFB0
 386 00f0 01       		.uleb128 0x1
 387 00f1 9C       		.byte	0x9c
 388 00f2 2E010000 		.4byte	0x12e
 389 00f6 09       		.uleb128 0x9
 390 00f7 7300     		.ascii	"s\000"
 391 00f9 01       		.byte	0x1
 392 00fa 4C       		.byte	0x4c
 393 00fb 84000000 		.4byte	0x84
 394 00ff 00000000 		.4byte	.LLST0
 395 0103 09       		.uleb128 0x9
 396 0104 6E00     		.ascii	"n\000"
 397 0106 01       		.byte	0x1
 398 0107 4C       		.byte	0x4c
 399 0108 2C000000 		.4byte	0x2c
 400 010c 21000000 		.4byte	.LLST1
 401 0110 0A       		.uleb128 0xa
 402 0111 0A000000 		.4byte	.LVL2
 403 0115 4E020000 		.4byte	0x24e
 404 0119 0B       		.uleb128 0xb
 405 011a 01       		.uleb128 0x1
 406 011b 50       		.byte	0x50
 407 011c 03       		.uleb128 0x3
 408 011d F3       		.byte	0xf3
 409 011e 01       		.uleb128 0x1
 410 011f 50       		.byte	0x50
 411 0120 0B       		.uleb128 0xb
 412 0121 01       		.uleb128 0x1
 413 0122 51       		.byte	0x51
 414 0123 01       		.uleb128 0x1
 415 0124 30       		.byte	0x30
 416 0125 0B       		.uleb128 0xb
 417 0126 01       		.uleb128 0x1
 418 0127 52       		.byte	0x52
 419 0128 03       		.uleb128 0x3
 420 0129 F3       		.byte	0xf3
 421 012a 01       		.uleb128 0x1
 422 012b 51       		.byte	0x51
 423 012c 00       		.byte	0
 424 012d 00       		.byte	0
 425 012e 08       		.uleb128 0x8
 426 012f 2C000000 		.4byte	.LASF21
 427 0133 01       		.byte	0x1
 428 0134 AA       		.byte	0xaa
 429 0135 00000000 		.4byte	.LFB3
 430 0139 70000000 		.4byte	.LFE3-.LFB3
 431 013d 01       		.uleb128 0x1
 432 013e 9C       		.byte	0x9c
ARM GAS  C:\Users\ilya\AppData\Local\Temp\ccUKIBwG.s 			page 14


 433 013f 79010000 		.4byte	0x179
 434 0143 0C       		.uleb128 0xc
 435 0144 14000000 		.4byte	.LVL3
 436 0148 57020000 		.4byte	0x257
 437 014c 56010000 		.4byte	0x156
 438 0150 0B       		.uleb128 0xb
 439 0151 01       		.uleb128 0x1
 440 0152 50       		.byte	0x50
 441 0153 01       		.uleb128 0x1
 442 0154 48       		.byte	0x48
 443 0155 00       		.byte	0
 444 0156 0C       		.uleb128 0xc
 445 0157 40000000 		.4byte	.LVL4
 446 015b 62020000 		.4byte	0x262
 447 015f 69010000 		.4byte	0x169
 448 0163 0B       		.uleb128 0xb
 449 0164 01       		.uleb128 0x1
 450 0165 50       		.byte	0x50
 451 0166 01       		.uleb128 0x1
 452 0167 39       		.byte	0x39
 453 0168 00       		.byte	0
 454 0169 0A       		.uleb128 0xa
 455 016a 46000000 		.4byte	.LVL5
 456 016e 6D020000 		.4byte	0x26d
 457 0172 0B       		.uleb128 0xb
 458 0173 01       		.uleb128 0x1
 459 0174 50       		.byte	0x50
 460 0175 01       		.uleb128 0x1
 461 0176 39       		.byte	0x39
 462 0177 00       		.byte	0
 463 0178 00       		.byte	0
 464 0179 0D       		.uleb128 0xd
 465 017a 7C000000 		.4byte	.LASF32
 466 017e 01       		.byte	0x1
 467 017f F5       		.byte	0xf5
 468 0180 70000000 		.4byte	.LFB5
 469 0184 A8000000 		.4byte	.LFE5-.LFB5
 470 0188 01       		.uleb128 0x1
 471 0189 9C       		.byte	0x9c
 472 018a 4E020000 		.4byte	0x24e
 473 018e 0E       		.uleb128 0xe
 474 018f 74000000 		.4byte	.LBB2
 475 0193 4A000000 		.4byte	.LBE2-.LBB2
 476 0197 44020000 		.4byte	0x244
 477 019b 0F       		.uleb128 0xf
 478 019c 06       		.byte	0x6
 479 019d 01       		.byte	0x1
 480 019e FC       		.byte	0xfc
 481 019f BC010000 		.4byte	0x1bc
 482 01a3 10       		.uleb128 0x10
 483 01a4 CC000000 		.4byte	.LASF22
 484 01a8 01       		.byte	0x1
 485 01a9 FD       		.byte	0xfd
 486 01aa 84000000 		.4byte	0x84
 487 01ae 00       		.byte	0
 488 01af 10       		.uleb128 0x10
 489 01b0 5A000000 		.4byte	.LASF23
ARM GAS  C:\Users\ilya\AppData\Local\Temp\ccUKIBwG.s 			page 15


 490 01b4 01       		.byte	0x1
 491 01b5 FE       		.byte	0xfe
 492 01b6 99000000 		.4byte	0x99
 493 01ba 04       		.byte	0x4
 494 01bb 00       		.byte	0
 495 01bc 03       		.uleb128 0x3
 496 01bd A0010000 		.4byte	.LASF24
 497 01c1 01       		.byte	0x1
 498 01c2 FF       		.byte	0xff
 499 01c3 9B010000 		.4byte	0x19b
 500 01c7 11       		.uleb128 0x11
 501 01c8 D7010000 		.4byte	0x1d7
 502 01cc D7010000 		.4byte	0x1d7
 503 01d0 12       		.uleb128 0x12
 504 01d1 7D000000 		.4byte	0x7d
 505 01d5 01       		.byte	0x1
 506 01d6 00       		.byte	0
 507 01d7 13       		.uleb128 0x13
 508 01d8 BC010000 		.4byte	0x1bc
 509 01dc 14       		.uleb128 0x14
 510 01dd 1C000000 		.4byte	.LASF25
 511 01e1 01       		.byte	0x1
 512 01e2 0101     		.2byte	0x101
 513 01e4 EE010000 		.4byte	0x1ee
 514 01e8 05       		.uleb128 0x5
 515 01e9 03       		.byte	0x3
 516 01ea 00000000 		.4byte	cfg_memset_list.4847
 517 01ee 13       		.uleb128 0x13
 518 01ef C7010000 		.4byte	0x1c7
 519 01f3 15       		.uleb128 0x15
 520 01f4 6900     		.ascii	"i\000"
 521 01f6 01       		.byte	0x1
 522 01f7 0701     		.2byte	0x107
 523 01f9 8D000000 		.4byte	0x8d
 524 01fd 4D000000 		.4byte	.LLST2
 525 0201 16       		.uleb128 0x16
 526 0202 78000000 		.4byte	.LBB3
 527 0206 1C000000 		.4byte	.LBE3-.LBB3
 528 020a 15       		.uleb128 0x15
 529 020b 6D7300   		.ascii	"ms\000"
 530 020e 01       		.byte	0x1
 531 020f 0C01     		.2byte	0x10c
 532 0211 19020000 		.4byte	0x219
 533 0215 77000000 		.4byte	.LLST3
 534 0219 17       		.uleb128 0x17
 535 021a 04       		.byte	0x4
 536 021b D7010000 		.4byte	0x1d7
 537 021f 0A       		.uleb128 0xa
 538 0220 94000000 		.4byte	.LVL8
 539 0224 E1000000 		.4byte	0xe1
 540 0228 0B       		.uleb128 0xb
 541 0229 01       		.uleb128 0x1
 542 022a 51       		.byte	0x51
 543 022b 15       		.uleb128 0x15
 544 022c 74       		.byte	0x74
 545 022d 00       		.sleb128 0
 546 022e 31       		.byte	0x31
ARM GAS  C:\Users\ilya\AppData\Local\Temp\ccUKIBwG.s 			page 16


 547 022f 24       		.byte	0x24
 548 0230 74       		.byte	0x74
 549 0231 00       		.sleb128 0
 550 0232 22       		.byte	0x22
 551 0233 31       		.byte	0x31
 552 0234 24       		.byte	0x24
 553 0235 03       		.byte	0x3
 554 0236 04000000 		.4byte	.LANCHOR0+4
 555 023a 22       		.byte	0x22
 556 023b 94       		.byte	0x94
 557 023c 02       		.byte	0x2
 558 023d 0A       		.byte	0xa
 559 023e FFFF     		.2byte	0xffff
 560 0240 1A       		.byte	0x1a
 561 0241 00       		.byte	0
 562 0242 00       		.byte	0
 563 0243 00       		.byte	0
 564 0244 18       		.uleb128 0x18
 565 0245 E2000000 		.4byte	.LVL11
 566 0249 2E010000 		.4byte	0x12e
 567 024d 00       		.byte	0
 568 024e 19       		.uleb128 0x19
 569 024f 97000000 		.4byte	.LASF33
 570 0253 97000000 		.4byte	.LASF33
 571 0257 1A       		.uleb128 0x1a
 572 0258 D3010000 		.4byte	.LASF26
 573 025c D3010000 		.4byte	.LASF26
 574 0260 04       		.byte	0x4
 575 0261 6C       		.byte	0x6c
 576 0262 1A       		.uleb128 0x1a
 577 0263 0D000000 		.4byte	.LASF27
 578 0267 0D000000 		.4byte	.LASF27
 579 026b 04       		.byte	0x4
 580 026c BD       		.byte	0xbd
 581 026d 1A       		.uleb128 0x1a
 582 026e A5000000 		.4byte	.LASF28
 583 0272 A5000000 		.4byte	.LASF28
 584 0276 04       		.byte	0x4
 585 0277 C3       		.byte	0xc3
 586 0278 00       		.byte	0
 587              		.section	.debug_abbrev,"",%progbits
 588              	.Ldebug_abbrev0:
 589 0000 01       		.uleb128 0x1
 590 0001 11       		.uleb128 0x11
 591 0002 01       		.byte	0x1
 592 0003 25       		.uleb128 0x25
 593 0004 0E       		.uleb128 0xe
 594 0005 13       		.uleb128 0x13
 595 0006 0B       		.uleb128 0xb
 596 0007 03       		.uleb128 0x3
 597 0008 0E       		.uleb128 0xe
 598 0009 1B       		.uleb128 0x1b
 599 000a 0E       		.uleb128 0xe
 600 000b 55       		.uleb128 0x55
 601 000c 17       		.uleb128 0x17
 602 000d 11       		.uleb128 0x11
 603 000e 01       		.uleb128 0x1
ARM GAS  C:\Users\ilya\AppData\Local\Temp\ccUKIBwG.s 			page 17


 604 000f 10       		.uleb128 0x10
 605 0010 17       		.uleb128 0x17
 606 0011 00       		.byte	0
 607 0012 00       		.byte	0
 608 0013 02       		.uleb128 0x2
 609 0014 24       		.uleb128 0x24
 610 0015 00       		.byte	0
 611 0016 0B       		.uleb128 0xb
 612 0017 0B       		.uleb128 0xb
 613 0018 3E       		.uleb128 0x3e
 614 0019 0B       		.uleb128 0xb
 615 001a 03       		.uleb128 0x3
 616 001b 08       		.uleb128 0x8
 617 001c 00       		.byte	0
 618 001d 00       		.byte	0
 619 001e 03       		.uleb128 0x3
 620 001f 16       		.uleb128 0x16
 621 0020 00       		.byte	0
 622 0021 03       		.uleb128 0x3
 623 0022 0E       		.uleb128 0xe
 624 0023 3A       		.uleb128 0x3a
 625 0024 0B       		.uleb128 0xb
 626 0025 3B       		.uleb128 0x3b
 627 0026 0B       		.uleb128 0xb
 628 0027 49       		.uleb128 0x49
 629 0028 13       		.uleb128 0x13
 630 0029 00       		.byte	0
 631 002a 00       		.byte	0
 632 002b 04       		.uleb128 0x4
 633 002c 24       		.uleb128 0x24
 634 002d 00       		.byte	0
 635 002e 0B       		.uleb128 0xb
 636 002f 0B       		.uleb128 0xb
 637 0030 3E       		.uleb128 0x3e
 638 0031 0B       		.uleb128 0xb
 639 0032 03       		.uleb128 0x3
 640 0033 0E       		.uleb128 0xe
 641 0034 00       		.byte	0
 642 0035 00       		.byte	0
 643 0036 05       		.uleb128 0x5
 644 0037 0F       		.uleb128 0xf
 645 0038 00       		.byte	0
 646 0039 0B       		.uleb128 0xb
 647 003a 0B       		.uleb128 0xb
 648 003b 00       		.byte	0
 649 003c 00       		.byte	0
 650 003d 06       		.uleb128 0x6
 651 003e 16       		.uleb128 0x16
 652 003f 00       		.byte	0
 653 0040 03       		.uleb128 0x3
 654 0041 0E       		.uleb128 0xe
 655 0042 3A       		.uleb128 0x3a
 656 0043 0B       		.uleb128 0xb
 657 0044 3B       		.uleb128 0x3b
 658 0045 05       		.uleb128 0x5
 659 0046 49       		.uleb128 0x49
 660 0047 13       		.uleb128 0x13
ARM GAS  C:\Users\ilya\AppData\Local\Temp\ccUKIBwG.s 			page 18


 661 0048 00       		.byte	0
 662 0049 00       		.byte	0
 663 004a 07       		.uleb128 0x7
 664 004b 35       		.uleb128 0x35
 665 004c 00       		.byte	0
 666 004d 49       		.uleb128 0x49
 667 004e 13       		.uleb128 0x13
 668 004f 00       		.byte	0
 669 0050 00       		.byte	0
 670 0051 08       		.uleb128 0x8
 671 0052 2E       		.uleb128 0x2e
 672 0053 01       		.byte	0x1
 673 0054 03       		.uleb128 0x3
 674 0055 0E       		.uleb128 0xe
 675 0056 3A       		.uleb128 0x3a
 676 0057 0B       		.uleb128 0xb
 677 0058 3B       		.uleb128 0x3b
 678 0059 0B       		.uleb128 0xb
 679 005a 27       		.uleb128 0x27
 680 005b 19       		.uleb128 0x19
 681 005c 11       		.uleb128 0x11
 682 005d 01       		.uleb128 0x1
 683 005e 12       		.uleb128 0x12
 684 005f 06       		.uleb128 0x6
 685 0060 40       		.uleb128 0x40
 686 0061 18       		.uleb128 0x18
 687 0062 9742     		.uleb128 0x2117
 688 0064 19       		.uleb128 0x19
 689 0065 01       		.uleb128 0x1
 690 0066 13       		.uleb128 0x13
 691 0067 00       		.byte	0
 692 0068 00       		.byte	0
 693 0069 09       		.uleb128 0x9
 694 006a 05       		.uleb128 0x5
 695 006b 00       		.byte	0
 696 006c 03       		.uleb128 0x3
 697 006d 08       		.uleb128 0x8
 698 006e 3A       		.uleb128 0x3a
 699 006f 0B       		.uleb128 0xb
 700 0070 3B       		.uleb128 0x3b
 701 0071 0B       		.uleb128 0xb
 702 0072 49       		.uleb128 0x49
 703 0073 13       		.uleb128 0x13
 704 0074 02       		.uleb128 0x2
 705 0075 17       		.uleb128 0x17
 706 0076 00       		.byte	0
 707 0077 00       		.byte	0
 708 0078 0A       		.uleb128 0xa
 709 0079 898201   		.uleb128 0x4109
 710 007c 01       		.byte	0x1
 711 007d 11       		.uleb128 0x11
 712 007e 01       		.uleb128 0x1
 713 007f 31       		.uleb128 0x31
 714 0080 13       		.uleb128 0x13
 715 0081 00       		.byte	0
 716 0082 00       		.byte	0
 717 0083 0B       		.uleb128 0xb
ARM GAS  C:\Users\ilya\AppData\Local\Temp\ccUKIBwG.s 			page 19


 718 0084 8A8201   		.uleb128 0x410a
 719 0087 00       		.byte	0
 720 0088 02       		.uleb128 0x2
 721 0089 18       		.uleb128 0x18
 722 008a 9142     		.uleb128 0x2111
 723 008c 18       		.uleb128 0x18
 724 008d 00       		.byte	0
 725 008e 00       		.byte	0
 726 008f 0C       		.uleb128 0xc
 727 0090 898201   		.uleb128 0x4109
 728 0093 01       		.byte	0x1
 729 0094 11       		.uleb128 0x11
 730 0095 01       		.uleb128 0x1
 731 0096 31       		.uleb128 0x31
 732 0097 13       		.uleb128 0x13
 733 0098 01       		.uleb128 0x1
 734 0099 13       		.uleb128 0x13
 735 009a 00       		.byte	0
 736 009b 00       		.byte	0
 737 009c 0D       		.uleb128 0xd
 738 009d 2E       		.uleb128 0x2e
 739 009e 01       		.byte	0x1
 740 009f 3F       		.uleb128 0x3f
 741 00a0 19       		.uleb128 0x19
 742 00a1 03       		.uleb128 0x3
 743 00a2 0E       		.uleb128 0xe
 744 00a3 3A       		.uleb128 0x3a
 745 00a4 0B       		.uleb128 0xb
 746 00a5 3B       		.uleb128 0x3b
 747 00a6 0B       		.uleb128 0xb
 748 00a7 27       		.uleb128 0x27
 749 00a8 19       		.uleb128 0x19
 750 00a9 11       		.uleb128 0x11
 751 00aa 01       		.uleb128 0x1
 752 00ab 12       		.uleb128 0x12
 753 00ac 06       		.uleb128 0x6
 754 00ad 40       		.uleb128 0x40
 755 00ae 18       		.uleb128 0x18
 756 00af 9742     		.uleb128 0x2117
 757 00b1 19       		.uleb128 0x19
 758 00b2 01       		.uleb128 0x1
 759 00b3 13       		.uleb128 0x13
 760 00b4 00       		.byte	0
 761 00b5 00       		.byte	0
 762 00b6 0E       		.uleb128 0xe
 763 00b7 0B       		.uleb128 0xb
 764 00b8 01       		.byte	0x1
 765 00b9 11       		.uleb128 0x11
 766 00ba 01       		.uleb128 0x1
 767 00bb 12       		.uleb128 0x12
 768 00bc 06       		.uleb128 0x6
 769 00bd 01       		.uleb128 0x1
 770 00be 13       		.uleb128 0x13
 771 00bf 00       		.byte	0
 772 00c0 00       		.byte	0
 773 00c1 0F       		.uleb128 0xf
 774 00c2 13       		.uleb128 0x13
ARM GAS  C:\Users\ilya\AppData\Local\Temp\ccUKIBwG.s 			page 20


 775 00c3 01       		.byte	0x1
 776 00c4 0B       		.uleb128 0xb
 777 00c5 0B       		.uleb128 0xb
 778 00c6 3A       		.uleb128 0x3a
 779 00c7 0B       		.uleb128 0xb
 780 00c8 3B       		.uleb128 0x3b
 781 00c9 0B       		.uleb128 0xb
 782 00ca 01       		.uleb128 0x1
 783 00cb 13       		.uleb128 0x13
 784 00cc 00       		.byte	0
 785 00cd 00       		.byte	0
 786 00ce 10       		.uleb128 0x10
 787 00cf 0D       		.uleb128 0xd
 788 00d0 00       		.byte	0
 789 00d1 03       		.uleb128 0x3
 790 00d2 0E       		.uleb128 0xe
 791 00d3 3A       		.uleb128 0x3a
 792 00d4 0B       		.uleb128 0xb
 793 00d5 3B       		.uleb128 0x3b
 794 00d6 0B       		.uleb128 0xb
 795 00d7 49       		.uleb128 0x49
 796 00d8 13       		.uleb128 0x13
 797 00d9 38       		.uleb128 0x38
 798 00da 0B       		.uleb128 0xb
 799 00db 00       		.byte	0
 800 00dc 00       		.byte	0
 801 00dd 11       		.uleb128 0x11
 802 00de 01       		.uleb128 0x1
 803 00df 01       		.byte	0x1
 804 00e0 49       		.uleb128 0x49
 805 00e1 13       		.uleb128 0x13
 806 00e2 01       		.uleb128 0x1
 807 00e3 13       		.uleb128 0x13
 808 00e4 00       		.byte	0
 809 00e5 00       		.byte	0
 810 00e6 12       		.uleb128 0x12
 811 00e7 21       		.uleb128 0x21
 812 00e8 00       		.byte	0
 813 00e9 49       		.uleb128 0x49
 814 00ea 13       		.uleb128 0x13
 815 00eb 2F       		.uleb128 0x2f
 816 00ec 0B       		.uleb128 0xb
 817 00ed 00       		.byte	0
 818 00ee 00       		.byte	0
 819 00ef 13       		.uleb128 0x13
 820 00f0 26       		.uleb128 0x26
 821 00f1 00       		.byte	0
 822 00f2 49       		.uleb128 0x49
 823 00f3 13       		.uleb128 0x13
 824 00f4 00       		.byte	0
 825 00f5 00       		.byte	0
 826 00f6 14       		.uleb128 0x14
 827 00f7 34       		.uleb128 0x34
 828 00f8 00       		.byte	0
 829 00f9 03       		.uleb128 0x3
 830 00fa 0E       		.uleb128 0xe
 831 00fb 3A       		.uleb128 0x3a
ARM GAS  C:\Users\ilya\AppData\Local\Temp\ccUKIBwG.s 			page 21


 832 00fc 0B       		.uleb128 0xb
 833 00fd 3B       		.uleb128 0x3b
 834 00fe 05       		.uleb128 0x5
 835 00ff 49       		.uleb128 0x49
 836 0100 13       		.uleb128 0x13
 837 0101 02       		.uleb128 0x2
 838 0102 18       		.uleb128 0x18
 839 0103 00       		.byte	0
 840 0104 00       		.byte	0
 841 0105 15       		.uleb128 0x15
 842 0106 34       		.uleb128 0x34
 843 0107 00       		.byte	0
 844 0108 03       		.uleb128 0x3
 845 0109 08       		.uleb128 0x8
 846 010a 3A       		.uleb128 0x3a
 847 010b 0B       		.uleb128 0xb
 848 010c 3B       		.uleb128 0x3b
 849 010d 05       		.uleb128 0x5
 850 010e 49       		.uleb128 0x49
 851 010f 13       		.uleb128 0x13
 852 0110 02       		.uleb128 0x2
 853 0111 17       		.uleb128 0x17
 854 0112 00       		.byte	0
 855 0113 00       		.byte	0
 856 0114 16       		.uleb128 0x16
 857 0115 0B       		.uleb128 0xb
 858 0116 01       		.byte	0x1
 859 0117 11       		.uleb128 0x11
 860 0118 01       		.uleb128 0x1
 861 0119 12       		.uleb128 0x12
 862 011a 06       		.uleb128 0x6
 863 011b 00       		.byte	0
 864 011c 00       		.byte	0
 865 011d 17       		.uleb128 0x17
 866 011e 0F       		.uleb128 0xf
 867 011f 00       		.byte	0
 868 0120 0B       		.uleb128 0xb
 869 0121 0B       		.uleb128 0xb
 870 0122 49       		.uleb128 0x49
 871 0123 13       		.uleb128 0x13
 872 0124 00       		.byte	0
 873 0125 00       		.byte	0
 874 0126 18       		.uleb128 0x18
 875 0127 898201   		.uleb128 0x4109
 876 012a 00       		.byte	0
 877 012b 11       		.uleb128 0x11
 878 012c 01       		.uleb128 0x1
 879 012d 31       		.uleb128 0x31
 880 012e 13       		.uleb128 0x13
 881 012f 00       		.byte	0
 882 0130 00       		.byte	0
 883 0131 19       		.uleb128 0x19
 884 0132 2E       		.uleb128 0x2e
 885 0133 00       		.byte	0
 886 0134 3F       		.uleb128 0x3f
 887 0135 19       		.uleb128 0x19
 888 0136 3C       		.uleb128 0x3c
ARM GAS  C:\Users\ilya\AppData\Local\Temp\ccUKIBwG.s 			page 22


 889 0137 19       		.uleb128 0x19
 890 0138 6E       		.uleb128 0x6e
 891 0139 0E       		.uleb128 0xe
 892 013a 03       		.uleb128 0x3
 893 013b 0E       		.uleb128 0xe
 894 013c 00       		.byte	0
 895 013d 00       		.byte	0
 896 013e 1A       		.uleb128 0x1a
 897 013f 2E       		.uleb128 0x2e
 898 0140 00       		.byte	0
 899 0141 3F       		.uleb128 0x3f
 900 0142 19       		.uleb128 0x19
 901 0143 3C       		.uleb128 0x3c
 902 0144 19       		.uleb128 0x19
 903 0145 6E       		.uleb128 0x6e
 904 0146 0E       		.uleb128 0xe
 905 0147 03       		.uleb128 0x3
 906 0148 0E       		.uleb128 0xe
 907 0149 3A       		.uleb128 0x3a
 908 014a 0B       		.uleb128 0xb
 909 014b 3B       		.uleb128 0x3b
 910 014c 0B       		.uleb128 0xb
 911 014d 00       		.byte	0
 912 014e 00       		.byte	0
 913 014f 00       		.byte	0
 914              		.section	.debug_loc,"",%progbits
 915              	.Ldebug_loc0:
 916              	.LLST0:
 917 0000 00000000 		.4byte	.LVL0
 918 0004 09000000 		.4byte	.LVL2-1
 919 0008 0100     		.2byte	0x1
 920 000a 50       		.byte	0x50
 921 000b 09000000 		.4byte	.LVL2-1
 922 000f 0C000000 		.4byte	.LFE0
 923 0013 0400     		.2byte	0x4
 924 0015 F3       		.byte	0xf3
 925 0016 01       		.uleb128 0x1
 926 0017 50       		.byte	0x50
 927 0018 9F       		.byte	0x9f
 928 0019 00000000 		.4byte	0
 929 001d 00000000 		.4byte	0
 930              	.LLST1:
 931 0021 00000000 		.4byte	.LVL0
 932 0025 06000000 		.4byte	.LVL1
 933 0029 0100     		.2byte	0x1
 934 002b 51       		.byte	0x51
 935 002c 06000000 		.4byte	.LVL1
 936 0030 09000000 		.4byte	.LVL2-1
 937 0034 0100     		.2byte	0x1
 938 0036 52       		.byte	0x52
 939 0037 09000000 		.4byte	.LVL2-1
 940 003b 0C000000 		.4byte	.LFE0
 941 003f 0400     		.2byte	0x4
 942 0041 F3       		.byte	0xf3
 943 0042 01       		.uleb128 0x1
 944 0043 51       		.byte	0x51
 945 0044 9F       		.byte	0x9f
ARM GAS  C:\Users\ilya\AppData\Local\Temp\ccUKIBwG.s 			page 23


 946 0045 00000000 		.4byte	0
 947 0049 00000000 		.4byte	0
 948              	.LLST2:
 949 004d 74000000 		.4byte	.LVL6
 950 0051 78000000 		.4byte	.LVL7
 951 0055 0200     		.2byte	0x2
 952 0057 30       		.byte	0x30
 953 0058 9F       		.byte	0x9f
 954 0059 78000000 		.4byte	.LVL7
 955 005d 96000000 		.4byte	.LVL9
 956 0061 0100     		.2byte	0x1
 957 0063 54       		.byte	0x54
 958 0064 98000000 		.4byte	.LVL10
 959 0068 E2000000 		.4byte	.LVL12
 960 006c 0100     		.2byte	0x1
 961 006e 54       		.byte	0x54
 962 006f 00000000 		.4byte	0
 963 0073 00000000 		.4byte	0
 964              	.LLST3:
 965 0077 78000000 		.4byte	.LVL7
 966 007b 96000000 		.4byte	.LVL9
 967 007f 0B00     		.2byte	0xb
 968 0081 74       		.byte	0x74
 969 0082 00       		.sleb128 0
 970 0083 36       		.byte	0x36
 971 0084 1E       		.byte	0x1e
 972 0085 03       		.byte	0x3
 973 0086 00000000 		.4byte	cfg_memset_list.4847
 974 008a 22       		.byte	0x22
 975 008b 9F       		.byte	0x9f
 976 008c 96000000 		.4byte	.LVL9
 977 0090 98000000 		.4byte	.LVL10
 978 0094 0B00     		.2byte	0xb
 979 0096 74       		.byte	0x74
 980 0097 7F       		.sleb128 -1
 981 0098 36       		.byte	0x36
 982 0099 1E       		.byte	0x1e
 983 009a 03       		.byte	0x3
 984 009b 00000000 		.4byte	cfg_memset_list.4847
 985 009f 22       		.byte	0x22
 986 00a0 9F       		.byte	0x9f
 987 00a1 00000000 		.4byte	0
 988 00a5 00000000 		.4byte	0
 989              		.section	.debug_aranges,"",%progbits
 990 0000 2C000000 		.4byte	0x2c
 991 0004 0200     		.2byte	0x2
 992 0006 00000000 		.4byte	.Ldebug_info0
 993 000a 04       		.byte	0x4
 994 000b 00       		.byte	0
 995 000c 0000     		.2byte	0
 996 000e 0000     		.2byte	0
 997 0010 00000000 		.4byte	.LFB0
 998 0014 0C000000 		.4byte	.LFE0-.LFB0
 999 0018 00000000 		.4byte	.LFB3
 1000 001c 70000000 		.4byte	.LFE3-.LFB3
 1001 0020 70000000 		.4byte	.LFB5
 1002 0024 A8000000 		.4byte	.LFE5-.LFB5
ARM GAS  C:\Users\ilya\AppData\Local\Temp\ccUKIBwG.s 			page 24


 1003 0028 00000000 		.4byte	0
 1004 002c 00000000 		.4byte	0
 1005              		.section	.debug_ranges,"",%progbits
 1006              	.Ldebug_ranges0:
 1007 0000 00000000 		.4byte	.LFB0
 1008 0004 0C000000 		.4byte	.LFE0
 1009 0008 00000000 		.4byte	.LFB3
 1010 000c 70000000 		.4byte	.LFE3
 1011 0010 70000000 		.4byte	.LFB5
 1012 0014 18010000 		.4byte	.LFE5
 1013 0018 00000000 		.4byte	0
 1014 001c 00000000 		.4byte	0
 1015              		.section	.debug_line,"",%progbits
 1016              	.Ldebug_line0:
 1017 0000 2F010000 		.section	.debug_str,"MS",%progbits,1
 1017      0200D600 
 1017      00000201 
 1017      FB0E0D00 
 1017      01010101 
 1018              	.LASF19:
 1019 0000 72656733 		.ascii	"reg32\000"
 1019      3200
 1020              	.LASF12:
 1021 0006 73697A65 		.ascii	"size_t\000"
 1021      5F7400
 1022              	.LASF27:
 1023 000d 4379496E 		.ascii	"CyIntSetVector\000"
 1023      74536574 
 1023      56656374 
 1023      6F7200
 1024              	.LASF25:
 1025 001c 6366675F 		.ascii	"cfg_memset_list\000"
 1025      6D656D73 
 1025      65745F6C 
 1025      69737400 
 1026              	.LASF21:
 1027 002c 436C6F63 		.ascii	"ClockSetup\000"
 1027      6B536574 
 1027      757000
 1028              	.LASF6:
 1029 0037 73686F72 		.ascii	"short unsigned int\000"
 1029      7420756E 
 1029      7369676E 
 1029      65642069 
 1029      6E7400
 1030              	.LASF20:
 1031 004a 43594D45 		.ascii	"CYMEMZERO\000"
 1031      4D5A4552 
 1031      4F00
 1032              	.LASF16:
 1033 0054 666C6F61 		.ascii	"float\000"
 1033      7400
 1034              	.LASF23:
 1035 005a 73697A65 		.ascii	"size\000"
 1035      00
 1036              	.LASF18:
 1037 005f 72656738 		.ascii	"reg8\000"
ARM GAS  C:\Users\ilya\AppData\Local\Temp\ccUKIBwG.s 			page 25


 1037      00
 1038              	.LASF8:
 1039 0064 6C6F6E67 		.ascii	"long unsigned int\000"
 1039      20756E73 
 1039      69676E65 
 1039      6420696E 
 1039      7400
 1040              	.LASF13:
 1041 0076 75696E74 		.ascii	"uint8\000"
 1041      3800
 1042              	.LASF32:
 1043 007c 63796669 		.ascii	"cyfitter_cfg\000"
 1043      74746572 
 1043      5F636667 
 1043      00
 1044              	.LASF4:
 1045 0089 756E7369 		.ascii	"unsigned char\000"
 1045      676E6564 
 1045      20636861 
 1045      7200
 1046              	.LASF33:
 1047 0097 6D656D73 		.ascii	"memset\000"
 1047      657400
 1048              	.LASF17:
 1049 009e 646F7562 		.ascii	"double\000"
 1049      6C6500
 1050              	.LASF28:
 1051 00a5 4379496E 		.ascii	"CyIntEnable\000"
 1051      74456E61 
 1051      626C6500 
 1052              	.LASF14:
 1053 00b1 75696E74 		.ascii	"uint16\000"
 1053      313600
 1054              	.LASF15:
 1055 00b8 75696E74 		.ascii	"uint32\000"
 1055      333200
 1056              	.LASF0:
 1057 00bf 756E7369 		.ascii	"unsigned int\000"
 1057      676E6564 
 1057      20696E74 
 1057      00
 1058              	.LASF22:
 1059 00cc 61646472 		.ascii	"address\000"
 1059      65737300 
 1060              	.LASF9:
 1061 00d4 6C6F6E67 		.ascii	"long long unsigned int\000"
 1061      206C6F6E 
 1061      6720756E 
 1061      7369676E 
 1061      65642069 
 1062              	.LASF31:
 1063 00eb 433A5C70 		.ascii	"C:\\psoc\\chamonix\\fixed_boot\\boot.cydsn\000"
 1063      736F635C 
 1063      6368616D 
 1063      6F6E6978 
 1063      5C666978 
 1064              	.LASF29:
ARM GAS  C:\Users\ilya\AppData\Local\Temp\ccUKIBwG.s 			page 26


 1065 0112 474E5520 		.ascii	"GNU C11 5.4.1 20160609 (release) [ARM/embedded-5-br"
 1065      43313120 
 1065      352E342E 
 1065      31203230 
 1065      31363036 
 1066 0145 616E6368 		.ascii	"anch revision 237715] -mcpu=cortex-m0 -mthumb -g -O"
 1066      20726576 
 1066      6973696F 
 1066      6E203233 
 1066      37373135 
 1067 0178 67202D66 		.ascii	"g -ffunction-sections -ffat-lto-objects\000"
 1067      66756E63 
 1067      74696F6E 
 1067      2D736563 
 1067      74696F6E 
 1068              	.LASF24:
 1069 01a0 6366675F 		.ascii	"cfg_memset_t\000"
 1069      6D656D73 
 1069      65745F74 
 1069      00
 1070              	.LASF10:
 1071 01ad 73697A65 		.ascii	"sizetype\000"
 1071      74797065 
 1071      00
 1072              	.LASF1:
 1073 01b6 6C6F6E67 		.ascii	"long long int\000"
 1073      206C6F6E 
 1073      6720696E 
 1073      7400
 1074              	.LASF11:
 1075 01c4 63686172 		.ascii	"char\000"
 1075      00
 1076              	.LASF5:
 1077 01c9 73686F72 		.ascii	"short int\000"
 1077      7420696E 
 1077      7400
 1078              	.LASF26:
 1079 01d3 43795379 		.ascii	"CySysClkWriteImoFreq\000"
 1079      73436C6B 
 1079      57726974 
 1079      65496D6F 
 1079      46726571 
 1080              	.LASF7:
 1081 01e8 6C6F6E67 		.ascii	"long int\000"
 1081      20696E74 
 1081      00
 1082              	.LASF2:
 1083 01f1 6C6F6E67 		.ascii	"long double\000"
 1083      20646F75 
 1083      626C6500 
 1084              	.LASF3:
 1085 01fd 7369676E 		.ascii	"signed char\000"
 1085      65642063 
 1085      68617200 
 1086              	.LASF30:
 1087 0209 47656E65 		.ascii	"Generated_Source\\PSoC4\\cyfitter_cfg.c\000"
 1087      72617465 
ARM GAS  C:\Users\ilya\AppData\Local\Temp\ccUKIBwG.s 			page 27


 1087      645F536F 
 1087      75726365 
 1087      5C50536F 
 1088              		.ident	"GCC: (GNU Tools for ARM Embedded Processors) 5.4.1 20160609 (release) [ARM/embedded-5-bran
