ARM GAS  C:\Users\Rajesh\AppData\Local\Temp\cctwjHCa.s 			page 1


   1              		.syntax unified
   2              		.cpu cortex-m0
   3              		.fpu softvfp
   4              		.eabi_attribute 20, 1
   5              		.eabi_attribute 21, 1
   6              		.eabi_attribute 23, 3
   7              		.eabi_attribute 24, 1
   8              		.eabi_attribute 25, 1
   9              		.eabi_attribute 26, 1
  10              		.eabi_attribute 30, 2
  11              		.eabi_attribute 34, 0
  12              		.eabi_attribute 18, 4
  13              		.thumb
  14              		.syntax unified
  15              		.file	"ADC_PM.c"
  16              		.text
  17              	.Ltext0:
  18              		.cfi_sections	.debug_frame
  19              		.section	.text.ADC_SaveConfig,"ax",%progbits
  20              		.align	2
  21              		.global	ADC_SaveConfig
  22              		.code	16
  23              		.thumb_func
  24              		.type	ADC_SaveConfig, %function
  25              	ADC_SaveConfig:
  26              	.LFB6:
  27              		.cfi_startproc
  28              		@ args = 0, pretend = 0, frame = 0
  29              		@ frame_needed = 0, uses_anonymous_args = 0
  30              		@ link register save eliminated.
  31              		@ sp needed
  32 0000 7047     		bx	lr
  33              		.cfi_endproc
  34              	.LFE6:
  35              		.size	ADC_SaveConfig, .-ADC_SaveConfig
  36 0002 C046     		.section	.text.ADC_RestoreConfig,"ax",%progbits
  37              		.align	2
  38              		.global	ADC_RestoreConfig
  39              		.code	16
  40              		.thumb_func
  41              		.type	ADC_RestoreConfig, %function
  42              	ADC_RestoreConfig:
  43              	.LFB2:
  44              		.file 1 "Generated_Source\\PSoC4\\ADC_PM.c"
   1:Generated_Source\PSoC4/ADC_PM.c **** /*******************************************************************************
   2:Generated_Source\PSoC4/ADC_PM.c **** * File Name: ADC_PM.c
   3:Generated_Source\PSoC4/ADC_PM.c **** * Version 2.50
   4:Generated_Source\PSoC4/ADC_PM.c **** *
   5:Generated_Source\PSoC4/ADC_PM.c **** * Description:
   6:Generated_Source\PSoC4/ADC_PM.c **** *  This file provides Sleep/WakeUp APIs functionality.
   7:Generated_Source\PSoC4/ADC_PM.c **** *
   8:Generated_Source\PSoC4/ADC_PM.c **** * Note:
   9:Generated_Source\PSoC4/ADC_PM.c **** *
  10:Generated_Source\PSoC4/ADC_PM.c **** ********************************************************************************
  11:Generated_Source\PSoC4/ADC_PM.c **** * Copyright 2008-2017, Cypress Semiconductor Corporation.  All rights reserved.
  12:Generated_Source\PSoC4/ADC_PM.c **** * You may use this file only in accordance with the license, terms, conditions,
  13:Generated_Source\PSoC4/ADC_PM.c **** * disclaimers, and limitations in the end user license agreement accompanying
ARM GAS  C:\Users\Rajesh\AppData\Local\Temp\cctwjHCa.s 			page 2


  14:Generated_Source\PSoC4/ADC_PM.c **** * the software package with which this file was provided.
  15:Generated_Source\PSoC4/ADC_PM.c **** *******************************************************************************/
  16:Generated_Source\PSoC4/ADC_PM.c **** 
  17:Generated_Source\PSoC4/ADC_PM.c **** #include "ADC.h"
  18:Generated_Source\PSoC4/ADC_PM.c **** 
  19:Generated_Source\PSoC4/ADC_PM.c **** 
  20:Generated_Source\PSoC4/ADC_PM.c **** /***************************************
  21:Generated_Source\PSoC4/ADC_PM.c **** * Local data allocation
  22:Generated_Source\PSoC4/ADC_PM.c **** ***************************************/
  23:Generated_Source\PSoC4/ADC_PM.c **** 
  24:Generated_Source\PSoC4/ADC_PM.c **** static ADC_BACKUP_STRUCT  ADC_backup =
  25:Generated_Source\PSoC4/ADC_PM.c **** {
  26:Generated_Source\PSoC4/ADC_PM.c ****     ADC_DISABLED,
  27:Generated_Source\PSoC4/ADC_PM.c ****     0u    
  28:Generated_Source\PSoC4/ADC_PM.c **** };
  29:Generated_Source\PSoC4/ADC_PM.c **** 
  30:Generated_Source\PSoC4/ADC_PM.c **** 
  31:Generated_Source\PSoC4/ADC_PM.c **** /*******************************************************************************
  32:Generated_Source\PSoC4/ADC_PM.c **** * Function Name: ADC_SaveConfig
  33:Generated_Source\PSoC4/ADC_PM.c **** ********************************************************************************
  34:Generated_Source\PSoC4/ADC_PM.c **** *
  35:Generated_Source\PSoC4/ADC_PM.c **** * Summary:
  36:Generated_Source\PSoC4/ADC_PM.c **** *  Saves the current user configuration.
  37:Generated_Source\PSoC4/ADC_PM.c **** *
  38:Generated_Source\PSoC4/ADC_PM.c **** * Parameters:
  39:Generated_Source\PSoC4/ADC_PM.c **** *  None.
  40:Generated_Source\PSoC4/ADC_PM.c **** *
  41:Generated_Source\PSoC4/ADC_PM.c **** * Return:
  42:Generated_Source\PSoC4/ADC_PM.c **** *  None.
  43:Generated_Source\PSoC4/ADC_PM.c **** *
  44:Generated_Source\PSoC4/ADC_PM.c **** *******************************************************************************/
  45:Generated_Source\PSoC4/ADC_PM.c **** void ADC_SaveConfig(void)
  46:Generated_Source\PSoC4/ADC_PM.c **** {
  47:Generated_Source\PSoC4/ADC_PM.c ****     /* All configuration registers are marked as [reset_all_retention] */
  48:Generated_Source\PSoC4/ADC_PM.c **** }
  49:Generated_Source\PSoC4/ADC_PM.c **** 
  50:Generated_Source\PSoC4/ADC_PM.c **** 
  51:Generated_Source\PSoC4/ADC_PM.c **** /*******************************************************************************
  52:Generated_Source\PSoC4/ADC_PM.c **** * Function Name: ADC_RestoreConfig
  53:Generated_Source\PSoC4/ADC_PM.c **** ********************************************************************************
  54:Generated_Source\PSoC4/ADC_PM.c **** *
  55:Generated_Source\PSoC4/ADC_PM.c **** * Summary:
  56:Generated_Source\PSoC4/ADC_PM.c **** *  Restores the current user configuration.
  57:Generated_Source\PSoC4/ADC_PM.c **** *
  58:Generated_Source\PSoC4/ADC_PM.c **** * Parameters:
  59:Generated_Source\PSoC4/ADC_PM.c **** *  None.
  60:Generated_Source\PSoC4/ADC_PM.c **** *
  61:Generated_Source\PSoC4/ADC_PM.c **** * Return:
  62:Generated_Source\PSoC4/ADC_PM.c **** *  None.
  63:Generated_Source\PSoC4/ADC_PM.c **** *
  64:Generated_Source\PSoC4/ADC_PM.c **** *******************************************************************************/
  65:Generated_Source\PSoC4/ADC_PM.c **** void ADC_RestoreConfig(void)
  66:Generated_Source\PSoC4/ADC_PM.c **** {
  45              		.loc 1 66 0
  46              		.cfi_startproc
  47              		@ args = 0, pretend = 0, frame = 0
  48              		@ frame_needed = 0, uses_anonymous_args = 0
ARM GAS  C:\Users\Rajesh\AppData\Local\Temp\cctwjHCa.s 			page 3


  49              		@ link register save eliminated.
  67:Generated_Source\PSoC4/ADC_PM.c ****     /* All configuration registers are marked as [reset_all_retention] */
  68:Generated_Source\PSoC4/ADC_PM.c **** }
  50              		.loc 1 68 0
  51              		@ sp needed
  52 0000 7047     		bx	lr
  53              		.cfi_endproc
  54              	.LFE2:
  55              		.size	ADC_RestoreConfig, .-ADC_RestoreConfig
  56 0002 C046     		.section	.text.ADC_Sleep,"ax",%progbits
  57              		.align	2
  58              		.global	ADC_Sleep
  59              		.code	16
  60              		.thumb_func
  61              		.type	ADC_Sleep, %function
  62              	ADC_Sleep:
  63              	.LFB3:
  69:Generated_Source\PSoC4/ADC_PM.c **** 
  70:Generated_Source\PSoC4/ADC_PM.c **** 
  71:Generated_Source\PSoC4/ADC_PM.c **** /*******************************************************************************
  72:Generated_Source\PSoC4/ADC_PM.c **** * Function Name: ADC_Sleep
  73:Generated_Source\PSoC4/ADC_PM.c **** ********************************************************************************
  74:Generated_Source\PSoC4/ADC_PM.c **** *
  75:Generated_Source\PSoC4/ADC_PM.c **** * Summary:
  76:Generated_Source\PSoC4/ADC_PM.c **** *  Stops the ADC operation and saves the configuration registers and component
  77:Generated_Source\PSoC4/ADC_PM.c **** *  enable state. Should be called just prior to entering sleep.
  78:Generated_Source\PSoC4/ADC_PM.c **** *
  79:Generated_Source\PSoC4/ADC_PM.c **** * Parameters:
  80:Generated_Source\PSoC4/ADC_PM.c **** *  None.
  81:Generated_Source\PSoC4/ADC_PM.c **** *
  82:Generated_Source\PSoC4/ADC_PM.c **** * Return:
  83:Generated_Source\PSoC4/ADC_PM.c **** *  None.
  84:Generated_Source\PSoC4/ADC_PM.c **** *
  85:Generated_Source\PSoC4/ADC_PM.c **** * Global Variables:
  86:Generated_Source\PSoC4/ADC_PM.c **** *  ADC_backup - modified.
  87:Generated_Source\PSoC4/ADC_PM.c **** *
  88:Generated_Source\PSoC4/ADC_PM.c **** *******************************************************************************/
  89:Generated_Source\PSoC4/ADC_PM.c **** void ADC_Sleep(void)
  90:Generated_Source\PSoC4/ADC_PM.c **** {
  64              		.loc 1 90 0
  65              		.cfi_startproc
  66              		@ args = 0, pretend = 0, frame = 0
  67              		@ frame_needed = 0, uses_anonymous_args = 0
  91:Generated_Source\PSoC4/ADC_PM.c ****     /* During deepsleep/ hibernate mode keep SARMUX active, i.e. do not open
  92:Generated_Source\PSoC4/ADC_PM.c ****     *   all switches (disconnect), to be used for ADFT
  93:Generated_Source\PSoC4/ADC_PM.c ****     */
  94:Generated_Source\PSoC4/ADC_PM.c ****     ADC_backup.dftRegVal = ADC_SAR_DFT_CTRL_REG & (uint32)~ADC_ADFT_OVERRIDE;
  95:Generated_Source\PSoC4/ADC_PM.c ****     ADC_SAR_DFT_CTRL_REG |= ADC_ADFT_OVERRIDE;
  68              		.loc 1 95 0
  69 0000 8021     		movs	r1, #128
  94:Generated_Source\PSoC4/ADC_PM.c ****     ADC_SAR_DFT_CTRL_REG |= ADC_ADFT_OVERRIDE;
  70              		.loc 1 94 0
  71 0002 154A     		ldr	r2, .L14
  90:Generated_Source\PSoC4/ADC_PM.c ****     /* During deepsleep/ hibernate mode keep SARMUX active, i.e. do not open
  72              		.loc 1 90 0
  73 0004 10B5     		push	{r4, lr}
  74              		.cfi_def_cfa_offset 8
ARM GAS  C:\Users\Rajesh\AppData\Local\Temp\cctwjHCa.s 			page 4


  75              		.cfi_offset 4, -8
  76              		.cfi_offset 14, -4
  94:Generated_Source\PSoC4/ADC_PM.c ****     ADC_SAR_DFT_CTRL_REG |= ADC_ADFT_OVERRIDE;
  77              		.loc 1 94 0
  78 0006 1368     		ldr	r3, [r2]
  79 0008 144C     		ldr	r4, .L14+4
  80 000a 5B00     		lsls	r3, r3, #1
  81 000c 5B08     		lsrs	r3, r3, #1
  82 000e 6360     		str	r3, [r4, #4]
  83              		.loc 1 95 0
  84 0010 1368     		ldr	r3, [r2]
  85 0012 0906     		lsls	r1, r1, #24
  86 0014 0B43     		orrs	r3, r1
  87 0016 1360     		str	r3, [r2]
  96:Generated_Source\PSoC4/ADC_PM.c ****     if((ADC_SAR_CTRL_REG  & ADC_ENABLE) != 0u)
  88              		.loc 1 96 0
  89 0018 114B     		ldr	r3, .L14+8
  90 001a 1B68     		ldr	r3, [r3]
  91 001c 002B     		cmp	r3, #0
  92 001e 02DB     		blt	.L12
  97:Generated_Source\PSoC4/ADC_PM.c ****     {
  98:Generated_Source\PSoC4/ADC_PM.c ****         if((ADC_SAR_SAMPLE_CTRL_REG & ADC_CONTINUOUS_EN) != 0u)
  99:Generated_Source\PSoC4/ADC_PM.c ****         {
 100:Generated_Source\PSoC4/ADC_PM.c ****             ADC_backup.enableState = ADC_ENABLED | ADC_STARTED;
 101:Generated_Source\PSoC4/ADC_PM.c ****         }
 102:Generated_Source\PSoC4/ADC_PM.c ****         else
 103:Generated_Source\PSoC4/ADC_PM.c ****         {
 104:Generated_Source\PSoC4/ADC_PM.c ****             ADC_backup.enableState = ADC_ENABLED;
 105:Generated_Source\PSoC4/ADC_PM.c ****         }
 106:Generated_Source\PSoC4/ADC_PM.c ****         ADC_StopConvert();
 107:Generated_Source\PSoC4/ADC_PM.c ****         ADC_Stop();
 108:Generated_Source\PSoC4/ADC_PM.c ****         
 109:Generated_Source\PSoC4/ADC_PM.c ****         /* Disable the SAR internal pump before entering the chip low power mode */
 110:Generated_Source\PSoC4/ADC_PM.c ****         if((ADC_SAR_CTRL_REG & ADC_BOOSTPUMP_EN) != 0u)
 111:Generated_Source\PSoC4/ADC_PM.c ****         {
 112:Generated_Source\PSoC4/ADC_PM.c ****             ADC_SAR_CTRL_REG &= (uint32)~ADC_BOOSTPUMP_EN;
 113:Generated_Source\PSoC4/ADC_PM.c ****             ADC_backup.enableState |= ADC_BOOSTPUMP_ENABLED;
 114:Generated_Source\PSoC4/ADC_PM.c ****         }
 115:Generated_Source\PSoC4/ADC_PM.c ****     }
 116:Generated_Source\PSoC4/ADC_PM.c ****     else
 117:Generated_Source\PSoC4/ADC_PM.c ****     {
 118:Generated_Source\PSoC4/ADC_PM.c ****         ADC_backup.enableState = ADC_DISABLED;
  93              		.loc 1 118 0
  94 0020 0023     		movs	r3, #0
  95 0022 2370     		strb	r3, [r4]
  96              	.L3:
 119:Generated_Source\PSoC4/ADC_PM.c ****     }
 120:Generated_Source\PSoC4/ADC_PM.c **** }
  97              		.loc 1 120 0
  98              		@ sp needed
  99 0024 10BD     		pop	{r4, pc}
 100              	.L12:
  98:Generated_Source\PSoC4/ADC_PM.c ****         {
 101              		.loc 1 98 0
 102 0026 0F4B     		ldr	r3, .L14+12
 103 0028 1A68     		ldr	r2, [r3]
 100:Generated_Source\PSoC4/ADC_PM.c ****         }
ARM GAS  C:\Users\Rajesh\AppData\Local\Temp\cctwjHCa.s 			page 5


 104              		.loc 1 100 0
 105 002a 0323     		movs	r3, #3
  98:Generated_Source\PSoC4/ADC_PM.c ****         {
 106              		.loc 1 98 0
 107 002c D203     		lsls	r2, r2, #15
 108 002e 11D5     		bpl	.L13
 109              	.L5:
 110 0030 2370     		strb	r3, [r4]
 106:Generated_Source\PSoC4/ADC_PM.c ****         ADC_Stop();
 111              		.loc 1 106 0
 112 0032 FFF7FEFF 		bl	ADC_StopConvert
 113              	.LVL0:
 107:Generated_Source\PSoC4/ADC_PM.c ****         
 114              		.loc 1 107 0
 115 0036 FFF7FEFF 		bl	ADC_Stop
 116              	.LVL1:
 110:Generated_Source\PSoC4/ADC_PM.c ****         {
 117              		.loc 1 110 0
 118 003a 094B     		ldr	r3, .L14+8
 119 003c 1A68     		ldr	r2, [r3]
 120 003e D202     		lsls	r2, r2, #11
 121 0040 F0D5     		bpl	.L3
 112:Generated_Source\PSoC4/ADC_PM.c ****             ADC_backup.enableState |= ADC_BOOSTPUMP_ENABLED;
 122              		.loc 1 112 0
 123 0042 1968     		ldr	r1, [r3]
 124 0044 084A     		ldr	r2, .L14+16
 125 0046 0A40     		ands	r2, r1
 126 0048 1A60     		str	r2, [r3]
 113:Generated_Source\PSoC4/ADC_PM.c ****         }
 127              		.loc 1 113 0
 128 004a 0423     		movs	r3, #4
 129 004c 2278     		ldrb	r2, [r4]
 130 004e 1343     		orrs	r3, r2
 131 0050 2370     		strb	r3, [r4]
 132 0052 E7E7     		b	.L3
 133              	.L13:
 104:Generated_Source\PSoC4/ADC_PM.c ****         }
 134              		.loc 1 104 0
 135 0054 023B     		subs	r3, r3, #2
 136 0056 EBE7     		b	.L5
 137              	.L15:
 138              		.align	2
 139              	.L14:
 140 0058 30003A40 		.word	1077542960
 141 005c 00000000 		.word	.LANCHOR0
 142 0060 00003A40 		.word	1077542912
 143 0064 04003A40 		.word	1077542916
 144 0068 FFFFEFFF 		.word	-1048577
 145              		.cfi_endproc
 146              	.LFE3:
 147              		.size	ADC_Sleep, .-ADC_Sleep
 148              		.section	.text.ADC_Wakeup,"ax",%progbits
 149              		.align	2
 150              		.global	ADC_Wakeup
 151              		.code	16
 152              		.thumb_func
 153              		.type	ADC_Wakeup, %function
ARM GAS  C:\Users\Rajesh\AppData\Local\Temp\cctwjHCa.s 			page 6


 154              	ADC_Wakeup:
 155              	.LFB4:
 121:Generated_Source\PSoC4/ADC_PM.c **** 
 122:Generated_Source\PSoC4/ADC_PM.c **** 
 123:Generated_Source\PSoC4/ADC_PM.c **** /*******************************************************************************
 124:Generated_Source\PSoC4/ADC_PM.c **** * Function Name: ADC_Wakeup
 125:Generated_Source\PSoC4/ADC_PM.c **** ********************************************************************************
 126:Generated_Source\PSoC4/ADC_PM.c **** *
 127:Generated_Source\PSoC4/ADC_PM.c **** * Summary:
 128:Generated_Source\PSoC4/ADC_PM.c **** *  Restores the component enable state and configuration registers.
 129:Generated_Source\PSoC4/ADC_PM.c **** *  This should be called just after awaking from sleep mode.
 130:Generated_Source\PSoC4/ADC_PM.c **** *
 131:Generated_Source\PSoC4/ADC_PM.c **** * Parameters:
 132:Generated_Source\PSoC4/ADC_PM.c **** *  None.
 133:Generated_Source\PSoC4/ADC_PM.c **** *
 134:Generated_Source\PSoC4/ADC_PM.c **** * Return:
 135:Generated_Source\PSoC4/ADC_PM.c **** *  None.
 136:Generated_Source\PSoC4/ADC_PM.c **** *
 137:Generated_Source\PSoC4/ADC_PM.c **** * Global Variables:
 138:Generated_Source\PSoC4/ADC_PM.c **** *  ADC_backup - used.
 139:Generated_Source\PSoC4/ADC_PM.c **** *
 140:Generated_Source\PSoC4/ADC_PM.c **** *******************************************************************************/
 141:Generated_Source\PSoC4/ADC_PM.c **** void ADC_Wakeup(void)
 142:Generated_Source\PSoC4/ADC_PM.c **** {
 156              		.loc 1 142 0
 157              		.cfi_startproc
 158              		@ args = 0, pretend = 0, frame = 0
 159              		@ frame_needed = 0, uses_anonymous_args = 0
 160 0000 10B5     		push	{r4, lr}
 161              		.cfi_def_cfa_offset 8
 162              		.cfi_offset 4, -8
 163              		.cfi_offset 14, -4
 143:Generated_Source\PSoC4/ADC_PM.c ****     ADC_SAR_DFT_CTRL_REG = ADC_backup.dftRegVal;
 164              		.loc 1 143 0
 165 0002 0C4C     		ldr	r4, .L28
 166 0004 0C4B     		ldr	r3, .L28+4
 167 0006 6268     		ldr	r2, [r4, #4]
 168 0008 1A60     		str	r2, [r3]
 144:Generated_Source\PSoC4/ADC_PM.c ****     if(ADC_backup.enableState != ADC_DISABLED)
 169              		.loc 1 144 0
 170 000a 2378     		ldrb	r3, [r4]
 171 000c 002B     		cmp	r3, #0
 172 000e 0CD0     		beq	.L16
 145:Generated_Source\PSoC4/ADC_PM.c ****     {
 146:Generated_Source\PSoC4/ADC_PM.c ****         /* Enable the SAR internal pump  */
 147:Generated_Source\PSoC4/ADC_PM.c ****         if((ADC_backup.enableState & ADC_BOOSTPUMP_ENABLED) != 0u)
 173              		.loc 1 147 0
 174 0010 5B07     		lsls	r3, r3, #29
 175 0012 05D5     		bpl	.L19
 148:Generated_Source\PSoC4/ADC_PM.c ****         {
 149:Generated_Source\PSoC4/ADC_PM.c ****             ADC_SAR_CTRL_REG |= ADC_BOOSTPUMP_EN;
 176              		.loc 1 149 0
 177 0014 8021     		movs	r1, #128
 178 0016 094A     		ldr	r2, .L28+8
 179 0018 4903     		lsls	r1, r1, #13
 180 001a 1368     		ldr	r3, [r2]
 181 001c 0B43     		orrs	r3, r1
ARM GAS  C:\Users\Rajesh\AppData\Local\Temp\cctwjHCa.s 			page 7


 182 001e 1360     		str	r3, [r2]
 183              	.L19:
 150:Generated_Source\PSoC4/ADC_PM.c ****         }
 151:Generated_Source\PSoC4/ADC_PM.c ****         ADC_Enable();
 184              		.loc 1 151 0
 185 0020 FFF7FEFF 		bl	ADC_Enable
 186              	.LVL2:
 152:Generated_Source\PSoC4/ADC_PM.c ****         if((ADC_backup.enableState & ADC_STARTED) != 0u)
 187              		.loc 1 152 0
 188 0024 2378     		ldrb	r3, [r4]
 189 0026 9B07     		lsls	r3, r3, #30
 190 0028 00D4     		bmi	.L27
 191              	.L16:
 153:Generated_Source\PSoC4/ADC_PM.c ****         {
 154:Generated_Source\PSoC4/ADC_PM.c ****             ADC_StartConvert();
 155:Generated_Source\PSoC4/ADC_PM.c ****         }
 156:Generated_Source\PSoC4/ADC_PM.c ****     }
 157:Generated_Source\PSoC4/ADC_PM.c **** }
 192              		.loc 1 157 0
 193              		@ sp needed
 194 002a 10BD     		pop	{r4, pc}
 195              	.L27:
 154:Generated_Source\PSoC4/ADC_PM.c ****         }
 196              		.loc 1 154 0
 197 002c FFF7FEFF 		bl	ADC_StartConvert
 198              	.LVL3:
 199              		.loc 1 157 0
 200 0030 FBE7     		b	.L16
 201              	.L29:
 202 0032 C046     		.align	2
 203              	.L28:
 204 0034 00000000 		.word	.LANCHOR0
 205 0038 30003A40 		.word	1077542960
 206 003c 00003A40 		.word	1077542912
 207              		.cfi_endproc
 208              	.LFE4:
 209              		.size	ADC_Wakeup, .-ADC_Wakeup
 210              		.bss
 211              		.align	2
 212              		.set	.LANCHOR0,. + 0
 213              		.type	ADC_backup, %object
 214              		.size	ADC_backup, 8
 215              	ADC_backup:
 216 0000 00000000 		.space	8
 216      00000000 
 217              		.text
 218              	.Letext0:
 219              		.file 2 "Generated_Source\\PSoC4\\cytypes.h"
 220              		.file 3 "Generated_Source\\PSoC4\\ADC.h"
 221              		.section	.debug_info,"",%progbits
 222              	.Ldebug_info0:
 223 0000 84010000 		.4byte	0x184
 224 0004 0400     		.2byte	0x4
 225 0006 00000000 		.4byte	.Ldebug_abbrev0
 226 000a 04       		.byte	0x4
 227 000b 01       		.uleb128 0x1
 228 000c 7D000000 		.4byte	.LASF26
ARM GAS  C:\Users\Rajesh\AppData\Local\Temp\cctwjHCa.s 			page 8


 229 0010 0C       		.byte	0xc
 230 0011 14000000 		.4byte	.LASF27
 231 0015 8D010000 		.4byte	.LASF28
 232 0019 00000000 		.4byte	.Ldebug_ranges0+0
 233 001d 00000000 		.4byte	0
 234 0021 00000000 		.4byte	.Ldebug_line0
 235 0025 02       		.uleb128 0x2
 236 0026 01       		.byte	0x1
 237 0027 06       		.byte	0x6
 238 0028 EC010000 		.4byte	.LASF0
 239 002c 02       		.uleb128 0x2
 240 002d 01       		.byte	0x1
 241 002e 08       		.byte	0x8
 242 002f 4D000000 		.4byte	.LASF1
 243 0033 02       		.uleb128 0x2
 244 0034 02       		.byte	0x2
 245 0035 05       		.byte	0x5
 246 0036 12010000 		.4byte	.LASF2
 247 003a 02       		.uleb128 0x2
 248 003b 02       		.byte	0x2
 249 003c 07       		.byte	0x7
 250 003d 34000000 		.4byte	.LASF3
 251 0041 02       		.uleb128 0x2
 252 0042 04       		.byte	0x4
 253 0043 05       		.byte	0x5
 254 0044 CB010000 		.4byte	.LASF4
 255 0048 02       		.uleb128 0x2
 256 0049 04       		.byte	0x4
 257 004a 07       		.byte	0x7
 258 004b 5B000000 		.4byte	.LASF5
 259 004f 02       		.uleb128 0x2
 260 0050 08       		.byte	0x8
 261 0051 05       		.byte	0x5
 262 0052 00000000 		.4byte	.LASF6
 263 0056 02       		.uleb128 0x2
 264 0057 08       		.byte	0x8
 265 0058 07       		.byte	0x7
 266 0059 3B010000 		.4byte	.LASF7
 267 005d 03       		.uleb128 0x3
 268 005e 04       		.byte	0x4
 269 005f 05       		.byte	0x5
 270 0060 696E7400 		.ascii	"int\000"
 271 0064 02       		.uleb128 0x2
 272 0065 04       		.byte	0x4
 273 0066 07       		.byte	0x7
 274 0067 23010000 		.4byte	.LASF8
 275 006b 04       		.uleb128 0x4
 276 006c 6D000000 		.4byte	.LASF9
 277 0070 02       		.byte	0x2
 278 0071 D201     		.2byte	0x1d2
 279 0073 2C000000 		.4byte	0x2c
 280 0077 04       		.uleb128 0x4
 281 0078 1C010000 		.4byte	.LASF10
 282 007c 02       		.byte	0x2
 283 007d D401     		.2byte	0x1d4
 284 007f 48000000 		.4byte	0x48
 285 0083 02       		.uleb128 0x2
ARM GAS  C:\Users\Rajesh\AppData\Local\Temp\cctwjHCa.s 			page 9


 286 0084 04       		.byte	0x4
 287 0085 04       		.byte	0x4
 288 0086 47000000 		.4byte	.LASF11
 289 008a 02       		.uleb128 0x2
 290 008b 08       		.byte	0x8
 291 008c 04       		.byte	0x4
 292 008d 0B010000 		.4byte	.LASF12
 293 0091 02       		.uleb128 0x2
 294 0092 01       		.byte	0x1
 295 0093 08       		.byte	0x8
 296 0094 88010000 		.4byte	.LASF13
 297 0098 04       		.uleb128 0x4
 298 0099 0E000000 		.4byte	.LASF14
 299 009d 02       		.byte	0x2
 300 009e 7E02     		.2byte	0x27e
 301 00a0 A4000000 		.4byte	0xa4
 302 00a4 05       		.uleb128 0x5
 303 00a5 77000000 		.4byte	0x77
 304 00a9 02       		.uleb128 0x2
 305 00aa 08       		.byte	0x8
 306 00ab 04       		.byte	0x4
 307 00ac E0010000 		.4byte	.LASF15
 308 00b0 02       		.uleb128 0x2
 309 00b1 04       		.byte	0x4
 310 00b2 07       		.byte	0x7
 311 00b3 5C010000 		.4byte	.LASF16
 312 00b7 06       		.uleb128 0x6
 313 00b8 08       		.byte	0x8
 314 00b9 03       		.byte	0x3
 315 00ba 1E       		.byte	0x1e
 316 00bb D8000000 		.4byte	0xd8
 317 00bf 07       		.uleb128 0x7
 318 00c0 D4010000 		.4byte	.LASF17
 319 00c4 03       		.byte	0x3
 320 00c5 20       		.byte	0x20
 321 00c6 6B000000 		.4byte	0x6b
 322 00ca 00       		.byte	0
 323 00cb 07       		.uleb128 0x7
 324 00cc 52010000 		.4byte	.LASF18
 325 00d0 03       		.byte	0x3
 326 00d1 21       		.byte	0x21
 327 00d2 77000000 		.4byte	0x77
 328 00d6 04       		.byte	0x4
 329 00d7 00       		.byte	0
 330 00d8 08       		.uleb128 0x8
 331 00d9 76010000 		.4byte	.LASF19
 332 00dd 03       		.byte	0x3
 333 00de 22       		.byte	0x22
 334 00df B7000000 		.4byte	0xb7
 335 00e3 09       		.uleb128 0x9
 336 00e4 A9010000 		.4byte	.LASF29
 337 00e8 01       		.byte	0x1
 338 00e9 41       		.byte	0x41
 339 00ea 01       		.byte	0x1
 340 00eb 0A       		.uleb128 0xa
 341 00ec E3000000 		.4byte	0xe3
 342 00f0 00000000 		.4byte	.LFB2
ARM GAS  C:\Users\Rajesh\AppData\Local\Temp\cctwjHCa.s 			page 10


 343 00f4 02000000 		.4byte	.LFE2-.LFB2
 344 00f8 01       		.uleb128 0x1
 345 00f9 9C       		.byte	0x9c
 346 00fa 0B       		.uleb128 0xb
 347 00fb 73000000 		.4byte	.LASF20
 348 00ff 01       		.byte	0x1
 349 0100 59       		.byte	0x59
 350 0101 00000000 		.4byte	.LFB3
 351 0105 6C000000 		.4byte	.LFE3-.LFB3
 352 0109 01       		.uleb128 0x1
 353 010a 9C       		.byte	0x9c
 354 010b 22010000 		.4byte	0x122
 355 010f 0C       		.uleb128 0xc
 356 0110 36000000 		.4byte	.LVL0
 357 0114 5B010000 		.4byte	0x15b
 358 0118 0C       		.uleb128 0xc
 359 0119 3A000000 		.4byte	.LVL1
 360 011d 66010000 		.4byte	0x166
 361 0121 00       		.byte	0
 362 0122 0B       		.uleb128 0xb
 363 0123 03020000 		.4byte	.LASF21
 364 0127 01       		.byte	0x1
 365 0128 8D       		.byte	0x8d
 366 0129 00000000 		.4byte	.LFB4
 367 012d 40000000 		.4byte	.LFE4-.LFB4
 368 0131 01       		.uleb128 0x1
 369 0132 9C       		.byte	0x9c
 370 0133 4A010000 		.4byte	0x14a
 371 0137 0C       		.uleb128 0xc
 372 0138 24000000 		.4byte	.LVL2
 373 013c 71010000 		.4byte	0x171
 374 0140 0C       		.uleb128 0xc
 375 0141 30000000 		.4byte	.LVL3
 376 0145 7C010000 		.4byte	0x17c
 377 0149 00       		.byte	0
 378 014a 0D       		.uleb128 0xd
 379 014b F8010000 		.4byte	.LASF30
 380 014f 01       		.byte	0x1
 381 0150 18       		.byte	0x18
 382 0151 D8000000 		.4byte	0xd8
 383 0155 05       		.uleb128 0x5
 384 0156 03       		.byte	0x3
 385 0157 00000000 		.4byte	ADC_backup
 386 015b 0E       		.uleb128 0xe
 387 015c BB010000 		.4byte	.LASF22
 388 0160 BB010000 		.4byte	.LASF22
 389 0164 03       		.byte	0x3
 390 0165 9E       		.byte	0x9e
 391 0166 0E       		.uleb128 0xe
 392 0167 0E020000 		.4byte	.LASF23
 393 016b 0E020000 		.4byte	.LASF23
 394 016f 03       		.byte	0x3
 395 0170 9A       		.byte	0x9a
 396 0171 0E       		.uleb128 0xe
 397 0172 30010000 		.4byte	.LASF24
 398 0176 30010000 		.4byte	.LASF24
 399 017a 03       		.byte	0x3
ARM GAS  C:\Users\Rajesh\AppData\Local\Temp\cctwjHCa.s 			page 11


 400 017b 9C       		.byte	0x9c
 401 017c 0E       		.uleb128 0xe
 402 017d 65010000 		.4byte	.LASF25
 403 0181 65010000 		.4byte	.LASF25
 404 0185 03       		.byte	0x3
 405 0186 9D       		.byte	0x9d
 406 0187 00       		.byte	0
 407              		.section	.debug_abbrev,"",%progbits
 408              	.Ldebug_abbrev0:
 409 0000 01       		.uleb128 0x1
 410 0001 11       		.uleb128 0x11
 411 0002 01       		.byte	0x1
 412 0003 25       		.uleb128 0x25
 413 0004 0E       		.uleb128 0xe
 414 0005 13       		.uleb128 0x13
 415 0006 0B       		.uleb128 0xb
 416 0007 03       		.uleb128 0x3
 417 0008 0E       		.uleb128 0xe
 418 0009 1B       		.uleb128 0x1b
 419 000a 0E       		.uleb128 0xe
 420 000b 55       		.uleb128 0x55
 421 000c 17       		.uleb128 0x17
 422 000d 11       		.uleb128 0x11
 423 000e 01       		.uleb128 0x1
 424 000f 10       		.uleb128 0x10
 425 0010 17       		.uleb128 0x17
 426 0011 00       		.byte	0
 427 0012 00       		.byte	0
 428 0013 02       		.uleb128 0x2
 429 0014 24       		.uleb128 0x24
 430 0015 00       		.byte	0
 431 0016 0B       		.uleb128 0xb
 432 0017 0B       		.uleb128 0xb
 433 0018 3E       		.uleb128 0x3e
 434 0019 0B       		.uleb128 0xb
 435 001a 03       		.uleb128 0x3
 436 001b 0E       		.uleb128 0xe
 437 001c 00       		.byte	0
 438 001d 00       		.byte	0
 439 001e 03       		.uleb128 0x3
 440 001f 24       		.uleb128 0x24
 441 0020 00       		.byte	0
 442 0021 0B       		.uleb128 0xb
 443 0022 0B       		.uleb128 0xb
 444 0023 3E       		.uleb128 0x3e
 445 0024 0B       		.uleb128 0xb
 446 0025 03       		.uleb128 0x3
 447 0026 08       		.uleb128 0x8
 448 0027 00       		.byte	0
 449 0028 00       		.byte	0
 450 0029 04       		.uleb128 0x4
 451 002a 16       		.uleb128 0x16
 452 002b 00       		.byte	0
 453 002c 03       		.uleb128 0x3
 454 002d 0E       		.uleb128 0xe
 455 002e 3A       		.uleb128 0x3a
 456 002f 0B       		.uleb128 0xb
ARM GAS  C:\Users\Rajesh\AppData\Local\Temp\cctwjHCa.s 			page 12


 457 0030 3B       		.uleb128 0x3b
 458 0031 05       		.uleb128 0x5
 459 0032 49       		.uleb128 0x49
 460 0033 13       		.uleb128 0x13
 461 0034 00       		.byte	0
 462 0035 00       		.byte	0
 463 0036 05       		.uleb128 0x5
 464 0037 35       		.uleb128 0x35
 465 0038 00       		.byte	0
 466 0039 49       		.uleb128 0x49
 467 003a 13       		.uleb128 0x13
 468 003b 00       		.byte	0
 469 003c 00       		.byte	0
 470 003d 06       		.uleb128 0x6
 471 003e 13       		.uleb128 0x13
 472 003f 01       		.byte	0x1
 473 0040 0B       		.uleb128 0xb
 474 0041 0B       		.uleb128 0xb
 475 0042 3A       		.uleb128 0x3a
 476 0043 0B       		.uleb128 0xb
 477 0044 3B       		.uleb128 0x3b
 478 0045 0B       		.uleb128 0xb
 479 0046 01       		.uleb128 0x1
 480 0047 13       		.uleb128 0x13
 481 0048 00       		.byte	0
 482 0049 00       		.byte	0
 483 004a 07       		.uleb128 0x7
 484 004b 0D       		.uleb128 0xd
 485 004c 00       		.byte	0
 486 004d 03       		.uleb128 0x3
 487 004e 0E       		.uleb128 0xe
 488 004f 3A       		.uleb128 0x3a
 489 0050 0B       		.uleb128 0xb
 490 0051 3B       		.uleb128 0x3b
 491 0052 0B       		.uleb128 0xb
 492 0053 49       		.uleb128 0x49
 493 0054 13       		.uleb128 0x13
 494 0055 38       		.uleb128 0x38
 495 0056 0B       		.uleb128 0xb
 496 0057 00       		.byte	0
 497 0058 00       		.byte	0
 498 0059 08       		.uleb128 0x8
 499 005a 16       		.uleb128 0x16
 500 005b 00       		.byte	0
 501 005c 03       		.uleb128 0x3
 502 005d 0E       		.uleb128 0xe
 503 005e 3A       		.uleb128 0x3a
 504 005f 0B       		.uleb128 0xb
 505 0060 3B       		.uleb128 0x3b
 506 0061 0B       		.uleb128 0xb
 507 0062 49       		.uleb128 0x49
 508 0063 13       		.uleb128 0x13
 509 0064 00       		.byte	0
 510 0065 00       		.byte	0
 511 0066 09       		.uleb128 0x9
 512 0067 2E       		.uleb128 0x2e
 513 0068 00       		.byte	0
ARM GAS  C:\Users\Rajesh\AppData\Local\Temp\cctwjHCa.s 			page 13


 514 0069 3F       		.uleb128 0x3f
 515 006a 19       		.uleb128 0x19
 516 006b 03       		.uleb128 0x3
 517 006c 0E       		.uleb128 0xe
 518 006d 3A       		.uleb128 0x3a
 519 006e 0B       		.uleb128 0xb
 520 006f 3B       		.uleb128 0x3b
 521 0070 0B       		.uleb128 0xb
 522 0071 27       		.uleb128 0x27
 523 0072 19       		.uleb128 0x19
 524 0073 20       		.uleb128 0x20
 525 0074 0B       		.uleb128 0xb
 526 0075 00       		.byte	0
 527 0076 00       		.byte	0
 528 0077 0A       		.uleb128 0xa
 529 0078 2E       		.uleb128 0x2e
 530 0079 00       		.byte	0
 531 007a 31       		.uleb128 0x31
 532 007b 13       		.uleb128 0x13
 533 007c 11       		.uleb128 0x11
 534 007d 01       		.uleb128 0x1
 535 007e 12       		.uleb128 0x12
 536 007f 06       		.uleb128 0x6
 537 0080 40       		.uleb128 0x40
 538 0081 18       		.uleb128 0x18
 539 0082 9742     		.uleb128 0x2117
 540 0084 19       		.uleb128 0x19
 541 0085 00       		.byte	0
 542 0086 00       		.byte	0
 543 0087 0B       		.uleb128 0xb
 544 0088 2E       		.uleb128 0x2e
 545 0089 01       		.byte	0x1
 546 008a 3F       		.uleb128 0x3f
 547 008b 19       		.uleb128 0x19
 548 008c 03       		.uleb128 0x3
 549 008d 0E       		.uleb128 0xe
 550 008e 3A       		.uleb128 0x3a
 551 008f 0B       		.uleb128 0xb
 552 0090 3B       		.uleb128 0x3b
 553 0091 0B       		.uleb128 0xb
 554 0092 27       		.uleb128 0x27
 555 0093 19       		.uleb128 0x19
 556 0094 11       		.uleb128 0x11
 557 0095 01       		.uleb128 0x1
 558 0096 12       		.uleb128 0x12
 559 0097 06       		.uleb128 0x6
 560 0098 40       		.uleb128 0x40
 561 0099 18       		.uleb128 0x18
 562 009a 9742     		.uleb128 0x2117
 563 009c 19       		.uleb128 0x19
 564 009d 01       		.uleb128 0x1
 565 009e 13       		.uleb128 0x13
 566 009f 00       		.byte	0
 567 00a0 00       		.byte	0
 568 00a1 0C       		.uleb128 0xc
 569 00a2 898201   		.uleb128 0x4109
 570 00a5 00       		.byte	0
ARM GAS  C:\Users\Rajesh\AppData\Local\Temp\cctwjHCa.s 			page 14


 571 00a6 11       		.uleb128 0x11
 572 00a7 01       		.uleb128 0x1
 573 00a8 31       		.uleb128 0x31
 574 00a9 13       		.uleb128 0x13
 575 00aa 00       		.byte	0
 576 00ab 00       		.byte	0
 577 00ac 0D       		.uleb128 0xd
 578 00ad 34       		.uleb128 0x34
 579 00ae 00       		.byte	0
 580 00af 03       		.uleb128 0x3
 581 00b0 0E       		.uleb128 0xe
 582 00b1 3A       		.uleb128 0x3a
 583 00b2 0B       		.uleb128 0xb
 584 00b3 3B       		.uleb128 0x3b
 585 00b4 0B       		.uleb128 0xb
 586 00b5 49       		.uleb128 0x49
 587 00b6 13       		.uleb128 0x13
 588 00b7 02       		.uleb128 0x2
 589 00b8 18       		.uleb128 0x18
 590 00b9 00       		.byte	0
 591 00ba 00       		.byte	0
 592 00bb 0E       		.uleb128 0xe
 593 00bc 2E       		.uleb128 0x2e
 594 00bd 00       		.byte	0
 595 00be 3F       		.uleb128 0x3f
 596 00bf 19       		.uleb128 0x19
 597 00c0 3C       		.uleb128 0x3c
 598 00c1 19       		.uleb128 0x19
 599 00c2 6E       		.uleb128 0x6e
 600 00c3 0E       		.uleb128 0xe
 601 00c4 03       		.uleb128 0x3
 602 00c5 0E       		.uleb128 0xe
 603 00c6 3A       		.uleb128 0x3a
 604 00c7 0B       		.uleb128 0xb
 605 00c8 3B       		.uleb128 0x3b
 606 00c9 0B       		.uleb128 0xb
 607 00ca 00       		.byte	0
 608 00cb 00       		.byte	0
 609 00cc 00       		.byte	0
 610              		.section	.debug_aranges,"",%progbits
 611 0000 2C000000 		.4byte	0x2c
 612 0004 0200     		.2byte	0x2
 613 0006 00000000 		.4byte	.Ldebug_info0
 614 000a 04       		.byte	0x4
 615 000b 00       		.byte	0
 616 000c 0000     		.2byte	0
 617 000e 0000     		.2byte	0
 618 0010 00000000 		.4byte	.LFB2
 619 0014 02000000 		.4byte	.LFE2-.LFB2
 620 0018 00000000 		.4byte	.LFB3
 621 001c 6C000000 		.4byte	.LFE3-.LFB3
 622 0020 00000000 		.4byte	.LFB4
 623 0024 40000000 		.4byte	.LFE4-.LFB4
 624 0028 00000000 		.4byte	0
 625 002c 00000000 		.4byte	0
 626              		.section	.debug_ranges,"",%progbits
 627              	.Ldebug_ranges0:
ARM GAS  C:\Users\Rajesh\AppData\Local\Temp\cctwjHCa.s 			page 15


 628 0000 00000000 		.4byte	.LFB2
 629 0004 02000000 		.4byte	.LFE2
 630 0008 00000000 		.4byte	.LFB3
 631 000c 6C000000 		.4byte	.LFE3
 632 0010 00000000 		.4byte	.LFB4
 633 0014 40000000 		.4byte	.LFE4
 634 0018 00000000 		.4byte	0
 635 001c 00000000 		.4byte	0
 636              		.section	.debug_line,"",%progbits
 637              	.Ldebug_line0:
 638 0000 A3000000 		.section	.debug_str,"MS",%progbits,1
 638      02004C00 
 638      00000201 
 638      FB0E0D00 
 638      01010101 
 639              	.LASF6:
 640 0000 6C6F6E67 		.ascii	"long long int\000"
 640      206C6F6E 
 640      6720696E 
 640      7400
 641              	.LASF14:
 642 000e 72656733 		.ascii	"reg32\000"
 642      3200
 643              	.LASF27:
 644 0014 47656E65 		.ascii	"Generated_Source\\PSoC4\\ADC_PM.c\000"
 644      72617465 
 644      645F536F 
 644      75726365 
 644      5C50536F 
 645              	.LASF3:
 646 0034 73686F72 		.ascii	"short unsigned int\000"
 646      7420756E 
 646      7369676E 
 646      65642069 
 646      6E7400
 647              	.LASF11:
 648 0047 666C6F61 		.ascii	"float\000"
 648      7400
 649              	.LASF1:
 650 004d 756E7369 		.ascii	"unsigned char\000"
 650      676E6564 
 650      20636861 
 650      7200
 651              	.LASF5:
 652 005b 6C6F6E67 		.ascii	"long unsigned int\000"
 652      20756E73 
 652      69676E65 
 652      6420696E 
 652      7400
 653              	.LASF9:
 654 006d 75696E74 		.ascii	"uint8\000"
 654      3800
 655              	.LASF20:
 656 0073 4144435F 		.ascii	"ADC_Sleep\000"
 656      536C6565 
 656      7000
 657              	.LASF26:
ARM GAS  C:\Users\Rajesh\AppData\Local\Temp\cctwjHCa.s 			page 16


 658 007d 474E5520 		.ascii	"GNU C11 5.4.1 20160609 (release) [ARM/embedded-5-br"
 658      43313120 
 658      352E342E 
 658      31203230 
 658      31363036 
 659 00b0 616E6368 		.ascii	"anch revision 237715] -mcpu=cortex-m0 -mthumb -g -O"
 659      20726576 
 659      6973696F 
 659      6E203233 
 659      37373135 
 660 00e3 33202D66 		.ascii	"3 -ffunction-sections -ffat-lto-objects\000"
 660      66756E63 
 660      74696F6E 
 660      2D736563 
 660      74696F6E 
 661              	.LASF12:
 662 010b 646F7562 		.ascii	"double\000"
 662      6C6500
 663              	.LASF2:
 664 0112 73686F72 		.ascii	"short int\000"
 664      7420696E 
 664      7400
 665              	.LASF10:
 666 011c 75696E74 		.ascii	"uint32\000"
 666      333200
 667              	.LASF8:
 668 0123 756E7369 		.ascii	"unsigned int\000"
 668      676E6564 
 668      20696E74 
 668      00
 669              	.LASF24:
 670 0130 4144435F 		.ascii	"ADC_Enable\000"
 670      456E6162 
 670      6C6500
 671              	.LASF7:
 672 013b 6C6F6E67 		.ascii	"long long unsigned int\000"
 672      206C6F6E 
 672      6720756E 
 672      7369676E 
 672      65642069 
 673              	.LASF18:
 674 0152 64667452 		.ascii	"dftRegVal\000"
 674      65675661 
 674      6C00
 675              	.LASF16:
 676 015c 73697A65 		.ascii	"sizetype\000"
 676      74797065 
 676      00
 677              	.LASF25:
 678 0165 4144435F 		.ascii	"ADC_StartConvert\000"
 678      53746172 
 678      74436F6E 
 678      76657274 
 678      00
 679              	.LASF19:
 680 0176 4144435F 		.ascii	"ADC_BACKUP_STRUCT\000"
 680      4241434B 
ARM GAS  C:\Users\Rajesh\AppData\Local\Temp\cctwjHCa.s 			page 17


 680      55505F53 
 680      54525543 
 680      5400
 681              	.LASF13:
 682 0188 63686172 		.ascii	"char\000"
 682      00
 683              	.LASF28:
 684 018d 443A5C65 		.ascii	"D:\\ext\\EXTPSOC\\camera.cydsn\000"
 684      78745C45 
 684      58545053 
 684      4F435C63 
 684      616D6572 
 685              	.LASF29:
 686 01a9 4144435F 		.ascii	"ADC_RestoreConfig\000"
 686      52657374 
 686      6F726543 
 686      6F6E6669 
 686      6700
 687              	.LASF22:
 688 01bb 4144435F 		.ascii	"ADC_StopConvert\000"
 688      53746F70 
 688      436F6E76 
 688      65727400 
 689              	.LASF4:
 690 01cb 6C6F6E67 		.ascii	"long int\000"
 690      20696E74 
 690      00
 691              	.LASF17:
 692 01d4 656E6162 		.ascii	"enableState\000"
 692      6C655374 
 692      61746500 
 693              	.LASF15:
 694 01e0 6C6F6E67 		.ascii	"long double\000"
 694      20646F75 
 694      626C6500 
 695              	.LASF0:
 696 01ec 7369676E 		.ascii	"signed char\000"
 696      65642063 
 696      68617200 
 697              	.LASF30:
 698 01f8 4144435F 		.ascii	"ADC_backup\000"
 698      6261636B 
 698      757000
 699              	.LASF21:
 700 0203 4144435F 		.ascii	"ADC_Wakeup\000"
 700      57616B65 
 700      757000
 701              	.LASF23:
 702 020e 4144435F 		.ascii	"ADC_Stop\000"
 702      53746F70 
 702      00
 703              		.ident	"GCC: (GNU Tools for ARM Embedded Processors) 5.4.1 20160609 (release) [ARM/embedded-5-bran
