ARM GAS  C:\Users\Yiquing\AppData\Local\Temp\ccuO4zaS.s 			page 1


   1              		.syntax unified
   2              		.cpu cortex-m3
   3              		.fpu softvfp
   4              		.eabi_attribute 20, 1
   5              		.eabi_attribute 21, 1
   6              		.eabi_attribute 23, 3
   7              		.eabi_attribute 24, 1
   8              		.eabi_attribute 25, 1
   9              		.eabi_attribute 26, 1
  10              		.eabi_attribute 30, 6
  11              		.eabi_attribute 34, 1
  12              		.eabi_attribute 18, 4
  13              		.thumb
  14              		.file	"EZI2Cs_PM.c"
  15              		.text
  16              	.Ltext0:
  17              		.cfi_sections	.debug_frame
  18              		.global	EZI2Cs_backup
  19              		.data
  20              		.align	2
  21              		.type	EZI2Cs_backup, %object
  22              		.size	EZI2Cs_backup, 6
  23              	EZI2Cs_backup:
  24 0000 00       		.byte	0
  25 0001 81       		.byte	-127
  26 0002 38       		.byte	56
  27 0003 01       		.byte	1
  28 0004 1E       		.byte	30
  29 0005 00       		.byte	0
  30 0006 0000     		.section	.text.EZI2Cs_SaveConfig,"ax",%progbits
  31              		.align	2
  32              		.global	EZI2Cs_SaveConfig
  33              		.thumb
  34              		.thumb_func
  35              		.type	EZI2Cs_SaveConfig, %function
  36              	EZI2Cs_SaveConfig:
  37              	.LFB0:
  38              		.file 1 ".\\Generated_Source\\PSoC5\\EZI2Cs_PM.c"
   1:.\Generated_Source\PSoC5/EZI2Cs_PM.c **** /*******************************************************************************
   2:.\Generated_Source\PSoC5/EZI2Cs_PM.c **** * File Name: EZI2Cs_PM.c
   3:.\Generated_Source\PSoC5/EZI2Cs_PM.c **** * Version 2.0
   4:.\Generated_Source\PSoC5/EZI2Cs_PM.c **** *
   5:.\Generated_Source\PSoC5/EZI2Cs_PM.c **** * Description:
   6:.\Generated_Source\PSoC5/EZI2Cs_PM.c **** *  This file contains the API for the proper switching to/from the low power
   7:.\Generated_Source\PSoC5/EZI2Cs_PM.c **** *  modes.
   8:.\Generated_Source\PSoC5/EZI2Cs_PM.c **** *
   9:.\Generated_Source\PSoC5/EZI2Cs_PM.c **** ********************************************************************************
  10:.\Generated_Source\PSoC5/EZI2Cs_PM.c **** * Copyright 2008-2015, Cypress Semiconductor Corporation.  All rights reserved.
  11:.\Generated_Source\PSoC5/EZI2Cs_PM.c **** * You may use this file only in accordance with the license, terms, conditions,
  12:.\Generated_Source\PSoC5/EZI2Cs_PM.c **** * disclaimers, and limitations in the end user license agreement accompanying
  13:.\Generated_Source\PSoC5/EZI2Cs_PM.c **** * the software package with which this file was provided.
  14:.\Generated_Source\PSoC5/EZI2Cs_PM.c **** *******************************************************************************/
  15:.\Generated_Source\PSoC5/EZI2Cs_PM.c **** 
  16:.\Generated_Source\PSoC5/EZI2Cs_PM.c **** #include "EZI2Cs_PVT.h"
  17:.\Generated_Source\PSoC5/EZI2Cs_PM.c **** 
  18:.\Generated_Source\PSoC5/EZI2Cs_PM.c **** EZI2Cs_BACKUP_STRUCT EZI2Cs_backup =
  19:.\Generated_Source\PSoC5/EZI2Cs_PM.c **** {
ARM GAS  C:\Users\Yiquing\AppData\Local\Temp\ccuO4zaS.s 			page 2


  20:.\Generated_Source\PSoC5/EZI2Cs_PM.c ****     EZI2Cs_DISABLED,
  21:.\Generated_Source\PSoC5/EZI2Cs_PM.c ****     EZI2Cs_DEFAULT_XCFG,
  22:.\Generated_Source\PSoC5/EZI2Cs_PM.c ****     EZI2Cs_DEFAULT_ADDR,
  23:.\Generated_Source\PSoC5/EZI2Cs_PM.c ****     EZI2Cs_DEFAULT_CFG,
  24:.\Generated_Source\PSoC5/EZI2Cs_PM.c ****     EZI2Cs_DEFAULT_CLKDIV1,
  25:.\Generated_Source\PSoC5/EZI2Cs_PM.c ****     EZI2Cs_DEFAULT_CLKDIV2
  26:.\Generated_Source\PSoC5/EZI2Cs_PM.c **** };
  27:.\Generated_Source\PSoC5/EZI2Cs_PM.c **** 
  28:.\Generated_Source\PSoC5/EZI2Cs_PM.c **** #if (EZI2Cs_WAKEUP_ENABLED)
  29:.\Generated_Source\PSoC5/EZI2Cs_PM.c ****     volatile uint8 EZI2Cs_wakeupSource;
  30:.\Generated_Source\PSoC5/EZI2Cs_PM.c **** #endif /* (EZI2Cs_WAKEUP_ENABLED) */
  31:.\Generated_Source\PSoC5/EZI2Cs_PM.c **** 
  32:.\Generated_Source\PSoC5/EZI2Cs_PM.c **** 
  33:.\Generated_Source\PSoC5/EZI2Cs_PM.c **** /*******************************************************************************
  34:.\Generated_Source\PSoC5/EZI2Cs_PM.c **** * Function Name: EZI2Cs_SaveConfig
  35:.\Generated_Source\PSoC5/EZI2Cs_PM.c **** ********************************************************************************
  36:.\Generated_Source\PSoC5/EZI2Cs_PM.c **** *
  37:.\Generated_Source\PSoC5/EZI2Cs_PM.c **** * Summary:
  38:.\Generated_Source\PSoC5/EZI2Cs_PM.c **** *  The Enable wakeup from Sleep Mode selection influences this function
  39:.\Generated_Source\PSoC5/EZI2Cs_PM.c **** *  implementation:
  40:.\Generated_Source\PSoC5/EZI2Cs_PM.c **** *   Unchecked: Stores the component non-retention configuration registers.
  41:.\Generated_Source\PSoC5/EZI2Cs_PM.c **** *   Checked:   Enables backup regulator of the I2C hardware. If a transaction
  42:.\Generated_Source\PSoC5/EZI2Cs_PM.c **** *              intended for component executes during this function call,
  43:.\Generated_Source\PSoC5/EZI2Cs_PM.c **** *              it waits until the current transaction is completed and
  44:.\Generated_Source\PSoC5/EZI2Cs_PM.c **** *              I2C hardware is ready to go to sleep mode. All subsequent
  45:.\Generated_Source\PSoC5/EZI2Cs_PM.c **** *              I2C traffic is NAKed until the device is put to sleep mode.
  46:.\Generated_Source\PSoC5/EZI2Cs_PM.c **** *
  47:.\Generated_Source\PSoC5/EZI2Cs_PM.c **** * Parameters:
  48:.\Generated_Source\PSoC5/EZI2Cs_PM.c **** *  None.
  49:.\Generated_Source\PSoC5/EZI2Cs_PM.c **** *
  50:.\Generated_Source\PSoC5/EZI2Cs_PM.c **** * Return:
  51:.\Generated_Source\PSoC5/EZI2Cs_PM.c **** *  None.
  52:.\Generated_Source\PSoC5/EZI2Cs_PM.c **** *
  53:.\Generated_Source\PSoC5/EZI2Cs_PM.c **** * Global variables:
  54:.\Generated_Source\PSoC5/EZI2Cs_PM.c **** *  EZI2Cs_backup - The non-retention registers are saved to.
  55:.\Generated_Source\PSoC5/EZI2Cs_PM.c **** *
  56:.\Generated_Source\PSoC5/EZI2Cs_PM.c **** * Reentrant:
  57:.\Generated_Source\PSoC5/EZI2Cs_PM.c **** *  No.
  58:.\Generated_Source\PSoC5/EZI2Cs_PM.c **** *
  59:.\Generated_Source\PSoC5/EZI2Cs_PM.c **** *******************************************************************************/
  60:.\Generated_Source\PSoC5/EZI2Cs_PM.c **** void EZI2Cs_SaveConfig(void) 
  61:.\Generated_Source\PSoC5/EZI2Cs_PM.c **** {
  39              		.loc 1 61 0
  40              		.cfi_startproc
  41              		@ args = 0, pretend = 0, frame = 0
  42              		@ frame_needed = 1, uses_anonymous_args = 0
  43              		@ link register save eliminated.
  44 0000 80B4     		push	{r7}
  45              		.cfi_def_cfa_offset 4
  46              		.cfi_offset 7, -4
  47 0002 00AF     		add	r7, sp, #0
  48              		.cfi_def_cfa_register 7
  62:.\Generated_Source\PSoC5/EZI2Cs_PM.c **** #if (EZI2Cs_WAKEUP_ENABLED)
  63:.\Generated_Source\PSoC5/EZI2Cs_PM.c ****     uint8 interruptState;
  64:.\Generated_Source\PSoC5/EZI2Cs_PM.c **** #endif /* (EZI2Cs_WAKEUP_ENABLED) */
  65:.\Generated_Source\PSoC5/EZI2Cs_PM.c **** 
  66:.\Generated_Source\PSoC5/EZI2Cs_PM.c ****     /* Store component configuration into backup structure */
ARM GAS  C:\Users\Yiquing\AppData\Local\Temp\ccuO4zaS.s 			page 3


  67:.\Generated_Source\PSoC5/EZI2Cs_PM.c ****     EZI2Cs_backup.cfg     = EZI2Cs_CFG_REG;
  49              		.loc 1 67 0
  50 0004 0E4B     		ldr	r3, .L2
  51 0006 1B78     		ldrb	r3, [r3]
  52 0008 DAB2     		uxtb	r2, r3
  53 000a 0E4B     		ldr	r3, .L2+4
  54 000c DA70     		strb	r2, [r3, #3]
  68:.\Generated_Source\PSoC5/EZI2Cs_PM.c ****     EZI2Cs_backup.xcfg    = EZI2Cs_XCFG_REG;
  55              		.loc 1 68 0
  56 000e 0E4B     		ldr	r3, .L2+8
  57 0010 1B78     		ldrb	r3, [r3]
  58 0012 DAB2     		uxtb	r2, r3
  59 0014 0B4B     		ldr	r3, .L2+4
  60 0016 5A70     		strb	r2, [r3, #1]
  69:.\Generated_Source\PSoC5/EZI2Cs_PM.c ****     EZI2Cs_backup.adr     = EZI2Cs_ADDR_REG;
  61              		.loc 1 69 0
  62 0018 0C4B     		ldr	r3, .L2+12
  63 001a 1B78     		ldrb	r3, [r3]
  64 001c DAB2     		uxtb	r2, r3
  65 001e 094B     		ldr	r3, .L2+4
  66 0020 9A70     		strb	r2, [r3, #2]
  70:.\Generated_Source\PSoC5/EZI2Cs_PM.c ****     EZI2Cs_backup.clkDiv1 = EZI2Cs_CLKDIV1_REG;
  67              		.loc 1 70 0
  68 0022 0B4B     		ldr	r3, .L2+16
  69 0024 1B78     		ldrb	r3, [r3]
  70 0026 DAB2     		uxtb	r2, r3
  71 0028 064B     		ldr	r3, .L2+4
  72 002a 1A71     		strb	r2, [r3, #4]
  71:.\Generated_Source\PSoC5/EZI2Cs_PM.c ****     EZI2Cs_backup.clkDiv2 = EZI2Cs_CLKDIV2_REG;
  73              		.loc 1 71 0
  74 002c 094B     		ldr	r3, .L2+20
  75 002e 1B78     		ldrb	r3, [r3]
  76 0030 DAB2     		uxtb	r2, r3
  77 0032 044B     		ldr	r3, .L2+4
  78 0034 5A71     		strb	r2, [r3, #5]
  72:.\Generated_Source\PSoC5/EZI2Cs_PM.c **** 
  73:.\Generated_Source\PSoC5/EZI2Cs_PM.c **** #if (EZI2Cs_WAKEUP_ENABLED)
  74:.\Generated_Source\PSoC5/EZI2Cs_PM.c ****     /* Enable I2C backup regulator */
  75:.\Generated_Source\PSoC5/EZI2Cs_PM.c ****     interruptState = CyEnterCriticalSection();
  76:.\Generated_Source\PSoC5/EZI2Cs_PM.c ****     EZI2Cs_PWRSYS_CR1_REG |= EZI2Cs_PWRSYS_CR1_I2C_BACKUP;
  77:.\Generated_Source\PSoC5/EZI2Cs_PM.c ****     CyExitCriticalSection(interruptState);
  78:.\Generated_Source\PSoC5/EZI2Cs_PM.c **** 
  79:.\Generated_Source\PSoC5/EZI2Cs_PM.c ****     /* Wait for completion of the current transaction. The following
  80:.\Generated_Source\PSoC5/EZI2Cs_PM.c ****     * transactions have to be NACKed until the device enters the low power mode.
  81:.\Generated_Source\PSoC5/EZI2Cs_PM.c ****     * After a wakeup, the force NACK bit is cleared automatically.
  82:.\Generated_Source\PSoC5/EZI2Cs_PM.c ****     */
  83:.\Generated_Source\PSoC5/EZI2Cs_PM.c ****     EZI2Cs_XCFG_REG |= EZI2Cs_XCFG_FORCE_NACK;
  84:.\Generated_Source\PSoC5/EZI2Cs_PM.c ****     while (0u == (EZI2Cs_XCFG_REG & EZI2Cs_XCFG_SLEEP_READY))
  85:.\Generated_Source\PSoC5/EZI2Cs_PM.c ****     {
  86:.\Generated_Source\PSoC5/EZI2Cs_PM.c ****     }
  87:.\Generated_Source\PSoC5/EZI2Cs_PM.c **** 
  88:.\Generated_Source\PSoC5/EZI2Cs_PM.c ****      /* Setup wakeup interrupt */
  89:.\Generated_Source\PSoC5/EZI2Cs_PM.c ****     EZI2Cs_DisableInt();
  90:.\Generated_Source\PSoC5/EZI2Cs_PM.c ****     EZI2Cs_wakeupSource = 0u; /* Clear wakeup event */
  91:.\Generated_Source\PSoC5/EZI2Cs_PM.c ****     (void) CyIntSetVector(EZI2Cs_ISR_NUMBER, &EZI2Cs_WAKEUP_ISR);
  92:.\Generated_Source\PSoC5/EZI2Cs_PM.c ****     EZI2Cs_EnableInt();
  93:.\Generated_Source\PSoC5/EZI2Cs_PM.c **** #endif /* (EZI2Cs_WAKEUP_ENABLED) */
ARM GAS  C:\Users\Yiquing\AppData\Local\Temp\ccuO4zaS.s 			page 4


  94:.\Generated_Source\PSoC5/EZI2Cs_PM.c **** }
  79              		.loc 1 94 0
  80 0036 BD46     		mov	sp, r7
  81              		@ sp needed
  82 0038 5DF8047B 		ldr	r7, [sp], #4
  83 003c 7047     		bx	lr
  84              	.L3:
  85 003e 00BF     		.align	2
  86              	.L2:
  87 0040 D6490040 		.word	1073760726
  88 0044 00000000 		.word	EZI2Cs_backup
  89 0048 C8490040 		.word	1073760712
  90 004c CA490040 		.word	1073760714
  91 0050 DB490040 		.word	1073760731
  92 0054 DC490040 		.word	1073760732
  93              		.cfi_endproc
  94              	.LFE0:
  95              		.size	EZI2Cs_SaveConfig, .-EZI2Cs_SaveConfig
  96              		.section	.text.EZI2Cs_RestoreConfig,"ax",%progbits
  97              		.align	2
  98              		.global	EZI2Cs_RestoreConfig
  99              		.thumb
 100              		.thumb_func
 101              		.type	EZI2Cs_RestoreConfig, %function
 102              	EZI2Cs_RestoreConfig:
 103              	.LFB1:
  95:.\Generated_Source\PSoC5/EZI2Cs_PM.c **** 
  96:.\Generated_Source\PSoC5/EZI2Cs_PM.c **** 
  97:.\Generated_Source\PSoC5/EZI2Cs_PM.c **** /*******************************************************************************
  98:.\Generated_Source\PSoC5/EZI2Cs_PM.c **** * Function Name: EZI2Cs_RestoreConfig
  99:.\Generated_Source\PSoC5/EZI2Cs_PM.c **** ********************************************************************************
 100:.\Generated_Source\PSoC5/EZI2Cs_PM.c **** *
 101:.\Generated_Source\PSoC5/EZI2Cs_PM.c **** * Summary:
 102:.\Generated_Source\PSoC5/EZI2Cs_PM.c **** *  The Enable wakeup from Sleep Mode selection influences this function
 103:.\Generated_Source\PSoC5/EZI2Cs_PM.c **** *  implementation:
 104:.\Generated_Source\PSoC5/EZI2Cs_PM.c **** *   Unchecked: Restores the component non-retention configuration registers
 105:.\Generated_Source\PSoC5/EZI2Cs_PM.c **** *              to the state they were in before I2C_Sleep() or I2C_SaveConfig()
 106:.\Generated_Source\PSoC5/EZI2Cs_PM.c **** *              was called.
 107:.\Generated_Source\PSoC5/EZI2Cs_PM.c **** *   Checked:   Disables the backup regulator of the I2C hardware. Sets up the
 108:.\Generated_Source\PSoC5/EZI2Cs_PM.c **** *              regular component interrupt handler and generates the component
 109:.\Generated_Source\PSoC5/EZI2Cs_PM.c **** *              interrupt if it was wake up source to release the bus and
 110:.\Generated_Source\PSoC5/EZI2Cs_PM.c **** *              continue in-coming I2C transaction.
 111:.\Generated_Source\PSoC5/EZI2Cs_PM.c **** *
 112:.\Generated_Source\PSoC5/EZI2Cs_PM.c **** * Parameters:
 113:.\Generated_Source\PSoC5/EZI2Cs_PM.c **** *  None.
 114:.\Generated_Source\PSoC5/EZI2Cs_PM.c **** *
 115:.\Generated_Source\PSoC5/EZI2Cs_PM.c **** * Return:
 116:.\Generated_Source\PSoC5/EZI2Cs_PM.c **** *  None.
 117:.\Generated_Source\PSoC5/EZI2Cs_PM.c **** *
 118:.\Generated_Source\PSoC5/EZI2Cs_PM.c **** * Global variables:
 119:.\Generated_Source\PSoC5/EZI2Cs_PM.c **** *  EZI2Cs_backup - the non-retention registers are restored from.
 120:.\Generated_Source\PSoC5/EZI2Cs_PM.c **** *
 121:.\Generated_Source\PSoC5/EZI2Cs_PM.c **** * Reentrant:
 122:.\Generated_Source\PSoC5/EZI2Cs_PM.c **** *  No.
 123:.\Generated_Source\PSoC5/EZI2Cs_PM.c **** *
 124:.\Generated_Source\PSoC5/EZI2Cs_PM.c **** * Side Effects:
 125:.\Generated_Source\PSoC5/EZI2Cs_PM.c **** *  Calling this function before EZI2Cs_SaveConfig() or
ARM GAS  C:\Users\Yiquing\AppData\Local\Temp\ccuO4zaS.s 			page 5


 126:.\Generated_Source\PSoC5/EZI2Cs_PM.c **** *  EZI2Cs_Sleep() may produce unexpected behavior.
 127:.\Generated_Source\PSoC5/EZI2Cs_PM.c **** *
 128:.\Generated_Source\PSoC5/EZI2Cs_PM.c **** *******************************************************************************/
 129:.\Generated_Source\PSoC5/EZI2Cs_PM.c **** void EZI2Cs_RestoreConfig(void) 
 130:.\Generated_Source\PSoC5/EZI2Cs_PM.c **** {
 104              		.loc 1 130 0
 105              		.cfi_startproc
 106              		@ args = 0, pretend = 0, frame = 8
 107              		@ frame_needed = 1, uses_anonymous_args = 0
 108 0000 80B5     		push	{r7, lr}
 109              		.cfi_def_cfa_offset 8
 110              		.cfi_offset 7, -8
 111              		.cfi_offset 14, -4
 112 0002 82B0     		sub	sp, sp, #8
 113              		.cfi_def_cfa_offset 16
 114 0004 00AF     		add	r7, sp, #0
 115              		.cfi_def_cfa_register 7
 131:.\Generated_Source\PSoC5/EZI2Cs_PM.c ****     uint8 intState;
 132:.\Generated_Source\PSoC5/EZI2Cs_PM.c **** 
 133:.\Generated_Source\PSoC5/EZI2Cs_PM.c ****     if (0u != (EZI2Cs_PWRSYS_CR1_I2C_BACKUP & EZI2Cs_PWRSYS_CR1_REG))
 116              		.loc 1 133 0
 117 0006 184B     		ldr	r3, .L7
 118 0008 1B78     		ldrb	r3, [r3]
 119 000a DBB2     		uxtb	r3, r3
 120 000c 03F00403 		and	r3, r3, #4
 121 0010 DBB2     		uxtb	r3, r3
 122 0012 002B     		cmp	r3, #0
 123 0014 10D0     		beq	.L5
 134:.\Generated_Source\PSoC5/EZI2Cs_PM.c ****     /* Exit from Sleep */
 135:.\Generated_Source\PSoC5/EZI2Cs_PM.c ****     {
 136:.\Generated_Source\PSoC5/EZI2Cs_PM.c ****         /* Disable I2C backup regulator */
 137:.\Generated_Source\PSoC5/EZI2Cs_PM.c ****         intState = CyEnterCriticalSection();
 124              		.loc 1 137 0
 125 0016 FFF7FEFF 		bl	CyEnterCriticalSection
 126 001a 0346     		mov	r3, r0
 127 001c FB71     		strb	r3, [r7, #7]
 138:.\Generated_Source\PSoC5/EZI2Cs_PM.c ****         EZI2Cs_PWRSYS_CR1_REG &= (uint8) ~EZI2Cs_PWRSYS_CR1_I2C_BACKUP;
 128              		.loc 1 138 0
 129 001e 124B     		ldr	r3, .L7
 130 0020 114A     		ldr	r2, .L7
 131 0022 1278     		ldrb	r2, [r2]
 132 0024 D2B2     		uxtb	r2, r2
 133 0026 22F00402 		bic	r2, r2, #4
 134 002a D2B2     		uxtb	r2, r2
 135 002c 1A70     		strb	r2, [r3]
 139:.\Generated_Source\PSoC5/EZI2Cs_PM.c ****         CyExitCriticalSection(intState);
 136              		.loc 1 139 0
 137 002e FB79     		ldrb	r3, [r7, #7]	@ zero_extendqisi2
 138 0030 1846     		mov	r0, r3
 139 0032 FFF7FEFF 		bl	CyExitCriticalSection
 140 0036 13E0     		b	.L4
 141              	.L5:
 140:.\Generated_Source\PSoC5/EZI2Cs_PM.c ****     }
 141:.\Generated_Source\PSoC5/EZI2Cs_PM.c ****     else /* Exit from Hibernate (bit is cleared) or wakeup disabled */
 142:.\Generated_Source\PSoC5/EZI2Cs_PM.c ****     {
 143:.\Generated_Source\PSoC5/EZI2Cs_PM.c ****     #if (EZI2Cs_WAKEUP_ENABLED)
 144:.\Generated_Source\PSoC5/EZI2Cs_PM.c ****         /* Disable power to I2C block before register restore */
ARM GAS  C:\Users\Yiquing\AppData\Local\Temp\ccuO4zaS.s 			page 6


 145:.\Generated_Source\PSoC5/EZI2Cs_PM.c ****         intState = CyEnterCriticalSection();
 146:.\Generated_Source\PSoC5/EZI2Cs_PM.c ****         EZI2Cs_PM_ACT_CFG_REG  &= (uint8) ~EZI2Cs_ACT_PWR_EN;
 147:.\Generated_Source\PSoC5/EZI2Cs_PM.c ****         EZI2Cs_PM_STBY_CFG_REG &= (uint8) ~EZI2Cs_STBY_PWR_EN;
 148:.\Generated_Source\PSoC5/EZI2Cs_PM.c ****         CyExitCriticalSection(intState);
 149:.\Generated_Source\PSoC5/EZI2Cs_PM.c **** 
 150:.\Generated_Source\PSoC5/EZI2Cs_PM.c ****         /* Enable component after restore complete */
 151:.\Generated_Source\PSoC5/EZI2Cs_PM.c ****         EZI2Cs_backup.enableState = EZI2Cs_ENABLED;
 152:.\Generated_Source\PSoC5/EZI2Cs_PM.c ****     #endif /* (EZI2Cs_WAKEUP_ENABLED) */
 153:.\Generated_Source\PSoC5/EZI2Cs_PM.c **** 
 154:.\Generated_Source\PSoC5/EZI2Cs_PM.c ****         /* Restore component registers: Hibernate disable power */
 155:.\Generated_Source\PSoC5/EZI2Cs_PM.c ****         EZI2Cs_CFG_REG     = EZI2Cs_backup.cfg;
 142              		.loc 1 155 0
 143 0038 0C4B     		ldr	r3, .L7+4
 144 003a 0D4A     		ldr	r2, .L7+8
 145 003c D278     		ldrb	r2, [r2, #3]	@ zero_extendqisi2
 146 003e 1A70     		strb	r2, [r3]
 156:.\Generated_Source\PSoC5/EZI2Cs_PM.c ****         EZI2Cs_XCFG_REG    = EZI2Cs_backup.xcfg;
 147              		.loc 1 156 0
 148 0040 0C4B     		ldr	r3, .L7+12
 149 0042 0B4A     		ldr	r2, .L7+8
 150 0044 5278     		ldrb	r2, [r2, #1]	@ zero_extendqisi2
 151 0046 1A70     		strb	r2, [r3]
 157:.\Generated_Source\PSoC5/EZI2Cs_PM.c ****         EZI2Cs_ADDR_REG    = EZI2Cs_backup.adr;
 152              		.loc 1 157 0
 153 0048 0B4B     		ldr	r3, .L7+16
 154 004a 094A     		ldr	r2, .L7+8
 155 004c 9278     		ldrb	r2, [r2, #2]	@ zero_extendqisi2
 156 004e 1A70     		strb	r2, [r3]
 158:.\Generated_Source\PSoC5/EZI2Cs_PM.c ****         EZI2Cs_CLKDIV1_REG = EZI2Cs_backup.clkDiv1;
 157              		.loc 1 158 0
 158 0050 0A4B     		ldr	r3, .L7+20
 159 0052 074A     		ldr	r2, .L7+8
 160 0054 1279     		ldrb	r2, [r2, #4]	@ zero_extendqisi2
 161 0056 1A70     		strb	r2, [r3]
 159:.\Generated_Source\PSoC5/EZI2Cs_PM.c ****         EZI2Cs_CLKDIV2_REG = EZI2Cs_backup.clkDiv2;
 162              		.loc 1 159 0
 163 0058 094B     		ldr	r3, .L7+24
 164 005a 054A     		ldr	r2, .L7+8
 165 005c 5279     		ldrb	r2, [r2, #5]	@ zero_extendqisi2
 166 005e 1A70     		strb	r2, [r3]
 167              	.L4:
 160:.\Generated_Source\PSoC5/EZI2Cs_PM.c ****     }
 161:.\Generated_Source\PSoC5/EZI2Cs_PM.c **** 
 162:.\Generated_Source\PSoC5/EZI2Cs_PM.c **** #if (EZI2Cs_WAKEUP_ENABLED)
 163:.\Generated_Source\PSoC5/EZI2Cs_PM.c ****     /* Set I2C interrupt to be pending if component is source of wake up */
 164:.\Generated_Source\PSoC5/EZI2Cs_PM.c ****     EZI2Cs_DisableInt();
 165:.\Generated_Source\PSoC5/EZI2Cs_PM.c ****     (void) CyIntSetVector(EZI2Cs_ISR_NUMBER, &EZI2Cs_ISR);
 166:.\Generated_Source\PSoC5/EZI2Cs_PM.c ****     if (0u != EZI2Cs_wakeupSource)
 167:.\Generated_Source\PSoC5/EZI2Cs_PM.c ****     {
 168:.\Generated_Source\PSoC5/EZI2Cs_PM.c ****         /* Generate interrupt to release I2C bus */
 169:.\Generated_Source\PSoC5/EZI2Cs_PM.c ****         (void) CyIntSetPending(EZI2Cs_ISR_NUMBER);
 170:.\Generated_Source\PSoC5/EZI2Cs_PM.c ****     }
 171:.\Generated_Source\PSoC5/EZI2Cs_PM.c ****     EZI2Cs_EnableInt();
 172:.\Generated_Source\PSoC5/EZI2Cs_PM.c **** #endif /* (EZI2Cs_WAKEUP_ENABLED) */
 173:.\Generated_Source\PSoC5/EZI2Cs_PM.c **** }
 168              		.loc 1 173 0
 169 0060 0837     		adds	r7, r7, #8
ARM GAS  C:\Users\Yiquing\AppData\Local\Temp\ccuO4zaS.s 			page 7


 170 0062 BD46     		mov	sp, r7
 171              		@ sp needed
 172 0064 80BD     		pop	{r7, pc}
 173              	.L8:
 174 0066 00BF     		.align	2
 175              	.L7:
 176 0068 31430040 		.word	1073759025
 177 006c D6490040 		.word	1073760726
 178 0070 00000000 		.word	EZI2Cs_backup
 179 0074 C8490040 		.word	1073760712
 180 0078 CA490040 		.word	1073760714
 181 007c DB490040 		.word	1073760731
 182 0080 DC490040 		.word	1073760732
 183              		.cfi_endproc
 184              	.LFE1:
 185              		.size	EZI2Cs_RestoreConfig, .-EZI2Cs_RestoreConfig
 186              		.section	.text.EZI2Cs_Sleep,"ax",%progbits
 187              		.align	2
 188              		.global	EZI2Cs_Sleep
 189              		.thumb
 190              		.thumb_func
 191              		.type	EZI2Cs_Sleep, %function
 192              	EZI2Cs_Sleep:
 193              	.LFB2:
 174:.\Generated_Source\PSoC5/EZI2Cs_PM.c **** 
 175:.\Generated_Source\PSoC5/EZI2Cs_PM.c **** 
 176:.\Generated_Source\PSoC5/EZI2Cs_PM.c **** /*******************************************************************************
 177:.\Generated_Source\PSoC5/EZI2Cs_PM.c **** * Function Name: EZI2Cs_Sleep
 178:.\Generated_Source\PSoC5/EZI2Cs_PM.c **** ********************************************************************************
 179:.\Generated_Source\PSoC5/EZI2Cs_PM.c **** *
 180:.\Generated_Source\PSoC5/EZI2Cs_PM.c **** * Summary:
 181:.\Generated_Source\PSoC5/EZI2Cs_PM.c **** *  This is the preferred method to prepare the component before device enters
 182:.\Generated_Source\PSoC5/EZI2Cs_PM.c **** *  sleep mode.
 183:.\Generated_Source\PSoC5/EZI2Cs_PM.c **** *  The Enable wakeup from Sleep Mode selection influences this function
 184:.\Generated_Source\PSoC5/EZI2Cs_PM.c **** *  implementation:
 185:.\Generated_Source\PSoC5/EZI2Cs_PM.c **** *   Unchecked: Checks current EZI2C component state, saves it, and disables the
 186:.\Generated_Source\PSoC5/EZI2Cs_PM.c **** *              component by calling EZI2C_Stop() if it is currently enabled.
 187:.\Generated_Source\PSoC5/EZI2Cs_PM.c **** *              EZI2C_SaveConfig() is then called to save the component
 188:.\Generated_Source\PSoC5/EZI2Cs_PM.c **** *              non-retention configuration registers.
 189:.\Generated_Source\PSoC5/EZI2Cs_PM.c **** *   Checked:   If a transaction intended for component is in progress during
 190:.\Generated_Source\PSoC5/EZI2Cs_PM.c **** *              this function call, it waits until the current transaction is
 191:.\Generated_Source\PSoC5/EZI2Cs_PM.c **** *              completed. All subsequent I2C traffic intended for component is
 192:.\Generated_Source\PSoC5/EZI2Cs_PM.c **** *              NAKed until the device is put to sleep mode. The address match
 193:.\Generated_Source\PSoC5/EZI2Cs_PM.c **** *              event wakes up the device.
 194:.\Generated_Source\PSoC5/EZI2Cs_PM.c **** *
 195:.\Generated_Source\PSoC5/EZI2Cs_PM.c **** *  Call the EZI2C_Sleep() function before calling the CyPmSleep() or the
 196:.\Generated_Source\PSoC5/EZI2Cs_PM.c **** *  CyPmHibernate() function. Refer to the PSoC Creator System Reference Guide
 197:.\Generated_Source\PSoC5/EZI2Cs_PM.c **** *  for more information about power-management functions.
 198:.\Generated_Source\PSoC5/EZI2Cs_PM.c **** *
 199:.\Generated_Source\PSoC5/EZI2Cs_PM.c **** * Parameters:
 200:.\Generated_Source\PSoC5/EZI2Cs_PM.c **** *  None.
 201:.\Generated_Source\PSoC5/EZI2Cs_PM.c **** *
 202:.\Generated_Source\PSoC5/EZI2Cs_PM.c **** * Return:
 203:.\Generated_Source\PSoC5/EZI2Cs_PM.c **** *  None.
 204:.\Generated_Source\PSoC5/EZI2Cs_PM.c **** *
 205:.\Generated_Source\PSoC5/EZI2Cs_PM.c **** * Global variables:
 206:.\Generated_Source\PSoC5/EZI2Cs_PM.c **** *  EZI2Cs_backup - The non retention registers are saved to. Changed
ARM GAS  C:\Users\Yiquing\AppData\Local\Temp\ccuO4zaS.s 			page 8


 207:.\Generated_Source\PSoC5/EZI2Cs_PM.c **** *  by EZI2Cs_SaveConfig() function call.
 208:.\Generated_Source\PSoC5/EZI2Cs_PM.c **** *
 209:.\Generated_Source\PSoC5/EZI2Cs_PM.c **** * Reentrant:
 210:.\Generated_Source\PSoC5/EZI2Cs_PM.c **** *  No.
 211:.\Generated_Source\PSoC5/EZI2Cs_PM.c **** *
 212:.\Generated_Source\PSoC5/EZI2Cs_PM.c **** *******************************************************************************/
 213:.\Generated_Source\PSoC5/EZI2Cs_PM.c **** void EZI2Cs_Sleep(void) 
 214:.\Generated_Source\PSoC5/EZI2Cs_PM.c **** {
 194              		.loc 1 214 0
 195              		.cfi_startproc
 196              		@ args = 0, pretend = 0, frame = 0
 197              		@ frame_needed = 1, uses_anonymous_args = 0
 198 0000 80B5     		push	{r7, lr}
 199              		.cfi_def_cfa_offset 8
 200              		.cfi_offset 7, -8
 201              		.cfi_offset 14, -4
 202 0002 00AF     		add	r7, sp, #0
 203              		.cfi_def_cfa_register 7
 215:.\Generated_Source\PSoC5/EZI2Cs_PM.c **** #if (EZI2Cs_WAKEUP_ENABLED)
 216:.\Generated_Source\PSoC5/EZI2Cs_PM.c ****     /* Do not re-enable component in EZI2Cs_Wakeup(). It remains enabled as it is wakeup source */
 217:.\Generated_Source\PSoC5/EZI2Cs_PM.c ****     EZI2Cs_backup.enableState = EZI2Cs_DISABLED;
 218:.\Generated_Source\PSoC5/EZI2Cs_PM.c **** #else
 219:.\Generated_Source\PSoC5/EZI2Cs_PM.c ****     /* Store component state enabled or disable to restore after wakeup */
 220:.\Generated_Source\PSoC5/EZI2Cs_PM.c ****     EZI2Cs_backup.enableState = (EZI2Cs_PM_ACT_CFG_REG & EZI2Cs_ACT_PWR_EN);
 204              		.loc 1 220 0
 205 0004 084B     		ldr	r3, .L11
 206 0006 1B78     		ldrb	r3, [r3]
 207 0008 DBB2     		uxtb	r3, r3
 208 000a 03F00403 		and	r3, r3, #4
 209 000e DAB2     		uxtb	r2, r3
 210 0010 064B     		ldr	r3, .L11+4
 211 0012 1A70     		strb	r2, [r3]
 221:.\Generated_Source\PSoC5/EZI2Cs_PM.c **** 
 222:.\Generated_Source\PSoC5/EZI2Cs_PM.c ****     if (0u != EZI2Cs_backup.enableState)
 212              		.loc 1 222 0
 213 0014 054B     		ldr	r3, .L11+4
 214 0016 1B78     		ldrb	r3, [r3]	@ zero_extendqisi2
 215 0018 002B     		cmp	r3, #0
 216 001a 01D0     		beq	.L10
 223:.\Generated_Source\PSoC5/EZI2Cs_PM.c ****     {
 224:.\Generated_Source\PSoC5/EZI2Cs_PM.c ****         /* Disable component before enter Sleep */
 225:.\Generated_Source\PSoC5/EZI2Cs_PM.c ****         EZI2Cs_Stop();
 217              		.loc 1 225 0
 218 001c FFF7FEFF 		bl	EZI2Cs_Stop
 219              	.L10:
 226:.\Generated_Source\PSoC5/EZI2Cs_PM.c ****     }
 227:.\Generated_Source\PSoC5/EZI2Cs_PM.c **** #endif /* (EZI2Cs_WAKEUP_ENABLED) */
 228:.\Generated_Source\PSoC5/EZI2Cs_PM.c **** 
 229:.\Generated_Source\PSoC5/EZI2Cs_PM.c ****     EZI2Cs_SaveConfig();
 220              		.loc 1 229 0
 221 0020 FFF7FEFF 		bl	EZI2Cs_SaveConfig
 230:.\Generated_Source\PSoC5/EZI2Cs_PM.c **** }
 222              		.loc 1 230 0
 223 0024 80BD     		pop	{r7, pc}
 224              	.L12:
 225 0026 00BF     		.align	2
 226              	.L11:
ARM GAS  C:\Users\Yiquing\AppData\Local\Temp\ccuO4zaS.s 			page 9


 227 0028 A5430040 		.word	1073759141
 228 002c 00000000 		.word	EZI2Cs_backup
 229              		.cfi_endproc
 230              	.LFE2:
 231              		.size	EZI2Cs_Sleep, .-EZI2Cs_Sleep
 232              		.section	.text.EZI2Cs_Wakeup,"ax",%progbits
 233              		.align	2
 234              		.global	EZI2Cs_Wakeup
 235              		.thumb
 236              		.thumb_func
 237              		.type	EZI2Cs_Wakeup, %function
 238              	EZI2Cs_Wakeup:
 239              	.LFB3:
 231:.\Generated_Source\PSoC5/EZI2Cs_PM.c **** 
 232:.\Generated_Source\PSoC5/EZI2Cs_PM.c **** 
 233:.\Generated_Source\PSoC5/EZI2Cs_PM.c **** /*******************************************************************************
 234:.\Generated_Source\PSoC5/EZI2Cs_PM.c **** * Function Name: EZI2Cs_Wakeup
 235:.\Generated_Source\PSoC5/EZI2Cs_PM.c **** ********************************************************************************
 236:.\Generated_Source\PSoC5/EZI2Cs_PM.c **** *
 237:.\Generated_Source\PSoC5/EZI2Cs_PM.c **** * Summary:
 238:.\Generated_Source\PSoC5/EZI2Cs_PM.c **** *  This is the preferred method to prepare the component for active mode
 239:.\Generated_Source\PSoC5/EZI2Cs_PM.c **** *  operation (when device exits sleep mode).
 240:.\Generated_Source\PSoC5/EZI2Cs_PM.c **** *  The Enable wakeup from Sleep Mode selection influences this function
 241:.\Generated_Source\PSoC5/EZI2Cs_PM.c **** *  implementation:
 242:.\Generated_Source\PSoC5/EZI2Cs_PM.c **** *   Unchecked: Restores the component non-retention configuration registers
 243:.\Generated_Source\PSoC5/EZI2Cs_PM.c **** *              by calling EZI2C_RestoreConfig(). If the component was enabled
 244:.\Generated_Source\PSoC5/EZI2Cs_PM.c **** *              before the EZI2C_Sleep() function was called, EZI2C_Wakeup()
 245:.\Generated_Source\PSoC5/EZI2Cs_PM.c **** *              re-enables it.
 246:.\Generated_Source\PSoC5/EZI2Cs_PM.c **** *   Checked:   Disables the backup regulator of I2C hardware. The incoming
 247:.\Generated_Source\PSoC5/EZI2Cs_PM.c **** *              transaction continues as soon as the regular EZI2C interrupt
 248:.\Generated_Source\PSoC5/EZI2Cs_PM.c **** *              handler is set up (global interrupts has to be  enabled to
 249:.\Generated_Source\PSoC5/EZI2Cs_PM.c **** *              service EZI2C component interrupt).
 250:.\Generated_Source\PSoC5/EZI2Cs_PM.c **** *
 251:.\Generated_Source\PSoC5/EZI2Cs_PM.c **** * Parameters:
 252:.\Generated_Source\PSoC5/EZI2Cs_PM.c **** *  None.
 253:.\Generated_Source\PSoC5/EZI2Cs_PM.c **** *
 254:.\Generated_Source\PSoC5/EZI2Cs_PM.c **** * Return:
 255:.\Generated_Source\PSoC5/EZI2Cs_PM.c **** *  None.
 256:.\Generated_Source\PSoC5/EZI2Cs_PM.c **** *
 257:.\Generated_Source\PSoC5/EZI2Cs_PM.c **** * Global variables:
 258:.\Generated_Source\PSoC5/EZI2Cs_PM.c **** *  EZI2Cs_backup - The non retention registers are restored from.
 259:.\Generated_Source\PSoC5/EZI2Cs_PM.c **** *
 260:.\Generated_Source\PSoC5/EZI2Cs_PM.c **** * Reentrant:
 261:.\Generated_Source\PSoC5/EZI2Cs_PM.c **** *  No.
 262:.\Generated_Source\PSoC5/EZI2Cs_PM.c **** *
 263:.\Generated_Source\PSoC5/EZI2Cs_PM.c **** * Side Effects:
 264:.\Generated_Source\PSoC5/EZI2Cs_PM.c **** *  Calling this function before EZI2Cs_SaveConfig() or
 265:.\Generated_Source\PSoC5/EZI2Cs_PM.c **** *  EZI2Cs_Sleep() will lead to unpredictable results.
 266:.\Generated_Source\PSoC5/EZI2Cs_PM.c **** *
 267:.\Generated_Source\PSoC5/EZI2Cs_PM.c **** *******************************************************************************/
 268:.\Generated_Source\PSoC5/EZI2Cs_PM.c **** void EZI2Cs_Wakeup(void) 
 269:.\Generated_Source\PSoC5/EZI2Cs_PM.c **** {
 240              		.loc 1 269 0
 241              		.cfi_startproc
 242              		@ args = 0, pretend = 0, frame = 0
 243              		@ frame_needed = 1, uses_anonymous_args = 0
 244 0000 80B5     		push	{r7, lr}
ARM GAS  C:\Users\Yiquing\AppData\Local\Temp\ccuO4zaS.s 			page 10


 245              		.cfi_def_cfa_offset 8
 246              		.cfi_offset 7, -8
 247              		.cfi_offset 14, -4
 248 0002 00AF     		add	r7, sp, #0
 249              		.cfi_def_cfa_register 7
 270:.\Generated_Source\PSoC5/EZI2Cs_PM.c ****     EZI2Cs_RestoreConfig();
 250              		.loc 1 270 0
 251 0004 FFF7FEFF 		bl	EZI2Cs_RestoreConfig
 271:.\Generated_Source\PSoC5/EZI2Cs_PM.c **** 
 272:.\Generated_Source\PSoC5/EZI2Cs_PM.c ****     if (0u != EZI2Cs_backup.enableState)
 252              		.loc 1 272 0
 253 0008 034B     		ldr	r3, .L15
 254 000a 1B78     		ldrb	r3, [r3]	@ zero_extendqisi2
 255 000c 002B     		cmp	r3, #0
 256 000e 01D0     		beq	.L13
 273:.\Generated_Source\PSoC5/EZI2Cs_PM.c ****     {
 274:.\Generated_Source\PSoC5/EZI2Cs_PM.c ****         /* Enable component as it was enabled before Sleep */
 275:.\Generated_Source\PSoC5/EZI2Cs_PM.c ****         EZI2Cs_Enable();
 257              		.loc 1 275 0
 258 0010 FFF7FEFF 		bl	EZI2Cs_Enable
 259              	.L13:
 276:.\Generated_Source\PSoC5/EZI2Cs_PM.c ****     }
 277:.\Generated_Source\PSoC5/EZI2Cs_PM.c **** }
 260              		.loc 1 277 0
 261 0014 80BD     		pop	{r7, pc}
 262              	.L16:
 263 0016 00BF     		.align	2
 264              	.L15:
 265 0018 00000000 		.word	EZI2Cs_backup
 266              		.cfi_endproc
 267              	.LFE3:
 268              		.size	EZI2Cs_Wakeup, .-EZI2Cs_Wakeup
 269              		.text
 270              	.Letext0:
 271              		.file 2 ".\\Generated_Source\\PSoC5\\cytypes.h"
 272              		.file 3 ".\\Generated_Source\\PSoC5\\EZI2Cs.h"
 273              		.section	.debug_info,"",%progbits
 274              	.Ldebug_info0:
 275 0000 7B010000 		.4byte	0x17b
 276 0004 0400     		.2byte	0x4
 277 0006 00000000 		.4byte	.Ldebug_abbrev0
 278 000a 04       		.byte	0x4
 279 000b 01       		.uleb128 0x1
 280 000c 3B010000 		.4byte	.LASF25
 281 0010 01       		.byte	0x1
 282 0011 00000000 		.4byte	.LASF26
 283 0015 6C000000 		.4byte	.LASF27
 284 0019 00000000 		.4byte	.Ldebug_ranges0+0
 285 001d 00000000 		.4byte	0
 286 0021 00000000 		.4byte	.Ldebug_line0
 287 0025 02       		.uleb128 0x2
 288 0026 01       		.byte	0x1
 289 0027 06       		.byte	0x6
 290 0028 15020000 		.4byte	.LASF0
 291 002c 02       		.uleb128 0x2
 292 002d 01       		.byte	0x1
 293 002e 08       		.byte	0x8
ARM GAS  C:\Users\Yiquing\AppData\Local\Temp\ccuO4zaS.s 			page 11


 294 002f 59000000 		.4byte	.LASF1
 295 0033 02       		.uleb128 0x2
 296 0034 02       		.byte	0x2
 297 0035 05       		.byte	0x5
 298 0036 FD010000 		.4byte	.LASF2
 299 003a 02       		.uleb128 0x2
 300 003b 02       		.byte	0x2
 301 003c 07       		.byte	0x7
 302 003d 32000000 		.4byte	.LASF3
 303 0041 02       		.uleb128 0x2
 304 0042 04       		.byte	0x4
 305 0043 05       		.byte	0x5
 306 0044 07020000 		.4byte	.LASF4
 307 0048 02       		.uleb128 0x2
 308 0049 04       		.byte	0x4
 309 004a 07       		.byte	0x7
 310 004b C5000000 		.4byte	.LASF5
 311 004f 02       		.uleb128 0x2
 312 0050 08       		.byte	0x8
 313 0051 05       		.byte	0x5
 314 0052 D5010000 		.4byte	.LASF6
 315 0056 02       		.uleb128 0x2
 316 0057 08       		.byte	0x8
 317 0058 07       		.byte	0x7
 318 0059 14010000 		.4byte	.LASF7
 319 005d 03       		.uleb128 0x3
 320 005e 04       		.byte	0x4
 321 005f 05       		.byte	0x5
 322 0060 696E7400 		.ascii	"int\000"
 323 0064 02       		.uleb128 0x2
 324 0065 04       		.byte	0x4
 325 0066 07       		.byte	0x7
 326 0067 07010000 		.4byte	.LASF8
 327 006b 04       		.uleb128 0x4
 328 006c D7000000 		.4byte	.LASF9
 329 0070 02       		.byte	0x2
 330 0071 B3       		.byte	0xb3
 331 0072 2C000000 		.4byte	0x2c
 332 0076 04       		.uleb128 0x4
 333 0077 E4000000 		.4byte	.LASF10
 334 007b 02       		.byte	0x2
 335 007c B4       		.byte	0xb4
 336 007d 3A000000 		.4byte	0x3a
 337 0081 04       		.uleb128 0x4
 338 0082 EB000000 		.4byte	.LASF11
 339 0086 02       		.byte	0x2
 340 0087 B5       		.byte	0xb5
 341 0088 48000000 		.4byte	0x48
 342 008c 02       		.uleb128 0x2
 343 008d 04       		.byte	0x4
 344 008e 04       		.byte	0x4
 345 008f 45000000 		.4byte	.LASF12
 346 0093 02       		.uleb128 0x2
 347 0094 08       		.byte	0x8
 348 0095 04       		.byte	0x4
 349 0096 DD000000 		.4byte	.LASF13
 350 009a 02       		.uleb128 0x2
ARM GAS  C:\Users\Yiquing\AppData\Local\Temp\ccuO4zaS.s 			page 12


 351 009b 01       		.byte	0x1
 352 009c 08       		.byte	0x8
 353 009d 10020000 		.4byte	.LASF14
 354 00a1 05       		.uleb128 0x5
 355 00a2 67000000 		.4byte	.LASF15
 356 00a6 02       		.byte	0x2
 357 00a7 5D01     		.2byte	0x15d
 358 00a9 AD000000 		.4byte	0xad
 359 00ad 06       		.uleb128 0x6
 360 00ae 6B000000 		.4byte	0x6b
 361 00b2 02       		.uleb128 0x2
 362 00b3 04       		.byte	0x4
 363 00b4 07       		.byte	0x7
 364 00b5 B7010000 		.4byte	.LASF16
 365 00b9 07       		.uleb128 0x7
 366 00ba 06       		.byte	0x6
 367 00bb 03       		.byte	0x3
 368 00bc 42       		.byte	0x42
 369 00bd 0A010000 		.4byte	0x10a
 370 00c1 08       		.uleb128 0x8
 371 00c2 F2000000 		.4byte	.LASF17
 372 00c6 03       		.byte	0x3
 373 00c7 44       		.byte	0x44
 374 00c8 6B000000 		.4byte	0x6b
 375 00cc 00       		.byte	0
 376 00cd 08       		.uleb128 0x8
 377 00ce F8010000 		.4byte	.LASF18
 378 00d2 03       		.byte	0x3
 379 00d3 45       		.byte	0x45
 380 00d4 6B000000 		.4byte	0x6b
 381 00d8 01       		.byte	0x1
 382 00d9 09       		.uleb128 0x9
 383 00da 61647200 		.ascii	"adr\000"
 384 00de 03       		.byte	0x3
 385 00df 46       		.byte	0x46
 386 00e0 6B000000 		.4byte	0x6b
 387 00e4 02       		.byte	0x2
 388 00e5 09       		.uleb128 0x9
 389 00e6 63666700 		.ascii	"cfg\000"
 390 00ea 03       		.byte	0x3
 391 00eb 47       		.byte	0x47
 392 00ec 6B000000 		.4byte	0x6b
 393 00f0 03       		.byte	0x3
 394 00f1 08       		.uleb128 0x8
 395 00f2 2B010000 		.4byte	.LASF19
 396 00f6 03       		.byte	0x3
 397 00f7 48       		.byte	0x48
 398 00f8 6B000000 		.4byte	0x6b
 399 00fc 04       		.byte	0x4
 400 00fd 08       		.uleb128 0x8
 401 00fe 33010000 		.4byte	.LASF20
 402 0102 03       		.byte	0x3
 403 0103 49       		.byte	0x49
 404 0104 6B000000 		.4byte	0x6b
 405 0108 05       		.byte	0x5
 406 0109 00       		.byte	0
 407 010a 04       		.uleb128 0x4
ARM GAS  C:\Users\Yiquing\AppData\Local\Temp\ccuO4zaS.s 			page 13


 408 010b C0010000 		.4byte	.LASF21
 409 010f 03       		.byte	0x3
 410 0110 4B       		.byte	0x4b
 411 0111 B9000000 		.4byte	0xb9
 412 0115 0A       		.uleb128 0xa
 413 0116 2F020000 		.4byte	.LASF22
 414 011a 01       		.byte	0x1
 415 011b 3C       		.byte	0x3c
 416 011c 00000000 		.4byte	.LFB0
 417 0120 58000000 		.4byte	.LFE0-.LFB0
 418 0124 01       		.uleb128 0x1
 419 0125 9C       		.byte	0x9c
 420 0126 0B       		.uleb128 0xb
 421 0127 E3010000 		.4byte	.LASF28
 422 012b 01       		.byte	0x1
 423 012c 81       		.byte	0x81
 424 012d 00000000 		.4byte	.LFB1
 425 0131 84000000 		.4byte	.LFE1-.LFB1
 426 0135 01       		.uleb128 0x1
 427 0136 9C       		.byte	0x9c
 428 0137 4A010000 		.4byte	0x14a
 429 013b 0C       		.uleb128 0xc
 430 013c FE000000 		.4byte	.LASF29
 431 0140 01       		.byte	0x1
 432 0141 83       		.byte	0x83
 433 0142 6B000000 		.4byte	0x6b
 434 0146 02       		.uleb128 0x2
 435 0147 91       		.byte	0x91
 436 0148 77       		.sleb128 -9
 437 0149 00       		.byte	0
 438 014a 0D       		.uleb128 0xd
 439 014b 25000000 		.4byte	.LASF23
 440 014f 01       		.byte	0x1
 441 0150 D5       		.byte	0xd5
 442 0151 00000000 		.4byte	.LFB2
 443 0155 30000000 		.4byte	.LFE2-.LFB2
 444 0159 01       		.uleb128 0x1
 445 015a 9C       		.byte	0x9c
 446 015b 0E       		.uleb128 0xe
 447 015c 21020000 		.4byte	.LASF24
 448 0160 01       		.byte	0x1
 449 0161 0C01     		.2byte	0x10c
 450 0163 00000000 		.4byte	.LFB3
 451 0167 1C000000 		.4byte	.LFE3-.LFB3
 452 016b 01       		.uleb128 0x1
 453 016c 9C       		.byte	0x9c
 454 016d 0F       		.uleb128 0xf
 455 016e 4B000000 		.4byte	.LASF30
 456 0172 01       		.byte	0x1
 457 0173 12       		.byte	0x12
 458 0174 0A010000 		.4byte	0x10a
 459 0178 05       		.uleb128 0x5
 460 0179 03       		.byte	0x3
 461 017a 00000000 		.4byte	EZI2Cs_backup
 462 017e 00       		.byte	0
 463              		.section	.debug_abbrev,"",%progbits
 464              	.Ldebug_abbrev0:
ARM GAS  C:\Users\Yiquing\AppData\Local\Temp\ccuO4zaS.s 			page 14


 465 0000 01       		.uleb128 0x1
 466 0001 11       		.uleb128 0x11
 467 0002 01       		.byte	0x1
 468 0003 25       		.uleb128 0x25
 469 0004 0E       		.uleb128 0xe
 470 0005 13       		.uleb128 0x13
 471 0006 0B       		.uleb128 0xb
 472 0007 03       		.uleb128 0x3
 473 0008 0E       		.uleb128 0xe
 474 0009 1B       		.uleb128 0x1b
 475 000a 0E       		.uleb128 0xe
 476 000b 55       		.uleb128 0x55
 477 000c 17       		.uleb128 0x17
 478 000d 11       		.uleb128 0x11
 479 000e 01       		.uleb128 0x1
 480 000f 10       		.uleb128 0x10
 481 0010 17       		.uleb128 0x17
 482 0011 00       		.byte	0
 483 0012 00       		.byte	0
 484 0013 02       		.uleb128 0x2
 485 0014 24       		.uleb128 0x24
 486 0015 00       		.byte	0
 487 0016 0B       		.uleb128 0xb
 488 0017 0B       		.uleb128 0xb
 489 0018 3E       		.uleb128 0x3e
 490 0019 0B       		.uleb128 0xb
 491 001a 03       		.uleb128 0x3
 492 001b 0E       		.uleb128 0xe
 493 001c 00       		.byte	0
 494 001d 00       		.byte	0
 495 001e 03       		.uleb128 0x3
 496 001f 24       		.uleb128 0x24
 497 0020 00       		.byte	0
 498 0021 0B       		.uleb128 0xb
 499 0022 0B       		.uleb128 0xb
 500 0023 3E       		.uleb128 0x3e
 501 0024 0B       		.uleb128 0xb
 502 0025 03       		.uleb128 0x3
 503 0026 08       		.uleb128 0x8
 504 0027 00       		.byte	0
 505 0028 00       		.byte	0
 506 0029 04       		.uleb128 0x4
 507 002a 16       		.uleb128 0x16
 508 002b 00       		.byte	0
 509 002c 03       		.uleb128 0x3
 510 002d 0E       		.uleb128 0xe
 511 002e 3A       		.uleb128 0x3a
 512 002f 0B       		.uleb128 0xb
 513 0030 3B       		.uleb128 0x3b
 514 0031 0B       		.uleb128 0xb
 515 0032 49       		.uleb128 0x49
 516 0033 13       		.uleb128 0x13
 517 0034 00       		.byte	0
 518 0035 00       		.byte	0
 519 0036 05       		.uleb128 0x5
 520 0037 16       		.uleb128 0x16
 521 0038 00       		.byte	0
ARM GAS  C:\Users\Yiquing\AppData\Local\Temp\ccuO4zaS.s 			page 15


 522 0039 03       		.uleb128 0x3
 523 003a 0E       		.uleb128 0xe
 524 003b 3A       		.uleb128 0x3a
 525 003c 0B       		.uleb128 0xb
 526 003d 3B       		.uleb128 0x3b
 527 003e 05       		.uleb128 0x5
 528 003f 49       		.uleb128 0x49
 529 0040 13       		.uleb128 0x13
 530 0041 00       		.byte	0
 531 0042 00       		.byte	0
 532 0043 06       		.uleb128 0x6
 533 0044 35       		.uleb128 0x35
 534 0045 00       		.byte	0
 535 0046 49       		.uleb128 0x49
 536 0047 13       		.uleb128 0x13
 537 0048 00       		.byte	0
 538 0049 00       		.byte	0
 539 004a 07       		.uleb128 0x7
 540 004b 13       		.uleb128 0x13
 541 004c 01       		.byte	0x1
 542 004d 0B       		.uleb128 0xb
 543 004e 0B       		.uleb128 0xb
 544 004f 3A       		.uleb128 0x3a
 545 0050 0B       		.uleb128 0xb
 546 0051 3B       		.uleb128 0x3b
 547 0052 0B       		.uleb128 0xb
 548 0053 01       		.uleb128 0x1
 549 0054 13       		.uleb128 0x13
 550 0055 00       		.byte	0
 551 0056 00       		.byte	0
 552 0057 08       		.uleb128 0x8
 553 0058 0D       		.uleb128 0xd
 554 0059 00       		.byte	0
 555 005a 03       		.uleb128 0x3
 556 005b 0E       		.uleb128 0xe
 557 005c 3A       		.uleb128 0x3a
 558 005d 0B       		.uleb128 0xb
 559 005e 3B       		.uleb128 0x3b
 560 005f 0B       		.uleb128 0xb
 561 0060 49       		.uleb128 0x49
 562 0061 13       		.uleb128 0x13
 563 0062 38       		.uleb128 0x38
 564 0063 0B       		.uleb128 0xb
 565 0064 00       		.byte	0
 566 0065 00       		.byte	0
 567 0066 09       		.uleb128 0x9
 568 0067 0D       		.uleb128 0xd
 569 0068 00       		.byte	0
 570 0069 03       		.uleb128 0x3
 571 006a 08       		.uleb128 0x8
 572 006b 3A       		.uleb128 0x3a
 573 006c 0B       		.uleb128 0xb
 574 006d 3B       		.uleb128 0x3b
 575 006e 0B       		.uleb128 0xb
 576 006f 49       		.uleb128 0x49
 577 0070 13       		.uleb128 0x13
 578 0071 38       		.uleb128 0x38
ARM GAS  C:\Users\Yiquing\AppData\Local\Temp\ccuO4zaS.s 			page 16


 579 0072 0B       		.uleb128 0xb
 580 0073 00       		.byte	0
 581 0074 00       		.byte	0
 582 0075 0A       		.uleb128 0xa
 583 0076 2E       		.uleb128 0x2e
 584 0077 00       		.byte	0
 585 0078 3F       		.uleb128 0x3f
 586 0079 19       		.uleb128 0x19
 587 007a 03       		.uleb128 0x3
 588 007b 0E       		.uleb128 0xe
 589 007c 3A       		.uleb128 0x3a
 590 007d 0B       		.uleb128 0xb
 591 007e 3B       		.uleb128 0x3b
 592 007f 0B       		.uleb128 0xb
 593 0080 27       		.uleb128 0x27
 594 0081 19       		.uleb128 0x19
 595 0082 11       		.uleb128 0x11
 596 0083 01       		.uleb128 0x1
 597 0084 12       		.uleb128 0x12
 598 0085 06       		.uleb128 0x6
 599 0086 40       		.uleb128 0x40
 600 0087 18       		.uleb128 0x18
 601 0088 9742     		.uleb128 0x2117
 602 008a 19       		.uleb128 0x19
 603 008b 00       		.byte	0
 604 008c 00       		.byte	0
 605 008d 0B       		.uleb128 0xb
 606 008e 2E       		.uleb128 0x2e
 607 008f 01       		.byte	0x1
 608 0090 3F       		.uleb128 0x3f
 609 0091 19       		.uleb128 0x19
 610 0092 03       		.uleb128 0x3
 611 0093 0E       		.uleb128 0xe
 612 0094 3A       		.uleb128 0x3a
 613 0095 0B       		.uleb128 0xb
 614 0096 3B       		.uleb128 0x3b
 615 0097 0B       		.uleb128 0xb
 616 0098 27       		.uleb128 0x27
 617 0099 19       		.uleb128 0x19
 618 009a 11       		.uleb128 0x11
 619 009b 01       		.uleb128 0x1
 620 009c 12       		.uleb128 0x12
 621 009d 06       		.uleb128 0x6
 622 009e 40       		.uleb128 0x40
 623 009f 18       		.uleb128 0x18
 624 00a0 9642     		.uleb128 0x2116
 625 00a2 19       		.uleb128 0x19
 626 00a3 01       		.uleb128 0x1
 627 00a4 13       		.uleb128 0x13
 628 00a5 00       		.byte	0
 629 00a6 00       		.byte	0
 630 00a7 0C       		.uleb128 0xc
 631 00a8 34       		.uleb128 0x34
 632 00a9 00       		.byte	0
 633 00aa 03       		.uleb128 0x3
 634 00ab 0E       		.uleb128 0xe
 635 00ac 3A       		.uleb128 0x3a
ARM GAS  C:\Users\Yiquing\AppData\Local\Temp\ccuO4zaS.s 			page 17


 636 00ad 0B       		.uleb128 0xb
 637 00ae 3B       		.uleb128 0x3b
 638 00af 0B       		.uleb128 0xb
 639 00b0 49       		.uleb128 0x49
 640 00b1 13       		.uleb128 0x13
 641 00b2 02       		.uleb128 0x2
 642 00b3 18       		.uleb128 0x18
 643 00b4 00       		.byte	0
 644 00b5 00       		.byte	0
 645 00b6 0D       		.uleb128 0xd
 646 00b7 2E       		.uleb128 0x2e
 647 00b8 00       		.byte	0
 648 00b9 3F       		.uleb128 0x3f
 649 00ba 19       		.uleb128 0x19
 650 00bb 03       		.uleb128 0x3
 651 00bc 0E       		.uleb128 0xe
 652 00bd 3A       		.uleb128 0x3a
 653 00be 0B       		.uleb128 0xb
 654 00bf 3B       		.uleb128 0x3b
 655 00c0 0B       		.uleb128 0xb
 656 00c1 27       		.uleb128 0x27
 657 00c2 19       		.uleb128 0x19
 658 00c3 11       		.uleb128 0x11
 659 00c4 01       		.uleb128 0x1
 660 00c5 12       		.uleb128 0x12
 661 00c6 06       		.uleb128 0x6
 662 00c7 40       		.uleb128 0x40
 663 00c8 18       		.uleb128 0x18
 664 00c9 9642     		.uleb128 0x2116
 665 00cb 19       		.uleb128 0x19
 666 00cc 00       		.byte	0
 667 00cd 00       		.byte	0
 668 00ce 0E       		.uleb128 0xe
 669 00cf 2E       		.uleb128 0x2e
 670 00d0 00       		.byte	0
 671 00d1 3F       		.uleb128 0x3f
 672 00d2 19       		.uleb128 0x19
 673 00d3 03       		.uleb128 0x3
 674 00d4 0E       		.uleb128 0xe
 675 00d5 3A       		.uleb128 0x3a
 676 00d6 0B       		.uleb128 0xb
 677 00d7 3B       		.uleb128 0x3b
 678 00d8 05       		.uleb128 0x5
 679 00d9 27       		.uleb128 0x27
 680 00da 19       		.uleb128 0x19
 681 00db 11       		.uleb128 0x11
 682 00dc 01       		.uleb128 0x1
 683 00dd 12       		.uleb128 0x12
 684 00de 06       		.uleb128 0x6
 685 00df 40       		.uleb128 0x40
 686 00e0 18       		.uleb128 0x18
 687 00e1 9642     		.uleb128 0x2116
 688 00e3 19       		.uleb128 0x19
 689 00e4 00       		.byte	0
 690 00e5 00       		.byte	0
 691 00e6 0F       		.uleb128 0xf
 692 00e7 34       		.uleb128 0x34
ARM GAS  C:\Users\Yiquing\AppData\Local\Temp\ccuO4zaS.s 			page 18


 693 00e8 00       		.byte	0
 694 00e9 03       		.uleb128 0x3
 695 00ea 0E       		.uleb128 0xe
 696 00eb 3A       		.uleb128 0x3a
 697 00ec 0B       		.uleb128 0xb
 698 00ed 3B       		.uleb128 0x3b
 699 00ee 0B       		.uleb128 0xb
 700 00ef 49       		.uleb128 0x49
 701 00f0 13       		.uleb128 0x13
 702 00f1 3F       		.uleb128 0x3f
 703 00f2 19       		.uleb128 0x19
 704 00f3 02       		.uleb128 0x2
 705 00f4 18       		.uleb128 0x18
 706 00f5 00       		.byte	0
 707 00f6 00       		.byte	0
 708 00f7 00       		.byte	0
 709              		.section	.debug_aranges,"",%progbits
 710 0000 34000000 		.4byte	0x34
 711 0004 0200     		.2byte	0x2
 712 0006 00000000 		.4byte	.Ldebug_info0
 713 000a 04       		.byte	0x4
 714 000b 00       		.byte	0
 715 000c 0000     		.2byte	0
 716 000e 0000     		.2byte	0
 717 0010 00000000 		.4byte	.LFB0
 718 0014 58000000 		.4byte	.LFE0-.LFB0
 719 0018 00000000 		.4byte	.LFB1
 720 001c 84000000 		.4byte	.LFE1-.LFB1
 721 0020 00000000 		.4byte	.LFB2
 722 0024 30000000 		.4byte	.LFE2-.LFB2
 723 0028 00000000 		.4byte	.LFB3
 724 002c 1C000000 		.4byte	.LFE3-.LFB3
 725 0030 00000000 		.4byte	0
 726 0034 00000000 		.4byte	0
 727              		.section	.debug_ranges,"",%progbits
 728              	.Ldebug_ranges0:
 729 0000 00000000 		.4byte	.LFB0
 730 0004 58000000 		.4byte	.LFE0
 731 0008 00000000 		.4byte	.LFB1
 732 000c 84000000 		.4byte	.LFE1
 733 0010 00000000 		.4byte	.LFB2
 734 0014 30000000 		.4byte	.LFE2
 735 0018 00000000 		.4byte	.LFB3
 736 001c 1C000000 		.4byte	.LFE3
 737 0020 00000000 		.4byte	0
 738 0024 00000000 		.4byte	0
 739              		.section	.debug_line,"",%progbits
 740              	.Ldebug_line0:
 741 0000 B7000000 		.section	.debug_str,"MS",%progbits,1
 741      02005400 
 741      00000201 
 741      FB0E0D00 
 741      01010101 
 742              	.LASF26:
 743 0000 2E5C4765 		.ascii	".\\Generated_Source\\PSoC5\\EZI2Cs_PM.c\000"
 743      6E657261 
 743      7465645F 
ARM GAS  C:\Users\Yiquing\AppData\Local\Temp\ccuO4zaS.s 			page 19


 743      536F7572 
 743      63655C50 
 744              	.LASF23:
 745 0025 455A4932 		.ascii	"EZI2Cs_Sleep\000"
 745      43735F53 
 745      6C656570 
 745      00
 746              	.LASF3:
 747 0032 73686F72 		.ascii	"short unsigned int\000"
 747      7420756E 
 747      7369676E 
 747      65642069 
 747      6E7400
 748              	.LASF12:
 749 0045 666C6F61 		.ascii	"float\000"
 749      7400
 750              	.LASF30:
 751 004b 455A4932 		.ascii	"EZI2Cs_backup\000"
 751      43735F62 
 751      61636B75 
 751      7000
 752              	.LASF1:
 753 0059 756E7369 		.ascii	"unsigned char\000"
 753      676E6564 
 753      20636861 
 753      7200
 754              	.LASF15:
 755 0067 72656738 		.ascii	"reg8\000"
 755      00
 756              	.LASF27:
 757 006c 433A5C55 		.ascii	"C:\\Users\\Yiquing\\Documents\\works\\NanoNXT\\osdp"
 757      73657273 
 757      5C596971 
 757      75696E67 
 757      5C446F63 
 758 0099 20746573 		.ascii	" testing\\YQ\\nanoNxt_ICM3\\nanoNxt_ICM3.cydsn\000"
 758      74696E67 
 758      5C59515C 
 758      6E616E6F 
 758      4E78745F 
 759              	.LASF5:
 760 00c5 6C6F6E67 		.ascii	"long unsigned int\000"
 760      20756E73 
 760      69676E65 
 760      6420696E 
 760      7400
 761              	.LASF9:
 762 00d7 75696E74 		.ascii	"uint8\000"
 762      3800
 763              	.LASF13:
 764 00dd 646F7562 		.ascii	"double\000"
 764      6C6500
 765              	.LASF10:
 766 00e4 75696E74 		.ascii	"uint16\000"
 766      313600
 767              	.LASF11:
 768 00eb 75696E74 		.ascii	"uint32\000"
ARM GAS  C:\Users\Yiquing\AppData\Local\Temp\ccuO4zaS.s 			page 20


 768      333200
 769              	.LASF17:
 770 00f2 656E6162 		.ascii	"enableState\000"
 770      6C655374 
 770      61746500 
 771              	.LASF29:
 772 00fe 696E7453 		.ascii	"intState\000"
 772      74617465 
 772      00
 773              	.LASF8:
 774 0107 756E7369 		.ascii	"unsigned int\000"
 774      676E6564 
 774      20696E74 
 774      00
 775              	.LASF7:
 776 0114 6C6F6E67 		.ascii	"long long unsigned int\000"
 776      206C6F6E 
 776      6720756E 
 776      7369676E 
 776      65642069 
 777              	.LASF19:
 778 012b 636C6B44 		.ascii	"clkDiv1\000"
 778      69763100 
 779              	.LASF20:
 780 0133 636C6B44 		.ascii	"clkDiv2\000"
 780      69763200 
 781              	.LASF25:
 782 013b 474E5520 		.ascii	"GNU C 4.8.4 20140526 (release) [ARM/embedded-4_8-br"
 782      4320342E 
 782      382E3420 
 782      32303134 
 782      30353236 
 783 016e 616E6368 		.ascii	"anch revision 211358] -mcpu=cortex-m3 -mthumb -g -O"
 783      20726576 
 783      6973696F 
 783      6E203231 
 783      31333538 
 784 01a1 30202D66 		.ascii	"0 -ffunction-sections\000"
 784      66756E63 
 784      74696F6E 
 784      2D736563 
 784      74696F6E 
 785              	.LASF16:
 786 01b7 73697A65 		.ascii	"sizetype\000"
 786      74797065 
 786      00
 787              	.LASF21:
 788 01c0 455A4932 		.ascii	"EZI2Cs_BACKUP_STRUCT\000"
 788      43735F42 
 788      41434B55 
 788      505F5354 
 788      52554354 
 789              	.LASF6:
 790 01d5 6C6F6E67 		.ascii	"long long int\000"
 790      206C6F6E 
 790      6720696E 
 790      7400
ARM GAS  C:\Users\Yiquing\AppData\Local\Temp\ccuO4zaS.s 			page 21


 791              	.LASF28:
 792 01e3 455A4932 		.ascii	"EZI2Cs_RestoreConfig\000"
 792      43735F52 
 792      6573746F 
 792      7265436F 
 792      6E666967 
 793              	.LASF18:
 794 01f8 78636667 		.ascii	"xcfg\000"
 794      00
 795              	.LASF2:
 796 01fd 73686F72 		.ascii	"short int\000"
 796      7420696E 
 796      7400
 797              	.LASF4:
 798 0207 6C6F6E67 		.ascii	"long int\000"
 798      20696E74 
 798      00
 799              	.LASF14:
 800 0210 63686172 		.ascii	"char\000"
 800      00
 801              	.LASF0:
 802 0215 7369676E 		.ascii	"signed char\000"
 802      65642063 
 802      68617200 
 803              	.LASF24:
 804 0221 455A4932 		.ascii	"EZI2Cs_Wakeup\000"
 804      43735F57 
 804      616B6575 
 804      7000
 805              	.LASF22:
 806 022f 455A4932 		.ascii	"EZI2Cs_SaveConfig\000"
 806      43735F53 
 806      61766543 
 806      6F6E6669 
 806      6700
 807              		.ident	"GCC: (GNU Tools for ARM Embedded Processors) 4.8.4 20140526 (release) [ARM/embedded-4_8-br
