ARM GAS  C:\Users\ilya\AppData\Local\Temp\ccM2uYO9.s 			page 1


   1              		.cpu cortex-m0
   2              		.fpu softvfp
   3              		.eabi_attribute 20, 1
   4              		.eabi_attribute 21, 1
   5              		.eabi_attribute 23, 3
   6              		.eabi_attribute 24, 1
   7              		.eabi_attribute 25, 1
   8              		.eabi_attribute 26, 1
   9              		.eabi_attribute 30, 6
  10              		.eabi_attribute 34, 0
  11              		.eabi_attribute 18, 4
  12              		.code	16
  13              		.file	"Opamp_FACE.c"
  14              		.text
  15              	.Ltext0:
  16              		.cfi_sections	.debug_frame
  17              		.global	Opamp_FACE_initVar
  18              		.bss
  19              		.type	Opamp_FACE_initVar, %object
  20              		.size	Opamp_FACE_initVar, 1
  21              	Opamp_FACE_initVar:
  22 0000 00       		.space	1
  23 0001 000000   		.align	2
  24              	Opamp_FACE_internalPower:
  25 0004 00000000 		.space	4
  26              		.section	.text.Opamp_FACE_Init,"ax",%progbits
  27              		.align	2
  28              		.global	Opamp_FACE_Init
  29              		.code	16
  30              		.thumb_func
  31              		.type	Opamp_FACE_Init, %function
  32              	Opamp_FACE_Init:
  33              	.LFB0:
  34              		.file 1 "Generated_Source\\PSoC4\\Opamp_FACE.c"
   1:Generated_Source\PSoC4/Opamp_FACE.c **** /*******************************************************************************
   2:Generated_Source\PSoC4/Opamp_FACE.c **** * File Name: Opamp_FACE.c
   3:Generated_Source\PSoC4/Opamp_FACE.c **** * Version 1.10
   4:Generated_Source\PSoC4/Opamp_FACE.c **** *
   5:Generated_Source\PSoC4/Opamp_FACE.c **** * Description:
   6:Generated_Source\PSoC4/Opamp_FACE.c **** *  This file provides the source code to the API for the Opamp (Analog Buffer)
   7:Generated_Source\PSoC4/Opamp_FACE.c **** *  Component.
   8:Generated_Source\PSoC4/Opamp_FACE.c **** *
   9:Generated_Source\PSoC4/Opamp_FACE.c **** *
  10:Generated_Source\PSoC4/Opamp_FACE.c **** ********************************************************************************
  11:Generated_Source\PSoC4/Opamp_FACE.c **** * Copyright 2013-2014, Cypress Semiconductor Corporation.  All rights reserved.
  12:Generated_Source\PSoC4/Opamp_FACE.c **** * You may use this file only in accordance with the license, terms, conditions,
  13:Generated_Source\PSoC4/Opamp_FACE.c **** * disclaimers, and limitations in the end user license agreement accompanying
  14:Generated_Source\PSoC4/Opamp_FACE.c **** * the software package with which this file was provided.
  15:Generated_Source\PSoC4/Opamp_FACE.c **** *******************************************************************************/
  16:Generated_Source\PSoC4/Opamp_FACE.c **** 
  17:Generated_Source\PSoC4/Opamp_FACE.c **** #include "Opamp_FACE.h"
  18:Generated_Source\PSoC4/Opamp_FACE.c **** 
  19:Generated_Source\PSoC4/Opamp_FACE.c **** uint8 Opamp_FACE_initVar = 0u; /* Defines if component was initialized */
  20:Generated_Source\PSoC4/Opamp_FACE.c **** static uint32 Opamp_FACE_internalPower = 0u; /* Defines component Power value */
  21:Generated_Source\PSoC4/Opamp_FACE.c **** 
  22:Generated_Source\PSoC4/Opamp_FACE.c **** 
  23:Generated_Source\PSoC4/Opamp_FACE.c **** /*******************************************************************************
ARM GAS  C:\Users\ilya\AppData\Local\Temp\ccM2uYO9.s 			page 2


  24:Generated_Source\PSoC4/Opamp_FACE.c **** * Function Name: Opamp_FACE_Init
  25:Generated_Source\PSoC4/Opamp_FACE.c **** ********************************************************************************
  26:Generated_Source\PSoC4/Opamp_FACE.c **** *
  27:Generated_Source\PSoC4/Opamp_FACE.c **** * Summary:
  28:Generated_Source\PSoC4/Opamp_FACE.c **** *  Initializes or restores the component according to the customizer Configure 
  29:Generated_Source\PSoC4/Opamp_FACE.c **** *  dialog settings. It is not necessary to call Init() because the Start() API 
  30:Generated_Source\PSoC4/Opamp_FACE.c **** *  calls this function and is the preferred method to begin the component operation.
  31:Generated_Source\PSoC4/Opamp_FACE.c **** *
  32:Generated_Source\PSoC4/Opamp_FACE.c **** * Parameters:
  33:Generated_Source\PSoC4/Opamp_FACE.c **** *  None
  34:Generated_Source\PSoC4/Opamp_FACE.c **** *
  35:Generated_Source\PSoC4/Opamp_FACE.c **** * Return:
  36:Generated_Source\PSoC4/Opamp_FACE.c **** *  None
  37:Generated_Source\PSoC4/Opamp_FACE.c **** *
  38:Generated_Source\PSoC4/Opamp_FACE.c **** *******************************************************************************/
  39:Generated_Source\PSoC4/Opamp_FACE.c **** void Opamp_FACE_Init(void)
  40:Generated_Source\PSoC4/Opamp_FACE.c **** {
  35              		.loc 1 40 0
  36              		.cfi_startproc
  37 0000 80B5     		push	{r7, lr}
  38              		.cfi_def_cfa_offset 8
  39              		.cfi_offset 7, -8
  40              		.cfi_offset 14, -4
  41 0002 00AF     		add	r7, sp, #0
  42              		.cfi_def_cfa_register 7
  41:Generated_Source\PSoC4/Opamp_FACE.c ****     Opamp_FACE_internalPower = Opamp_FACE_POWER;
  43              		.loc 1 41 0
  44 0004 074B     		ldr	r3, .L2
  45 0006 0322     		mov	r2, #3
  46 0008 1A60     		str	r2, [r3]
  42:Generated_Source\PSoC4/Opamp_FACE.c ****     Opamp_FACE_CTB_CTRL_REG = Opamp_FACE_DEFAULT_CTB_CTRL;
  47              		.loc 1 42 0
  48 000a 074B     		ldr	r3, .L2+4
  49 000c 8022     		mov	r2, #128
  50 000e 1206     		lsl	r2, r2, #24
  51 0010 1A60     		str	r2, [r3]
  43:Generated_Source\PSoC4/Opamp_FACE.c ****     Opamp_FACE_OA_RES_CTRL_REG = Opamp_FACE_DEFAULT_OA_RES_CTRL;
  52              		.loc 1 43 0
  53 0012 064B     		ldr	r3, .L2+8
  54 0014 0422     		mov	r2, #4
  55 0016 1A60     		str	r2, [r3]
  44:Generated_Source\PSoC4/Opamp_FACE.c ****     Opamp_FACE_OA_COMP_TRIM_REG = Opamp_FACE_DEFAULT_OA_COMP_TRIM_REG;
  56              		.loc 1 44 0
  57 0018 054B     		ldr	r3, .L2+12
  58 001a 0322     		mov	r2, #3
  59 001c 1A60     		str	r2, [r3]
  45:Generated_Source\PSoC4/Opamp_FACE.c **** }
  60              		.loc 1 45 0
  61 001e BD46     		mov	sp, r7
  62              		@ sp needed
  63 0020 80BD     		pop	{r7, pc}
  64              	.L3:
  65 0022 C046     		.align	2
  66              	.L2:
  67 0024 04000000 		.word	Opamp_FACE_internalPower
  68 0028 00003140 		.word	1076953088
  69 002c 04003140 		.word	1076953092
ARM GAS  C:\Users\ilya\AppData\Local\Temp\ccM2uYO9.s 			page 3


  70 0030 080F3140 		.word	1076956936
  71              		.cfi_endproc
  72              	.LFE0:
  73              		.size	Opamp_FACE_Init, .-Opamp_FACE_Init
  74              		.section	.text.Opamp_FACE_Enable,"ax",%progbits
  75              		.align	2
  76              		.global	Opamp_FACE_Enable
  77              		.code	16
  78              		.thumb_func
  79              		.type	Opamp_FACE_Enable, %function
  80              	Opamp_FACE_Enable:
  81              	.LFB1:
  46:Generated_Source\PSoC4/Opamp_FACE.c **** 
  47:Generated_Source\PSoC4/Opamp_FACE.c **** 
  48:Generated_Source\PSoC4/Opamp_FACE.c **** /*******************************************************************************
  49:Generated_Source\PSoC4/Opamp_FACE.c **** * Function Name: Opamp_FACE_Enable
  50:Generated_Source\PSoC4/Opamp_FACE.c **** ********************************************************************************
  51:Generated_Source\PSoC4/Opamp_FACE.c **** *
  52:Generated_Source\PSoC4/Opamp_FACE.c **** * Summary:
  53:Generated_Source\PSoC4/Opamp_FACE.c **** *  Activates the hardware and begins the component operation. It is not necessary to 
  54:Generated_Source\PSoC4/Opamp_FACE.c **** *  call Enable() because the Start() API calls this function, which is the 
  55:Generated_Source\PSoC4/Opamp_FACE.c **** *  preferred method to begin the component operation.
  56:Generated_Source\PSoC4/Opamp_FACE.c **** *
  57:Generated_Source\PSoC4/Opamp_FACE.c **** * Parameters:
  58:Generated_Source\PSoC4/Opamp_FACE.c **** *  None
  59:Generated_Source\PSoC4/Opamp_FACE.c **** *
  60:Generated_Source\PSoC4/Opamp_FACE.c **** * Return:
  61:Generated_Source\PSoC4/Opamp_FACE.c **** *  None
  62:Generated_Source\PSoC4/Opamp_FACE.c **** *
  63:Generated_Source\PSoC4/Opamp_FACE.c **** *******************************************************************************/
  64:Generated_Source\PSoC4/Opamp_FACE.c **** void Opamp_FACE_Enable(void)
  65:Generated_Source\PSoC4/Opamp_FACE.c **** {
  82              		.loc 1 65 0
  83              		.cfi_startproc
  84 0000 80B5     		push	{r7, lr}
  85              		.cfi_def_cfa_offset 8
  86              		.cfi_offset 7, -8
  87              		.cfi_offset 14, -4
  88 0002 00AF     		add	r7, sp, #0
  89              		.cfi_def_cfa_register 7
  66:Generated_Source\PSoC4/Opamp_FACE.c ****     Opamp_FACE_OA_RES_CTRL_REG |= Opamp_FACE_internalPower | \
  90              		.loc 1 66 0
  91 0004 054A     		ldr	r2, .L5
  92 0006 054B     		ldr	r3, .L5
  93 0008 1968     		ldr	r1, [r3]
  94 000a 054B     		ldr	r3, .L5+4
  95 000c 1B68     		ldr	r3, [r3]
  96 000e 0B43     		orr	r3, r1
  97 0010 8021     		mov	r1, #128
  98 0012 0901     		lsl	r1, r1, #4
  99 0014 0B43     		orr	r3, r1
 100 0016 1360     		str	r3, [r2]
  67:Generated_Source\PSoC4/Opamp_FACE.c ****                                         Opamp_FACE_OA_PUMP_EN;
  68:Generated_Source\PSoC4/Opamp_FACE.c **** }
 101              		.loc 1 68 0
 102 0018 BD46     		mov	sp, r7
 103              		@ sp needed
ARM GAS  C:\Users\ilya\AppData\Local\Temp\ccM2uYO9.s 			page 4


 104 001a 80BD     		pop	{r7, pc}
 105              	.L6:
 106              		.align	2
 107              	.L5:
 108 001c 04003140 		.word	1076953092
 109 0020 04000000 		.word	Opamp_FACE_internalPower
 110              		.cfi_endproc
 111              	.LFE1:
 112              		.size	Opamp_FACE_Enable, .-Opamp_FACE_Enable
 113              		.section	.text.Opamp_FACE_Start,"ax",%progbits
 114              		.align	2
 115              		.global	Opamp_FACE_Start
 116              		.code	16
 117              		.thumb_func
 118              		.type	Opamp_FACE_Start, %function
 119              	Opamp_FACE_Start:
 120              	.LFB2:
  69:Generated_Source\PSoC4/Opamp_FACE.c **** 
  70:Generated_Source\PSoC4/Opamp_FACE.c **** 
  71:Generated_Source\PSoC4/Opamp_FACE.c **** /*******************************************************************************
  72:Generated_Source\PSoC4/Opamp_FACE.c **** * Function Name: Opamp_FACE_Start
  73:Generated_Source\PSoC4/Opamp_FACE.c **** ********************************************************************************
  74:Generated_Source\PSoC4/Opamp_FACE.c **** *
  75:Generated_Source\PSoC4/Opamp_FACE.c **** * Summary:
  76:Generated_Source\PSoC4/Opamp_FACE.c **** *  Performs all of the required initialization for the component and enables power 
  77:Generated_Source\PSoC4/Opamp_FACE.c **** *  to the block. The first time the routine is executed, the Power level, Mode, 
  78:Generated_Source\PSoC4/Opamp_FACE.c **** *  and Output mode are set. When called to restart the Opamp following a Stop() call, 
  79:Generated_Source\PSoC4/Opamp_FACE.c **** *  the current component parameter settings are retained.
  80:Generated_Source\PSoC4/Opamp_FACE.c **** *
  81:Generated_Source\PSoC4/Opamp_FACE.c **** * Parameters:
  82:Generated_Source\PSoC4/Opamp_FACE.c **** *  None
  83:Generated_Source\PSoC4/Opamp_FACE.c **** *
  84:Generated_Source\PSoC4/Opamp_FACE.c **** * Return:
  85:Generated_Source\PSoC4/Opamp_FACE.c **** *  None
  86:Generated_Source\PSoC4/Opamp_FACE.c **** *
  87:Generated_Source\PSoC4/Opamp_FACE.c **** * Global variables:
  88:Generated_Source\PSoC4/Opamp_FACE.c **** *  Opamp_FACE_initVar: Used to check the initial configuration, modified
  89:Generated_Source\PSoC4/Opamp_FACE.c **** *  when this function is called for the first time.
  90:Generated_Source\PSoC4/Opamp_FACE.c **** *
  91:Generated_Source\PSoC4/Opamp_FACE.c **** *******************************************************************************/
  92:Generated_Source\PSoC4/Opamp_FACE.c **** void Opamp_FACE_Start(void)
  93:Generated_Source\PSoC4/Opamp_FACE.c **** {
 121              		.loc 1 93 0
 122              		.cfi_startproc
 123 0000 80B5     		push	{r7, lr}
 124              		.cfi_def_cfa_offset 8
 125              		.cfi_offset 7, -8
 126              		.cfi_offset 14, -4
 127 0002 00AF     		add	r7, sp, #0
 128              		.cfi_def_cfa_register 7
  94:Generated_Source\PSoC4/Opamp_FACE.c ****     if( 0u == Opamp_FACE_initVar)
 129              		.loc 1 94 0
 130 0004 064B     		ldr	r3, .L9
 131 0006 1B78     		ldrb	r3, [r3]
 132 0008 002B     		cmp	r3, #0
 133 000a 04D1     		bne	.L8
  95:Generated_Source\PSoC4/Opamp_FACE.c ****     {
ARM GAS  C:\Users\ilya\AppData\Local\Temp\ccM2uYO9.s 			page 5


  96:Generated_Source\PSoC4/Opamp_FACE.c ****         Opamp_FACE_Init();
 134              		.loc 1 96 0
 135 000c FFF7FEFF 		bl	Opamp_FACE_Init
  97:Generated_Source\PSoC4/Opamp_FACE.c ****         Opamp_FACE_initVar = 1u;
 136              		.loc 1 97 0
 137 0010 034B     		ldr	r3, .L9
 138 0012 0122     		mov	r2, #1
 139 0014 1A70     		strb	r2, [r3]
 140              	.L8:
  98:Generated_Source\PSoC4/Opamp_FACE.c ****     }
  99:Generated_Source\PSoC4/Opamp_FACE.c ****     Opamp_FACE_Enable();
 141              		.loc 1 99 0
 142 0016 FFF7FEFF 		bl	Opamp_FACE_Enable
 100:Generated_Source\PSoC4/Opamp_FACE.c **** }
 143              		.loc 1 100 0
 144 001a BD46     		mov	sp, r7
 145              		@ sp needed
 146 001c 80BD     		pop	{r7, pc}
 147              	.L10:
 148 001e C046     		.align	2
 149              	.L9:
 150 0020 00000000 		.word	Opamp_FACE_initVar
 151              		.cfi_endproc
 152              	.LFE2:
 153              		.size	Opamp_FACE_Start, .-Opamp_FACE_Start
 154              		.section	.text.Opamp_FACE_Stop,"ax",%progbits
 155              		.align	2
 156              		.global	Opamp_FACE_Stop
 157              		.code	16
 158              		.thumb_func
 159              		.type	Opamp_FACE_Stop, %function
 160              	Opamp_FACE_Stop:
 161              	.LFB3:
 101:Generated_Source\PSoC4/Opamp_FACE.c **** 
 102:Generated_Source\PSoC4/Opamp_FACE.c **** 
 103:Generated_Source\PSoC4/Opamp_FACE.c **** /*******************************************************************************
 104:Generated_Source\PSoC4/Opamp_FACE.c **** * Function Name: Opamp_FACE_Stop
 105:Generated_Source\PSoC4/Opamp_FACE.c **** ********************************************************************************
 106:Generated_Source\PSoC4/Opamp_FACE.c **** *
 107:Generated_Source\PSoC4/Opamp_FACE.c **** * Summary:
 108:Generated_Source\PSoC4/Opamp_FACE.c **** *  Turn off the Opamp block.
 109:Generated_Source\PSoC4/Opamp_FACE.c **** *
 110:Generated_Source\PSoC4/Opamp_FACE.c **** * Parameters:
 111:Generated_Source\PSoC4/Opamp_FACE.c **** *  None
 112:Generated_Source\PSoC4/Opamp_FACE.c **** *
 113:Generated_Source\PSoC4/Opamp_FACE.c **** * Return:
 114:Generated_Source\PSoC4/Opamp_FACE.c **** *  None
 115:Generated_Source\PSoC4/Opamp_FACE.c **** *
 116:Generated_Source\PSoC4/Opamp_FACE.c **** *******************************************************************************/
 117:Generated_Source\PSoC4/Opamp_FACE.c **** void Opamp_FACE_Stop(void)
 118:Generated_Source\PSoC4/Opamp_FACE.c **** {
 162              		.loc 1 118 0
 163              		.cfi_startproc
 164 0000 80B5     		push	{r7, lr}
 165              		.cfi_def_cfa_offset 8
 166              		.cfi_offset 7, -8
 167              		.cfi_offset 14, -4
ARM GAS  C:\Users\ilya\AppData\Local\Temp\ccM2uYO9.s 			page 6


 168 0002 00AF     		add	r7, sp, #0
 169              		.cfi_def_cfa_register 7
 119:Generated_Source\PSoC4/Opamp_FACE.c ****     Opamp_FACE_OA_RES_CTRL_REG &= ((uint32)~(Opamp_FACE_OA_PWR_MODE_MASK | \
 170              		.loc 1 119 0
 171 0004 034B     		ldr	r3, .L12
 172 0006 034A     		ldr	r2, .L12
 173 0008 1268     		ldr	r2, [r2]
 174 000a 0349     		ldr	r1, .L12+4
 175 000c 0A40     		and	r2, r1
 176 000e 1A60     		str	r2, [r3]
 120:Generated_Source\PSoC4/Opamp_FACE.c ****                                                    Opamp_FACE_OA_PUMP_EN));
 121:Generated_Source\PSoC4/Opamp_FACE.c **** }
 177              		.loc 1 121 0
 178 0010 BD46     		mov	sp, r7
 179              		@ sp needed
 180 0012 80BD     		pop	{r7, pc}
 181              	.L13:
 182              		.align	2
 183              	.L12:
 184 0014 04003140 		.word	1076953092
 185 0018 FCF7FFFF 		.word	-2052
 186              		.cfi_endproc
 187              	.LFE3:
 188              		.size	Opamp_FACE_Stop, .-Opamp_FACE_Stop
 189              		.section	.text.Opamp_FACE_SetPower,"ax",%progbits
 190              		.align	2
 191              		.global	Opamp_FACE_SetPower
 192              		.code	16
 193              		.thumb_func
 194              		.type	Opamp_FACE_SetPower, %function
 195              	Opamp_FACE_SetPower:
 196              	.LFB4:
 122:Generated_Source\PSoC4/Opamp_FACE.c **** 
 123:Generated_Source\PSoC4/Opamp_FACE.c **** 
 124:Generated_Source\PSoC4/Opamp_FACE.c **** /*******************************************************************************
 125:Generated_Source\PSoC4/Opamp_FACE.c **** * Function Name: Opamp_FACE_SetPower
 126:Generated_Source\PSoC4/Opamp_FACE.c **** ********************************************************************************
 127:Generated_Source\PSoC4/Opamp_FACE.c **** *
 128:Generated_Source\PSoC4/Opamp_FACE.c **** * Summary:
 129:Generated_Source\PSoC4/Opamp_FACE.c **** *  Sets the Opamp to one of the three power levels.
 130:Generated_Source\PSoC4/Opamp_FACE.c **** *
 131:Generated_Source\PSoC4/Opamp_FACE.c **** * Parameters:
 132:Generated_Source\PSoC4/Opamp_FACE.c **** *  power: power levels.
 133:Generated_Source\PSoC4/Opamp_FACE.c **** *   Opamp_FACE_LOW_POWER - Lowest active power
 134:Generated_Source\PSoC4/Opamp_FACE.c **** *   Opamp_FACE_MED_POWER - Medium power
 135:Generated_Source\PSoC4/Opamp_FACE.c **** *   Opamp_FACE_HIGH_POWER - Highest active power
 136:Generated_Source\PSoC4/Opamp_FACE.c **** *
 137:Generated_Source\PSoC4/Opamp_FACE.c **** * Return:
 138:Generated_Source\PSoC4/Opamp_FACE.c **** *  None
 139:Generated_Source\PSoC4/Opamp_FACE.c **** *
 140:Generated_Source\PSoC4/Opamp_FACE.c **** **********************************************************************************/
 141:Generated_Source\PSoC4/Opamp_FACE.c **** void Opamp_FACE_SetPower(uint32 power)
 142:Generated_Source\PSoC4/Opamp_FACE.c **** {
 197              		.loc 1 142 0
 198              		.cfi_startproc
 199 0000 80B5     		push	{r7, lr}
 200              		.cfi_def_cfa_offset 8
ARM GAS  C:\Users\ilya\AppData\Local\Temp\ccM2uYO9.s 			page 7


 201              		.cfi_offset 7, -8
 202              		.cfi_offset 14, -4
 203 0002 84B0     		sub	sp, sp, #16
 204              		.cfi_def_cfa_offset 24
 205 0004 00AF     		add	r7, sp, #0
 206              		.cfi_def_cfa_register 7
 207 0006 7860     		str	r0, [r7, #4]
 143:Generated_Source\PSoC4/Opamp_FACE.c ****     uint32 tmp;
 144:Generated_Source\PSoC4/Opamp_FACE.c ****     
 145:Generated_Source\PSoC4/Opamp_FACE.c ****     Opamp_FACE_internalPower = Opamp_FACE_GET_OA_PWR_MODE(power);
 208              		.loc 1 145 0
 209 0008 7B68     		ldr	r3, [r7, #4]
 210 000a 0322     		mov	r2, #3
 211 000c 1A40     		and	r2, r3
 212 000e 084B     		ldr	r3, .L15
 213 0010 1A60     		str	r2, [r3]
 146:Generated_Source\PSoC4/Opamp_FACE.c ****     tmp = Opamp_FACE_OA_RES_CTRL_REG & \
 214              		.loc 1 146 0
 215 0012 084B     		ldr	r3, .L15+4
 216 0014 1B68     		ldr	r3, [r3]
 217 0016 0322     		mov	r2, #3
 218 0018 9343     		bic	r3, r2
 219 001a FB60     		str	r3, [r7, #12]
 147:Generated_Source\PSoC4/Opamp_FACE.c ****            (uint32)~Opamp_FACE_OA_PWR_MODE_MASK;
 148:Generated_Source\PSoC4/Opamp_FACE.c ****     Opamp_FACE_OA_RES_CTRL_REG = tmp | Opamp_FACE_internalPower;
 220              		.loc 1 148 0
 221 001c 054A     		ldr	r2, .L15+4
 222 001e 044B     		ldr	r3, .L15
 223 0020 1968     		ldr	r1, [r3]
 224 0022 FB68     		ldr	r3, [r7, #12]
 225 0024 0B43     		orr	r3, r1
 226 0026 1360     		str	r3, [r2]
 149:Generated_Source\PSoC4/Opamp_FACE.c **** }
 227              		.loc 1 149 0
 228 0028 BD46     		mov	sp, r7
 229 002a 04B0     		add	sp, sp, #16
 230              		@ sp needed
 231 002c 80BD     		pop	{r7, pc}
 232              	.L16:
 233 002e C046     		.align	2
 234              	.L15:
 235 0030 04000000 		.word	Opamp_FACE_internalPower
 236 0034 04003140 		.word	1076953092
 237              		.cfi_endproc
 238              	.LFE4:
 239              		.size	Opamp_FACE_SetPower, .-Opamp_FACE_SetPower
 240              		.section	.text.Opamp_FACE_PumpControl,"ax",%progbits
 241              		.align	2
 242              		.global	Opamp_FACE_PumpControl
 243              		.code	16
 244              		.thumb_func
 245              		.type	Opamp_FACE_PumpControl, %function
 246              	Opamp_FACE_PumpControl:
 247              	.LFB5:
 150:Generated_Source\PSoC4/Opamp_FACE.c **** 
 151:Generated_Source\PSoC4/Opamp_FACE.c **** 
 152:Generated_Source\PSoC4/Opamp_FACE.c **** /*******************************************************************************
ARM GAS  C:\Users\ilya\AppData\Local\Temp\ccM2uYO9.s 			page 8


 153:Generated_Source\PSoC4/Opamp_FACE.c **** * Function Name: Opamp_FACE_PumpControl
 154:Generated_Source\PSoC4/Opamp_FACE.c **** ********************************************************************************
 155:Generated_Source\PSoC4/Opamp_FACE.c **** *
 156:Generated_Source\PSoC4/Opamp_FACE.c **** * Summary:
 157:Generated_Source\PSoC4/Opamp_FACE.c **** *  Allows the user to turn the Opamp's boost pump on or off. By Default the Start() 
 158:Generated_Source\PSoC4/Opamp_FACE.c **** *  function turns on the pump. Use this API to turn it off. The boost must be 
 159:Generated_Source\PSoC4/Opamp_FACE.c **** *  turned on when the supply is less than 2.7 volts and off if the supply is more 
 160:Generated_Source\PSoC4/Opamp_FACE.c **** *  than 4 volts.
 161:Generated_Source\PSoC4/Opamp_FACE.c **** *
 162:Generated_Source\PSoC4/Opamp_FACE.c **** * Parameters:
 163:Generated_Source\PSoC4/Opamp_FACE.c **** *  onOff: Control the pump.
 164:Generated_Source\PSoC4/Opamp_FACE.c **** *   Opamp_FACE_PUMP_OFF - Turn off the pump
 165:Generated_Source\PSoC4/Opamp_FACE.c **** *   Opamp_FACE_PUMP_ON - Turn on the pump
 166:Generated_Source\PSoC4/Opamp_FACE.c **** *
 167:Generated_Source\PSoC4/Opamp_FACE.c **** * Return:
 168:Generated_Source\PSoC4/Opamp_FACE.c **** *  None
 169:Generated_Source\PSoC4/Opamp_FACE.c **** *
 170:Generated_Source\PSoC4/Opamp_FACE.c **** **********************************************************************************/
 171:Generated_Source\PSoC4/Opamp_FACE.c **** void Opamp_FACE_PumpControl(uint32 onOff)
 172:Generated_Source\PSoC4/Opamp_FACE.c **** {
 248              		.loc 1 172 0
 249              		.cfi_startproc
 250 0000 80B5     		push	{r7, lr}
 251              		.cfi_def_cfa_offset 8
 252              		.cfi_offset 7, -8
 253              		.cfi_offset 14, -4
 254 0002 82B0     		sub	sp, sp, #8
 255              		.cfi_def_cfa_offset 16
 256 0004 00AF     		add	r7, sp, #0
 257              		.cfi_def_cfa_register 7
 258 0006 7860     		str	r0, [r7, #4]
 173:Generated_Source\PSoC4/Opamp_FACE.c ****     
 174:Generated_Source\PSoC4/Opamp_FACE.c ****     if(0u != onOff)
 259              		.loc 1 174 0
 260 0008 7B68     		ldr	r3, [r7, #4]
 261 000a 002B     		cmp	r3, #0
 262 000c 07D0     		beq	.L18
 175:Generated_Source\PSoC4/Opamp_FACE.c ****     {
 176:Generated_Source\PSoC4/Opamp_FACE.c ****         Opamp_FACE_OA_RES_CTRL |= Opamp_FACE_OA_PUMP_EN;    
 263              		.loc 1 176 0
 264 000e 084B     		ldr	r3, .L20
 265 0010 074A     		ldr	r2, .L20
 266 0012 1268     		ldr	r2, [r2]
 267 0014 8021     		mov	r1, #128
 268 0016 0901     		lsl	r1, r1, #4
 269 0018 0A43     		orr	r2, r1
 270 001a 1A60     		str	r2, [r3]
 271 001c 05E0     		b	.L17
 272              	.L18:
 177:Generated_Source\PSoC4/Opamp_FACE.c ****     }
 178:Generated_Source\PSoC4/Opamp_FACE.c ****     else
 179:Generated_Source\PSoC4/Opamp_FACE.c ****     {
 180:Generated_Source\PSoC4/Opamp_FACE.c ****         Opamp_FACE_OA_RES_CTRL &= (uint32)~Opamp_FACE_OA_PUMP_EN;
 273              		.loc 1 180 0
 274 001e 044B     		ldr	r3, .L20
 275 0020 034A     		ldr	r2, .L20
 276 0022 1268     		ldr	r2, [r2]
ARM GAS  C:\Users\ilya\AppData\Local\Temp\ccM2uYO9.s 			page 9


 277 0024 0349     		ldr	r1, .L20+4
 278 0026 0A40     		and	r2, r1
 279 0028 1A60     		str	r2, [r3]
 280              	.L17:
 181:Generated_Source\PSoC4/Opamp_FACE.c ****     }
 182:Generated_Source\PSoC4/Opamp_FACE.c **** }
 281              		.loc 1 182 0
 282 002a BD46     		mov	sp, r7
 283 002c 02B0     		add	sp, sp, #8
 284              		@ sp needed
 285 002e 80BD     		pop	{r7, pc}
 286              	.L21:
 287              		.align	2
 288              	.L20:
 289 0030 04003140 		.word	1076953092
 290 0034 FFF7FFFF 		.word	-2049
 291              		.cfi_endproc
 292              	.LFE5:
 293              		.size	Opamp_FACE_PumpControl, .-Opamp_FACE_PumpControl
 294              		.text
 295              	.Letext0:
 296              		.file 2 "Generated_Source\\PSoC4\\cytypes.h"
 297              		.section	.debug_info,"",%progbits
 298              	.Ldebug_info0:
 299 0000 62010000 		.4byte	0x162
 300 0004 0400     		.2byte	0x4
 301 0006 00000000 		.4byte	.Ldebug_abbrev0
 302 000a 04       		.byte	0x4
 303 000b 01       		.uleb128 0x1
 304 000c 19010000 		.4byte	.LASF24
 305 0010 01       		.byte	0x1
 306 0011 61000000 		.4byte	.LASF25
 307 0015 16000000 		.4byte	.LASF26
 308 0019 00000000 		.4byte	.Ldebug_ranges0+0
 309 001d 00000000 		.4byte	0
 310 0021 00000000 		.4byte	.Ldebug_line0
 311 0025 02       		.uleb128 0x2
 312 0026 01       		.byte	0x1
 313 0027 06       		.byte	0x6
 314 0028 26020000 		.4byte	.LASF0
 315 002c 02       		.uleb128 0x2
 316 002d 01       		.byte	0x1
 317 002e 08       		.byte	0x8
 318 002f 8B000000 		.4byte	.LASF1
 319 0033 02       		.uleb128 0x2
 320 0034 02       		.byte	0x2
 321 0035 05       		.byte	0x5
 322 0036 FC010000 		.4byte	.LASF2
 323 003a 02       		.uleb128 0x2
 324 003b 02       		.byte	0x2
 325 003c 07       		.byte	0x7
 326 003d C1000000 		.4byte	.LASF3
 327 0041 02       		.uleb128 0x2
 328 0042 04       		.byte	0x4
 329 0043 05       		.byte	0x5
 330 0044 1D020000 		.4byte	.LASF4
 331 0048 02       		.uleb128 0x2
ARM GAS  C:\Users\ilya\AppData\Local\Temp\ccM2uYO9.s 			page 10


 332 0049 04       		.byte	0x4
 333 004a 07       		.byte	0x7
 334 004b AF000000 		.4byte	.LASF5
 335 004f 02       		.uleb128 0x2
 336 0050 08       		.byte	0x8
 337 0051 05       		.byte	0x5
 338 0052 D2010000 		.4byte	.LASF6
 339 0056 02       		.uleb128 0x2
 340 0057 08       		.byte	0x8
 341 0058 07       		.byte	0x7
 342 0059 BB010000 		.4byte	.LASF7
 343 005d 03       		.uleb128 0x3
 344 005e 04       		.byte	0x4
 345 005f 05       		.byte	0x5
 346 0060 696E7400 		.ascii	"int\000"
 347 0064 02       		.uleb128 0x2
 348 0065 04       		.byte	0x4
 349 0066 07       		.byte	0x7
 350 0067 AE010000 		.4byte	.LASF8
 351 006b 04       		.uleb128 0x4
 352 006c 17020000 		.4byte	.LASF9
 353 0070 02       		.byte	0x2
 354 0071 B901     		.2byte	0x1b9
 355 0073 2C000000 		.4byte	0x2c
 356 0077 04       		.uleb128 0x4
 357 0078 A7010000 		.4byte	.LASF10
 358 007c 02       		.byte	0x2
 359 007d BB01     		.2byte	0x1bb
 360 007f 48000000 		.4byte	0x48
 361 0083 02       		.uleb128 0x2
 362 0084 04       		.byte	0x4
 363 0085 04       		.byte	0x4
 364 0086 85000000 		.4byte	.LASF11
 365 008a 02       		.uleb128 0x2
 366 008b 08       		.byte	0x8
 367 008c 04       		.byte	0x4
 368 008d 12010000 		.4byte	.LASF12
 369 0091 02       		.uleb128 0x2
 370 0092 01       		.byte	0x1
 371 0093 08       		.byte	0x8
 372 0094 E0010000 		.4byte	.LASF13
 373 0098 04       		.uleb128 0x4
 374 0099 10000000 		.4byte	.LASF14
 375 009d 02       		.byte	0x2
 376 009e 6502     		.2byte	0x265
 377 00a0 A4000000 		.4byte	0xa4
 378 00a4 05       		.uleb128 0x5
 379 00a5 77000000 		.4byte	0x77
 380 00a9 06       		.uleb128 0x6
 381 00aa 00000000 		.4byte	.LASF15
 382 00ae 01       		.byte	0x1
 383 00af 27       		.byte	0x27
 384 00b0 00000000 		.4byte	.LFB0
 385 00b4 34000000 		.4byte	.LFE0-.LFB0
 386 00b8 01       		.uleb128 0x1
 387 00b9 9C       		.byte	0x9c
 388 00ba 06       		.uleb128 0x6
ARM GAS  C:\Users\ilya\AppData\Local\Temp\ccM2uYO9.s 			page 11


 389 00bb D4000000 		.4byte	.LASF16
 390 00bf 01       		.byte	0x1
 391 00c0 40       		.byte	0x40
 392 00c1 00000000 		.4byte	.LFB1
 393 00c5 24000000 		.4byte	.LFE1-.LFB1
 394 00c9 01       		.uleb128 0x1
 395 00ca 9C       		.byte	0x9c
 396 00cb 07       		.uleb128 0x7
 397 00cc 06020000 		.4byte	.LASF17
 398 00d0 01       		.byte	0x1
 399 00d1 5C       		.byte	0x5c
 400 00d2 00000000 		.4byte	.LFB2
 401 00d6 24000000 		.4byte	.LFE2-.LFB2
 402 00da 01       		.uleb128 0x1
 403 00db 9C       		.byte	0x9c
 404 00dc 06       		.uleb128 0x6
 405 00dd 9F000000 		.4byte	.LASF18
 406 00e1 01       		.byte	0x1
 407 00e2 75       		.byte	0x75
 408 00e3 00000000 		.4byte	.LFB3
 409 00e7 1C000000 		.4byte	.LFE3-.LFB3
 410 00eb 01       		.uleb128 0x1
 411 00ec 9C       		.byte	0x9c
 412 00ed 08       		.uleb128 0x8
 413 00ee 47000000 		.4byte	.LASF19
 414 00f2 01       		.byte	0x1
 415 00f3 8D       		.byte	0x8d
 416 00f4 00000000 		.4byte	.LFB4
 417 00f8 38000000 		.4byte	.LFE4-.LFB4
 418 00fc 01       		.uleb128 0x1
 419 00fd 9C       		.byte	0x9c
 420 00fe 1F010000 		.4byte	0x11f
 421 0102 09       		.uleb128 0x9
 422 0103 5B000000 		.4byte	.LASF21
 423 0107 01       		.byte	0x1
 424 0108 8D       		.byte	0x8d
 425 0109 77000000 		.4byte	0x77
 426 010d 02       		.uleb128 0x2
 427 010e 91       		.byte	0x91
 428 010f 6C       		.sleb128 -20
 429 0110 0A       		.uleb128 0xa
 430 0111 746D7000 		.ascii	"tmp\000"
 431 0115 01       		.byte	0x1
 432 0116 8F       		.byte	0x8f
 433 0117 77000000 		.4byte	0x77
 434 011b 02       		.uleb128 0x2
 435 011c 91       		.byte	0x91
 436 011d 74       		.sleb128 -12
 437 011e 00       		.byte	0
 438 011f 08       		.uleb128 0x8
 439 0120 E5010000 		.4byte	.LASF20
 440 0124 01       		.byte	0x1
 441 0125 AB       		.byte	0xab
 442 0126 00000000 		.4byte	.LFB5
 443 012a 38000000 		.4byte	.LFE5-.LFB5
 444 012e 01       		.uleb128 0x1
 445 012f 9C       		.byte	0x9c
ARM GAS  C:\Users\ilya\AppData\Local\Temp\ccM2uYO9.s 			page 12


 446 0130 43010000 		.4byte	0x143
 447 0134 09       		.uleb128 0x9
 448 0135 99000000 		.4byte	.LASF22
 449 0139 01       		.byte	0x1
 450 013a AB       		.byte	0xab
 451 013b 77000000 		.4byte	0x77
 452 013f 02       		.uleb128 0x2
 453 0140 91       		.byte	0x91
 454 0141 74       		.sleb128 -12
 455 0142 00       		.byte	0
 456 0143 0B       		.uleb128 0xb
 457 0144 E6000000 		.4byte	.LASF23
 458 0148 01       		.byte	0x1
 459 0149 14       		.byte	0x14
 460 014a 77000000 		.4byte	0x77
 461 014e 05       		.uleb128 0x5
 462 014f 03       		.byte	0x3
 463 0150 04000000 		.4byte	Opamp_FACE_internalPower
 464 0154 0C       		.uleb128 0xc
 465 0155 FF000000 		.4byte	.LASF27
 466 0159 01       		.byte	0x1
 467 015a 13       		.byte	0x13
 468 015b 6B000000 		.4byte	0x6b
 469 015f 05       		.uleb128 0x5
 470 0160 03       		.byte	0x3
 471 0161 00000000 		.4byte	Opamp_FACE_initVar
 472 0165 00       		.byte	0
 473              		.section	.debug_abbrev,"",%progbits
 474              	.Ldebug_abbrev0:
 475 0000 01       		.uleb128 0x1
 476 0001 11       		.uleb128 0x11
 477 0002 01       		.byte	0x1
 478 0003 25       		.uleb128 0x25
 479 0004 0E       		.uleb128 0xe
 480 0005 13       		.uleb128 0x13
 481 0006 0B       		.uleb128 0xb
 482 0007 03       		.uleb128 0x3
 483 0008 0E       		.uleb128 0xe
 484 0009 1B       		.uleb128 0x1b
 485 000a 0E       		.uleb128 0xe
 486 000b 55       		.uleb128 0x55
 487 000c 17       		.uleb128 0x17
 488 000d 11       		.uleb128 0x11
 489 000e 01       		.uleb128 0x1
 490 000f 10       		.uleb128 0x10
 491 0010 17       		.uleb128 0x17
 492 0011 00       		.byte	0
 493 0012 00       		.byte	0
 494 0013 02       		.uleb128 0x2
 495 0014 24       		.uleb128 0x24
 496 0015 00       		.byte	0
 497 0016 0B       		.uleb128 0xb
 498 0017 0B       		.uleb128 0xb
 499 0018 3E       		.uleb128 0x3e
 500 0019 0B       		.uleb128 0xb
 501 001a 03       		.uleb128 0x3
 502 001b 0E       		.uleb128 0xe
ARM GAS  C:\Users\ilya\AppData\Local\Temp\ccM2uYO9.s 			page 13


 503 001c 00       		.byte	0
 504 001d 00       		.byte	0
 505 001e 03       		.uleb128 0x3
 506 001f 24       		.uleb128 0x24
 507 0020 00       		.byte	0
 508 0021 0B       		.uleb128 0xb
 509 0022 0B       		.uleb128 0xb
 510 0023 3E       		.uleb128 0x3e
 511 0024 0B       		.uleb128 0xb
 512 0025 03       		.uleb128 0x3
 513 0026 08       		.uleb128 0x8
 514 0027 00       		.byte	0
 515 0028 00       		.byte	0
 516 0029 04       		.uleb128 0x4
 517 002a 16       		.uleb128 0x16
 518 002b 00       		.byte	0
 519 002c 03       		.uleb128 0x3
 520 002d 0E       		.uleb128 0xe
 521 002e 3A       		.uleb128 0x3a
 522 002f 0B       		.uleb128 0xb
 523 0030 3B       		.uleb128 0x3b
 524 0031 05       		.uleb128 0x5
 525 0032 49       		.uleb128 0x49
 526 0033 13       		.uleb128 0x13
 527 0034 00       		.byte	0
 528 0035 00       		.byte	0
 529 0036 05       		.uleb128 0x5
 530 0037 35       		.uleb128 0x35
 531 0038 00       		.byte	0
 532 0039 49       		.uleb128 0x49
 533 003a 13       		.uleb128 0x13
 534 003b 00       		.byte	0
 535 003c 00       		.byte	0
 536 003d 06       		.uleb128 0x6
 537 003e 2E       		.uleb128 0x2e
 538 003f 00       		.byte	0
 539 0040 3F       		.uleb128 0x3f
 540 0041 19       		.uleb128 0x19
 541 0042 03       		.uleb128 0x3
 542 0043 0E       		.uleb128 0xe
 543 0044 3A       		.uleb128 0x3a
 544 0045 0B       		.uleb128 0xb
 545 0046 3B       		.uleb128 0x3b
 546 0047 0B       		.uleb128 0xb
 547 0048 27       		.uleb128 0x27
 548 0049 19       		.uleb128 0x19
 549 004a 11       		.uleb128 0x11
 550 004b 01       		.uleb128 0x1
 551 004c 12       		.uleb128 0x12
 552 004d 06       		.uleb128 0x6
 553 004e 40       		.uleb128 0x40
 554 004f 18       		.uleb128 0x18
 555 0050 9742     		.uleb128 0x2117
 556 0052 19       		.uleb128 0x19
 557 0053 00       		.byte	0
 558 0054 00       		.byte	0
 559 0055 07       		.uleb128 0x7
ARM GAS  C:\Users\ilya\AppData\Local\Temp\ccM2uYO9.s 			page 14


 560 0056 2E       		.uleb128 0x2e
 561 0057 00       		.byte	0
 562 0058 3F       		.uleb128 0x3f
 563 0059 19       		.uleb128 0x19
 564 005a 03       		.uleb128 0x3
 565 005b 0E       		.uleb128 0xe
 566 005c 3A       		.uleb128 0x3a
 567 005d 0B       		.uleb128 0xb
 568 005e 3B       		.uleb128 0x3b
 569 005f 0B       		.uleb128 0xb
 570 0060 27       		.uleb128 0x27
 571 0061 19       		.uleb128 0x19
 572 0062 11       		.uleb128 0x11
 573 0063 01       		.uleb128 0x1
 574 0064 12       		.uleb128 0x12
 575 0065 06       		.uleb128 0x6
 576 0066 40       		.uleb128 0x40
 577 0067 18       		.uleb128 0x18
 578 0068 9642     		.uleb128 0x2116
 579 006a 19       		.uleb128 0x19
 580 006b 00       		.byte	0
 581 006c 00       		.byte	0
 582 006d 08       		.uleb128 0x8
 583 006e 2E       		.uleb128 0x2e
 584 006f 01       		.byte	0x1
 585 0070 3F       		.uleb128 0x3f
 586 0071 19       		.uleb128 0x19
 587 0072 03       		.uleb128 0x3
 588 0073 0E       		.uleb128 0xe
 589 0074 3A       		.uleb128 0x3a
 590 0075 0B       		.uleb128 0xb
 591 0076 3B       		.uleb128 0x3b
 592 0077 0B       		.uleb128 0xb
 593 0078 27       		.uleb128 0x27
 594 0079 19       		.uleb128 0x19
 595 007a 11       		.uleb128 0x11
 596 007b 01       		.uleb128 0x1
 597 007c 12       		.uleb128 0x12
 598 007d 06       		.uleb128 0x6
 599 007e 40       		.uleb128 0x40
 600 007f 18       		.uleb128 0x18
 601 0080 9742     		.uleb128 0x2117
 602 0082 19       		.uleb128 0x19
 603 0083 01       		.uleb128 0x1
 604 0084 13       		.uleb128 0x13
 605 0085 00       		.byte	0
 606 0086 00       		.byte	0
 607 0087 09       		.uleb128 0x9
 608 0088 05       		.uleb128 0x5
 609 0089 00       		.byte	0
 610 008a 03       		.uleb128 0x3
 611 008b 0E       		.uleb128 0xe
 612 008c 3A       		.uleb128 0x3a
 613 008d 0B       		.uleb128 0xb
 614 008e 3B       		.uleb128 0x3b
 615 008f 0B       		.uleb128 0xb
 616 0090 49       		.uleb128 0x49
ARM GAS  C:\Users\ilya\AppData\Local\Temp\ccM2uYO9.s 			page 15


 617 0091 13       		.uleb128 0x13
 618 0092 02       		.uleb128 0x2
 619 0093 18       		.uleb128 0x18
 620 0094 00       		.byte	0
 621 0095 00       		.byte	0
 622 0096 0A       		.uleb128 0xa
 623 0097 34       		.uleb128 0x34
 624 0098 00       		.byte	0
 625 0099 03       		.uleb128 0x3
 626 009a 08       		.uleb128 0x8
 627 009b 3A       		.uleb128 0x3a
 628 009c 0B       		.uleb128 0xb
 629 009d 3B       		.uleb128 0x3b
 630 009e 0B       		.uleb128 0xb
 631 009f 49       		.uleb128 0x49
 632 00a0 13       		.uleb128 0x13
 633 00a1 02       		.uleb128 0x2
 634 00a2 18       		.uleb128 0x18
 635 00a3 00       		.byte	0
 636 00a4 00       		.byte	0
 637 00a5 0B       		.uleb128 0xb
 638 00a6 34       		.uleb128 0x34
 639 00a7 00       		.byte	0
 640 00a8 03       		.uleb128 0x3
 641 00a9 0E       		.uleb128 0xe
 642 00aa 3A       		.uleb128 0x3a
 643 00ab 0B       		.uleb128 0xb
 644 00ac 3B       		.uleb128 0x3b
 645 00ad 0B       		.uleb128 0xb
 646 00ae 49       		.uleb128 0x49
 647 00af 13       		.uleb128 0x13
 648 00b0 02       		.uleb128 0x2
 649 00b1 18       		.uleb128 0x18
 650 00b2 00       		.byte	0
 651 00b3 00       		.byte	0
 652 00b4 0C       		.uleb128 0xc
 653 00b5 34       		.uleb128 0x34
 654 00b6 00       		.byte	0
 655 00b7 03       		.uleb128 0x3
 656 00b8 0E       		.uleb128 0xe
 657 00b9 3A       		.uleb128 0x3a
 658 00ba 0B       		.uleb128 0xb
 659 00bb 3B       		.uleb128 0x3b
 660 00bc 0B       		.uleb128 0xb
 661 00bd 49       		.uleb128 0x49
 662 00be 13       		.uleb128 0x13
 663 00bf 3F       		.uleb128 0x3f
 664 00c0 19       		.uleb128 0x19
 665 00c1 02       		.uleb128 0x2
 666 00c2 18       		.uleb128 0x18
 667 00c3 00       		.byte	0
 668 00c4 00       		.byte	0
 669 00c5 00       		.byte	0
 670              		.section	.debug_aranges,"",%progbits
 671 0000 44000000 		.4byte	0x44
 672 0004 0200     		.2byte	0x2
 673 0006 00000000 		.4byte	.Ldebug_info0
ARM GAS  C:\Users\ilya\AppData\Local\Temp\ccM2uYO9.s 			page 16


 674 000a 04       		.byte	0x4
 675 000b 00       		.byte	0
 676 000c 0000     		.2byte	0
 677 000e 0000     		.2byte	0
 678 0010 00000000 		.4byte	.LFB0
 679 0014 34000000 		.4byte	.LFE0-.LFB0
 680 0018 00000000 		.4byte	.LFB1
 681 001c 24000000 		.4byte	.LFE1-.LFB1
 682 0020 00000000 		.4byte	.LFB2
 683 0024 24000000 		.4byte	.LFE2-.LFB2
 684 0028 00000000 		.4byte	.LFB3
 685 002c 1C000000 		.4byte	.LFE3-.LFB3
 686 0030 00000000 		.4byte	.LFB4
 687 0034 38000000 		.4byte	.LFE4-.LFB4
 688 0038 00000000 		.4byte	.LFB5
 689 003c 38000000 		.4byte	.LFE5-.LFB5
 690 0040 00000000 		.4byte	0
 691 0044 00000000 		.4byte	0
 692              		.section	.debug_ranges,"",%progbits
 693              	.Ldebug_ranges0:
 694 0000 00000000 		.4byte	.LFB0
 695 0004 34000000 		.4byte	.LFE0
 696 0008 00000000 		.4byte	.LFB1
 697 000c 24000000 		.4byte	.LFE1
 698 0010 00000000 		.4byte	.LFB2
 699 0014 24000000 		.4byte	.LFE2
 700 0018 00000000 		.4byte	.LFB3
 701 001c 1C000000 		.4byte	.LFE3
 702 0020 00000000 		.4byte	.LFB4
 703 0024 38000000 		.4byte	.LFE4
 704 0028 00000000 		.4byte	.LFB5
 705 002c 38000000 		.4byte	.LFE5
 706 0030 00000000 		.4byte	0
 707 0034 00000000 		.4byte	0
 708              		.section	.debug_line,"",%progbits
 709              	.Ldebug_line0:
 710 0000 C2000000 		.section	.debug_str,"MS",%progbits,1
 710      02004700 
 710      00000201 
 710      FB0E0D00 
 710      01010101 
 711              	.LASF15:
 712 0000 4F70616D 		.ascii	"Opamp_FACE_Init\000"
 712      705F4641 
 712      43455F49 
 712      6E697400 
 713              	.LASF14:
 714 0010 72656733 		.ascii	"reg32\000"
 714      3200
 715              	.LASF26:
 716 0016 433A5C70 		.ascii	"C:\\psoc\\chamonix\\camera\\Workspace01\\camera.cyd"
 716      736F635C 
 716      6368616D 
 716      6F6E6978 
 716      5C63616D 
 717 0044 736E00   		.ascii	"sn\000"
 718              	.LASF19:
ARM GAS  C:\Users\ilya\AppData\Local\Temp\ccM2uYO9.s 			page 17


 719 0047 4F70616D 		.ascii	"Opamp_FACE_SetPower\000"
 719      705F4641 
 719      43455F53 
 719      6574506F 
 719      77657200 
 720              	.LASF21:
 721 005b 706F7765 		.ascii	"power\000"
 721      7200
 722              	.LASF25:
 723 0061 47656E65 		.ascii	"Generated_Source\\PSoC4\\Opamp_FACE.c\000"
 723      72617465 
 723      645F536F 
 723      75726365 
 723      5C50536F 
 724              	.LASF11:
 725 0085 666C6F61 		.ascii	"float\000"
 725      7400
 726              	.LASF1:
 727 008b 756E7369 		.ascii	"unsigned char\000"
 727      676E6564 
 727      20636861 
 727      7200
 728              	.LASF22:
 729 0099 6F6E4F66 		.ascii	"onOff\000"
 729      6600
 730              	.LASF18:
 731 009f 4F70616D 		.ascii	"Opamp_FACE_Stop\000"
 731      705F4641 
 731      43455F53 
 731      746F7000 
 732              	.LASF5:
 733 00af 6C6F6E67 		.ascii	"long unsigned int\000"
 733      20756E73 
 733      69676E65 
 733      6420696E 
 733      7400
 734              	.LASF3:
 735 00c1 73686F72 		.ascii	"short unsigned int\000"
 735      7420756E 
 735      7369676E 
 735      65642069 
 735      6E7400
 736              	.LASF16:
 737 00d4 4F70616D 		.ascii	"Opamp_FACE_Enable\000"
 737      705F4641 
 737      43455F45 
 737      6E61626C 
 737      6500
 738              	.LASF23:
 739 00e6 4F70616D 		.ascii	"Opamp_FACE_internalPower\000"
 739      705F4641 
 739      43455F69 
 739      6E746572 
 739      6E616C50 
 740              	.LASF27:
 741 00ff 4F70616D 		.ascii	"Opamp_FACE_initVar\000"
 741      705F4641 
ARM GAS  C:\Users\ilya\AppData\Local\Temp\ccM2uYO9.s 			page 18


 741      43455F69 
 741      6E697456 
 741      617200
 742              	.LASF12:
 743 0112 646F7562 		.ascii	"double\000"
 743      6C6500
 744              	.LASF24:
 745 0119 474E5520 		.ascii	"GNU C 4.9.3 20150303 (release) [ARM/embedded-4_9-br"
 745      4320342E 
 745      392E3320 
 745      32303135 
 745      30333033 
 746 014c 616E6368 		.ascii	"anch revision 221220] -mcpu=cortex-m0 -mthumb -g -O"
 746      20726576 
 746      6973696F 
 746      6E203232 
 746      31323230 
 747 017f 30202D66 		.ascii	"0 -ffunction-sections -ffat-lto-objects\000"
 747      66756E63 
 747      74696F6E 
 747      2D736563 
 747      74696F6E 
 748              	.LASF10:
 749 01a7 75696E74 		.ascii	"uint32\000"
 749      333200
 750              	.LASF8:
 751 01ae 756E7369 		.ascii	"unsigned int\000"
 751      676E6564 
 751      20696E74 
 751      00
 752              	.LASF7:
 753 01bb 6C6F6E67 		.ascii	"long long unsigned int\000"
 753      206C6F6E 
 753      6720756E 
 753      7369676E 
 753      65642069 
 754              	.LASF6:
 755 01d2 6C6F6E67 		.ascii	"long long int\000"
 755      206C6F6E 
 755      6720696E 
 755      7400
 756              	.LASF13:
 757 01e0 63686172 		.ascii	"char\000"
 757      00
 758              	.LASF20:
 759 01e5 4F70616D 		.ascii	"Opamp_FACE_PumpControl\000"
 759      705F4641 
 759      43455F50 
 759      756D7043 
 759      6F6E7472 
 760              	.LASF2:
 761 01fc 73686F72 		.ascii	"short int\000"
 761      7420696E 
 761      7400
 762              	.LASF17:
 763 0206 4F70616D 		.ascii	"Opamp_FACE_Start\000"
 763      705F4641 
ARM GAS  C:\Users\ilya\AppData\Local\Temp\ccM2uYO9.s 			page 19


 763      43455F53 
 763      74617274 
 763      00
 764              	.LASF9:
 765 0217 75696E74 		.ascii	"uint8\000"
 765      3800
 766              	.LASF4:
 767 021d 6C6F6E67 		.ascii	"long int\000"
 767      20696E74 
 767      00
 768              	.LASF0:
 769 0226 7369676E 		.ascii	"signed char\000"
 769      65642063 
 769      68617200 
 770              		.ident	"GCC: (GNU Tools for ARM Embedded Processors) 4.9.3 20150303 (release) [ARM/embedded-4_9-br
