ARM GAS  C:\Users\yqh\AppData\Local\Temp\ccVgexcN.s 			page 1


   1              		.syntax unified
   2              		.cpu cortex-m3
   3              		.fpu softvfp
   4              		.eabi_attribute 20, 1
   5              		.eabi_attribute 21, 1
   6              		.eabi_attribute 23, 3
   7              		.eabi_attribute 24, 1
   8              		.eabi_attribute 25, 1
   9              		.eabi_attribute 26, 1
  10              		.eabi_attribute 30, 4
  11              		.eabi_attribute 34, 1
  12              		.eabi_attribute 18, 4
  13              		.thumb
  14              		.file	"BootloadableI2C.c"
  15              		.text
  16              	.Ltext0:
  17              		.cfi_sections	.debug_frame
  18              		.section	.text.BootloadableI2C_Load,"ax",%progbits
  19              		.align	1
  20              		.global	BootloadableI2C_Load
  21              		.thumb
  22              		.thumb_func
  23              		.type	BootloadableI2C_Load, %function
  24              	BootloadableI2C_Load:
  25              	.LFB0:
  26              		.file 1 "Generated_Source\\PSoC5\\BootloadableI2C.c"
   1:Generated_Source\PSoC5/BootloadableI2C.c **** /*******************************************************************************
   2:Generated_Source\PSoC5/BootloadableI2C.c **** * File Name: BootloadableI2C.c
   3:Generated_Source\PSoC5/BootloadableI2C.c **** * Version 1.20
   4:Generated_Source\PSoC5/BootloadableI2C.c **** *
   5:Generated_Source\PSoC5/BootloadableI2C.c **** *  Description:
   6:Generated_Source\PSoC5/BootloadableI2C.c **** *   Provides an API for the Bootloadable application. The API includes a
   7:Generated_Source\PSoC5/BootloadableI2C.c **** *   single function for starting bootloader.
   8:Generated_Source\PSoC5/BootloadableI2C.c **** *
   9:Generated_Source\PSoC5/BootloadableI2C.c **** ********************************************************************************
  10:Generated_Source\PSoC5/BootloadableI2C.c **** * Copyright 2008-2013, Cypress Semiconductor Corporation.  All rights reserved.
  11:Generated_Source\PSoC5/BootloadableI2C.c **** * You may use this file only in accordance with the license, terms, conditions,
  12:Generated_Source\PSoC5/BootloadableI2C.c **** * disclaimers, and limitations in the end user license agreement accompanying
  13:Generated_Source\PSoC5/BootloadableI2C.c **** * the software package with which this file was provided.
  14:Generated_Source\PSoC5/BootloadableI2C.c **** *******************************************************************************/
  15:Generated_Source\PSoC5/BootloadableI2C.c **** 
  16:Generated_Source\PSoC5/BootloadableI2C.c **** #include "BootloadableI2C.h"
  17:Generated_Source\PSoC5/BootloadableI2C.c **** 
  18:Generated_Source\PSoC5/BootloadableI2C.c **** 
  19:Generated_Source\PSoC5/BootloadableI2C.c **** /*******************************************************************************
  20:Generated_Source\PSoC5/BootloadableI2C.c **** * Function Name: BootloadableI2C_Load
  21:Generated_Source\PSoC5/BootloadableI2C.c **** ********************************************************************************
  22:Generated_Source\PSoC5/BootloadableI2C.c **** * Summary:
  23:Generated_Source\PSoC5/BootloadableI2C.c **** *  Begins the bootloading algorithm, downloading a new ACD image from the host.
  24:Generated_Source\PSoC5/BootloadableI2C.c **** *
  25:Generated_Source\PSoC5/BootloadableI2C.c **** * Parameters:
  26:Generated_Source\PSoC5/BootloadableI2C.c **** *  None
  27:Generated_Source\PSoC5/BootloadableI2C.c **** *
  28:Generated_Source\PSoC5/BootloadableI2C.c **** * Returns:
  29:Generated_Source\PSoC5/BootloadableI2C.c **** *  This method will never return. It will load a new application and reset
  30:Generated_Source\PSoC5/BootloadableI2C.c **** *  the device.
  31:Generated_Source\PSoC5/BootloadableI2C.c **** *
ARM GAS  C:\Users\yqh\AppData\Local\Temp\ccVgexcN.s 			page 2


  32:Generated_Source\PSoC5/BootloadableI2C.c **** *******************************************************************************/
  33:Generated_Source\PSoC5/BootloadableI2C.c **** void BootloadableI2C_Load(void) 
  34:Generated_Source\PSoC5/BootloadableI2C.c **** {
  27              		.loc 1 34 0
  28              		.cfi_startproc
  29              		@ args = 0, pretend = 0, frame = 0
  30              		@ frame_needed = 0, uses_anonymous_args = 0
  31              		@ link register save eliminated.
  35:Generated_Source\PSoC5/BootloadableI2C.c ****     /* Schedule Bootloader to start after reset */
  36:Generated_Source\PSoC5/BootloadableI2C.c ****     BootloadableI2C_SET_RUN_TYPE(BootloadableI2C_START_BTLDR);
  32              		.loc 1 36 0
  33 0000 024B     		ldr	r3, .L2
  34 0002 4022     		movs	r2, #64
  35 0004 1A70     		strb	r2, [r3]
  37:Generated_Source\PSoC5/BootloadableI2C.c **** 
  38:Generated_Source\PSoC5/BootloadableI2C.c ****     CySoftwareReset();
  36              		.loc 1 38 0
  37 0006 FFF7FEBF 		b	CySoftwareReset
  38              	.LVL0:
  39              	.L3:
  40 000a 00BF     		.align	2
  41              	.L2:
  42 000c FA460040 		.word	1073759994
  43              		.cfi_endproc
  44              	.LFE0:
  45              		.size	BootloadableI2C_Load, .-BootloadableI2C_Load
  46              		.section	.text.BootloadableI2C_SetFlashByte,"ax",%progbits
  47              		.align	1
  48              		.global	BootloadableI2C_SetFlashByte
  49              		.thumb
  50              		.thumb_func
  51              		.type	BootloadableI2C_SetFlashByte, %function
  52              	BootloadableI2C_SetFlashByte:
  53              	.LFB1:
  39:Generated_Source\PSoC5/BootloadableI2C.c **** }
  40:Generated_Source\PSoC5/BootloadableI2C.c **** 
  41:Generated_Source\PSoC5/BootloadableI2C.c **** 
  42:Generated_Source\PSoC5/BootloadableI2C.c **** /*******************************************************************************
  43:Generated_Source\PSoC5/BootloadableI2C.c **** * Function Name: BootloadableI2C_SetFlashByte
  44:Generated_Source\PSoC5/BootloadableI2C.c **** ********************************************************************************
  45:Generated_Source\PSoC5/BootloadableI2C.c **** * Summary:
  46:Generated_Source\PSoC5/BootloadableI2C.c **** *  Sets byte at specified address in Flash.
  47:Generated_Source\PSoC5/BootloadableI2C.c **** *
  48:Generated_Source\PSoC5/BootloadableI2C.c **** * Parameters:
  49:Generated_Source\PSoC5/BootloadableI2C.c **** *  None
  50:Generated_Source\PSoC5/BootloadableI2C.c **** *
  51:Generated_Source\PSoC5/BootloadableI2C.c **** * Returns:
  52:Generated_Source\PSoC5/BootloadableI2C.c **** *  None
  53:Generated_Source\PSoC5/BootloadableI2C.c **** *
  54:Generated_Source\PSoC5/BootloadableI2C.c **** *******************************************************************************/
  55:Generated_Source\PSoC5/BootloadableI2C.c **** void BootloadableI2C_SetFlashByte(uint32 address, uint8 runType) 
  56:Generated_Source\PSoC5/BootloadableI2C.c **** {
  54              		.loc 1 56 0
  55              		.cfi_startproc
  56              		@ args = 0, pretend = 0, frame = 256
  57              		@ frame_needed = 0, uses_anonymous_args = 0
  58              	.LVL1:
ARM GAS  C:\Users\yqh\AppData\Local\Temp\ccVgexcN.s 			page 3


  59 0000 0346     		mov	r3, r0
  60 0002 F0B5     		push	{r4, r5, r6, r7, lr}
  61              		.cfi_def_cfa_offset 20
  62              		.cfi_offset 4, -20
  63              		.cfi_offset 5, -16
  64              		.cfi_offset 6, -12
  65              		.cfi_offset 7, -8
  66              		.cfi_offset 14, -4
  57:Generated_Source\PSoC5/BootloadableI2C.c ****     uint32 flsAddr = address - CYDEV_FLASH_BASE;
  58:Generated_Source\PSoC5/BootloadableI2C.c ****     uint8 rowData[CYDEV_FLS_ROW_SIZE];
  59:Generated_Source\PSoC5/BootloadableI2C.c **** 
  60:Generated_Source\PSoC5/BootloadableI2C.c ****     #if !(CY_PSOC4)
  61:Generated_Source\PSoC5/BootloadableI2C.c ****         uint8 arrayId = (uint8)(flsAddr / CYDEV_FLS_SECTOR_SIZE);
  62:Generated_Source\PSoC5/BootloadableI2C.c ****     #endif  /* !(CY_PSOC4) */
  63:Generated_Source\PSoC5/BootloadableI2C.c **** 
  64:Generated_Source\PSoC5/BootloadableI2C.c ****     uint16 rowNum = (uint16)((flsAddr % CYDEV_FLS_SECTOR_SIZE) / CYDEV_FLS_ROW_SIZE);
  65:Generated_Source\PSoC5/BootloadableI2C.c ****     uint32 baseAddr = address - (address % CYDEV_FLS_ROW_SIZE);
  67              		.loc 1 65 0
  68 0004 23F0FF05 		bic	r5, r3, #255
  56:Generated_Source\PSoC5/BootloadableI2C.c ****     uint32 flsAddr = address - CYDEV_FLASH_BASE;
  69              		.loc 1 56 0
  70 0008 0E46     		mov	r6, r1
  71 000a C1B0     		sub	sp, sp, #260
  72              		.cfi_def_cfa_offset 280
  61:Generated_Source\PSoC5/BootloadableI2C.c ****     #endif  /* !(CY_PSOC4) */
  73              		.loc 1 61 0
  74 000c C0F30740 		ubfx	r0, r0, #16, #8
  75              	.LVL2:
  64:Generated_Source\PSoC5/BootloadableI2C.c ****     uint32 baseAddr = address - (address % CYDEV_FLS_ROW_SIZE);
  76              		.loc 1 64 0
  77 0010 C3F30721 		ubfx	r1, r3, #8, #8
  78              	.LVL3:
  79 0014 6C1E     		subs	r4, r5, #1
  80 0016 05F1FF07 		add	r7, r5, #255
  81              	.LVL4:
  82              	.L5:
  83 001a 6A46     		mov	r2, sp
  66:Generated_Source\PSoC5/BootloadableI2C.c ****     uint16 idx;
  67:Generated_Source\PSoC5/BootloadableI2C.c **** 
  68:Generated_Source\PSoC5/BootloadableI2C.c **** 
  69:Generated_Source\PSoC5/BootloadableI2C.c ****     for (idx = 0u; idx < CYDEV_FLS_ROW_SIZE; idx++)
  70:Generated_Source\PSoC5/BootloadableI2C.c ****     {
  71:Generated_Source\PSoC5/BootloadableI2C.c ****         rowData[idx] = BootloadableI2C_GET_CODE_DATA(baseAddr + idx);
  84              		.loc 1 71 0 discriminator 3
  85 001c 14F801CF 		ldrb	ip, [r4, #1]!	@ zero_extendqisi2
  86              	.LVL5:
  87 0020 C5EB020E 		rsb	lr, r5, r2
  69:Generated_Source\PSoC5/BootloadableI2C.c ****     {
  88              		.loc 1 69 0 discriminator 3
  89 0024 BC42     		cmp	r4, r7
  90              		.loc 1 71 0 discriminator 3
  91 0026 0EF804C0 		strb	ip, [lr, r4]
  92              	.LVL6:
  69:Generated_Source\PSoC5/BootloadableI2C.c ****     {
  93              		.loc 1 69 0 discriminator 3
  94 002a F6D1     		bne	.L5
  72:Generated_Source\PSoC5/BootloadableI2C.c ****     }
ARM GAS  C:\Users\yqh\AppData\Local\Temp\ccVgexcN.s 			page 4


  73:Generated_Source\PSoC5/BootloadableI2C.c ****     rowData[address % CYDEV_FLS_ROW_SIZE] = runType;
  95              		.loc 1 73 0
  96 002c DBB2     		uxtb	r3, r3
  97              	.LVL7:
  98 002e 0DF80360 		strb	r6, [sp, r3]
  74:Generated_Source\PSoC5/BootloadableI2C.c **** 
  75:Generated_Source\PSoC5/BootloadableI2C.c **** 
  76:Generated_Source\PSoC5/BootloadableI2C.c ****     #if(CY_PSOC4)
  77:Generated_Source\PSoC5/BootloadableI2C.c ****         (void) CySysFlashWriteRow((uint32)rowNum, rowData);
  78:Generated_Source\PSoC5/BootloadableI2C.c ****     #else
  79:Generated_Source\PSoC5/BootloadableI2C.c ****         (void) CyWriteRowData(arrayId, rowNum, rowData);
  99              		.loc 1 79 0
 100 0032 FFF7FEFF 		bl	CyWriteRowData
 101              	.LVL8:
  80:Generated_Source\PSoC5/BootloadableI2C.c ****     #endif  /* (CY_PSOC4) */
  81:Generated_Source\PSoC5/BootloadableI2C.c **** }
 102              		.loc 1 81 0
 103 0036 41B0     		add	sp, sp, #260
 104              		.cfi_def_cfa_offset 20
 105              		@ sp needed
 106 0038 F0BD     		pop	{r4, r5, r6, r7, pc}
 107              		.cfi_endproc
 108              	.LFE1:
 109              		.size	BootloadableI2C_SetFlashByte, .-BootloadableI2C_SetFlashByte
 110              		.text
 111              	.Letext0:
 112              		.file 2 "Generated_Source\\PSoC5\\cytypes.h"
 113              		.file 3 "Generated_Source\\PSoC5\\CyLib.h"
 114              		.file 4 "Generated_Source\\PSoC5\\CyFlash.h"
 115              		.section	.debug_info,"",%progbits
 116              	.Ldebug_info0:
 117 0000 C1010000 		.4byte	0x1c1
 118 0004 0400     		.2byte	0x4
 119 0006 00000000 		.4byte	.Ldebug_abbrev0
 120 000a 04       		.byte	0x4
 121 000b 01       		.uleb128 0x1
 122 000c 71010000 		.4byte	.LASF27
 123 0010 01       		.byte	0x1
 124 0011 87000000 		.4byte	.LASF28
 125 0015 09000000 		.4byte	.LASF29
 126 0019 00000000 		.4byte	.Ldebug_ranges0+0
 127 001d 00000000 		.4byte	0
 128 0021 00000000 		.4byte	.Ldebug_line0
 129 0025 02       		.uleb128 0x2
 130 0026 01       		.byte	0x1
 131 0027 06       		.byte	0x6
 132 0028 2D020000 		.4byte	.LASF0
 133 002c 02       		.uleb128 0x2
 134 002d 01       		.byte	0x1
 135 002e 08       		.byte	0x8
 136 002f B6000000 		.4byte	.LASF1
 137 0033 02       		.uleb128 0x2
 138 0034 02       		.byte	0x2
 139 0035 05       		.byte	0x5
 140 0036 67010000 		.4byte	.LASF2
 141 003a 02       		.uleb128 0x2
 142 003b 02       		.byte	0x2
ARM GAS  C:\Users\yqh\AppData\Local\Temp\ccVgexcN.s 			page 5


 143 003c 07       		.byte	0x7
 144 003d 74000000 		.4byte	.LASF3
 145 0041 02       		.uleb128 0x2
 146 0042 04       		.byte	0x4
 147 0043 05       		.byte	0x5
 148 0044 0F020000 		.4byte	.LASF4
 149 0048 02       		.uleb128 0x2
 150 0049 04       		.byte	0x4
 151 004a 07       		.byte	0x7
 152 004b D1000000 		.4byte	.LASF5
 153 004f 02       		.uleb128 0x2
 154 0050 08       		.byte	0x8
 155 0051 05       		.byte	0x5
 156 0052 54010000 		.4byte	.LASF6
 157 0056 02       		.uleb128 0x2
 158 0057 08       		.byte	0x8
 159 0058 07       		.byte	0x7
 160 0059 23010000 		.4byte	.LASF7
 161 005d 03       		.uleb128 0x3
 162 005e 04       		.byte	0x4
 163 005f 05       		.byte	0x5
 164 0060 696E7400 		.ascii	"int\000"
 165 0064 02       		.uleb128 0x2
 166 0065 04       		.byte	0x4
 167 0066 07       		.byte	0x7
 168 0067 0E010000 		.4byte	.LASF8
 169 006b 04       		.uleb128 0x4
 170 006c E3000000 		.4byte	.LASF9
 171 0070 02       		.byte	0x2
 172 0071 9201     		.2byte	0x192
 173 0073 2C000000 		.4byte	0x2c
 174 0077 04       		.uleb128 0x4
 175 0078 00010000 		.4byte	.LASF10
 176 007c 02       		.byte	0x2
 177 007d 9301     		.2byte	0x193
 178 007f 3A000000 		.4byte	0x3a
 179 0083 04       		.uleb128 0x4
 180 0084 07010000 		.4byte	.LASF11
 181 0088 02       		.byte	0x2
 182 0089 9401     		.2byte	0x194
 183 008b 48000000 		.4byte	0x48
 184 008f 02       		.uleb128 0x2
 185 0090 04       		.byte	0x4
 186 0091 04       		.byte	0x4
 187 0092 B0000000 		.4byte	.LASF12
 188 0096 02       		.uleb128 0x2
 189 0097 08       		.byte	0x8
 190 0098 04       		.byte	0x4
 191 0099 F1000000 		.4byte	.LASF13
 192 009d 02       		.uleb128 0x2
 193 009e 01       		.byte	0x1
 194 009f 08       		.byte	0x8
 195 00a0 62010000 		.4byte	.LASF14
 196 00a4 04       		.uleb128 0x4
 197 00a5 00000000 		.4byte	.LASF15
 198 00a9 02       		.byte	0x2
 199 00aa 3402     		.2byte	0x234
ARM GAS  C:\Users\yqh\AppData\Local\Temp\ccVgexcN.s 			page 6


 200 00ac 48000000 		.4byte	0x48
 201 00b0 04       		.uleb128 0x4
 202 00b1 CC000000 		.4byte	.LASF16
 203 00b5 02       		.byte	0x2
 204 00b6 3C02     		.2byte	0x23c
 205 00b8 BC000000 		.4byte	0xbc
 206 00bc 05       		.uleb128 0x5
 207 00bd 6B000000 		.4byte	0x6b
 208 00c1 02       		.uleb128 0x2
 209 00c2 04       		.byte	0x4
 210 00c3 07       		.byte	0x7
 211 00c4 4B010000 		.4byte	.LASF17
 212 00c8 06       		.uleb128 0x6
 213 00c9 18020000 		.4byte	.LASF18
 214 00cd 01       		.byte	0x1
 215 00ce 21       		.byte	0x21
 216 00cf 00000000 		.4byte	.LFB0
 217 00d3 10000000 		.4byte	.LFE0-.LFB0
 218 00d7 01       		.uleb128 0x1
 219 00d8 9C       		.byte	0x9c
 220 00d9 E7000000 		.4byte	0xe7
 221 00dd 07       		.uleb128 0x7
 222 00de 0A000000 		.4byte	.LVL0
 223 00e2 93010000 		.4byte	0x193
 224 00e6 00       		.byte	0
 225 00e7 06       		.uleb128 0x6
 226 00e8 57000000 		.4byte	.LASF19
 227 00ec 01       		.byte	0x1
 228 00ed 37       		.byte	0x37
 229 00ee 00000000 		.4byte	.LFB1
 230 00f2 3A000000 		.4byte	.LFE1-.LFB1
 231 00f6 01       		.uleb128 0x1
 232 00f7 9C       		.byte	0x9c
 233 00f8 83010000 		.4byte	0x183
 234 00fc 08       		.uleb128 0x8
 235 00fd 1B010000 		.4byte	.LASF20
 236 0101 01       		.byte	0x1
 237 0102 37       		.byte	0x37
 238 0103 83000000 		.4byte	0x83
 239 0107 00000000 		.4byte	.LLST0
 240 010b 08       		.uleb128 0x8
 241 010c 3A010000 		.4byte	.LASF21
 242 0110 01       		.byte	0x1
 243 0111 37       		.byte	0x37
 244 0112 6B000000 		.4byte	0x6b
 245 0116 2C000000 		.4byte	.LLST1
 246 011a 09       		.uleb128 0x9
 247 011b F8000000 		.4byte	.LASF22
 248 011f 01       		.byte	0x1
 249 0120 39       		.byte	0x39
 250 0121 83000000 		.4byte	0x83
 251 0125 00000000 		.4byte	.LLST0
 252 0129 0A       		.uleb128 0xa
 253 012a C4000000 		.4byte	.LASF23
 254 012e 01       		.byte	0x1
 255 012f 3A       		.byte	0x3a
 256 0130 83010000 		.4byte	0x183
ARM GAS  C:\Users\yqh\AppData\Local\Temp\ccVgexcN.s 			page 7


 257 0134 03       		.uleb128 0x3
 258 0135 91       		.byte	0x91
 259 0136 E87D     		.sleb128 -280
 260 0138 09       		.uleb128 0x9
 261 0139 E9000000 		.4byte	.LASF24
 262 013d 01       		.byte	0x1
 263 013e 3D       		.byte	0x3d
 264 013f 6B000000 		.4byte	0x6b
 265 0143 4D000000 		.4byte	.LLST3
 266 0147 09       		.uleb128 0x9
 267 0148 50000000 		.4byte	.LASF25
 268 014c 01       		.byte	0x1
 269 014d 40       		.byte	0x40
 270 014e 77000000 		.4byte	0x77
 271 0152 74000000 		.4byte	.LLST4
 272 0156 0A       		.uleb128 0xa
 273 0157 42010000 		.4byte	.LASF26
 274 015b 01       		.byte	0x1
 275 015c 41       		.byte	0x41
 276 015d 83000000 		.4byte	0x83
 277 0161 01       		.uleb128 0x1
 278 0162 55       		.byte	0x55
 279 0163 0B       		.uleb128 0xb
 280 0164 69647800 		.ascii	"idx\000"
 281 0168 01       		.byte	0x1
 282 0169 42       		.byte	0x42
 283 016a 77000000 		.4byte	0x77
 284 016e 9B000000 		.4byte	.LLST5
 285 0172 0C       		.uleb128 0xc
 286 0173 36000000 		.4byte	.LVL8
 287 0177 9A010000 		.4byte	0x19a
 288 017b 0D       		.uleb128 0xd
 289 017c 01       		.uleb128 0x1
 290 017d 52       		.byte	0x52
 291 017e 02       		.uleb128 0x2
 292 017f 7D       		.byte	0x7d
 293 0180 00       		.sleb128 0
 294 0181 00       		.byte	0
 295 0182 00       		.byte	0
 296 0183 0E       		.uleb128 0xe
 297 0184 6B000000 		.4byte	0x6b
 298 0188 93010000 		.4byte	0x193
 299 018c 0F       		.uleb128 0xf
 300 018d C1000000 		.4byte	0xc1
 301 0191 FF       		.byte	0xff
 302 0192 00       		.byte	0
 303 0193 10       		.uleb128 0x10
 304 0194 FF010000 		.4byte	.LASF30
 305 0198 03       		.byte	0x3
 306 0199 7B       		.byte	0x7b
 307 019a 11       		.uleb128 0x11
 308 019b 39020000 		.4byte	.LASF31
 309 019f 04       		.byte	0x4
 310 01a0 49       		.byte	0x49
 311 01a1 A4000000 		.4byte	0xa4
 312 01a5 B9010000 		.4byte	0x1b9
 313 01a9 12       		.uleb128 0x12
ARM GAS  C:\Users\yqh\AppData\Local\Temp\ccVgexcN.s 			page 8


 314 01aa 6B000000 		.4byte	0x6b
 315 01ae 12       		.uleb128 0x12
 316 01af 77000000 		.4byte	0x77
 317 01b3 12       		.uleb128 0x12
 318 01b4 B9010000 		.4byte	0x1b9
 319 01b8 00       		.byte	0
 320 01b9 13       		.uleb128 0x13
 321 01ba 04       		.byte	0x4
 322 01bb BF010000 		.4byte	0x1bf
 323 01bf 14       		.uleb128 0x14
 324 01c0 6B000000 		.4byte	0x6b
 325 01c4 00       		.byte	0
 326              		.section	.debug_abbrev,"",%progbits
 327              	.Ldebug_abbrev0:
 328 0000 01       		.uleb128 0x1
 329 0001 11       		.uleb128 0x11
 330 0002 01       		.byte	0x1
 331 0003 25       		.uleb128 0x25
 332 0004 0E       		.uleb128 0xe
 333 0005 13       		.uleb128 0x13
 334 0006 0B       		.uleb128 0xb
 335 0007 03       		.uleb128 0x3
 336 0008 0E       		.uleb128 0xe
 337 0009 1B       		.uleb128 0x1b
 338 000a 0E       		.uleb128 0xe
 339 000b 55       		.uleb128 0x55
 340 000c 17       		.uleb128 0x17
 341 000d 11       		.uleb128 0x11
 342 000e 01       		.uleb128 0x1
 343 000f 10       		.uleb128 0x10
 344 0010 17       		.uleb128 0x17
 345 0011 00       		.byte	0
 346 0012 00       		.byte	0
 347 0013 02       		.uleb128 0x2
 348 0014 24       		.uleb128 0x24
 349 0015 00       		.byte	0
 350 0016 0B       		.uleb128 0xb
 351 0017 0B       		.uleb128 0xb
 352 0018 3E       		.uleb128 0x3e
 353 0019 0B       		.uleb128 0xb
 354 001a 03       		.uleb128 0x3
 355 001b 0E       		.uleb128 0xe
 356 001c 00       		.byte	0
 357 001d 00       		.byte	0
 358 001e 03       		.uleb128 0x3
 359 001f 24       		.uleb128 0x24
 360 0020 00       		.byte	0
 361 0021 0B       		.uleb128 0xb
 362 0022 0B       		.uleb128 0xb
 363 0023 3E       		.uleb128 0x3e
 364 0024 0B       		.uleb128 0xb
 365 0025 03       		.uleb128 0x3
 366 0026 08       		.uleb128 0x8
 367 0027 00       		.byte	0
 368 0028 00       		.byte	0
 369 0029 04       		.uleb128 0x4
 370 002a 16       		.uleb128 0x16
ARM GAS  C:\Users\yqh\AppData\Local\Temp\ccVgexcN.s 			page 9


 371 002b 00       		.byte	0
 372 002c 03       		.uleb128 0x3
 373 002d 0E       		.uleb128 0xe
 374 002e 3A       		.uleb128 0x3a
 375 002f 0B       		.uleb128 0xb
 376 0030 3B       		.uleb128 0x3b
 377 0031 05       		.uleb128 0x5
 378 0032 49       		.uleb128 0x49
 379 0033 13       		.uleb128 0x13
 380 0034 00       		.byte	0
 381 0035 00       		.byte	0
 382 0036 05       		.uleb128 0x5
 383 0037 35       		.uleb128 0x35
 384 0038 00       		.byte	0
 385 0039 49       		.uleb128 0x49
 386 003a 13       		.uleb128 0x13
 387 003b 00       		.byte	0
 388 003c 00       		.byte	0
 389 003d 06       		.uleb128 0x6
 390 003e 2E       		.uleb128 0x2e
 391 003f 01       		.byte	0x1
 392 0040 3F       		.uleb128 0x3f
 393 0041 19       		.uleb128 0x19
 394 0042 03       		.uleb128 0x3
 395 0043 0E       		.uleb128 0xe
 396 0044 3A       		.uleb128 0x3a
 397 0045 0B       		.uleb128 0xb
 398 0046 3B       		.uleb128 0x3b
 399 0047 0B       		.uleb128 0xb
 400 0048 27       		.uleb128 0x27
 401 0049 19       		.uleb128 0x19
 402 004a 11       		.uleb128 0x11
 403 004b 01       		.uleb128 0x1
 404 004c 12       		.uleb128 0x12
 405 004d 06       		.uleb128 0x6
 406 004e 40       		.uleb128 0x40
 407 004f 18       		.uleb128 0x18
 408 0050 9742     		.uleb128 0x2117
 409 0052 19       		.uleb128 0x19
 410 0053 01       		.uleb128 0x1
 411 0054 13       		.uleb128 0x13
 412 0055 00       		.byte	0
 413 0056 00       		.byte	0
 414 0057 07       		.uleb128 0x7
 415 0058 898201   		.uleb128 0x4109
 416 005b 00       		.byte	0
 417 005c 11       		.uleb128 0x11
 418 005d 01       		.uleb128 0x1
 419 005e 9542     		.uleb128 0x2115
 420 0060 19       		.uleb128 0x19
 421 0061 31       		.uleb128 0x31
 422 0062 13       		.uleb128 0x13
 423 0063 00       		.byte	0
 424 0064 00       		.byte	0
 425 0065 08       		.uleb128 0x8
 426 0066 05       		.uleb128 0x5
 427 0067 00       		.byte	0
ARM GAS  C:\Users\yqh\AppData\Local\Temp\ccVgexcN.s 			page 10


 428 0068 03       		.uleb128 0x3
 429 0069 0E       		.uleb128 0xe
 430 006a 3A       		.uleb128 0x3a
 431 006b 0B       		.uleb128 0xb
 432 006c 3B       		.uleb128 0x3b
 433 006d 0B       		.uleb128 0xb
 434 006e 49       		.uleb128 0x49
 435 006f 13       		.uleb128 0x13
 436 0070 02       		.uleb128 0x2
 437 0071 17       		.uleb128 0x17
 438 0072 00       		.byte	0
 439 0073 00       		.byte	0
 440 0074 09       		.uleb128 0x9
 441 0075 34       		.uleb128 0x34
 442 0076 00       		.byte	0
 443 0077 03       		.uleb128 0x3
 444 0078 0E       		.uleb128 0xe
 445 0079 3A       		.uleb128 0x3a
 446 007a 0B       		.uleb128 0xb
 447 007b 3B       		.uleb128 0x3b
 448 007c 0B       		.uleb128 0xb
 449 007d 49       		.uleb128 0x49
 450 007e 13       		.uleb128 0x13
 451 007f 02       		.uleb128 0x2
 452 0080 17       		.uleb128 0x17
 453 0081 00       		.byte	0
 454 0082 00       		.byte	0
 455 0083 0A       		.uleb128 0xa
 456 0084 34       		.uleb128 0x34
 457 0085 00       		.byte	0
 458 0086 03       		.uleb128 0x3
 459 0087 0E       		.uleb128 0xe
 460 0088 3A       		.uleb128 0x3a
 461 0089 0B       		.uleb128 0xb
 462 008a 3B       		.uleb128 0x3b
 463 008b 0B       		.uleb128 0xb
 464 008c 49       		.uleb128 0x49
 465 008d 13       		.uleb128 0x13
 466 008e 02       		.uleb128 0x2
 467 008f 18       		.uleb128 0x18
 468 0090 00       		.byte	0
 469 0091 00       		.byte	0
 470 0092 0B       		.uleb128 0xb
 471 0093 34       		.uleb128 0x34
 472 0094 00       		.byte	0
 473 0095 03       		.uleb128 0x3
 474 0096 08       		.uleb128 0x8
 475 0097 3A       		.uleb128 0x3a
 476 0098 0B       		.uleb128 0xb
 477 0099 3B       		.uleb128 0x3b
 478 009a 0B       		.uleb128 0xb
 479 009b 49       		.uleb128 0x49
 480 009c 13       		.uleb128 0x13
 481 009d 02       		.uleb128 0x2
 482 009e 17       		.uleb128 0x17
 483 009f 00       		.byte	0
 484 00a0 00       		.byte	0
ARM GAS  C:\Users\yqh\AppData\Local\Temp\ccVgexcN.s 			page 11


 485 00a1 0C       		.uleb128 0xc
 486 00a2 898201   		.uleb128 0x4109
 487 00a5 01       		.byte	0x1
 488 00a6 11       		.uleb128 0x11
 489 00a7 01       		.uleb128 0x1
 490 00a8 31       		.uleb128 0x31
 491 00a9 13       		.uleb128 0x13
 492 00aa 00       		.byte	0
 493 00ab 00       		.byte	0
 494 00ac 0D       		.uleb128 0xd
 495 00ad 8A8201   		.uleb128 0x410a
 496 00b0 00       		.byte	0
 497 00b1 02       		.uleb128 0x2
 498 00b2 18       		.uleb128 0x18
 499 00b3 9142     		.uleb128 0x2111
 500 00b5 18       		.uleb128 0x18
 501 00b6 00       		.byte	0
 502 00b7 00       		.byte	0
 503 00b8 0E       		.uleb128 0xe
 504 00b9 01       		.uleb128 0x1
 505 00ba 01       		.byte	0x1
 506 00bb 49       		.uleb128 0x49
 507 00bc 13       		.uleb128 0x13
 508 00bd 01       		.uleb128 0x1
 509 00be 13       		.uleb128 0x13
 510 00bf 00       		.byte	0
 511 00c0 00       		.byte	0
 512 00c1 0F       		.uleb128 0xf
 513 00c2 21       		.uleb128 0x21
 514 00c3 00       		.byte	0
 515 00c4 49       		.uleb128 0x49
 516 00c5 13       		.uleb128 0x13
 517 00c6 2F       		.uleb128 0x2f
 518 00c7 0B       		.uleb128 0xb
 519 00c8 00       		.byte	0
 520 00c9 00       		.byte	0
 521 00ca 10       		.uleb128 0x10
 522 00cb 2E       		.uleb128 0x2e
 523 00cc 00       		.byte	0
 524 00cd 3F       		.uleb128 0x3f
 525 00ce 19       		.uleb128 0x19
 526 00cf 03       		.uleb128 0x3
 527 00d0 0E       		.uleb128 0xe
 528 00d1 3A       		.uleb128 0x3a
 529 00d2 0B       		.uleb128 0xb
 530 00d3 3B       		.uleb128 0x3b
 531 00d4 0B       		.uleb128 0xb
 532 00d5 27       		.uleb128 0x27
 533 00d6 19       		.uleb128 0x19
 534 00d7 3C       		.uleb128 0x3c
 535 00d8 19       		.uleb128 0x19
 536 00d9 00       		.byte	0
 537 00da 00       		.byte	0
 538 00db 11       		.uleb128 0x11
 539 00dc 2E       		.uleb128 0x2e
 540 00dd 01       		.byte	0x1
 541 00de 3F       		.uleb128 0x3f
ARM GAS  C:\Users\yqh\AppData\Local\Temp\ccVgexcN.s 			page 12


 542 00df 19       		.uleb128 0x19
 543 00e0 03       		.uleb128 0x3
 544 00e1 0E       		.uleb128 0xe
 545 00e2 3A       		.uleb128 0x3a
 546 00e3 0B       		.uleb128 0xb
 547 00e4 3B       		.uleb128 0x3b
 548 00e5 0B       		.uleb128 0xb
 549 00e6 27       		.uleb128 0x27
 550 00e7 19       		.uleb128 0x19
 551 00e8 49       		.uleb128 0x49
 552 00e9 13       		.uleb128 0x13
 553 00ea 3C       		.uleb128 0x3c
 554 00eb 19       		.uleb128 0x19
 555 00ec 01       		.uleb128 0x1
 556 00ed 13       		.uleb128 0x13
 557 00ee 00       		.byte	0
 558 00ef 00       		.byte	0
 559 00f0 12       		.uleb128 0x12
 560 00f1 05       		.uleb128 0x5
 561 00f2 00       		.byte	0
 562 00f3 49       		.uleb128 0x49
 563 00f4 13       		.uleb128 0x13
 564 00f5 00       		.byte	0
 565 00f6 00       		.byte	0
 566 00f7 13       		.uleb128 0x13
 567 00f8 0F       		.uleb128 0xf
 568 00f9 00       		.byte	0
 569 00fa 0B       		.uleb128 0xb
 570 00fb 0B       		.uleb128 0xb
 571 00fc 49       		.uleb128 0x49
 572 00fd 13       		.uleb128 0x13
 573 00fe 00       		.byte	0
 574 00ff 00       		.byte	0
 575 0100 14       		.uleb128 0x14
 576 0101 26       		.uleb128 0x26
 577 0102 00       		.byte	0
 578 0103 49       		.uleb128 0x49
 579 0104 13       		.uleb128 0x13
 580 0105 00       		.byte	0
 581 0106 00       		.byte	0
 582 0107 00       		.byte	0
 583              		.section	.debug_loc,"",%progbits
 584              	.Ldebug_loc0:
 585              	.LLST0:
 586 0000 00000000 		.4byte	.LVL1
 587 0004 10000000 		.4byte	.LVL2
 588 0008 0100     		.2byte	0x1
 589 000a 50       		.byte	0x50
 590 000b 10000000 		.4byte	.LVL2
 591 000f 2E000000 		.4byte	.LVL7
 592 0013 0100     		.2byte	0x1
 593 0015 53       		.byte	0x53
 594 0016 2E000000 		.4byte	.LVL7
 595 001a 3A000000 		.4byte	.LFE1
 596 001e 0400     		.2byte	0x4
 597 0020 F3       		.byte	0xf3
 598 0021 01       		.uleb128 0x1
ARM GAS  C:\Users\yqh\AppData\Local\Temp\ccVgexcN.s 			page 13


 599 0022 50       		.byte	0x50
 600 0023 9F       		.byte	0x9f
 601 0024 00000000 		.4byte	0
 602 0028 00000000 		.4byte	0
 603              	.LLST1:
 604 002c 00000000 		.4byte	.LVL1
 605 0030 14000000 		.4byte	.LVL3
 606 0034 0100     		.2byte	0x1
 607 0036 51       		.byte	0x51
 608 0037 14000000 		.4byte	.LVL3
 609 003b 3A000000 		.4byte	.LFE1
 610 003f 0400     		.2byte	0x4
 611 0041 F3       		.byte	0xf3
 612 0042 01       		.uleb128 0x1
 613 0043 51       		.byte	0x51
 614 0044 9F       		.byte	0x9f
 615 0045 00000000 		.4byte	0
 616 0049 00000000 		.4byte	0
 617              	.LLST3:
 618 004d 10000000 		.4byte	.LVL2
 619 0051 35000000 		.4byte	.LVL8-1
 620 0055 0100     		.2byte	0x1
 621 0057 50       		.byte	0x50
 622 0058 35000000 		.4byte	.LVL8-1
 623 005c 3A000000 		.4byte	.LFE1
 624 0060 0A00     		.2byte	0xa
 625 0062 F3       		.byte	0xf3
 626 0063 01       		.uleb128 0x1
 627 0064 50       		.byte	0x50
 628 0065 09       		.byte	0x9
 629 0066 EC       		.byte	0xec
 630 0067 24       		.byte	0x24
 631 0068 09       		.byte	0x9
 632 0069 FC       		.byte	0xfc
 633 006a 25       		.byte	0x25
 634 006b 9F       		.byte	0x9f
 635 006c 00000000 		.4byte	0
 636 0070 00000000 		.4byte	0
 637              	.LLST4:
 638 0074 14000000 		.4byte	.LVL3
 639 0078 35000000 		.4byte	.LVL8-1
 640 007c 0100     		.2byte	0x1
 641 007e 51       		.byte	0x51
 642 007f 35000000 		.4byte	.LVL8-1
 643 0083 3A000000 		.4byte	.LFE1
 644 0087 0A00     		.2byte	0xa
 645 0089 F3       		.byte	0xf3
 646 008a 01       		.uleb128 0x1
 647 008b 50       		.byte	0x50
 648 008c 09       		.byte	0x9
 649 008d F4       		.byte	0xf4
 650 008e 24       		.byte	0x24
 651 008f 09       		.byte	0x9
 652 0090 FC       		.byte	0xfc
 653 0091 25       		.byte	0x25
 654 0092 9F       		.byte	0x9f
 655 0093 00000000 		.4byte	0
ARM GAS  C:\Users\yqh\AppData\Local\Temp\ccVgexcN.s 			page 14


 656 0097 00000000 		.4byte	0
 657              	.LLST5:
 658 009b 14000000 		.4byte	.LVL3
 659 009f 1A000000 		.4byte	.LVL4
 660 00a3 0200     		.2byte	0x2
 661 00a5 30       		.byte	0x30
 662 00a6 9F       		.byte	0x9f
 663 00a7 1A000000 		.4byte	.LVL4
 664 00ab 20000000 		.4byte	.LVL5
 665 00af 0800     		.2byte	0x8
 666 00b1 74       		.byte	0x74
 667 00b2 00       		.sleb128 0
 668 00b3 75       		.byte	0x75
 669 00b4 00       		.sleb128 0
 670 00b5 1C       		.byte	0x1c
 671 00b6 23       		.byte	0x23
 672 00b7 01       		.uleb128 0x1
 673 00b8 9F       		.byte	0x9f
 674 00b9 2A000000 		.4byte	.LVL6
 675 00bd 3A000000 		.4byte	.LFE1
 676 00c1 0600     		.2byte	0x6
 677 00c3 74       		.byte	0x74
 678 00c4 00       		.sleb128 0
 679 00c5 75       		.byte	0x75
 680 00c6 7F       		.sleb128 -1
 681 00c7 1C       		.byte	0x1c
 682 00c8 9F       		.byte	0x9f
 683 00c9 00000000 		.4byte	0
 684 00cd 00000000 		.4byte	0
 685              		.section	.debug_aranges,"",%progbits
 686 0000 24000000 		.4byte	0x24
 687 0004 0200     		.2byte	0x2
 688 0006 00000000 		.4byte	.Ldebug_info0
 689 000a 04       		.byte	0x4
 690 000b 00       		.byte	0
 691 000c 0000     		.2byte	0
 692 000e 0000     		.2byte	0
 693 0010 00000000 		.4byte	.LFB0
 694 0014 10000000 		.4byte	.LFE0-.LFB0
 695 0018 00000000 		.4byte	.LFB1
 696 001c 3A000000 		.4byte	.LFE1-.LFB1
 697 0020 00000000 		.4byte	0
 698 0024 00000000 		.4byte	0
 699              		.section	.debug_ranges,"",%progbits
 700              	.Ldebug_ranges0:
 701 0000 00000000 		.4byte	.LFB0
 702 0004 10000000 		.4byte	.LFE0
 703 0008 00000000 		.4byte	.LFB1
 704 000c 3A000000 		.4byte	.LFE1
 705 0010 00000000 		.4byte	0
 706 0014 00000000 		.4byte	0
 707              		.section	.debug_line,"",%progbits
 708              	.Ldebug_line0:
 709 0000 A9000000 		.section	.debug_str,"MS",%progbits,1
 709      02006400 
 709      00000201 
 709      FB0E0D00 
ARM GAS  C:\Users\yqh\AppData\Local\Temp\ccVgexcN.s 			page 15


 709      01010101 
 710              	.LASF15:
 711 0000 63797374 		.ascii	"cystatus\000"
 711      61747573 
 711      00
 712              	.LASF29:
 713 0009 433A5C55 		.ascii	"C:\\Users\\yqh\\Documents\\works\\NanoNXT\\Pass_TOC"
 713      73657273 
 713      5C797168 
 713      5C446F63 
 713      756D656E 
 714 0036 5C352E30 		.ascii	"\\5.0.3\\nanoNxt_ICM3.cydsn\000"
 714      2E335C6E 
 714      616E6F4E 
 714      78745F49 
 714      434D332E 
 715              	.LASF25:
 716 0050 726F774E 		.ascii	"rowNum\000"
 716      756D00
 717              	.LASF19:
 718 0057 426F6F74 		.ascii	"BootloadableI2C_SetFlashByte\000"
 718      6C6F6164 
 718      61626C65 
 718      4932435F 
 718      53657446 
 719              	.LASF3:
 720 0074 73686F72 		.ascii	"short unsigned int\000"
 720      7420756E 
 720      7369676E 
 720      65642069 
 720      6E7400
 721              	.LASF28:
 722 0087 47656E65 		.ascii	"Generated_Source\\PSoC5\\BootloadableI2C.c\000"
 722      72617465 
 722      645F536F 
 722      75726365 
 722      5C50536F 
 723              	.LASF12:
 724 00b0 666C6F61 		.ascii	"float\000"
 724      7400
 725              	.LASF1:
 726 00b6 756E7369 		.ascii	"unsigned char\000"
 726      676E6564 
 726      20636861 
 726      7200
 727              	.LASF23:
 728 00c4 726F7744 		.ascii	"rowData\000"
 728      61746100 
 729              	.LASF16:
 730 00cc 72656738 		.ascii	"reg8\000"
 730      00
 731              	.LASF5:
 732 00d1 6C6F6E67 		.ascii	"long unsigned int\000"
 732      20756E73 
 732      69676E65 
 732      6420696E 
 732      7400
ARM GAS  C:\Users\yqh\AppData\Local\Temp\ccVgexcN.s 			page 16


 733              	.LASF9:
 734 00e3 75696E74 		.ascii	"uint8\000"
 734      3800
 735              	.LASF24:
 736 00e9 61727261 		.ascii	"arrayId\000"
 736      79496400 
 737              	.LASF13:
 738 00f1 646F7562 		.ascii	"double\000"
 738      6C6500
 739              	.LASF22:
 740 00f8 666C7341 		.ascii	"flsAddr\000"
 740      64647200 
 741              	.LASF10:
 742 0100 75696E74 		.ascii	"uint16\000"
 742      313600
 743              	.LASF11:
 744 0107 75696E74 		.ascii	"uint32\000"
 744      333200
 745              	.LASF8:
 746 010e 756E7369 		.ascii	"unsigned int\000"
 746      676E6564 
 746      20696E74 
 746      00
 747              	.LASF20:
 748 011b 61646472 		.ascii	"address\000"
 748      65737300 
 749              	.LASF7:
 750 0123 6C6F6E67 		.ascii	"long long unsigned int\000"
 750      206C6F6E 
 750      6720756E 
 750      7369676E 
 750      65642069 
 751              	.LASF21:
 752 013a 72756E54 		.ascii	"runType\000"
 752      79706500 
 753              	.LASF26:
 754 0142 62617365 		.ascii	"baseAddr\000"
 754      41646472 
 754      00
 755              	.LASF17:
 756 014b 73697A65 		.ascii	"sizetype\000"
 756      74797065 
 756      00
 757              	.LASF6:
 758 0154 6C6F6E67 		.ascii	"long long int\000"
 758      206C6F6E 
 758      6720696E 
 758      7400
 759              	.LASF14:
 760 0162 63686172 		.ascii	"char\000"
 760      00
 761              	.LASF2:
 762 0167 73686F72 		.ascii	"short int\000"
 762      7420696E 
 762      7400
 763              	.LASF27:
 764 0171 474E5520 		.ascii	"GNU C 4.9.3 20150303 (release) [ARM/embedded-4_9-br"
ARM GAS  C:\Users\yqh\AppData\Local\Temp\ccVgexcN.s 			page 17


 764      4320342E 
 764      392E3320 
 764      32303135 
 764      30333033 
 765 01a4 616E6368 		.ascii	"anch revision 221220] -mcpu=cortex-m3 -mthumb -g -O"
 765      20726576 
 765      6973696F 
 765      6E203232 
 765      31323230 
 766 01d7 73202D66 		.ascii	"s -ffunction-sections -ffat-lto-objects\000"
 766      66756E63 
 766      74696F6E 
 766      2D736563 
 766      74696F6E 
 767              	.LASF30:
 768 01ff 4379536F 		.ascii	"CySoftwareReset\000"
 768      66747761 
 768      72655265 
 768      73657400 
 769              	.LASF4:
 770 020f 6C6F6E67 		.ascii	"long int\000"
 770      20696E74 
 770      00
 771              	.LASF18:
 772 0218 426F6F74 		.ascii	"BootloadableI2C_Load\000"
 772      6C6F6164 
 772      61626C65 
 772      4932435F 
 772      4C6F6164 
 773              	.LASF0:
 774 022d 7369676E 		.ascii	"signed char\000"
 774      65642063 
 774      68617200 
 775              	.LASF31:
 776 0239 43795772 		.ascii	"CyWriteRowData\000"
 776      69746552 
 776      6F774461 
 776      746100
 777              		.ident	"GCC: (GNU Tools for ARM Embedded Processors) 4.9.3 20150303 (release) [ARM/embedded-4_9-br
