ARM GAS  C:\Users\yqh\AppData\Local\Temp\ccG2NH9g.s 			page 1


   1              		.syntax unified
   2              		.cpu cortex-m3
   3              		.fpu softvfp
   4              		.eabi_attribute 20, 1
   5              		.eabi_attribute 21, 1
   6              		.eabi_attribute 23, 3
   7              		.eabi_attribute 24, 1
   8              		.eabi_attribute 25, 1
   9              		.eabi_attribute 26, 1
  10              		.eabi_attribute 30, 4
  11              		.eabi_attribute 34, 1
  12              		.eabi_attribute 18, 4
  13              		.thumb
  14              		.file	"Pass_Control_PM.c"
  15              		.text
  16              	.Ltext0:
  17              		.cfi_sections	.debug_frame
  18              		.section	.text.Pass_Control_SaveConfig,"ax",%progbits
  19              		.align	1
  20              		.global	Pass_Control_SaveConfig
  21              		.thumb
  22              		.thumb_func
  23              		.type	Pass_Control_SaveConfig, %function
  24              	Pass_Control_SaveConfig:
  25              	.LFB0:
  26              		.file 1 ".\\Generated_Source\\PSoC5\\Pass_Control_PM.c"
   1:.\Generated_Source\PSoC5/Pass_Control_PM.c **** /*******************************************************************************
   2:.\Generated_Source\PSoC5/Pass_Control_PM.c **** * File Name: Pass_Control_PM.c
   3:.\Generated_Source\PSoC5/Pass_Control_PM.c **** * Version 1.80
   4:.\Generated_Source\PSoC5/Pass_Control_PM.c **** *
   5:.\Generated_Source\PSoC5/Pass_Control_PM.c **** * Description:
   6:.\Generated_Source\PSoC5/Pass_Control_PM.c **** *  This file contains the setup, control, and status commands to support 
   7:.\Generated_Source\PSoC5/Pass_Control_PM.c **** *  the component operation in the low power mode. 
   8:.\Generated_Source\PSoC5/Pass_Control_PM.c **** *
   9:.\Generated_Source\PSoC5/Pass_Control_PM.c **** * Note:
  10:.\Generated_Source\PSoC5/Pass_Control_PM.c **** *
  11:.\Generated_Source\PSoC5/Pass_Control_PM.c **** ********************************************************************************
  12:.\Generated_Source\PSoC5/Pass_Control_PM.c **** * Copyright 2015, Cypress Semiconductor Corporation.  All rights reserved.
  13:.\Generated_Source\PSoC5/Pass_Control_PM.c **** * You may use this file only in accordance with the license, terms, conditions, 
  14:.\Generated_Source\PSoC5/Pass_Control_PM.c **** * disclaimers, and limitations in the end user license agreement accompanying 
  15:.\Generated_Source\PSoC5/Pass_Control_PM.c **** * the software package with which this file was provided.
  16:.\Generated_Source\PSoC5/Pass_Control_PM.c **** *******************************************************************************/
  17:.\Generated_Source\PSoC5/Pass_Control_PM.c **** 
  18:.\Generated_Source\PSoC5/Pass_Control_PM.c **** #include "Pass_Control.h"
  19:.\Generated_Source\PSoC5/Pass_Control_PM.c **** 
  20:.\Generated_Source\PSoC5/Pass_Control_PM.c **** /* Check for removal by optimization */
  21:.\Generated_Source\PSoC5/Pass_Control_PM.c **** #if !defined(Pass_Control_Sync_ctrl_reg__REMOVED)
  22:.\Generated_Source\PSoC5/Pass_Control_PM.c **** 
  23:.\Generated_Source\PSoC5/Pass_Control_PM.c **** static Pass_Control_BACKUP_STRUCT  Pass_Control_backup = {0u};
  24:.\Generated_Source\PSoC5/Pass_Control_PM.c **** 
  25:.\Generated_Source\PSoC5/Pass_Control_PM.c ****     
  26:.\Generated_Source\PSoC5/Pass_Control_PM.c **** /*******************************************************************************
  27:.\Generated_Source\PSoC5/Pass_Control_PM.c **** * Function Name: Pass_Control_SaveConfig
  28:.\Generated_Source\PSoC5/Pass_Control_PM.c **** ********************************************************************************
  29:.\Generated_Source\PSoC5/Pass_Control_PM.c **** *
  30:.\Generated_Source\PSoC5/Pass_Control_PM.c **** * Summary:
  31:.\Generated_Source\PSoC5/Pass_Control_PM.c **** *  Saves the control register value.
ARM GAS  C:\Users\yqh\AppData\Local\Temp\ccG2NH9g.s 			page 2


  32:.\Generated_Source\PSoC5/Pass_Control_PM.c **** *
  33:.\Generated_Source\PSoC5/Pass_Control_PM.c **** * Parameters:
  34:.\Generated_Source\PSoC5/Pass_Control_PM.c **** *  None
  35:.\Generated_Source\PSoC5/Pass_Control_PM.c **** *
  36:.\Generated_Source\PSoC5/Pass_Control_PM.c **** * Return:
  37:.\Generated_Source\PSoC5/Pass_Control_PM.c **** *  None
  38:.\Generated_Source\PSoC5/Pass_Control_PM.c **** *
  39:.\Generated_Source\PSoC5/Pass_Control_PM.c **** *******************************************************************************/
  40:.\Generated_Source\PSoC5/Pass_Control_PM.c **** void Pass_Control_SaveConfig(void) 
  41:.\Generated_Source\PSoC5/Pass_Control_PM.c **** {
  27              		.loc 1 41 0
  28              		.cfi_startproc
  29              		@ args = 0, pretend = 0, frame = 0
  30              		@ frame_needed = 0, uses_anonymous_args = 0
  31              		@ link register save eliminated.
  42:.\Generated_Source\PSoC5/Pass_Control_PM.c ****     Pass_Control_backup.controlState = Pass_Control_Control;
  32              		.loc 1 42 0
  33 0000 024B     		ldr	r3, .L2
  34 0002 1A78     		ldrb	r2, [r3]	@ zero_extendqisi2
  35 0004 024B     		ldr	r3, .L2+4
  36 0006 1A70     		strb	r2, [r3]
  37 0008 7047     		bx	lr
  38              	.L3:
  39 000a 00BF     		.align	2
  40              	.L2:
  41 000c 74640040 		.word	1073767540
  42 0010 00000000 		.word	.LANCHOR0
  43              		.cfi_endproc
  44              	.LFE0:
  45              		.size	Pass_Control_SaveConfig, .-Pass_Control_SaveConfig
  46              		.section	.text.Pass_Control_RestoreConfig,"ax",%progbits
  47              		.align	1
  48              		.global	Pass_Control_RestoreConfig
  49              		.thumb
  50              		.thumb_func
  51              		.type	Pass_Control_RestoreConfig, %function
  52              	Pass_Control_RestoreConfig:
  53              	.LFB1:
  43:.\Generated_Source\PSoC5/Pass_Control_PM.c **** }
  44:.\Generated_Source\PSoC5/Pass_Control_PM.c **** 
  45:.\Generated_Source\PSoC5/Pass_Control_PM.c **** 
  46:.\Generated_Source\PSoC5/Pass_Control_PM.c **** /*******************************************************************************
  47:.\Generated_Source\PSoC5/Pass_Control_PM.c **** * Function Name: Pass_Control_RestoreConfig
  48:.\Generated_Source\PSoC5/Pass_Control_PM.c **** ********************************************************************************
  49:.\Generated_Source\PSoC5/Pass_Control_PM.c **** *
  50:.\Generated_Source\PSoC5/Pass_Control_PM.c **** * Summary:
  51:.\Generated_Source\PSoC5/Pass_Control_PM.c **** *  Restores the control register value.
  52:.\Generated_Source\PSoC5/Pass_Control_PM.c **** *
  53:.\Generated_Source\PSoC5/Pass_Control_PM.c **** * Parameters:
  54:.\Generated_Source\PSoC5/Pass_Control_PM.c **** *  None
  55:.\Generated_Source\PSoC5/Pass_Control_PM.c **** *
  56:.\Generated_Source\PSoC5/Pass_Control_PM.c **** * Return:
  57:.\Generated_Source\PSoC5/Pass_Control_PM.c **** *  None
  58:.\Generated_Source\PSoC5/Pass_Control_PM.c **** *
  59:.\Generated_Source\PSoC5/Pass_Control_PM.c **** *
  60:.\Generated_Source\PSoC5/Pass_Control_PM.c **** *******************************************************************************/
  61:.\Generated_Source\PSoC5/Pass_Control_PM.c **** void Pass_Control_RestoreConfig(void) 
ARM GAS  C:\Users\yqh\AppData\Local\Temp\ccG2NH9g.s 			page 3


  62:.\Generated_Source\PSoC5/Pass_Control_PM.c **** {
  54              		.loc 1 62 0
  55              		.cfi_startproc
  56              		@ args = 0, pretend = 0, frame = 0
  57              		@ frame_needed = 0, uses_anonymous_args = 0
  58              		@ link register save eliminated.
  63:.\Generated_Source\PSoC5/Pass_Control_PM.c ****      Pass_Control_Control = Pass_Control_backup.controlState;
  59              		.loc 1 63 0
  60 0000 024B     		ldr	r3, .L5
  61 0002 1A78     		ldrb	r2, [r3]	@ zero_extendqisi2
  62 0004 024B     		ldr	r3, .L5+4
  63 0006 1A70     		strb	r2, [r3]
  64 0008 7047     		bx	lr
  65              	.L6:
  66 000a 00BF     		.align	2
  67              	.L5:
  68 000c 00000000 		.word	.LANCHOR0
  69 0010 74640040 		.word	1073767540
  70              		.cfi_endproc
  71              	.LFE1:
  72              		.size	Pass_Control_RestoreConfig, .-Pass_Control_RestoreConfig
  73              		.section	.text.Pass_Control_Sleep,"ax",%progbits
  74              		.align	1
  75              		.global	Pass_Control_Sleep
  76              		.thumb
  77              		.thumb_func
  78              		.type	Pass_Control_Sleep, %function
  79              	Pass_Control_Sleep:
  80              	.LFB2:
  64:.\Generated_Source\PSoC5/Pass_Control_PM.c **** }
  65:.\Generated_Source\PSoC5/Pass_Control_PM.c **** 
  66:.\Generated_Source\PSoC5/Pass_Control_PM.c **** 
  67:.\Generated_Source\PSoC5/Pass_Control_PM.c **** /*******************************************************************************
  68:.\Generated_Source\PSoC5/Pass_Control_PM.c **** * Function Name: Pass_Control_Sleep
  69:.\Generated_Source\PSoC5/Pass_Control_PM.c **** ********************************************************************************
  70:.\Generated_Source\PSoC5/Pass_Control_PM.c **** *
  71:.\Generated_Source\PSoC5/Pass_Control_PM.c **** * Summary:
  72:.\Generated_Source\PSoC5/Pass_Control_PM.c **** *  Prepares the component for entering the low power mode.
  73:.\Generated_Source\PSoC5/Pass_Control_PM.c **** *
  74:.\Generated_Source\PSoC5/Pass_Control_PM.c **** * Parameters:
  75:.\Generated_Source\PSoC5/Pass_Control_PM.c **** *  None
  76:.\Generated_Source\PSoC5/Pass_Control_PM.c **** *
  77:.\Generated_Source\PSoC5/Pass_Control_PM.c **** * Return:
  78:.\Generated_Source\PSoC5/Pass_Control_PM.c **** *  None
  79:.\Generated_Source\PSoC5/Pass_Control_PM.c **** *
  80:.\Generated_Source\PSoC5/Pass_Control_PM.c **** *******************************************************************************/
  81:.\Generated_Source\PSoC5/Pass_Control_PM.c **** void Pass_Control_Sleep(void) 
  82:.\Generated_Source\PSoC5/Pass_Control_PM.c **** {
  81              		.loc 1 82 0
  82              		.cfi_startproc
  83              		@ args = 0, pretend = 0, frame = 0
  84              		@ frame_needed = 0, uses_anonymous_args = 0
  85              		@ link register save eliminated.
  83:.\Generated_Source\PSoC5/Pass_Control_PM.c ****     Pass_Control_SaveConfig();
  86              		.loc 1 83 0
  87 0000 FFF7FEBF 		b	Pass_Control_SaveConfig
  88              	.LVL0:
ARM GAS  C:\Users\yqh\AppData\Local\Temp\ccG2NH9g.s 			page 4


  89              		.cfi_endproc
  90              	.LFE2:
  91              		.size	Pass_Control_Sleep, .-Pass_Control_Sleep
  92              		.section	.text.Pass_Control_Wakeup,"ax",%progbits
  93              		.align	1
  94              		.global	Pass_Control_Wakeup
  95              		.thumb
  96              		.thumb_func
  97              		.type	Pass_Control_Wakeup, %function
  98              	Pass_Control_Wakeup:
  99              	.LFB3:
  84:.\Generated_Source\PSoC5/Pass_Control_PM.c **** }
  85:.\Generated_Source\PSoC5/Pass_Control_PM.c **** 
  86:.\Generated_Source\PSoC5/Pass_Control_PM.c **** 
  87:.\Generated_Source\PSoC5/Pass_Control_PM.c **** /*******************************************************************************
  88:.\Generated_Source\PSoC5/Pass_Control_PM.c **** * Function Name: Pass_Control_Wakeup
  89:.\Generated_Source\PSoC5/Pass_Control_PM.c **** ********************************************************************************
  90:.\Generated_Source\PSoC5/Pass_Control_PM.c **** *
  91:.\Generated_Source\PSoC5/Pass_Control_PM.c **** * Summary:
  92:.\Generated_Source\PSoC5/Pass_Control_PM.c **** *  Restores the component after waking up from the low power mode.
  93:.\Generated_Source\PSoC5/Pass_Control_PM.c **** *
  94:.\Generated_Source\PSoC5/Pass_Control_PM.c **** * Parameters:
  95:.\Generated_Source\PSoC5/Pass_Control_PM.c **** *  None
  96:.\Generated_Source\PSoC5/Pass_Control_PM.c **** *
  97:.\Generated_Source\PSoC5/Pass_Control_PM.c **** * Return:
  98:.\Generated_Source\PSoC5/Pass_Control_PM.c **** *  None
  99:.\Generated_Source\PSoC5/Pass_Control_PM.c **** *
 100:.\Generated_Source\PSoC5/Pass_Control_PM.c **** *******************************************************************************/
 101:.\Generated_Source\PSoC5/Pass_Control_PM.c **** void Pass_Control_Wakeup(void)  
 102:.\Generated_Source\PSoC5/Pass_Control_PM.c **** {
 100              		.loc 1 102 0
 101              		.cfi_startproc
 102              		@ args = 0, pretend = 0, frame = 0
 103              		@ frame_needed = 0, uses_anonymous_args = 0
 104              		@ link register save eliminated.
 103:.\Generated_Source\PSoC5/Pass_Control_PM.c ****     Pass_Control_RestoreConfig();
 105              		.loc 1 103 0
 106 0000 FFF7FEBF 		b	Pass_Control_RestoreConfig
 107              	.LVL1:
 108              		.cfi_endproc
 109              	.LFE3:
 110              		.size	Pass_Control_Wakeup, .-Pass_Control_Wakeup
 111              		.bss
 112              		.set	.LANCHOR0,. + 0
 113              		.type	Pass_Control_backup, %object
 114              		.size	Pass_Control_backup, 1
 115              	Pass_Control_backup:
 116 0000 00       		.space	1
 117              		.text
 118              	.Letext0:
 119              		.file 2 ".\\Generated_Source\\PSoC5\\cytypes.h"
 120              		.file 3 ".\\Generated_Source\\PSoC5\\Pass_Control.h"
 121              		.section	.debug_info,"",%progbits
 122              	.Ldebug_info0:
 123 0000 2B010000 		.4byte	0x12b
 124 0004 0400     		.2byte	0x4
 125 0006 00000000 		.4byte	.Ldebug_abbrev0
ARM GAS  C:\Users\yqh\AppData\Local\Temp\ccG2NH9g.s 			page 5


 126 000a 04       		.byte	0x4
 127 000b 01       		.uleb128 0x1
 128 000c 39010000 		.4byte	.LASF19
 129 0010 01       		.byte	0x1
 130 0011 73000000 		.4byte	.LASF20
 131 0015 C7010000 		.4byte	.LASF21
 132 0019 00000000 		.4byte	.Ldebug_ranges0+0
 133 001d 00000000 		.4byte	0
 134 0021 00000000 		.4byte	.Ldebug_line0
 135 0025 02       		.uleb128 0x2
 136 0026 01       		.byte	0x1
 137 0027 06       		.byte	0x6
 138 0028 17020000 		.4byte	.LASF0
 139 002c 02       		.uleb128 0x2
 140 002d 01       		.byte	0x1
 141 002e 08       		.byte	0x8
 142 002f 3B000000 		.4byte	.LASF1
 143 0033 02       		.uleb128 0x2
 144 0034 02       		.byte	0x2
 145 0035 05       		.byte	0x5
 146 0036 2F010000 		.4byte	.LASF2
 147 003a 02       		.uleb128 0x2
 148 003b 02       		.byte	0x2
 149 003c 07       		.byte	0x7
 150 003d 60000000 		.4byte	.LASF3
 151 0041 02       		.uleb128 0x2
 152 0042 04       		.byte	0x4
 153 0043 05       		.byte	0x5
 154 0044 0E020000 		.4byte	.LASF4
 155 0048 02       		.uleb128 0x2
 156 0049 04       		.byte	0x4
 157 004a 07       		.byte	0x7
 158 004b 4E000000 		.4byte	.LASF5
 159 004f 02       		.uleb128 0x2
 160 0050 08       		.byte	0x8
 161 0051 05       		.byte	0x5
 162 0052 0F010000 		.4byte	.LASF6
 163 0056 02       		.uleb128 0x2
 164 0057 08       		.byte	0x8
 165 0058 07       		.byte	0x7
 166 0059 C5000000 		.4byte	.LASF7
 167 005d 03       		.uleb128 0x3
 168 005e 04       		.byte	0x4
 169 005f 05       		.byte	0x5
 170 0060 696E7400 		.ascii	"int\000"
 171 0064 02       		.uleb128 0x2
 172 0065 04       		.byte	0x4
 173 0066 07       		.byte	0x7
 174 0067 A5000000 		.4byte	.LASF8
 175 006b 04       		.uleb128 0x4
 176 006c 35000000 		.4byte	.LASF12
 177 0070 02       		.byte	0x2
 178 0071 3801     		.2byte	0x138
 179 0073 2C000000 		.4byte	0x2c
 180 0077 02       		.uleb128 0x2
 181 0078 04       		.byte	0x4
 182 0079 04       		.byte	0x4
ARM GAS  C:\Users\yqh\AppData\Local\Temp\ccG2NH9g.s 			page 6


 183 007a 2F000000 		.4byte	.LASF9
 184 007e 02       		.uleb128 0x2
 185 007f 08       		.byte	0x8
 186 0080 04       		.byte	0x4
 187 0081 9E000000 		.4byte	.LASF10
 188 0085 02       		.uleb128 0x2
 189 0086 01       		.byte	0x1
 190 0087 08       		.byte	0x8
 191 0088 1D010000 		.4byte	.LASF11
 192 008c 04       		.uleb128 0x4
 193 008d 49000000 		.4byte	.LASF13
 194 0091 02       		.byte	0x2
 195 0092 E201     		.2byte	0x1e2
 196 0094 98000000 		.4byte	0x98
 197 0098 05       		.uleb128 0x5
 198 0099 6B000000 		.4byte	0x6b
 199 009d 06       		.uleb128 0x6
 200 009e 01       		.byte	0x1
 201 009f 03       		.byte	0x3
 202 00a0 1C       		.byte	0x1c
 203 00a1 B2000000 		.4byte	0xb2
 204 00a5 07       		.uleb128 0x7
 205 00a6 22010000 		.4byte	.LASF22
 206 00aa 03       		.byte	0x3
 207 00ab 1E       		.byte	0x1e
 208 00ac 6B000000 		.4byte	0x6b
 209 00b0 00       		.byte	0
 210 00b1 00       		.byte	0
 211 00b2 08       		.uleb128 0x8
 212 00b3 DC000000 		.4byte	.LASF14
 213 00b7 03       		.byte	0x3
 214 00b8 20       		.byte	0x20
 215 00b9 9D000000 		.4byte	0x9d
 216 00bd 09       		.uleb128 0x9
 217 00be F7000000 		.4byte	.LASF15
 218 00c2 01       		.byte	0x1
 219 00c3 28       		.byte	0x28
 220 00c4 00000000 		.4byte	.LFB0
 221 00c8 14000000 		.4byte	.LFE0-.LFB0
 222 00cc 01       		.uleb128 0x1
 223 00cd 9C       		.byte	0x9c
 224 00ce 09       		.uleb128 0x9
 225 00cf 00000000 		.4byte	.LASF16
 226 00d3 01       		.byte	0x1
 227 00d4 3D       		.byte	0x3d
 228 00d5 00000000 		.4byte	.LFB1
 229 00d9 14000000 		.4byte	.LFE1-.LFB1
 230 00dd 01       		.uleb128 0x1
 231 00de 9C       		.byte	0x9c
 232 00df 0A       		.uleb128 0xa
 233 00e0 B2000000 		.4byte	.LASF17
 234 00e4 01       		.byte	0x1
 235 00e5 51       		.byte	0x51
 236 00e6 00000000 		.4byte	.LFB2
 237 00ea 04000000 		.4byte	.LFE2-.LFB2
 238 00ee 01       		.uleb128 0x1
 239 00ef 9C       		.byte	0x9c
ARM GAS  C:\Users\yqh\AppData\Local\Temp\ccG2NH9g.s 			page 7


 240 00f0 FE000000 		.4byte	0xfe
 241 00f4 0B       		.uleb128 0xb
 242 00f5 04000000 		.4byte	.LVL0
 243 00f9 BD000000 		.4byte	0xbd
 244 00fd 00       		.byte	0
 245 00fe 0A       		.uleb128 0xa
 246 00ff 1B000000 		.4byte	.LASF18
 247 0103 01       		.byte	0x1
 248 0104 65       		.byte	0x65
 249 0105 00000000 		.4byte	.LFB3
 250 0109 04000000 		.4byte	.LFE3-.LFB3
 251 010d 01       		.uleb128 0x1
 252 010e 9C       		.byte	0x9c
 253 010f 1D010000 		.4byte	0x11d
 254 0113 0B       		.uleb128 0xb
 255 0114 04000000 		.4byte	.LVL1
 256 0118 CE000000 		.4byte	0xce
 257 011c 00       		.byte	0
 258 011d 0C       		.uleb128 0xc
 259 011e 23020000 		.4byte	.LASF23
 260 0122 01       		.byte	0x1
 261 0123 17       		.byte	0x17
 262 0124 B2000000 		.4byte	0xb2
 263 0128 05       		.uleb128 0x5
 264 0129 03       		.byte	0x3
 265 012a 00000000 		.4byte	Pass_Control_backup
 266 012e 00       		.byte	0
 267              		.section	.debug_abbrev,"",%progbits
 268              	.Ldebug_abbrev0:
 269 0000 01       		.uleb128 0x1
 270 0001 11       		.uleb128 0x11
 271 0002 01       		.byte	0x1
 272 0003 25       		.uleb128 0x25
 273 0004 0E       		.uleb128 0xe
 274 0005 13       		.uleb128 0x13
 275 0006 0B       		.uleb128 0xb
 276 0007 03       		.uleb128 0x3
 277 0008 0E       		.uleb128 0xe
 278 0009 1B       		.uleb128 0x1b
 279 000a 0E       		.uleb128 0xe
 280 000b 55       		.uleb128 0x55
 281 000c 17       		.uleb128 0x17
 282 000d 11       		.uleb128 0x11
 283 000e 01       		.uleb128 0x1
 284 000f 10       		.uleb128 0x10
 285 0010 17       		.uleb128 0x17
 286 0011 00       		.byte	0
 287 0012 00       		.byte	0
 288 0013 02       		.uleb128 0x2
 289 0014 24       		.uleb128 0x24
 290 0015 00       		.byte	0
 291 0016 0B       		.uleb128 0xb
 292 0017 0B       		.uleb128 0xb
 293 0018 3E       		.uleb128 0x3e
 294 0019 0B       		.uleb128 0xb
 295 001a 03       		.uleb128 0x3
 296 001b 0E       		.uleb128 0xe
ARM GAS  C:\Users\yqh\AppData\Local\Temp\ccG2NH9g.s 			page 8


 297 001c 00       		.byte	0
 298 001d 00       		.byte	0
 299 001e 03       		.uleb128 0x3
 300 001f 24       		.uleb128 0x24
 301 0020 00       		.byte	0
 302 0021 0B       		.uleb128 0xb
 303 0022 0B       		.uleb128 0xb
 304 0023 3E       		.uleb128 0x3e
 305 0024 0B       		.uleb128 0xb
 306 0025 03       		.uleb128 0x3
 307 0026 08       		.uleb128 0x8
 308 0027 00       		.byte	0
 309 0028 00       		.byte	0
 310 0029 04       		.uleb128 0x4
 311 002a 16       		.uleb128 0x16
 312 002b 00       		.byte	0
 313 002c 03       		.uleb128 0x3
 314 002d 0E       		.uleb128 0xe
 315 002e 3A       		.uleb128 0x3a
 316 002f 0B       		.uleb128 0xb
 317 0030 3B       		.uleb128 0x3b
 318 0031 05       		.uleb128 0x5
 319 0032 49       		.uleb128 0x49
 320 0033 13       		.uleb128 0x13
 321 0034 00       		.byte	0
 322 0035 00       		.byte	0
 323 0036 05       		.uleb128 0x5
 324 0037 35       		.uleb128 0x35
 325 0038 00       		.byte	0
 326 0039 49       		.uleb128 0x49
 327 003a 13       		.uleb128 0x13
 328 003b 00       		.byte	0
 329 003c 00       		.byte	0
 330 003d 06       		.uleb128 0x6
 331 003e 13       		.uleb128 0x13
 332 003f 01       		.byte	0x1
 333 0040 0B       		.uleb128 0xb
 334 0041 0B       		.uleb128 0xb
 335 0042 3A       		.uleb128 0x3a
 336 0043 0B       		.uleb128 0xb
 337 0044 3B       		.uleb128 0x3b
 338 0045 0B       		.uleb128 0xb
 339 0046 01       		.uleb128 0x1
 340 0047 13       		.uleb128 0x13
 341 0048 00       		.byte	0
 342 0049 00       		.byte	0
 343 004a 07       		.uleb128 0x7
 344 004b 0D       		.uleb128 0xd
 345 004c 00       		.byte	0
 346 004d 03       		.uleb128 0x3
 347 004e 0E       		.uleb128 0xe
 348 004f 3A       		.uleb128 0x3a
 349 0050 0B       		.uleb128 0xb
 350 0051 3B       		.uleb128 0x3b
 351 0052 0B       		.uleb128 0xb
 352 0053 49       		.uleb128 0x49
 353 0054 13       		.uleb128 0x13
ARM GAS  C:\Users\yqh\AppData\Local\Temp\ccG2NH9g.s 			page 9


 354 0055 38       		.uleb128 0x38
 355 0056 0B       		.uleb128 0xb
 356 0057 00       		.byte	0
 357 0058 00       		.byte	0
 358 0059 08       		.uleb128 0x8
 359 005a 16       		.uleb128 0x16
 360 005b 00       		.byte	0
 361 005c 03       		.uleb128 0x3
 362 005d 0E       		.uleb128 0xe
 363 005e 3A       		.uleb128 0x3a
 364 005f 0B       		.uleb128 0xb
 365 0060 3B       		.uleb128 0x3b
 366 0061 0B       		.uleb128 0xb
 367 0062 49       		.uleb128 0x49
 368 0063 13       		.uleb128 0x13
 369 0064 00       		.byte	0
 370 0065 00       		.byte	0
 371 0066 09       		.uleb128 0x9
 372 0067 2E       		.uleb128 0x2e
 373 0068 00       		.byte	0
 374 0069 3F       		.uleb128 0x3f
 375 006a 19       		.uleb128 0x19
 376 006b 03       		.uleb128 0x3
 377 006c 0E       		.uleb128 0xe
 378 006d 3A       		.uleb128 0x3a
 379 006e 0B       		.uleb128 0xb
 380 006f 3B       		.uleb128 0x3b
 381 0070 0B       		.uleb128 0xb
 382 0071 27       		.uleb128 0x27
 383 0072 19       		.uleb128 0x19
 384 0073 11       		.uleb128 0x11
 385 0074 01       		.uleb128 0x1
 386 0075 12       		.uleb128 0x12
 387 0076 06       		.uleb128 0x6
 388 0077 40       		.uleb128 0x40
 389 0078 18       		.uleb128 0x18
 390 0079 9742     		.uleb128 0x2117
 391 007b 19       		.uleb128 0x19
 392 007c 00       		.byte	0
 393 007d 00       		.byte	0
 394 007e 0A       		.uleb128 0xa
 395 007f 2E       		.uleb128 0x2e
 396 0080 01       		.byte	0x1
 397 0081 3F       		.uleb128 0x3f
 398 0082 19       		.uleb128 0x19
 399 0083 03       		.uleb128 0x3
 400 0084 0E       		.uleb128 0xe
 401 0085 3A       		.uleb128 0x3a
 402 0086 0B       		.uleb128 0xb
 403 0087 3B       		.uleb128 0x3b
 404 0088 0B       		.uleb128 0xb
 405 0089 27       		.uleb128 0x27
 406 008a 19       		.uleb128 0x19
 407 008b 11       		.uleb128 0x11
 408 008c 01       		.uleb128 0x1
 409 008d 12       		.uleb128 0x12
 410 008e 06       		.uleb128 0x6
ARM GAS  C:\Users\yqh\AppData\Local\Temp\ccG2NH9g.s 			page 10


 411 008f 40       		.uleb128 0x40
 412 0090 18       		.uleb128 0x18
 413 0091 9742     		.uleb128 0x2117
 414 0093 19       		.uleb128 0x19
 415 0094 01       		.uleb128 0x1
 416 0095 13       		.uleb128 0x13
 417 0096 00       		.byte	0
 418 0097 00       		.byte	0
 419 0098 0B       		.uleb128 0xb
 420 0099 898201   		.uleb128 0x4109
 421 009c 00       		.byte	0
 422 009d 11       		.uleb128 0x11
 423 009e 01       		.uleb128 0x1
 424 009f 9542     		.uleb128 0x2115
 425 00a1 19       		.uleb128 0x19
 426 00a2 31       		.uleb128 0x31
 427 00a3 13       		.uleb128 0x13
 428 00a4 00       		.byte	0
 429 00a5 00       		.byte	0
 430 00a6 0C       		.uleb128 0xc
 431 00a7 34       		.uleb128 0x34
 432 00a8 00       		.byte	0
 433 00a9 03       		.uleb128 0x3
 434 00aa 0E       		.uleb128 0xe
 435 00ab 3A       		.uleb128 0x3a
 436 00ac 0B       		.uleb128 0xb
 437 00ad 3B       		.uleb128 0x3b
 438 00ae 0B       		.uleb128 0xb
 439 00af 49       		.uleb128 0x49
 440 00b0 13       		.uleb128 0x13
 441 00b1 02       		.uleb128 0x2
 442 00b2 18       		.uleb128 0x18
 443 00b3 00       		.byte	0
 444 00b4 00       		.byte	0
 445 00b5 00       		.byte	0
 446              		.section	.debug_aranges,"",%progbits
 447 0000 34000000 		.4byte	0x34
 448 0004 0200     		.2byte	0x2
 449 0006 00000000 		.4byte	.Ldebug_info0
 450 000a 04       		.byte	0x4
 451 000b 00       		.byte	0
 452 000c 0000     		.2byte	0
 453 000e 0000     		.2byte	0
 454 0010 00000000 		.4byte	.LFB0
 455 0014 14000000 		.4byte	.LFE0-.LFB0
 456 0018 00000000 		.4byte	.LFB1
 457 001c 14000000 		.4byte	.LFE1-.LFB1
 458 0020 00000000 		.4byte	.LFB2
 459 0024 04000000 		.4byte	.LFE2-.LFB2
 460 0028 00000000 		.4byte	.LFB3
 461 002c 04000000 		.4byte	.LFE3-.LFB3
 462 0030 00000000 		.4byte	0
 463 0034 00000000 		.4byte	0
 464              		.section	.debug_ranges,"",%progbits
 465              	.Ldebug_ranges0:
 466 0000 00000000 		.4byte	.LFB0
 467 0004 14000000 		.4byte	.LFE0
ARM GAS  C:\Users\yqh\AppData\Local\Temp\ccG2NH9g.s 			page 11


 468 0008 00000000 		.4byte	.LFB1
 469 000c 14000000 		.4byte	.LFE1
 470 0010 00000000 		.4byte	.LFB2
 471 0014 04000000 		.4byte	.LFE2
 472 0018 00000000 		.4byte	.LFB3
 473 001c 04000000 		.4byte	.LFE3
 474 0020 00000000 		.4byte	0
 475 0024 00000000 		.4byte	0
 476              		.section	.debug_line,"",%progbits
 477              	.Ldebug_line0:
 478 0000 A8000000 		.section	.debug_str,"MS",%progbits,1
 478      02006000 
 478      00000201 
 478      FB0E0D00 
 478      01010101 
 479              	.LASF16:
 480 0000 50617373 		.ascii	"Pass_Control_RestoreConfig\000"
 480      5F436F6E 
 480      74726F6C 
 480      5F526573 
 480      746F7265 
 481              	.LASF18:
 482 001b 50617373 		.ascii	"Pass_Control_Wakeup\000"
 482      5F436F6E 
 482      74726F6C 
 482      5F57616B 
 482      65757000 
 483              	.LASF9:
 484 002f 666C6F61 		.ascii	"float\000"
 484      7400
 485              	.LASF12:
 486 0035 75696E74 		.ascii	"uint8\000"
 486      3800
 487              	.LASF1:
 488 003b 756E7369 		.ascii	"unsigned char\000"
 488      676E6564 
 488      20636861 
 488      7200
 489              	.LASF13:
 490 0049 72656738 		.ascii	"reg8\000"
 490      00
 491              	.LASF5:
 492 004e 6C6F6E67 		.ascii	"long unsigned int\000"
 492      20756E73 
 492      69676E65 
 492      6420696E 
 492      7400
 493              	.LASF3:
 494 0060 73686F72 		.ascii	"short unsigned int\000"
 494      7420756E 
 494      7369676E 
 494      65642069 
 494      6E7400
 495              	.LASF20:
 496 0073 2E5C4765 		.ascii	".\\Generated_Source\\PSoC5\\Pass_Control_PM.c\000"
 496      6E657261 
 496      7465645F 
ARM GAS  C:\Users\yqh\AppData\Local\Temp\ccG2NH9g.s 			page 12


 496      536F7572 
 496      63655C50 
 497              	.LASF10:
 498 009e 646F7562 		.ascii	"double\000"
 498      6C6500
 499              	.LASF8:
 500 00a5 756E7369 		.ascii	"unsigned int\000"
 500      676E6564 
 500      20696E74 
 500      00
 501              	.LASF17:
 502 00b2 50617373 		.ascii	"Pass_Control_Sleep\000"
 502      5F436F6E 
 502      74726F6C 
 502      5F536C65 
 502      657000
 503              	.LASF7:
 504 00c5 6C6F6E67 		.ascii	"long long unsigned int\000"
 504      206C6F6E 
 504      6720756E 
 504      7369676E 
 504      65642069 
 505              	.LASF14:
 506 00dc 50617373 		.ascii	"Pass_Control_BACKUP_STRUCT\000"
 506      5F436F6E 
 506      74726F6C 
 506      5F424143 
 506      4B55505F 
 507              	.LASF15:
 508 00f7 50617373 		.ascii	"Pass_Control_SaveConfig\000"
 508      5F436F6E 
 508      74726F6C 
 508      5F536176 
 508      65436F6E 
 509              	.LASF6:
 510 010f 6C6F6E67 		.ascii	"long long int\000"
 510      206C6F6E 
 510      6720696E 
 510      7400
 511              	.LASF11:
 512 011d 63686172 		.ascii	"char\000"
 512      00
 513              	.LASF22:
 514 0122 636F6E74 		.ascii	"controlState\000"
 514      726F6C53 
 514      74617465 
 514      00
 515              	.LASF2:
 516 012f 73686F72 		.ascii	"short int\000"
 516      7420696E 
 516      7400
 517              	.LASF19:
 518 0139 474E5520 		.ascii	"GNU C 4.9.3 20150303 (release) [ARM/embedded-4_9-br"
 518      4320342E 
 518      392E3320 
 518      32303135 
 518      30333033 
ARM GAS  C:\Users\yqh\AppData\Local\Temp\ccG2NH9g.s 			page 13


 519 016c 616E6368 		.ascii	"anch revision 221220] -mcpu=cortex-m3 -mthumb -g -O"
 519      20726576 
 519      6973696F 
 519      6E203232 
 519      31323230 
 520 019f 73202D66 		.ascii	"s -ffunction-sections -ffat-lto-objects\000"
 520      66756E63 
 520      74696F6E 
 520      2D736563 
 520      74696F6E 
 521              	.LASF21:
 522 01c7 433A5C55 		.ascii	"C:\\Users\\yqh\\Documents\\works\\NanoNXT\\Pass_TOC"
 522      73657273 
 522      5C797168 
 522      5C446F63 
 522      756D656E 
 523 01f4 5C332E34 		.ascii	"\\3.4.4\\nanoNxt_ICM3.cydsn\000"
 523      2E345C6E 
 523      616E6F4E 
 523      78745F49 
 523      434D332E 
 524              	.LASF4:
 525 020e 6C6F6E67 		.ascii	"long int\000"
 525      20696E74 
 525      00
 526              	.LASF0:
 527 0217 7369676E 		.ascii	"signed char\000"
 527      65642063 
 527      68617200 
 528              	.LASF23:
 529 0223 50617373 		.ascii	"Pass_Control_backup\000"
 529      5F436F6E 
 529      74726F6C 
 529      5F626163 
 529      6B757000 
 530              		.ident	"GCC: (GNU Tools for ARM Embedded Processors) 4.9.3 20150303 (release) [ARM/embedded-4_9-br
