ARM GAS  C:\Users\yqh\AppData\Local\Temp\cco3N0rs.s 			page 1


   1              		.syntax unified
   2              		.cpu cortex-m3
   3              		.fpu softvfp
   4              		.eabi_attribute 20, 1
   5              		.eabi_attribute 21, 1
   6              		.eabi_attribute 23, 3
   7              		.eabi_attribute 24, 1
   8              		.eabi_attribute 25, 1
   9              		.eabi_attribute 26, 1
  10              		.eabi_attribute 30, 4
  11              		.eabi_attribute 34, 1
  12              		.eabi_attribute 18, 4
  13              		.thumb
  14              		.file	"UART_TIMER_PM.c"
  15              		.text
  16              	.Ltext0:
  17              		.cfi_sections	.debug_frame
  18              		.section	.text.UART_TIMER_SaveConfig,"ax",%progbits
  19              		.align	1
  20              		.global	UART_TIMER_SaveConfig
  21              		.thumb
  22              		.thumb_func
  23              		.type	UART_TIMER_SaveConfig, %function
  24              	UART_TIMER_SaveConfig:
  25              	.LFB0:
  26              		.file 1 "Generated_Source\\PSoC5\\UART_TIMER_PM.c"
   1:Generated_Source\PSoC5/UART_TIMER_PM.c **** /*******************************************************************************
   2:Generated_Source\PSoC5/UART_TIMER_PM.c **** * File Name: UART_TIMER_PM.c
   3:Generated_Source\PSoC5/UART_TIMER_PM.c **** * Version 2.70
   4:Generated_Source\PSoC5/UART_TIMER_PM.c **** *
   5:Generated_Source\PSoC5/UART_TIMER_PM.c **** *  Description:
   6:Generated_Source\PSoC5/UART_TIMER_PM.c **** *     This file provides the power management source code to API for the
   7:Generated_Source\PSoC5/UART_TIMER_PM.c **** *     Timer.
   8:Generated_Source\PSoC5/UART_TIMER_PM.c **** *
   9:Generated_Source\PSoC5/UART_TIMER_PM.c **** *   Note:
  10:Generated_Source\PSoC5/UART_TIMER_PM.c **** *     None
  11:Generated_Source\PSoC5/UART_TIMER_PM.c **** *
  12:Generated_Source\PSoC5/UART_TIMER_PM.c **** *******************************************************************************
  13:Generated_Source\PSoC5/UART_TIMER_PM.c **** * Copyright 2008-2014, Cypress Semiconductor Corporation.  All rights reserved.
  14:Generated_Source\PSoC5/UART_TIMER_PM.c **** * You may use this file only in accordance with the license, terms, conditions,
  15:Generated_Source\PSoC5/UART_TIMER_PM.c **** * disclaimers, and limitations in the end user license agreement accompanying
  16:Generated_Source\PSoC5/UART_TIMER_PM.c **** * the software package with which this file was provided.
  17:Generated_Source\PSoC5/UART_TIMER_PM.c **** ********************************************************************************/
  18:Generated_Source\PSoC5/UART_TIMER_PM.c **** 
  19:Generated_Source\PSoC5/UART_TIMER_PM.c **** #include "UART_TIMER.h"
  20:Generated_Source\PSoC5/UART_TIMER_PM.c **** 
  21:Generated_Source\PSoC5/UART_TIMER_PM.c **** static UART_TIMER_backupStruct UART_TIMER_backup;
  22:Generated_Source\PSoC5/UART_TIMER_PM.c **** 
  23:Generated_Source\PSoC5/UART_TIMER_PM.c **** 
  24:Generated_Source\PSoC5/UART_TIMER_PM.c **** /*******************************************************************************
  25:Generated_Source\PSoC5/UART_TIMER_PM.c **** * Function Name: UART_TIMER_SaveConfig
  26:Generated_Source\PSoC5/UART_TIMER_PM.c **** ********************************************************************************
  27:Generated_Source\PSoC5/UART_TIMER_PM.c **** *
  28:Generated_Source\PSoC5/UART_TIMER_PM.c **** * Summary:
  29:Generated_Source\PSoC5/UART_TIMER_PM.c **** *     Save the current user configuration
  30:Generated_Source\PSoC5/UART_TIMER_PM.c **** *
  31:Generated_Source\PSoC5/UART_TIMER_PM.c **** * Parameters:
ARM GAS  C:\Users\yqh\AppData\Local\Temp\cco3N0rs.s 			page 2


  32:Generated_Source\PSoC5/UART_TIMER_PM.c **** *  void
  33:Generated_Source\PSoC5/UART_TIMER_PM.c **** *
  34:Generated_Source\PSoC5/UART_TIMER_PM.c **** * Return:
  35:Generated_Source\PSoC5/UART_TIMER_PM.c **** *  void
  36:Generated_Source\PSoC5/UART_TIMER_PM.c **** *
  37:Generated_Source\PSoC5/UART_TIMER_PM.c **** * Global variables:
  38:Generated_Source\PSoC5/UART_TIMER_PM.c **** *  UART_TIMER_backup:  Variables of this global structure are modified to
  39:Generated_Source\PSoC5/UART_TIMER_PM.c **** *  store the values of non retention configuration registers when Sleep() API is
  40:Generated_Source\PSoC5/UART_TIMER_PM.c **** *  called.
  41:Generated_Source\PSoC5/UART_TIMER_PM.c **** *
  42:Generated_Source\PSoC5/UART_TIMER_PM.c **** *******************************************************************************/
  43:Generated_Source\PSoC5/UART_TIMER_PM.c **** void UART_TIMER_SaveConfig(void) 
  44:Generated_Source\PSoC5/UART_TIMER_PM.c **** {
  27              		.loc 1 44 0
  28              		.cfi_startproc
  29              		@ args = 0, pretend = 0, frame = 0
  30              		@ frame_needed = 0, uses_anonymous_args = 0
  31 0000 10B5     		push	{r4, lr}
  32              		.cfi_def_cfa_offset 8
  33              		.cfi_offset 4, -8
  34              		.cfi_offset 14, -4
  45:Generated_Source\PSoC5/UART_TIMER_PM.c ****     #if (!UART_TIMER_UsingFixedFunction)
  46:Generated_Source\PSoC5/UART_TIMER_PM.c ****         UART_TIMER_backup.TimerUdb = UART_TIMER_ReadCounter();
  35              		.loc 1 46 0
  36 0002 FFF7FEFF 		bl	UART_TIMER_ReadCounter
  37              	.LVL0:
  38 0006 044C     		ldr	r4, .L2
  47:Generated_Source\PSoC5/UART_TIMER_PM.c ****         UART_TIMER_backup.InterruptMaskValue = UART_TIMER_STATUS_MASK;
  39              		.loc 1 47 0
  40 0008 044B     		ldr	r3, .L2+4
  46:Generated_Source\PSoC5/UART_TIMER_PM.c ****         UART_TIMER_backup.InterruptMaskValue = UART_TIMER_STATUS_MASK;
  41              		.loc 1 46 0
  42 000a 6070     		strb	r0, [r4, #1]
  43              		.loc 1 47 0
  44 000c 1B78     		ldrb	r3, [r3]	@ zero_extendqisi2
  45 000e A370     		strb	r3, [r4, #2]
  48:Generated_Source\PSoC5/UART_TIMER_PM.c ****         #if (UART_TIMER_UsingHWCaptureCounter)
  49:Generated_Source\PSoC5/UART_TIMER_PM.c ****             UART_TIMER_backup.TimerCaptureCounter = UART_TIMER_ReadCaptureCount();
  50:Generated_Source\PSoC5/UART_TIMER_PM.c ****         #endif /* Back Up capture counter register  */
  51:Generated_Source\PSoC5/UART_TIMER_PM.c **** 
  52:Generated_Source\PSoC5/UART_TIMER_PM.c ****         #if(!UART_TIMER_UDB_CONTROL_REG_REMOVED)
  53:Generated_Source\PSoC5/UART_TIMER_PM.c ****             UART_TIMER_backup.TimerControlRegister = UART_TIMER_ReadControlRegister();
  46              		.loc 1 53 0
  47 0010 FFF7FEFF 		bl	UART_TIMER_ReadControlRegister
  48              	.LVL1:
  49 0014 E070     		strb	r0, [r4, #3]
  50 0016 10BD     		pop	{r4, pc}
  51              	.L3:
  52              		.align	2
  53              	.L2:
  54 0018 00000000 		.word	.LANCHOR0
  55 001c 88650040 		.word	1073767816
  56              		.cfi_endproc
  57              	.LFE0:
  58              		.size	UART_TIMER_SaveConfig, .-UART_TIMER_SaveConfig
  59              		.section	.text.UART_TIMER_RestoreConfig,"ax",%progbits
  60              		.align	1
ARM GAS  C:\Users\yqh\AppData\Local\Temp\cco3N0rs.s 			page 3


  61              		.global	UART_TIMER_RestoreConfig
  62              		.thumb
  63              		.thumb_func
  64              		.type	UART_TIMER_RestoreConfig, %function
  65              	UART_TIMER_RestoreConfig:
  66              	.LFB1:
  54:Generated_Source\PSoC5/UART_TIMER_PM.c ****         #endif /* Backup the enable state of the Timer component */
  55:Generated_Source\PSoC5/UART_TIMER_PM.c ****     #endif /* Backup non retention registers in UDB implementation. All fixed function registers ar
  56:Generated_Source\PSoC5/UART_TIMER_PM.c **** }
  57:Generated_Source\PSoC5/UART_TIMER_PM.c **** 
  58:Generated_Source\PSoC5/UART_TIMER_PM.c **** 
  59:Generated_Source\PSoC5/UART_TIMER_PM.c **** /*******************************************************************************
  60:Generated_Source\PSoC5/UART_TIMER_PM.c **** * Function Name: UART_TIMER_RestoreConfig
  61:Generated_Source\PSoC5/UART_TIMER_PM.c **** ********************************************************************************
  62:Generated_Source\PSoC5/UART_TIMER_PM.c **** *
  63:Generated_Source\PSoC5/UART_TIMER_PM.c **** * Summary:
  64:Generated_Source\PSoC5/UART_TIMER_PM.c **** *  Restores the current user configuration.
  65:Generated_Source\PSoC5/UART_TIMER_PM.c **** *
  66:Generated_Source\PSoC5/UART_TIMER_PM.c **** * Parameters:
  67:Generated_Source\PSoC5/UART_TIMER_PM.c **** *  void
  68:Generated_Source\PSoC5/UART_TIMER_PM.c **** *
  69:Generated_Source\PSoC5/UART_TIMER_PM.c **** * Return:
  70:Generated_Source\PSoC5/UART_TIMER_PM.c **** *  void
  71:Generated_Source\PSoC5/UART_TIMER_PM.c **** *
  72:Generated_Source\PSoC5/UART_TIMER_PM.c **** * Global variables:
  73:Generated_Source\PSoC5/UART_TIMER_PM.c **** *  UART_TIMER_backup:  Variables of this global structure are used to
  74:Generated_Source\PSoC5/UART_TIMER_PM.c **** *  restore the values of non retention registers on wakeup from sleep mode.
  75:Generated_Source\PSoC5/UART_TIMER_PM.c **** *
  76:Generated_Source\PSoC5/UART_TIMER_PM.c **** *******************************************************************************/
  77:Generated_Source\PSoC5/UART_TIMER_PM.c **** void UART_TIMER_RestoreConfig(void) 
  78:Generated_Source\PSoC5/UART_TIMER_PM.c **** {   
  67              		.loc 1 78 0
  68              		.cfi_startproc
  69              		@ args = 0, pretend = 0, frame = 0
  70              		@ frame_needed = 0, uses_anonymous_args = 0
  71 0000 10B5     		push	{r4, lr}
  72              		.cfi_def_cfa_offset 8
  73              		.cfi_offset 4, -8
  74              		.cfi_offset 14, -4
  79:Generated_Source\PSoC5/UART_TIMER_PM.c ****     #if (!UART_TIMER_UsingFixedFunction)
  80:Generated_Source\PSoC5/UART_TIMER_PM.c **** 
  81:Generated_Source\PSoC5/UART_TIMER_PM.c ****         UART_TIMER_WriteCounter(UART_TIMER_backup.TimerUdb);
  75              		.loc 1 81 0
  76 0002 064C     		ldr	r4, .L5
  77 0004 6078     		ldrb	r0, [r4, #1]	@ zero_extendqisi2
  78 0006 FFF7FEFF 		bl	UART_TIMER_WriteCounter
  79              	.LVL2:
  82:Generated_Source\PSoC5/UART_TIMER_PM.c ****         UART_TIMER_STATUS_MASK =UART_TIMER_backup.InterruptMaskValue;
  80              		.loc 1 82 0
  81 000a A278     		ldrb	r2, [r4, #2]	@ zero_extendqisi2
  82 000c 044B     		ldr	r3, .L5+4
  83 000e 1A70     		strb	r2, [r3]
  83:Generated_Source\PSoC5/UART_TIMER_PM.c ****         #if (UART_TIMER_UsingHWCaptureCounter)
  84:Generated_Source\PSoC5/UART_TIMER_PM.c ****             UART_TIMER_SetCaptureCount(UART_TIMER_backup.TimerCaptureCounter);
  85:Generated_Source\PSoC5/UART_TIMER_PM.c ****         #endif /* Restore Capture counter register*/
  86:Generated_Source\PSoC5/UART_TIMER_PM.c **** 
  87:Generated_Source\PSoC5/UART_TIMER_PM.c ****         #if(!UART_TIMER_UDB_CONTROL_REG_REMOVED)
ARM GAS  C:\Users\yqh\AppData\Local\Temp\cco3N0rs.s 			page 4


  88:Generated_Source\PSoC5/UART_TIMER_PM.c ****             UART_TIMER_WriteControlRegister(UART_TIMER_backup.TimerControlRegister);
  84              		.loc 1 88 0
  85 0010 E078     		ldrb	r0, [r4, #3]	@ zero_extendqisi2
  89:Generated_Source\PSoC5/UART_TIMER_PM.c ****         #endif /* Restore the enable state of the Timer component */
  90:Generated_Source\PSoC5/UART_TIMER_PM.c ****     #endif /* Restore non retention registers in the UDB implementation only */
  91:Generated_Source\PSoC5/UART_TIMER_PM.c **** }
  86              		.loc 1 91 0
  87 0012 BDE81040 		pop	{r4, lr}
  88              		.cfi_restore 14
  89              		.cfi_restore 4
  90              		.cfi_def_cfa_offset 0
  88:Generated_Source\PSoC5/UART_TIMER_PM.c ****         #endif /* Restore the enable state of the Timer component */
  91              		.loc 1 88 0
  92 0016 FFF7FEBF 		b	UART_TIMER_WriteControlRegister
  93              	.LVL3:
  94              	.L6:
  95 001a 00BF     		.align	2
  96              	.L5:
  97 001c 00000000 		.word	.LANCHOR0
  98 0020 88650040 		.word	1073767816
  99              		.cfi_endproc
 100              	.LFE1:
 101              		.size	UART_TIMER_RestoreConfig, .-UART_TIMER_RestoreConfig
 102              		.section	.text.UART_TIMER_Sleep,"ax",%progbits
 103              		.align	1
 104              		.global	UART_TIMER_Sleep
 105              		.thumb
 106              		.thumb_func
 107              		.type	UART_TIMER_Sleep, %function
 108              	UART_TIMER_Sleep:
 109              	.LFB2:
  92:Generated_Source\PSoC5/UART_TIMER_PM.c **** 
  93:Generated_Source\PSoC5/UART_TIMER_PM.c **** 
  94:Generated_Source\PSoC5/UART_TIMER_PM.c **** /*******************************************************************************
  95:Generated_Source\PSoC5/UART_TIMER_PM.c **** * Function Name: UART_TIMER_Sleep
  96:Generated_Source\PSoC5/UART_TIMER_PM.c **** ********************************************************************************
  97:Generated_Source\PSoC5/UART_TIMER_PM.c **** *
  98:Generated_Source\PSoC5/UART_TIMER_PM.c **** * Summary:
  99:Generated_Source\PSoC5/UART_TIMER_PM.c **** *     Stop and Save the user configuration
 100:Generated_Source\PSoC5/UART_TIMER_PM.c **** *
 101:Generated_Source\PSoC5/UART_TIMER_PM.c **** * Parameters:
 102:Generated_Source\PSoC5/UART_TIMER_PM.c **** *  void
 103:Generated_Source\PSoC5/UART_TIMER_PM.c **** *
 104:Generated_Source\PSoC5/UART_TIMER_PM.c **** * Return:
 105:Generated_Source\PSoC5/UART_TIMER_PM.c **** *  void
 106:Generated_Source\PSoC5/UART_TIMER_PM.c **** *
 107:Generated_Source\PSoC5/UART_TIMER_PM.c **** * Global variables:
 108:Generated_Source\PSoC5/UART_TIMER_PM.c **** *  UART_TIMER_backup.TimerEnableState:  Is modified depending on the
 109:Generated_Source\PSoC5/UART_TIMER_PM.c **** *  enable state of the block before entering sleep mode.
 110:Generated_Source\PSoC5/UART_TIMER_PM.c **** *
 111:Generated_Source\PSoC5/UART_TIMER_PM.c **** *******************************************************************************/
 112:Generated_Source\PSoC5/UART_TIMER_PM.c **** void UART_TIMER_Sleep(void) 
 113:Generated_Source\PSoC5/UART_TIMER_PM.c **** {
 110              		.loc 1 113 0
 111              		.cfi_startproc
 112              		@ args = 0, pretend = 0, frame = 0
 113              		@ frame_needed = 0, uses_anonymous_args = 0
ARM GAS  C:\Users\yqh\AppData\Local\Temp\cco3N0rs.s 			page 5


 114 0000 08B5     		push	{r3, lr}
 115              		.cfi_def_cfa_offset 8
 116              		.cfi_offset 3, -8
 117              		.cfi_offset 14, -4
 114:Generated_Source\PSoC5/UART_TIMER_PM.c ****     #if(!UART_TIMER_UDB_CONTROL_REG_REMOVED)
 115:Generated_Source\PSoC5/UART_TIMER_PM.c ****         /* Save Counter's enable state */
 116:Generated_Source\PSoC5/UART_TIMER_PM.c ****         if(UART_TIMER_CTRL_ENABLE == (UART_TIMER_CONTROL & UART_TIMER_CTRL_ENABLE))
 118              		.loc 1 116 0
 119 0002 074B     		ldr	r3, .L11
 120 0004 1B78     		ldrb	r3, [r3]	@ zero_extendqisi2
 121 0006 13F0800F 		tst	r3, #128
 122 000a 064B     		ldr	r3, .L11+4
 117:Generated_Source\PSoC5/UART_TIMER_PM.c ****         {
 118:Generated_Source\PSoC5/UART_TIMER_PM.c ****             /* Timer is enabled */
 119:Generated_Source\PSoC5/UART_TIMER_PM.c ****             UART_TIMER_backup.TimerEnableState = 1u;
 123              		.loc 1 119 0
 124 000c 14BF     		ite	ne
 125 000e 0122     		movne	r2, #1
 120:Generated_Source\PSoC5/UART_TIMER_PM.c ****         }
 121:Generated_Source\PSoC5/UART_TIMER_PM.c ****         else
 122:Generated_Source\PSoC5/UART_TIMER_PM.c ****         {
 123:Generated_Source\PSoC5/UART_TIMER_PM.c ****             /* Timer is disabled */
 124:Generated_Source\PSoC5/UART_TIMER_PM.c ****             UART_TIMER_backup.TimerEnableState = 0u;
 126              		.loc 1 124 0
 127 0010 0022     		moveq	r2, #0
 128 0012 1A70     		strb	r2, [r3]
 125:Generated_Source\PSoC5/UART_TIMER_PM.c ****         }
 126:Generated_Source\PSoC5/UART_TIMER_PM.c ****     #endif /* Back up enable state from the Timer control register */
 127:Generated_Source\PSoC5/UART_TIMER_PM.c ****     UART_TIMER_Stop();
 129              		.loc 1 127 0
 130 0014 FFF7FEFF 		bl	UART_TIMER_Stop
 131              	.LVL4:
 128:Generated_Source\PSoC5/UART_TIMER_PM.c ****     UART_TIMER_SaveConfig();
 129:Generated_Source\PSoC5/UART_TIMER_PM.c **** }
 132              		.loc 1 129 0
 133 0018 BDE80840 		pop	{r3, lr}
 134              		.cfi_restore 14
 135              		.cfi_restore 3
 136              		.cfi_def_cfa_offset 0
 128:Generated_Source\PSoC5/UART_TIMER_PM.c ****     UART_TIMER_SaveConfig();
 137              		.loc 1 128 0
 138 001c FFF7FEBF 		b	UART_TIMER_SaveConfig
 139              	.LVL5:
 140              	.L12:
 141              		.align	2
 142              	.L11:
 143 0020 78650040 		.word	1073767800
 144 0024 00000000 		.word	.LANCHOR0
 145              		.cfi_endproc
 146              	.LFE2:
 147              		.size	UART_TIMER_Sleep, .-UART_TIMER_Sleep
 148              		.section	.text.UART_TIMER_Wakeup,"ax",%progbits
 149              		.align	1
 150              		.global	UART_TIMER_Wakeup
 151              		.thumb
 152              		.thumb_func
 153              		.type	UART_TIMER_Wakeup, %function
ARM GAS  C:\Users\yqh\AppData\Local\Temp\cco3N0rs.s 			page 6


 154              	UART_TIMER_Wakeup:
 155              	.LFB3:
 130:Generated_Source\PSoC5/UART_TIMER_PM.c **** 
 131:Generated_Source\PSoC5/UART_TIMER_PM.c **** 
 132:Generated_Source\PSoC5/UART_TIMER_PM.c **** /*******************************************************************************
 133:Generated_Source\PSoC5/UART_TIMER_PM.c **** * Function Name: UART_TIMER_Wakeup
 134:Generated_Source\PSoC5/UART_TIMER_PM.c **** ********************************************************************************
 135:Generated_Source\PSoC5/UART_TIMER_PM.c **** *
 136:Generated_Source\PSoC5/UART_TIMER_PM.c **** * Summary:
 137:Generated_Source\PSoC5/UART_TIMER_PM.c **** *  Restores and enables the user configuration
 138:Generated_Source\PSoC5/UART_TIMER_PM.c **** *
 139:Generated_Source\PSoC5/UART_TIMER_PM.c **** * Parameters:
 140:Generated_Source\PSoC5/UART_TIMER_PM.c **** *  void
 141:Generated_Source\PSoC5/UART_TIMER_PM.c **** *
 142:Generated_Source\PSoC5/UART_TIMER_PM.c **** * Return:
 143:Generated_Source\PSoC5/UART_TIMER_PM.c **** *  void
 144:Generated_Source\PSoC5/UART_TIMER_PM.c **** *
 145:Generated_Source\PSoC5/UART_TIMER_PM.c **** * Global variables:
 146:Generated_Source\PSoC5/UART_TIMER_PM.c **** *  UART_TIMER_backup.enableState:  Is used to restore the enable state of
 147:Generated_Source\PSoC5/UART_TIMER_PM.c **** *  block on wakeup from sleep mode.
 148:Generated_Source\PSoC5/UART_TIMER_PM.c **** *
 149:Generated_Source\PSoC5/UART_TIMER_PM.c **** *******************************************************************************/
 150:Generated_Source\PSoC5/UART_TIMER_PM.c **** void UART_TIMER_Wakeup(void) 
 151:Generated_Source\PSoC5/UART_TIMER_PM.c **** {
 156              		.loc 1 151 0
 157              		.cfi_startproc
 158              		@ args = 0, pretend = 0, frame = 0
 159              		@ frame_needed = 0, uses_anonymous_args = 0
 160 0000 08B5     		push	{r3, lr}
 161              		.cfi_def_cfa_offset 8
 162              		.cfi_offset 3, -8
 163              		.cfi_offset 14, -4
 152:Generated_Source\PSoC5/UART_TIMER_PM.c ****     UART_TIMER_RestoreConfig();
 164              		.loc 1 152 0
 165 0002 FFF7FEFF 		bl	UART_TIMER_RestoreConfig
 166              	.LVL6:
 153:Generated_Source\PSoC5/UART_TIMER_PM.c ****     #if(!UART_TIMER_UDB_CONTROL_REG_REMOVED)
 154:Generated_Source\PSoC5/UART_TIMER_PM.c ****         if(UART_TIMER_backup.TimerEnableState == 1u)
 167              		.loc 1 154 0
 168 0006 044B     		ldr	r3, .L16
 169 0008 1B78     		ldrb	r3, [r3]	@ zero_extendqisi2
 170 000a 012B     		cmp	r3, #1
 171 000c 03D1     		bne	.L13
 155:Generated_Source\PSoC5/UART_TIMER_PM.c ****         {     /* Enable Timer's operation */
 156:Generated_Source\PSoC5/UART_TIMER_PM.c ****                 UART_TIMER_Enable();
 157:Generated_Source\PSoC5/UART_TIMER_PM.c ****         } /* Do nothing if Timer was disabled before */
 158:Generated_Source\PSoC5/UART_TIMER_PM.c ****     #endif /* Remove this code section if Control register is removed */
 159:Generated_Source\PSoC5/UART_TIMER_PM.c **** }
 172              		.loc 1 159 0
 173 000e BDE80840 		pop	{r3, lr}
 174              		.cfi_remember_state
 175              		.cfi_restore 14
 176              		.cfi_restore 3
 177              		.cfi_def_cfa_offset 0
 156:Generated_Source\PSoC5/UART_TIMER_PM.c ****         } /* Do nothing if Timer was disabled before */
 178              		.loc 1 156 0
 179 0012 FFF7FEBF 		b	UART_TIMER_Enable
ARM GAS  C:\Users\yqh\AppData\Local\Temp\cco3N0rs.s 			page 7


 180              	.LVL7:
 181              	.L13:
 182              		.cfi_restore_state
 183 0016 08BD     		pop	{r3, pc}
 184              	.L17:
 185              		.align	2
 186              	.L16:
 187 0018 00000000 		.word	.LANCHOR0
 188              		.cfi_endproc
 189              	.LFE3:
 190              		.size	UART_TIMER_Wakeup, .-UART_TIMER_Wakeup
 191              		.bss
 192              		.set	.LANCHOR0,. + 0
 193              		.type	UART_TIMER_backup, %object
 194              		.size	UART_TIMER_backup, 4
 195              	UART_TIMER_backup:
 196 0000 00000000 		.space	4
 197              		.text
 198              	.Letext0:
 199              		.file 2 "Generated_Source\\PSoC5\\cytypes.h"
 200              		.file 3 "Generated_Source\\PSoC5\\UART_TIMER.h"
 201              		.section	.debug_info,"",%progbits
 202              	.Ldebug_info0:
 203 0000 DC010000 		.4byte	0x1dc
 204 0004 0400     		.2byte	0x4
 205 0006 00000000 		.4byte	.Ldebug_abbrev0
 206 000a 04       		.byte	0x4
 207 000b 01       		.uleb128 0x1
 208 000c 0D020000 		.4byte	.LASF30
 209 0010 01       		.byte	0x1
 210 0011 A2000000 		.4byte	.LASF31
 211 0015 11000000 		.4byte	.LASF32
 212 0019 00000000 		.4byte	.Ldebug_ranges0+0
 213 001d 00000000 		.4byte	0
 214 0021 00000000 		.4byte	.Ldebug_line0
 215 0025 02       		.uleb128 0x2
 216 0026 01       		.byte	0x1
 217 0027 06       		.byte	0x6
 218 0028 BC020000 		.4byte	.LASF0
 219 002c 02       		.uleb128 0x2
 220 002d 01       		.byte	0x1
 221 002e 08       		.byte	0x8
 222 002f E1000000 		.4byte	.LASF1
 223 0033 02       		.uleb128 0x2
 224 0034 02       		.byte	0x2
 225 0035 05       		.byte	0x5
 226 0036 03020000 		.4byte	.LASF2
 227 003a 02       		.uleb128 0x2
 228 003b 02       		.byte	0x2
 229 003c 07       		.byte	0x7
 230 003d 74000000 		.4byte	.LASF3
 231 0041 02       		.uleb128 0x2
 232 0042 04       		.byte	0x4
 233 0043 05       		.byte	0x5
 234 0044 B3020000 		.4byte	.LASF4
 235 0048 02       		.uleb128 0x2
 236 0049 04       		.byte	0x4
ARM GAS  C:\Users\yqh\AppData\Local\Temp\cco3N0rs.s 			page 8


 237 004a 07       		.byte	0x7
 238 004b F4000000 		.4byte	.LASF5
 239 004f 02       		.uleb128 0x2
 240 0050 08       		.byte	0x8
 241 0051 05       		.byte	0x5
 242 0052 E0010000 		.4byte	.LASF6
 243 0056 02       		.uleb128 0x2
 244 0057 08       		.byte	0x8
 245 0058 07       		.byte	0x7
 246 0059 7D010000 		.4byte	.LASF7
 247 005d 03       		.uleb128 0x3
 248 005e 04       		.byte	0x4
 249 005f 05       		.byte	0x5
 250 0060 696E7400 		.ascii	"int\000"
 251 0064 02       		.uleb128 0x2
 252 0065 04       		.byte	0x4
 253 0066 07       		.byte	0x7
 254 0067 70010000 		.4byte	.LASF8
 255 006b 04       		.uleb128 0x4
 256 006c 06010000 		.4byte	.LASF12
 257 0070 02       		.byte	0x2
 258 0071 9201     		.2byte	0x192
 259 0073 2C000000 		.4byte	0x2c
 260 0077 02       		.uleb128 0x2
 261 0078 04       		.byte	0x4
 262 0079 04       		.byte	0x4
 263 007a 6E000000 		.4byte	.LASF9
 264 007e 02       		.uleb128 0x2
 265 007f 08       		.byte	0x8
 266 0080 04       		.byte	0x4
 267 0081 2B010000 		.4byte	.LASF10
 268 0085 02       		.uleb128 0x2
 269 0086 01       		.byte	0x1
 270 0087 08       		.byte	0x8
 271 0088 EE010000 		.4byte	.LASF11
 272 008c 04       		.uleb128 0x4
 273 008d EF000000 		.4byte	.LASF13
 274 0091 02       		.byte	0x2
 275 0092 3C02     		.2byte	0x23c
 276 0094 98000000 		.4byte	0x98
 277 0098 05       		.uleb128 0x5
 278 0099 6B000000 		.4byte	0x6b
 279 009d 02       		.uleb128 0x2
 280 009e 04       		.byte	0x4
 281 009f 07       		.byte	0x7
 282 00a0 B7010000 		.4byte	.LASF14
 283 00a4 06       		.uleb128 0x6
 284 00a5 04       		.byte	0x4
 285 00a6 03       		.byte	0x3
 286 00a7 43       		.byte	0x43
 287 00a8 DD000000 		.4byte	0xdd
 288 00ac 07       		.uleb128 0x7
 289 00ad 00000000 		.4byte	.LASF15
 290 00b1 03       		.byte	0x3
 291 00b2 45       		.byte	0x45
 292 00b3 6B000000 		.4byte	0x6b
 293 00b7 00       		.byte	0
ARM GAS  C:\Users\yqh\AppData\Local\Temp\cco3N0rs.s 			page 9


 294 00b8 07       		.uleb128 0x7
 295 00b9 99000000 		.4byte	.LASF16
 296 00bd 03       		.byte	0x3
 297 00be 48       		.byte	0x48
 298 00bf 6B000000 		.4byte	0x6b
 299 00c3 01       		.byte	0x1
 300 00c4 07       		.uleb128 0x7
 301 00c5 5D010000 		.4byte	.LASF17
 302 00c9 03       		.byte	0x3
 303 00ca 49       		.byte	0x49
 304 00cb 6B000000 		.4byte	0x6b
 305 00cf 02       		.byte	0x2
 306 00d0 07       		.uleb128 0x7
 307 00d1 DF020000 		.4byte	.LASF18
 308 00d5 03       		.byte	0x3
 309 00d6 4F       		.byte	0x4f
 310 00d7 6B000000 		.4byte	0x6b
 311 00db 03       		.byte	0x3
 312 00dc 00       		.byte	0
 313 00dd 08       		.uleb128 0x8
 314 00de C9000000 		.4byte	.LASF19
 315 00e2 03       		.byte	0x3
 316 00e3 53       		.byte	0x53
 317 00e4 A4000000 		.4byte	0xa4
 318 00e8 09       		.uleb128 0x9
 319 00e9 58000000 		.4byte	.LASF20
 320 00ed 01       		.byte	0x1
 321 00ee 2B       		.byte	0x2b
 322 00ef 00000000 		.4byte	.LFB0
 323 00f3 20000000 		.4byte	.LFE0-.LFB0
 324 00f7 01       		.uleb128 0x1
 325 00f8 9C       		.byte	0x9c
 326 00f9 10010000 		.4byte	0x110
 327 00fd 0A       		.uleb128 0xa
 328 00fe 06000000 		.4byte	.LVL0
 329 0102 99010000 		.4byte	0x199
 330 0106 0A       		.uleb128 0xa
 331 0107 14000000 		.4byte	.LVL1
 332 010b A4010000 		.4byte	0x1a4
 333 010f 00       		.byte	0
 334 0110 09       		.uleb128 0x9
 335 0111 32010000 		.4byte	.LASF21
 336 0115 01       		.byte	0x1
 337 0116 4D       		.byte	0x4d
 338 0117 00000000 		.4byte	.LFB1
 339 011b 24000000 		.4byte	.LFE1-.LFB1
 340 011f 01       		.uleb128 0x1
 341 0120 9C       		.byte	0x9c
 342 0121 38010000 		.4byte	0x138
 343 0125 0A       		.uleb128 0xa
 344 0126 0A000000 		.4byte	.LVL2
 345 012a AF010000 		.4byte	0x1af
 346 012e 0B       		.uleb128 0xb
 347 012f 1A000000 		.4byte	.LVL3
 348 0133 C0010000 		.4byte	0x1c0
 349 0137 00       		.byte	0
 350 0138 09       		.uleb128 0x9
ARM GAS  C:\Users\yqh\AppData\Local\Temp\cco3N0rs.s 			page 10


 351 0139 A6010000 		.4byte	.LASF22
 352 013d 01       		.byte	0x1
 353 013e 70       		.byte	0x70
 354 013f 00000000 		.4byte	.LFB2
 355 0143 28000000 		.4byte	.LFE2-.LFB2
 356 0147 01       		.uleb128 0x1
 357 0148 9C       		.byte	0x9c
 358 0149 60010000 		.4byte	0x160
 359 014d 0A       		.uleb128 0xa
 360 014e 18000000 		.4byte	.LVL4
 361 0152 D1010000 		.4byte	0x1d1
 362 0156 0B       		.uleb128 0xb
 363 0157 20000000 		.4byte	.LVL5
 364 015b E8000000 		.4byte	0xe8
 365 015f 00       		.byte	0
 366 0160 09       		.uleb128 0x9
 367 0161 94010000 		.4byte	.LASF23
 368 0165 01       		.byte	0x1
 369 0166 96       		.byte	0x96
 370 0167 00000000 		.4byte	.LFB3
 371 016b 1C000000 		.4byte	.LFE3-.LFB3
 372 016f 01       		.uleb128 0x1
 373 0170 9C       		.byte	0x9c
 374 0171 88010000 		.4byte	0x188
 375 0175 0A       		.uleb128 0xa
 376 0176 06000000 		.4byte	.LVL6
 377 017a 10010000 		.4byte	0x110
 378 017e 0B       		.uleb128 0xb
 379 017f 16000000 		.4byte	.LVL7
 380 0183 D8010000 		.4byte	0x1d8
 381 0187 00       		.byte	0
 382 0188 0C       		.uleb128 0xc
 383 0189 4B010000 		.4byte	.LASF33
 384 018d 01       		.byte	0x1
 385 018e 15       		.byte	0x15
 386 018f DD000000 		.4byte	0xdd
 387 0193 05       		.uleb128 0x5
 388 0194 03       		.byte	0x3
 389 0195 00000000 		.4byte	UART_TIMER_backup
 390 0199 0D       		.uleb128 0xd
 391 019a C8020000 		.4byte	.LASF24
 392 019e 03       		.byte	0x3
 393 019f 69       		.byte	0x69
 394 01a0 6B000000 		.4byte	0x6b
 395 01a4 0D       		.uleb128 0xd
 396 01a5 0C010000 		.4byte	.LASF25
 397 01a9 03       		.byte	0x3
 398 01aa 63       		.byte	0x63
 399 01ab 6B000000 		.4byte	0x6b
 400 01af 0E       		.uleb128 0xe
 401 01b0 9B020000 		.4byte	.LASF26
 402 01b4 03       		.byte	0x3
 403 01b5 6A       		.byte	0x6a
 404 01b6 C0010000 		.4byte	0x1c0
 405 01ba 0F       		.uleb128 0xf
 406 01bb 6B000000 		.4byte	0x6b
 407 01bf 00       		.byte	0
ARM GAS  C:\Users\yqh\AppData\Local\Temp\cco3N0rs.s 			page 11


 408 01c0 0E       		.uleb128 0xe
 409 01c1 C0010000 		.4byte	.LASF27
 410 01c5 03       		.byte	0x3
 411 01c6 64       		.byte	0x64
 412 01c7 D1010000 		.4byte	0x1d1
 413 01cb 0F       		.uleb128 0xf
 414 01cc 6B000000 		.4byte	0x6b
 415 01d0 00       		.byte	0
 416 01d1 10       		.uleb128 0x10
 417 01d2 F3010000 		.4byte	.LASF28
 418 01d6 03       		.byte	0x3
 419 01d7 5B       		.byte	0x5b
 420 01d8 10       		.uleb128 0x10
 421 01d9 87000000 		.4byte	.LASF29
 422 01dd 03       		.byte	0x3
 423 01de 8B       		.byte	0x8b
 424 01df 00       		.byte	0
 425              		.section	.debug_abbrev,"",%progbits
 426              	.Ldebug_abbrev0:
 427 0000 01       		.uleb128 0x1
 428 0001 11       		.uleb128 0x11
 429 0002 01       		.byte	0x1
 430 0003 25       		.uleb128 0x25
 431 0004 0E       		.uleb128 0xe
 432 0005 13       		.uleb128 0x13
 433 0006 0B       		.uleb128 0xb
 434 0007 03       		.uleb128 0x3
 435 0008 0E       		.uleb128 0xe
 436 0009 1B       		.uleb128 0x1b
 437 000a 0E       		.uleb128 0xe
 438 000b 55       		.uleb128 0x55
 439 000c 17       		.uleb128 0x17
 440 000d 11       		.uleb128 0x11
 441 000e 01       		.uleb128 0x1
 442 000f 10       		.uleb128 0x10
 443 0010 17       		.uleb128 0x17
 444 0011 00       		.byte	0
 445 0012 00       		.byte	0
 446 0013 02       		.uleb128 0x2
 447 0014 24       		.uleb128 0x24
 448 0015 00       		.byte	0
 449 0016 0B       		.uleb128 0xb
 450 0017 0B       		.uleb128 0xb
 451 0018 3E       		.uleb128 0x3e
 452 0019 0B       		.uleb128 0xb
 453 001a 03       		.uleb128 0x3
 454 001b 0E       		.uleb128 0xe
 455 001c 00       		.byte	0
 456 001d 00       		.byte	0
 457 001e 03       		.uleb128 0x3
 458 001f 24       		.uleb128 0x24
 459 0020 00       		.byte	0
 460 0021 0B       		.uleb128 0xb
 461 0022 0B       		.uleb128 0xb
 462 0023 3E       		.uleb128 0x3e
 463 0024 0B       		.uleb128 0xb
 464 0025 03       		.uleb128 0x3
ARM GAS  C:\Users\yqh\AppData\Local\Temp\cco3N0rs.s 			page 12


 465 0026 08       		.uleb128 0x8
 466 0027 00       		.byte	0
 467 0028 00       		.byte	0
 468 0029 04       		.uleb128 0x4
 469 002a 16       		.uleb128 0x16
 470 002b 00       		.byte	0
 471 002c 03       		.uleb128 0x3
 472 002d 0E       		.uleb128 0xe
 473 002e 3A       		.uleb128 0x3a
 474 002f 0B       		.uleb128 0xb
 475 0030 3B       		.uleb128 0x3b
 476 0031 05       		.uleb128 0x5
 477 0032 49       		.uleb128 0x49
 478 0033 13       		.uleb128 0x13
 479 0034 00       		.byte	0
 480 0035 00       		.byte	0
 481 0036 05       		.uleb128 0x5
 482 0037 35       		.uleb128 0x35
 483 0038 00       		.byte	0
 484 0039 49       		.uleb128 0x49
 485 003a 13       		.uleb128 0x13
 486 003b 00       		.byte	0
 487 003c 00       		.byte	0
 488 003d 06       		.uleb128 0x6
 489 003e 13       		.uleb128 0x13
 490 003f 01       		.byte	0x1
 491 0040 0B       		.uleb128 0xb
 492 0041 0B       		.uleb128 0xb
 493 0042 3A       		.uleb128 0x3a
 494 0043 0B       		.uleb128 0xb
 495 0044 3B       		.uleb128 0x3b
 496 0045 0B       		.uleb128 0xb
 497 0046 01       		.uleb128 0x1
 498 0047 13       		.uleb128 0x13
 499 0048 00       		.byte	0
 500 0049 00       		.byte	0
 501 004a 07       		.uleb128 0x7
 502 004b 0D       		.uleb128 0xd
 503 004c 00       		.byte	0
 504 004d 03       		.uleb128 0x3
 505 004e 0E       		.uleb128 0xe
 506 004f 3A       		.uleb128 0x3a
 507 0050 0B       		.uleb128 0xb
 508 0051 3B       		.uleb128 0x3b
 509 0052 0B       		.uleb128 0xb
 510 0053 49       		.uleb128 0x49
 511 0054 13       		.uleb128 0x13
 512 0055 38       		.uleb128 0x38
 513 0056 0B       		.uleb128 0xb
 514 0057 00       		.byte	0
 515 0058 00       		.byte	0
 516 0059 08       		.uleb128 0x8
 517 005a 16       		.uleb128 0x16
 518 005b 00       		.byte	0
 519 005c 03       		.uleb128 0x3
 520 005d 0E       		.uleb128 0xe
 521 005e 3A       		.uleb128 0x3a
ARM GAS  C:\Users\yqh\AppData\Local\Temp\cco3N0rs.s 			page 13


 522 005f 0B       		.uleb128 0xb
 523 0060 3B       		.uleb128 0x3b
 524 0061 0B       		.uleb128 0xb
 525 0062 49       		.uleb128 0x49
 526 0063 13       		.uleb128 0x13
 527 0064 00       		.byte	0
 528 0065 00       		.byte	0
 529 0066 09       		.uleb128 0x9
 530 0067 2E       		.uleb128 0x2e
 531 0068 01       		.byte	0x1
 532 0069 3F       		.uleb128 0x3f
 533 006a 19       		.uleb128 0x19
 534 006b 03       		.uleb128 0x3
 535 006c 0E       		.uleb128 0xe
 536 006d 3A       		.uleb128 0x3a
 537 006e 0B       		.uleb128 0xb
 538 006f 3B       		.uleb128 0x3b
 539 0070 0B       		.uleb128 0xb
 540 0071 27       		.uleb128 0x27
 541 0072 19       		.uleb128 0x19
 542 0073 11       		.uleb128 0x11
 543 0074 01       		.uleb128 0x1
 544 0075 12       		.uleb128 0x12
 545 0076 06       		.uleb128 0x6
 546 0077 40       		.uleb128 0x40
 547 0078 18       		.uleb128 0x18
 548 0079 9742     		.uleb128 0x2117
 549 007b 19       		.uleb128 0x19
 550 007c 01       		.uleb128 0x1
 551 007d 13       		.uleb128 0x13
 552 007e 00       		.byte	0
 553 007f 00       		.byte	0
 554 0080 0A       		.uleb128 0xa
 555 0081 898201   		.uleb128 0x4109
 556 0084 00       		.byte	0
 557 0085 11       		.uleb128 0x11
 558 0086 01       		.uleb128 0x1
 559 0087 31       		.uleb128 0x31
 560 0088 13       		.uleb128 0x13
 561 0089 00       		.byte	0
 562 008a 00       		.byte	0
 563 008b 0B       		.uleb128 0xb
 564 008c 898201   		.uleb128 0x4109
 565 008f 00       		.byte	0
 566 0090 11       		.uleb128 0x11
 567 0091 01       		.uleb128 0x1
 568 0092 9542     		.uleb128 0x2115
 569 0094 19       		.uleb128 0x19
 570 0095 31       		.uleb128 0x31
 571 0096 13       		.uleb128 0x13
 572 0097 00       		.byte	0
 573 0098 00       		.byte	0
 574 0099 0C       		.uleb128 0xc
 575 009a 34       		.uleb128 0x34
 576 009b 00       		.byte	0
 577 009c 03       		.uleb128 0x3
 578 009d 0E       		.uleb128 0xe
ARM GAS  C:\Users\yqh\AppData\Local\Temp\cco3N0rs.s 			page 14


 579 009e 3A       		.uleb128 0x3a
 580 009f 0B       		.uleb128 0xb
 581 00a0 3B       		.uleb128 0x3b
 582 00a1 0B       		.uleb128 0xb
 583 00a2 49       		.uleb128 0x49
 584 00a3 13       		.uleb128 0x13
 585 00a4 02       		.uleb128 0x2
 586 00a5 18       		.uleb128 0x18
 587 00a6 00       		.byte	0
 588 00a7 00       		.byte	0
 589 00a8 0D       		.uleb128 0xd
 590 00a9 2E       		.uleb128 0x2e
 591 00aa 00       		.byte	0
 592 00ab 3F       		.uleb128 0x3f
 593 00ac 19       		.uleb128 0x19
 594 00ad 03       		.uleb128 0x3
 595 00ae 0E       		.uleb128 0xe
 596 00af 3A       		.uleb128 0x3a
 597 00b0 0B       		.uleb128 0xb
 598 00b1 3B       		.uleb128 0x3b
 599 00b2 0B       		.uleb128 0xb
 600 00b3 27       		.uleb128 0x27
 601 00b4 19       		.uleb128 0x19
 602 00b5 49       		.uleb128 0x49
 603 00b6 13       		.uleb128 0x13
 604 00b7 3C       		.uleb128 0x3c
 605 00b8 19       		.uleb128 0x19
 606 00b9 00       		.byte	0
 607 00ba 00       		.byte	0
 608 00bb 0E       		.uleb128 0xe
 609 00bc 2E       		.uleb128 0x2e
 610 00bd 01       		.byte	0x1
 611 00be 3F       		.uleb128 0x3f
 612 00bf 19       		.uleb128 0x19
 613 00c0 03       		.uleb128 0x3
 614 00c1 0E       		.uleb128 0xe
 615 00c2 3A       		.uleb128 0x3a
 616 00c3 0B       		.uleb128 0xb
 617 00c4 3B       		.uleb128 0x3b
 618 00c5 0B       		.uleb128 0xb
 619 00c6 27       		.uleb128 0x27
 620 00c7 19       		.uleb128 0x19
 621 00c8 3C       		.uleb128 0x3c
 622 00c9 19       		.uleb128 0x19
 623 00ca 01       		.uleb128 0x1
 624 00cb 13       		.uleb128 0x13
 625 00cc 00       		.byte	0
 626 00cd 00       		.byte	0
 627 00ce 0F       		.uleb128 0xf
 628 00cf 05       		.uleb128 0x5
 629 00d0 00       		.byte	0
 630 00d1 49       		.uleb128 0x49
 631 00d2 13       		.uleb128 0x13
 632 00d3 00       		.byte	0
 633 00d4 00       		.byte	0
 634 00d5 10       		.uleb128 0x10
 635 00d6 2E       		.uleb128 0x2e
ARM GAS  C:\Users\yqh\AppData\Local\Temp\cco3N0rs.s 			page 15


 636 00d7 00       		.byte	0
 637 00d8 3F       		.uleb128 0x3f
 638 00d9 19       		.uleb128 0x19
 639 00da 03       		.uleb128 0x3
 640 00db 0E       		.uleb128 0xe
 641 00dc 3A       		.uleb128 0x3a
 642 00dd 0B       		.uleb128 0xb
 643 00de 3B       		.uleb128 0x3b
 644 00df 0B       		.uleb128 0xb
 645 00e0 27       		.uleb128 0x27
 646 00e1 19       		.uleb128 0x19
 647 00e2 3C       		.uleb128 0x3c
 648 00e3 19       		.uleb128 0x19
 649 00e4 00       		.byte	0
 650 00e5 00       		.byte	0
 651 00e6 00       		.byte	0
 652              		.section	.debug_aranges,"",%progbits
 653 0000 34000000 		.4byte	0x34
 654 0004 0200     		.2byte	0x2
 655 0006 00000000 		.4byte	.Ldebug_info0
 656 000a 04       		.byte	0x4
 657 000b 00       		.byte	0
 658 000c 0000     		.2byte	0
 659 000e 0000     		.2byte	0
 660 0010 00000000 		.4byte	.LFB0
 661 0014 20000000 		.4byte	.LFE0-.LFB0
 662 0018 00000000 		.4byte	.LFB1
 663 001c 24000000 		.4byte	.LFE1-.LFB1
 664 0020 00000000 		.4byte	.LFB2
 665 0024 28000000 		.4byte	.LFE2-.LFB2
 666 0028 00000000 		.4byte	.LFB3
 667 002c 1C000000 		.4byte	.LFE3-.LFB3
 668 0030 00000000 		.4byte	0
 669 0034 00000000 		.4byte	0
 670              		.section	.debug_ranges,"",%progbits
 671              	.Ldebug_ranges0:
 672 0000 00000000 		.4byte	.LFB0
 673 0004 20000000 		.4byte	.LFE0
 674 0008 00000000 		.4byte	.LFB1
 675 000c 24000000 		.4byte	.LFE1
 676 0010 00000000 		.4byte	.LFB2
 677 0014 28000000 		.4byte	.LFE2
 678 0018 00000000 		.4byte	.LFB3
 679 001c 1C000000 		.4byte	.LFE3
 680 0020 00000000 		.4byte	0
 681 0024 00000000 		.4byte	0
 682              		.section	.debug_line,"",%progbits
 683              	.Ldebug_line0:
 684 0000 B3000000 		.section	.debug_str,"MS",%progbits,1
 684      02005A00 
 684      00000201 
 684      FB0E0D00 
 684      01010101 
 685              	.LASF15:
 686 0000 54696D65 		.ascii	"TimerEnableState\000"
 686      72456E61 
 686      626C6553 
ARM GAS  C:\Users\yqh\AppData\Local\Temp\cco3N0rs.s 			page 16


 686      74617465 
 686      00
 687              	.LASF32:
 688 0011 433A5C55 		.ascii	"C:\\Users\\yqh\\Documents\\works\\NanoNXT\\Pass_TOC"
 688      73657273 
 688      5C797168 
 688      5C446F63 
 688      756D656E 
 689 003e 5C352E30 		.ascii	"\\5.0.3\\nanoNxt_ICM3.cydsn\000"
 689      2E335C6E 
 689      616E6F4E 
 689      78745F49 
 689      434D332E 
 690              	.LASF20:
 691 0058 55415254 		.ascii	"UART_TIMER_SaveConfig\000"
 691      5F54494D 
 691      45525F53 
 691      61766543 
 691      6F6E6669 
 692              	.LASF9:
 693 006e 666C6F61 		.ascii	"float\000"
 693      7400
 694              	.LASF3:
 695 0074 73686F72 		.ascii	"short unsigned int\000"
 695      7420756E 
 695      7369676E 
 695      65642069 
 695      6E7400
 696              	.LASF29:
 697 0087 55415254 		.ascii	"UART_TIMER_Enable\000"
 697      5F54494D 
 697      45525F45 
 697      6E61626C 
 697      6500
 698              	.LASF16:
 699 0099 54696D65 		.ascii	"TimerUdb\000"
 699      72556462 
 699      00
 700              	.LASF31:
 701 00a2 47656E65 		.ascii	"Generated_Source\\PSoC5\\UART_TIMER_PM.c\000"
 701      72617465 
 701      645F536F 
 701      75726365 
 701      5C50536F 
 702              	.LASF19:
 703 00c9 55415254 		.ascii	"UART_TIMER_backupStruct\000"
 703      5F54494D 
 703      45525F62 
 703      61636B75 
 703      70537472 
 704              	.LASF1:
 705 00e1 756E7369 		.ascii	"unsigned char\000"
 705      676E6564 
 705      20636861 
 705      7200
 706              	.LASF13:
 707 00ef 72656738 		.ascii	"reg8\000"
ARM GAS  C:\Users\yqh\AppData\Local\Temp\cco3N0rs.s 			page 17


 707      00
 708              	.LASF5:
 709 00f4 6C6F6E67 		.ascii	"long unsigned int\000"
 709      20756E73 
 709      69676E65 
 709      6420696E 
 709      7400
 710              	.LASF12:
 711 0106 75696E74 		.ascii	"uint8\000"
 711      3800
 712              	.LASF25:
 713 010c 55415254 		.ascii	"UART_TIMER_ReadControlRegister\000"
 713      5F54494D 
 713      45525F52 
 713      65616443 
 713      6F6E7472 
 714              	.LASF10:
 715 012b 646F7562 		.ascii	"double\000"
 715      6C6500
 716              	.LASF21:
 717 0132 55415254 		.ascii	"UART_TIMER_RestoreConfig\000"
 717      5F54494D 
 717      45525F52 
 717      6573746F 
 717      7265436F 
 718              	.LASF33:
 719 014b 55415254 		.ascii	"UART_TIMER_backup\000"
 719      5F54494D 
 719      45525F62 
 719      61636B75 
 719      7000
 720              	.LASF17:
 721 015d 496E7465 		.ascii	"InterruptMaskValue\000"
 721      72727570 
 721      744D6173 
 721      6B56616C 
 721      756500
 722              	.LASF8:
 723 0170 756E7369 		.ascii	"unsigned int\000"
 723      676E6564 
 723      20696E74 
 723      00
 724              	.LASF7:
 725 017d 6C6F6E67 		.ascii	"long long unsigned int\000"
 725      206C6F6E 
 725      6720756E 
 725      7369676E 
 725      65642069 
 726              	.LASF23:
 727 0194 55415254 		.ascii	"UART_TIMER_Wakeup\000"
 727      5F54494D 
 727      45525F57 
 727      616B6575 
 727      7000
 728              	.LASF22:
 729 01a6 55415254 		.ascii	"UART_TIMER_Sleep\000"
 729      5F54494D 
ARM GAS  C:\Users\yqh\AppData\Local\Temp\cco3N0rs.s 			page 18


 729      45525F53 
 729      6C656570 
 729      00
 730              	.LASF14:
 731 01b7 73697A65 		.ascii	"sizetype\000"
 731      74797065 
 731      00
 732              	.LASF27:
 733 01c0 55415254 		.ascii	"UART_TIMER_WriteControlRegister\000"
 733      5F54494D 
 733      45525F57 
 733      72697465 
 733      436F6E74 
 734              	.LASF6:
 735 01e0 6C6F6E67 		.ascii	"long long int\000"
 735      206C6F6E 
 735      6720696E 
 735      7400
 736              	.LASF11:
 737 01ee 63686172 		.ascii	"char\000"
 737      00
 738              	.LASF28:
 739 01f3 55415254 		.ascii	"UART_TIMER_Stop\000"
 739      5F54494D 
 739      45525F53 
 739      746F7000 
 740              	.LASF2:
 741 0203 73686F72 		.ascii	"short int\000"
 741      7420696E 
 741      7400
 742              	.LASF30:
 743 020d 474E5520 		.ascii	"GNU C 4.9.3 20150303 (release) [ARM/embedded-4_9-br"
 743      4320342E 
 743      392E3320 
 743      32303135 
 743      30333033 
 744 0240 616E6368 		.ascii	"anch revision 221220] -mcpu=cortex-m3 -mthumb -g -O"
 744      20726576 
 744      6973696F 
 744      6E203232 
 744      31323230 
 745 0273 73202D66 		.ascii	"s -ffunction-sections -ffat-lto-objects\000"
 745      66756E63 
 745      74696F6E 
 745      2D736563 
 745      74696F6E 
 746              	.LASF26:
 747 029b 55415254 		.ascii	"UART_TIMER_WriteCounter\000"
 747      5F54494D 
 747      45525F57 
 747      72697465 
 747      436F756E 
 748              	.LASF4:
 749 02b3 6C6F6E67 		.ascii	"long int\000"
 749      20696E74 
 749      00
 750              	.LASF0:
ARM GAS  C:\Users\yqh\AppData\Local\Temp\cco3N0rs.s 			page 19


 751 02bc 7369676E 		.ascii	"signed char\000"
 751      65642063 
 751      68617200 
 752              	.LASF24:
 753 02c8 55415254 		.ascii	"UART_TIMER_ReadCounter\000"
 753      5F54494D 
 753      45525F52 
 753      65616443 
 753      6F756E74 
 754              	.LASF18:
 755 02df 54696D65 		.ascii	"TimerControlRegister\000"
 755      72436F6E 
 755      74726F6C 
 755      52656769 
 755      73746572 
 756              		.ident	"GCC: (GNU Tools for ARM Embedded Processors) 4.9.3 20150303 (release) [ARM/embedded-4_9-br
