ARM GAS  C:\Users\yqh\AppData\Local\Temp\ccJhIVoh.s 			page 1


   1              		.syntax unified
   2              		.cpu cortex-m3
   3              		.fpu softvfp
   4              		.eabi_attribute 20, 1
   5              		.eabi_attribute 21, 1
   6              		.eabi_attribute 23, 3
   7              		.eabi_attribute 24, 1
   8              		.eabi_attribute 25, 1
   9              		.eabi_attribute 26, 1
  10              		.eabi_attribute 30, 4
  11              		.eabi_attribute 34, 1
  12              		.eabi_attribute 18, 4
  13              		.thumb
  14              		.file	"UART_1_PM.c"
  15              		.text
  16              	.Ltext0:
  17              		.cfi_sections	.debug_frame
  18              		.section	.text.UART_1_SaveConfig,"ax",%progbits
  19              		.align	1
  20              		.global	UART_1_SaveConfig
  21              		.thumb
  22              		.thumb_func
  23              		.type	UART_1_SaveConfig, %function
  24              	UART_1_SaveConfig:
  25              	.LFB0:
  26              		.file 1 "Generated_Source\\PSoC5\\UART_1_PM.c"
   1:Generated_Source\PSoC5/UART_1_PM.c **** /*******************************************************************************
   2:Generated_Source\PSoC5/UART_1_PM.c **** * File Name: UART_1_PM.c
   3:Generated_Source\PSoC5/UART_1_PM.c **** * Version 2.50
   4:Generated_Source\PSoC5/UART_1_PM.c **** *
   5:Generated_Source\PSoC5/UART_1_PM.c **** * Description:
   6:Generated_Source\PSoC5/UART_1_PM.c **** *  This file provides Sleep/WakeUp APIs functionality.
   7:Generated_Source\PSoC5/UART_1_PM.c **** *
   8:Generated_Source\PSoC5/UART_1_PM.c **** * Note:
   9:Generated_Source\PSoC5/UART_1_PM.c **** *
  10:Generated_Source\PSoC5/UART_1_PM.c **** ********************************************************************************
  11:Generated_Source\PSoC5/UART_1_PM.c **** * Copyright 2008-2015, Cypress Semiconductor Corporation.  All rights reserved.
  12:Generated_Source\PSoC5/UART_1_PM.c **** * You may use this file only in accordance with the license, terms, conditions,
  13:Generated_Source\PSoC5/UART_1_PM.c **** * disclaimers, and limitations in the end user license agreement accompanying
  14:Generated_Source\PSoC5/UART_1_PM.c **** * the software package with which this file was provided.
  15:Generated_Source\PSoC5/UART_1_PM.c **** *******************************************************************************/
  16:Generated_Source\PSoC5/UART_1_PM.c **** 
  17:Generated_Source\PSoC5/UART_1_PM.c **** #include "UART_1.h"
  18:Generated_Source\PSoC5/UART_1_PM.c **** 
  19:Generated_Source\PSoC5/UART_1_PM.c **** 
  20:Generated_Source\PSoC5/UART_1_PM.c **** /***************************************
  21:Generated_Source\PSoC5/UART_1_PM.c **** * Local data allocation
  22:Generated_Source\PSoC5/UART_1_PM.c **** ***************************************/
  23:Generated_Source\PSoC5/UART_1_PM.c **** 
  24:Generated_Source\PSoC5/UART_1_PM.c **** static UART_1_BACKUP_STRUCT  UART_1_backup =
  25:Generated_Source\PSoC5/UART_1_PM.c **** {
  26:Generated_Source\PSoC5/UART_1_PM.c ****     /* enableState - disabled */
  27:Generated_Source\PSoC5/UART_1_PM.c ****     0u,
  28:Generated_Source\PSoC5/UART_1_PM.c **** };
  29:Generated_Source\PSoC5/UART_1_PM.c **** 
  30:Generated_Source\PSoC5/UART_1_PM.c **** 
  31:Generated_Source\PSoC5/UART_1_PM.c **** 
ARM GAS  C:\Users\yqh\AppData\Local\Temp\ccJhIVoh.s 			page 2


  32:Generated_Source\PSoC5/UART_1_PM.c **** /*******************************************************************************
  33:Generated_Source\PSoC5/UART_1_PM.c **** * Function Name: UART_1_SaveConfig
  34:Generated_Source\PSoC5/UART_1_PM.c **** ********************************************************************************
  35:Generated_Source\PSoC5/UART_1_PM.c **** *
  36:Generated_Source\PSoC5/UART_1_PM.c **** * Summary:
  37:Generated_Source\PSoC5/UART_1_PM.c **** *  This function saves the component nonretention control register.
  38:Generated_Source\PSoC5/UART_1_PM.c **** *  Does not save the FIFO which is a set of nonretention registers.
  39:Generated_Source\PSoC5/UART_1_PM.c **** *  This function is called by the UART_1_Sleep() function.
  40:Generated_Source\PSoC5/UART_1_PM.c **** *
  41:Generated_Source\PSoC5/UART_1_PM.c **** * Parameters:
  42:Generated_Source\PSoC5/UART_1_PM.c **** *  None.
  43:Generated_Source\PSoC5/UART_1_PM.c **** *
  44:Generated_Source\PSoC5/UART_1_PM.c **** * Return:
  45:Generated_Source\PSoC5/UART_1_PM.c **** *  None.
  46:Generated_Source\PSoC5/UART_1_PM.c **** *
  47:Generated_Source\PSoC5/UART_1_PM.c **** * Global Variables:
  48:Generated_Source\PSoC5/UART_1_PM.c **** *  UART_1_backup - modified when non-retention registers are saved.
  49:Generated_Source\PSoC5/UART_1_PM.c **** *
  50:Generated_Source\PSoC5/UART_1_PM.c **** * Reentrant:
  51:Generated_Source\PSoC5/UART_1_PM.c **** *  No.
  52:Generated_Source\PSoC5/UART_1_PM.c **** *
  53:Generated_Source\PSoC5/UART_1_PM.c **** *******************************************************************************/
  54:Generated_Source\PSoC5/UART_1_PM.c **** void UART_1_SaveConfig(void)
  55:Generated_Source\PSoC5/UART_1_PM.c **** {
  27              		.loc 1 55 0
  28              		.cfi_startproc
  29              		@ args = 0, pretend = 0, frame = 0
  30              		@ frame_needed = 0, uses_anonymous_args = 0
  31              		@ link register save eliminated.
  56:Generated_Source\PSoC5/UART_1_PM.c ****     #if(UART_1_CONTROL_REG_REMOVED == 0u)
  57:Generated_Source\PSoC5/UART_1_PM.c ****         UART_1_backup.cr = UART_1_CONTROL_REG;
  32              		.loc 1 57 0
  33 0000 024B     		ldr	r3, .L2
  34 0002 1A78     		ldrb	r2, [r3]	@ zero_extendqisi2
  35 0004 024B     		ldr	r3, .L2+4
  36 0006 5A70     		strb	r2, [r3, #1]
  37 0008 7047     		bx	lr
  38              	.L3:
  39 000a 00BF     		.align	2
  40              	.L2:
  41 000c 7B650040 		.word	1073767803
  42 0010 00000000 		.word	.LANCHOR0
  43              		.cfi_endproc
  44              	.LFE0:
  45              		.size	UART_1_SaveConfig, .-UART_1_SaveConfig
  46              		.section	.text.UART_1_RestoreConfig,"ax",%progbits
  47              		.align	1
  48              		.global	UART_1_RestoreConfig
  49              		.thumb
  50              		.thumb_func
  51              		.type	UART_1_RestoreConfig, %function
  52              	UART_1_RestoreConfig:
  53              	.LFB1:
  58:Generated_Source\PSoC5/UART_1_PM.c ****     #endif /* End UART_1_CONTROL_REG_REMOVED */
  59:Generated_Source\PSoC5/UART_1_PM.c **** }
  60:Generated_Source\PSoC5/UART_1_PM.c **** 
  61:Generated_Source\PSoC5/UART_1_PM.c **** 
ARM GAS  C:\Users\yqh\AppData\Local\Temp\ccJhIVoh.s 			page 3


  62:Generated_Source\PSoC5/UART_1_PM.c **** /*******************************************************************************
  63:Generated_Source\PSoC5/UART_1_PM.c **** * Function Name: UART_1_RestoreConfig
  64:Generated_Source\PSoC5/UART_1_PM.c **** ********************************************************************************
  65:Generated_Source\PSoC5/UART_1_PM.c **** *
  66:Generated_Source\PSoC5/UART_1_PM.c **** * Summary:
  67:Generated_Source\PSoC5/UART_1_PM.c **** *  Restores the nonretention control register except FIFO.
  68:Generated_Source\PSoC5/UART_1_PM.c **** *  Does not restore the FIFO which is a set of nonretention registers.
  69:Generated_Source\PSoC5/UART_1_PM.c **** *
  70:Generated_Source\PSoC5/UART_1_PM.c **** * Parameters:
  71:Generated_Source\PSoC5/UART_1_PM.c **** *  None.
  72:Generated_Source\PSoC5/UART_1_PM.c **** *
  73:Generated_Source\PSoC5/UART_1_PM.c **** * Return:
  74:Generated_Source\PSoC5/UART_1_PM.c **** *  None.
  75:Generated_Source\PSoC5/UART_1_PM.c **** *
  76:Generated_Source\PSoC5/UART_1_PM.c **** * Global Variables:
  77:Generated_Source\PSoC5/UART_1_PM.c **** *  UART_1_backup - used when non-retention registers are restored.
  78:Generated_Source\PSoC5/UART_1_PM.c **** *
  79:Generated_Source\PSoC5/UART_1_PM.c **** * Reentrant:
  80:Generated_Source\PSoC5/UART_1_PM.c **** *  No.
  81:Generated_Source\PSoC5/UART_1_PM.c **** *
  82:Generated_Source\PSoC5/UART_1_PM.c **** * Notes:
  83:Generated_Source\PSoC5/UART_1_PM.c **** *  If this function is called without calling UART_1_SaveConfig() 
  84:Generated_Source\PSoC5/UART_1_PM.c **** *  first, the data loaded may be incorrect.
  85:Generated_Source\PSoC5/UART_1_PM.c **** *
  86:Generated_Source\PSoC5/UART_1_PM.c **** *******************************************************************************/
  87:Generated_Source\PSoC5/UART_1_PM.c **** void UART_1_RestoreConfig(void)
  88:Generated_Source\PSoC5/UART_1_PM.c **** {
  54              		.loc 1 88 0
  55              		.cfi_startproc
  56              		@ args = 0, pretend = 0, frame = 0
  57              		@ frame_needed = 0, uses_anonymous_args = 0
  58              		@ link register save eliminated.
  89:Generated_Source\PSoC5/UART_1_PM.c ****     #if(UART_1_CONTROL_REG_REMOVED == 0u)
  90:Generated_Source\PSoC5/UART_1_PM.c ****         UART_1_CONTROL_REG = UART_1_backup.cr;
  59              		.loc 1 90 0
  60 0000 024B     		ldr	r3, .L5
  61 0002 5A78     		ldrb	r2, [r3, #1]	@ zero_extendqisi2
  62 0004 024B     		ldr	r3, .L5+4
  63 0006 1A70     		strb	r2, [r3]
  64 0008 7047     		bx	lr
  65              	.L6:
  66 000a 00BF     		.align	2
  67              	.L5:
  68 000c 00000000 		.word	.LANCHOR0
  69 0010 7B650040 		.word	1073767803
  70              		.cfi_endproc
  71              	.LFE1:
  72              		.size	UART_1_RestoreConfig, .-UART_1_RestoreConfig
  73              		.section	.text.UART_1_Sleep,"ax",%progbits
  74              		.align	1
  75              		.global	UART_1_Sleep
  76              		.thumb
  77              		.thumb_func
  78              		.type	UART_1_Sleep, %function
  79              	UART_1_Sleep:
  80              	.LFB2:
  91:Generated_Source\PSoC5/UART_1_PM.c ****     #endif /* End UART_1_CONTROL_REG_REMOVED */
ARM GAS  C:\Users\yqh\AppData\Local\Temp\ccJhIVoh.s 			page 4


  92:Generated_Source\PSoC5/UART_1_PM.c **** }
  93:Generated_Source\PSoC5/UART_1_PM.c **** 
  94:Generated_Source\PSoC5/UART_1_PM.c **** 
  95:Generated_Source\PSoC5/UART_1_PM.c **** /*******************************************************************************
  96:Generated_Source\PSoC5/UART_1_PM.c **** * Function Name: UART_1_Sleep
  97:Generated_Source\PSoC5/UART_1_PM.c **** ********************************************************************************
  98:Generated_Source\PSoC5/UART_1_PM.c **** *
  99:Generated_Source\PSoC5/UART_1_PM.c **** * Summary:
 100:Generated_Source\PSoC5/UART_1_PM.c **** *  This is the preferred API to prepare the component for sleep. 
 101:Generated_Source\PSoC5/UART_1_PM.c **** *  The UART_1_Sleep() API saves the current component state. Then it
 102:Generated_Source\PSoC5/UART_1_PM.c **** *  calls the UART_1_Stop() function and calls 
 103:Generated_Source\PSoC5/UART_1_PM.c **** *  UART_1_SaveConfig() to save the hardware configuration.
 104:Generated_Source\PSoC5/UART_1_PM.c **** *  Call the UART_1_Sleep() function before calling the CyPmSleep() 
 105:Generated_Source\PSoC5/UART_1_PM.c **** *  or the CyPmHibernate() function. 
 106:Generated_Source\PSoC5/UART_1_PM.c **** *
 107:Generated_Source\PSoC5/UART_1_PM.c **** * Parameters:
 108:Generated_Source\PSoC5/UART_1_PM.c **** *  None.
 109:Generated_Source\PSoC5/UART_1_PM.c **** *
 110:Generated_Source\PSoC5/UART_1_PM.c **** * Return:
 111:Generated_Source\PSoC5/UART_1_PM.c **** *  None.
 112:Generated_Source\PSoC5/UART_1_PM.c **** *
 113:Generated_Source\PSoC5/UART_1_PM.c **** * Global Variables:
 114:Generated_Source\PSoC5/UART_1_PM.c **** *  UART_1_backup - modified when non-retention registers are saved.
 115:Generated_Source\PSoC5/UART_1_PM.c **** *
 116:Generated_Source\PSoC5/UART_1_PM.c **** * Reentrant:
 117:Generated_Source\PSoC5/UART_1_PM.c **** *  No.
 118:Generated_Source\PSoC5/UART_1_PM.c **** *
 119:Generated_Source\PSoC5/UART_1_PM.c **** *******************************************************************************/
 120:Generated_Source\PSoC5/UART_1_PM.c **** void UART_1_Sleep(void)
 121:Generated_Source\PSoC5/UART_1_PM.c **** {
  81              		.loc 1 121 0
  82              		.cfi_startproc
  83              		@ args = 0, pretend = 0, frame = 0
  84              		@ frame_needed = 0, uses_anonymous_args = 0
  85 0000 08B5     		push	{r3, lr}
  86              		.cfi_def_cfa_offset 8
  87              		.cfi_offset 3, -8
  88              		.cfi_offset 14, -4
 122:Generated_Source\PSoC5/UART_1_PM.c ****     #if(UART_1_RX_ENABLED || UART_1_HD_ENABLED)
 123:Generated_Source\PSoC5/UART_1_PM.c ****         if((UART_1_RXSTATUS_ACTL_REG  & UART_1_INT_ENABLE) != 0u)
  89              		.loc 1 123 0
  90 0002 094B     		ldr	r3, .L11
  91 0004 094A     		ldr	r2, .L11+4
  92 0006 1B78     		ldrb	r3, [r3]	@ zero_extendqisi2
  93 0008 03F01003 		and	r3, r3, #16
  94 000c 03F0FF01 		and	r1, r3, #255
  95 0010 13B1     		cbz	r3, .L8
 124:Generated_Source\PSoC5/UART_1_PM.c ****         {
 125:Generated_Source\PSoC5/UART_1_PM.c ****             UART_1_backup.enableState = 1u;
  96              		.loc 1 125 0
  97 0012 0123     		movs	r3, #1
  98 0014 1370     		strb	r3, [r2]
  99 0016 00E0     		b	.L9
 100              	.L8:
 126:Generated_Source\PSoC5/UART_1_PM.c ****         }
 127:Generated_Source\PSoC5/UART_1_PM.c ****         else
 128:Generated_Source\PSoC5/UART_1_PM.c ****         {
ARM GAS  C:\Users\yqh\AppData\Local\Temp\ccJhIVoh.s 			page 5


 129:Generated_Source\PSoC5/UART_1_PM.c ****             UART_1_backup.enableState = 0u;
 101              		.loc 1 129 0
 102 0018 1170     		strb	r1, [r2]
 103              	.L9:
 130:Generated_Source\PSoC5/UART_1_PM.c ****         }
 131:Generated_Source\PSoC5/UART_1_PM.c ****     #else
 132:Generated_Source\PSoC5/UART_1_PM.c ****         if((UART_1_TXSTATUS_ACTL_REG  & UART_1_INT_ENABLE) !=0u)
 133:Generated_Source\PSoC5/UART_1_PM.c ****         {
 134:Generated_Source\PSoC5/UART_1_PM.c ****             UART_1_backup.enableState = 1u;
 135:Generated_Source\PSoC5/UART_1_PM.c ****         }
 136:Generated_Source\PSoC5/UART_1_PM.c ****         else
 137:Generated_Source\PSoC5/UART_1_PM.c ****         {
 138:Generated_Source\PSoC5/UART_1_PM.c ****             UART_1_backup.enableState = 0u;
 139:Generated_Source\PSoC5/UART_1_PM.c ****         }
 140:Generated_Source\PSoC5/UART_1_PM.c ****     #endif /* End UART_1_RX_ENABLED || UART_1_HD_ENABLED*/
 141:Generated_Source\PSoC5/UART_1_PM.c **** 
 142:Generated_Source\PSoC5/UART_1_PM.c ****     UART_1_Stop();
 104              		.loc 1 142 0
 105 001a FFF7FEFF 		bl	UART_1_Stop
 106              	.LVL0:
 143:Generated_Source\PSoC5/UART_1_PM.c ****     UART_1_SaveConfig();
 144:Generated_Source\PSoC5/UART_1_PM.c **** }
 107              		.loc 1 144 0
 108 001e BDE80840 		pop	{r3, lr}
 109              		.cfi_restore 14
 110              		.cfi_restore 3
 111              		.cfi_def_cfa_offset 0
 143:Generated_Source\PSoC5/UART_1_PM.c ****     UART_1_SaveConfig();
 112              		.loc 1 143 0
 113 0022 FFF7FEBF 		b	UART_1_SaveConfig
 114              	.LVL1:
 115              	.L12:
 116 0026 00BF     		.align	2
 117              	.L11:
 118 0028 92640040 		.word	1073767570
 119 002c 00000000 		.word	.LANCHOR0
 120              		.cfi_endproc
 121              	.LFE2:
 122              		.size	UART_1_Sleep, .-UART_1_Sleep
 123              		.section	.text.UART_1_Wakeup,"ax",%progbits
 124              		.align	1
 125              		.global	UART_1_Wakeup
 126              		.thumb
 127              		.thumb_func
 128              		.type	UART_1_Wakeup, %function
 129              	UART_1_Wakeup:
 130              	.LFB3:
 145:Generated_Source\PSoC5/UART_1_PM.c **** 
 146:Generated_Source\PSoC5/UART_1_PM.c **** 
 147:Generated_Source\PSoC5/UART_1_PM.c **** /*******************************************************************************
 148:Generated_Source\PSoC5/UART_1_PM.c **** * Function Name: UART_1_Wakeup
 149:Generated_Source\PSoC5/UART_1_PM.c **** ********************************************************************************
 150:Generated_Source\PSoC5/UART_1_PM.c **** *
 151:Generated_Source\PSoC5/UART_1_PM.c **** * Summary:
 152:Generated_Source\PSoC5/UART_1_PM.c **** *  This is the preferred API to restore the component to the state when 
 153:Generated_Source\PSoC5/UART_1_PM.c **** *  UART_1_Sleep() was called. The UART_1_Wakeup() function
 154:Generated_Source\PSoC5/UART_1_PM.c **** *  calls the UART_1_RestoreConfig() function to restore the 
ARM GAS  C:\Users\yqh\AppData\Local\Temp\ccJhIVoh.s 			page 6


 155:Generated_Source\PSoC5/UART_1_PM.c **** *  configuration. If the component was enabled before the 
 156:Generated_Source\PSoC5/UART_1_PM.c **** *  UART_1_Sleep() function was called, the UART_1_Wakeup()
 157:Generated_Source\PSoC5/UART_1_PM.c **** *  function will also re-enable the component.
 158:Generated_Source\PSoC5/UART_1_PM.c **** *
 159:Generated_Source\PSoC5/UART_1_PM.c **** * Parameters:
 160:Generated_Source\PSoC5/UART_1_PM.c **** *  None.
 161:Generated_Source\PSoC5/UART_1_PM.c **** *
 162:Generated_Source\PSoC5/UART_1_PM.c **** * Return:
 163:Generated_Source\PSoC5/UART_1_PM.c **** *  None.
 164:Generated_Source\PSoC5/UART_1_PM.c **** *
 165:Generated_Source\PSoC5/UART_1_PM.c **** * Global Variables:
 166:Generated_Source\PSoC5/UART_1_PM.c **** *  UART_1_backup - used when non-retention registers are restored.
 167:Generated_Source\PSoC5/UART_1_PM.c **** *
 168:Generated_Source\PSoC5/UART_1_PM.c **** * Reentrant:
 169:Generated_Source\PSoC5/UART_1_PM.c **** *  No.
 170:Generated_Source\PSoC5/UART_1_PM.c **** *
 171:Generated_Source\PSoC5/UART_1_PM.c **** *******************************************************************************/
 172:Generated_Source\PSoC5/UART_1_PM.c **** void UART_1_Wakeup(void)
 173:Generated_Source\PSoC5/UART_1_PM.c **** {
 131              		.loc 1 173 0
 132              		.cfi_startproc
 133              		@ args = 0, pretend = 0, frame = 0
 134              		@ frame_needed = 0, uses_anonymous_args = 0
 135 0000 08B5     		push	{r3, lr}
 136              		.cfi_def_cfa_offset 8
 137              		.cfi_offset 3, -8
 138              		.cfi_offset 14, -4
 174:Generated_Source\PSoC5/UART_1_PM.c ****     UART_1_RestoreConfig();
 139              		.loc 1 174 0
 140 0002 FFF7FEFF 		bl	UART_1_RestoreConfig
 141              	.LVL2:
 175:Generated_Source\PSoC5/UART_1_PM.c ****     #if( (UART_1_RX_ENABLED) || (UART_1_HD_ENABLED) )
 176:Generated_Source\PSoC5/UART_1_PM.c ****         UART_1_ClearRxBuffer();
 142              		.loc 1 176 0
 143 0006 FFF7FEFF 		bl	UART_1_ClearRxBuffer
 144              	.LVL3:
 177:Generated_Source\PSoC5/UART_1_PM.c ****     #endif /* End (UART_1_RX_ENABLED) || (UART_1_HD_ENABLED) */
 178:Generated_Source\PSoC5/UART_1_PM.c ****     #if(UART_1_TX_ENABLED || UART_1_HD_ENABLED)
 179:Generated_Source\PSoC5/UART_1_PM.c ****         UART_1_ClearTxBuffer();
 145              		.loc 1 179 0
 146 000a FFF7FEFF 		bl	UART_1_ClearTxBuffer
 147              	.LVL4:
 180:Generated_Source\PSoC5/UART_1_PM.c ****     #endif /* End UART_1_TX_ENABLED || UART_1_HD_ENABLED */
 181:Generated_Source\PSoC5/UART_1_PM.c **** 
 182:Generated_Source\PSoC5/UART_1_PM.c ****     if(UART_1_backup.enableState != 0u)
 148              		.loc 1 182 0
 149 000e 044B     		ldr	r3, .L15
 150 0010 1B78     		ldrb	r3, [r3]	@ zero_extendqisi2
 151 0012 1BB1     		cbz	r3, .L13
 183:Generated_Source\PSoC5/UART_1_PM.c ****     {
 184:Generated_Source\PSoC5/UART_1_PM.c ****         UART_1_Enable();
 185:Generated_Source\PSoC5/UART_1_PM.c ****     }
 186:Generated_Source\PSoC5/UART_1_PM.c **** }
 152              		.loc 1 186 0
 153 0014 BDE80840 		pop	{r3, lr}
 154              		.cfi_remember_state
 155              		.cfi_restore 14
ARM GAS  C:\Users\yqh\AppData\Local\Temp\ccJhIVoh.s 			page 7


 156              		.cfi_restore 3
 157              		.cfi_def_cfa_offset 0
 184:Generated_Source\PSoC5/UART_1_PM.c ****     }
 158              		.loc 1 184 0
 159 0018 FFF7FEBF 		b	UART_1_Enable
 160              	.LVL5:
 161              	.L13:
 162              		.cfi_restore_state
 163 001c 08BD     		pop	{r3, pc}
 164              	.L16:
 165 001e 00BF     		.align	2
 166              	.L15:
 167 0020 00000000 		.word	.LANCHOR0
 168              		.cfi_endproc
 169              	.LFE3:
 170              		.size	UART_1_Wakeup, .-UART_1_Wakeup
 171              		.bss
 172              		.set	.LANCHOR0,. + 0
 173              		.type	UART_1_backup, %object
 174              		.size	UART_1_backup, 2
 175              	UART_1_backup:
 176 0000 0000     		.space	2
 177              		.text
 178              	.Letext0:
 179              		.file 2 "Generated_Source\\PSoC5\\cytypes.h"
 180              		.file 3 "Generated_Source\\PSoC5\\UART_1.h"
 181              		.section	.debug_info,"",%progbits
 182              	.Ldebug_info0:
 183 0000 81010000 		.4byte	0x181
 184 0004 0400     		.2byte	0x4
 185 0006 00000000 		.4byte	.Ldebug_abbrev0
 186 000a 04       		.byte	0x4
 187 000b 01       		.uleb128 0x1
 188 000c 98000000 		.4byte	.LASF25
 189 0010 01       		.byte	0x1
 190 0011 AD010000 		.4byte	.LASF26
 191 0015 15000000 		.4byte	.LASF27
 192 0019 00000000 		.4byte	.Ldebug_ranges0+0
 193 001d 00000000 		.4byte	0
 194 0021 00000000 		.4byte	.Ldebug_line0
 195 0025 02       		.uleb128 0x2
 196 0026 01       		.byte	0x1
 197 0027 06       		.byte	0x6
 198 0028 4B020000 		.4byte	.LASF0
 199 002c 02       		.uleb128 0x2
 200 002d 01       		.byte	0x1
 201 002e 08       		.byte	0x8
 202 002f 26010000 		.4byte	.LASF1
 203 0033 02       		.uleb128 0x2
 204 0034 02       		.byte	0x2
 205 0035 05       		.byte	0x5
 206 0036 EA010000 		.4byte	.LASF2
 207 003a 02       		.uleb128 0x2
 208 003b 02       		.byte	0x2
 209 003c 07       		.byte	0x7
 210 003d 5C000000 		.4byte	.LASF3
 211 0041 02       		.uleb128 0x2
ARM GAS  C:\Users\yqh\AppData\Local\Temp\ccJhIVoh.s 			page 8


 212 0042 04       		.byte	0x4
 213 0043 05       		.byte	0x5
 214 0044 16020000 		.4byte	.LASF4
 215 0048 02       		.uleb128 0x2
 216 0049 04       		.byte	0x4
 217 004a 07       		.byte	0x7
 218 004b 45010000 		.4byte	.LASF5
 219 004f 02       		.uleb128 0x2
 220 0050 08       		.byte	0x8
 221 0051 05       		.byte	0x5
 222 0052 9F010000 		.4byte	.LASF6
 223 0056 02       		.uleb128 0x2
 224 0057 08       		.byte	0x8
 225 0058 07       		.byte	0x7
 226 0059 7F010000 		.4byte	.LASF7
 227 005d 03       		.uleb128 0x3
 228 005e 04       		.byte	0x4
 229 005f 05       		.byte	0x5
 230 0060 696E7400 		.ascii	"int\000"
 231 0064 02       		.uleb128 0x2
 232 0065 04       		.byte	0x4
 233 0066 07       		.byte	0x7
 234 0067 72010000 		.4byte	.LASF8
 235 006b 04       		.uleb128 0x4
 236 006c 57010000 		.4byte	.LASF12
 237 0070 02       		.byte	0x2
 238 0071 9201     		.2byte	0x192
 239 0073 2C000000 		.4byte	0x2c
 240 0077 02       		.uleb128 0x2
 241 0078 04       		.byte	0x4
 242 0079 04       		.byte	0x4
 243 007a 92000000 		.4byte	.LASF9
 244 007e 02       		.uleb128 0x2
 245 007f 08       		.byte	0x8
 246 0080 04       		.byte	0x4
 247 0081 5D010000 		.4byte	.LASF10
 248 0085 02       		.uleb128 0x2
 249 0086 01       		.byte	0x1
 250 0087 08       		.byte	0x8
 251 0088 D0010000 		.4byte	.LASF11
 252 008c 04       		.uleb128 0x4
 253 008d 34010000 		.4byte	.LASF13
 254 0091 02       		.byte	0x2
 255 0092 3C02     		.2byte	0x23c
 256 0094 98000000 		.4byte	0x98
 257 0098 05       		.uleb128 0x5
 258 0099 6B000000 		.4byte	0x6b
 259 009d 02       		.uleb128 0x2
 260 009e 04       		.byte	0x4
 261 009f 07       		.byte	0x7
 262 00a0 96010000 		.4byte	.LASF14
 263 00a4 06       		.uleb128 0x6
 264 00a5 D5010000 		.4byte	.LASF28
 265 00a9 02       		.byte	0x2
 266 00aa 03       		.byte	0x3
 267 00ab 45       		.byte	0x45
 268 00ac C8000000 		.4byte	0xc8
ARM GAS  C:\Users\yqh\AppData\Local\Temp\ccJhIVoh.s 			page 9


 269 00b0 07       		.uleb128 0x7
 270 00b1 1F020000 		.4byte	.LASF15
 271 00b5 03       		.byte	0x3
 272 00b6 47       		.byte	0x47
 273 00b7 6B000000 		.4byte	0x6b
 274 00bb 00       		.byte	0
 275 00bc 08       		.uleb128 0x8
 276 00bd 637200   		.ascii	"cr\000"
 277 00c0 03       		.byte	0x3
 278 00c1 4A       		.byte	0x4a
 279 00c2 6B000000 		.4byte	0x6b
 280 00c6 01       		.byte	0x1
 281 00c7 00       		.byte	0
 282 00c8 09       		.uleb128 0x9
 283 00c9 57020000 		.4byte	.LASF16
 284 00cd 03       		.byte	0x3
 285 00ce 4D       		.byte	0x4d
 286 00cf A4000000 		.4byte	0xa4
 287 00d3 0A       		.uleb128 0xa
 288 00d4 39020000 		.4byte	.LASF17
 289 00d8 01       		.byte	0x1
 290 00d9 36       		.byte	0x36
 291 00da 00000000 		.4byte	.LFB0
 292 00de 14000000 		.4byte	.LFE0-.LFB0
 293 00e2 01       		.uleb128 0x1
 294 00e3 9C       		.byte	0x9c
 295 00e4 0A       		.uleb128 0xa
 296 00e5 00000000 		.4byte	.LASF18
 297 00e9 01       		.byte	0x1
 298 00ea 57       		.byte	0x57
 299 00eb 00000000 		.4byte	.LFB1
 300 00ef 14000000 		.4byte	.LFE1-.LFB1
 301 00f3 01       		.uleb128 0x1
 302 00f4 9C       		.byte	0x9c
 303 00f5 0B       		.uleb128 0xb
 304 00f6 F4010000 		.4byte	.LASF19
 305 00fa 01       		.byte	0x1
 306 00fb 78       		.byte	0x78
 307 00fc 00000000 		.4byte	.LFB2
 308 0100 30000000 		.4byte	.LFE2-.LFB2
 309 0104 01       		.uleb128 0x1
 310 0105 9C       		.byte	0x9c
 311 0106 1D010000 		.4byte	0x11d
 312 010a 0C       		.uleb128 0xc
 313 010b 1E000000 		.4byte	.LVL0
 314 010f 68010000 		.4byte	0x168
 315 0113 0D       		.uleb128 0xd
 316 0114 26000000 		.4byte	.LVL1
 317 0118 D3000000 		.4byte	0xd3
 318 011c 00       		.byte	0
 319 011d 0B       		.uleb128 0xb
 320 011e 64010000 		.4byte	.LASF20
 321 0122 01       		.byte	0x1
 322 0123 AC       		.byte	0xac
 323 0124 00000000 		.4byte	.LFB3
 324 0128 24000000 		.4byte	.LFE3-.LFB3
 325 012c 01       		.uleb128 0x1
ARM GAS  C:\Users\yqh\AppData\Local\Temp\ccJhIVoh.s 			page 10


 326 012d 9C       		.byte	0x9c
 327 012e 57010000 		.4byte	0x157
 328 0132 0C       		.uleb128 0xc
 329 0133 06000000 		.4byte	.LVL2
 330 0137 E4000000 		.4byte	0xe4
 331 013b 0C       		.uleb128 0xc
 332 013c 0A000000 		.4byte	.LVL3
 333 0140 6F010000 		.4byte	0x16f
 334 0144 0C       		.uleb128 0xc
 335 0145 0E000000 		.4byte	.LVL4
 336 0149 76010000 		.4byte	0x176
 337 014d 0D       		.uleb128 0xd
 338 014e 1C000000 		.4byte	.LVL5
 339 0152 7D010000 		.4byte	0x17d
 340 0156 00       		.byte	0
 341 0157 0E       		.uleb128 0xe
 342 0158 84000000 		.4byte	.LASF29
 343 015c 01       		.byte	0x1
 344 015d 18       		.byte	0x18
 345 015e C8000000 		.4byte	0xc8
 346 0162 05       		.uleb128 0x5
 347 0163 03       		.byte	0x3
 348 0164 00000000 		.4byte	UART_1_backup
 349 0168 0F       		.uleb128 0xf
 350 0169 39010000 		.4byte	.LASF21
 351 016d 03       		.byte	0x3
 352 016e 55       		.byte	0x55
 353 016f 0F       		.uleb128 0xf
 354 0170 6F000000 		.4byte	.LASF22
 355 0174 03       		.byte	0x3
 356 0175 75       		.byte	0x75
 357 0176 0F       		.uleb128 0xf
 358 0177 01020000 		.4byte	.LASF23
 359 017b 03       		.byte	0x3
 360 017c 8F       		.byte	0x8f
 361 017d 0F       		.uleb128 0xf
 362 017e 2B020000 		.4byte	.LASF24
 363 0182 03       		.byte	0x3
 364 0183 5A       		.byte	0x5a
 365 0184 00       		.byte	0
 366              		.section	.debug_abbrev,"",%progbits
 367              	.Ldebug_abbrev0:
 368 0000 01       		.uleb128 0x1
 369 0001 11       		.uleb128 0x11
 370 0002 01       		.byte	0x1
 371 0003 25       		.uleb128 0x25
 372 0004 0E       		.uleb128 0xe
 373 0005 13       		.uleb128 0x13
 374 0006 0B       		.uleb128 0xb
 375 0007 03       		.uleb128 0x3
 376 0008 0E       		.uleb128 0xe
 377 0009 1B       		.uleb128 0x1b
 378 000a 0E       		.uleb128 0xe
 379 000b 55       		.uleb128 0x55
 380 000c 17       		.uleb128 0x17
 381 000d 11       		.uleb128 0x11
 382 000e 01       		.uleb128 0x1
ARM GAS  C:\Users\yqh\AppData\Local\Temp\ccJhIVoh.s 			page 11


 383 000f 10       		.uleb128 0x10
 384 0010 17       		.uleb128 0x17
 385 0011 00       		.byte	0
 386 0012 00       		.byte	0
 387 0013 02       		.uleb128 0x2
 388 0014 24       		.uleb128 0x24
 389 0015 00       		.byte	0
 390 0016 0B       		.uleb128 0xb
 391 0017 0B       		.uleb128 0xb
 392 0018 3E       		.uleb128 0x3e
 393 0019 0B       		.uleb128 0xb
 394 001a 03       		.uleb128 0x3
 395 001b 0E       		.uleb128 0xe
 396 001c 00       		.byte	0
 397 001d 00       		.byte	0
 398 001e 03       		.uleb128 0x3
 399 001f 24       		.uleb128 0x24
 400 0020 00       		.byte	0
 401 0021 0B       		.uleb128 0xb
 402 0022 0B       		.uleb128 0xb
 403 0023 3E       		.uleb128 0x3e
 404 0024 0B       		.uleb128 0xb
 405 0025 03       		.uleb128 0x3
 406 0026 08       		.uleb128 0x8
 407 0027 00       		.byte	0
 408 0028 00       		.byte	0
 409 0029 04       		.uleb128 0x4
 410 002a 16       		.uleb128 0x16
 411 002b 00       		.byte	0
 412 002c 03       		.uleb128 0x3
 413 002d 0E       		.uleb128 0xe
 414 002e 3A       		.uleb128 0x3a
 415 002f 0B       		.uleb128 0xb
 416 0030 3B       		.uleb128 0x3b
 417 0031 05       		.uleb128 0x5
 418 0032 49       		.uleb128 0x49
 419 0033 13       		.uleb128 0x13
 420 0034 00       		.byte	0
 421 0035 00       		.byte	0
 422 0036 05       		.uleb128 0x5
 423 0037 35       		.uleb128 0x35
 424 0038 00       		.byte	0
 425 0039 49       		.uleb128 0x49
 426 003a 13       		.uleb128 0x13
 427 003b 00       		.byte	0
 428 003c 00       		.byte	0
 429 003d 06       		.uleb128 0x6
 430 003e 13       		.uleb128 0x13
 431 003f 01       		.byte	0x1
 432 0040 03       		.uleb128 0x3
 433 0041 0E       		.uleb128 0xe
 434 0042 0B       		.uleb128 0xb
 435 0043 0B       		.uleb128 0xb
 436 0044 3A       		.uleb128 0x3a
 437 0045 0B       		.uleb128 0xb
 438 0046 3B       		.uleb128 0x3b
 439 0047 0B       		.uleb128 0xb
ARM GAS  C:\Users\yqh\AppData\Local\Temp\ccJhIVoh.s 			page 12


 440 0048 01       		.uleb128 0x1
 441 0049 13       		.uleb128 0x13
 442 004a 00       		.byte	0
 443 004b 00       		.byte	0
 444 004c 07       		.uleb128 0x7
 445 004d 0D       		.uleb128 0xd
 446 004e 00       		.byte	0
 447 004f 03       		.uleb128 0x3
 448 0050 0E       		.uleb128 0xe
 449 0051 3A       		.uleb128 0x3a
 450 0052 0B       		.uleb128 0xb
 451 0053 3B       		.uleb128 0x3b
 452 0054 0B       		.uleb128 0xb
 453 0055 49       		.uleb128 0x49
 454 0056 13       		.uleb128 0x13
 455 0057 38       		.uleb128 0x38
 456 0058 0B       		.uleb128 0xb
 457 0059 00       		.byte	0
 458 005a 00       		.byte	0
 459 005b 08       		.uleb128 0x8
 460 005c 0D       		.uleb128 0xd
 461 005d 00       		.byte	0
 462 005e 03       		.uleb128 0x3
 463 005f 08       		.uleb128 0x8
 464 0060 3A       		.uleb128 0x3a
 465 0061 0B       		.uleb128 0xb
 466 0062 3B       		.uleb128 0x3b
 467 0063 0B       		.uleb128 0xb
 468 0064 49       		.uleb128 0x49
 469 0065 13       		.uleb128 0x13
 470 0066 38       		.uleb128 0x38
 471 0067 0B       		.uleb128 0xb
 472 0068 00       		.byte	0
 473 0069 00       		.byte	0
 474 006a 09       		.uleb128 0x9
 475 006b 16       		.uleb128 0x16
 476 006c 00       		.byte	0
 477 006d 03       		.uleb128 0x3
 478 006e 0E       		.uleb128 0xe
 479 006f 3A       		.uleb128 0x3a
 480 0070 0B       		.uleb128 0xb
 481 0071 3B       		.uleb128 0x3b
 482 0072 0B       		.uleb128 0xb
 483 0073 49       		.uleb128 0x49
 484 0074 13       		.uleb128 0x13
 485 0075 00       		.byte	0
 486 0076 00       		.byte	0
 487 0077 0A       		.uleb128 0xa
 488 0078 2E       		.uleb128 0x2e
 489 0079 00       		.byte	0
 490 007a 3F       		.uleb128 0x3f
 491 007b 19       		.uleb128 0x19
 492 007c 03       		.uleb128 0x3
 493 007d 0E       		.uleb128 0xe
 494 007e 3A       		.uleb128 0x3a
 495 007f 0B       		.uleb128 0xb
 496 0080 3B       		.uleb128 0x3b
ARM GAS  C:\Users\yqh\AppData\Local\Temp\ccJhIVoh.s 			page 13


 497 0081 0B       		.uleb128 0xb
 498 0082 27       		.uleb128 0x27
 499 0083 19       		.uleb128 0x19
 500 0084 11       		.uleb128 0x11
 501 0085 01       		.uleb128 0x1
 502 0086 12       		.uleb128 0x12
 503 0087 06       		.uleb128 0x6
 504 0088 40       		.uleb128 0x40
 505 0089 18       		.uleb128 0x18
 506 008a 9742     		.uleb128 0x2117
 507 008c 19       		.uleb128 0x19
 508 008d 00       		.byte	0
 509 008e 00       		.byte	0
 510 008f 0B       		.uleb128 0xb
 511 0090 2E       		.uleb128 0x2e
 512 0091 01       		.byte	0x1
 513 0092 3F       		.uleb128 0x3f
 514 0093 19       		.uleb128 0x19
 515 0094 03       		.uleb128 0x3
 516 0095 0E       		.uleb128 0xe
 517 0096 3A       		.uleb128 0x3a
 518 0097 0B       		.uleb128 0xb
 519 0098 3B       		.uleb128 0x3b
 520 0099 0B       		.uleb128 0xb
 521 009a 27       		.uleb128 0x27
 522 009b 19       		.uleb128 0x19
 523 009c 11       		.uleb128 0x11
 524 009d 01       		.uleb128 0x1
 525 009e 12       		.uleb128 0x12
 526 009f 06       		.uleb128 0x6
 527 00a0 40       		.uleb128 0x40
 528 00a1 18       		.uleb128 0x18
 529 00a2 9742     		.uleb128 0x2117
 530 00a4 19       		.uleb128 0x19
 531 00a5 01       		.uleb128 0x1
 532 00a6 13       		.uleb128 0x13
 533 00a7 00       		.byte	0
 534 00a8 00       		.byte	0
 535 00a9 0C       		.uleb128 0xc
 536 00aa 898201   		.uleb128 0x4109
 537 00ad 00       		.byte	0
 538 00ae 11       		.uleb128 0x11
 539 00af 01       		.uleb128 0x1
 540 00b0 31       		.uleb128 0x31
 541 00b1 13       		.uleb128 0x13
 542 00b2 00       		.byte	0
 543 00b3 00       		.byte	0
 544 00b4 0D       		.uleb128 0xd
 545 00b5 898201   		.uleb128 0x4109
 546 00b8 00       		.byte	0
 547 00b9 11       		.uleb128 0x11
 548 00ba 01       		.uleb128 0x1
 549 00bb 9542     		.uleb128 0x2115
 550 00bd 19       		.uleb128 0x19
 551 00be 31       		.uleb128 0x31
 552 00bf 13       		.uleb128 0x13
 553 00c0 00       		.byte	0
ARM GAS  C:\Users\yqh\AppData\Local\Temp\ccJhIVoh.s 			page 14


 554 00c1 00       		.byte	0
 555 00c2 0E       		.uleb128 0xe
 556 00c3 34       		.uleb128 0x34
 557 00c4 00       		.byte	0
 558 00c5 03       		.uleb128 0x3
 559 00c6 0E       		.uleb128 0xe
 560 00c7 3A       		.uleb128 0x3a
 561 00c8 0B       		.uleb128 0xb
 562 00c9 3B       		.uleb128 0x3b
 563 00ca 0B       		.uleb128 0xb
 564 00cb 49       		.uleb128 0x49
 565 00cc 13       		.uleb128 0x13
 566 00cd 02       		.uleb128 0x2
 567 00ce 18       		.uleb128 0x18
 568 00cf 00       		.byte	0
 569 00d0 00       		.byte	0
 570 00d1 0F       		.uleb128 0xf
 571 00d2 2E       		.uleb128 0x2e
 572 00d3 00       		.byte	0
 573 00d4 3F       		.uleb128 0x3f
 574 00d5 19       		.uleb128 0x19
 575 00d6 03       		.uleb128 0x3
 576 00d7 0E       		.uleb128 0xe
 577 00d8 3A       		.uleb128 0x3a
 578 00d9 0B       		.uleb128 0xb
 579 00da 3B       		.uleb128 0x3b
 580 00db 0B       		.uleb128 0xb
 581 00dc 27       		.uleb128 0x27
 582 00dd 19       		.uleb128 0x19
 583 00de 3C       		.uleb128 0x3c
 584 00df 19       		.uleb128 0x19
 585 00e0 00       		.byte	0
 586 00e1 00       		.byte	0
 587 00e2 00       		.byte	0
 588              		.section	.debug_aranges,"",%progbits
 589 0000 34000000 		.4byte	0x34
 590 0004 0200     		.2byte	0x2
 591 0006 00000000 		.4byte	.Ldebug_info0
 592 000a 04       		.byte	0x4
 593 000b 00       		.byte	0
 594 000c 0000     		.2byte	0
 595 000e 0000     		.2byte	0
 596 0010 00000000 		.4byte	.LFB0
 597 0014 14000000 		.4byte	.LFE0-.LFB0
 598 0018 00000000 		.4byte	.LFB1
 599 001c 14000000 		.4byte	.LFE1-.LFB1
 600 0020 00000000 		.4byte	.LFB2
 601 0024 30000000 		.4byte	.LFE2-.LFB2
 602 0028 00000000 		.4byte	.LFB3
 603 002c 24000000 		.4byte	.LFE3-.LFB3
 604 0030 00000000 		.4byte	0
 605 0034 00000000 		.4byte	0
 606              		.section	.debug_ranges,"",%progbits
 607              	.Ldebug_ranges0:
 608 0000 00000000 		.4byte	.LFB0
 609 0004 14000000 		.4byte	.LFE0
 610 0008 00000000 		.4byte	.LFB1
ARM GAS  C:\Users\yqh\AppData\Local\Temp\ccJhIVoh.s 			page 15


 611 000c 14000000 		.4byte	.LFE1
 612 0010 00000000 		.4byte	.LFB2
 613 0014 30000000 		.4byte	.LFE2
 614 0018 00000000 		.4byte	.LFB3
 615 001c 24000000 		.4byte	.LFE3
 616 0020 00000000 		.4byte	0
 617 0024 00000000 		.4byte	0
 618              		.section	.debug_line,"",%progbits
 619              	.Ldebug_line0:
 620 0000 A7000000 		.section	.debug_str,"MS",%progbits,1
 620      02005200 
 620      00000201 
 620      FB0E0D00 
 620      01010101 
 621              	.LASF18:
 622 0000 55415254 		.ascii	"UART_1_RestoreConfig\000"
 622      5F315F52 
 622      6573746F 
 622      7265436F 
 622      6E666967 
 623              	.LASF27:
 624 0015 433A5C55 		.ascii	"C:\\Users\\yqh\\Documents\\works\\NanoNXT\\Pass_TOC"
 624      73657273 
 624      5C797168 
 624      5C446F63 
 624      756D656E 
 625 0042 5C352E30 		.ascii	"\\5.0.3\\nanoNxt_ICM3.cydsn\000"
 625      2E335C6E 
 625      616E6F4E 
 625      78745F49 
 625      434D332E 
 626              	.LASF3:
 627 005c 73686F72 		.ascii	"short unsigned int\000"
 627      7420756E 
 627      7369676E 
 627      65642069 
 627      6E7400
 628              	.LASF22:
 629 006f 55415254 		.ascii	"UART_1_ClearRxBuffer\000"
 629      5F315F43 
 629      6C656172 
 629      52784275 
 629      66666572 
 630              	.LASF29:
 631 0084 55415254 		.ascii	"UART_1_backup\000"
 631      5F315F62 
 631      61636B75 
 631      7000
 632              	.LASF9:
 633 0092 666C6F61 		.ascii	"float\000"
 633      7400
 634              	.LASF25:
 635 0098 474E5520 		.ascii	"GNU C 4.9.3 20150303 (release) [ARM/embedded-4_9-br"
 635      4320342E 
 635      392E3320 
 635      32303135 
 635      30333033 
ARM GAS  C:\Users\yqh\AppData\Local\Temp\ccJhIVoh.s 			page 16


 636 00cb 616E6368 		.ascii	"anch revision 221220] -mcpu=cortex-m3 -mthumb -g -O"
 636      20726576 
 636      6973696F 
 636      6E203232 
 636      31323230 
 637 00fe 73202D66 		.ascii	"s -ffunction-sections -ffat-lto-objects\000"
 637      66756E63 
 637      74696F6E 
 637      2D736563 
 637      74696F6E 
 638              	.LASF1:
 639 0126 756E7369 		.ascii	"unsigned char\000"
 639      676E6564 
 639      20636861 
 639      7200
 640              	.LASF13:
 641 0134 72656738 		.ascii	"reg8\000"
 641      00
 642              	.LASF21:
 643 0139 55415254 		.ascii	"UART_1_Stop\000"
 643      5F315F53 
 643      746F7000 
 644              	.LASF5:
 645 0145 6C6F6E67 		.ascii	"long unsigned int\000"
 645      20756E73 
 645      69676E65 
 645      6420696E 
 645      7400
 646              	.LASF12:
 647 0157 75696E74 		.ascii	"uint8\000"
 647      3800
 648              	.LASF10:
 649 015d 646F7562 		.ascii	"double\000"
 649      6C6500
 650              	.LASF20:
 651 0164 55415254 		.ascii	"UART_1_Wakeup\000"
 651      5F315F57 
 651      616B6575 
 651      7000
 652              	.LASF8:
 653 0172 756E7369 		.ascii	"unsigned int\000"
 653      676E6564 
 653      20696E74 
 653      00
 654              	.LASF7:
 655 017f 6C6F6E67 		.ascii	"long long unsigned int\000"
 655      206C6F6E 
 655      6720756E 
 655      7369676E 
 655      65642069 
 656              	.LASF14:
 657 0196 73697A65 		.ascii	"sizetype\000"
 657      74797065 
 657      00
 658              	.LASF6:
 659 019f 6C6F6E67 		.ascii	"long long int\000"
 659      206C6F6E 
ARM GAS  C:\Users\yqh\AppData\Local\Temp\ccJhIVoh.s 			page 17


 659      6720696E 
 659      7400
 660              	.LASF26:
 661 01ad 47656E65 		.ascii	"Generated_Source\\PSoC5\\UART_1_PM.c\000"
 661      72617465 
 661      645F536F 
 661      75726365 
 661      5C50536F 
 662              	.LASF11:
 663 01d0 63686172 		.ascii	"char\000"
 663      00
 664              	.LASF28:
 665 01d5 55415254 		.ascii	"UART_1_backupStruct_\000"
 665      5F315F62 
 665      61636B75 
 665      70537472 
 665      7563745F 
 666              	.LASF2:
 667 01ea 73686F72 		.ascii	"short int\000"
 667      7420696E 
 667      7400
 668              	.LASF19:
 669 01f4 55415254 		.ascii	"UART_1_Sleep\000"
 669      5F315F53 
 669      6C656570 
 669      00
 670              	.LASF23:
 671 0201 55415254 		.ascii	"UART_1_ClearTxBuffer\000"
 671      5F315F43 
 671      6C656172 
 671      54784275 
 671      66666572 
 672              	.LASF4:
 673 0216 6C6F6E67 		.ascii	"long int\000"
 673      20696E74 
 673      00
 674              	.LASF15:
 675 021f 656E6162 		.ascii	"enableState\000"
 675      6C655374 
 675      61746500 
 676              	.LASF24:
 677 022b 55415254 		.ascii	"UART_1_Enable\000"
 677      5F315F45 
 677      6E61626C 
 677      6500
 678              	.LASF17:
 679 0239 55415254 		.ascii	"UART_1_SaveConfig\000"
 679      5F315F53 
 679      61766543 
 679      6F6E6669 
 679      6700
 680              	.LASF0:
 681 024b 7369676E 		.ascii	"signed char\000"
 681      65642063 
 681      68617200 
 682              	.LASF16:
 683 0257 55415254 		.ascii	"UART_1_BACKUP_STRUCT\000"
ARM GAS  C:\Users\yqh\AppData\Local\Temp\ccJhIVoh.s 			page 18


 683      5F315F42 
 683      41434B55 
 683      505F5354 
 683      52554354 
 684              		.ident	"GCC: (GNU Tools for ARM Embedded Processors) 4.9.3 20150303 (release) [ARM/embedded-4_9-br
