#***************************************************************************

#sjplacer

#Version:            1.1

#Build Date:         Dec  5 2017 15:35:27

#File Generated:     Feb 25 2019 13:44:51

#Purpose:            

#Copyright (C) 2010-2011 by Softjin Technologies Pvt Ltd. All rights reserved.

#***************************************************************************

Executing : C:\Program Files (x86)\Cypress\PSoC Creator\4.2\PSoC Creator\bin/sjplacer.exe --proj-name ext_pim --netlist-vh2 ext_pim_p.vh2 --arch p35_udb4x6 --arch-file C:\Program Files (x86)\Cypress\PSoC Creator\4.2\PSoC Creator\dev\arch/udbdsi_4x6_24.cydata --ip-file C:\Program Files (x86)\Cypress\PSoC Creator\4.2\PSoC Creator\dev\psoc5/psoc5lp/ip_blocks.cydata --rrg-file C:\Program Files (x86)\Cypress\PSoC Creator\4.2\PSoC Creator\dev\psoc5/psoc5lp/route_arch-rrg.cydata --irq-file C:\Program Files (x86)\Cypress\PSoC Creator\4.2\PSoC Creator\dev\psoc5/psoc5lp/irqconn.cydata --drq-file C:\Program Files (x86)\Cypress\PSoC Creator\4.2\PSoC Creator\dev\psoc5/psoc5lp/dmaconn.cydata --dsi-conn-file C:\Program Files (x86)\Cypress\PSoC Creator\4.2\PSoC Creator\dev\psoc5/psoc5lp/dsiconn.cydata --pins-file pins_68-QFN.xml --lib-file ext_pim_p.lib --sdc-file ext_pim.sdc --io-pcf ext_pim.pci --outdir .

		Softjin Techologies Placer, Version 1.1

Build Date : Dec  5 2017	15:33:41

D2004: Option and Settings Summary
=============================================================
Netlist vh2 file          - ext_pim_p.vh2
Architecture file         - C:\Program Files (x86)\Cypress\PSoC Creator\4.2\PSoC Creator\dev\arch/udbdsi_4x6_24.cydata
Package                   - 
Defparam file             - 
SDC file                  - ext_pim.sdc
Output directory          - .
Timing library            - ext_pim_p.lib
IO Placement file         - ext_pim.pci

D2050: Starting reading inputs for placer
=============================================================
D2065: Reading netlist file : "ext_pim_p.vh2"
D2065: Reading arch file : "C:\Program Files (x86)\Cypress\PSoC Creator\4.2\PSoC Creator\dev\arch/udbdsi_4x6_24.cydata"
D2051: Reading of inputs for placer completed successfully

D2053: Starting placement of the design
=============================================================

Phase 2
Phase 3

Design Statistics after Packing
    Number of Combinational MCs 	:	46
    Number of Sequential MCs    	:	81
    Number of DPs               	:	11
    Number of Controls          	:	11
    Number of Status            	:	11
    Number of SyncCells         	:	10
    Number of count7cells       	:	3

Device Utilization Summary after Packing
    Macrocells                  :	127/192
    UDBS                        :	24/24
    IOs                         :	43/72


D2088: Phase 3, elapsed time : 0.0 (sec)

Phase 4
D2088: Phase 4, elapsed time : 0.0 (sec)

Phase 5
D2088: Phase 5, elapsed time : 0.0 (sec)

Phase 6

######################################################################
Placement Timing Summary

The timing summary is based on estimated routing delays after
placement. For final timing report, please carry out the timing
analysis after routing.
======================================================================

######################################################################
                     Clock Summary 
======================================================================
Number of clocks: 16
Clock: Clock_1              | Frequency:  55.7 MHz | Target:   0.1 MHz
Clock: Clock_1(fixed-function) | Frequency: N/A       | Target:   0.1 MHz
Clock: Clock_2              | Frequency: 123.4 MHz | Target:   0.0 MHz
Clock: Clock_3              | Frequency:  81.0 MHz | Target:  24.0 MHz
Clock: Clock_4              | Frequency:  36.3 MHz | Target:   0.0 MHz
Clock: Clock_5              | Frequency:  41.4 MHz | Target:   0.1 MHz
Clock: Clock_6              | Frequency: N/A       | Target:  12.0 MHz
Clock: Clock_6(routed)      | Frequency: N/A       | Target:  12.0 MHz
Clock: CyBUS_CLK            | Frequency:  46.4 MHz | Target:  48.0 MHz
Clock: CyILO                | Frequency: N/A       | Target:   0.1 MHz
Clock: CyIMO                | Frequency: N/A       | Target:  24.0 MHz
Clock: CyMASTER_CLK         | Frequency:  55.7 MHz | Target:  48.0 MHz
Clock: CyPLL_OUT            | Frequency: N/A       | Target:  48.0 MHz
Clock: I2C_Master_IntClock  | Frequency:  26.3 MHz | Target:   6.0 MHz
Clock: timer_clock          | Frequency:  44.9 MHz | Target:   0.5 MHz
Clock: timer_clock(fixed-function) | Frequency: N/A       | Target:   0.5 MHz

======================================================================
                     End of Clock Summary
######################################################################

D2088: Phase 6, elapsed time : 0.3 (sec)

Phase 7
######################################################################
                     Clock Summary 
======================================================================
Number of clocks: 16
Clock: Clock_1              | Frequency:   5.0 MHz | Target:   0.1 MHz
Clock: Clock_1(fixed-function) | Frequency: N/A       | Target:   0.1 MHz
Clock: Clock_2              | Frequency: 123.4 MHz | Target:   0.0 MHz
Clock: Clock_3              | Frequency:  68.4 MHz | Target:  24.0 MHz
Clock: Clock_4              | Frequency:   3.4 MHz | Target:   0.0 MHz
Clock: Clock_5              | Frequency:   3.4 MHz | Target:   0.1 MHz
Clock: Clock_6              | Frequency: N/A       | Target:  12.0 MHz
Clock: Clock_6(routed)      | Frequency: N/A       | Target:  12.0 MHz
Clock: CyBUS_CLK            | Frequency:   3.4 MHz | Target:  48.0 MHz
Clock: CyILO                | Frequency: N/A       | Target:   0.1 MHz
Clock: CyIMO                | Frequency: N/A       | Target:  24.0 MHz
Clock: CyMASTER_CLK         | Frequency:  62.6 MHz | Target:  48.0 MHz
Clock: CyPLL_OUT            | Frequency: N/A       | Target:  48.0 MHz
Clock: I2C_Master_IntClock  | Frequency:  28.0 MHz | Target:   6.0 MHz
Clock: timer_clock          | Frequency:  48.5 MHz | Target:   0.5 MHz
Clock: timer_clock(fixed-function) | Frequency: N/A       | Target:   0.5 MHz

======================================================================
                     End of Clock Summary
######################################################################
D2088: Phase 7, elapsed time : 1.5 (sec)

Final Design Statistics
    Number of Combinational MCs 	:	46
    Number of Sequential MCs    	:	81
    Number of DPs               	:	11
    Number of Controls          	:	11
    Number of Status            	:	11
    Number of SyncCells         	:	10
    Number of count7cells       	:	3
    Number of IOs       	:	43

Device Utilization Summary
    Macrocells                  :	127/192
    IOs                         :	43/72



######################################################################
Placement Timing Summary

The timing summary is based on estimated routing delays after
placement. For final timing report, please carry out the timing
analysis after routing.
======================================================================


######################################################################
                     Clock Summary 
======================================================================
Number of clocks: 16
Clock: Clock_1              | Frequency:   5.0 MHz | Target:   0.1 MHz
Clock: Clock_1(fixed-function) | Frequency: N/A       | Target:   0.1 MHz
Clock: Clock_2              | Frequency: 123.4 MHz | Target:   0.0 MHz
Clock: Clock_3              | Frequency:  68.4 MHz | Target:  24.0 MHz
Clock: Clock_4              | Frequency:   3.4 MHz | Target:   0.0 MHz
Clock: Clock_5              | Frequency:   3.4 MHz | Target:   0.1 MHz
Clock: Clock_6              | Frequency: N/A       | Target:  12.0 MHz
Clock: Clock_6(routed)      | Frequency: N/A       | Target:  12.0 MHz
Clock: CyBUS_CLK            | Frequency:   3.4 MHz | Target:  48.0 MHz
Clock: CyILO                | Frequency: N/A       | Target:   0.1 MHz
Clock: CyIMO                | Frequency: N/A       | Target:  24.0 MHz
Clock: CyMASTER_CLK         | Frequency:  62.6 MHz | Target:  48.0 MHz
Clock: CyPLL_OUT            | Frequency: N/A       | Target:  48.0 MHz
Clock: I2C_Master_IntClock  | Frequency:  28.0 MHz | Target:   6.0 MHz
Clock: timer_clock          | Frequency:  48.5 MHz | Target:   0.5 MHz
Clock: timer_clock(fixed-function) | Frequency: N/A       | Target:   0.5 MHz

======================================================================
                     End of Clock Summary
######################################################################

Phase 6

######################################################################
Placement Timing Summary

The timing summary is based on estimated routing delays after
placement. For final timing report, please carry out the timing
analysis after routing.
======================================================================

######################################################################
                     Clock Summary 
======================================================================
Number of clocks: 16
Clock: Clock_1              | Frequency:   5.0 MHz | Target:   0.1 MHz
Clock: Clock_1(fixed-function) | Frequency: N/A       | Target:   0.1 MHz
Clock: Clock_2              | Frequency: 110.6 MHz | Target:   0.0 MHz
Clock: Clock_3              | Frequency:  61.9 MHz | Target:  24.0 MHz
Clock: Clock_4              | Frequency:   3.0 MHz | Target:   0.0 MHz
Clock: Clock_5              | Frequency:   3.3 MHz | Target:   0.1 MHz
Clock: Clock_6              | Frequency: N/A       | Target:  12.0 MHz
Clock: Clock_6(routed)      | Frequency: N/A       | Target:  12.0 MHz
Clock: CyBUS_CLK            | Frequency:   3.0 MHz | Target:  48.0 MHz
Clock: CyILO                | Frequency: N/A       | Target:   0.1 MHz
Clock: CyIMO                | Frequency: N/A       | Target:  24.0 MHz
Clock: CyMASTER_CLK         | Frequency:  44.3 MHz | Target:  48.0 MHz
Clock: CyPLL_OUT            | Frequency: N/A       | Target:  48.0 MHz
Clock: I2C_Master_IntClock  | Frequency:  28.2 MHz | Target:   6.0 MHz
Clock: timer_clock          | Frequency:  44.9 MHz | Target:   0.5 MHz
Clock: timer_clock(fixed-function) | Frequency: N/A       | Target:   0.5 MHz

======================================================================
                     End of Clock Summary
######################################################################

D2088: Phase 6, elapsed time : 0.3 (sec)

Phase 7
######################################################################
                     Clock Summary 
======================================================================
Number of clocks: 16
Clock: Clock_1              | Frequency:   7.1 MHz | Target:   0.1 MHz
Clock: Clock_1(fixed-function) | Frequency: N/A       | Target:   0.1 MHz
Clock: Clock_2              | Frequency: 123.4 MHz | Target:   0.0 MHz
Clock: Clock_3              | Frequency:  48.5 MHz | Target:  24.0 MHz
Clock: Clock_4              | Frequency:   3.1 MHz | Target:   0.0 MHz
Clock: Clock_5              | Frequency:   3.5 MHz | Target:   0.1 MHz
Clock: Clock_6              | Frequency: N/A       | Target:  12.0 MHz
Clock: Clock_6(routed)      | Frequency: N/A       | Target:  12.0 MHz
Clock: CyBUS_CLK            | Frequency:   3.1 MHz | Target:  48.0 MHz
Clock: CyILO                | Frequency: N/A       | Target:   0.1 MHz
Clock: CyIMO                | Frequency: N/A       | Target:  24.0 MHz
Clock: CyMASTER_CLK         | Frequency:  46.8 MHz | Target:  48.0 MHz
Clock: CyPLL_OUT            | Frequency: N/A       | Target:  48.0 MHz
Clock: I2C_Master_IntClock  | Frequency:  27.0 MHz | Target:   6.0 MHz
Clock: timer_clock          | Frequency:  41.8 MHz | Target:   0.5 MHz
Clock: timer_clock(fixed-function) | Frequency: N/A       | Target:   0.5 MHz

======================================================================
                     End of Clock Summary
######################################################################
D2088: Phase 7, elapsed time : 10.3 (sec)

Final Design Statistics
    Number of Combinational MCs 	:	46
    Number of Sequential MCs    	:	81
    Number of DPs               	:	11
    Number of Controls          	:	11
    Number of Status            	:	11
    Number of SyncCells         	:	10
    Number of count7cells       	:	3
    Number of IOs       	:	43

Device Utilization Summary
    Macrocells                  :	127/192
    IOs                         :	43/72



######################################################################
Placement Timing Summary

The timing summary is based on estimated routing delays after
placement. For final timing report, please carry out the timing
analysis after routing.
======================================================================


######################################################################
                     Clock Summary 
======================================================================
Number of clocks: 16
Clock: Clock_1              | Frequency:   7.8 MHz | Target:   0.1 MHz
Clock: Clock_1(fixed-function) | Frequency: N/A       | Target:   0.1 MHz
Clock: Clock_2              | Frequency: 142.8 MHz | Target:   0.0 MHz
Clock: Clock_3              | Frequency:  81.0 MHz | Target:  24.0 MHz
Clock: Clock_4              | Frequency:   3.5 MHz | Target:   0.0 MHz
Clock: Clock_5              | Frequency:   4.1 MHz | Target:   0.1 MHz
Clock: Clock_6              | Frequency: N/A       | Target:  12.0 MHz
Clock: Clock_6(routed)      | Frequency: N/A       | Target:  12.0 MHz
Clock: CyBUS_CLK            | Frequency:   3.5 MHz | Target:  48.0 MHz
Clock: CyILO                | Frequency: N/A       | Target:   0.1 MHz
Clock: CyIMO                | Frequency: N/A       | Target:  24.0 MHz
Clock: CyMASTER_CLK         | Frequency:  52.0 MHz | Target:  48.0 MHz
Clock: CyPLL_OUT            | Frequency: N/A       | Target:  48.0 MHz
Clock: I2C_Master_IntClock  | Frequency:  32.9 MHz | Target:   6.0 MHz
Clock: timer_clock          | Frequency:  81.0 MHz | Target:   0.5 MHz
Clock: timer_clock(fixed-function) | Frequency: N/A       | Target:   0.5 MHz

======================================================================
                     End of Clock Summary
######################################################################

Phase 8
D2088: Phase 8, elapsed time : 0.0 (sec)

D2054: Placement of the design completed successfully

I2076: Total run-time: 14.8 sec.

