ARM GAS  C:\Users\yqh\AppData\Local\Temp\ccAADaKQ.s 			page 1


   1              		.syntax unified
   2              		.cpu cortex-m3
   3              		.fpu softvfp
   4              		.eabi_attribute 20, 1
   5              		.eabi_attribute 21, 1
   6              		.eabi_attribute 23, 3
   7              		.eabi_attribute 24, 1
   8              		.eabi_attribute 25, 1
   9              		.eabi_attribute 26, 1
  10              		.eabi_attribute 30, 4
  11              		.eabi_attribute 34, 1
  12              		.eabi_attribute 18, 4
  13              		.thumb
  14              		.file	"EZI2CPin.c"
  15              		.text
  16              	.Ltext0:
  17              		.cfi_sections	.debug_frame
  18              		.section	.text.EZI2CPin_Write,"ax",%progbits
  19              		.align	1
  20              		.global	EZI2CPin_Write
  21              		.thumb
  22              		.thumb_func
  23              		.type	EZI2CPin_Write, %function
  24              	EZI2CPin_Write:
  25              	.LFB0:
  26              		.file 1 "Generated_Source\\PSoC5\\EZI2CPin.c"
   1:Generated_Source\PSoC5/EZI2CPin.c **** /*******************************************************************************
   2:Generated_Source\PSoC5/EZI2CPin.c **** * File Name: EZI2CPin.c  
   3:Generated_Source\PSoC5/EZI2CPin.c **** * Version 2.20
   4:Generated_Source\PSoC5/EZI2CPin.c **** *
   5:Generated_Source\PSoC5/EZI2CPin.c **** * Description:
   6:Generated_Source\PSoC5/EZI2CPin.c **** *  This file contains API to enable firmware control of a Pins component.
   7:Generated_Source\PSoC5/EZI2CPin.c **** *
   8:Generated_Source\PSoC5/EZI2CPin.c **** * Note:
   9:Generated_Source\PSoC5/EZI2CPin.c **** *
  10:Generated_Source\PSoC5/EZI2CPin.c **** ********************************************************************************
  11:Generated_Source\PSoC5/EZI2CPin.c **** * Copyright 2008-2015, Cypress Semiconductor Corporation.  All rights reserved.
  12:Generated_Source\PSoC5/EZI2CPin.c **** * You may use this file only in accordance with the license, terms, conditions, 
  13:Generated_Source\PSoC5/EZI2CPin.c **** * disclaimers, and limitations in the end user license agreement accompanying 
  14:Generated_Source\PSoC5/EZI2CPin.c **** * the software package with which this file was provided.
  15:Generated_Source\PSoC5/EZI2CPin.c **** *******************************************************************************/
  16:Generated_Source\PSoC5/EZI2CPin.c **** 
  17:Generated_Source\PSoC5/EZI2CPin.c **** #include "cytypes.h"
  18:Generated_Source\PSoC5/EZI2CPin.c **** #include "EZI2CPin.h"
  19:Generated_Source\PSoC5/EZI2CPin.c **** 
  20:Generated_Source\PSoC5/EZI2CPin.c **** /* APIs are not generated for P15[7:6] on PSoC 5 */
  21:Generated_Source\PSoC5/EZI2CPin.c **** #if !(CY_PSOC5A &&\
  22:Generated_Source\PSoC5/EZI2CPin.c **** 	 EZI2CPin__PORT == 15 && ((EZI2CPin__MASK & 0xC0) != 0))
  23:Generated_Source\PSoC5/EZI2CPin.c **** 
  24:Generated_Source\PSoC5/EZI2CPin.c **** 
  25:Generated_Source\PSoC5/EZI2CPin.c **** /*******************************************************************************
  26:Generated_Source\PSoC5/EZI2CPin.c **** * Function Name: EZI2CPin_Write
  27:Generated_Source\PSoC5/EZI2CPin.c **** ****************************************************************************//**
  28:Generated_Source\PSoC5/EZI2CPin.c **** *
  29:Generated_Source\PSoC5/EZI2CPin.c **** * \brief Writes the value to the physical port (data output register), masking
  30:Generated_Source\PSoC5/EZI2CPin.c **** *  and shifting the bits appropriately. 
  31:Generated_Source\PSoC5/EZI2CPin.c **** *
ARM GAS  C:\Users\yqh\AppData\Local\Temp\ccAADaKQ.s 			page 2


  32:Generated_Source\PSoC5/EZI2CPin.c **** * The data output register controls the signal applied to the physical pin in 
  33:Generated_Source\PSoC5/EZI2CPin.c **** * conjunction with the drive mode parameter. This function avoids changing 
  34:Generated_Source\PSoC5/EZI2CPin.c **** * other bits in the port by using the appropriate method (read-modify-write or
  35:Generated_Source\PSoC5/EZI2CPin.c **** * bit banding).
  36:Generated_Source\PSoC5/EZI2CPin.c **** *
  37:Generated_Source\PSoC5/EZI2CPin.c **** * <b>Note</b> This function should not be used on a hardware digital output pin 
  38:Generated_Source\PSoC5/EZI2CPin.c **** * as it is driven by the hardware signal attached to it.
  39:Generated_Source\PSoC5/EZI2CPin.c **** *
  40:Generated_Source\PSoC5/EZI2CPin.c **** * \param value
  41:Generated_Source\PSoC5/EZI2CPin.c **** *  Value to write to the component instance.
  42:Generated_Source\PSoC5/EZI2CPin.c **** *
  43:Generated_Source\PSoC5/EZI2CPin.c **** * \return 
  44:Generated_Source\PSoC5/EZI2CPin.c **** *  None 
  45:Generated_Source\PSoC5/EZI2CPin.c **** *
  46:Generated_Source\PSoC5/EZI2CPin.c **** * \sideeffect
  47:Generated_Source\PSoC5/EZI2CPin.c **** *  If you use read-modify-write operations that are not atomic; the Interrupt 
  48:Generated_Source\PSoC5/EZI2CPin.c **** *  Service Routines (ISR) can cause corruption of this function. An ISR that 
  49:Generated_Source\PSoC5/EZI2CPin.c **** *  interrupts this function and performs writes to the Pins component data 
  50:Generated_Source\PSoC5/EZI2CPin.c **** *  register can cause corrupted port data. To avoid this issue, you should 
  51:Generated_Source\PSoC5/EZI2CPin.c **** *  either use the Per-Pin APIs (primary method) or disable interrupts around 
  52:Generated_Source\PSoC5/EZI2CPin.c **** *  this function.
  53:Generated_Source\PSoC5/EZI2CPin.c **** *
  54:Generated_Source\PSoC5/EZI2CPin.c **** * \funcusage
  55:Generated_Source\PSoC5/EZI2CPin.c **** *  \snippet EZI2CPin_SUT.c usage_EZI2CPin_Write
  56:Generated_Source\PSoC5/EZI2CPin.c **** *******************************************************************************/
  57:Generated_Source\PSoC5/EZI2CPin.c **** void EZI2CPin_Write(uint8 value)
  58:Generated_Source\PSoC5/EZI2CPin.c **** {
  27              		.loc 1 58 0
  28              		.cfi_startproc
  29              		@ args = 0, pretend = 0, frame = 0
  30              		@ frame_needed = 0, uses_anonymous_args = 0
  31              		@ link register save eliminated.
  32              	.LVL0:
  59:Generated_Source\PSoC5/EZI2CPin.c ****     uint8 staticBits = (EZI2CPin_DR & (uint8)(~EZI2CPin_MASK));
  33              		.loc 1 59 0
  34 0000 044A     		ldr	r2, .L2
  60:Generated_Source\PSoC5/EZI2CPin.c ****     EZI2CPin_DR = staticBits | ((uint8)(value << EZI2CPin_SHIFT) & EZI2CPin_MASK);
  35              		.loc 1 60 0
  36 0002 0001     		lsls	r0, r0, #4
  37              	.LVL1:
  59:Generated_Source\PSoC5/EZI2CPin.c ****     uint8 staticBits = (EZI2CPin_DR & (uint8)(~EZI2CPin_MASK));
  38              		.loc 1 59 0
  39 0004 1378     		ldrb	r3, [r2]	@ zero_extendqisi2
  40              	.LVL2:
  41              		.loc 1 60 0
  42 0006 00F03000 		and	r0, r0, #48
  59:Generated_Source\PSoC5/EZI2CPin.c ****     uint8 staticBits = (EZI2CPin_DR & (uint8)(~EZI2CPin_MASK));
  43              		.loc 1 59 0
  44 000a 03F0CF03 		and	r3, r3, #207
  45              	.LVL3:
  46              		.loc 1 60 0
  47 000e 0343     		orrs	r3, r3, r0
  48 0010 1370     		strb	r3, [r2]
  49 0012 7047     		bx	lr
  50              	.L3:
  51              		.align	2
  52              	.L2:
ARM GAS  C:\Users\yqh\AppData\Local\Temp\ccAADaKQ.s 			page 3


  53 0014 C0510040 		.word	1073762752
  54              		.cfi_endproc
  55              	.LFE0:
  56              		.size	EZI2CPin_Write, .-EZI2CPin_Write
  57              		.section	.text.EZI2CPin_SetDriveMode,"ax",%progbits
  58              		.align	1
  59              		.global	EZI2CPin_SetDriveMode
  60              		.thumb
  61              		.thumb_func
  62              		.type	EZI2CPin_SetDriveMode, %function
  63              	EZI2CPin_SetDriveMode:
  64              	.LFB1:
  61:Generated_Source\PSoC5/EZI2CPin.c **** }
  62:Generated_Source\PSoC5/EZI2CPin.c **** 
  63:Generated_Source\PSoC5/EZI2CPin.c **** 
  64:Generated_Source\PSoC5/EZI2CPin.c **** /*******************************************************************************
  65:Generated_Source\PSoC5/EZI2CPin.c **** * Function Name: EZI2CPin_SetDriveMode
  66:Generated_Source\PSoC5/EZI2CPin.c **** ****************************************************************************//**
  67:Generated_Source\PSoC5/EZI2CPin.c **** *
  68:Generated_Source\PSoC5/EZI2CPin.c **** * \brief Sets the drive mode for each of the Pins component's pins.
  69:Generated_Source\PSoC5/EZI2CPin.c **** * 
  70:Generated_Source\PSoC5/EZI2CPin.c **** * <b>Note</b> This affects all pins in the Pins component instance. Use the
  71:Generated_Source\PSoC5/EZI2CPin.c **** * Per-Pin APIs if you wish to control individual pin's drive modes.
  72:Generated_Source\PSoC5/EZI2CPin.c **** *
  73:Generated_Source\PSoC5/EZI2CPin.c **** * \param mode
  74:Generated_Source\PSoC5/EZI2CPin.c **** *  Mode for the selected signals. Valid options are documented in 
  75:Generated_Source\PSoC5/EZI2CPin.c **** *  \ref driveMode.
  76:Generated_Source\PSoC5/EZI2CPin.c **** *
  77:Generated_Source\PSoC5/EZI2CPin.c **** * \return
  78:Generated_Source\PSoC5/EZI2CPin.c **** *  None
  79:Generated_Source\PSoC5/EZI2CPin.c **** *
  80:Generated_Source\PSoC5/EZI2CPin.c **** * \sideeffect
  81:Generated_Source\PSoC5/EZI2CPin.c **** *  If you use read-modify-write operations that are not atomic, the ISR can
  82:Generated_Source\PSoC5/EZI2CPin.c **** *  cause corruption of this function. An ISR that interrupts this function 
  83:Generated_Source\PSoC5/EZI2CPin.c **** *  and performs writes to the Pins component Drive Mode registers can cause 
  84:Generated_Source\PSoC5/EZI2CPin.c **** *  corrupted port data. To avoid this issue, you should either use the Per-Pin
  85:Generated_Source\PSoC5/EZI2CPin.c **** *  APIs (primary method) or disable interrupts around this function.
  86:Generated_Source\PSoC5/EZI2CPin.c **** *
  87:Generated_Source\PSoC5/EZI2CPin.c **** * \funcusage
  88:Generated_Source\PSoC5/EZI2CPin.c **** *  \snippet EZI2CPin_SUT.c usage_EZI2CPin_SetDriveMode
  89:Generated_Source\PSoC5/EZI2CPin.c **** *******************************************************************************/
  90:Generated_Source\PSoC5/EZI2CPin.c **** void EZI2CPin_SetDriveMode(uint8 mode)
  91:Generated_Source\PSoC5/EZI2CPin.c **** {
  65              		.loc 1 91 0
  66              		.cfi_startproc
  67              		@ args = 0, pretend = 0, frame = 0
  68              		@ frame_needed = 0, uses_anonymous_args = 0
  69              		@ link register save eliminated.
  70              	.LVL4:
  92:Generated_Source\PSoC5/EZI2CPin.c **** 	CyPins_SetPinDriveMode(EZI2CPin_0, mode);
  71              		.loc 1 92 0
  72 0000 064A     		ldr	r2, .L5
  73 0002 00F00E00 		and	r0, r0, #14
  74              	.LVL5:
  75 0006 1378     		ldrb	r3, [r2]	@ zero_extendqisi2
  76 0008 03F0F103 		and	r3, r3, #241
  77 000c 0343     		orrs	r3, r3, r0
ARM GAS  C:\Users\yqh\AppData\Local\Temp\ccAADaKQ.s 			page 4


  78 000e 1370     		strb	r3, [r2]
  93:Generated_Source\PSoC5/EZI2CPin.c **** 	CyPins_SetPinDriveMode(EZI2CPin_1, mode);
  79              		.loc 1 93 0
  80 0010 5378     		ldrb	r3, [r2, #1]	@ zero_extendqisi2
  81 0012 03F0F103 		and	r3, r3, #241
  82 0016 1843     		orrs	r0, r0, r3
  83 0018 5070     		strb	r0, [r2, #1]
  84 001a 7047     		bx	lr
  85              	.L6:
  86              		.align	2
  87              	.L5:
  88 001c 64500040 		.word	1073762404
  89              		.cfi_endproc
  90              	.LFE1:
  91              		.size	EZI2CPin_SetDriveMode, .-EZI2CPin_SetDriveMode
  92              		.section	.text.EZI2CPin_Read,"ax",%progbits
  93              		.align	1
  94              		.global	EZI2CPin_Read
  95              		.thumb
  96              		.thumb_func
  97              		.type	EZI2CPin_Read, %function
  98              	EZI2CPin_Read:
  99              	.LFB2:
  94:Generated_Source\PSoC5/EZI2CPin.c **** }
  95:Generated_Source\PSoC5/EZI2CPin.c **** 
  96:Generated_Source\PSoC5/EZI2CPin.c **** 
  97:Generated_Source\PSoC5/EZI2CPin.c **** /*******************************************************************************
  98:Generated_Source\PSoC5/EZI2CPin.c **** * Function Name: EZI2CPin_Read
  99:Generated_Source\PSoC5/EZI2CPin.c **** ****************************************************************************//**
 100:Generated_Source\PSoC5/EZI2CPin.c **** *
 101:Generated_Source\PSoC5/EZI2CPin.c **** * \brief Reads the associated physical port (pin status register) and masks 
 102:Generated_Source\PSoC5/EZI2CPin.c **** *  the required bits according to the width and bit position of the component
 103:Generated_Source\PSoC5/EZI2CPin.c **** *  instance. 
 104:Generated_Source\PSoC5/EZI2CPin.c **** *
 105:Generated_Source\PSoC5/EZI2CPin.c **** * The pin's status register returns the current logic level present on the 
 106:Generated_Source\PSoC5/EZI2CPin.c **** * physical pin.
 107:Generated_Source\PSoC5/EZI2CPin.c **** *
 108:Generated_Source\PSoC5/EZI2CPin.c **** * \return 
 109:Generated_Source\PSoC5/EZI2CPin.c **** *  The current value for the pins in the component as a right justified number.
 110:Generated_Source\PSoC5/EZI2CPin.c **** *
 111:Generated_Source\PSoC5/EZI2CPin.c **** * \funcusage
 112:Generated_Source\PSoC5/EZI2CPin.c **** *  \snippet EZI2CPin_SUT.c usage_EZI2CPin_Read  
 113:Generated_Source\PSoC5/EZI2CPin.c **** *******************************************************************************/
 114:Generated_Source\PSoC5/EZI2CPin.c **** uint8 EZI2CPin_Read(void)
 115:Generated_Source\PSoC5/EZI2CPin.c **** {
 100              		.loc 1 115 0
 101              		.cfi_startproc
 102              		@ args = 0, pretend = 0, frame = 0
 103              		@ frame_needed = 0, uses_anonymous_args = 0
 104              		@ link register save eliminated.
 116:Generated_Source\PSoC5/EZI2CPin.c ****     return (EZI2CPin_PS & EZI2CPin_MASK) >> EZI2CPin_SHIFT;
 105              		.loc 1 116 0
 106 0000 024B     		ldr	r3, .L8
 107 0002 1878     		ldrb	r0, [r3]	@ zero_extendqisi2
 117:Generated_Source\PSoC5/EZI2CPin.c **** }
 108              		.loc 1 117 0
 109 0004 C0F30110 		ubfx	r0, r0, #4, #2
ARM GAS  C:\Users\yqh\AppData\Local\Temp\ccAADaKQ.s 			page 5


 110 0008 7047     		bx	lr
 111              	.L9:
 112 000a 00BF     		.align	2
 113              	.L8:
 114 000c C1510040 		.word	1073762753
 115              		.cfi_endproc
 116              	.LFE2:
 117              		.size	EZI2CPin_Read, .-EZI2CPin_Read
 118              		.section	.text.EZI2CPin_ReadDataReg,"ax",%progbits
 119              		.align	1
 120              		.global	EZI2CPin_ReadDataReg
 121              		.thumb
 122              		.thumb_func
 123              		.type	EZI2CPin_ReadDataReg, %function
 124              	EZI2CPin_ReadDataReg:
 125              	.LFB3:
 118:Generated_Source\PSoC5/EZI2CPin.c **** 
 119:Generated_Source\PSoC5/EZI2CPin.c **** 
 120:Generated_Source\PSoC5/EZI2CPin.c **** /*******************************************************************************
 121:Generated_Source\PSoC5/EZI2CPin.c **** * Function Name: EZI2CPin_ReadDataReg
 122:Generated_Source\PSoC5/EZI2CPin.c **** ****************************************************************************//**
 123:Generated_Source\PSoC5/EZI2CPin.c **** *
 124:Generated_Source\PSoC5/EZI2CPin.c **** * \brief Reads the associated physical port's data output register and masks 
 125:Generated_Source\PSoC5/EZI2CPin.c **** *  the correct bits according to the width and bit position of the component 
 126:Generated_Source\PSoC5/EZI2CPin.c **** *  instance. 
 127:Generated_Source\PSoC5/EZI2CPin.c **** *
 128:Generated_Source\PSoC5/EZI2CPin.c **** * The data output register controls the signal applied to the physical pin in 
 129:Generated_Source\PSoC5/EZI2CPin.c **** * conjunction with the drive mode parameter. This is not the same as the 
 130:Generated_Source\PSoC5/EZI2CPin.c **** * preferred EZI2CPin_Read() API because the 
 131:Generated_Source\PSoC5/EZI2CPin.c **** * EZI2CPin_ReadDataReg() reads the data register instead of the status 
 132:Generated_Source\PSoC5/EZI2CPin.c **** * register. For output pins this is a useful function to determine the value 
 133:Generated_Source\PSoC5/EZI2CPin.c **** * just written to the pin.
 134:Generated_Source\PSoC5/EZI2CPin.c **** *
 135:Generated_Source\PSoC5/EZI2CPin.c **** * \return 
 136:Generated_Source\PSoC5/EZI2CPin.c **** *  The current value of the data register masked and shifted into a right 
 137:Generated_Source\PSoC5/EZI2CPin.c **** *  justified number for the component instance.
 138:Generated_Source\PSoC5/EZI2CPin.c **** *
 139:Generated_Source\PSoC5/EZI2CPin.c **** * \funcusage
 140:Generated_Source\PSoC5/EZI2CPin.c **** *  \snippet EZI2CPin_SUT.c usage_EZI2CPin_ReadDataReg 
 141:Generated_Source\PSoC5/EZI2CPin.c **** *******************************************************************************/
 142:Generated_Source\PSoC5/EZI2CPin.c **** uint8 EZI2CPin_ReadDataReg(void)
 143:Generated_Source\PSoC5/EZI2CPin.c **** {
 126              		.loc 1 143 0
 127              		.cfi_startproc
 128              		@ args = 0, pretend = 0, frame = 0
 129              		@ frame_needed = 0, uses_anonymous_args = 0
 130              		@ link register save eliminated.
 144:Generated_Source\PSoC5/EZI2CPin.c ****     return (EZI2CPin_DR & EZI2CPin_MASK) >> EZI2CPin_SHIFT;
 131              		.loc 1 144 0
 132 0000 024B     		ldr	r3, .L11
 133 0002 1878     		ldrb	r0, [r3]	@ zero_extendqisi2
 145:Generated_Source\PSoC5/EZI2CPin.c **** }
 134              		.loc 1 145 0
 135 0004 C0F30110 		ubfx	r0, r0, #4, #2
 136 0008 7047     		bx	lr
 137              	.L12:
 138 000a 00BF     		.align	2
ARM GAS  C:\Users\yqh\AppData\Local\Temp\ccAADaKQ.s 			page 6


 139              	.L11:
 140 000c C0510040 		.word	1073762752
 141              		.cfi_endproc
 142              	.LFE3:
 143              		.size	EZI2CPin_ReadDataReg, .-EZI2CPin_ReadDataReg
 144              		.text
 145              	.Letext0:
 146              		.file 2 "Generated_Source\\PSoC5\\cytypes.h"
 147              		.section	.debug_info,"",%progbits
 148              	.Ldebug_info0:
 149 0000 1D010000 		.4byte	0x11d
 150 0004 0400     		.2byte	0x4
 151 0006 00000000 		.4byte	.Ldebug_abbrev0
 152 000a 04       		.byte	0x4
 153 000b 01       		.uleb128 0x1
 154 000c 53010000 		.4byte	.LASF20
 155 0010 01       		.byte	0x1
 156 0011 75000000 		.4byte	.LASF21
 157 0015 00000000 		.4byte	.LASF22
 158 0019 00000000 		.4byte	.Ldebug_ranges0+0
 159 001d 00000000 		.4byte	0
 160 0021 00000000 		.4byte	.Ldebug_line0
 161 0025 02       		.uleb128 0x2
 162 0026 01       		.byte	0x1
 163 0027 06       		.byte	0x6
 164 0028 EA010000 		.4byte	.LASF0
 165 002c 02       		.uleb128 0x2
 166 002d 01       		.byte	0x1
 167 002e 08       		.byte	0x8
 168 002f A3000000 		.4byte	.LASF1
 169 0033 02       		.uleb128 0x2
 170 0034 02       		.byte	0x2
 171 0035 05       		.byte	0x5
 172 0036 49010000 		.4byte	.LASF2
 173 003a 02       		.uleb128 0x2
 174 003b 02       		.byte	0x2
 175 003c 07       		.byte	0x7
 176 003d C8000000 		.4byte	.LASF3
 177 0041 02       		.uleb128 0x2
 178 0042 04       		.byte	0x4
 179 0043 05       		.byte	0x5
 180 0044 E1010000 		.4byte	.LASF4
 181 0048 02       		.uleb128 0x2
 182 0049 04       		.byte	0x4
 183 004a 07       		.byte	0x7
 184 004b B6000000 		.4byte	.LASF5
 185 004f 02       		.uleb128 0x2
 186 0050 08       		.byte	0x8
 187 0051 05       		.byte	0x5
 188 0052 36010000 		.4byte	.LASF6
 189 0056 02       		.uleb128 0x2
 190 0057 08       		.byte	0x8
 191 0058 07       		.byte	0x7
 192 0059 04010000 		.4byte	.LASF7
 193 005d 03       		.uleb128 0x3
 194 005e 04       		.byte	0x4
 195 005f 05       		.byte	0x5
ARM GAS  C:\Users\yqh\AppData\Local\Temp\ccAADaKQ.s 			page 7


 196 0060 696E7400 		.ascii	"int\000"
 197 0064 02       		.uleb128 0x2
 198 0065 04       		.byte	0x4
 199 0066 07       		.byte	0x7
 200 0067 F7000000 		.4byte	.LASF8
 201 006b 04       		.uleb128 0x4
 202 006c 9D000000 		.4byte	.LASF12
 203 0070 02       		.byte	0x2
 204 0071 9201     		.2byte	0x192
 205 0073 2C000000 		.4byte	0x2c
 206 0077 02       		.uleb128 0x2
 207 0078 04       		.byte	0x4
 208 0079 04       		.byte	0x4
 209 007a 97000000 		.4byte	.LASF9
 210 007e 02       		.uleb128 0x2
 211 007f 08       		.byte	0x8
 212 0080 04       		.byte	0x4
 213 0081 F0000000 		.4byte	.LASF10
 214 0085 02       		.uleb128 0x2
 215 0086 01       		.byte	0x1
 216 0087 08       		.byte	0x8
 217 0088 44010000 		.4byte	.LASF11
 218 008c 04       		.uleb128 0x4
 219 008d B1000000 		.4byte	.LASF13
 220 0091 02       		.byte	0x2
 221 0092 3C02     		.2byte	0x23c
 222 0094 98000000 		.4byte	0x98
 223 0098 05       		.uleb128 0x5
 224 0099 6B000000 		.4byte	0x6b
 225 009d 06       		.uleb128 0x6
 226 009e 66000000 		.4byte	.LASF14
 227 00a2 01       		.byte	0x1
 228 00a3 39       		.byte	0x39
 229 00a4 00000000 		.4byte	.LFB0
 230 00a8 18000000 		.4byte	.LFE0-.LFB0
 231 00ac 01       		.uleb128 0x1
 232 00ad 9C       		.byte	0x9c
 233 00ae D1000000 		.4byte	0xd1
 234 00b2 07       		.uleb128 0x7
 235 00b3 47000000 		.4byte	.LASF16
 236 00b7 01       		.byte	0x1
 237 00b8 39       		.byte	0x39
 238 00b9 6B000000 		.4byte	0x6b
 239 00bd 00000000 		.4byte	.LLST0
 240 00c1 08       		.uleb128 0x8
 241 00c2 4D000000 		.4byte	.LASF23
 242 00c6 01       		.byte	0x1
 243 00c7 3B       		.byte	0x3b
 244 00c8 6B000000 		.4byte	0x6b
 245 00cc 21000000 		.4byte	.LLST1
 246 00d0 00       		.byte	0
 247 00d1 06       		.uleb128 0x6
 248 00d2 20010000 		.4byte	.LASF15
 249 00d6 01       		.byte	0x1
 250 00d7 5A       		.byte	0x5a
 251 00d8 00000000 		.4byte	.LFB1
 252 00dc 20000000 		.4byte	.LFE1-.LFB1
ARM GAS  C:\Users\yqh\AppData\Local\Temp\ccAADaKQ.s 			page 8


 253 00e0 01       		.uleb128 0x1
 254 00e1 9C       		.byte	0x9c
 255 00e2 F6000000 		.4byte	0xf6
 256 00e6 07       		.uleb128 0x7
 257 00e7 1B010000 		.4byte	.LASF17
 258 00eb 01       		.byte	0x1
 259 00ec 5A       		.byte	0x5a
 260 00ed 6B000000 		.4byte	0x6b
 261 00f1 39000000 		.4byte	.LLST2
 262 00f5 00       		.byte	0
 263 00f6 09       		.uleb128 0x9
 264 00f7 58000000 		.4byte	.LASF18
 265 00fb 01       		.byte	0x1
 266 00fc 72       		.byte	0x72
 267 00fd 6B000000 		.4byte	0x6b
 268 0101 00000000 		.4byte	.LFB2
 269 0105 10000000 		.4byte	.LFE2-.LFB2
 270 0109 01       		.uleb128 0x1
 271 010a 9C       		.byte	0x9c
 272 010b 09       		.uleb128 0x9
 273 010c DB000000 		.4byte	.LASF19
 274 0110 01       		.byte	0x1
 275 0111 8E       		.byte	0x8e
 276 0112 6B000000 		.4byte	0x6b
 277 0116 00000000 		.4byte	.LFB3
 278 011a 10000000 		.4byte	.LFE3-.LFB3
 279 011e 01       		.uleb128 0x1
 280 011f 9C       		.byte	0x9c
 281 0120 00       		.byte	0
 282              		.section	.debug_abbrev,"",%progbits
 283              	.Ldebug_abbrev0:
 284 0000 01       		.uleb128 0x1
 285 0001 11       		.uleb128 0x11
 286 0002 01       		.byte	0x1
 287 0003 25       		.uleb128 0x25
 288 0004 0E       		.uleb128 0xe
 289 0005 13       		.uleb128 0x13
 290 0006 0B       		.uleb128 0xb
 291 0007 03       		.uleb128 0x3
 292 0008 0E       		.uleb128 0xe
 293 0009 1B       		.uleb128 0x1b
 294 000a 0E       		.uleb128 0xe
 295 000b 55       		.uleb128 0x55
 296 000c 17       		.uleb128 0x17
 297 000d 11       		.uleb128 0x11
 298 000e 01       		.uleb128 0x1
 299 000f 10       		.uleb128 0x10
 300 0010 17       		.uleb128 0x17
 301 0011 00       		.byte	0
 302 0012 00       		.byte	0
 303 0013 02       		.uleb128 0x2
 304 0014 24       		.uleb128 0x24
 305 0015 00       		.byte	0
 306 0016 0B       		.uleb128 0xb
 307 0017 0B       		.uleb128 0xb
 308 0018 3E       		.uleb128 0x3e
 309 0019 0B       		.uleb128 0xb
ARM GAS  C:\Users\yqh\AppData\Local\Temp\ccAADaKQ.s 			page 9


 310 001a 03       		.uleb128 0x3
 311 001b 0E       		.uleb128 0xe
 312 001c 00       		.byte	0
 313 001d 00       		.byte	0
 314 001e 03       		.uleb128 0x3
 315 001f 24       		.uleb128 0x24
 316 0020 00       		.byte	0
 317 0021 0B       		.uleb128 0xb
 318 0022 0B       		.uleb128 0xb
 319 0023 3E       		.uleb128 0x3e
 320 0024 0B       		.uleb128 0xb
 321 0025 03       		.uleb128 0x3
 322 0026 08       		.uleb128 0x8
 323 0027 00       		.byte	0
 324 0028 00       		.byte	0
 325 0029 04       		.uleb128 0x4
 326 002a 16       		.uleb128 0x16
 327 002b 00       		.byte	0
 328 002c 03       		.uleb128 0x3
 329 002d 0E       		.uleb128 0xe
 330 002e 3A       		.uleb128 0x3a
 331 002f 0B       		.uleb128 0xb
 332 0030 3B       		.uleb128 0x3b
 333 0031 05       		.uleb128 0x5
 334 0032 49       		.uleb128 0x49
 335 0033 13       		.uleb128 0x13
 336 0034 00       		.byte	0
 337 0035 00       		.byte	0
 338 0036 05       		.uleb128 0x5
 339 0037 35       		.uleb128 0x35
 340 0038 00       		.byte	0
 341 0039 49       		.uleb128 0x49
 342 003a 13       		.uleb128 0x13
 343 003b 00       		.byte	0
 344 003c 00       		.byte	0
 345 003d 06       		.uleb128 0x6
 346 003e 2E       		.uleb128 0x2e
 347 003f 01       		.byte	0x1
 348 0040 3F       		.uleb128 0x3f
 349 0041 19       		.uleb128 0x19
 350 0042 03       		.uleb128 0x3
 351 0043 0E       		.uleb128 0xe
 352 0044 3A       		.uleb128 0x3a
 353 0045 0B       		.uleb128 0xb
 354 0046 3B       		.uleb128 0x3b
 355 0047 0B       		.uleb128 0xb
 356 0048 27       		.uleb128 0x27
 357 0049 19       		.uleb128 0x19
 358 004a 11       		.uleb128 0x11
 359 004b 01       		.uleb128 0x1
 360 004c 12       		.uleb128 0x12
 361 004d 06       		.uleb128 0x6
 362 004e 40       		.uleb128 0x40
 363 004f 18       		.uleb128 0x18
 364 0050 9742     		.uleb128 0x2117
 365 0052 19       		.uleb128 0x19
 366 0053 01       		.uleb128 0x1
ARM GAS  C:\Users\yqh\AppData\Local\Temp\ccAADaKQ.s 			page 10


 367 0054 13       		.uleb128 0x13
 368 0055 00       		.byte	0
 369 0056 00       		.byte	0
 370 0057 07       		.uleb128 0x7
 371 0058 05       		.uleb128 0x5
 372 0059 00       		.byte	0
 373 005a 03       		.uleb128 0x3
 374 005b 0E       		.uleb128 0xe
 375 005c 3A       		.uleb128 0x3a
 376 005d 0B       		.uleb128 0xb
 377 005e 3B       		.uleb128 0x3b
 378 005f 0B       		.uleb128 0xb
 379 0060 49       		.uleb128 0x49
 380 0061 13       		.uleb128 0x13
 381 0062 02       		.uleb128 0x2
 382 0063 17       		.uleb128 0x17
 383 0064 00       		.byte	0
 384 0065 00       		.byte	0
 385 0066 08       		.uleb128 0x8
 386 0067 34       		.uleb128 0x34
 387 0068 00       		.byte	0
 388 0069 03       		.uleb128 0x3
 389 006a 0E       		.uleb128 0xe
 390 006b 3A       		.uleb128 0x3a
 391 006c 0B       		.uleb128 0xb
 392 006d 3B       		.uleb128 0x3b
 393 006e 0B       		.uleb128 0xb
 394 006f 49       		.uleb128 0x49
 395 0070 13       		.uleb128 0x13
 396 0071 02       		.uleb128 0x2
 397 0072 17       		.uleb128 0x17
 398 0073 00       		.byte	0
 399 0074 00       		.byte	0
 400 0075 09       		.uleb128 0x9
 401 0076 2E       		.uleb128 0x2e
 402 0077 00       		.byte	0
 403 0078 3F       		.uleb128 0x3f
 404 0079 19       		.uleb128 0x19
 405 007a 03       		.uleb128 0x3
 406 007b 0E       		.uleb128 0xe
 407 007c 3A       		.uleb128 0x3a
 408 007d 0B       		.uleb128 0xb
 409 007e 3B       		.uleb128 0x3b
 410 007f 0B       		.uleb128 0xb
 411 0080 27       		.uleb128 0x27
 412 0081 19       		.uleb128 0x19
 413 0082 49       		.uleb128 0x49
 414 0083 13       		.uleb128 0x13
 415 0084 11       		.uleb128 0x11
 416 0085 01       		.uleb128 0x1
 417 0086 12       		.uleb128 0x12
 418 0087 06       		.uleb128 0x6
 419 0088 40       		.uleb128 0x40
 420 0089 18       		.uleb128 0x18
 421 008a 9742     		.uleb128 0x2117
 422 008c 19       		.uleb128 0x19
 423 008d 00       		.byte	0
ARM GAS  C:\Users\yqh\AppData\Local\Temp\ccAADaKQ.s 			page 11


 424 008e 00       		.byte	0
 425 008f 00       		.byte	0
 426              		.section	.debug_loc,"",%progbits
 427              	.Ldebug_loc0:
 428              	.LLST0:
 429 0000 00000000 		.4byte	.LVL0
 430 0004 04000000 		.4byte	.LVL1
 431 0008 0100     		.2byte	0x1
 432 000a 50       		.byte	0x50
 433 000b 04000000 		.4byte	.LVL1
 434 000f 18000000 		.4byte	.LFE0
 435 0013 0400     		.2byte	0x4
 436 0015 F3       		.byte	0xf3
 437 0016 01       		.uleb128 0x1
 438 0017 50       		.byte	0x50
 439 0018 9F       		.byte	0x9f
 440 0019 00000000 		.4byte	0
 441 001d 00000000 		.4byte	0
 442              	.LLST1:
 443 0021 06000000 		.4byte	.LVL2
 444 0025 0E000000 		.4byte	.LVL3
 445 0029 0600     		.2byte	0x6
 446 002b 73       		.byte	0x73
 447 002c 00       		.sleb128 0
 448 002d 09       		.byte	0x9
 449 002e CF       		.byte	0xcf
 450 002f 1A       		.byte	0x1a
 451 0030 9F       		.byte	0x9f
 452 0031 00000000 		.4byte	0
 453 0035 00000000 		.4byte	0
 454              	.LLST2:
 455 0039 00000000 		.4byte	.LVL4
 456 003d 06000000 		.4byte	.LVL5
 457 0041 0100     		.2byte	0x1
 458 0043 50       		.byte	0x50
 459 0044 06000000 		.4byte	.LVL5
 460 0048 20000000 		.4byte	.LFE1
 461 004c 0400     		.2byte	0x4
 462 004e F3       		.byte	0xf3
 463 004f 01       		.uleb128 0x1
 464 0050 50       		.byte	0x50
 465 0051 9F       		.byte	0x9f
 466 0052 00000000 		.4byte	0
 467 0056 00000000 		.4byte	0
 468              		.section	.debug_aranges,"",%progbits
 469 0000 34000000 		.4byte	0x34
 470 0004 0200     		.2byte	0x2
 471 0006 00000000 		.4byte	.Ldebug_info0
 472 000a 04       		.byte	0x4
 473 000b 00       		.byte	0
 474 000c 0000     		.2byte	0
 475 000e 0000     		.2byte	0
 476 0010 00000000 		.4byte	.LFB0
 477 0014 18000000 		.4byte	.LFE0-.LFB0
 478 0018 00000000 		.4byte	.LFB1
 479 001c 20000000 		.4byte	.LFE1-.LFB1
 480 0020 00000000 		.4byte	.LFB2
ARM GAS  C:\Users\yqh\AppData\Local\Temp\ccAADaKQ.s 			page 12


 481 0024 10000000 		.4byte	.LFE2-.LFB2
 482 0028 00000000 		.4byte	.LFB3
 483 002c 10000000 		.4byte	.LFE3-.LFB3
 484 0030 00000000 		.4byte	0
 485 0034 00000000 		.4byte	0
 486              		.section	.debug_ranges,"",%progbits
 487              	.Ldebug_ranges0:
 488 0000 00000000 		.4byte	.LFB0
 489 0004 18000000 		.4byte	.LFE0
 490 0008 00000000 		.4byte	.LFB1
 491 000c 20000000 		.4byte	.LFE1
 492 0010 00000000 		.4byte	.LFB2
 493 0014 10000000 		.4byte	.LFE2
 494 0018 00000000 		.4byte	.LFB3
 495 001c 10000000 		.4byte	.LFE3
 496 0020 00000000 		.4byte	0
 497 0024 00000000 		.4byte	0
 498              		.section	.debug_line,"",%progbits
 499              	.Ldebug_line0:
 500 0000 96000000 		.section	.debug_str,"MS",%progbits,1
 500      02004500 
 500      00000201 
 500      FB0E0D00 
 500      01010101 
 501              	.LASF22:
 502 0000 433A5C55 		.ascii	"C:\\Users\\yqh\\Documents\\works\\NanoNXT\\Pass_TOC"
 502      73657273 
 502      5C797168 
 502      5C446F63 
 502      756D656E 
 503 002d 5C352E30 		.ascii	"\\5.0.3\\nanoNxt_ICM3.cydsn\000"
 503      2E335C6E 
 503      616E6F4E 
 503      78745F49 
 503      434D332E 
 504              	.LASF16:
 505 0047 76616C75 		.ascii	"value\000"
 505      6500
 506              	.LASF23:
 507 004d 73746174 		.ascii	"staticBits\000"
 507      69634269 
 507      747300
 508              	.LASF18:
 509 0058 455A4932 		.ascii	"EZI2CPin_Read\000"
 509      4350696E 
 509      5F526561 
 509      6400
 510              	.LASF14:
 511 0066 455A4932 		.ascii	"EZI2CPin_Write\000"
 511      4350696E 
 511      5F577269 
 511      746500
 512              	.LASF21:
 513 0075 47656E65 		.ascii	"Generated_Source\\PSoC5\\EZI2CPin.c\000"
 513      72617465 
 513      645F536F 
 513      75726365 
ARM GAS  C:\Users\yqh\AppData\Local\Temp\ccAADaKQ.s 			page 13


 513      5C50536F 
 514              	.LASF9:
 515 0097 666C6F61 		.ascii	"float\000"
 515      7400
 516              	.LASF12:
 517 009d 75696E74 		.ascii	"uint8\000"
 517      3800
 518              	.LASF1:
 519 00a3 756E7369 		.ascii	"unsigned char\000"
 519      676E6564 
 519      20636861 
 519      7200
 520              	.LASF13:
 521 00b1 72656738 		.ascii	"reg8\000"
 521      00
 522              	.LASF5:
 523 00b6 6C6F6E67 		.ascii	"long unsigned int\000"
 523      20756E73 
 523      69676E65 
 523      6420696E 
 523      7400
 524              	.LASF3:
 525 00c8 73686F72 		.ascii	"short unsigned int\000"
 525      7420756E 
 525      7369676E 
 525      65642069 
 525      6E7400
 526              	.LASF19:
 527 00db 455A4932 		.ascii	"EZI2CPin_ReadDataReg\000"
 527      4350696E 
 527      5F526561 
 527      64446174 
 527      61526567 
 528              	.LASF10:
 529 00f0 646F7562 		.ascii	"double\000"
 529      6C6500
 530              	.LASF8:
 531 00f7 756E7369 		.ascii	"unsigned int\000"
 531      676E6564 
 531      20696E74 
 531      00
 532              	.LASF7:
 533 0104 6C6F6E67 		.ascii	"long long unsigned int\000"
 533      206C6F6E 
 533      6720756E 
 533      7369676E 
 533      65642069 
 534              	.LASF17:
 535 011b 6D6F6465 		.ascii	"mode\000"
 535      00
 536              	.LASF15:
 537 0120 455A4932 		.ascii	"EZI2CPin_SetDriveMode\000"
 537      4350696E 
 537      5F536574 
 537      44726976 
 537      654D6F64 
 538              	.LASF6:
ARM GAS  C:\Users\yqh\AppData\Local\Temp\ccAADaKQ.s 			page 14


 539 0136 6C6F6E67 		.ascii	"long long int\000"
 539      206C6F6E 
 539      6720696E 
 539      7400
 540              	.LASF11:
 541 0144 63686172 		.ascii	"char\000"
 541      00
 542              	.LASF2:
 543 0149 73686F72 		.ascii	"short int\000"
 543      7420696E 
 543      7400
 544              	.LASF20:
 545 0153 474E5520 		.ascii	"GNU C 4.9.3 20150303 (release) [ARM/embedded-4_9-br"
 545      4320342E 
 545      392E3320 
 545      32303135 
 545      30333033 
 546 0186 616E6368 		.ascii	"anch revision 221220] -mcpu=cortex-m3 -mthumb -g -O"
 546      20726576 
 546      6973696F 
 546      6E203232 
 546      31323230 
 547 01b9 73202D66 		.ascii	"s -ffunction-sections -ffat-lto-objects\000"
 547      66756E63 
 547      74696F6E 
 547      2D736563 
 547      74696F6E 
 548              	.LASF4:
 549 01e1 6C6F6E67 		.ascii	"long int\000"
 549      20696E74 
 549      00
 550              	.LASF0:
 551 01ea 7369676E 		.ascii	"signed char\000"
 551      65642063 
 551      68617200 
 552              		.ident	"GCC: (GNU Tools for ARM Embedded Processors) 4.9.3 20150303 (release) [ARM/embedded-4_9-br
