ARM GAS  C:\Users\yqh\AppData\Local\Temp\cczxTyGY.s 			page 1


   1              		.syntax unified
   2              		.cpu cortex-m3
   3              		.fpu softvfp
   4              		.eabi_attribute 20, 1
   5              		.eabi_attribute 21, 1
   6              		.eabi_attribute 23, 3
   7              		.eabi_attribute 24, 1
   8              		.eabi_attribute 25, 1
   9              		.eabi_attribute 26, 1
  10              		.eabi_attribute 30, 4
  11              		.eabi_attribute 34, 1
  12              		.eabi_attribute 18, 4
  13              		.thumb
  14              		.file	"OptSelect_PM.c"
  15              		.text
  16              	.Ltext0:
  17              		.cfi_sections	.debug_frame
  18              		.section	.text.OptSelect_SaveConfig,"ax",%progbits
  19              		.align	1
  20              		.global	OptSelect_SaveConfig
  21              		.thumb
  22              		.thumb_func
  23              		.type	OptSelect_SaveConfig, %function
  24              	OptSelect_SaveConfig:
  25              	.LFB0:
  26              		.file 1 "Generated_Source\\PSoC5\\OptSelect_PM.c"
   1:Generated_Source\PSoC5/OptSelect_PM.c **** /*******************************************************************************
   2:Generated_Source\PSoC5/OptSelect_PM.c **** * File Name: OptSelect_PM.c
   3:Generated_Source\PSoC5/OptSelect_PM.c **** * Version 1.80
   4:Generated_Source\PSoC5/OptSelect_PM.c **** *
   5:Generated_Source\PSoC5/OptSelect_PM.c **** * Description:
   6:Generated_Source\PSoC5/OptSelect_PM.c **** *  This file contains the setup, control, and status commands to support 
   7:Generated_Source\PSoC5/OptSelect_PM.c **** *  the component operation in the low power mode. 
   8:Generated_Source\PSoC5/OptSelect_PM.c **** *
   9:Generated_Source\PSoC5/OptSelect_PM.c **** * Note:
  10:Generated_Source\PSoC5/OptSelect_PM.c **** *
  11:Generated_Source\PSoC5/OptSelect_PM.c **** ********************************************************************************
  12:Generated_Source\PSoC5/OptSelect_PM.c **** * Copyright 2015, Cypress Semiconductor Corporation.  All rights reserved.
  13:Generated_Source\PSoC5/OptSelect_PM.c **** * You may use this file only in accordance with the license, terms, conditions, 
  14:Generated_Source\PSoC5/OptSelect_PM.c **** * disclaimers, and limitations in the end user license agreement accompanying 
  15:Generated_Source\PSoC5/OptSelect_PM.c **** * the software package with which this file was provided.
  16:Generated_Source\PSoC5/OptSelect_PM.c **** *******************************************************************************/
  17:Generated_Source\PSoC5/OptSelect_PM.c **** 
  18:Generated_Source\PSoC5/OptSelect_PM.c **** #include "OptSelect.h"
  19:Generated_Source\PSoC5/OptSelect_PM.c **** 
  20:Generated_Source\PSoC5/OptSelect_PM.c **** /* Check for removal by optimization */
  21:Generated_Source\PSoC5/OptSelect_PM.c **** #if !defined(OptSelect_Sync_ctrl_reg__REMOVED)
  22:Generated_Source\PSoC5/OptSelect_PM.c **** 
  23:Generated_Source\PSoC5/OptSelect_PM.c **** static OptSelect_BACKUP_STRUCT  OptSelect_backup = {0u};
  24:Generated_Source\PSoC5/OptSelect_PM.c **** 
  25:Generated_Source\PSoC5/OptSelect_PM.c ****     
  26:Generated_Source\PSoC5/OptSelect_PM.c **** /*******************************************************************************
  27:Generated_Source\PSoC5/OptSelect_PM.c **** * Function Name: OptSelect_SaveConfig
  28:Generated_Source\PSoC5/OptSelect_PM.c **** ********************************************************************************
  29:Generated_Source\PSoC5/OptSelect_PM.c **** *
  30:Generated_Source\PSoC5/OptSelect_PM.c **** * Summary:
  31:Generated_Source\PSoC5/OptSelect_PM.c **** *  Saves the control register value.
ARM GAS  C:\Users\yqh\AppData\Local\Temp\cczxTyGY.s 			page 2


  32:Generated_Source\PSoC5/OptSelect_PM.c **** *
  33:Generated_Source\PSoC5/OptSelect_PM.c **** * Parameters:
  34:Generated_Source\PSoC5/OptSelect_PM.c **** *  None
  35:Generated_Source\PSoC5/OptSelect_PM.c **** *
  36:Generated_Source\PSoC5/OptSelect_PM.c **** * Return:
  37:Generated_Source\PSoC5/OptSelect_PM.c **** *  None
  38:Generated_Source\PSoC5/OptSelect_PM.c **** *
  39:Generated_Source\PSoC5/OptSelect_PM.c **** *******************************************************************************/
  40:Generated_Source\PSoC5/OptSelect_PM.c **** void OptSelect_SaveConfig(void) 
  41:Generated_Source\PSoC5/OptSelect_PM.c **** {
  27              		.loc 1 41 0
  28              		.cfi_startproc
  29              		@ args = 0, pretend = 0, frame = 0
  30              		@ frame_needed = 0, uses_anonymous_args = 0
  31              		@ link register save eliminated.
  42:Generated_Source\PSoC5/OptSelect_PM.c ****     OptSelect_backup.controlState = OptSelect_Control;
  32              		.loc 1 42 0
  33 0000 024B     		ldr	r3, .L2
  34 0002 1A78     		ldrb	r2, [r3]	@ zero_extendqisi2
  35 0004 024B     		ldr	r3, .L2+4
  36 0006 1A70     		strb	r2, [r3]
  37 0008 7047     		bx	lr
  38              	.L3:
  39 000a 00BF     		.align	2
  40              	.L2:
  41 000c 75640040 		.word	1073767541
  42 0010 00000000 		.word	.LANCHOR0
  43              		.cfi_endproc
  44              	.LFE0:
  45              		.size	OptSelect_SaveConfig, .-OptSelect_SaveConfig
  46              		.section	.text.OptSelect_RestoreConfig,"ax",%progbits
  47              		.align	1
  48              		.global	OptSelect_RestoreConfig
  49              		.thumb
  50              		.thumb_func
  51              		.type	OptSelect_RestoreConfig, %function
  52              	OptSelect_RestoreConfig:
  53              	.LFB1:
  43:Generated_Source\PSoC5/OptSelect_PM.c **** }
  44:Generated_Source\PSoC5/OptSelect_PM.c **** 
  45:Generated_Source\PSoC5/OptSelect_PM.c **** 
  46:Generated_Source\PSoC5/OptSelect_PM.c **** /*******************************************************************************
  47:Generated_Source\PSoC5/OptSelect_PM.c **** * Function Name: OptSelect_RestoreConfig
  48:Generated_Source\PSoC5/OptSelect_PM.c **** ********************************************************************************
  49:Generated_Source\PSoC5/OptSelect_PM.c **** *
  50:Generated_Source\PSoC5/OptSelect_PM.c **** * Summary:
  51:Generated_Source\PSoC5/OptSelect_PM.c **** *  Restores the control register value.
  52:Generated_Source\PSoC5/OptSelect_PM.c **** *
  53:Generated_Source\PSoC5/OptSelect_PM.c **** * Parameters:
  54:Generated_Source\PSoC5/OptSelect_PM.c **** *  None
  55:Generated_Source\PSoC5/OptSelect_PM.c **** *
  56:Generated_Source\PSoC5/OptSelect_PM.c **** * Return:
  57:Generated_Source\PSoC5/OptSelect_PM.c **** *  None
  58:Generated_Source\PSoC5/OptSelect_PM.c **** *
  59:Generated_Source\PSoC5/OptSelect_PM.c **** *
  60:Generated_Source\PSoC5/OptSelect_PM.c **** *******************************************************************************/
  61:Generated_Source\PSoC5/OptSelect_PM.c **** void OptSelect_RestoreConfig(void) 
ARM GAS  C:\Users\yqh\AppData\Local\Temp\cczxTyGY.s 			page 3


  62:Generated_Source\PSoC5/OptSelect_PM.c **** {
  54              		.loc 1 62 0
  55              		.cfi_startproc
  56              		@ args = 0, pretend = 0, frame = 0
  57              		@ frame_needed = 0, uses_anonymous_args = 0
  58              		@ link register save eliminated.
  63:Generated_Source\PSoC5/OptSelect_PM.c ****      OptSelect_Control = OptSelect_backup.controlState;
  59              		.loc 1 63 0
  60 0000 024B     		ldr	r3, .L5
  61 0002 1A78     		ldrb	r2, [r3]	@ zero_extendqisi2
  62 0004 024B     		ldr	r3, .L5+4
  63 0006 1A70     		strb	r2, [r3]
  64 0008 7047     		bx	lr
  65              	.L6:
  66 000a 00BF     		.align	2
  67              	.L5:
  68 000c 00000000 		.word	.LANCHOR0
  69 0010 75640040 		.word	1073767541
  70              		.cfi_endproc
  71              	.LFE1:
  72              		.size	OptSelect_RestoreConfig, .-OptSelect_RestoreConfig
  73              		.section	.text.OptSelect_Sleep,"ax",%progbits
  74              		.align	1
  75              		.global	OptSelect_Sleep
  76              		.thumb
  77              		.thumb_func
  78              		.type	OptSelect_Sleep, %function
  79              	OptSelect_Sleep:
  80              	.LFB2:
  64:Generated_Source\PSoC5/OptSelect_PM.c **** }
  65:Generated_Source\PSoC5/OptSelect_PM.c **** 
  66:Generated_Source\PSoC5/OptSelect_PM.c **** 
  67:Generated_Source\PSoC5/OptSelect_PM.c **** /*******************************************************************************
  68:Generated_Source\PSoC5/OptSelect_PM.c **** * Function Name: OptSelect_Sleep
  69:Generated_Source\PSoC5/OptSelect_PM.c **** ********************************************************************************
  70:Generated_Source\PSoC5/OptSelect_PM.c **** *
  71:Generated_Source\PSoC5/OptSelect_PM.c **** * Summary:
  72:Generated_Source\PSoC5/OptSelect_PM.c **** *  Prepares the component for entering the low power mode.
  73:Generated_Source\PSoC5/OptSelect_PM.c **** *
  74:Generated_Source\PSoC5/OptSelect_PM.c **** * Parameters:
  75:Generated_Source\PSoC5/OptSelect_PM.c **** *  None
  76:Generated_Source\PSoC5/OptSelect_PM.c **** *
  77:Generated_Source\PSoC5/OptSelect_PM.c **** * Return:
  78:Generated_Source\PSoC5/OptSelect_PM.c **** *  None
  79:Generated_Source\PSoC5/OptSelect_PM.c **** *
  80:Generated_Source\PSoC5/OptSelect_PM.c **** *******************************************************************************/
  81:Generated_Source\PSoC5/OptSelect_PM.c **** void OptSelect_Sleep(void) 
  82:Generated_Source\PSoC5/OptSelect_PM.c **** {
  81              		.loc 1 82 0
  82              		.cfi_startproc
  83              		@ args = 0, pretend = 0, frame = 0
  84              		@ frame_needed = 0, uses_anonymous_args = 0
  85              		@ link register save eliminated.
  83:Generated_Source\PSoC5/OptSelect_PM.c ****     OptSelect_SaveConfig();
  86              		.loc 1 83 0
  87 0000 FFF7FEBF 		b	OptSelect_SaveConfig
  88              	.LVL0:
ARM GAS  C:\Users\yqh\AppData\Local\Temp\cczxTyGY.s 			page 4


  89              		.cfi_endproc
  90              	.LFE2:
  91              		.size	OptSelect_Sleep, .-OptSelect_Sleep
  92              		.section	.text.OptSelect_Wakeup,"ax",%progbits
  93              		.align	1
  94              		.global	OptSelect_Wakeup
  95              		.thumb
  96              		.thumb_func
  97              		.type	OptSelect_Wakeup, %function
  98              	OptSelect_Wakeup:
  99              	.LFB3:
  84:Generated_Source\PSoC5/OptSelect_PM.c **** }
  85:Generated_Source\PSoC5/OptSelect_PM.c **** 
  86:Generated_Source\PSoC5/OptSelect_PM.c **** 
  87:Generated_Source\PSoC5/OptSelect_PM.c **** /*******************************************************************************
  88:Generated_Source\PSoC5/OptSelect_PM.c **** * Function Name: OptSelect_Wakeup
  89:Generated_Source\PSoC5/OptSelect_PM.c **** ********************************************************************************
  90:Generated_Source\PSoC5/OptSelect_PM.c **** *
  91:Generated_Source\PSoC5/OptSelect_PM.c **** * Summary:
  92:Generated_Source\PSoC5/OptSelect_PM.c **** *  Restores the component after waking up from the low power mode.
  93:Generated_Source\PSoC5/OptSelect_PM.c **** *
  94:Generated_Source\PSoC5/OptSelect_PM.c **** * Parameters:
  95:Generated_Source\PSoC5/OptSelect_PM.c **** *  None
  96:Generated_Source\PSoC5/OptSelect_PM.c **** *
  97:Generated_Source\PSoC5/OptSelect_PM.c **** * Return:
  98:Generated_Source\PSoC5/OptSelect_PM.c **** *  None
  99:Generated_Source\PSoC5/OptSelect_PM.c **** *
 100:Generated_Source\PSoC5/OptSelect_PM.c **** *******************************************************************************/
 101:Generated_Source\PSoC5/OptSelect_PM.c **** void OptSelect_Wakeup(void)  
 102:Generated_Source\PSoC5/OptSelect_PM.c **** {
 100              		.loc 1 102 0
 101              		.cfi_startproc
 102              		@ args = 0, pretend = 0, frame = 0
 103              		@ frame_needed = 0, uses_anonymous_args = 0
 104              		@ link register save eliminated.
 103:Generated_Source\PSoC5/OptSelect_PM.c ****     OptSelect_RestoreConfig();
 105              		.loc 1 103 0
 106 0000 FFF7FEBF 		b	OptSelect_RestoreConfig
 107              	.LVL1:
 108              		.cfi_endproc
 109              	.LFE3:
 110              		.size	OptSelect_Wakeup, .-OptSelect_Wakeup
 111              		.bss
 112              		.set	.LANCHOR0,. + 0
 113              		.type	OptSelect_backup, %object
 114              		.size	OptSelect_backup, 1
 115              	OptSelect_backup:
 116 0000 00       		.space	1
 117              		.text
 118              	.Letext0:
 119              		.file 2 "Generated_Source\\PSoC5\\cytypes.h"
 120              		.file 3 "Generated_Source\\PSoC5\\OptSelect.h"
 121              		.section	.debug_info,"",%progbits
 122              	.Ldebug_info0:
 123 0000 2B010000 		.4byte	0x12b
 124 0004 0400     		.2byte	0x4
 125 0006 00000000 		.4byte	.Ldebug_abbrev0
ARM GAS  C:\Users\yqh\AppData\Local\Temp\cczxTyGY.s 			page 5


 126 000a 04       		.byte	0x4
 127 000b 01       		.uleb128 0x1
 128 000c 31010000 		.4byte	.LASF19
 129 0010 01       		.byte	0x1
 130 0011 BF010000 		.4byte	.LASF20
 131 0015 00000000 		.4byte	.LASF21
 132 0019 00000000 		.4byte	.Ldebug_ranges0+0
 133 001d 00000000 		.4byte	0
 134 0021 00000000 		.4byte	.Ldebug_line0
 135 0025 02       		.uleb128 0x2
 136 0026 01       		.byte	0x1
 137 0027 06       		.byte	0x6
 138 0028 FF010000 		.4byte	.LASF0
 139 002c 02       		.uleb128 0x2
 140 002d 01       		.byte	0x1
 141 002e 08       		.byte	0x8
 142 002f 64000000 		.4byte	.LASF1
 143 0033 02       		.uleb128 0x2
 144 0034 02       		.byte	0x2
 145 0035 05       		.byte	0x5
 146 0036 27010000 		.4byte	.LASF2
 147 003a 02       		.uleb128 0x2
 148 003b 02       		.byte	0x2
 149 003c 07       		.byte	0x7
 150 003d 99000000 		.4byte	.LASF3
 151 0041 02       		.uleb128 0x2
 152 0042 04       		.byte	0x4
 153 0043 05       		.byte	0x5
 154 0044 E5010000 		.4byte	.LASF4
 155 0048 02       		.uleb128 0x2
 156 0049 04       		.byte	0x4
 157 004a 07       		.byte	0x7
 158 004b 87000000 		.4byte	.LASF5
 159 004f 02       		.uleb128 0x2
 160 0050 08       		.byte	0x8
 161 0051 05       		.byte	0x5
 162 0052 FC000000 		.4byte	.LASF6
 163 0056 02       		.uleb128 0x2
 164 0057 08       		.byte	0x8
 165 0058 07       		.byte	0x7
 166 0059 E5000000 		.4byte	.LASF7
 167 005d 03       		.uleb128 0x3
 168 005e 04       		.byte	0x4
 169 005f 05       		.byte	0x5
 170 0060 696E7400 		.ascii	"int\000"
 171 0064 02       		.uleb128 0x2
 172 0065 04       		.byte	0x4
 173 0066 07       		.byte	0x7
 174 0067 D8000000 		.4byte	.LASF8
 175 006b 04       		.uleb128 0x4
 176 006c 5E000000 		.4byte	.LASF12
 177 0070 02       		.byte	0x2
 178 0071 9201     		.2byte	0x192
 179 0073 2C000000 		.4byte	0x2c
 180 0077 02       		.uleb128 0x2
 181 0078 04       		.byte	0x4
 182 0079 04       		.byte	0x4
ARM GAS  C:\Users\yqh\AppData\Local\Temp\cczxTyGY.s 			page 6


 183 007a 58000000 		.4byte	.LASF9
 184 007e 02       		.uleb128 0x2
 185 007f 08       		.byte	0x8
 186 0080 04       		.byte	0x4
 187 0081 B9000000 		.4byte	.LASF10
 188 0085 02       		.uleb128 0x2
 189 0086 01       		.byte	0x1
 190 0087 08       		.byte	0x8
 191 0088 0A010000 		.4byte	.LASF11
 192 008c 04       		.uleb128 0x4
 193 008d 82000000 		.4byte	.LASF13
 194 0091 02       		.byte	0x2
 195 0092 3C02     		.2byte	0x23c
 196 0094 98000000 		.4byte	0x98
 197 0098 05       		.uleb128 0x5
 198 0099 6B000000 		.4byte	0x6b
 199 009d 06       		.uleb128 0x6
 200 009e 01       		.byte	0x1
 201 009f 03       		.byte	0x3
 202 00a0 1C       		.byte	0x1c
 203 00a1 B2000000 		.4byte	0xb2
 204 00a5 07       		.uleb128 0x7
 205 00a6 AC000000 		.4byte	.LASF22
 206 00aa 03       		.byte	0x3
 207 00ab 1E       		.byte	0x1e
 208 00ac 6B000000 		.4byte	0x6b
 209 00b0 00       		.byte	0
 210 00b1 00       		.byte	0
 211 00b2 08       		.uleb128 0x8
 212 00b3 C0000000 		.4byte	.LASF14
 213 00b7 03       		.byte	0x3
 214 00b8 20       		.byte	0x20
 215 00b9 9D000000 		.4byte	0x9d
 216 00bd 09       		.uleb128 0x9
 217 00be 0B020000 		.4byte	.LASF15
 218 00c2 01       		.byte	0x1
 219 00c3 28       		.byte	0x28
 220 00c4 00000000 		.4byte	.LFB0
 221 00c8 14000000 		.4byte	.LFE0-.LFB0
 222 00cc 01       		.uleb128 0x1
 223 00cd 9C       		.byte	0x9c
 224 00ce 09       		.uleb128 0x9
 225 00cf 0F010000 		.4byte	.LASF16
 226 00d3 01       		.byte	0x1
 227 00d4 3D       		.byte	0x3d
 228 00d5 00000000 		.4byte	.LFB1
 229 00d9 14000000 		.4byte	.LFE1-.LFB1
 230 00dd 01       		.uleb128 0x1
 231 00de 9C       		.byte	0x9c
 232 00df 0A       		.uleb128 0xa
 233 00e0 72000000 		.4byte	.LASF17
 234 00e4 01       		.byte	0x1
 235 00e5 51       		.byte	0x51
 236 00e6 00000000 		.4byte	.LFB2
 237 00ea 04000000 		.4byte	.LFE2-.LFB2
 238 00ee 01       		.uleb128 0x1
 239 00ef 9C       		.byte	0x9c
ARM GAS  C:\Users\yqh\AppData\Local\Temp\cczxTyGY.s 			page 7


 240 00f0 FE000000 		.4byte	0xfe
 241 00f4 0B       		.uleb128 0xb
 242 00f5 04000000 		.4byte	.LVL0
 243 00f9 BD000000 		.4byte	0xbd
 244 00fd 00       		.byte	0
 245 00fe 0A       		.uleb128 0xa
 246 00ff EE010000 		.4byte	.LASF18
 247 0103 01       		.byte	0x1
 248 0104 65       		.byte	0x65
 249 0105 00000000 		.4byte	.LFB3
 250 0109 04000000 		.4byte	.LFE3-.LFB3
 251 010d 01       		.uleb128 0x1
 252 010e 9C       		.byte	0x9c
 253 010f 1D010000 		.4byte	0x11d
 254 0113 0B       		.uleb128 0xb
 255 0114 04000000 		.4byte	.LVL1
 256 0118 CE000000 		.4byte	0xce
 257 011c 00       		.byte	0
 258 011d 0C       		.uleb128 0xc
 259 011e 47000000 		.4byte	.LASF23
 260 0122 01       		.byte	0x1
 261 0123 17       		.byte	0x17
 262 0124 B2000000 		.4byte	0xb2
 263 0128 05       		.uleb128 0x5
 264 0129 03       		.byte	0x3
 265 012a 00000000 		.4byte	OptSelect_backup
 266 012e 00       		.byte	0
 267              		.section	.debug_abbrev,"",%progbits
 268              	.Ldebug_abbrev0:
 269 0000 01       		.uleb128 0x1
 270 0001 11       		.uleb128 0x11
 271 0002 01       		.byte	0x1
 272 0003 25       		.uleb128 0x25
 273 0004 0E       		.uleb128 0xe
 274 0005 13       		.uleb128 0x13
 275 0006 0B       		.uleb128 0xb
 276 0007 03       		.uleb128 0x3
 277 0008 0E       		.uleb128 0xe
 278 0009 1B       		.uleb128 0x1b
 279 000a 0E       		.uleb128 0xe
 280 000b 55       		.uleb128 0x55
 281 000c 17       		.uleb128 0x17
 282 000d 11       		.uleb128 0x11
 283 000e 01       		.uleb128 0x1
 284 000f 10       		.uleb128 0x10
 285 0010 17       		.uleb128 0x17
 286 0011 00       		.byte	0
 287 0012 00       		.byte	0
 288 0013 02       		.uleb128 0x2
 289 0014 24       		.uleb128 0x24
 290 0015 00       		.byte	0
 291 0016 0B       		.uleb128 0xb
 292 0017 0B       		.uleb128 0xb
 293 0018 3E       		.uleb128 0x3e
 294 0019 0B       		.uleb128 0xb
 295 001a 03       		.uleb128 0x3
 296 001b 0E       		.uleb128 0xe
ARM GAS  C:\Users\yqh\AppData\Local\Temp\cczxTyGY.s 			page 8


 297 001c 00       		.byte	0
 298 001d 00       		.byte	0
 299 001e 03       		.uleb128 0x3
 300 001f 24       		.uleb128 0x24
 301 0020 00       		.byte	0
 302 0021 0B       		.uleb128 0xb
 303 0022 0B       		.uleb128 0xb
 304 0023 3E       		.uleb128 0x3e
 305 0024 0B       		.uleb128 0xb
 306 0025 03       		.uleb128 0x3
 307 0026 08       		.uleb128 0x8
 308 0027 00       		.byte	0
 309 0028 00       		.byte	0
 310 0029 04       		.uleb128 0x4
 311 002a 16       		.uleb128 0x16
 312 002b 00       		.byte	0
 313 002c 03       		.uleb128 0x3
 314 002d 0E       		.uleb128 0xe
 315 002e 3A       		.uleb128 0x3a
 316 002f 0B       		.uleb128 0xb
 317 0030 3B       		.uleb128 0x3b
 318 0031 05       		.uleb128 0x5
 319 0032 49       		.uleb128 0x49
 320 0033 13       		.uleb128 0x13
 321 0034 00       		.byte	0
 322 0035 00       		.byte	0
 323 0036 05       		.uleb128 0x5
 324 0037 35       		.uleb128 0x35
 325 0038 00       		.byte	0
 326 0039 49       		.uleb128 0x49
 327 003a 13       		.uleb128 0x13
 328 003b 00       		.byte	0
 329 003c 00       		.byte	0
 330 003d 06       		.uleb128 0x6
 331 003e 13       		.uleb128 0x13
 332 003f 01       		.byte	0x1
 333 0040 0B       		.uleb128 0xb
 334 0041 0B       		.uleb128 0xb
 335 0042 3A       		.uleb128 0x3a
 336 0043 0B       		.uleb128 0xb
 337 0044 3B       		.uleb128 0x3b
 338 0045 0B       		.uleb128 0xb
 339 0046 01       		.uleb128 0x1
 340 0047 13       		.uleb128 0x13
 341 0048 00       		.byte	0
 342 0049 00       		.byte	0
 343 004a 07       		.uleb128 0x7
 344 004b 0D       		.uleb128 0xd
 345 004c 00       		.byte	0
 346 004d 03       		.uleb128 0x3
 347 004e 0E       		.uleb128 0xe
 348 004f 3A       		.uleb128 0x3a
 349 0050 0B       		.uleb128 0xb
 350 0051 3B       		.uleb128 0x3b
 351 0052 0B       		.uleb128 0xb
 352 0053 49       		.uleb128 0x49
 353 0054 13       		.uleb128 0x13
ARM GAS  C:\Users\yqh\AppData\Local\Temp\cczxTyGY.s 			page 9


 354 0055 38       		.uleb128 0x38
 355 0056 0B       		.uleb128 0xb
 356 0057 00       		.byte	0
 357 0058 00       		.byte	0
 358 0059 08       		.uleb128 0x8
 359 005a 16       		.uleb128 0x16
 360 005b 00       		.byte	0
 361 005c 03       		.uleb128 0x3
 362 005d 0E       		.uleb128 0xe
 363 005e 3A       		.uleb128 0x3a
 364 005f 0B       		.uleb128 0xb
 365 0060 3B       		.uleb128 0x3b
 366 0061 0B       		.uleb128 0xb
 367 0062 49       		.uleb128 0x49
 368 0063 13       		.uleb128 0x13
 369 0064 00       		.byte	0
 370 0065 00       		.byte	0
 371 0066 09       		.uleb128 0x9
 372 0067 2E       		.uleb128 0x2e
 373 0068 00       		.byte	0
 374 0069 3F       		.uleb128 0x3f
 375 006a 19       		.uleb128 0x19
 376 006b 03       		.uleb128 0x3
 377 006c 0E       		.uleb128 0xe
 378 006d 3A       		.uleb128 0x3a
 379 006e 0B       		.uleb128 0xb
 380 006f 3B       		.uleb128 0x3b
 381 0070 0B       		.uleb128 0xb
 382 0071 27       		.uleb128 0x27
 383 0072 19       		.uleb128 0x19
 384 0073 11       		.uleb128 0x11
 385 0074 01       		.uleb128 0x1
 386 0075 12       		.uleb128 0x12
 387 0076 06       		.uleb128 0x6
 388 0077 40       		.uleb128 0x40
 389 0078 18       		.uleb128 0x18
 390 0079 9742     		.uleb128 0x2117
 391 007b 19       		.uleb128 0x19
 392 007c 00       		.byte	0
 393 007d 00       		.byte	0
 394 007e 0A       		.uleb128 0xa
 395 007f 2E       		.uleb128 0x2e
 396 0080 01       		.byte	0x1
 397 0081 3F       		.uleb128 0x3f
 398 0082 19       		.uleb128 0x19
 399 0083 03       		.uleb128 0x3
 400 0084 0E       		.uleb128 0xe
 401 0085 3A       		.uleb128 0x3a
 402 0086 0B       		.uleb128 0xb
 403 0087 3B       		.uleb128 0x3b
 404 0088 0B       		.uleb128 0xb
 405 0089 27       		.uleb128 0x27
 406 008a 19       		.uleb128 0x19
 407 008b 11       		.uleb128 0x11
 408 008c 01       		.uleb128 0x1
 409 008d 12       		.uleb128 0x12
 410 008e 06       		.uleb128 0x6
ARM GAS  C:\Users\yqh\AppData\Local\Temp\cczxTyGY.s 			page 10


 411 008f 40       		.uleb128 0x40
 412 0090 18       		.uleb128 0x18
 413 0091 9742     		.uleb128 0x2117
 414 0093 19       		.uleb128 0x19
 415 0094 01       		.uleb128 0x1
 416 0095 13       		.uleb128 0x13
 417 0096 00       		.byte	0
 418 0097 00       		.byte	0
 419 0098 0B       		.uleb128 0xb
 420 0099 898201   		.uleb128 0x4109
 421 009c 00       		.byte	0
 422 009d 11       		.uleb128 0x11
 423 009e 01       		.uleb128 0x1
 424 009f 9542     		.uleb128 0x2115
 425 00a1 19       		.uleb128 0x19
 426 00a2 31       		.uleb128 0x31
 427 00a3 13       		.uleb128 0x13
 428 00a4 00       		.byte	0
 429 00a5 00       		.byte	0
 430 00a6 0C       		.uleb128 0xc
 431 00a7 34       		.uleb128 0x34
 432 00a8 00       		.byte	0
 433 00a9 03       		.uleb128 0x3
 434 00aa 0E       		.uleb128 0xe
 435 00ab 3A       		.uleb128 0x3a
 436 00ac 0B       		.uleb128 0xb
 437 00ad 3B       		.uleb128 0x3b
 438 00ae 0B       		.uleb128 0xb
 439 00af 49       		.uleb128 0x49
 440 00b0 13       		.uleb128 0x13
 441 00b1 02       		.uleb128 0x2
 442 00b2 18       		.uleb128 0x18
 443 00b3 00       		.byte	0
 444 00b4 00       		.byte	0
 445 00b5 00       		.byte	0
 446              		.section	.debug_aranges,"",%progbits
 447 0000 34000000 		.4byte	0x34
 448 0004 0200     		.2byte	0x2
 449 0006 00000000 		.4byte	.Ldebug_info0
 450 000a 04       		.byte	0x4
 451 000b 00       		.byte	0
 452 000c 0000     		.2byte	0
 453 000e 0000     		.2byte	0
 454 0010 00000000 		.4byte	.LFB0
 455 0014 14000000 		.4byte	.LFE0-.LFB0
 456 0018 00000000 		.4byte	.LFB1
 457 001c 14000000 		.4byte	.LFE1-.LFB1
 458 0020 00000000 		.4byte	.LFB2
 459 0024 04000000 		.4byte	.LFE2-.LFB2
 460 0028 00000000 		.4byte	.LFB3
 461 002c 04000000 		.4byte	.LFE3-.LFB3
 462 0030 00000000 		.4byte	0
 463 0034 00000000 		.4byte	0
 464              		.section	.debug_ranges,"",%progbits
 465              	.Ldebug_ranges0:
 466 0000 00000000 		.4byte	.LFB0
 467 0004 14000000 		.4byte	.LFE0
ARM GAS  C:\Users\yqh\AppData\Local\Temp\cczxTyGY.s 			page 11


 468 0008 00000000 		.4byte	.LFB1
 469 000c 14000000 		.4byte	.LFE1
 470 0010 00000000 		.4byte	.LFB2
 471 0014 04000000 		.4byte	.LFE2
 472 0018 00000000 		.4byte	.LFB3
 473 001c 04000000 		.4byte	.LFE3
 474 0020 00000000 		.4byte	0
 475 0024 00000000 		.4byte	0
 476              		.section	.debug_line,"",%progbits
 477              	.Ldebug_line0:
 478 0000 A0000000 		.section	.debug_str,"MS",%progbits,1
 478      02005800 
 478      00000201 
 478      FB0E0D00 
 478      01010101 
 479              	.LASF21:
 480 0000 433A5C55 		.ascii	"C:\\Users\\yqh\\Documents\\works\\NanoNXT\\Pass_TOC"
 480      73657273 
 480      5C797168 
 480      5C446F63 
 480      756D656E 
 481 002d 5C352E30 		.ascii	"\\5.0.3\\nanoNxt_ICM3.cydsn\000"
 481      2E335C6E 
 481      616E6F4E 
 481      78745F49 
 481      434D332E 
 482              	.LASF23:
 483 0047 4F707453 		.ascii	"OptSelect_backup\000"
 483      656C6563 
 483      745F6261 
 483      636B7570 
 483      00
 484              	.LASF9:
 485 0058 666C6F61 		.ascii	"float\000"
 485      7400
 486              	.LASF12:
 487 005e 75696E74 		.ascii	"uint8\000"
 487      3800
 488              	.LASF1:
 489 0064 756E7369 		.ascii	"unsigned char\000"
 489      676E6564 
 489      20636861 
 489      7200
 490              	.LASF17:
 491 0072 4F707453 		.ascii	"OptSelect_Sleep\000"
 491      656C6563 
 491      745F536C 
 491      65657000 
 492              	.LASF13:
 493 0082 72656738 		.ascii	"reg8\000"
 493      00
 494              	.LASF5:
 495 0087 6C6F6E67 		.ascii	"long unsigned int\000"
 495      20756E73 
 495      69676E65 
 495      6420696E 
 495      7400
ARM GAS  C:\Users\yqh\AppData\Local\Temp\cczxTyGY.s 			page 12


 496              	.LASF3:
 497 0099 73686F72 		.ascii	"short unsigned int\000"
 497      7420756E 
 497      7369676E 
 497      65642069 
 497      6E7400
 498              	.LASF22:
 499 00ac 636F6E74 		.ascii	"controlState\000"
 499      726F6C53 
 499      74617465 
 499      00
 500              	.LASF10:
 501 00b9 646F7562 		.ascii	"double\000"
 501      6C6500
 502              	.LASF14:
 503 00c0 4F707453 		.ascii	"OptSelect_BACKUP_STRUCT\000"
 503      656C6563 
 503      745F4241 
 503      434B5550 
 503      5F535452 
 504              	.LASF8:
 505 00d8 756E7369 		.ascii	"unsigned int\000"
 505      676E6564 
 505      20696E74 
 505      00
 506              	.LASF7:
 507 00e5 6C6F6E67 		.ascii	"long long unsigned int\000"
 507      206C6F6E 
 507      6720756E 
 507      7369676E 
 507      65642069 
 508              	.LASF6:
 509 00fc 6C6F6E67 		.ascii	"long long int\000"
 509      206C6F6E 
 509      6720696E 
 509      7400
 510              	.LASF11:
 511 010a 63686172 		.ascii	"char\000"
 511      00
 512              	.LASF16:
 513 010f 4F707453 		.ascii	"OptSelect_RestoreConfig\000"
 513      656C6563 
 513      745F5265 
 513      73746F72 
 513      65436F6E 
 514              	.LASF2:
 515 0127 73686F72 		.ascii	"short int\000"
 515      7420696E 
 515      7400
 516              	.LASF19:
 517 0131 474E5520 		.ascii	"GNU C 4.9.3 20150303 (release) [ARM/embedded-4_9-br"
 517      4320342E 
 517      392E3320 
 517      32303135 
 517      30333033 
 518 0164 616E6368 		.ascii	"anch revision 221220] -mcpu=cortex-m3 -mthumb -g -O"
 518      20726576 
ARM GAS  C:\Users\yqh\AppData\Local\Temp\cczxTyGY.s 			page 13


 518      6973696F 
 518      6E203232 
 518      31323230 
 519 0197 73202D66 		.ascii	"s -ffunction-sections -ffat-lto-objects\000"
 519      66756E63 
 519      74696F6E 
 519      2D736563 
 519      74696F6E 
 520              	.LASF20:
 521 01bf 47656E65 		.ascii	"Generated_Source\\PSoC5\\OptSelect_PM.c\000"
 521      72617465 
 521      645F536F 
 521      75726365 
 521      5C50536F 
 522              	.LASF4:
 523 01e5 6C6F6E67 		.ascii	"long int\000"
 523      20696E74 
 523      00
 524              	.LASF18:
 525 01ee 4F707453 		.ascii	"OptSelect_Wakeup\000"
 525      656C6563 
 525      745F5761 
 525      6B657570 
 525      00
 526              	.LASF0:
 527 01ff 7369676E 		.ascii	"signed char\000"
 527      65642063 
 527      68617200 
 528              	.LASF15:
 529 020b 4F707453 		.ascii	"OptSelect_SaveConfig\000"
 529      656C6563 
 529      745F5361 
 529      7665436F 
 529      6E666967 
 530              		.ident	"GCC: (GNU Tools for ARM Embedded Processors) 4.9.3 20150303 (release) [ARM/embedded-4_9-br
