--------------- Build Started: 12/14/2018 14:51:25 Project: camera, Configuration: ARM GCC 5.4-2016-q2-update Debug ---------------
The code generation step is up to date.
arm-none-eabi-gcc.exe -mcpu=cortex-m0 -mthumb -I. -IGenerated_Source\PSoC4 -Wa,-alh=.\CortexM0\ARM_GCC_541\Debug/main.lst -g -D DEBUG -Wall -ffunction-sections -ffat-lto-objects -O3 -c main.c -o .\CortexM0\ARM_GCC_541\Debug\main.o
main.c: In function 'DoVLoop':
main.c:75:12: warning: variable 'old_set_val' set but not used [-Wunused-but-set-variable]
 static int old_set_val=0;
            ^
main.c:74:16: warning: variable 'old_v' set but not used [-Wunused-but-set-variable]
     static int old_v;
                ^
main.c: In function 'HV_Task':
main.c:208:16: warning: variable 'last_v' set but not used [-Wunused-but-set-variable]
     static int last_v=0;
                ^
main.c: In function 'main':
main.c:411:5: warning: suggest parentheses around assignment used as truth value [-Wparentheses]
     if (set.hwDetect=HW_V1)
     ^
main.c:388:9: warning: unused variable 'set_val' [-Wunused-variable]
     int set_val;
         ^
main.c:387:9: warning: unused variable 'i_term' [-Wunused-variable]
     int i_term=0;
         ^
main.c:386:9: warning: unused variable 'err' [-Wunused-variable]
     int err;
         ^
main.c:385:9: warning: unused variable 'v' [-Wunused-variable]
     int v;
         ^
main.c:384:11: warning: unused variable 'val' [-Wunused-variable]
     int16 val;
           ^
main.c:383:9: warning: unused variable 'x' [-Wunused-variable]
     int x;
         ^
arm-none-eabi-ar.exe -rs .\CortexM0\ARM_GCC_541\Debug\camera.a .\CortexM0\ARM_GCC_541\Debug\IDAC_1.o .\CortexM0\ARM_GCC_541\Debug\IDAC_1_PM.o .\CortexM0\ARM_GCC_541\Debug\RESIST.o .\CortexM0\ARM_GCC_541\Debug\RESIST_PM.o .\CortexM0\ARM_GCC_541\Debug\Opamp_FACE.o .\CortexM0\ARM_GCC_541\Debug\Opamp_FACE_PM.o .\CortexM0\ARM_GCC_541\Debug\ADC.o .\CortexM0\ARM_GCC_541\Debug\ADC_PM.o .\CortexM0\ARM_GCC_541\Debug\ADC_INT.o .\CortexM0\ARM_GCC_541\Debug\VFB.o .\CortexM0\ARM_GCC_541\Debug\VFB_PM.o .\CortexM0\ARM_GCC_541\Debug\PWM.o .\CortexM0\ARM_GCC_541\Debug\PWM_PM.o .\CortexM0\ARM_GCC_541\Debug\Clock_1.o .\CortexM0\ARM_GCC_541\Debug\TIMER.o .\CortexM0\ARM_GCC_541\Debug\TIMER_PM.o .\CortexM0\ARM_GCC_541\Debug\Clock_2.o .\CortexM0\ARM_GCC_541\Debug\isr_TIMER.o .\CortexM0\ARM_GCC_541\Debug\PWM_CHARGE.o .\CortexM0\ARM_GCC_541\Debug\PWM_CHARGE_PM.o .\CortexM0\ARM_GCC_541\Debug\EN_A.o .\CortexM0\ARM_GCC_541\Debug\EN_A_PM.o .\CortexM0\ARM_GCC_541\Debug\EN_B.o .\CortexM0\ARM_GCC_541\Debug\EN_B_PM.o .\CortexM0\ARM_GCC_541\Debug\VREF_A.o .\CortexM0\ARM_GCC_541\Debug\VREF_A_PM.o .\CortexM0\ARM_GCC_541\Debug\Opamp_1.o .\CortexM0\ARM_GCC_541\Debug\Opamp_1_PM.o .\CortexM0\ARM_GCC_541\Debug\VREF_B.o .\CortexM0\ARM_GCC_541\Debug\VREF_B_PM.o .\CortexM0\ARM_GCC_541\Debug\Opamp_2.o .\CortexM0\ARM_GCC_541\Debug\Opamp_2_PM.o .\CortexM0\ARM_GCC_541\Debug\TRIG_LEFT.o .\CortexM0\ARM_GCC_541\Debug\TRIG_LEFT_PM.o .\CortexM0\ARM_GCC_541\Debug\TRIG_FACE.o .\CortexM0\ARM_GCC_541\Debug\TRIG_FACE_PM.o .\CortexM0\ARM_GCC_541\Debug\TRIG_RIGHT.o .\CortexM0\ARM_GCC_541\Debug\TRIG_RIGHT_PM.o .\CortexM0\ARM_GCC_541\Debug\isr_bbi2c.o .\CortexM0\ARM_GCC_541\Debug\ADC_IRQ.o .\CortexM0\ARM_GCC_541\Debug\ADC_intClock.o .\CortexM0\ARM_GCC_541\Debug\CyFlash.o .\CortexM0\ARM_GCC_541\Debug\CyLib.o .\CortexM0\ARM_GCC_541\Debug\cyPm.o .\CortexM0\ARM_GCC_541\Debug\cyutils.o .\CortexM0\ARM_GCC_541\Debug\CyDMA.o .\CortexM0\ARM_GCC_541\Debug\CyLFClk.o .\CortexM0\ARM_GCC_541\Debug\IDAC_2.o .\CortexM0\ARM_GCC_541\Debug\IDAC_2_PM.o .\CortexM0\ARM_GCC_541\Debug\EN_C.o .\CortexM0\ARM_GCC_541\Debug\EN_C_PM.o .\CortexM0\ARM_GCC_541\Debug\VREF_C.o .\CortexM0\ARM_GCC_541\Debug\VREF_C_PM.o .\CortexM0\ARM_GCC_541\Debug\EZI2C.o .\CortexM0\ARM_GCC_541\Debug\EZI2C_PM.o .\CortexM0\ARM_GCC_541\Debug\EZI2C_BOOT.o .\CortexM0\ARM_GCC_541\Debug\EZI2C_EZI2C.o .\CortexM0\ARM_GCC_541\Debug\EZI2C_EZI2C_INT.o .\CortexM0\ARM_GCC_541\Debug\EZI2C_EZI2C_BOOT.o .\CortexM0\ARM_GCC_541\Debug\EZI2C_SCBCLK.o .\CortexM0\ARM_GCC_541\Debug\EZI2C_sda.o .\CortexM0\ARM_GCC_541\Debug\EZI2C_sda_PM.o .\CortexM0\ARM_GCC_541\Debug\EZI2C_scl.o .\CortexM0\ARM_GCC_541\Debug\EZI2C_scl_PM.o .\CortexM0\ARM_GCC_541\Debug\EZI2C_SCB_IRQ.o .\CortexM0\ARM_GCC_541\Debug\Control_Trig.o .\CortexM0\ARM_GCC_541\Debug\Control_Trig_PM.o .\CortexM0\ARM_GCC_541\Debug\cy_em_eeprom.o .\CortexM0\ARM_GCC_541\Debug\Comp_1.o .\CortexM0\ARM_GCC_541\Debug\Comp_1_PM.o .\CortexM0\ARM_GCC_541\Debug\Pin_1.o .\CortexM0\ARM_GCC_541\Debug\Pin_1_PM.o .\CortexM0\ARM_GCC_541\Debug\Bootloadable_1.o .\CortexM0\ARM_GCC_541\Debug\MAX_I.o .\CortexM0\ARM_GCC_541\Debug\MAX_I_PM.o .\CortexM0\ARM_GCC_541\Debug\IFB.o .\CortexM0\ARM_GCC_541\Debug\IFB_PM.o .\CortexM0\ARM_GCC_541\Debug\CyBootAsmGnu.o
arm-none-eabi-ar.exe: creating .\CortexM0\ARM_GCC_541\Debug\camera.a
arm-none-eabi-gcc.exe -Wl,--start-group -o C:\psoc\chamonix\camera.cydsn\CortexM0\ARM_GCC_541\Debug\camera.elf .\CortexM0\ARM_GCC_541\Debug\main.o .\CortexM0\ARM_GCC_541\Debug\bb_i2c_sl.o .\CortexM0\ARM_GCC_541\Debug\cyfitter_cfg.o .\CortexM0\ARM_GCC_541\Debug\cymetadata.o .\CortexM0\ARM_GCC_541\Debug\Cm0Start.o .\CortexM0\ARM_GCC_541\Debug\cybootloader.o .\CortexM0\ARM_GCC_541\Debug\camera.a -mcpu=cortex-m0 -mthumb -L Generated_Source\PSoC4 -Wl,-Map,.\CortexM0\ARM_GCC_541\Debug/camera.map -T Generated_Source\PSoC4\cm0gcc.ld -specs=nano.specs -Wl,--gc-sections -g -ffunction-sections -O3 -ffat-lto-objects -Wl,--end-group
cyelftool.exe -B C:\psoc\chamonix\camera.cydsn\CortexM0\ARM_GCC_541\Debug\camera.elf --flash_row_size 128 --flash_size 131072 --flash_offset 0x00000000 --flash_array_size 65536
No ELF section .cychecksum found, creating one
Application checksum calculated and stored in ELF section .cychecksum
Checksum calculated and stored in ELF section .cymeta
cyelftool.exe -S C:\psoc\chamonix\camera.cydsn\CortexM0\ARM_GCC_541\Debug\camera.elf
Flash used: 17856 of 131072 bytes (13.6%). Bootloader: 6400 bytes. Application: 11328 bytes. Metadata: 128 bytes.
SRAM used: 2132 of 16384 bytes (13.0%). Stack: 1024 bytes. Heap: 128 bytes.
--------------- Build Succeeded: 12/14/2018 14:51:26 ---------------
