--------------- Clean Started: 02/23/2015 15:05:12 Project: nanoNxt_ICM3, Configuration: ARM GCC 4.8.4 Debug ---------------
Deleting file ".\CortexM3\ARM_GCC_484\Debug\main.o"
Deleting file ".\CortexM3\ARM_GCC_484\Debug\wiegand.o"
Deleting file ".\CortexM3\ARM_GCC_484\Debug\power.o"
Deleting file ".\CortexM3\ARM_GCC_484\Debug\inout.o"
Deleting file ".\CortexM3\ARM_GCC_484\Debug\i2cuart.o"
Deleting file ".\CortexM3\ARM_GCC_484\Debug\soft_uart.o"
Deleting file ".\CortexM3\ARM_GCC_484\Debug\cyfitter_cfg.o"
Deleting file ".\CortexM3\ARM_GCC_484\Debug\cymetadata.o"
Deleting file ".\CortexM3\ARM_GCC_484\Debug\RELAY_B.o"
Deleting file ".\CortexM3\ARM_GCC_484\Debug\LED_0.o"
Deleting file ".\CortexM3\ARM_GCC_484\Debug\SOUND_OUT.o"
Deleting file ".\CortexM3\ARM_GCC_484\Debug\Tamper_Timer_ISR.o"
Deleting file ".\CortexM3\ARM_GCC_484\Debug\PS_D0.o"
Deleting file ".\CortexM3\ARM_GCC_484\Debug\PS_D1.o"
Deleting file ".\CortexM3\ARM_GCC_484\Debug\Pin_WD0.o"
Deleting file ".\CortexM3\ARM_GCC_484\Debug\Pin_WD1.o"
Deleting file ".\CortexM3\ARM_GCC_484\Debug\UART_1.o"
Deleting file ".\CortexM3\ARM_GCC_484\Debug\UART_1_PM.o"
Deleting file ".\CortexM3\ARM_GCC_484\Debug\UART_1_INT.o"
Deleting file ".\CortexM3\ARM_GCC_484\Debug\UART_1_BOOT.o"
Deleting file ".\CortexM3\ARM_GCC_484\Debug\TAMPER_OUT.o"
Deleting file ".\CortexM3\ARM_GCC_484\Debug\LEDG_OUT.o"
Deleting file ".\CortexM3\ARM_GCC_484\Debug\SOUND_IN.o"
Deleting file ".\CortexM3\ARM_GCC_484\Debug\LEDG_IN.o"
Deleting file ".\CortexM3\ARM_GCC_484\Debug\TAMPER_IN.o"
Deleting file ".\CortexM3\ARM_GCC_484\Debug\SW_Rst.o"
Deleting file ".\CortexM3\ARM_GCC_484\Debug\LED_2.o"
Deleting file ".\CortexM3\ARM_GCC_484\Debug\LEDR_IN.o"
Deleting file ".\CortexM3\ARM_GCC_484\Debug\LEDR_OUT.o"
Deleting file ".\CortexM3\ARM_GCC_484\Debug\REED_1.o"
Deleting file ".\CortexM3\ARM_GCC_484\Debug\REED_2.o"
Deleting file ".\CortexM3\ARM_GCC_484\Debug\RELAY_A.o"
Deleting file ".\CortexM3\ARM_GCC_484\Debug\Pin_VRef.o"
Deleting file ".\CortexM3\ARM_GCC_484\Debug\LED_1.o"
Deleting file ".\CortexM3\ARM_GCC_484\Debug\OptSelect.o"
Deleting file ".\CortexM3\ARM_GCC_484\Debug\Tamper_Timer.o"
Deleting file ".\CortexM3\ARM_GCC_484\Debug\Tamper_Timer_PM.o"
Deleting file ".\CortexM3\ARM_GCC_484\Debug\Pin_OSDP.o"
Deleting file ".\CortexM3\ARM_GCC_484\Debug\UART_TIMER.o"
Deleting file ".\CortexM3\ARM_GCC_484\Debug\UART_TIMER_PM.o"
Deleting file ".\CortexM3\ARM_GCC_484\Debug\UART_TIMER_ISR.o"
Deleting file ".\CortexM3\ARM_GCC_484\Debug\Cm3Start.o"
Deleting file ".\CortexM3\ARM_GCC_484\Debug\CyBootAsmGnu.o"
Deleting file ".\CortexM3\ARM_GCC_484\Debug\CyDmac.o"
Deleting file ".\CortexM3\ARM_GCC_484\Debug\CyFlash.o"
Deleting file ".\CortexM3\ARM_GCC_484\Debug\CyLib.o"
Deleting file ".\CortexM3\ARM_GCC_484\Debug\cyPm.o"
Deleting file ".\CortexM3\ARM_GCC_484\Debug\CySpc.o"
Deleting file ".\CortexM3\ARM_GCC_484\Debug\cyutils.o"
Deleting file ".\CortexM3\ARM_GCC_484\Debug\EZI2CPin.o"
Deleting file ".\CortexM3\ARM_GCC_484\Debug\EZI2Cs.o"
Deleting file ".\CortexM3\ARM_GCC_484\Debug\EZI2Cs_PM.o"
Deleting file ".\CortexM3\ARM_GCC_484\Debug\EZI2Cs_INT.o"
Deleting file ".\CortexM3\ARM_GCC_484\Debug\UART_OSDP.o"
Deleting file ".\CortexM3\ARM_GCC_484\Debug\UART_OSDP_PM.o"
Deleting file ".\CortexM3\ARM_GCC_484\Debug\UART_OSDP_INT.o"
Deleting file ".\CortexM3\ARM_GCC_484\Debug\UART_OSDP_BOOT.o"
Deleting file ".\CortexM3\ARM_GCC_484\Debug\timer_clock.o"
Deleting file ".\CortexM3\ARM_GCC_484\Debug\cybootloader.o"
Deleting file ".\CortexM3\ARM_GCC_484\Debug\BootloadableI2C.o"
Deleting file ".\CortexM3\ARM_GCC_484\Debug\Clock_3.o"
Deleting file ".\CortexM3\ARM_GCC_484\Debug\Clock_1.o"
Deleting file ".\CortexM3\ARM_GCC_484\Debug\Timeout_Timer.o"
Deleting file ".\CortexM3\ARM_GCC_484\Debug\Timeout_Timer_PM.o"
Deleting file ".\CortexM3\ARM_GCC_484\Debug\Timeout_Timer_Isr.o"
Deleting file ".\CortexM3\ARM_GCC_484\Debug\Clock_2.o"
Deleting file ".\CortexM3\ARM_GCC_484\Debug\BUS_CLK.o"
Deleting file ".\CortexM3\ARM_GCC_484\Debug\Clock_4.o"
Deleting file ".\CortexM3\ARM_GCC_484\Debug\Clock_5.o"
Deleting file ".\CortexM3\ARM_GCC_484\Debug\isr_F2F_edge.o"
Deleting file ".\CortexM3\ARM_GCC_484\Debug\FilterReg.o"
Deleting file ".\CortexM3\ARM_GCC_484\Debug\nanoNxt_ICM3.hex"
Deleting file ".\CortexM3\ARM_GCC_484\Debug\nanoNxt_ICM3.elf"
Deleting file ".\CortexM3\ARM_GCC_484\Debug\nanoNxt_ICM3.map"
Deleting file ".\CortexM3\ARM_GCC_484\Debug\nanoNxt_ICM3.cyacd"
Deleting file ".\nanoNxt_ICM3.cycdx"
Deleting file ".\nanoNxt_ICM3.svd"
Deleting file ".\nanoNxt_ICM3.rpt"
Deleting file ".\nanoNxt_ICM3_timing.html"
Deleting file ".\CortexM3\ARM_GCC_484\Debug\.deps\C_FILE.P"
Deleting file ".\CortexM3\ARM_GCC_484\Debug\.deps\ARM_C_FILE.P"
Deleting file ".\CortexM3\ARM_GCC_484\Debug\.deps\GNU_ARM_ASM_FILE.P"
--------------- Clean Succeeded: 02/23/2015 15:05:13 ---------------
