ARM GAS  C:\Users\ilya\AppData\Local\Temp\ccISHRhi.s 			page 1


   1              		.syntax unified
   2              		.cpu cortex-m0
   3              		.fpu softvfp
   4              		.eabi_attribute 20, 1
   5              		.eabi_attribute 21, 1
   6              		.eabi_attribute 23, 3
   7              		.eabi_attribute 24, 1
   8              		.eabi_attribute 25, 1
   9              		.eabi_attribute 26, 1
  10              		.eabi_attribute 30, 2
  11              		.eabi_attribute 34, 0
  12              		.eabi_attribute 18, 4
  13              		.thumb
  14              		.syntax unified
  15              		.file	"IDAC_2_PM.c"
  16              		.text
  17              	.Ltext0:
  18              		.cfi_sections	.debug_frame
  19              		.section	.text.IDAC_2_SaveConfig,"ax",%progbits
  20              		.align	2
  21              		.global	IDAC_2_SaveConfig
  22              		.code	16
  23              		.thumb_func
  24              		.type	IDAC_2_SaveConfig, %function
  25              	IDAC_2_SaveConfig:
  26              	.LFB6:
  27              		.cfi_startproc
  28              		@ args = 0, pretend = 0, frame = 0
  29              		@ frame_needed = 0, uses_anonymous_args = 0
  30              		@ link register save eliminated.
  31              		@ sp needed
  32 0000 7047     		bx	lr
  33              		.cfi_endproc
  34              	.LFE6:
  35              		.size	IDAC_2_SaveConfig, .-IDAC_2_SaveConfig
  36 0002 C046     		.section	.text.IDAC_2_Sleep,"ax",%progbits
  37              		.align	2
  38              		.global	IDAC_2_Sleep
  39              		.code	16
  40              		.thumb_func
  41              		.type	IDAC_2_Sleep, %function
  42              	IDAC_2_Sleep:
  43              	.LFB2:
  44              		.file 1 "Generated_Source\\PSoC4\\IDAC_2_PM.c"
   1:Generated_Source\PSoC4/IDAC_2_PM.c **** /*******************************************************************************
   2:Generated_Source\PSoC4/IDAC_2_PM.c **** * File Name: IDAC_2_PM.c
   3:Generated_Source\PSoC4/IDAC_2_PM.c **** * Version 1.10
   4:Generated_Source\PSoC4/IDAC_2_PM.c **** *
   5:Generated_Source\PSoC4/IDAC_2_PM.c **** * Description:
   6:Generated_Source\PSoC4/IDAC_2_PM.c **** *  This file provides Low power mode APIs for IDAC_P4 component.
   7:Generated_Source\PSoC4/IDAC_2_PM.c **** *
   8:Generated_Source\PSoC4/IDAC_2_PM.c **** ********************************************************************************
   9:Generated_Source\PSoC4/IDAC_2_PM.c **** * Copyright 2013-2015, Cypress Semiconductor Corporation.  All rights reserved.
  10:Generated_Source\PSoC4/IDAC_2_PM.c **** * You may use this file only in accordance with the license, terms, conditions,
  11:Generated_Source\PSoC4/IDAC_2_PM.c **** * disclaimers, and limitations in the end user license agreement accompanying
  12:Generated_Source\PSoC4/IDAC_2_PM.c **** * the software package with which this file was provided.
  13:Generated_Source\PSoC4/IDAC_2_PM.c **** *******************************************************************************/
ARM GAS  C:\Users\ilya\AppData\Local\Temp\ccISHRhi.s 			page 2


  14:Generated_Source\PSoC4/IDAC_2_PM.c **** 
  15:Generated_Source\PSoC4/IDAC_2_PM.c **** #include "IDAC_2.h"
  16:Generated_Source\PSoC4/IDAC_2_PM.c **** 
  17:Generated_Source\PSoC4/IDAC_2_PM.c **** 
  18:Generated_Source\PSoC4/IDAC_2_PM.c **** static IDAC_2_BACKUP_STRUCT IDAC_2_backup;
  19:Generated_Source\PSoC4/IDAC_2_PM.c **** 
  20:Generated_Source\PSoC4/IDAC_2_PM.c **** 
  21:Generated_Source\PSoC4/IDAC_2_PM.c **** /*******************************************************************************
  22:Generated_Source\PSoC4/IDAC_2_PM.c **** * Function Name: IDAC_2_SaveConfig
  23:Generated_Source\PSoC4/IDAC_2_PM.c **** ********************************************************************************
  24:Generated_Source\PSoC4/IDAC_2_PM.c **** *
  25:Generated_Source\PSoC4/IDAC_2_PM.c **** * Summary:
  26:Generated_Source\PSoC4/IDAC_2_PM.c **** *  Saves component state before sleep
  27:Generated_Source\PSoC4/IDAC_2_PM.c **** * Parameters:
  28:Generated_Source\PSoC4/IDAC_2_PM.c **** *  None
  29:Generated_Source\PSoC4/IDAC_2_PM.c **** *
  30:Generated_Source\PSoC4/IDAC_2_PM.c **** * Return:
  31:Generated_Source\PSoC4/IDAC_2_PM.c **** *  None
  32:Generated_Source\PSoC4/IDAC_2_PM.c **** *
  33:Generated_Source\PSoC4/IDAC_2_PM.c **** * Global Variables:
  34:Generated_Source\PSoC4/IDAC_2_PM.c **** *  None
  35:Generated_Source\PSoC4/IDAC_2_PM.c **** *
  36:Generated_Source\PSoC4/IDAC_2_PM.c **** *******************************************************************************/
  37:Generated_Source\PSoC4/IDAC_2_PM.c **** void IDAC_2_SaveConfig(void)
  38:Generated_Source\PSoC4/IDAC_2_PM.c **** {
  39:Generated_Source\PSoC4/IDAC_2_PM.c ****     /* All registers are retention - nothing to save */
  40:Generated_Source\PSoC4/IDAC_2_PM.c **** }
  41:Generated_Source\PSoC4/IDAC_2_PM.c **** 
  42:Generated_Source\PSoC4/IDAC_2_PM.c **** 
  43:Generated_Source\PSoC4/IDAC_2_PM.c **** /*******************************************************************************
  44:Generated_Source\PSoC4/IDAC_2_PM.c **** * Function Name: IDAC_2_Sleep
  45:Generated_Source\PSoC4/IDAC_2_PM.c **** ********************************************************************************
  46:Generated_Source\PSoC4/IDAC_2_PM.c **** *
  47:Generated_Source\PSoC4/IDAC_2_PM.c **** * Summary:
  48:Generated_Source\PSoC4/IDAC_2_PM.c **** *  Calls _SaveConfig() function
  49:Generated_Source\PSoC4/IDAC_2_PM.c **** * Parameters:
  50:Generated_Source\PSoC4/IDAC_2_PM.c **** *  None
  51:Generated_Source\PSoC4/IDAC_2_PM.c **** *
  52:Generated_Source\PSoC4/IDAC_2_PM.c **** * Return:
  53:Generated_Source\PSoC4/IDAC_2_PM.c **** *  None
  54:Generated_Source\PSoC4/IDAC_2_PM.c **** *
  55:Generated_Source\PSoC4/IDAC_2_PM.c **** *******************************************************************************/
  56:Generated_Source\PSoC4/IDAC_2_PM.c **** void IDAC_2_Sleep(void)
  57:Generated_Source\PSoC4/IDAC_2_PM.c **** {
  45              		.loc 1 57 0
  46              		.cfi_startproc
  47              		@ args = 0, pretend = 0, frame = 0
  48              		@ frame_needed = 0, uses_anonymous_args = 0
  58:Generated_Source\PSoC4/IDAC_2_PM.c ****         if(0u != (IDAC_2_IDAC_CONTROL_REG & ((uint32)IDAC_2_IDAC_MODE_MASK <<
  49              		.loc 1 58 0
  50 0000 064B     		ldr	r3, .L3
  57:Generated_Source\PSoC4/IDAC_2_PM.c ****         if(0u != (IDAC_2_IDAC_CONTROL_REG & ((uint32)IDAC_2_IDAC_MODE_MASK <<
  51              		.loc 1 57 0
  52 0002 10B5     		push	{r4, lr}
  53              		.cfi_def_cfa_offset 8
  54              		.cfi_offset 4, -8
  55              		.cfi_offset 14, -4
ARM GAS  C:\Users\ilya\AppData\Local\Temp\ccISHRhi.s 			page 3


  56              		.loc 1 58 0
  57 0004 1A68     		ldr	r2, [r3]
  58 0006 C023     		movs	r3, #192
  59 0008 9B00     		lsls	r3, r3, #2
  60 000a 1340     		ands	r3, r2
  61 000c 5A1E     		subs	r2, r3, #1
  62 000e 9341     		sbcs	r3, r3, r2
  63 0010 034A     		ldr	r2, .L3+4
  59:Generated_Source\PSoC4/IDAC_2_PM.c ****         IDAC_2_IDAC_MODE_POSITION)))
  60:Generated_Source\PSoC4/IDAC_2_PM.c ****         {
  61:Generated_Source\PSoC4/IDAC_2_PM.c ****             IDAC_2_backup.enableState = 1u;
  62:Generated_Source\PSoC4/IDAC_2_PM.c ****         }
  63:Generated_Source\PSoC4/IDAC_2_PM.c ****         else
  64:Generated_Source\PSoC4/IDAC_2_PM.c ****         {
  65:Generated_Source\PSoC4/IDAC_2_PM.c ****             IDAC_2_backup.enableState = 0u;
  66:Generated_Source\PSoC4/IDAC_2_PM.c ****         }
  67:Generated_Source\PSoC4/IDAC_2_PM.c **** 
  68:Generated_Source\PSoC4/IDAC_2_PM.c ****     IDAC_2_Stop();
  69:Generated_Source\PSoC4/IDAC_2_PM.c ****     IDAC_2_SaveConfig();
  70:Generated_Source\PSoC4/IDAC_2_PM.c **** }
  64              		.loc 1 70 0
  65              		@ sp needed
  66 0012 1370     		strb	r3, [r2]
  68:Generated_Source\PSoC4/IDAC_2_PM.c ****     IDAC_2_SaveConfig();
  67              		.loc 1 68 0
  68 0014 FFF7FEFF 		bl	IDAC_2_Stop
  69              	.LVL0:
  70              		.loc 1 70 0
  71 0018 10BD     		pop	{r4, pc}
  72              	.L4:
  73 001a C046     		.align	2
  74              	.L3:
  75 001c 08002940 		.word	1076428808
  76 0020 00000000 		.word	.LANCHOR0
  77              		.cfi_endproc
  78              	.LFE2:
  79              		.size	IDAC_2_Sleep, .-IDAC_2_Sleep
  80              		.section	.text.IDAC_2_RestoreConfig,"ax",%progbits
  81              		.align	2
  82              		.global	IDAC_2_RestoreConfig
  83              		.code	16
  84              		.thumb_func
  85              		.type	IDAC_2_RestoreConfig, %function
  86              	IDAC_2_RestoreConfig:
  87              	.LFB3:
  71:Generated_Source\PSoC4/IDAC_2_PM.c **** 
  72:Generated_Source\PSoC4/IDAC_2_PM.c **** 
  73:Generated_Source\PSoC4/IDAC_2_PM.c **** /*******************************************************************************
  74:Generated_Source\PSoC4/IDAC_2_PM.c **** * Function Name: IDAC_2_RestoreConfig
  75:Generated_Source\PSoC4/IDAC_2_PM.c **** ********************************************************************************
  76:Generated_Source\PSoC4/IDAC_2_PM.c **** *
  77:Generated_Source\PSoC4/IDAC_2_PM.c **** * Summary:
  78:Generated_Source\PSoC4/IDAC_2_PM.c **** *  Restores component state after wakeup
  79:Generated_Source\PSoC4/IDAC_2_PM.c **** * Parameters:
  80:Generated_Source\PSoC4/IDAC_2_PM.c **** *  None
  81:Generated_Source\PSoC4/IDAC_2_PM.c **** *
  82:Generated_Source\PSoC4/IDAC_2_PM.c **** * Return:
ARM GAS  C:\Users\ilya\AppData\Local\Temp\ccISHRhi.s 			page 4


  83:Generated_Source\PSoC4/IDAC_2_PM.c **** *  None
  84:Generated_Source\PSoC4/IDAC_2_PM.c **** *
  85:Generated_Source\PSoC4/IDAC_2_PM.c **** * Global Variables:
  86:Generated_Source\PSoC4/IDAC_2_PM.c **** *  None
  87:Generated_Source\PSoC4/IDAC_2_PM.c **** *
  88:Generated_Source\PSoC4/IDAC_2_PM.c **** *******************************************************************************/
  89:Generated_Source\PSoC4/IDAC_2_PM.c **** void IDAC_2_RestoreConfig(void)
  90:Generated_Source\PSoC4/IDAC_2_PM.c **** {
  88              		.loc 1 90 0
  89              		.cfi_startproc
  90              		@ args = 0, pretend = 0, frame = 0
  91              		@ frame_needed = 0, uses_anonymous_args = 0
  92              		@ link register save eliminated.
  91:Generated_Source\PSoC4/IDAC_2_PM.c ****     /* All registers are retention - nothing to save */
  92:Generated_Source\PSoC4/IDAC_2_PM.c **** }
  93              		.loc 1 92 0
  94              		@ sp needed
  95 0000 7047     		bx	lr
  96              		.cfi_endproc
  97              	.LFE3:
  98              		.size	IDAC_2_RestoreConfig, .-IDAC_2_RestoreConfig
  99 0002 C046     		.section	.text.IDAC_2_Wakeup,"ax",%progbits
 100              		.align	2
 101              		.global	IDAC_2_Wakeup
 102              		.code	16
 103              		.thumb_func
 104              		.type	IDAC_2_Wakeup, %function
 105              	IDAC_2_Wakeup:
 106              	.LFB4:
  93:Generated_Source\PSoC4/IDAC_2_PM.c **** 
  94:Generated_Source\PSoC4/IDAC_2_PM.c **** 
  95:Generated_Source\PSoC4/IDAC_2_PM.c **** /*******************************************************************************
  96:Generated_Source\PSoC4/IDAC_2_PM.c **** * Function Name: IDAC_2_Wakeup
  97:Generated_Source\PSoC4/IDAC_2_PM.c **** ********************************************************************************
  98:Generated_Source\PSoC4/IDAC_2_PM.c **** *
  99:Generated_Source\PSoC4/IDAC_2_PM.c **** * Summary:
 100:Generated_Source\PSoC4/IDAC_2_PM.c **** *  Calls _RestoreConfig() function
 101:Generated_Source\PSoC4/IDAC_2_PM.c **** * Parameters:
 102:Generated_Source\PSoC4/IDAC_2_PM.c **** *  None
 103:Generated_Source\PSoC4/IDAC_2_PM.c **** *
 104:Generated_Source\PSoC4/IDAC_2_PM.c **** * Return:
 105:Generated_Source\PSoC4/IDAC_2_PM.c **** *  None
 106:Generated_Source\PSoC4/IDAC_2_PM.c **** *
 107:Generated_Source\PSoC4/IDAC_2_PM.c **** *******************************************************************************/
 108:Generated_Source\PSoC4/IDAC_2_PM.c **** void IDAC_2_Wakeup(void)
 109:Generated_Source\PSoC4/IDAC_2_PM.c **** {
 107              		.loc 1 109 0
 108              		.cfi_startproc
 109              		@ args = 0, pretend = 0, frame = 0
 110              		@ frame_needed = 0, uses_anonymous_args = 0
 111 0000 10B5     		push	{r4, lr}
 112              		.cfi_def_cfa_offset 8
 113              		.cfi_offset 4, -8
 114              		.cfi_offset 14, -4
 110:Generated_Source\PSoC4/IDAC_2_PM.c ****     /* Restore IDAC register settings */
 111:Generated_Source\PSoC4/IDAC_2_PM.c ****     IDAC_2_RestoreConfig();
 112:Generated_Source\PSoC4/IDAC_2_PM.c ****     if(IDAC_2_backup.enableState == 1u)
ARM GAS  C:\Users\ilya\AppData\Local\Temp\ccISHRhi.s 			page 5


 115              		.loc 1 112 0
 116 0002 044B     		ldr	r3, .L10
 117 0004 1B78     		ldrb	r3, [r3]
 118 0006 012B     		cmp	r3, #1
 119 0008 00D0     		beq	.L9
 120              	.L6:
 113:Generated_Source\PSoC4/IDAC_2_PM.c ****     {
 114:Generated_Source\PSoC4/IDAC_2_PM.c ****         /* Enable operation */
 115:Generated_Source\PSoC4/IDAC_2_PM.c ****         IDAC_2_Enable();
 116:Generated_Source\PSoC4/IDAC_2_PM.c ****     } /* Do nothing if the component was disabled before */
 117:Generated_Source\PSoC4/IDAC_2_PM.c **** 
 118:Generated_Source\PSoC4/IDAC_2_PM.c **** }
 121              		.loc 1 118 0
 122              		@ sp needed
 123 000a 10BD     		pop	{r4, pc}
 124              	.L9:
 115:Generated_Source\PSoC4/IDAC_2_PM.c ****     } /* Do nothing if the component was disabled before */
 125              		.loc 1 115 0
 126 000c FFF7FEFF 		bl	IDAC_2_Enable
 127              	.LVL1:
 128              		.loc 1 118 0
 129 0010 FBE7     		b	.L6
 130              	.L11:
 131 0012 C046     		.align	2
 132              	.L10:
 133 0014 00000000 		.word	.LANCHOR0
 134              		.cfi_endproc
 135              	.LFE4:
 136              		.size	IDAC_2_Wakeup, .-IDAC_2_Wakeup
 137              		.bss
 138              		.align	2
 139              		.set	.LANCHOR0,. + 0
 140              		.type	IDAC_2_backup, %object
 141              		.size	IDAC_2_backup, 1
 142              	IDAC_2_backup:
 143 0000 00       		.space	1
 144              		.text
 145              	.Letext0:
 146              		.file 2 "Generated_Source\\PSoC4\\cytypes.h"
 147              		.file 3 "Generated_Source\\PSoC4\\IDAC_2.h"
 148              		.section	.debug_info,"",%progbits
 149              	.Ldebug_info0:
 150 0000 58010000 		.4byte	0x158
 151 0004 0400     		.2byte	0x4
 152 0006 00000000 		.4byte	.Ldebug_abbrev0
 153 000a 04       		.byte	0x4
 154 000b 01       		.uleb128 0x1
 155 000c BD000000 		.4byte	.LASF24
 156 0010 0C       		.byte	0xc
 157 0011 C8010000 		.4byte	.LASF25
 158 0015 8D000000 		.4byte	.LASF26
 159 0019 00000000 		.4byte	.Ldebug_ranges0+0
 160 001d 00000000 		.4byte	0
 161 0021 00000000 		.4byte	.Ldebug_line0
 162 0025 02       		.uleb128 0x2
 163 0026 01       		.byte	0x1
 164 0027 06       		.byte	0x6
ARM GAS  C:\Users\ilya\AppData\Local\Temp\ccISHRhi.s 			page 6


 165 0028 0C020000 		.4byte	.LASF0
 166 002c 02       		.uleb128 0x2
 167 002d 01       		.byte	0x1
 168 002e 08       		.byte	0x8
 169 002f 2E000000 		.4byte	.LASF1
 170 0033 02       		.uleb128 0x2
 171 0034 02       		.byte	0x2
 172 0035 05       		.byte	0x5
 173 0036 F4010000 		.4byte	.LASF2
 174 003a 02       		.uleb128 0x2
 175 003b 02       		.byte	0x2
 176 003c 07       		.byte	0x7
 177 003d 76010000 		.4byte	.LASF3
 178 0041 02       		.uleb128 0x2
 179 0042 04       		.byte	0x4
 180 0043 05       		.byte	0x5
 181 0044 4B010000 		.4byte	.LASF4
 182 0048 02       		.uleb128 0x2
 183 0049 04       		.byte	0x4
 184 004a 07       		.byte	0x7
 185 004b 5E000000 		.4byte	.LASF5
 186 004f 02       		.uleb128 0x2
 187 0050 08       		.byte	0x8
 188 0051 05       		.byte	0x5
 189 0052 00000000 		.4byte	.LASF6
 190 0056 02       		.uleb128 0x2
 191 0057 08       		.byte	0x8
 192 0058 07       		.byte	0x7
 193 0059 70000000 		.4byte	.LASF7
 194 005d 03       		.uleb128 0x3
 195 005e 04       		.byte	0x4
 196 005f 05       		.byte	0x5
 197 0060 696E7400 		.ascii	"int\000"
 198 0064 02       		.uleb128 0x2
 199 0065 04       		.byte	0x4
 200 0066 07       		.byte	0x7
 201 0067 21000000 		.4byte	.LASF8
 202 006b 04       		.uleb128 0x4
 203 006c 58000000 		.4byte	.LASF9
 204 0070 02       		.byte	0x2
 205 0071 D201     		.2byte	0x1d2
 206 0073 2C000000 		.4byte	0x2c
 207 0077 04       		.uleb128 0x4
 208 0078 0E000000 		.4byte	.LASF10
 209 007c 02       		.byte	0x2
 210 007d D401     		.2byte	0x1d4
 211 007f 48000000 		.4byte	0x48
 212 0083 02       		.uleb128 0x2
 213 0084 04       		.byte	0x4
 214 0085 04       		.byte	0x4
 215 0086 87000000 		.4byte	.LASF11
 216 008a 02       		.uleb128 0x2
 217 008b 08       		.byte	0x8
 218 008c 04       		.byte	0x4
 219 008d 69010000 		.4byte	.LASF12
 220 0091 02       		.uleb128 0x2
 221 0092 01       		.byte	0x1
ARM GAS  C:\Users\ilya\AppData\Local\Temp\ccISHRhi.s 			page 7


 222 0093 08       		.byte	0x8
 223 0094 B8000000 		.4byte	.LASF13
 224 0098 04       		.uleb128 0x4
 225 0099 70010000 		.4byte	.LASF14
 226 009d 02       		.byte	0x2
 227 009e 7E02     		.2byte	0x27e
 228 00a0 A4000000 		.4byte	0xa4
 229 00a4 05       		.uleb128 0x5
 230 00a5 77000000 		.4byte	0x77
 231 00a9 02       		.uleb128 0x2
 232 00aa 08       		.byte	0x8
 233 00ab 04       		.byte	0x4
 234 00ac 9E010000 		.4byte	.LASF15
 235 00b0 02       		.uleb128 0x2
 236 00b1 04       		.byte	0x4
 237 00b2 07       		.byte	0x7
 238 00b3 EB010000 		.4byte	.LASF16
 239 00b7 06       		.uleb128 0x6
 240 00b8 01       		.byte	0x1
 241 00b9 03       		.byte	0x3
 242 00ba 1D       		.byte	0x1d
 243 00bb CC000000 		.4byte	0xcc
 244 00bf 07       		.uleb128 0x7
 245 00c0 15000000 		.4byte	.LASF27
 246 00c4 03       		.byte	0x3
 247 00c5 1F       		.byte	0x1f
 248 00c6 6B000000 		.4byte	0x6b
 249 00ca 00       		.byte	0
 250 00cb 00       		.byte	0
 251 00cc 08       		.uleb128 0x8
 252 00cd 89010000 		.4byte	.LASF17
 253 00d1 03       		.byte	0x3
 254 00d2 20       		.byte	0x20
 255 00d3 B7000000 		.4byte	0xb7
 256 00d7 09       		.uleb128 0x9
 257 00d8 B6010000 		.4byte	.LASF18
 258 00dc 01       		.byte	0x1
 259 00dd 25       		.byte	0x25
 260 00de 01       		.byte	0x1
 261 00df 09       		.uleb128 0x9
 262 00e0 54010000 		.4byte	.LASF19
 263 00e4 01       		.byte	0x1
 264 00e5 59       		.byte	0x59
 265 00e6 01       		.byte	0x1
 266 00e7 0A       		.uleb128 0xa
 267 00e8 AB000000 		.4byte	.LASF20
 268 00ec 01       		.byte	0x1
 269 00ed 38       		.byte	0x38
 270 00ee 00000000 		.4byte	.LFB2
 271 00f2 24000000 		.4byte	.LFE2-.LFB2
 272 00f6 01       		.uleb128 0x1
 273 00f7 9C       		.byte	0x9c
 274 00f8 06010000 		.4byte	0x106
 275 00fc 0B       		.uleb128 0xb
 276 00fd 18000000 		.4byte	.LVL0
 277 0101 45010000 		.4byte	0x145
 278 0105 00       		.byte	0
ARM GAS  C:\Users\ilya\AppData\Local\Temp\ccISHRhi.s 			page 8


 279 0106 0C       		.uleb128 0xc
 280 0107 DF000000 		.4byte	0xdf
 281 010b 00000000 		.4byte	.LFB3
 282 010f 02000000 		.4byte	.LFE3-.LFB3
 283 0113 01       		.uleb128 0x1
 284 0114 9C       		.byte	0x9c
 285 0115 0A       		.uleb128 0xa
 286 0116 FE010000 		.4byte	.LASF21
 287 011a 01       		.byte	0x1
 288 011b 6C       		.byte	0x6c
 289 011c 00000000 		.4byte	.LFB4
 290 0120 18000000 		.4byte	.LFE4-.LFB4
 291 0124 01       		.uleb128 0x1
 292 0125 9C       		.byte	0x9c
 293 0126 34010000 		.4byte	0x134
 294 012a 0B       		.uleb128 0xb
 295 012b 10000000 		.4byte	.LVL1
 296 012f 50010000 		.4byte	0x150
 297 0133 00       		.byte	0
 298 0134 0D       		.uleb128 0xd
 299 0135 3C000000 		.4byte	.LASF28
 300 0139 01       		.byte	0x1
 301 013a 12       		.byte	0x12
 302 013b CC000000 		.4byte	0xcc
 303 013f 05       		.uleb128 0x5
 304 0140 03       		.byte	0x3
 305 0141 00000000 		.4byte	IDAC_2_backup
 306 0145 0E       		.uleb128 0xe
 307 0146 AA010000 		.4byte	.LASF22
 308 014a AA010000 		.4byte	.LASF22
 309 014e 03       		.byte	0x3
 310 014f 53       		.byte	0x53
 311 0150 0E       		.uleb128 0xe
 312 0151 4A000000 		.4byte	.LASF23
 313 0155 4A000000 		.4byte	.LASF23
 314 0159 03       		.byte	0x3
 315 015a 51       		.byte	0x51
 316 015b 00       		.byte	0
 317              		.section	.debug_abbrev,"",%progbits
 318              	.Ldebug_abbrev0:
 319 0000 01       		.uleb128 0x1
 320 0001 11       		.uleb128 0x11
 321 0002 01       		.byte	0x1
 322 0003 25       		.uleb128 0x25
 323 0004 0E       		.uleb128 0xe
 324 0005 13       		.uleb128 0x13
 325 0006 0B       		.uleb128 0xb
 326 0007 03       		.uleb128 0x3
 327 0008 0E       		.uleb128 0xe
 328 0009 1B       		.uleb128 0x1b
 329 000a 0E       		.uleb128 0xe
 330 000b 55       		.uleb128 0x55
 331 000c 17       		.uleb128 0x17
 332 000d 11       		.uleb128 0x11
 333 000e 01       		.uleb128 0x1
 334 000f 10       		.uleb128 0x10
 335 0010 17       		.uleb128 0x17
ARM GAS  C:\Users\ilya\AppData\Local\Temp\ccISHRhi.s 			page 9


 336 0011 00       		.byte	0
 337 0012 00       		.byte	0
 338 0013 02       		.uleb128 0x2
 339 0014 24       		.uleb128 0x24
 340 0015 00       		.byte	0
 341 0016 0B       		.uleb128 0xb
 342 0017 0B       		.uleb128 0xb
 343 0018 3E       		.uleb128 0x3e
 344 0019 0B       		.uleb128 0xb
 345 001a 03       		.uleb128 0x3
 346 001b 0E       		.uleb128 0xe
 347 001c 00       		.byte	0
 348 001d 00       		.byte	0
 349 001e 03       		.uleb128 0x3
 350 001f 24       		.uleb128 0x24
 351 0020 00       		.byte	0
 352 0021 0B       		.uleb128 0xb
 353 0022 0B       		.uleb128 0xb
 354 0023 3E       		.uleb128 0x3e
 355 0024 0B       		.uleb128 0xb
 356 0025 03       		.uleb128 0x3
 357 0026 08       		.uleb128 0x8
 358 0027 00       		.byte	0
 359 0028 00       		.byte	0
 360 0029 04       		.uleb128 0x4
 361 002a 16       		.uleb128 0x16
 362 002b 00       		.byte	0
 363 002c 03       		.uleb128 0x3
 364 002d 0E       		.uleb128 0xe
 365 002e 3A       		.uleb128 0x3a
 366 002f 0B       		.uleb128 0xb
 367 0030 3B       		.uleb128 0x3b
 368 0031 05       		.uleb128 0x5
 369 0032 49       		.uleb128 0x49
 370 0033 13       		.uleb128 0x13
 371 0034 00       		.byte	0
 372 0035 00       		.byte	0
 373 0036 05       		.uleb128 0x5
 374 0037 35       		.uleb128 0x35
 375 0038 00       		.byte	0
 376 0039 49       		.uleb128 0x49
 377 003a 13       		.uleb128 0x13
 378 003b 00       		.byte	0
 379 003c 00       		.byte	0
 380 003d 06       		.uleb128 0x6
 381 003e 13       		.uleb128 0x13
 382 003f 01       		.byte	0x1
 383 0040 0B       		.uleb128 0xb
 384 0041 0B       		.uleb128 0xb
 385 0042 3A       		.uleb128 0x3a
 386 0043 0B       		.uleb128 0xb
 387 0044 3B       		.uleb128 0x3b
 388 0045 0B       		.uleb128 0xb
 389 0046 01       		.uleb128 0x1
 390 0047 13       		.uleb128 0x13
 391 0048 00       		.byte	0
 392 0049 00       		.byte	0
ARM GAS  C:\Users\ilya\AppData\Local\Temp\ccISHRhi.s 			page 10


 393 004a 07       		.uleb128 0x7
 394 004b 0D       		.uleb128 0xd
 395 004c 00       		.byte	0
 396 004d 03       		.uleb128 0x3
 397 004e 0E       		.uleb128 0xe
 398 004f 3A       		.uleb128 0x3a
 399 0050 0B       		.uleb128 0xb
 400 0051 3B       		.uleb128 0x3b
 401 0052 0B       		.uleb128 0xb
 402 0053 49       		.uleb128 0x49
 403 0054 13       		.uleb128 0x13
 404 0055 38       		.uleb128 0x38
 405 0056 0B       		.uleb128 0xb
 406 0057 00       		.byte	0
 407 0058 00       		.byte	0
 408 0059 08       		.uleb128 0x8
 409 005a 16       		.uleb128 0x16
 410 005b 00       		.byte	0
 411 005c 03       		.uleb128 0x3
 412 005d 0E       		.uleb128 0xe
 413 005e 3A       		.uleb128 0x3a
 414 005f 0B       		.uleb128 0xb
 415 0060 3B       		.uleb128 0x3b
 416 0061 0B       		.uleb128 0xb
 417 0062 49       		.uleb128 0x49
 418 0063 13       		.uleb128 0x13
 419 0064 00       		.byte	0
 420 0065 00       		.byte	0
 421 0066 09       		.uleb128 0x9
 422 0067 2E       		.uleb128 0x2e
 423 0068 00       		.byte	0
 424 0069 3F       		.uleb128 0x3f
 425 006a 19       		.uleb128 0x19
 426 006b 03       		.uleb128 0x3
 427 006c 0E       		.uleb128 0xe
 428 006d 3A       		.uleb128 0x3a
 429 006e 0B       		.uleb128 0xb
 430 006f 3B       		.uleb128 0x3b
 431 0070 0B       		.uleb128 0xb
 432 0071 27       		.uleb128 0x27
 433 0072 19       		.uleb128 0x19
 434 0073 20       		.uleb128 0x20
 435 0074 0B       		.uleb128 0xb
 436 0075 00       		.byte	0
 437 0076 00       		.byte	0
 438 0077 0A       		.uleb128 0xa
 439 0078 2E       		.uleb128 0x2e
 440 0079 01       		.byte	0x1
 441 007a 3F       		.uleb128 0x3f
 442 007b 19       		.uleb128 0x19
 443 007c 03       		.uleb128 0x3
 444 007d 0E       		.uleb128 0xe
 445 007e 3A       		.uleb128 0x3a
 446 007f 0B       		.uleb128 0xb
 447 0080 3B       		.uleb128 0x3b
 448 0081 0B       		.uleb128 0xb
 449 0082 27       		.uleb128 0x27
ARM GAS  C:\Users\ilya\AppData\Local\Temp\ccISHRhi.s 			page 11


 450 0083 19       		.uleb128 0x19
 451 0084 11       		.uleb128 0x11
 452 0085 01       		.uleb128 0x1
 453 0086 12       		.uleb128 0x12
 454 0087 06       		.uleb128 0x6
 455 0088 40       		.uleb128 0x40
 456 0089 18       		.uleb128 0x18
 457 008a 9742     		.uleb128 0x2117
 458 008c 19       		.uleb128 0x19
 459 008d 01       		.uleb128 0x1
 460 008e 13       		.uleb128 0x13
 461 008f 00       		.byte	0
 462 0090 00       		.byte	0
 463 0091 0B       		.uleb128 0xb
 464 0092 898201   		.uleb128 0x4109
 465 0095 00       		.byte	0
 466 0096 11       		.uleb128 0x11
 467 0097 01       		.uleb128 0x1
 468 0098 31       		.uleb128 0x31
 469 0099 13       		.uleb128 0x13
 470 009a 00       		.byte	0
 471 009b 00       		.byte	0
 472 009c 0C       		.uleb128 0xc
 473 009d 2E       		.uleb128 0x2e
 474 009e 00       		.byte	0
 475 009f 31       		.uleb128 0x31
 476 00a0 13       		.uleb128 0x13
 477 00a1 11       		.uleb128 0x11
 478 00a2 01       		.uleb128 0x1
 479 00a3 12       		.uleb128 0x12
 480 00a4 06       		.uleb128 0x6
 481 00a5 40       		.uleb128 0x40
 482 00a6 18       		.uleb128 0x18
 483 00a7 9742     		.uleb128 0x2117
 484 00a9 19       		.uleb128 0x19
 485 00aa 00       		.byte	0
 486 00ab 00       		.byte	0
 487 00ac 0D       		.uleb128 0xd
 488 00ad 34       		.uleb128 0x34
 489 00ae 00       		.byte	0
 490 00af 03       		.uleb128 0x3
 491 00b0 0E       		.uleb128 0xe
 492 00b1 3A       		.uleb128 0x3a
 493 00b2 0B       		.uleb128 0xb
 494 00b3 3B       		.uleb128 0x3b
 495 00b4 0B       		.uleb128 0xb
 496 00b5 49       		.uleb128 0x49
 497 00b6 13       		.uleb128 0x13
 498 00b7 02       		.uleb128 0x2
 499 00b8 18       		.uleb128 0x18
 500 00b9 00       		.byte	0
 501 00ba 00       		.byte	0
 502 00bb 0E       		.uleb128 0xe
 503 00bc 2E       		.uleb128 0x2e
 504 00bd 00       		.byte	0
 505 00be 3F       		.uleb128 0x3f
 506 00bf 19       		.uleb128 0x19
ARM GAS  C:\Users\ilya\AppData\Local\Temp\ccISHRhi.s 			page 12


 507 00c0 3C       		.uleb128 0x3c
 508 00c1 19       		.uleb128 0x19
 509 00c2 6E       		.uleb128 0x6e
 510 00c3 0E       		.uleb128 0xe
 511 00c4 03       		.uleb128 0x3
 512 00c5 0E       		.uleb128 0xe
 513 00c6 3A       		.uleb128 0x3a
 514 00c7 0B       		.uleb128 0xb
 515 00c8 3B       		.uleb128 0x3b
 516 00c9 0B       		.uleb128 0xb
 517 00ca 00       		.byte	0
 518 00cb 00       		.byte	0
 519 00cc 00       		.byte	0
 520              		.section	.debug_aranges,"",%progbits
 521 0000 2C000000 		.4byte	0x2c
 522 0004 0200     		.2byte	0x2
 523 0006 00000000 		.4byte	.Ldebug_info0
 524 000a 04       		.byte	0x4
 525 000b 00       		.byte	0
 526 000c 0000     		.2byte	0
 527 000e 0000     		.2byte	0
 528 0010 00000000 		.4byte	.LFB2
 529 0014 24000000 		.4byte	.LFE2-.LFB2
 530 0018 00000000 		.4byte	.LFB3
 531 001c 02000000 		.4byte	.LFE3-.LFB3
 532 0020 00000000 		.4byte	.LFB4
 533 0024 18000000 		.4byte	.LFE4-.LFB4
 534 0028 00000000 		.4byte	0
 535 002c 00000000 		.4byte	0
 536              		.section	.debug_ranges,"",%progbits
 537              	.Ldebug_ranges0:
 538 0000 00000000 		.4byte	.LFB2
 539 0004 24000000 		.4byte	.LFE2
 540 0008 00000000 		.4byte	.LFB3
 541 000c 02000000 		.4byte	.LFE3
 542 0010 00000000 		.4byte	.LFB4
 543 0014 18000000 		.4byte	.LFE4
 544 0018 00000000 		.4byte	0
 545 001c 00000000 		.4byte	0
 546              		.section	.debug_line,"",%progbits
 547              	.Ldebug_line0:
 548 0000 94000000 		.section	.debug_str,"MS",%progbits,1
 548      02005200 
 548      00000201 
 548      FB0E0D00 
 548      01010101 
 549              	.LASF6:
 550 0000 6C6F6E67 		.ascii	"long long int\000"
 550      206C6F6E 
 550      6720696E 
 550      7400
 551              	.LASF10:
 552 000e 75696E74 		.ascii	"uint32\000"
 552      333200
 553              	.LASF27:
 554 0015 656E6162 		.ascii	"enableState\000"
 554      6C655374 
ARM GAS  C:\Users\ilya\AppData\Local\Temp\ccISHRhi.s 			page 13


 554      61746500 
 555              	.LASF8:
 556 0021 756E7369 		.ascii	"unsigned int\000"
 556      676E6564 
 556      20696E74 
 556      00
 557              	.LASF1:
 558 002e 756E7369 		.ascii	"unsigned char\000"
 558      676E6564 
 558      20636861 
 558      7200
 559              	.LASF28:
 560 003c 49444143 		.ascii	"IDAC_2_backup\000"
 560      5F325F62 
 560      61636B75 
 560      7000
 561              	.LASF23:
 562 004a 49444143 		.ascii	"IDAC_2_Enable\000"
 562      5F325F45 
 562      6E61626C 
 562      6500
 563              	.LASF9:
 564 0058 75696E74 		.ascii	"uint8\000"
 564      3800
 565              	.LASF5:
 566 005e 6C6F6E67 		.ascii	"long unsigned int\000"
 566      20756E73 
 566      69676E65 
 566      6420696E 
 566      7400
 567              	.LASF7:
 568 0070 6C6F6E67 		.ascii	"long long unsigned int\000"
 568      206C6F6E 
 568      6720756E 
 568      7369676E 
 568      65642069 
 569              	.LASF11:
 570 0087 666C6F61 		.ascii	"float\000"
 570      7400
 571              	.LASF26:
 572 008d 433A5C70 		.ascii	"C:\\psoc\\chamonix\\camera.cydsn\000"
 572      736F635C 
 572      6368616D 
 572      6F6E6978 
 572      5C63616D 
 573              	.LASF20:
 574 00ab 49444143 		.ascii	"IDAC_2_Sleep\000"
 574      5F325F53 
 574      6C656570 
 574      00
 575              	.LASF13:
 576 00b8 63686172 		.ascii	"char\000"
 576      00
 577              	.LASF24:
 578 00bd 474E5520 		.ascii	"GNU C11 5.4.1 20160609 (release) [ARM/embedded-5-br"
 578      43313120 
 578      352E342E 
ARM GAS  C:\Users\ilya\AppData\Local\Temp\ccISHRhi.s 			page 14


 578      31203230 
 578      31363036 
 579 00f0 616E6368 		.ascii	"anch revision 237715] -mcpu=cortex-m0 -mthumb -g -O"
 579      20726576 
 579      6973696F 
 579      6E203233 
 579      37373135 
 580 0123 33202D66 		.ascii	"3 -ffunction-sections -ffat-lto-objects\000"
 580      66756E63 
 580      74696F6E 
 580      2D736563 
 580      74696F6E 
 581              	.LASF4:
 582 014b 6C6F6E67 		.ascii	"long int\000"
 582      20696E74 
 582      00
 583              	.LASF19:
 584 0154 49444143 		.ascii	"IDAC_2_RestoreConfig\000"
 584      5F325F52 
 584      6573746F 
 584      7265436F 
 584      6E666967 
 585              	.LASF12:
 586 0169 646F7562 		.ascii	"double\000"
 586      6C6500
 587              	.LASF14:
 588 0170 72656733 		.ascii	"reg32\000"
 588      3200
 589              	.LASF3:
 590 0176 73686F72 		.ascii	"short unsigned int\000"
 590      7420756E 
 590      7369676E 
 590      65642069 
 590      6E7400
 591              	.LASF17:
 592 0189 49444143 		.ascii	"IDAC_2_BACKUP_STRUCT\000"
 592      5F325F42 
 592      41434B55 
 592      505F5354 
 592      52554354 
 593              	.LASF15:
 594 019e 6C6F6E67 		.ascii	"long double\000"
 594      20646F75 
 594      626C6500 
 595              	.LASF22:
 596 01aa 49444143 		.ascii	"IDAC_2_Stop\000"
 596      5F325F53 
 596      746F7000 
 597              	.LASF18:
 598 01b6 49444143 		.ascii	"IDAC_2_SaveConfig\000"
 598      5F325F53 
 598      61766543 
 598      6F6E6669 
 598      6700
 599              	.LASF25:
 600 01c8 47656E65 		.ascii	"Generated_Source\\PSoC4\\IDAC_2_PM.c\000"
 600      72617465 
ARM GAS  C:\Users\ilya\AppData\Local\Temp\ccISHRhi.s 			page 15


 600      645F536F 
 600      75726365 
 600      5C50536F 
 601              	.LASF16:
 602 01eb 73697A65 		.ascii	"sizetype\000"
 602      74797065 
 602      00
 603              	.LASF2:
 604 01f4 73686F72 		.ascii	"short int\000"
 604      7420696E 
 604      7400
 605              	.LASF21:
 606 01fe 49444143 		.ascii	"IDAC_2_Wakeup\000"
 606      5F325F57 
 606      616B6575 
 606      7000
 607              	.LASF0:
 608 020c 7369676E 		.ascii	"signed char\000"
 608      65642063 
 608      68617200 
 609              		.ident	"GCC: (GNU Tools for ARM Embedded Processors) 5.4.1 20160609 (release) [ARM/embedded-5-bran
